2023-09-18 14:35:42.495 | INFO     | sc2.protocol:_execute:72 - Client status changed to Status.in_game (was None)
2023-09-18 14:35:42.496 | INFO     | sc2.main:_play_game:221 - Player 2 - Bot LadderBot(Protoss)
2023-09-18 14:35:42.772 | 00:00    0ms    0M    0G  12/ 15U [Version] 4.10.0.75689
2023-09-18 14:35:42.773 | 00:00    0ms    0M    0G  12/ 15U [Version] 5.0.6 Balance mod recognized.
2023-09-18 14:35:42.850 | 00:00    0ms    0M    0G  12/ 15U [ZoneManager] Map set to: MapName.Unknown from name: Dragon ScalesAIE and hash: 3095225.
2023-09-18 14:35:43.851 | [DataManager] No BuildDetector found, enemy build data cannot be saved
2023-09-18 14:35:43.854 | 00:00    0ms    0M    0G  12/ 15U [Build] Cannon rush
2023-09-18 14:35:43.878 | [Start] My race: Protoss
2023-09-18 14:35:43.879 | [Start] Opponent race: Terran
2023-09-18 14:35:43.880 | [Start] OpponentId: 1
2023-09-18 14:35:45.215 | 00:12    8ms    5M    0G  13/ 15U [ChronoUnit] Chrono NEXUSTRAIN_PROBE
2023-09-18 14:35:45.645 | 00:16    6ms    5M    0G  13/ 15U [ProtossUnit] PROBE from NEXUS at (76.5, 154.5)
2023-09-18 14:35:46.408 | 00:25    8ms   45M    0G  14/ 15U [ProtossUnit] PROBE from NEXUS at (76.5, 154.5)
2023-09-18 14:35:47.767 | 00:38   72ms    5M    0G  15/ 23U [ProtossUnit] PROBE from NEXUS at (76.5, 154.5)
2023-09-18 14:35:50.324 | 00:51   58ms   15M    0G  16/ 23U [ProtossUnit] PROBE from NEXUS at (76.5, 154.5)
2023-09-18 14:35:52.960 | 01:03   59ms   30M    0G  17/ 23U [ProtossUnit] PROBE from NEXUS at (76.5, 154.5)
2023-09-18 14:35:53.064 | 01:04   65ms   30M    0G  18/ 23U [ChronoUnit] Chrono NEXUSTRAIN_PROBE
2023-09-18 14:35:57.735 | 01:27   59ms  330M    0G  17/ 39U [ProtossUnit] PROBE from NEXUS at (76.5, 154.5)
2023-09-18 14:36:05.610 | 02:01   75ms  710M    0G  18/ 39U [Expand] Expanding to (105.5, 159.5)
2023-09-18 14:36:07.300 | 02:08   59ms  415M    0G  18/ 39U [GameAnalyzer] Known army advantage is now SlightDisadvantage
2023-09-18 14:36:07.305 | 02:08   59ms  415M    0G  18/ 39U [GameAnalyzer] Predicted army advantage is now SlightDisadvantage
2023-09-18 14:36:07.531 | 02:09   62ms  370M    0G  17/ 39U [ProtossUnit] PROBE from NEXUS at (76.5, 154.5)
2023-09-18 14:36:07.598 | 02:09   69ms  375M    0G  18/ 39U [GameAnalyzer] Income advantage is now SmallAdvantage
2023-09-18 14:36:07.604 | 02:09   69ms  375M    0G  18/ 39U [ChronoUnit] Chrono NEXUSTRAIN_PROBE
2023-09-18 14:36:14.240 | 02:36   58ms  585M    0G  17/ 39U [ProtossUnit] PROBE from NEXUS at (76.5, 154.5)
2023-09-18 14:36:14.247 | 02:36   58ms  360M    0G  17/ 39U [BuildGas] Building ASSIMILATOR to (69.5, 151.5)
2023-09-18 14:36:14.248 | 02:36   58ms  285M    0G  17/ 39U [BuildGas] Building ASSIMILATOR to (69.5, 151.5)
2023-09-18 14:36:14.358 | 02:36   78ms  285M    0G  18/ 39U [GameAnalyzer] Income advantage is now SlightAdvantage
2023-09-18 14:36:14.738 | 02:38   59ms  380M    0G  18/ 39U [GameAnalyzer] Income advantage is now SmallAdvantage
2023-09-18 14:36:14.744 | 02:38   59ms  305M    0G  18/ 39U [BuildGas] Building ASSIMILATOR to (80.5, 161.5)
2023-09-18 14:36:14.745 | 02:38   59ms  230M    0G  18/ 39U [BuildGas] Building ASSIMILATOR to (80.5, 161.5)
2023-09-18 14:36:14.827 | 02:38   78ms  235M    0G  18/ 39U [GameAnalyzer] Income advantage is now SlightAdvantage
2023-09-18 14:36:15.936 | 02:42   61ms  365M    0G  18/ 39U [GameAnalyzer] Income advantage is now SmallAdvantage
2023-09-18 14:36:17.815 | 02:46   24ms  415M    0G  18/ 31U [GameAnalyzer] Known army advantage is now SmallDisadvantage
2023-09-18 14:36:17.817 | 02:46   24ms  415M    0G  18/ 31U [GameAnalyzer] Predicted army advantage is now SmallDisadvantage
2023-09-18 14:36:18.464 | 02:48   29ms  400M    0G  18/ 31U [ProtossUnit] PROBE from NEXUS at (76.5, 154.5)
2023-09-18 14:36:21.691 | 03:01   70ms  550M    0G  19/ 31U [ProtossUnit] PROBE from NEXUS at (76.5, 154.5)
2023-09-18 14:36:25.003 | 03:13   60ms  565M   40G  20/ 23U [ProtossUnit] PROBE from NEXUS at (76.5, 154.5)
2023-09-18 14:36:25.865 | 03:17   62ms  485M    6G  21/ 23U [ProtossUnit] STALKER from GATEWAY at (93.5, 145.5)
2023-09-18 14:36:26.881 | 03:21   76ms  475M   22G  23/ 38U [ProtossUnit] PROBE from NEXUS at (105.5, 159.5)
2023-09-18 14:36:26.887 | 03:21   76ms  400M   22G  23/ 38U [BuildGas] Building ASSIMILATOR to (112.5, 162.5)
2023-09-18 14:36:28.230 | 03:26   21ms  410M   42G  24/ 38U [ProtossUnit] PROBE from NEXUS at (76.5, 154.5)
2023-09-18 14:36:28.844 | 03:28   70ms  320M    4G  25/ 46U [ProtossUnit] STALKER from GATEWAY at (85.5, 139.5)
2023-09-18 14:36:30.249 | 03:33   78ms  320M   24G  27/ 46U [ProtossUnit] PROBE from NEXUS at (105.5, 159.5)
2023-09-18 14:36:31.559 | 03:38   63ms  320M   52G  28/ 46U [ProtossUnit] PROBE from NEXUS at (76.5, 154.5)
2023-09-18 14:36:34.317 | 03:46   79ms  400M   92G  29/ 46U [ProtossUnit] PROBE from NEXUS at (105.5, 159.5)
2023-09-18 14:36:34.555 | 03:47   70ms  420M  100G  30/ 46U [Tech] Started WARPGATERESEARCH
2023-09-18 14:36:34.687 | 03:47   66ms  375M   50G  30/ 46U [ChronoAnyTech] Chrono RESEARCH_WARPGATE
2023-09-18 14:36:34.691 | 03:47   66ms  250M    0G  30/ 46U [ProtossUnit] STALKER from GATEWAY at (93.5, 145.5)
2023-09-18 14:36:35.692 | 03:51   67ms  245M   24G  32/ 46U [ProtossUnit] PROBE from NEXUS at (76.5, 154.5)
2023-09-18 14:36:37.232 | 03:58   21ms  365M   60G  33/ 46U [GameAnalyzer] Income advantage is now ClearAdvantage
2023-09-18 14:36:37.236 | 03:58   21ms  315M   60G  33/ 46U [ProtossUnit] PROBE from NEXUS at (105.5, 159.5)
2023-09-18 14:36:37.237 | 03:58   21ms  190M   10G  33/ 46U [ProtossUnit] STALKER from GATEWAY at (85.5, 139.5)
2023-09-18 14:36:38.737 | 04:03   65ms  220M   42G  36/ 46U [ProtossUnit] PROBE from NEXUS at (76.5, 154.5)
2023-09-18 14:36:39.897 | 04:07   78ms  275M   70G  37/ 46U [ChronoAnyTech] Chrono RESEARCH_WARPGATE
2023-09-18 14:36:40.944 | 04:11   84ms  305M   94G  37/ 46U [ProtossUnit] PROBE from NEXUS at (105.5, 159.5)
2023-09-18 14:36:41.090 | 04:11   67ms  310M  102G  38/ 46U [Tech] Started PROTOSSGROUNDWEAPONSLEVEL1
2023-09-18 14:36:41.767 | 04:14   83ms  250M   18G  38/ 46U [ChronoAnyTech] Chrono RESEARCH_PROTOSSGROUNDWEAPONS
2023-09-18 14:36:42.455 | 04:16   63ms  250M   34G  38/ 46U [ActUnit] PROBE from NEXUS at (76.5, 154.5)
2023-09-18 14:36:42.999 | 04:18   61ms  170M   46G  39/ 46U [GameAnalyzer] Known army advantage is now SlightDisadvantage
2023-09-18 14:36:43.006 | 04:18   61ms  170M   46G  39/ 46U [GameAnalyzer] Predicted army advantage is now SlightDisadvantage
2023-09-18 14:36:43.305 | 04:18   66ms   65M    0G  39/ 46U [ProtossUnit] STALKER from GATEWAY at (93.5, 145.5)
2023-09-18 14:36:44.813 | 04:23   76ms   95M   36G  41/ 46U [ActUnit] PROBE from NEXUS at (105.5, 159.5)
2023-09-18 14:36:45.934 | 04:27   19ms  175M   68G  42/ 46U [ChronoAnyTech] Chrono RESEARCH_WARPGATE
2023-09-18 14:36:46.165 | 04:28   18ms  140M   68G  42/ 46U [ActUnit] PROBE from NEXUS at (76.5, 154.5)
2023-09-18 14:36:46.244 | 04:29   75ms  145M   80G  43/ 46U [GameAnalyzer] Known army advantage is now SlightAdvantage
2023-09-18 14:36:46.245 | 04:29   75ms  145M   80G  43/ 46U [GameAnalyzer] Predicted army advantage is now SlightAdvantage
2023-09-18 14:36:46.248 | 04:29   75ms   20M   30G  43/ 46U [ProtossUnit] STALKER from GATEWAY at (85.5, 139.5)
2023-09-18 14:36:48.352 | 04:36   18ms  115M   86G  45/ 46U [ActUnit] PROBE from NEXUS at (105.5, 159.5)
2023-09-18 14:36:48.810 | 04:38   15ms  165M  102G  46/ 54U [GameAnalyzer] Known army advantage is now SlightDisadvantage
2023-09-18 14:36:48.811 | 04:38   15ms  165M  102G  46/ 54U [GameAnalyzer] Predicted army advantage is now SlightDisadvantage
2023-09-18 14:36:48.923 | 04:39   21ms   35M    2G  46/ 54U [GameAnalyzer] Known army advantage is now SmallDisadvantage
2023-09-18 14:36:48.924 | 04:39   21ms   35M    2G  46/ 54U [GameAnalyzer] Predicted army advantage is now SmallDisadvantage
2023-09-18 14:36:49.396 | 04:41   16ms   20M   26G  46/ 54U [ActUnit] PROBE from NEXUS at (76.5, 154.5)
2023-09-18 14:36:50.458 | 04:42   18ms   45M   34G  45/ 54U [GameAnalyzer] Known army advantage is now ClearDisadvantage
2023-09-18 14:36:50.459 | 04:42   18ms   45M   34G  45/ 54U [GameAnalyzer] Predicted army advantage is now ClearDisadvantage
2023-09-18 14:36:50.833 | 04:43   17ms   85M   46G  45/ 54U [GameAnalyzer] Known army advantage is now SmallDisadvantage
2023-09-18 14:36:50.834 | 04:43   17ms   85M   46G  45/ 54U [GameAnalyzer] Predicted army advantage is now SmallDisadvantage
2023-09-18 14:36:52.175 | 04:48   85ms    0M   86G  45/ 54U [ActUnit] PROBE from NEXUS at (105.5, 159.5)
2023-09-18 14:36:52.335 | 04:49   67ms    0M   86G  46/ 54U [GameAnalyzer] Known army advantage is now Even
2023-09-18 14:36:52.336 | 04:49   67ms    0M   86G  46/ 54U [GameAnalyzer] Predicted army advantage is now Even
2023-09-18 14:36:53.652 | 04:53   74ms   55M  122G  46/ 54U [ActUnit] PROBE from NEXUS at (76.5, 154.5)
2023-09-18 14:36:55.415 | 04:59   81ms   75M  170G  47/ 54U [GameAnalyzer] Known army advantage is now SlightAdvantage
2023-09-18 14:36:55.416 | 04:59   81ms   75M  170G  47/ 54U [GameAnalyzer] Predicted army advantage is now SlightAdvantage
2023-09-18 14:36:55.424 | 04:59   81ms   75M  170G  47/ 54U [PlanZoneAttack] Power 8.31 is larger than required attack power 6.00 -> attack!
2023-09-18 14:36:55.425 | 04:59   81ms   75M  170G  47/ 54U [PlanZoneAttack] Attack started at 8.31 power.
2023-09-18 14:36:55.567 | 05:00   70ms   90M  178G  47/ 54U [GameAnalyzer] Known army advantage is now SmallAdvantage
2023-09-18 14:36:55.568 | 05:00   70ms   90M  178G  47/ 54U [GameAnalyzer] Predicted army advantage is now SmallAdvantage
2023-09-18 14:36:55.967 | 05:01   85ms   70M  190G  47/ 54U [ActUnit] PROBE from NEXUS at (105.5, 159.5)
2023-09-18 14:36:57.480 | 05:06   28ms   10M  180G  50/ 54U [ActUnit] PROBE from NEXUS at (76.5, 154.5)
2023-09-18 14:36:58.196 | 05:08   92ms   60M  192G  51/ 54U [GameAnalyzer] Known army advantage is now ClearAdvantage
2023-09-18 14:36:58.197 | 05:08   92ms   60M  192G  51/ 54U [GameAnalyzer] Predicted army advantage is now ClearAdvantage
2023-09-18 14:36:59.973 | 05:13   83ms   25M  190G  53/ 54U [ActUnit] PROBE from NEXUS at (105.5, 159.5)
2023-09-18 14:37:01.360 | 05:17   71ms  135M  222G  54/ 54U [ChronoAnyTech] Chrono RESEARCH_PROTOSSGROUNDWEAPONS
2023-09-18 14:37:01.882 | 05:18   73ms  155M  226G  54/ 54U [Tech] Started BLINKTECH
2023-09-18 14:37:02.414 | 05:20   27ms    5M   96G  54/ 62U [ActUnit] PROBE from NEXUS at (76.5, 154.5)
2023-09-18 14:37:04.289 | 05:26   92ms   10M  144G  55/ 62U [ActUnit] PROBE from NEXUS at (105.5, 159.5)
2023-09-18 14:37:05.130 | 05:28   67ms   70M  160G  56/ 62U [ChronoAnyTech] Chrono RESEARCH_BLINK
2023-09-18 14:37:06.646 | 05:33   81ms   25M  146G  58/ 62U [ActUnit] PROBE from NEXUS at (76.5, 154.5)
2023-09-18 14:37:08.517 | 05:38   88ms    5M  144G  61/ 62U [ActUnit] PROBE from NEXUS at (105.5, 159.5)
2023-09-18 14:37:10.355 | 05:42   19ms   25M  176G  62/ 62U [GameAnalyzer] Known army advantage is now SmallAdvantage
2023-09-18 14:37:10.357 | 05:42   19ms   25M  176G  62/ 62U [GameAnalyzer] Predicted army advantage is now SmallAdvantage
2023-09-18 14:37:11.836 | 05:48   24ms   25M  216G  62/ 70U [GameAnalyzer] Known army advantage is now ClearAdvantage
2023-09-18 14:37:11.844 | 05:48   24ms   25M  216G  62/ 70U [GameAnalyzer] Predicted army advantage is now ClearAdvantage
2023-09-18 14:37:17.273 | 06:03   91ms   40M  198G  68/ 70U [GameAnalyzer] Known army advantage is now OverwhelmingAdvantage
2023-09-18 14:37:17.274 | 06:03   91ms   40M  198G  68/ 70U [GameAnalyzer] Predicted army advantage is now OverwhelmingAdvantage
2023-09-18 14:37:18.557 | 06:07   91ms  150M  222G  68/ 78U [Tech] Started PROTOSSGROUNDWEAPONSLEVEL2
2023-09-18 14:37:23.213 | 06:21   74ms  140M  138G  70/ 78U [ChronoAnyTech] Chrono RESEARCH_PROTOSSGROUNDWEAPONS
2023-09-18 14:37:26.301 | 06:31   26ms   80M  126G  74/ 86U [ChronoAnyTech] Chrono RESEARCH_BLINK
2023-09-18 14:37:28.526 | 06:40   72ms   25M  198G  74/ 86U [BuildGas] Building ASSIMILATOR to (109.5, 166.5)
2023-09-18 14:37:30.520 | 06:44   38ms    0M  180G  76/ 86U [BuildGas] Building ASSIMILATOR to (109.5, 166.5)
2023-09-18 14:37:31.275 | 06:47   23ms   90M  196G  76/ 86U [GameAnalyzer] Predicted army advantage is now SmallAdvantage
2023-09-18 14:37:32.808 | 06:52   29ms  130M  194G  78/ 86U [GameAnalyzer] Predicted army advantage is now ClearAdvantage
2023-09-18 14:37:34.297 | 06:57   29ms   25M  138G  82/ 94U [EnemyArmyPredicter] Predicting negative free minerals for enemy: -3890
2023-09-18 14:37:34.299 | 06:57   29ms   25M  138G  82/ 94U [GameAnalyzer] Predicted army advantage is now OverwhelmingAdvantage
2023-09-18 14:37:35.781 | 07:03   27ms   85M  178G  82/ 94U [EnemyArmyPredicter] Predicting negative free minerals for enemy: -4230
2023-09-18 14:37:37.255 | 07:08   28ms  125M  176G  84/ 94U [EnemyArmyPredicter] Predicting negative free minerals for enemy: -4516
2023-09-18 14:37:38.742 | 07:13   30ms   20M  120G  88/ 94U [EnemyArmyPredicter] Predicting negative free minerals for enemy: -5376
2023-09-18 14:37:40.368 | 07:19   29ms   85M  164G  88/ 94U [EnemyArmyPredicter] Predicting negative free minerals for enemy: -5462
2023-09-18 14:37:41.954 | 07:24   30ms  110M  174G  90/102U [EnemyArmyPredicter] Predicting negative free minerals for enemy: -5598
2023-09-18 14:37:41.956 | 07:24   30ms  110M  174G  90/102U [ChronoAnyTech] Chrono RESEARCH_PROTOSSGROUNDWEAPONS
2023-09-18 14:37:43.423 | 07:30   30ms   40M  176G  92/102U [EnemyArmyPredicter] Predicting negative free minerals for enemy: -5534
2023-09-18 14:37:45.014 | 07:35   31ms   65M  186G  94/102U [EnemyArmyPredicter] Predicting negative free minerals for enemy: -5819
2023-09-18 14:37:46.696 | 07:40   32ms  100M  196G  96/110U [EnemyArmyPredicter] Predicting negative free minerals for enemy: -6280
2023-09-18 14:37:48.131 | 07:44   33ms   80M  186G  98/110U [ChronoAnyTech] Chrono RESEARCH_PROTOSSGROUNDWEAPONS
2023-09-18 14:37:49.388 | 07:46   30ms  125M  202G  98/110U [EnemyArmyPredicter] Predicting negative free minerals for enemy: -6466
2023-09-18 14:37:50.948 | 07:51   29ms   35M  212G 100/118U [EnemyArmyPredicter] Predicting negative free minerals for enemy: -7030
2023-09-18 14:37:50.950 | 07:51   29ms   35M  212G 100/118U [GameAnalyzer] Income advantage is now OverwhelmingAdvantage
2023-09-18 14:37:52.520 | 07:56   30ms   50M  222G 102/118U [EnemyArmyPredicter] Predicting negative free minerals for enemy: -7115
2023-09-18 14:37:52.799 | 07:57   33ms   85M  226G 102/118U [GameAnalyzer] Income advantage is now ClearAdvantage
2023-09-18 14:37:54.111 | 08:02   32ms   80M  228G 104/118U [EnemyArmyPredicter] Predicting negative free minerals for enemy: -7395
2023-09-18 14:37:54.245 | 08:02   39ms  100M  236G 104/118U [GameAnalyzer] Income advantage is now OverwhelmingAdvantage
2023-09-18 14:37:55.649 | 08:07   31ms  115M  238G 106/118U [EnemyArmyPredicter] Predicting negative free minerals for enemy: -6415
2023-09-18 14:37:57.164 | 08:12   31ms   40M  248G 108/126U [EnemyArmyPredicter] Predicting negative free minerals for enemy: -6451
2023-09-18 14:37:58.854 | 08:18   80ms  180M  300G 108/126U [EnemyArmyPredicter] Predicting negative free minerals for enemy: -6886
2023-09-18 14:37:59.106 | 08:19   30ms  215M  312G 108/126U [Tech] Started PROTOSSGROUNDWEAPONSLEVEL3
2023-09-18 14:38:00.324 | 08:23   29ms  125M  160G 108/126U [EnemyArmyPredicter] Predicting negative free minerals for enemy: -7335
2023-09-18 14:38:01.575 | 08:28   32ms  130M  162G 110/126U [ChronoAnyTech] Chrono RESEARCH_PROTOSSGROUNDWEAPONS
2023-09-18 14:38:01.849 | 08:28   33ms   20M  116G 112/126U [EnemyArmyPredicter] Predicting negative free minerals for enemy: -7560
2023-09-18 14:38:03.574 | 08:34   38ms   45M  126G 114/134U [EnemyArmyPredicter] Predicting negative free minerals for enemy: -7735
2023-09-18 14:38:05.139 | 08:39   51ms   85M  136G 116/134U [EnemyArmyPredicter] Predicting negative free minerals for enemy: -7735
2023-09-18 14:38:07.053 | 08:45   46ms    5M  142G 118/134U [EnemyArmyPredicter] Predicting negative free minerals for enemy: -7985
2023-09-18 14:38:08.238 | 08:48   45ms   90M  182G 118/134U [ChronoAnyTech] Chrono RESEARCH_PROTOSSGROUNDWEAPONS
2023-09-18 14:38:09.042 | 08:50   88ms   30M  152G 120/134U [EnemyArmyPredicter] Predicting negative free minerals for enemy: -8185
2023-09-18 14:38:10.794 | 08:55   80ms   55M  162G 122/134U [EnemyArmyPredicter] Predicting negative free minerals for enemy: -8335
2023-09-18 14:38:12.589 | 09:01   72ms   75M  168G 124/134U [EnemyArmyPredicter] Predicting negative free minerals for enemy: -8435
2023-09-18 14:38:13.054 | 09:02   35ms   10M  180G 124/142U [PlanZoneAttack] Power 76.80 is larger than required attack power 6.00 -> attack!
2023-09-18 14:38:13.055 | 09:02   35ms   10M  180G 124/142U [PlanZoneAttack] Attack started at 76.80 power.
2023-09-18 14:38:14.248 | 09:06   72ms  125M  228G 124/142U [EnemyArmyPredicter] Predicting negative free minerals for enemy: -2278
2023-09-18 14:38:15.608 | 09:11   16ms  135M  238G 126/142U [EnemyArmyPredicter] Predicting negative free minerals for enemy: -8835
2023-09-18 14:38:16.799 | 09:17   64ms   25M  190G 130/142U [EnemyArmyPredicter] Predicting negative free minerals for enemy: -8885
2023-09-18 14:38:17.990 | 09:22   67ms   40M  204G 132/142U [EnemyArmyPredicter] Predicting negative free minerals for enemy: -8935
2023-09-18 14:38:18.298 | 09:23   19ms   85M  216G 132/142U [PlanZoneAttack] Power 84.59 is larger than required attack power 6.00 -> attack!
2023-09-18 14:38:18.299 | 09:23   19ms   85M  216G 132/142U [PlanZoneAttack] Attack started at 84.59 power.
2023-09-18 14:38:19.434 | 09:27   78ms   85M  256G 132/150U [EnemyArmyPredicter] Predicting negative free minerals for enemy: -8420
2023-09-18 14:38:20.796 | 09:31   51ms   65M  250G 134/150U [ChronoAnyTech] Chrono RESEARCH_PROTOSSGROUNDWEAPONS
2023-09-18 14:38:21.191 | 09:33   52ms  110M  266G 134/150U [EnemyArmyPredicter] Predicting negative free minerals for enemy: -6910
2023-09-18 14:38:21.846 | INFO     | sc2.protocol:_execute:72 - Client status changed to Status.ended (was Status.in_game)
2023-09-18 14:38:21.853 | Result: Victory
2023-09-18 14:38:21.854 | Duration: 09:34
2023-09-18 14:38:21.854 | Step time min: 5
2023-09-18 14:38:21.855 | Step time avg: 52
2023-09-18 14:38:21.856 | Step time max: 132
2023-09-18 14:38:21.857 | [LostUnitsContents] My lost units minerals and gas: (475, 50)
2023-09-18 14:38:21.857 | [LostUnitsContents] My lost units minerals by score: 475.0
2023-09-18 14:38:21.858 | [LostUnitsContents] Enemy lost units minerals and gas: (12475, 1275)
2023-09-18 14:38:21.859 | [LostUnitsContents] Enemy lost units minerals by score: 11525.0
2023-09-18 14:38:21.860 | [GameAnalyzerEnd] Own units:
2023-09-18 14:38:21.860 | [GameAnalyzerEnd] STALKER           total:  47 alive:  46 dead:   1 
2023-09-18 14:38:21.861 | [GameAnalyzerEnd] PROBE             total:  44 alive:  41 dead:   3 
2023-09-18 14:38:21.862 | [GameAnalyzerEnd] PYLON             total:  18 alive:  16 dead:   2 
2023-09-18 14:38:21.862 | [GameAnalyzerEnd] WARPGATE          total:   7 alive:   7 dead:   0 
2023-09-18 14:38:21.863 | [GameAnalyzerEnd] ASSIMILATOR       total:   4 alive:   4 dead:   0 
2023-09-18 14:38:21.864 | [GameAnalyzerEnd] NEXUS             total:   2 alive:   2 dead:   0 
2023-09-18 14:38:21.864 | [GameAnalyzerEnd] TWILIGHTCOUNCIL   total:   1 alive:   1 dead:   0 
2023-09-18 14:38:21.865 | [GameAnalyzerEnd] CYBERNETICSCORE   total:   1 alive:   1 dead:   0 
2023-09-18 14:38:21.866 | [GameAnalyzerEnd] FORGE             total:   1 alive:   1 dead:   0 
2023-09-18 14:38:21.866 | [GameAnalyzerEnd] Enemy units:
2023-09-18 14:38:21.867 | [GameAnalyzerEnd] SCV               total:  62 alive:   9 dead:  53 
2023-09-18 14:38:21.867 | [GameAnalyzerEnd] MARINE            total:  60 alive:   0 dead:  60 
2023-09-18 14:38:21.868 | [GameAnalyzerEnd] SUPPLYDEPOT       total:  22 alive:   6 dead:  16 
2023-09-18 14:38:21.869 | [GameAnalyzerEnd] BARRACKS          total:  15 alive:   1 dead:  14 
2023-09-18 14:38:21.869 | [GameAnalyzerEnd] MARAUDER          total:  11 alive:   0 dead:  11 
2023-09-18 14:38:21.870 | [GameAnalyzerEnd] MEDIVAC           total:   4 alive:   0 dead:   4 
2023-09-18 14:38:21.871 | [GameAnalyzerEnd] TECHLAB           total:   4 alive:   0 dead:   4 
2023-09-18 14:38:21.871 | [GameAnalyzerEnd] ORBITALCOMMAND    total:   2 alive:   1 dead:   1 
2023-09-18 14:38:21.872 | [GameAnalyzerEnd] REFINERY          total:   2 alive:   0 dead:   2 
2023-09-18 14:38:21.873 | [GameAnalyzerEnd] STARPORT          total:   1 alive:   0 dead:   1 
2023-09-18 14:38:21.873 | [GameAnalyzerEnd] FACTORY           total:   1 alive:   0 dead:   1 
2023-09-18 14:38:21.874 | [GameAnalyzerEnd] ENGINEERINGBAY    total:   1 alive:   0 dead:   1 
2023-09-18 14:38:21.875 | [GameAnalyzerEnd] COMMANDCENTER     total:   1 alive:   0 dead:   1 
2023-09-18 14:38:21.875 | [GameAnalyzerEnd] Minerals max 710 Average 184
2023-09-18 14:38:21.876 | [GameAnalyzerEnd] Vespene max 300 Average 95
2023-09-18 14:38:21.876 | INFO     | sc2.main:_play_game:228 - Result for player 2 - Bot LadderBot(Protoss): Victory
