2023-09-18 12:43:17.439 | INFO     | sc2.protocol:_execute:72 - Client status changed to Status.in_game (was None)
2023-09-18 12:43:17.440 | INFO     | sc2.main:_play_game:221 - Player 2 - Bot LadderBot(Protoss)
2023-09-18 12:43:17.694 | 00:00    0ms    0M    0G  12/ 15U [Version] 4.10.0.75689
2023-09-18 12:43:17.695 | 00:00    0ms    0M    0G  12/ 15U [Version] 5.0.6 Balance mod recognized.
2023-09-18 12:43:17.757 | 00:00    0ms    0M    0G  12/ 15U [ZoneManager] Map set to: MapName.Unknown from name: GresvanAIE and hash: 3547936.
2023-09-18 12:43:18.456 | [DataManager] No BuildDetector found, enemy build data cannot be saved
2023-09-18 12:43:18.458 | 00:00    0ms    0M    0G  12/ 15U [Build] Cannon rush
2023-09-18 12:43:18.488 | [Start] My race: Protoss
2023-09-18 12:43:18.490 | [Start] Opponent race: Terran
2023-09-18 12:43:18.491 | [Start] OpponentId: 1
2023-09-18 12:43:19.934 | 00:11    7ms    5M    0G  13/ 15U [ChronoUnit] Chrono NEXUSTRAIN_PROBE
2023-09-18 12:43:20.411 | 00:16    8ms    0M    0G  13/ 15U [ProtossUnit] PROBE from NEXUS at (38.5, 121.5)
2023-09-18 12:43:21.229 | 00:25    7ms   45M    0G  14/ 15U [ProtossUnit] PROBE from NEXUS at (38.5, 121.5)
2023-09-18 12:43:22.599 | 00:38    8ms   15M    0G  15/ 23U [ProtossUnit] PROBE from NEXUS at (38.5, 121.5)
2023-09-18 12:43:23.919 | 00:51    8ms   20M    0G  16/ 23U [ProtossUnit] PROBE from NEXUS at (38.5, 121.5)
2023-09-18 12:43:25.597 | 01:03   16ms   45M    0G  17/ 23U [ProtossUnit] PROBE from NEXUS at (38.5, 121.5)
2023-09-18 12:43:25.665 | 01:04   13ms   55M    0G  18/ 23U [ChronoUnit] Chrono NEXUSTRAIN_PROBE
2023-09-18 12:43:30.245 | 01:25   61ms  320M    0G  17/ 39U [ProtossUnit] PROBE from NEXUS at (38.5, 121.5)
2023-09-18 12:43:37.909 | 01:57   60ms  655M    0G  18/ 39U [GameAnalyzer] Known army advantage is now SlightDisadvantage
2023-09-18 12:43:37.913 | 01:57   60ms  655M    0G  18/ 39U [GameAnalyzer] Predicted army advantage is now SlightDisadvantage
2023-09-18 12:43:38.752 | 02:00   81ms  715M    0G  18/ 39U [Expand] Expanding to (36.5, 89.5)
2023-09-18 12:43:41.077 | 02:09   65ms  450M    0G  18/ 39U [GameAnalyzer] Income advantage is now SlightAdvantage
2023-09-18 12:43:41.320 | 02:10   77ms  460M    0G  18/ 39U [GameAnalyzer] Income advantage is now SmallAdvantage
2023-09-18 12:43:42.247 | 02:14   74ms  465M    0G  17/ 39U [ProtossUnit] PROBE from NEXUS at (38.5, 121.5)
2023-09-18 12:43:42.374 | 02:14   23ms  475M    0G  18/ 39U [GameAnalyzer] Income advantage is now SlightAdvantage
2023-09-18 12:43:42.381 | 02:14   23ms  475M    0G  18/ 39U [ChronoUnit] Chrono NEXUSTRAIN_PROBE
2023-09-18 12:43:44.396 | 02:22   62ms  595M    0G  18/ 39U [GameAnalyzer] Income advantage is now SmallAdvantage
2023-09-18 12:43:44.746 | 02:24   75ms  460M    0G  18/ 39U [GameAnalyzer] Income advantage is now SlightAdvantage
2023-09-18 12:43:45.957 | 02:29   12ms  550M    0G  18/ 31U [GameAnalyzer] Income advantage is now SmallAdvantage
2023-09-18 12:43:48.035 | 02:41   11ms  725M    0G  18/ 31U [GameAnalyzer] Income advantage is now Even
2023-09-18 12:43:50.752 | 02:52   15ms  750M    0G  17/ 23U [ProtossUnit] PROBE from NEXUS at (38.5, 121.5)
2023-09-18 12:43:50.755 | 02:52   15ms  525M    0G  17/ 23U [BuildGas] Building ASSIMILATOR to (42.5, 128.5)
2023-09-18 12:43:50.757 | 02:52   15ms  450M    0G  17/ 23U [BuildGas] Building ASSIMILATOR to (42.5, 128.5)
2023-09-18 12:43:51.458 | 02:56   14ms  500M    0G  18/ 23U [BuildGas] Building ASSIMILATOR to (45.5, 124.5)
2023-09-18 12:43:51.459 | 02:56   14ms  425M    0G  18/ 23U [BuildGas] Building ASSIMILATOR to (45.5, 124.5)
2023-09-18 12:43:52.925 | 03:04   12ms  575M    0G  18/ 23U [ProtossUnit] PROBE from NEXUS at (38.5, 121.5)
2023-09-18 12:43:54.316 | 03:12   13ms  700M    0G  19/ 31U [GameAnalyzer] Known army advantage is now SmallDisadvantage
2023-09-18 12:43:54.317 | 03:12   13ms  700M    0G  19/ 31U [GameAnalyzer] Predicted army advantage is now SmallDisadvantage
2023-09-18 12:43:55.099 | 03:17   13ms  725M    0G  19/ 31U [ProtossUnit] PROBE from NEXUS at (38.5, 121.5)
2023-09-18 12:43:55.849 | 03:21   16ms  625M    8G  20/ 38U [ProtossUnit] PROBE from NEXUS at (36.5, 89.5)
2023-09-18 12:43:55.851 | 03:21   16ms  550M    8G  20/ 38U [BuildGas] Building ASSIMILATOR to (29.5, 86.5)
2023-09-18 12:43:57.326 | 03:29   14ms  595M   36G  21/ 38U [ProtossUnit] PROBE from NEXUS at (38.5, 121.5)
2023-09-18 12:43:57.971 | 03:33   13ms  515M    2G  22/ 38U [ProtossUnit] STALKER from GATEWAY at (56.5, 114.5)
2023-09-18 12:43:58.063 | 03:33   18ms  470M    2G  24/ 38U [ProtossUnit] PROBE from NEXUS at (36.5, 89.5)
2023-09-18 12:44:00.444 | 03:42   13ms  490M   34G  25/ 38U [ProtossUnit] PROBE from NEXUS at (38.5, 121.5)
2023-09-18 12:44:01.078 | 03:45   13ms  405M    4G  26/ 46U [ProtossUnit] STALKER from GATEWAY at (48.5, 108.5)
2023-09-18 12:44:01.168 | 03:46   18ms  360M    4G  28/ 46U [ProtossUnit] PROBE from NEXUS at (36.5, 89.5)
2023-09-18 12:44:01.235 | 03:46   15ms  360M    4G  29/ 46U [GameAnalyzer] Income advantage is now SlightAdvantage
2023-09-18 12:44:02.700 | 03:54   14ms  445M   44G  29/ 46U [ProtossUnit] PROBE from NEXUS at (38.5, 121.5)
2023-09-18 12:44:03.450 | 03:58   16ms  455M   68G  30/ 46U [ProtossUnit] PROBE from NEXUS at (36.5, 89.5)
2023-09-18 12:44:04.340 | 04:03   14ms  405M   42G  31/ 46U [ProtossUnit] STALKER from GATEWAY at (56.5, 114.5)
2023-09-18 12:44:04.977 | 04:07   15ms  420M   62G  33/ 46U [ProtossUnit] PROBE from NEXUS at (38.5, 121.5)
2023-09-18 12:44:05.709 | 04:11   18ms  430M   82G  34/ 46U [ProtossUnit] PROBE from NEXUS at (36.5, 89.5)
2023-09-18 12:44:06.252 | 04:14   14ms  485M  102G  35/ 46U [Tech] Started WARPGATERESEARCH
2023-09-18 12:44:06.347 | 04:14   21ms  445M   52G  35/ 46U [ChronoAnyTech] Chrono RESEARCH_WARPGATE
2023-09-18 12:44:06.604 | 04:16   15ms  350M   14G  35/ 46U [ProtossUnit] STALKER from GATEWAY at (48.5, 108.5)
2023-09-18 12:44:07.270 | 04:19   15ms  405M   42G  37/ 46U [GameAnalyzer] Income advantage is now SmallAdvantage
2023-09-18 12:44:07.274 | 04:19   15ms  355M   42G  37/ 46U [ProtossUnit] PROBE from NEXUS at (38.5, 121.5)
2023-09-18 12:44:08.060 | 04:23   20ms  375M   70G  38/ 46U [ActUnit] PROBE from NEXUS at (36.5, 89.5)
2023-09-18 12:44:08.874 | 04:28   19ms  330M  102G  39/ 46U [Tech] Started PROTOSSGROUNDWEAPONSLEVEL1
2023-09-18 12:44:08.950 | 04:28   18ms  240M    2G  39/ 46U [ChronoAnyTech] Chrono RESEARCH_PROTOSSGROUNDWEAPONS
2023-09-18 12:44:09.629 | 04:32   15ms  265M   34G  39/ 46U [ActUnit] PROBE from NEXUS at (38.5, 121.5)
2023-09-18 12:44:10.146 | 04:35   16ms  315M   54G  40/ 46U [ChronoAnyTech] Chrono RESEARCH_WARPGATE
2023-09-18 12:44:10.151 | 04:35   16ms  190M    4G  40/ 46U [ProtossUnit] STALKER from GATEWAY at (56.5, 114.5)
2023-09-18 12:44:10.425 | 04:36   21ms  160M   16G  42/ 46U [ActUnit] PROBE from NEXUS at (36.5, 89.5)
2023-09-18 12:44:13.032 | 04:44   15ms  285M   80G  43/ 46U [ActUnit] PROBE from NEXUS at (38.5, 121.5)
2023-09-18 12:44:13.466 | 04:46   14ms  320M   96G  44/ 54U [GameAnalyzer] Known army advantage is now SlightDisadvantage
2023-09-18 12:44:13.467 | 04:46   14ms  320M   96G  44/ 54U [GameAnalyzer] Predicted army advantage is now SlightDisadvantage
2023-09-18 12:44:13.472 | 04:46   14ms  195M   46G  44/ 54U [ProtossUnit] STALKER from GATEWAY at (48.5, 108.5)
2023-09-18 12:44:13.954 | 04:48   22ms  230M   62G  46/ 54U [ChronoAnyTech] Chrono RESEARCH_PROTOSSGROUNDWEAPONS
2023-09-18 12:44:13.956 | 04:48   22ms  180M   62G  46/ 54U [ActUnit] PROBE from NEXUS at (36.5, 89.5)
2023-09-18 12:44:15.771 | 04:57   15ms   65M   34G  47/ 54U [ActUnit] PROBE from NEXUS at (38.5, 121.5)
2023-09-18 12:44:17.091 | 05:03   17ms    0M   82G  48/ 54U [ActUnit] PROBE from NEXUS at (36.5, 89.5)
2023-09-18 12:44:18.078 | 05:07   19ms   75M  114G  49/ 54U [GameAnalyzer] Known army advantage is now SmallDisadvantage
2023-09-18 12:44:18.079 | 05:07   19ms   75M  114G  49/ 54U [GameAnalyzer] Predicted army advantage is now SmallDisadvantage
2023-09-18 12:44:18.420 | 05:08   21ms    5M   72G  49/ 54U [ProtossUnit] STALKER from GATEWAY at (56.5, 114.5)
2023-09-18 12:44:19.162 | 05:11   21ms   15M  100G  49/ 54U [ActUnit] PROBE from NEXUS at (38.5, 121.5)
2023-09-18 12:44:20.173 | 05:15   22ms   50M  132G  50/ 62U [ActUnit] PROBE from NEXUS at (36.5, 89.5)
2023-09-18 12:44:20.267 | 05:16   21ms   55M  136G  51/ 62U [GameAnalyzer] Income advantage is now ClearAdvantage
2023-09-18 12:44:20.268 | 05:16   21ms   55M  136G  51/ 62U [GameAnalyzer] Known army advantage is now SlightDisadvantage
2023-09-18 12:44:20.269 | 05:16   21ms   55M  136G  51/ 62U [GameAnalyzer] Predicted army advantage is now SlightDisadvantage
2023-09-18 12:44:20.487 | 05:16   21ms   70M  140G  51/ 62U [GameAnalyzer] Income advantage is now SmallAdvantage
2023-09-18 12:44:20.488 | 05:16   21ms   70M  140G  51/ 62U [GameAnalyzer] Known army advantage is now Even
2023-09-18 12:44:20.489 | 05:16   21ms   70M  140G  51/ 62U [GameAnalyzer] Predicted army advantage is now Even
2023-09-18 12:44:20.727 | 05:17   21ms  125M  152G  51/ 62U [ChronoAnyTech] Chrono RESEARCH_PROTOSSGROUNDWEAPONS
2023-09-18 12:44:20.731 | 05:17   21ms    0M  102G  51/ 62U [ProtossUnit] STALKER from GATEWAY at (48.5, 108.5)
2023-09-18 12:44:20.953 | 05:18   22ms   10M  106G  51/ 62U [GameAnalyzer] Known army advantage is now SlightDisadvantage
2023-09-18 12:44:20.954 | 05:18   22ms   10M  106G  51/ 62U [GameAnalyzer] Predicted army advantage is now SlightDisadvantage
2023-09-18 12:44:21.631 | 05:21   20ms   40M  122G  51/ 62U [GameAnalyzer] Known army advantage is now SmallDisadvantage
2023-09-18 12:44:21.632 | 05:21   20ms   40M  122G  51/ 62U [GameAnalyzer] Predicted army advantage is now SmallDisadvantage
2023-09-18 12:44:22.468 | 05:24   19ms   35M  138G  50/ 62U [ActUnit] PROBE from NEXUS at (38.5, 121.5)
2023-09-18 12:44:23.135 | 05:26   19ms   60M  154G  51/ 62U [GameAnalyzer] Known army advantage is now SlightDisadvantage
2023-09-18 12:44:23.136 | 05:26   19ms   60M  154G  51/ 62U [GameAnalyzer] Predicted army advantage is now SlightDisadvantage
2023-09-18 12:44:23.480 | 05:28   21ms   95M  162G  51/ 62U [ChronoAnyTech] Chrono RESEARCH_WARPGATE
2023-09-18 12:44:23.578 | 05:28   21ms   45M  162G  51/ 62U [ActUnit] PROBE from NEXUS at (36.5, 89.5)
2023-09-18 12:44:24.286 | 05:31   75ms   85M  178G  52/ 62U [GameAnalyzer] Known army advantage is now SmallDisadvantage
2023-09-18 12:44:24.287 | 05:31   75ms   85M  178G  52/ 62U [GameAnalyzer] Predicted army advantage is now SmallDisadvantage
2023-09-18 12:44:24.514 | 05:32   18ms   90M  182G  52/ 62U [GameAnalyzer] Known army advantage is now SlightAdvantage
2023-09-18 12:44:24.515 | 05:32   18ms   90M  182G  52/ 62U [GameAnalyzer] Predicted army advantage is now SlightAdvantage
2023-09-18 12:44:25.196 | 05:34   18ms  150M  198G  52/ 62U [Tech] Started BLINKTECH
2023-09-18 12:44:25.773 | 05:36   41ms   25M   56G  52/ 62U [GameAnalyzer] Income advantage is now ClearAdvantage
2023-09-18 12:44:26.103 | 05:37   64ms   40M   64G  52/ 62U [GameAnalyzer] Known army advantage is now SmallAdvantage
2023-09-18 12:44:26.104 | 05:37   64ms   40M   64G  52/ 62U [GameAnalyzer] Predicted army advantage is now SmallAdvantage
2023-09-18 12:44:27.233 | 05:38   68ms    5M   72G  52/ 62U [ActUnit] PROBE from NEXUS at (38.5, 121.5)
2023-09-18 12:44:27.346 | 05:38   85ms   10M   72G  53/ 62U [PlanZoneAttack] Power 7.63 is larger than required attack power 6.00 -> attack!
2023-09-18 12:44:27.347 | 05:38   85ms   10M   72G  53/ 62U [PlanZoneAttack] Attack started at 7.63 power.
2023-09-18 12:44:28.312 | 05:41   63ms    0M   92G  53/ 62U [ActUnit] PROBE from NEXUS at (36.5, 89.5)
2023-09-18 12:44:31.269 | 05:50   63ms   20M  156G  54/ 62U [ActUnit] PROBE from NEXUS at (38.5, 121.5)
2023-09-18 12:44:32.493 | 05:54   67ms   65M  188G  55/ 62U [ActUnit] PROBE from NEXUS at (36.5, 89.5)
2023-09-18 12:44:33.113 | 05:56   66ms  115M  204G  56/ 62U [GameAnalyzer] Known army advantage is now ClearAdvantage
2023-09-18 12:44:33.114 | 05:56   66ms  115M  204G  56/ 62U [GameAnalyzer] Predicted army advantage is now ClearAdvantage
2023-09-18 12:44:33.880 | 05:58   19ms   70M  174G  58/ 62U [GameAnalyzer] Known army advantage is now SlightAdvantage
2023-09-18 12:44:33.881 | 05:58   19ms   70M  174G  58/ 62U [GameAnalyzer] Predicted army advantage is now SlightAdvantage
2023-09-18 12:44:35.205 | 06:04   21ms   95M  168G  60/ 62U [GameAnalyzer] Known army advantage is now SmallAdvantage
2023-09-18 12:44:35.206 | 06:04   21ms   95M  168G  60/ 62U [GameAnalyzer] Predicted army advantage is now SmallAdvantage
2023-09-18 12:44:35.993 | 06:07   22ms   85M  192G  60/ 62U [GameAnalyzer] Known army advantage is now ClearAdvantage
2023-09-18 12:44:35.994 | 06:07   22ms   85M  192G  60/ 62U [GameAnalyzer] Predicted army advantage is now ClearAdvantage
2023-09-18 12:44:36.325 | 06:08   23ms  110M  204G  60/ 62U [GameAnalyzer] Known army advantage is now SmallAdvantage
2023-09-18 12:44:36.326 | 06:08   23ms  110M  204G  60/ 62U [GameAnalyzer] Predicted army advantage is now SmallAdvantage
2023-09-18 12:44:36.560 | 06:09   25ms  135M  212G  60/ 62U [GameAnalyzer] Known army advantage is now ClearAdvantage
2023-09-18 12:44:36.561 | 06:09   25ms  135M  212G  60/ 62U [GameAnalyzer] Predicted army advantage is now ClearAdvantage
2023-09-18 12:44:36.692 | 06:10   27ms  150M  216G  60/ 62U [Tech] Started PROTOSSGROUNDWEAPONSLEVEL2
2023-09-18 12:44:40.213 | 06:21   74ms   65M  108G  62/ 70U [ChronoAnyTech] Chrono RESEARCH_PROTOSSGROUNDWEAPONS
2023-09-18 12:44:41.562 | 06:25   24ms   75M   94G  64/ 70U [GameAnalyzer] Known army advantage is now SmallAdvantage
2023-09-18 12:44:41.563 | 06:25   24ms   75M   94G  64/ 70U [GameAnalyzer] Predicted army advantage is now SmallAdvantage
2023-09-18 12:44:43.163 | 06:31   79ms  110M   84G  66/ 78U [GameAnalyzer] Known army advantage is now ClearAdvantage
2023-09-18 12:44:43.167 | 06:31   79ms  110M   84G  66/ 78U [GameAnalyzer] Predicted army advantage is now ClearAdvantage
2023-09-18 12:44:43.320 | 06:31   92ms  115M   92G  66/ 78U [ChronoAnyTech] Chrono RESEARCH_BLINK
2023-09-18 12:44:43.558 | 06:32   25ms  160M   96G  66/ 78U [GameAnalyzer] Income advantage is now SmallAdvantage
2023-09-18 12:44:43.784 | 06:33   26ms   30M  104G  66/ 78U [GameAnalyzer] Income advantage is now SlightAdvantage
2023-09-18 12:44:46.216 | 06:39   28ms   70M  156G  66/ 78U [GameAnalyzer] Known army advantage is now OverwhelmingAdvantage
2023-09-18 12:44:46.217 | 06:39   28ms   70M  156G  66/ 78U [GameAnalyzer] Predicted army advantage is now OverwhelmingAdvantage
2023-09-18 12:44:46.450 | 06:40   34ms  100M  164G  66/ 78U [GameAnalyzer] Income advantage is now SmallAdvantage
2023-09-18 12:44:49.768 | 06:52   27ms  100M  160G  70/ 78U [GameAnalyzer] Known army advantage is now ClearAdvantage
2023-09-18 12:44:49.769 | 06:52   27ms  100M  160G  70/ 78U [GameAnalyzer] Predicted army advantage is now ClearAdvantage
2023-09-18 12:44:49.946 | 06:52   33ms  120M  164G  70/ 78U [GameAnalyzer] Known army advantage is now OverwhelmingAdvantage
2023-09-18 12:44:49.947 | 06:52   33ms  120M  164G  70/ 78U [GameAnalyzer] Predicted army advantage is now OverwhelmingAdvantage
2023-09-18 12:44:50.570 | 06:54   35ms   45M  126G  72/ 78U [GameAnalyzer] Income advantage is now ClearAdvantage
2023-09-18 12:44:51.548 | 06:57   33ms  145M  154G  72/ 78U [GameAnalyzer] Known army advantage is now ClearAdvantage
2023-09-18 12:44:51.549 | 06:57   33ms  145M  154G  72/ 78U [GameAnalyzer] Predicted army advantage is now ClearAdvantage
2023-09-18 12:44:53.048 | 07:02   30ms   75M  194G  72/ 78U [BuildGas] Building ASSIMILATOR to (33.5, 82.5)
2023-09-18 12:44:54.670 | 07:08   26ms  130M  192G  74/ 78U [GameAnalyzer] Known army advantage is now OverwhelmingAdvantage
2023-09-18 12:44:54.671 | 07:08   26ms  130M  192G  74/ 78U [GameAnalyzer] Predicted army advantage is now OverwhelmingAdvantage
2023-09-18 12:44:58.707 | 07:19   29ms  100M  176G  78/ 86U [GameAnalyzer] Known army advantage is now ClearAdvantage
2023-09-18 12:44:58.708 | 07:19   29ms  100M  176G  78/ 86U [GameAnalyzer] Predicted army advantage is now ClearAdvantage
2023-09-18 12:45:00.461 | 07:24   88ms   25M  166G  80/ 86U [GameAnalyzer] Known army advantage is now OverwhelmingAdvantage
2023-09-18 12:45:00.468 | 07:24   88ms   25M  166G  80/ 86U [GameAnalyzer] Predicted army advantage is now OverwhelmingAdvantage
2023-09-18 12:45:00.651 | 07:24   75ms   35M  174G  80/ 86U [ChronoAnyTech] Chrono RESEARCH_PROTOSSGROUNDWEAPONS
2023-09-18 12:45:02.445 | 07:30   30ms   75M  164G  82/ 86U [GameAnalyzer] Predicted army advantage is now ClearAdvantage
2023-09-18 12:45:04.920 | 07:35   76ms  105M  158G  84/ 86U [GameAnalyzer] Predicted army advantage is now OverwhelmingAdvantage
2023-09-18 12:45:06.663 | 07:40   30ms   45M  160G  86/ 94U [GameAnalyzer] Predicted army advantage is now ClearAdvantage
2023-09-18 12:45:06.904 | 07:41   27ms   70M  164G  86/ 94U [GameAnalyzer] Income advantage is now OverwhelmingAdvantage
2023-09-18 12:45:07.380 | 07:43   26ms  120M  176G  86/ 94U [GameAnalyzer] Predicted army advantage is now OverwhelmingAdvantage
2023-09-18 12:45:07.781 | 07:44   34ms   35M  142G  88/102U [ChronoAnyTech] Chrono RESEARCH_PROTOSSGROUNDWEAPONS
2023-09-18 12:45:08.148 | 07:46   29ms   80M  154G  88/102U [EnemyArmyPredicter] Predicting negative free minerals for enemy: -2130
2023-09-18 12:45:09.613 | 07:51   30ms  110M  164G  90/102U [EnemyArmyPredicter] Predicting negative free minerals for enemy: -2466
2023-09-18 12:45:10.511 | 07:54   48ms   70M  146G  92/102U [GameAnalyzer] Income advantage is now ClearAdvantage
2023-09-18 12:45:11.103 | 07:56   31ms   45M  174G  92/102U [EnemyArmyPredicter] Predicting negative free minerals for enemy: -2651
2023-09-18 12:45:12.590 | 08:02   33ms   60M  180G  94/110U [EnemyArmyPredicter] Predicting negative free minerals for enemy: -3615
2023-09-18 12:45:14.139 | 08:07   37ms   80M  190G  96/110U [EnemyArmyPredicter] Predicting negative free minerals for enemy: -1125
2023-09-18 12:45:15.699 | 08:12   37ms  105M  192G  98/110U [EnemyArmyPredicter] Predicting negative free minerals for enemy: -1461
2023-09-18 12:45:16.744 | 08:16   37ms  200M  236G  98/118U [Tech] Started PROTOSSGROUNDWEAPONSLEVEL3
2023-09-18 12:45:17.448 | 08:18   37ms   65M   52G  98/118U [EnemyArmyPredicter] Predicting negative free minerals for enemy: -1946
2023-09-18 12:45:20.461 | 08:28   38ms  105M  114G 100/118U [ChronoAnyTech] Chrono RESEARCH_PROTOSSGROUNDWEAPONS
2023-09-18 12:45:25.605 | 08:42   47ms    5M   74G 108/118U [GameAnalyzer] Income advantage is now OverwhelmingAdvantage
2023-09-18 12:45:27.054 | 08:48   53ms   50M  126G 108/126U [ChronoAnyTech] Chrono RESEARCH_PROTOSSGROUNDWEAPONS
2023-09-18 12:45:30.098 | 09:01   30ms   15M  120G 114/126U [EnemyArmyPredicter] Predicting negative free minerals for enemy: -90
2023-09-18 12:45:31.696 | 09:06   84ms   65M  130G 116/126U [EnemyArmyPredicter] Predicting negative free minerals for enemy: -90
2023-09-18 12:45:33.035 | 09:11   83ms  105M  182G 116/134U [EnemyArmyPredicter] Predicting negative free minerals for enemy: -90
2023-09-18 12:45:34.306 | 09:17   38ms  120M  196G 118/134U [EnemyArmyPredicter] Predicting negative free minerals for enemy: -90
2023-09-18 12:45:35.314 | INFO     | sc2.protocol:_execute:72 - Client status changed to Status.ended (was Status.in_game)
2023-09-18 12:45:35.320 | Result: Victory
2023-09-18 12:45:35.320 | Duration: 09:19
2023-09-18 12:45:35.321 | Step time min: 6
2023-09-18 12:45:35.322 | Step time avg: 34
2023-09-18 12:45:35.322 | Step time max: 108
2023-09-18 12:45:35.323 | [LostUnitsContents] My lost units minerals and gas: (750, 100)
2023-09-18 12:45:35.324 | [LostUnitsContents] My lost units minerals by score: 750.0
2023-09-18 12:45:35.325 | [LostUnitsContents] Enemy lost units minerals and gas: (12375, 1900)
2023-09-18 12:45:35.325 | [LostUnitsContents] Enemy lost units minerals by score: 11925.0
2023-09-18 12:45:35.326 | [GameAnalyzerEnd] Own units:
2023-09-18 12:45:35.327 | [GameAnalyzerEnd] PROBE             total:  44 alive:  40 dead:   4 
2023-09-18 12:45:35.327 | [GameAnalyzerEnd] STALKER           total:  40 alive:  38 dead:   2 
2023-09-18 12:45:35.328 | [GameAnalyzerEnd] PYLON             total:  17 alive:  14 dead:   3 
2023-09-18 12:45:35.329 | [GameAnalyzerEnd] WARPGATE          total:   7 alive:   7 dead:   0 
2023-09-18 12:45:35.329 | [GameAnalyzerEnd] ASSIMILATOR       total:   4 alive:   4 dead:   0 
2023-09-18 12:45:35.330 | [GameAnalyzerEnd] NEXUS             total:   2 alive:   2 dead:   0 
2023-09-18 12:45:35.330 | [GameAnalyzerEnd] TWILIGHTCOUNCIL   total:   1 alive:   1 dead:   0 
2023-09-18 12:45:35.331 | [GameAnalyzerEnd] CYBERNETICSCORE   total:   1 alive:   1 dead:   0 
2023-09-18 12:45:35.332 | [GameAnalyzerEnd] FORGE             total:   1 alive:   1 dead:   0 
2023-09-18 12:45:35.332 | [GameAnalyzerEnd] Enemy units:
2023-09-18 12:45:35.333 | [GameAnalyzerEnd] MARINE            total:  76 alive:   0 dead:  76 
2023-09-18 12:45:35.333 | [GameAnalyzerEnd] SCV               total:  53 alive:   0 dead:  53 
2023-09-18 12:45:35.334 | [GameAnalyzerEnd] SUPPLYDEPOT       total:  11 alive:   1 dead:  10 
2023-09-18 12:45:35.335 | [GameAnalyzerEnd] BARRACKS          total:  10 alive:   0 dead:  10 
2023-09-18 12:45:35.335 | [GameAnalyzerEnd] TECHLAB           total:  10 alive:   0 dead:  10 
2023-09-18 12:45:35.336 | [GameAnalyzerEnd] MARAUDER          total:   8 alive:   0 dead:   8 
2023-09-18 12:45:35.336 | [GameAnalyzerEnd] MEDIVAC           total:   5 alive:   0 dead:   5 
2023-09-18 12:45:35.337 | [GameAnalyzerEnd] ORBITALCOMMAND    total:   2 alive:   0 dead:   2 
2023-09-18 12:45:35.337 | [GameAnalyzerEnd] REFINERY          total:   2 alive:   0 dead:   2 
2023-09-18 12:45:35.338 | [GameAnalyzerEnd] STARPORT          total:   1 alive:   0 dead:   1 
2023-09-18 12:45:35.339 | [GameAnalyzerEnd] ENGINEERINGBAY    total:   1 alive:   0 dead:   1 
2023-09-18 12:45:35.339 | [GameAnalyzerEnd] FACTORY           total:   1 alive:   0 dead:   1 
2023-09-18 12:45:35.340 | [GameAnalyzerEnd] Minerals max 845 Average 231
2023-09-18 12:45:35.340 | [GameAnalyzerEnd] Vespene max 224 Average 73
2023-09-18 12:45:35.341 | INFO     | sc2.main:_play_game:228 - Result for player 2 - Bot LadderBot(Protoss): Victory
