2023-09-18 08:45:44.034 | INFO     | sc2.protocol:_execute:72 - Client status changed to Status.in_game (was None)
2023-09-18 08:45:44.035 | INFO     | sc2.main:_play_game:221 - Player 2 - Bot LadderBot(Protoss)
2023-09-18 08:45:44.314 | 00:00    0ms    0M    0G  12/ 15U [Version] 4.10.0.75689
2023-09-18 08:45:44.315 | 00:00    0ms    0M    0G  12/ 15U [Version] 5.0.6 Balance mod recognized.
2023-09-18 08:45:44.393 | 00:00    0ms    0M    0G  12/ 15U [ZoneManager] Map set to: MapName.Unknown from name: Dragon ScalesAIE and hash: 3095225.
2023-09-18 08:45:45.384 | [DataManager] No BuildDetector found, enemy build data cannot be saved
2023-09-18 08:45:45.386 | 00:00    0ms    0M    0G  12/ 15U [Build] Cannon contain
2023-09-18 08:45:45.412 | [Start] My race: Protoss
2023-09-18 08:45:45.414 | [Start] Opponent race: Terran
2023-09-18 08:45:45.414 | [Start] OpponentId: 1
2023-09-18 08:45:47.405 | 00:16    7ms    0M    0G  13/ 15U [ActUnitOnce] PROBE from NEXUS at (76.5, 154.5)
2023-09-18 08:45:49.245 | 00:36    8ms    0M    0G  14/ 23U [ActUnitOnce] PROBE from NEXUS at (76.5, 154.5)
2023-09-18 08:45:49.287 | 00:36    8ms   10M    0G  15/ 23U [ChronoUnit] Chrono NEXUSTRAIN_PROBE
2023-09-18 08:45:50.243 | 00:44    6ms   50M    0G  15/ 23U [ActUnitOnce] PROBE from NEXUS at (76.5, 154.5)
2023-09-18 08:45:50.794 | 00:50    8ms  115M    0G  16/ 23U [BuildPosition] Building PYLON to (142.5, 52.5)
2023-09-18 08:45:51.105 | 00:53    7ms    0M    0G  16/ 23U [ActUnitOnce] PROBE from NEXUS at (76.5, 154.5)
2023-09-18 08:45:52.489 | 01:04   57ms  100M    0G  17/ 23U [ActUnitOnce] PROBE from NEXUS at (76.5, 154.5)
2023-09-18 08:45:53.230 | 01:08   57ms  155M    0G  18/ 23U [BuildPosition] Could not build PHOTONCANNON to None
2023-09-18 08:45:53.327 | 01:08   49ms  155M    0G  18/ 23U [BuildPosition] Building PYLON to (147.12871174953136, 58.978859290223895)
2023-09-18 08:45:54.671 | 01:15   14ms  150M    0G  18/ 31U [BuildPosition] Building PHOTONCANNON to (148.6512945227594, 52.621035618207515)
2023-09-18 08:45:55.992 | 01:22   59ms  110M    0G  18/ 31U [BuildPosition] Building PYLON to (153.75742349906272, 63.45771858044779)
2023-09-18 08:45:58.007 | 01:32   47ms  165M    0G  18/ 39U [BuildPosition] Building PHOTONCANNON to (150.11737618886062, 54.99390095108849)
2023-09-18 08:45:59.139 | 01:38   34ms  100M    0G  18/ 39U [BuildPosition] Building PYLON to (148.86396103067892, 46.13603896932107)
2023-09-18 08:46:00.378 | 01:45   50ms  115M    0G  18/ 47U [BuildPosition] Building PYLON to (152.49707102314764, 52.283539724817)
2023-09-18 08:46:01.034 | INFO     | sc2.protocol:_execute:72 - Client status changed to Status.ended (was Status.in_game)
2023-09-18 08:46:01.037 | Result: Victory
2023-09-18 08:46:01.038 | Duration: 01:48
2023-09-18 08:46:01.038 | Step time min: 6
2023-09-18 08:46:01.039 | Step time avg: 23
2023-09-18 08:46:01.039 | Step time max: 100
2023-09-18 08:46:01.040 | [LostUnitsContents] My lost units minerals and gas: (0, 0)
2023-09-18 08:46:01.040 | [LostUnitsContents] My lost units minerals by score: 0.0
2023-09-18 08:46:01.041 | [LostUnitsContents] Enemy lost units minerals and gas: (0, 0)
2023-09-18 08:46:01.041 | [LostUnitsContents] Enemy lost units minerals by score: 0.0
2023-09-18 08:46:01.042 | [GameAnalyzerEnd] Own units:
2023-09-18 08:46:01.042 | [GameAnalyzerEnd] PROBE             total:  18 alive:  18 dead:   0 
2023-09-18 08:46:01.043 | [GameAnalyzerEnd] PYLON             total:   6 alive:   6 dead:   0 
2023-09-18 08:46:01.043 | [GameAnalyzerEnd] PHOTONCANNON      total:   2 alive:   2 dead:   0 
2023-09-18 08:46:01.044 | [GameAnalyzerEnd] NEXUS             total:   1 alive:   1 dead:   0 
2023-09-18 08:46:01.044 | [GameAnalyzerEnd] FORGE             total:   1 alive:   1 dead:   0 
2023-09-18 08:46:01.044 | [GameAnalyzerEnd] Enemy units:
2023-09-18 08:46:01.045 | [GameAnalyzerEnd] SCV               total:   2 alive:   2 dead:   0 
2023-09-18 08:46:01.045 | [GameAnalyzerEnd] SUPPLYDEPOT       total:   1 alive:   1 dead:   0 
2023-09-18 08:46:01.046 | [GameAnalyzerEnd] Minerals max 190 Average 69
2023-09-18 08:46:01.046 | [GameAnalyzerEnd] Vespene max 0 Average 0
2023-09-18 08:46:01.047 | INFO     | sc2.main:_play_game:228 - Result for player 2 - Bot LadderBot(Protoss): Victory
