2023-09-17 20:37:36.501 | INFO     | sc2.protocol:_execute:72 - Client status changed to Status.in_game (was None)
2023-09-17 20:37:36.502 | INFO     | sc2.main:_play_game:221 - Player 2 - Bot LadderBot(Protoss)
2023-09-17 20:37:36.779 | 00:00    0ms    0M    0G  12/ 15U [Version] 4.10.0.75689
2023-09-17 20:37:36.780 | 00:00    0ms    0M    0G  12/ 15U [Version] 5.0.6 Balance mod recognized.
2023-09-17 20:37:36.856 | 00:00    0ms    0M    0G  12/ 15U [ZoneManager] Map set to: MapName.Unknown from name: Dragon ScalesAIE and hash: 3095225.
2023-09-17 20:37:37.836 | [DataManager] No BuildDetector found, enemy build data cannot be saved
2023-09-17 20:37:37.838 | 00:00    0ms    0M    0G  12/ 15U [Build] Cannon rush
2023-09-17 20:37:37.859 | [Start] My race: Protoss
2023-09-17 20:37:37.859 | [Start] Opponent race: Terran
2023-09-17 20:37:37.860 | [Start] OpponentId: 1
2023-09-17 20:37:39.452 | 00:12    8ms   10M    0G  13/ 15U [ChronoUnit] Chrono NEXUSTRAIN_PROBE
2023-09-17 20:37:39.880 | 00:16    8ms    0M    0G  13/ 15U [ProtossUnit] PROBE from NEXUS at (171.5, 57.5)
2023-09-17 20:37:40.684 | 00:25    7ms   45M    0G  14/ 15U [ProtossUnit] PROBE from NEXUS at (171.5, 57.5)
2023-09-17 20:37:41.967 | 00:38    7ms    0M    0G  15/ 23U [ProtossUnit] PROBE from NEXUS at (171.5, 57.5)
2023-09-17 20:37:43.461 | 00:50    6ms   15M    0G  16/ 23U [ProtossUnit] PROBE from NEXUS at (171.5, 57.5)
2023-09-17 20:37:45.144 | 01:03   58ms   30M    0G  17/ 23U [ProtossUnit] PROBE from NEXUS at (171.5, 57.5)
2023-09-17 20:37:45.247 | 01:03   31ms   30M    0G  18/ 23U [ChronoUnit] Chrono NEXUSTRAIN_PROBE
2023-09-17 20:37:49.564 | 01:24   36ms  295M    0G  17/ 39U [ProtossUnit] PROBE from NEXUS at (171.5, 57.5)
2023-09-17 20:37:54.237 | INFO     | sc2.protocol:_execute:72 - Client status changed to Status.ended (was Status.in_game)
2023-09-17 20:37:54.240 | Result: Victory
2023-09-17 20:37:54.241 | Duration: 01:46
2023-09-17 20:37:54.241 | Step time min: 6
2023-09-17 20:37:54.242 | Step time avg: 26
2023-09-17 20:37:54.242 | Step time max: 99
2023-09-17 20:37:54.243 | [LostUnitsContents] My lost units minerals and gas: (50, 0)
2023-09-17 20:37:54.243 | [LostUnitsContents] My lost units minerals by score: 50.0
2023-09-17 20:37:54.243 | [LostUnitsContents] Enemy lost units minerals and gas: (0, 0)
2023-09-17 20:37:54.244 | [LostUnitsContents] Enemy lost units minerals by score: 0.0
2023-09-17 20:37:54.244 | [GameAnalyzerEnd] Own units:
2023-09-17 20:37:54.245 | [GameAnalyzerEnd] PROBE             total:  19 alive:  18 dead:   1 
2023-09-17 20:37:54.245 | [GameAnalyzerEnd] PYLON             total:   3 alive:   3 dead:   0 
2023-09-17 20:37:54.246 | [GameAnalyzerEnd] GATEWAY           total:   1 alive:   1 dead:   0 
2023-09-17 20:37:54.246 | [GameAnalyzerEnd] FORGE             total:   1 alive:   1 dead:   0 
2023-09-17 20:37:54.247 | [GameAnalyzerEnd] NEXUS             total:   1 alive:   1 dead:   0 
2023-09-17 20:37:54.247 | [GameAnalyzerEnd] Enemy units:
2023-09-17 20:37:54.248 | [GameAnalyzerEnd] SCV               total:   4 alive:   4 dead:   0 
2023-09-17 20:37:54.248 | [GameAnalyzerEnd] BARRACKS          total:   2 alive:   2 dead:   0 
2023-09-17 20:37:54.249 | [GameAnalyzerEnd] SUPPLYDEPOT       total:   1 alive:   1 dead:   0 
2023-09-17 20:37:54.249 | [GameAnalyzerEnd] Minerals max 460 Average 143
2023-09-17 20:37:54.250 | [GameAnalyzerEnd] Vespene max 0 Average 0
2023-09-17 20:37:54.250 | INFO     | sc2.main:_play_game:228 - Result for player 2 - Bot LadderBot(Protoss): Victory
