2023-09-17 20:08:15.092 | INFO     | sc2.protocol:_execute:72 - Client status changed to Status.in_game (was None)
2023-09-17 20:08:15.093 | INFO     | sc2.main:_play_game:221 - Player 2 - Bot LadderBot(Protoss)
2023-09-17 20:08:15.334 | 00:00    0ms    0M    0G  12/ 15U [Version] 4.10.0.75689
2023-09-17 20:08:15.335 | 00:00    0ms    0M    0G  12/ 15U [Version] 5.0.6 Balance mod recognized.
2023-09-17 20:08:15.407 | 00:00    0ms    0M    0G  12/ 15U [ZoneManager] Map set to: MapName.Unknown from name: Ancient CisternAIE and hash: 3831388.
2023-09-17 20:08:15.934 | [DataManager] No BuildDetector found, enemy build data cannot be saved
2023-09-17 20:08:15.936 | 00:00    0ms    0M    0G  12/ 15U [Build] Cannon rush
2023-09-17 20:08:15.964 | [Start] My race: Protoss
2023-09-17 20:08:15.965 | [Start] Opponent race: Terran
2023-09-17 20:08:15.965 | [Start] OpponentId: 1
2023-09-17 20:08:17.434 | 00:11    6ms    5M    0G  13/ 15U [ChronoUnit] Chrono NEXUSTRAIN_PROBE
2023-09-17 20:08:17.857 | 00:16    8ms    0M    0G  13/ 15U [ProtossUnit] PROBE from NEXUS at (31.5, 26.5)
2023-09-17 20:08:18.600 | 00:25    7ms   45M    0G  14/ 15U [ProtossUnit] PROBE from NEXUS at (31.5, 26.5)
2023-09-17 20:08:20.072 | 00:38   56ms   10M    0G  15/ 23U [ProtossUnit] PROBE from NEXUS at (31.5, 26.5)
2023-09-17 20:08:22.308 | 00:51   55ms   20M    0G  16/ 23U [ProtossUnit] PROBE from NEXUS at (31.5, 26.5)
2023-09-17 20:08:24.507 | 01:03   20ms   45M    0G  17/ 23U [ProtossUnit] PROBE from NEXUS at (31.5, 26.5)
2023-09-17 20:08:24.584 | 01:04   62ms   45M    0G  18/ 23U [ChronoUnit] Chrono NEXUSTRAIN_PROBE
2023-09-17 20:08:26.041 | 01:10   59ms  135M    0G  18/ 31U [GameAnalyzer] Income advantage is now SmallAdvantage
2023-09-17 20:08:29.041 | 01:25   58ms  315M    0G  17/ 39U [ProtossUnit] PROBE from NEXUS at (31.5, 26.5)
2023-09-17 20:08:34.872 | 01:52   58ms  565M    0G  18/ 39U [GameAnalyzer] Known army advantage is now SlightDisadvantage
2023-09-17 20:08:34.873 | 01:52   58ms  565M    0G  18/ 39U [GameAnalyzer] Predicted army advantage is now SlightDisadvantage
2023-09-17 20:08:36.994 | 02:01   58ms  710M    0G  18/ 39U [Expand] Expanding to (28.5, 50.5)
2023-09-17 20:08:37.451 | 02:03   60ms  345M    0G  18/ 39U [GameAnalyzer] Known army advantage is now Even
2023-09-17 20:08:37.452 | 02:03   60ms  345M    0G  18/ 39U [GameAnalyzer] Predicted army advantage is now Even
2023-09-17 20:08:38.148 | 02:05   64ms  320M    0G  17/ 39U [ProtossUnit] PROBE from NEXUS at (31.5, 26.5)
2023-09-17 20:08:38.443 | 02:07   72ms  345M    0G  18/ 39U [ChronoUnit] Chrono NEXUSTRAIN_PROBE
2023-09-17 20:08:38.789 | 02:08   57ms  375M    0G  18/ 39U [GameAnalyzer] Known army advantage is now SlightDisadvantage
2023-09-17 20:08:38.789 | 02:08   57ms  375M    0G  18/ 39U [GameAnalyzer] Predicted army advantage is now SlightDisadvantage
2023-09-17 20:08:38.892 | 02:09   85ms  380M    0G  18/ 39U [GameAnalyzer] Income advantage is now ClearAdvantage
2023-09-17 20:08:46.924 | 02:45   58ms  615M    0G  17/ 23U [ProtossUnit] PROBE from NEXUS at (31.5, 26.5)
2023-09-17 20:08:46.928 | 02:45   58ms  390M    0G  17/ 23U [BuildGas] Building ASSIMILATOR to (24.5, 29.5)
2023-09-17 20:08:46.930 | 02:45   58ms  315M    0G  17/ 23U [BuildGas] Building ASSIMILATOR to (24.5, 29.5)
2023-09-17 20:08:47.041 | 02:45   89ms  330M    0G  18/ 23U [GameAnalyzer] Income advantage is now SmallAdvantage
2023-09-17 20:08:47.166 | 02:46   63ms  335M    0G  18/ 23U [GameAnalyzer] Known army advantage is now SmallDisadvantage
2023-09-17 20:08:47.172 | 02:46   63ms  335M    0G  18/ 23U [GameAnalyzer] Predicted army advantage is now SmallDisadvantage
2023-09-17 20:08:47.288 | 02:46   79ms  350M    0G  18/ 23U [GameAnalyzer] Income advantage is now ClearAdvantage
2023-09-17 20:08:47.413 | 02:46   54ms  350M    0G  18/ 23U [BuildGas] Building ASSIMILATOR to (35.5, 19.5)
2023-09-17 20:08:47.417 | 02:46   54ms  275M    0G  18/ 23U [BuildGas] Building ASSIMILATOR to (35.5, 19.5)
2023-09-17 20:08:47.488 | 02:47   72ms  280M    0G  18/ 23U [GameAnalyzer] Income advantage is now SmallAdvantage
2023-09-17 20:08:48.205 | 02:50   85ms  305M    0G  18/ 23U [GameAnalyzer] Income advantage is now ClearAdvantage
2023-09-17 20:08:49.963 | 02:57   11ms  435M    0G  18/ 23U [ProtossUnit] PROBE from NEXUS at (31.5, 26.5)
2023-09-17 20:08:50.718 | 03:02   12ms  505M    0G  19/ 23U [PlanCancelBuilding] Cancelled PYLON at (132.0, 120.0) with 3.70068359375 health
2023-09-17 20:08:52.059 | 03:10   12ms  645M    0G  19/ 23U [ProtossUnit] PROBE from NEXUS at (31.5, 26.5)
2023-09-17 20:08:53.840 | 03:20   13ms  635M   32G  20/ 38U [ProtossUnit] PROBE from NEXUS at (28.5, 50.5)
2023-09-17 20:08:53.842 | 03:20   13ms  560M   32G  20/ 38U [BuildGas] Building ASSIMILATOR to (21.5, 53.5)
2023-09-17 20:08:54.204 | 03:22   12ms  535M   40G  21/ 38U [ProtossUnit] PROBE from NEXUS at (31.5, 26.5)
2023-09-17 20:08:54.775 | 03:25   18ms  445M    2G  22/ 38U [ProtossUnit] STALKER from GATEWAY at (52.5, 29.5)
2023-09-17 20:08:56.007 | 03:32   13ms  445M   34G  24/ 38U [ProtossUnit] PROBE from NEXUS at (28.5, 50.5)
2023-09-17 20:08:56.379 | 03:35   12ms  430M   38G  25/ 46U [ProtossUnit] PROBE from NEXUS at (31.5, 26.5)
2023-09-17 20:08:56.787 | 03:37   13ms  325M    4G  26/ 46U [ProtossUnit] STALKER from GATEWAY at (44.5, 28.5)
2023-09-17 20:08:59.011 | 03:45   14ms  405M   40G  28/ 46U [ProtossUnit] PROBE from NEXUS at (28.5, 50.5)
2023-09-17 20:08:59.381 | 03:47   12ms  395M   52G  29/ 46U [ProtossUnit] PROBE from NEXUS at (31.5, 26.5)
2023-09-17 20:09:00.900 | 03:56   15ms  400M   46G  30/ 46U [ProtossUnit] STALKER from GATEWAY at (52.5, 29.5)
2023-09-17 20:09:01.234 | 03:57   20ms  390M   58G  32/ 46U [ProtossUnit] PROBE from NEXUS at (28.5, 50.5)
2023-09-17 20:09:01.618 | 04:00   14ms  365M   70G  33/ 46U [ProtossUnit] PROBE from NEXUS at (31.5, 26.5)
2023-09-17 20:09:02.529 | 04:05   19ms  435M  102G  34/ 46U [Tech] Started WARPGATERESEARCH
2023-09-17 20:09:02.601 | 04:05   19ms  405M   52G  34/ 46U [ChronoAnyTech] Chrono RESEARCH_WARPGATE
2023-09-17 20:09:03.075 | 04:07   21ms  305M   10G  33/ 46U [ProtossUnit] STALKER from GATEWAY at (44.5, 28.5)
2023-09-17 20:09:03.621 | 04:10   19ms  275M   18G  31/ 46U [ProtossUnit] PROBE from NEXUS at (28.5, 50.5)
2023-09-17 20:09:04.040 | 04:12   15ms  260M   26G  29/ 46U [ProtossUnit] PROBE from NEXUS at (31.5, 26.5)
2023-09-17 20:09:05.998 | 04:22   16ms  330M   66G  30/ 46U [ProtossUnit] PROBE from NEXUS at (28.5, 50.5)
2023-09-17 20:09:06.395 | 04:25   12ms  305M   74G  31/ 46U [ProtossUnit] PROBE from NEXUS at (31.5, 26.5)
2023-09-17 20:09:06.497 | 04:25   17ms  310M   78G  32/ 46U [ChronoAnyTech] Chrono RESEARCH_WARPGATE
2023-09-17 20:09:07.347 | 04:30   18ms  375M  102G  32/ 46U [Tech] Started PROTOSSGROUNDWEAPONSLEVEL1
2023-09-17 20:09:07.351 | 04:30   18ms  250M   52G  32/ 46U [ProtossUnit] STALKER from GATEWAY at (52.5, 29.5)
2023-09-17 20:09:07.417 | 04:30   18ms  275M    6G  32/ 46U [ChronoAnyTech] Chrono RESEARCH_PROTOSSGROUNDWEAPONS
2023-09-17 20:09:08.390 | 04:35   14ms  315M   34G  32/ 46U [ProtossUnit] PROBE from NEXUS at (28.5, 50.5)
2023-09-17 20:09:08.831 | 04:37   15ms  290M   50G  33/ 46U [ProtossUnit] PROBE from NEXUS at (31.5, 26.5)
2023-09-17 20:09:08.833 | 04:37   15ms  165M    0G  33/ 46U [ProtossUnit] STALKER from GATEWAY at (52.5, 29.5)
2023-09-17 20:09:08.943 | 04:38   22ms  180M    0G  36/ 46U [GameAnalyzer] Known army advantage is now SlightDisadvantage
2023-09-17 20:09:08.944 | 04:38   22ms  180M    0G  36/ 46U [GameAnalyzer] Predicted army advantage is now SlightDisadvantage
2023-09-17 20:09:10.832 | 04:43   16ms  255M   28G  36/ 46U [GameAnalyzer] Known army advantage is now SmallDisadvantage
2023-09-17 20:09:10.833 | 04:43   16ms  255M   28G  36/ 46U [GameAnalyzer] Predicted army advantage is now SmallDisadvantage
2023-09-17 20:09:11.022 | 04:43   18ms  270M   32G  36/ 46U [GameAnalyzer] Known army advantage is now Even
2023-09-17 20:09:11.024 | 04:43   18ms  270M   32G  36/ 46U [GameAnalyzer] Predicted army advantage is now Even
2023-09-17 20:09:11.399 | 04:45   15ms  300M   44G  36/ 46U [ChronoAnyTech] Chrono RESEARCH_WARPGATE
2023-09-17 20:09:11.708 | 04:47   18ms  200M    2G  36/ 46U [ProtossUnit] STALKER from GATEWAY at (44.5, 28.5)
2023-09-17 20:09:11.909 | 04:47   19ms  170M    6G  38/ 46U [ProtossUnit] PROBE from NEXUS at (28.5, 50.5)
2023-09-17 20:09:12.265 | 04:49   64ms   85M   14G  39/ 46U [GameAnalyzer] Known army advantage is now SlightAdvantage
2023-09-17 20:09:12.266 | 04:49   64ms   85M   14G  39/ 46U [GameAnalyzer] Predicted army advantage is now SlightAdvantage
2023-09-17 20:09:12.534 | 04:50   15ms   55M   22G  39/ 46U [ProtossUnit] PROBE from NEXUS at (31.5, 26.5)
2023-09-17 20:09:13.934 | 04:54   71ms  120M   46G  40/ 46U [GameAnalyzer] Known army advantage is now SmallAdvantage
2023-09-17 20:09:13.935 | 04:54   71ms  120M   46G  40/ 46U [GameAnalyzer] Predicted army advantage is now SmallAdvantage
2023-09-17 20:09:15.651 | 05:00   66ms  165M   82G  40/ 46U [ProtossUnit] PROBE from NEXUS at (28.5, 50.5)
2023-09-17 20:09:16.336 | 05:02   61ms    0M    6G  41/ 46U [ProtossUnit] PROBE from NEXUS at (31.5, 26.5)
2023-09-17 20:09:17.876 | 05:08   61ms   90M   42G  42/ 46U [PlanZoneAttack] Power 8.68 is larger than required attack power 6.00 -> attack!
2023-09-17 20:09:17.877 | 05:08   61ms   90M   42G  42/ 46U [PlanZoneAttack] Attack started at 8.68 power.
2023-09-17 20:09:18.457 | 05:10   80ms    5M    8G  42/ 46U [ProtossUnit] STALKER from GATEWAY at (52.5, 29.5)
2023-09-17 20:09:19.215 | 05:12   81ms    5M   28G  44/ 54U [ActUnit] PROBE from NEXUS at (28.5, 50.5)
2023-09-17 20:09:20.184 | 05:16   27ms    0M   52G  45/ 54U [ActUnit] PROBE from NEXUS at (31.5, 26.5)
2023-09-17 20:09:20.558 | 05:17   82ms   30M   60G  46/ 54U [GameAnalyzer] Known army advantage is now ClearAdvantage
2023-09-17 20:09:20.559 | 05:17   82ms   30M   60G  46/ 54U [GameAnalyzer] Predicted army advantage is now ClearAdvantage
2023-09-17 20:09:20.704 | 05:17   76ms   40M   60G  46/ 54U [ChronoAnyTech] Chrono RESEARCH_PROTOSSGROUNDWEAPONS
2023-09-17 20:09:22.987 | 05:26   18ms    0M  132G  46/ 54U [ActUnit] PROBE from NEXUS at (28.5, 50.5)
2023-09-17 20:09:23.854 | 05:29   18ms    0M  156G  47/ 54U [ActUnit] PROBE from NEXUS at (31.5, 26.5)
2023-09-17 20:09:24.516 | 05:32   19ms   70M  180G  48/ 54U [GameAnalyzer] Known army advantage is now SmallAdvantage
2023-09-17 20:09:24.517 | 05:32   19ms   70M  180G  48/ 54U [GameAnalyzer] Predicted army advantage is now SmallAdvantage
2023-09-17 20:09:26.759 | 05:37   92ms   85M  228G  48/ 54U [ChronoAnyTech] Chrono RESEARCH_PROTOSSGROUNDWEAPONS
2023-09-17 20:09:27.048 | 05:38   80ms   55M  232G  48/ 54U [ActUnit] PROBE from NEXUS at (28.5, 50.5)
2023-09-17 20:09:27.699 | 05:40   80ms   95M  252G  49/ 54U [GameAnalyzer] Known army advantage is now ClearAdvantage
2023-09-17 20:09:27.705 | 05:40   80ms   95M  252G  49/ 54U [GameAnalyzer] Predicted army advantage is now ClearAdvantage
2023-09-17 20:09:28.006 | 05:41   84ms  110M  252G  49/ 54U [GameAnalyzer] Income advantage is now OverwhelmingAdvantage
2023-09-17 20:09:28.014 | 05:41   84ms   60M  252G  49/ 54U [ActUnit] PROBE from NEXUS at (31.5, 26.5)
2023-09-17 20:09:31.089 | 05:50   75ms  155M  278G  52/ 54U [Tech] Started BLINKTECH
2023-09-17 20:09:31.679 | 05:53   81ms    5M  148G  52/ 54U [ActUnit] PROBE from NEXUS at (28.5, 50.5)
2023-09-17 20:09:32.230 | 05:55   18ms    5M  172G  53/ 62U [ActUnit] PROBE from NEXUS at (31.5, 26.5)
2023-09-17 20:09:35.165 | 06:05   81ms    0M  198G  56/ 62U [ActUnit] PROBE from NEXUS at (28.5, 50.5)
2023-09-17 20:09:35.927 | 06:07   72ms    5M  218G  57/ 62U [ActUnit] PROBE from NEXUS at (31.5, 26.5)
2023-09-17 20:09:37.740 | 06:13   85ms  150M  266G  58/ 62U [Tech] Started PROTOSSGROUNDWEAPONSLEVEL2
2023-09-17 20:09:38.817 | 06:18   22ms   80M  152G  58/ 62U [ActUnit] PROBE from NEXUS at (28.5, 50.5)
2023-09-17 20:09:39.348 | 06:20   24ms   15M  118G  61/ 62U [GameAnalyzer] Predicted army advantage is now SlightAdvantage
2023-09-17 20:09:39.560 | 06:21   25ms   40M  126G  61/ 62U [ChronoAnyTech] Chrono RESEARCH_PROTOSSGROUNDWEAPONS
2023-09-17 20:09:39.691 | 06:21   29ms    5M  130G  61/ 62U [ActUnit] PROBE from NEXUS at (31.5, 26.5)
2023-09-17 20:09:40.206 | 06:23   22ms   70M  150G  62/ 62U [GameAnalyzer] Predicted army advantage is now SmallAdvantage
2023-09-17 20:09:41.660 | 06:31   24ms   35M  160G  64/ 70U [GameAnalyzer] Predicted army advantage is now SlightAdvantage
2023-09-17 20:09:41.662 | 06:31   24ms   35M  160G  64/ 70U [ChronoAnyTech] Chrono RESEARCH_BLINK
2023-09-17 20:09:41.774 | 06:31   27ms    0M  160G  64/ 70U [ActUnit] PROBE from NEXUS at (28.5, 50.5)
2023-09-17 20:09:42.185 | 06:33   24ms   55M  172G  65/ 70U [GameAnalyzer] Known army advantage is now OverwhelmingAdvantage
2023-09-17 20:09:42.186 | 06:33   24ms   55M  172G  65/ 70U [GameAnalyzer] Predicted army advantage is now SmallAdvantage
2023-09-17 20:09:42.413 | 06:34   24ms   30M  184G  65/ 70U [ActUnit] PROBE from NEXUS at (31.5, 26.5)
2023-09-17 20:09:43.687 | 06:39   24ms   45M  170G  68/ 70U [GameAnalyzer] Known army advantage is now ClearAdvantage
2023-09-17 20:09:43.919 | 06:40   25ms   70M  182G  68/ 70U [GameAnalyzer] Income advantage is now ClearAdvantage
2023-09-17 20:09:44.403 | 06:41   25ms   20M  194G  68/ 70U [EnemyArmyPredicter] Predicting negative free minerals for enemy: -729
2023-09-17 20:09:44.404 | 06:41   25ms   20M  194G  68/ 70U [GameAnalyzer] Known army advantage is now OverwhelmingAdvantage
2023-09-17 20:09:44.405 | 06:41   25ms   20M  194G  68/ 70U [GameAnalyzer] Predicted army advantage is now OverwhelmingAdvantage
2023-09-17 20:09:46.298 | 06:45   29ms   15M  180G  70/ 70U [GameAnalyzer] Income advantage is now OverwhelmingAdvantage
2023-09-17 20:09:46.643 | 06:47   24ms   55M  192G  70/ 78U [EnemyArmyPredicter] Predicting negative free minerals for enemy: -1114
2023-09-17 20:09:47.822 | 06:52   24ms   85M  232G  70/ 78U [EnemyArmyPredicter] Predicting negative free minerals for enemy: -1250
2023-09-17 20:09:49.165 | 06:57   29ms  110M  226G  72/ 78U [EnemyArmyPredicter] Predicting negative free minerals for enemy: -1436
2023-09-17 20:09:50.577 | 07:03   29ms   10M  224G  74/ 78U [EnemyArmyPredicter] Predicting negative free minerals for enemy: -1621
2023-09-17 20:09:52.019 | 07:08   28ms   25M  260G  74/ 86U [EnemyArmyPredicter] Predicting negative free minerals for enemy: -1607
2023-09-17 20:09:53.429 | 07:13   30ms   70M  258G  76/ 86U [EnemyArmyPredicter] Predicting negative free minerals for enemy: -1693
2023-09-17 20:09:54.931 | 07:19   28ms  140M  298G  76/ 86U [EnemyArmyPredicter] Predicting negative free minerals for enemy: -1929
2023-09-17 20:09:56.403 | 07:24   29ms   20M  292G  78/ 86U [EnemyArmyPredicter] Predicting negative free minerals for enemy: -1964
2023-09-17 20:09:56.405 | 07:24   29ms   20M  292G  78/ 86U [ChronoAnyTech] Chrono RESEARCH_PROTOSSGROUNDWEAPONS
2023-09-17 20:09:58.019 | 07:30   24ms   60M  290G  80/ 86U [EnemyArmyPredicter] Predicting negative free minerals for enemy: -2000
2023-09-17 20:09:59.173 | 07:34   25ms  180M  326G  80/ 86U [ChronoAnyTech] Chrono RESEARCH_BLINK
2023-09-17 20:09:59.400 | 07:35   25ms  210M  330G  80/ 86U [EnemyArmyPredicter] Predicting negative free minerals for enemy: -2036
2023-09-17 20:10:00.783 | 07:40   26ms  145M  324G  82/ 94U [EnemyArmyPredicter] Predicting negative free minerals for enemy: -2271
2023-09-17 20:10:02.240 | 07:46   26ms  180M  322G  84/ 94U [EnemyArmyPredicter] Predicting negative free minerals for enemy: -2207
2023-09-17 20:10:04.444 | 07:51   27ms  215M  312G  86/ 94U [EnemyArmyPredicter] Predicting negative free minerals for enemy: -2343
2023-09-17 20:10:05.873 | 07:56   27ms   25M  256G  90/ 94U [EnemyArmyPredicter] Predicting negative free minerals for enemy: -2404
2023-09-17 20:10:07.347 | 08:02   30ms   50M  254G  92/102U [EnemyArmyPredicter] Predicting negative free minerals for enemy: -2489
2023-09-17 20:10:09.100 | 08:07   42ms   85M  240G  94/102U [EnemyArmyPredicter] Predicting negative free minerals for enemy: -2725
2023-09-17 20:10:10.879 | 08:12   35ms   25M  238G  96/110U [EnemyArmyPredicter] Predicting negative free minerals for enemy: -2961
2023-09-17 20:10:12.886 | 08:18   58ms   60M  228G  98/110U [EnemyArmyPredicter] Predicting negative free minerals for enemy: -2996
2023-09-17 20:10:14.565 | 08:23   29ms  105M  222G 100/110U [EnemyArmyPredicter] Predicting negative free minerals for enemy: -3532
2023-09-17 20:10:16.260 | 08:28   78ms  160M  270G 100/118U [EnemyArmyPredicter] Predicting negative free minerals for enemy: -3868
2023-09-17 20:10:16.677 | 08:30   33ms  200M  282G 100/118U [Tech] Started PROTOSSGROUNDWEAPONSLEVEL3
2023-09-17 20:10:16.806 | 08:30   54ms   25M   82G 100/118U [ChronoAnyTech] Chrono RESEARCH_PROTOSSGROUNDWEAPONS
2023-09-17 20:10:17.388 | 08:32   40ms    0M   94G 100/118U [BuildGas] Building ASSIMILATOR to (26.5, 57.5)
2023-09-17 20:10:17.886 | 08:34   30ms   45M  110G 100/118U [EnemyArmyPredicter] Predicting negative free minerals for enemy: -4104
2023-09-17 20:10:18.267 | 08:35   31ms  100M  122G 100/118U [GameAnalyzer] Income advantage is now ClearAdvantage
2023-09-17 20:10:19.370 | 08:39   28ms   90M  104G 102/118U [EnemyArmyPredicter] Predicting negative free minerals for enemy: -4989
2023-09-17 20:10:20.738 | 08:44   30ms  100M   94G 104/118U [GameAnalyzer] Income advantage is now OverwhelmingAdvantage
2023-09-17 20:10:20.876 | 08:45   30ms  115M  102G 104/118U [EnemyArmyPredicter] Predicting negative free minerals for enemy: -9735
2023-09-17 20:10:21.561 | 08:47   30ms   60M   64G 106/126U [GameAnalyzer] Income advantage is now ClearAdvantage
2023-09-17 20:10:22.601 | 08:50   38ms   25M   42G 108/126U [EnemyArmyPredicter] Predicting negative free minerals for enemy: -8580
2023-09-17 20:10:22.752 | 08:50   36ms   35M   50G 108/126U [ChronoAnyTech] Chrono RESEARCH_PROTOSSGROUNDWEAPONS
2023-09-17 20:10:23.103 | 08:51   33ms   60M   50G 108/126U [GameAnalyzer] Income advantage is now OverwhelmingAdvantage
2023-09-17 20:10:24.721 | 08:55   29ms   85M   86G 108/126U [EnemyArmyPredicter] Predicting negative free minerals for enemy: -2651
2023-09-17 20:10:26.074 | 08:59   32ms   70M   72G 110/126U [GameAnalyzer] Income advantage is now ClearAdvantage
2023-09-17 20:10:27.878 | 09:05   49ms   90M   74G 112/126U [GameAnalyzer] Income advantage is now OverwhelmingAdvantage
2023-09-17 20:10:28.483 | 09:06   79ms  135M   86G 112/126U [EnemyArmyPredicter] Predicting negative free minerals for enemy: -3273
2023-09-17 20:10:30.389 | 09:11   33ms   40M   46G 116/126U [EnemyArmyPredicter] Predicting negative free minerals for enemy: -3259
2023-09-17 20:10:31.984 | 09:17   74ms   95M  102G 116/134U [EnemyArmyPredicter] Predicting negative free minerals for enemy: -3244
2023-09-17 20:10:33.598 | 09:22   62ms  110M  108G 118/134U [EnemyArmyPredicter] Predicting negative free minerals for enemy: -3580
2023-09-17 20:10:35.201 | 09:27   36ms  105M  122G 120/134U [EnemyArmyPredicter] Predicting negative free minerals for enemy: -9195
2023-09-17 20:10:36.510 | 09:31   78ms  105M  112G 122/134U [ChronoAnyTech] Chrono RESEARCH_PROTOSSGROUNDWEAPONS
2023-09-17 20:10:36.996 | 09:33   92ms   25M   78G 124/134U [EnemyArmyPredicter] Predicting negative free minerals for enemy: -7955
2023-09-17 20:10:37.314 | INFO     | sc2.protocol:_execute:72 - Client status changed to Status.ended (was Status.in_game)
2023-09-17 20:10:37.318 | Result: Victory
2023-09-17 20:10:37.319 | Duration: 09:33
2023-09-17 20:10:37.320 | Step time min: 6
2023-09-17 20:10:37.320 | Step time avg: 36
2023-09-17 20:10:37.321 | Step time max: 107
2023-09-17 20:10:37.321 | [LostUnitsContents] My lost units minerals and gas: (775.0, 0.0)
2023-09-17 20:10:37.322 | [LostUnitsContents] My lost units minerals by score: 675.0
2023-09-17 20:10:37.323 | [LostUnitsContents] Enemy lost units minerals and gas: (14625, 1250)
2023-09-17 20:10:37.323 | [LostUnitsContents] Enemy lost units minerals by score: 12375.0
2023-09-17 20:10:37.324 | [GameAnalyzerEnd] Own units:
2023-09-17 20:10:37.325 | [GameAnalyzerEnd] PROBE             total:  51 alive:  40 dead:  11 
2023-09-17 20:10:37.325 | [GameAnalyzerEnd] STALKER           total:  40 alive:  40 dead:   0 
2023-09-17 20:10:37.326 | [GameAnalyzerEnd] PYLON             total:  17 alive:  14 dead:   3 
2023-09-17 20:10:37.327 | [GameAnalyzerEnd] WARPGATE          total:   7 alive:   7 dead:   0 
2023-09-17 20:10:37.327 | [GameAnalyzerEnd] ASSIMILATOR       total:   4 alive:   4 dead:   0 
2023-09-17 20:10:37.328 | [GameAnalyzerEnd] NEXUS             total:   2 alive:   2 dead:   0 
2023-09-17 20:10:37.328 | [GameAnalyzerEnd] CYBERNETICSCORE   total:   1 alive:   1 dead:   0 
2023-09-17 20:10:37.329 | [GameAnalyzerEnd] FORGE             total:   1 alive:   1 dead:   0 
2023-09-17 20:10:37.329 | [GameAnalyzerEnd] TWILIGHTCOUNCIL   total:   1 alive:   1 dead:   0 
2023-09-17 20:10:37.330 | [GameAnalyzerEnd] Enemy units:
2023-09-17 20:10:37.331 | [GameAnalyzerEnd] MARINE            total:  70 alive:   0 dead:  70 
2023-09-17 20:10:37.331 | [GameAnalyzerEnd] SCV               total:  68 alive:   1 dead:  67 
2023-09-17 20:10:37.332 | [GameAnalyzerEnd] SUPPLYDEPOT       total:  20 alive:   1 dead:  19 
2023-09-17 20:10:37.332 | [GameAnalyzerEnd] BARRACKS          total:  18 alive:   0 dead:  18 
2023-09-17 20:10:37.333 | [GameAnalyzerEnd] MARAUDER          total:   6 alive:   0 dead:   6 
2023-09-17 20:10:37.334 | [GameAnalyzerEnd] MEDIVAC           total:   5 alive:   0 dead:   5 
2023-09-17 20:10:37.334 | [GameAnalyzerEnd] COMMANDCENTER     total:   3 alive:   1 dead:   2 
2023-09-17 20:10:37.335 | [GameAnalyzerEnd] FACTORY           total:   3 alive:   0 dead:   3 
2023-09-17 20:10:37.335 | [GameAnalyzerEnd] ORBITALCOMMAND    total:   2 alive:   1 dead:   1 
2023-09-17 20:10:37.336 | [GameAnalyzerEnd] TECHLAB           total:   2 alive:   0 dead:   2 
2023-09-17 20:10:37.337 | [GameAnalyzerEnd] REFINERY          total:   2 alive:   0 dead:   2 
2023-09-17 20:10:37.338 | [GameAnalyzerEnd] STARPORT          total:   1 alive:   0 dead:   1 
2023-09-17 20:10:37.338 | [GameAnalyzerEnd] ENGINEERINGBAY    total:   1 alive:   0 dead:   1 
2023-09-17 20:10:37.339 | [GameAnalyzerEnd] Minerals max 740 Average 212
2023-09-17 20:10:37.339 | [GameAnalyzerEnd] Vespene max 336 Average 95
2023-09-17 20:10:37.340 | INFO     | sc2.main:_play_game:228 - Result for player 2 - Bot LadderBot(Protoss): Victory
