2023-09-19 11:17:18.435 | INFO     | sc2.protocol:_execute:72 - Client status changed to Status.in_game (was None)
2023-09-19 11:17:18.436 | INFO     | sc2.main:_play_game:221 - Player 2 - Bot LadderBot(Protoss)
2023-09-19 11:17:18.664 | 00:00    0ms    0M    0G  12/ 15U [Version] 4.10.0.75689
2023-09-19 11:17:18.665 | 00:00    0ms    0M    0G  12/ 15U [Version] 5.0.6 Balance mod recognized.
2023-09-19 11:17:18.734 | 00:00    0ms    0M    0G  12/ 15U [ZoneManager] Map set to: MapName.Unknown from name: InfestationStationAIE and hash: 3102896.
2023-09-19 11:17:19.327 | [DataManager] No BuildDetector found, enemy build data cannot be saved
2023-09-19 11:17:19.329 | 00:00    0ms    0M    0G  12/ 15U [Build] Cannon contain
2023-09-19 11:17:19.353 | [Start] My race: Protoss
2023-09-19 11:17:19.354 | [Start] Opponent race: Terran
2023-09-19 11:17:19.354 | [Start] OpponentId: 1
2023-09-19 11:17:21.407 | 00:16    7ms    5M    0G  13/ 15U [ActUnitOnce] PROBE from NEXUS at (43.5, 40.5)
2023-09-19 11:17:23.394 | 00:35    7ms    5M    0G  14/ 23U [ActUnitOnce] PROBE from NEXUS at (43.5, 40.5)
2023-09-19 11:17:23.436 | 00:35    7ms    5M    0G  15/ 23U [ChronoUnit] Chrono NEXUSTRAIN_PROBE
2023-09-19 11:17:25.148 | 00:43   60ms   40M    0G  15/ 23U [ActUnitOnce] PROBE from NEXUS at (43.5, 40.5)
2023-09-19 11:17:26.242 | 00:49   57ms  105M    0G  16/ 23U [BuildPosition] Building PYLON to (106.5, 137.5)
2023-09-19 11:17:27.039 | 00:53   56ms    0M    0G  16/ 23U [ActUnitOnce] PROBE from NEXUS at (43.5, 40.5)
2023-09-19 11:17:28.964 | 01:04   57ms   90M    0G  17/ 23U [ActUnitOnce] PROBE from NEXUS at (43.5, 40.5)
2023-09-19 11:17:30.759 | 01:14   12ms  210M    0G  18/ 31U [BuildPosition] Building PHOTONCANNON to (110.12279030844846, 134.05393117001245)
2023-09-19 11:17:31.291 | 01:17   58ms  105M    0G  18/ 31U [BuildPosition] Building PYLON to (110.29646449351755, 129.98628987201988)
2023-09-19 11:17:33.606 | 01:28   40ms  155M    0G  18/ 31U [BuildPosition] Building PHOTONCANNON to (112.16282390121316, 134.80345848890815)
2023-09-19 11:17:35.195 | 01:35   64ms  100M    0G  18/ 31U [BuildPosition] Building PYLON to (118.0929289870351, 126.47257974403979)
2023-09-19 11:17:37.825 | 01:47   48ms  170M    0G  18/ 39U [GameAnalyzer] Known army advantage is now SlightDisadvantage
2023-09-19 11:17:37.827 | 01:47   48ms  170M    0G  18/ 39U [GameAnalyzer] Predicted army advantage is now SlightDisadvantage
2023-09-19 11:17:37.846 | 01:47   48ms  170M    0G  18/ 39U [BuildPosition] Building PHOTONCANNON to (111.36588292494332, 132.120705367551)
2023-09-19 11:17:39.172 | 01:52   58ms  110M    0G  18/ 39U [BuildPosition] Building PYLON to (113.54540929280498, 143.10019713017832)
2023-09-19 11:17:41.943 | 02:03   57ms  155M    0G  18/ 47U [BuildPosition] Building PHOTONCANNON to (111.49963410044782, 137.439511475143)
2023-09-19 11:17:43.399 | 02:09   79ms  100M    0G  18/ 47U [BuildPosition] Building PYLON to (116.4994145607165, 135.4032183602288)
2023-09-19 11:17:44.474 | 02:13   57ms   65M    0G  18/ 55U [GameAnalyzer] Known army advantage is now Even
2023-09-19 11:17:44.475 | 02:13   57ms   65M    0G  18/ 55U [GameAnalyzer] Predicted army advantage is now Even
2023-09-19 11:17:45.777 | 02:19   57ms  150M    0G  18/ 55U [GameAnalyzer] Known army advantage is now SlightDisadvantage
2023-09-19 11:17:45.779 | 02:19   57ms  150M    0G  18/ 55U [GameAnalyzer] Predicted army advantage is now SlightDisadvantage
2023-09-19 11:17:45.926 | 02:19   78ms  160M    0G  18/ 55U [BuildPosition] Building PHOTONCANNON to (116.49912184107475, 137.35482754034322)
2023-09-19 11:17:47.532 | 02:25   73ms  110M    0G  18/ 55U [BuildPosition] Building PYLON to (122.498829121433, 137.3064367204576)
2023-09-19 11:17:47.671 | 02:26   60ms  115M    0G  18/ 55U [BuildPosition] Building PYLON to (122.498829121433, 137.3064367204576)
2023-09-19 11:17:47.788 | 02:26   85ms  120M    0G  18/ 55U [BuildPosition] Building PYLON to (122.498829121433, 137.3064367204576)
2023-09-19 11:17:47.905 | 02:27   64ms  120M    0G  18/ 55U [BuildPosition] Building PYLON to (122.498829121433, 137.3064367204576)
2023-09-19 11:17:48.019 | 02:27   67ms  125M    0G  18/ 55U [BuildPosition] Building PYLON to (122.498829121433, 137.3064367204576)
2023-09-19 11:17:48.128 | 02:28   59ms  145M    0G  18/ 55U [BuildPosition] Building PYLON to (122.498829121433, 137.3064367204576)
2023-09-19 11:17:48.242 | 02:28   62ms  155M    0G  18/ 55U [BuildPosition] Building PYLON to (122.498829121433, 137.3064367204576)
2023-09-19 11:17:48.353 | 02:29   58ms  155M    0G  18/ 55U [BuildPosition] Building PYLON to (122.498829121433, 137.3064367204576)
2023-09-19 11:17:48.463 | 02:29   60ms  160M    0G  18/ 55U [BuildPosition] Building PYLON to (122.498829121433, 137.3064367204576)
2023-09-19 11:17:48.531 | 02:30   59ms  165M    0G  18/ 63U [GameAnalyzer] Known army advantage is now Even
2023-09-19 11:17:48.535 | 02:30   59ms  165M    0G  18/ 63U [GameAnalyzer] Predicted army advantage is now Even
2023-09-19 11:17:48.537 | 02:30   59ms  165M    0G  18/ 63U [BuildPosition] Building PYLON to (122.498829121433, 137.3064367204576)
2023-09-19 11:17:48.649 | 02:30   20ms  175M    0G  18/ 63U [BuildPosition] Building PYLON to (122.498829121433, 137.3064367204576)
2023-09-19 11:17:48.764 | 02:30   66ms  190M    0G  18/ 63U [BuildPosition] Building PYLON to (122.498829121433, 137.3064367204576)
2023-09-19 11:17:48.880 | 02:31   65ms  190M    0G  18/ 63U [BuildPosition] Building PYLON to (122.498829121433, 137.3064367204576)
2023-09-19 11:17:48.996 | 02:31   65ms  195M    0G  18/ 63U [BuildPosition] Building PYLON to (122.498829121433, 137.3064367204576)
2023-09-19 11:17:49.111 | 02:32   64ms  205M    0G  18/ 63U [BuildPosition] Building PYLON to (122.498829121433, 137.3064367204576)
2023-09-19 11:17:49.226 | 02:32   64ms  205M    0G  18/ 63U [BuildPosition] Building PYLON to (122.498829121433, 137.3064367204576)
2023-09-19 11:17:49.299 | 02:33   64ms  215M    0G  18/ 63U [BuildPosition] Building PYLON to (122.498829121433, 137.3064367204576)
2023-09-19 11:17:49.407 | 02:33   21ms  225M    0G  18/ 63U [BuildPosition] Building PYLON to (122.498829121433, 137.3064367204576)
2023-09-19 11:17:49.514 | 02:34   64ms  230M    0G  18/ 63U [BuildPosition] Building PYLON to (122.498829121433, 137.3064367204576)
2023-09-19 11:17:49.625 | 02:34   63ms  235M    0G  18/ 63U [BuildPosition] Building PYLON to (122.498829121433, 137.3064367204576)
2023-09-19 11:17:49.692 | 02:34   57ms  250M    0G  18/ 63U [BuildPosition] Building PYLON to (122.498829121433, 137.3064367204576)
2023-09-19 11:17:49.824 | 02:35   14ms  255M    0G  18/ 63U [GameAnalyzer] Known army advantage is now SlightDisadvantage
2023-09-19 11:17:49.826 | 02:35   14ms  255M    0G  18/ 63U [GameAnalyzer] Predicted army advantage is now SlightDisadvantage
2023-09-19 11:17:49.828 | 02:35   14ms  255M    0G  18/ 63U [BuildPosition] Building PYLON to (122.498829121433, 137.3064367204576)
2023-09-19 11:17:49.939 | 02:35   86ms  260M    0G  18/ 63U [BuildPosition] Building PYLON to (122.498829121433, 137.3064367204576)
2023-09-19 11:17:50.064 | 02:36   60ms  265M    0G  18/ 63U [BuildPosition] Building PYLON to (122.498829121433, 137.3064367204576)
2023-09-19 11:17:50.186 | 02:36   71ms  270M    0G  18/ 63U [BuildPosition] Building PYLON to (122.498829121433, 137.3064367204576)
2023-09-19 11:17:50.314 | 02:37   64ms  285M    0G  18/ 63U [BuildPosition] Building PYLON to (122.498829121433, 137.3064367204576)
2023-09-19 11:17:50.423 | 02:37   77ms  285M    0G  18/ 63U [BuildPosition] Building PYLON to (122.498829121433, 137.3064367204576)
2023-09-19 11:17:50.558 | 02:38   60ms  290M    0G  18/ 63U [BuildPosition] Building PYLON to (122.498829121433, 137.3064367204576)
2023-09-19 11:17:50.674 | 02:38   81ms  300M    0G  18/ 63U [BuildPosition] Building PYLON to (122.498829121433, 137.3064367204576)
2023-09-19 11:17:50.803 | 02:38   63ms  310M    0G  18/ 63U [BuildPosition] Building PYLON to (122.498829121433, 137.3064367204576)
2023-09-19 11:17:50.961 | 02:39   77ms  320M    0G  18/ 63U [BuildPosition] Building PYLON to (122.498829121433, 137.3064367204576)
2023-09-19 11:17:51.084 | 02:39   63ms  320M    0G  18/ 63U [BuildPosition] Building PYLON to (122.498829121433, 137.3064367204576)
2023-09-19 11:17:51.155 | 02:40   73ms  320M    0G  18/ 63U [BuildPosition] Building PYLON to (122.498829121433, 137.3064367204576)
2023-09-19 11:17:51.282 | 02:40   14ms  340M    0G  18/ 63U [BuildPosition] Building PYLON to (122.498829121433, 137.3064367204576)
2023-09-19 11:17:51.392 | 02:41   76ms  345M    0G  18/ 63U [BuildPosition] Building PYLON to (122.498829121433, 137.3064367204576)
2023-09-19 11:17:51.529 | 02:41   63ms  350M    0G  18/ 63U [BuildPosition] Building PYLON to (122.498829121433, 137.3064367204576)
2023-09-19 11:17:51.614 | 02:42   81ms  355M    0G  18/ 63U [BuildPosition] Building PYLON to (122.498829121433, 137.3064367204576)
2023-09-19 11:17:51.737 | 02:42   33ms  365M    0G  18/ 63U [BuildPosition] Building PYLON to (122.498829121433, 137.3064367204576)
2023-09-19 11:17:51.851 | 02:42   76ms  370M    0G  18/ 63U [BuildPosition] Building PYLON to (122.498829121433, 137.3064367204576)
2023-09-19 11:17:51.983 | 02:43   62ms  380M    0G  18/ 63U [BuildPosition] Building PYLON to (122.498829121433, 137.3064367204576)
2023-09-19 11:17:52.060 | 02:43   79ms  385M    0G  18/ 63U [BuildPosition] Building PYLON to (122.498829121433, 137.3064367204576)
2023-09-19 11:17:52.195 | 02:44   23ms  390M    0G  18/ 63U [BuildPosition] Building PYLON to (122.498829121433, 137.3064367204576)
2023-09-19 11:17:52.276 | 02:44   83ms  395M    0G  18/ 63U [BuildPosition] Building PYLON to (122.498829121433, 137.3064367204576)
2023-09-19 11:17:52.404 | 02:45   22ms  405M    0G  18/ 63U [BuildPosition] Building PYLON to (122.498829121433, 137.3064367204576)
2023-09-19 11:17:52.546 | 02:45   74ms  410M    0G  18/ 63U [BuildPosition] Building PYLON to (122.498829121433, 137.3064367204576)
2023-09-19 11:17:52.680 | 02:46   61ms  420M    0G  18/ 63U [BuildPosition] Building PYLON to (122.498829121433, 137.3064367204576)
2023-09-19 11:17:52.803 | 02:46   78ms  430M    0G  18/ 63U [BuildPosition] Building PYLON to (122.498829121433, 137.3064367204576)
2023-09-19 11:17:52.934 | 02:46   64ms  430M    0G  18/ 63U [BuildPosition] Building PYLON to (122.498829121433, 137.3064367204576)
2023-09-19 11:17:53.061 | 02:47   80ms  435M    0G  18/ 63U [BuildPosition] Building PYLON to (122.498829121433, 137.3064367204576)
2023-09-19 11:17:53.194 | 02:47   64ms  445M    0G  18/ 63U [BuildPosition] Building PYLON to (122.498829121433, 137.3064367204576)
2023-09-19 11:17:53.323 | 02:48   78ms  455M    0G  18/ 63U [BuildPosition] Building PYLON to (122.498829121433, 137.3064367204576)
2023-09-19 11:17:53.434 | 02:48   65ms  465M    0G  18/ 63U [BuildPosition] Building PYLON to (122.498829121433, 137.3064367204576)
2023-09-19 11:17:53.547 | 02:49   61ms  475M    0G  18/ 63U [BuildPosition] Building PYLON to (122.498829121433, 137.3064367204576)
2023-09-19 11:17:53.629 | 02:49   63ms  475M    0G  18/ 63U [BuildPosition] Building PYLON to (122.498829121433, 137.3064367204576)
2023-09-19 11:17:53.743 | 02:50   29ms  475M    0G  18/ 63U [BuildPosition] Building PYLON to (122.498829121433, 137.3064367204576)
2023-09-19 11:17:53.816 | 02:50   64ms  485M    0G  18/ 63U [BuildPosition] Building PYLON to (122.498829121433, 137.3064367204576)
2023-09-19 11:17:53.931 | 02:50   27ms  495M    0G  18/ 63U [BuildPosition] Building PYLON to (122.498829121433, 137.3064367204576)
2023-09-19 11:17:54.046 | 02:51   60ms  510M    0G  18/ 63U [GameAnalyzer] Known army advantage is now Even
2023-09-19 11:17:54.051 | 02:51   60ms  510M    0G  18/ 63U [GameAnalyzer] Predicted army advantage is now Even
2023-09-19 11:17:54.054 | 02:51   60ms  510M    0G  18/ 63U [BuildPosition] Building PYLON to (122.498829121433, 137.3064367204576)
2023-09-19 11:17:54.136 | 02:51   67ms  510M    0G  18/ 63U [BuildPosition] Building PYLON to (122.498829121433, 137.3064367204576)
2023-09-19 11:17:54.205 | 02:52   30ms  515M    0G  18/ 63U [BuildPosition] Building PYLON to (122.498829121433, 137.3064367204576)
2023-09-19 11:17:54.279 | 02:52   18ms  520M    0G  18/ 63U [BuildPosition] Building PYLON to (122.498829121433, 137.3064367204576)
2023-09-19 11:17:54.410 | 02:53   18ms  530M    0G  18/ 63U [BuildPosition] Building PYLON to (122.498829121433, 137.3064367204576)
2023-09-19 11:17:54.531 | 02:53   79ms  545M    0G  18/ 63U [BuildPosition] Building PYLON to (122.498829121433, 137.3064367204576)
2023-09-19 11:17:54.670 | 02:54   60ms  545M    0G  18/ 63U [BuildPosition] Building PYLON to (122.498829121433, 137.3064367204576)
2023-09-19 11:17:54.801 | 02:54   80ms  550M    0G  18/ 63U [BuildPosition] Building PYLON to (122.498829121433, 137.3064367204576)
2023-09-19 11:17:54.926 | 02:55   66ms  555M    0G  18/ 63U [BuildPosition] Building PYLON to (122.498829121433, 137.3064367204576)
2023-09-19 11:17:55.041 | 02:55   74ms  565M    0G  18/ 63U [BuildPosition] Building PYLON to (122.498829121433, 137.3064367204576)
2023-09-19 11:17:55.192 | 02:55   62ms  570M    0G  18/ 63U [BuildPosition] Building PYLON to (122.498829121433, 137.3064367204576)
2023-09-19 11:17:55.336 | 02:56   91ms  575M    0G  18/ 63U [BuildPosition] Building PYLON to (122.498829121433, 137.3064367204576)
2023-09-19 11:17:55.469 | 02:56   61ms  585M    0G  18/ 63U [GameAnalyzer] Known army advantage is now SlightDisadvantage
2023-09-19 11:17:55.470 | 02:56   61ms  585M    0G  18/ 63U [GameAnalyzer] Predicted army advantage is now SlightDisadvantage
2023-09-19 11:17:55.473 | 02:56   61ms  585M    0G  18/ 63U [BuildPosition] Building PYLON to (122.498829121433, 137.3064367204576)
2023-09-19 11:17:55.607 | 02:57   82ms  595M    0G  18/ 63U [BuildPosition] Building PYLON to (122.498829121433, 137.3064367204576)
2023-09-19 11:17:55.735 | 02:57   60ms  600M    0G  18/ 63U [BuildPosition] Building PYLON to (122.498829121433, 137.3064367204576)
2023-09-19 11:17:55.808 | 02:58   75ms  610M    0G  18/ 63U [BuildPosition] Building PYLON to (122.498829121433, 137.3064367204576)
2023-09-19 11:17:55.954 | 02:58   16ms  610M    0G  18/ 63U [BuildPosition] Building PYLON to (122.498829121433, 137.3064367204576)
2023-09-19 11:17:56.037 | 02:59   82ms  625M    0G  18/ 63U [BuildPosition] Building PYLON to (122.498829121433, 137.3064367204576)
2023-09-19 11:17:56.178 | 02:59   19ms  630M    0G  18/ 63U [BuildPosition] Building PYLON to (122.498829121433, 137.3064367204576)
2023-09-19 11:17:56.311 | 02:59   81ms  635M    0G  18/ 63U [BuildPosition] Building PYLON to (122.498829121433, 137.3064367204576)
2023-09-19 11:17:56.442 | 03:00   60ms  645M    0G  18/ 63U [BuildPosition] Building PYLON to (122.498829121433, 137.3064367204576)
2023-09-19 11:17:56.553 | 03:00   72ms  645M    0G  18/ 63U [BuildPosition] Building PYLON to (122.498829121433, 137.3064367204576)
2023-09-19 11:17:56.683 | 03:01   54ms  650M    0G  18/ 63U [BuildPosition] Building PYLON to (122.498829121433, 137.3064367204576)
2023-09-19 11:17:56.756 | 03:01   79ms  660M    0G  18/ 63U [BuildPosition] Building PYLON to (122.498829121433, 137.3064367204576)
2023-09-19 11:17:56.890 | 03:02   18ms  670M    0G  18/ 63U [BuildPosition] Building PYLON to (122.498829121433, 137.3064367204576)
2023-09-19 11:17:57.788 | 03:02   82ms  675M    0G  18/ 63U [BuildPosition] Building PYLON to (122.498829121433, 137.3064367204576)
2023-09-19 11:17:57.916 | 03:03   60ms  690M    0G  18/ 63U [BuildPosition] Building PYLON to (122.498829121433, 137.3064367204576)
2023-09-19 11:17:58.035 | 03:03   77ms  690M    0G  18/ 63U [BuildPosition] Building PYLON to (122.498829121433, 137.3064367204576)
2023-09-19 11:17:58.175 | 03:03   63ms  695M    0G  18/ 63U [BuildPosition] Building PYLON to (122.498829121433, 137.3064367204576)
2023-09-19 11:17:58.294 | 03:04   83ms  705M    0G  18/ 63U [BuildPosition] Building PYLON to (122.498829121433, 137.3064367204576)
2023-09-19 11:17:58.441 | 03:04   65ms  705M    0G  18/ 63U [BuildPosition] Building PYLON to (122.498829121433, 137.3064367204576)
2023-09-19 11:17:58.565 | 03:05   89ms  725M    0G  18/ 63U [BuildPosition] Building PYLON to (122.498829121433, 137.3064367204576)
2023-09-19 11:17:58.708 | 03:05   65ms  730M    0G  18/ 63U [BuildPosition] Building PYLON to (122.498829121433, 137.3064367204576)
2023-09-19 11:17:58.789 | 03:06   84ms  730M    0G  18/ 63U [BuildPosition] Building PYLON to (122.498829121433, 137.3064367204576)
2023-09-19 11:17:58.937 | 03:06   22ms  730M    0G  18/ 63U [BuildPosition] Building PYLON to (122.498829121433, 137.3064367204576)
2023-09-19 11:17:59.067 | 03:07   95ms  740M    0G  18/ 63U [BuildPosition] Building PYLON to (122.498829121433, 137.3064367204576)
2023-09-19 11:17:59.194 | 03:07   66ms  755M    0G  18/ 63U [Expand] Expanding to (69.5, 34.5)
2023-09-19 11:17:59.198 | 03:07   66ms  280M    0G  18/ 63U [BuildGas] Building ASSIMILATOR to (40.5, 47.5)
2023-09-19 11:17:59.201 | 03:07   66ms  205M    0G  18/ 63U [BuildGas] Building ASSIMILATOR to (40.5, 47.5)
2023-09-19 11:17:59.202 | 03:07   66ms  155M    0G  18/ 63U [ProtossUnit] PROBE from NEXUS at (43.5, 40.5)
2023-09-19 11:17:59.317 | 03:07   80ms  170M    0G  19/ 63U [BuildPosition] Building PYLON to (122.498829121433, 137.3064367204576)
2023-09-19 11:17:59.443 | 03:08   60ms  170M    0G  19/ 63U [BuildPosition] Building PYLON to (122.498829121433, 137.3064367204576)
2023-09-19 11:17:59.559 | 03:08   72ms  170M    0G  19/ 63U [BuildPosition] Building PYLON to (122.498829121433, 137.3064367204576)
2023-09-19 11:17:59.692 | 03:09   62ms  175M    0G  19/ 63U [BuildPosition] Building PYLON to (122.498829121433, 137.3064367204576)
2023-09-19 11:17:59.829 | 03:09   79ms  265M    0G  19/ 63U [BuildPosition] Building PYLON to (122.498829121433, 137.3064367204576)
2023-09-19 11:17:59.923 | 03:10   66ms  275M    0G  19/ 63U [BuildPosition] Building PYLON to (122.498829121433, 137.3064367204576)
2023-09-19 11:17:59.993 | 03:10   34ms  280M    0G  19/ 63U [BuildPosition] Building PYLON to (122.498829121433, 137.3064367204576)
2023-09-19 11:18:00.106 | 03:11   17ms  280M    0G  19/ 63U [BuildPosition] Building PYLON to (122.498829121433, 137.3064367204576)
2023-09-19 11:18:00.186 | 03:11   63ms  285M    0G  19/ 63U [BuildPosition] Building PYLON to (122.498829121433, 137.3064367204576)
2023-09-19 11:18:00.327 | 03:11   18ms  290M    0G  19/ 63U [BuildPosition] Building PYLON to (122.498829121433, 137.3064367204576)
2023-09-19 11:18:00.443 | 03:12   84ms  295M    0G  19/ 63U [BuildPosition] Building PYLON to (122.498829121433, 137.3064367204576)
2023-09-19 11:18:00.573 | 03:12   60ms  300M    0G  19/ 63U [BuildPosition] Building PYLON to (122.498829121433, 137.3064367204576)
2023-09-19 11:18:00.692 | 03:13   77ms  310M    0G  19/ 63U [BuildPosition] Building PYLON to (122.498829121433, 137.3064367204576)
2023-09-19 11:18:00.830 | 03:13   64ms  310M    0G  19/ 63U [BuildPosition] Building PYLON to (122.498829121433, 137.3064367204576)
2023-09-19 11:18:00.955 | 03:14   77ms  315M    0G  19/ 63U [BuildPosition] Building PYLON to (122.498829121433, 137.3064367204576)
2023-09-19 11:18:01.089 | 03:14   65ms  320M    0G  19/ 63U [BuildPosition] Building PYLON to (122.498829121433, 137.3064367204576)
2023-09-19 11:18:01.206 | 03:15   79ms  335M    0G  19/ 63U [GameAnalyzer] Income advantage is now SlightAdvantage
2023-09-19 11:18:01.215 | 03:15   79ms  260M    0G  19/ 63U [BuildGas] Building ASSIMILATOR to (36.5, 43.5)
2023-09-19 11:18:01.217 | 03:15   79ms  185M    0G  19/ 63U [BuildGas] Building ASSIMILATOR to (36.5, 43.5)
2023-09-19 11:18:01.858 | 03:17   53ms  140M    0G  19/ 63U [GameAnalyzer] Income advantage is now SmallAdvantage
2023-09-19 11:18:02.636 | 03:20   61ms  125M    0G  19/ 55U [ProtossUnit] PROBE from NEXUS at (43.5, 40.5)
2023-09-19 11:18:06.093 | 03:32   61ms  120M    0G  20/ 55U [ProtossUnit] PROBE from NEXUS at (43.5, 40.5)
2023-09-19 11:18:06.597 | 03:34   60ms  135M    0G  21/ 55U [GameAnalyzer] Known army advantage is now Even
2023-09-19 11:18:06.598 | 03:34   60ms  135M    0G  21/ 55U [GameAnalyzer] Predicted army advantage is now Even
2023-09-19 11:18:09.138 | 03:45   61ms  245M   28G  21/ 55U [ProtossUnit] PROBE from NEXUS at (43.5, 40.5)
2023-09-19 11:18:12.544 | 03:57   54ms  360M   88G  22/ 55U [ProtossUnit] PROBE from NEXUS at (43.5, 40.5)
2023-09-19 11:18:15.335 | 04:09   62ms  390M  152G  23/ 55U [Tech] Started PROTOSSGROUNDWEAPONSLEVEL1
2023-09-19 11:18:15.455 | 04:09  104ms  290M   52G  23/ 55U [ChronoAnyTech] Chrono RESEARCH_PROTOSSGROUNDWEAPONS
2023-09-19 11:18:15.593 | 04:10   68ms  245M   56G  23/ 55U [ProtossUnit] PROBE from NEXUS at (43.5, 40.5)
2023-09-19 11:18:19.767 | 04:22   15ms  385M  124G  24/ 55U [ProtossUnit] PROBE from NEXUS at (43.5, 40.5)
2023-09-19 11:18:20.657 | 04:26   61ms  390M  144G  25/ 70U [ProtossUnit] PROBE from NEXUS at (69.5, 34.5)
2023-09-19 11:18:20.664 | 04:26   61ms  315M  144G  25/ 70U [BuildGas] Building ASSIMILATOR to (72.5, 27.5)
2023-09-19 11:18:21.371 | 04:29   60ms  365M  164G  26/ 70U [ChronoAnyTech] Chrono RESEARCH_PROTOSSGROUNDWEAPONS
2023-09-19 11:18:22.575 | 04:35   62ms  390M  192G  26/ 70U [ProtossUnit] PROBE from NEXUS at (43.5, 40.5)
2023-09-19 11:18:23.643 | 04:39   78ms  415M  212G  27/ 70U [ProtossUnit] PROBE from NEXUS at (69.5, 34.5)
2023-09-19 11:18:25.374 | 04:44   81ms  375M  194G  28/ 70U [ProtossUnit] STALKER from GATEWAY at (55.5, 44.5)
2023-09-19 11:18:25.376 | 04:44   81ms  375M  194G  28/ 70U [Tech] Started WARPGATERESEARCH
2023-09-19 11:18:25.380 | 04:44   81ms  200M   94G  28/ 70U [ProtossUnit] STALKER from GATEWAY at (52.5, 47.5)
2023-09-19 11:18:25.524 | 04:44   72ms  110M   94G  32/ 70U [ChronoAnyTech] Chrono RESEARCH_WARPGATE
2023-09-19 11:18:26.296 | 04:47   63ms  105M  110G  32/ 70U [ProtossUnit] PROBE from NEXUS at (43.5, 40.5)
2023-09-19 11:18:26.386 | 04:47   46ms  125M  114G  33/ 70U [GameAnalyzer] Income advantage is now ClearAdvantage
2023-09-19 11:18:26.732 | 04:49   18ms  145M  122G  33/ 70U [ChronoAnyTech] Chrono RESEARCH_PROTOSSGROUNDWEAPONS
2023-09-19 11:18:27.190 | 04:51   33ms  130M  130G  33/ 70U [ProtossUnit] PROBE from NEXUS at (69.5, 34.5)
2023-09-19 11:18:29.266 | 05:00   18ms  235M  178G  34/ 70U [ActUnit] PROBE from NEXUS at (43.5, 40.5)
2023-09-19 11:18:30.384 | 05:04   62ms  250M  198G  35/ 70U [ActUnit] PROBE from NEXUS at (69.5, 34.5)
2023-09-19 11:18:30.556 | 05:04   25ms  270M  206G  36/ 78U [ChronoAnyTech] Chrono RESEARCH_WARPGATE
2023-09-19 11:18:32.860 | 05:12   61ms  110M  162G  36/ 78U [ActUnit] PROBE from NEXUS at (43.5, 40.5)
2023-09-19 11:18:33.402 | 05:14   36ms  155M  178G  37/ 78U [GameAnalyzer] Known army advantage is now SlightAdvantage
2023-09-19 11:18:33.408 | 05:14   36ms  155M  178G  37/ 78U [GameAnalyzer] Predicted army advantage is now SlightAdvantage
2023-09-19 11:18:33.411 | 05:14   36ms   30M  128G  37/ 78U [ProtossUnit] STALKER from GATEWAY at (52.5, 47.5)
2023-09-19 11:18:33.852 | 05:16   30ms    5M  144G  39/ 78U [ActUnit] PROBE from NEXUS at (69.5, 34.5)
2023-09-19 11:18:34.195 | 05:17   23ms   30M  156G  40/ 78U [ChronoAnyTech] Chrono RESEARCH_PROTOSSGROUNDWEAPONS
2023-09-19 11:18:35.453 | 05:22   66ms   10M  146G  40/ 78U [ProtossUnit] STALKER from GATEWAY at (55.5, 44.5)
2023-09-19 11:18:36.232 | 05:25   66ms    5M  166G  42/ 78U [ActUnit] PROBE from NEXUS at (43.5, 40.5)
2023-09-19 11:18:37.097 | 05:29   91ms   40M  194G  43/ 78U [ActUnit] PROBE from NEXUS at (69.5, 34.5)
2023-09-19 11:18:37.345 | 05:29   81ms   50M  202G  44/ 78U [ChronoAnyTech] Chrono RESEARCH_WARPGATE
2023-09-19 11:18:40.117 | 05:37  104ms   45M  266G  44/ 86U [ActUnit] PROBE from NEXUS at (43.5, 40.5)
2023-09-19 11:18:41.390 | 05:40   96ms  100M  290G  45/ 86U [Tech] Started PROTOSSGROUNDARMORSLEVEL1
2023-09-19 11:18:42.140 | 05:42   73ms    5M  210G  45/ 86U [ActUnit] PROBE from NEXUS at (69.5, 34.5)
2023-09-19 11:18:42.801 | 05:45   92ms   50M  226G  46/ 86U [GameAnalyzer] Known army advantage is now SmallAdvantage
2023-09-19 11:18:42.802 | 05:45   92ms   50M  226G  46/ 86U [GameAnalyzer] Predicted army advantage is now SmallAdvantage
2023-09-19 11:18:44.056 | 05:49   67ms  150M  262G  46/ 86U [Tech] Started BLINKTECH
2023-09-19 11:18:44.515 | 05:50   67ms    5M  124G  46/ 86U [ActUnit] PROBE from NEXUS at (43.5, 40.5)
2023-09-19 11:18:45.053 | 05:53   28ms   60M  144G  47/ 86U [PlanZoneAttack] Power 8.00 is larger than required attack power 6.00 -> attack!
2023-09-19 11:18:45.054 | 05:53   28ms   60M  144G  47/ 86U [PlanZoneAttack] Attack started at 8.00 power.
2023-09-19 11:18:45.719 | 05:55   67ms   65M  160G  47/ 86U [ActUnit] PROBE from NEXUS at (69.5, 34.5)
2023-09-19 11:18:48.442 | 06:05   24ms    0M  190G  50/ 86U [ActUnit] PROBE from NEXUS at (43.5, 40.5)
2023-09-19 11:18:49.256 | 06:07   23ms   25M  214G  51/ 86U [ActUnit] PROBE from NEXUS at (69.5, 34.5)
2023-09-19 11:18:51.494 | 06:15   27ms  120M  228G  54/ 86U [GameAnalyzer] Known army advantage is now ClearAdvantage
2023-09-19 11:18:51.500 | 06:15   27ms  120M  228G  54/ 86U [GameAnalyzer] Predicted army advantage is now ClearAdvantage
2023-09-19 11:18:51.955 | 06:18   32ms    0M  248G  54/ 86U [ActUnit] PROBE from NEXUS at (43.5, 40.5)
2023-09-19 11:18:52.484 | 06:20   70ms   10M  264G  55/ 86U [ActUnit] PROBE from NEXUS at (69.5, 34.5)
2023-09-19 11:18:52.710 | 06:21   65ms   20M  272G  56/ 86U [ChronoAnyTech] Chrono RESEARCH_PROTOSSGROUNDARMOR
2023-09-19 11:18:56.240 | 06:33   99ms   10M  272G  60/ 86U [ChronoAnyTech] Chrono RESEARCH_BLINK
2023-09-19 11:19:03.732 | 06:59   96ms  120M  330G  66/ 94U [GameAnalyzer] Known army advantage is now OverwhelmingAdvantage
2023-09-19 11:19:03.738 | 06:59   96ms  120M  330G  66/ 94U [GameAnalyzer] Predicted army advantage is now OverwhelmingAdvantage
2023-09-19 11:19:12.410 | 07:24   26ms  130M  238G  78/ 94U [ChronoAnyTech] Chrono RESEARCH_PROTOSSGROUNDARMOR
2023-09-19 11:19:15.307 | 07:34   76ms  205M  268G  80/ 94U [Tech] Started PROTOSSGROUNDWEAPONSLEVEL2
2023-09-19 11:19:15.602 | 07:35   76ms    0M  126G  80/ 94U [BuildGas] Building ASSIMILATOR to (76.5, 31.5)
2023-09-19 11:19:16.185 | 07:37   75ms   60M  138G  80/ 94U [ChronoAnyTech] Chrono RESEARCH_BLINK
2023-09-19 11:19:32.253 | 08:28   83ms   75M  118G 100/118U [ChronoAnyTech] Chrono RESEARCH_PROTOSSGROUNDWEAPONS
2023-09-19 11:19:38.267 | 08:48   36ms   30M  134G 108/118U [ChronoAnyTech] Chrono RESEARCH_PROTOSSGROUNDWEAPONS
2023-09-19 11:19:52.791 | 09:31  102ms   35M  210G 124/134U [ChronoAnyTech] Chrono RESEARCH_PROTOSSGROUNDWEAPONS
2023-09-19 11:19:58.140 | 09:45   42ms  205M  308G 126/142U [Tech] Started PROTOSSGROUNDWEAPONSLEVEL3
2023-09-19 11:19:59.791 | 09:51   77ms   50M  126G 128/142U [ChronoAnyTech] Chrono RESEARCH_PROTOSSGROUNDWEAPONS
2023-09-19 11:20:14.624 | 10:35   42ms   10M  198G 144/158U [ChronoAnyTech] Chrono RESEARCH_PROTOSSGROUNDWEAPONS
2023-09-19 11:20:21.818 | 10:55   42ms   85M  268G 150/166U [ChronoAnyTech] Chrono RESEARCH_PROTOSSGROUNDWEAPONS
2023-09-19 11:20:37.759 | 11:38   42ms   45M  336G 166/182U [ChronoAnyTech] Chrono RESEARCH_PROTOSSGROUNDWEAPONS
2023-09-19 11:20:45.239 | 11:58   83ms   90M  406G 172/190U [ChronoAnyTech] Chrono RESEARCH_PROTOSSGROUNDWEAPONS
2023-09-19 11:20:46.237 | 12:00  101ms  150M  426G 172/190U [Tech] Started PROTOSSGROUNDARMORSLEVEL2
2023-09-19 11:20:57.826 | 12:32   46ms  405M  466G 178/198U [Expand] Expanding to (99.5, 33.5)
2023-09-19 11:21:01.859 | 12:41   53ms  110M  524G 180/198U [GameAnalyzer] Income advantage is now OverwhelmingAdvantage
2023-09-19 11:21:02.009 | 12:42  121ms   15M  524G 180/198U [ChronoAnyTech] Chrono RESEARCH_PROTOSSGROUNDARMOR
2023-09-19 11:21:10.629 | 13:02   40ms  110M  594G 186/200U [ChronoAnyTech] Chrono RESEARCH_PROTOSSGROUNDARMOR
2023-09-19 11:21:22.811 | 13:26   61ms   60M  608G 196/200U [GameAnalyzer] Income advantage is now ClearAdvantage
2023-09-19 11:21:23.646 | 13:28   56ms  110M  636G 196/200U [GameAnalyzer] Income advantage is now OverwhelmingAdvantage
2023-09-19 11:21:29.842 | 13:41  114ms  130M  668G 200/200U [GameAnalyzer] Income advantage is now ClearAdvantage
2023-09-19 11:21:31.533 | 13:45   92ms  215M  712G 200/200U [ChronoAnyTech] Chrono RESEARCH_PROTOSSGROUNDARMOR
2023-09-19 11:21:36.992 | 13:58   53ms  445M  856G 200/200U [GameAnalyzer] Income advantage is now OverwhelmingAdvantage
2023-09-19 11:21:37.206 | 13:59   43ms  450M  864G 200/200U [Tech] Started PROTOSSGROUNDARMORSLEVEL3
2023-09-19 11:21:40.204 | 14:05   89ms  370M  736G 200/200U [ChronoAnyTech] Chrono RESEARCH_PROTOSSGROUNDARMOR
2023-09-19 11:21:48.689 | 14:25  106ms  935M  948G 200/200U [ChronoAnyTech] Chrono RESEARCH_PROTOSSGROUNDARMOR
2023-09-19 11:21:59.592 | 14:49   61ms 1630M 1204G 200/200U [ChronoAnyTech] Chrono RESEARCH_PROTOSSGROUNDARMOR
2023-09-19 11:22:07.968 | 15:09   70ms 2150M 1424G 200/200U [ChronoAnyTech] Chrono RESEARCH_PROTOSSGROUNDARMOR
2023-09-19 11:22:17.281 | 15:29   79ms 2705M 1644G 200/200U [ChronoAnyTech] Chrono RESEARCH_PROTOSSGROUNDARMOR
2023-09-19 11:22:20.219 | ERROR    | sc2.protocol:__request:50 - Cannot receive: Connection already closed.
