2023-09-18 08:00:32.931 | INFO     | sc2.protocol:_execute:72 - Client status changed to Status.in_game (was None)
2023-09-18 08:00:32.932 | INFO     | sc2.main:_play_game:221 - Player 2 - Bot LadderBot(Protoss)
2023-09-18 08:00:33.181 | 00:00    0ms    0M    0G  12/ 15U [Version] 4.10.0.75689
2023-09-18 08:00:33.182 | 00:00    0ms    0M    0G  12/ 15U [Version] 5.0.6 Balance mod recognized.
2023-09-18 08:00:33.244 | 00:00    0ms    0M    0G  12/ 15U [ZoneManager] Map set to: MapName.Unknown from name: GresvanAIE and hash: 3547936.
2023-09-18 08:00:33.916 | [DataManager] No BuildDetector found, enemy build data cannot be saved
2023-09-18 08:00:33.918 | 00:00    0ms    0M    0G  12/ 15U [Build] Cannon expand
2023-09-18 08:00:33.944 | [Start] My race: Protoss
2023-09-18 08:00:33.945 | [Start] Opponent race: Terran
2023-09-18 08:00:33.945 | [Start] OpponentId: 1
2023-09-18 08:00:35.764 | 00:16    7ms    0M    0G  13/ 15U [ActUnitOnce] PROBE from NEXUS at (38.5, 121.5)
2023-09-18 08:00:37.442 | 00:34    7ms    0M    0G  14/ 23U [ActUnit] PROBE from NEXUS at (38.5, 121.5)
2023-09-18 08:00:37.481 | 00:35    8ms   10M    0G  15/ 23U [ChronoUnit] Chrono NEXUSTRAIN_PROBE
2023-09-18 08:00:38.207 | 00:43    7ms   50M    0G  15/ 23U [ActUnit] PROBE from NEXUS at (38.5, 121.5)
2023-09-18 08:00:39.016 | 00:51    6ms  110M    0G  16/ 23U [ActUnit] PROBE from NEXUS at (38.5, 121.5)
2023-09-18 08:00:39.179 | 00:53    6ms  135M    0G  17/ 23U [BuildPosition] Building PYLON to (170.54540929280498, 68.89980286982168)
2023-09-18 08:00:39.971 | 01:02    8ms  155M    0G  17/ 23U [BuildPosition] Could not build PHOTONCANNON to None
2023-09-18 08:00:40.015 | 01:02   38ms  110M    0G  17/ 23U [ActUnit] PROBE from NEXUS at (38.5, 121.5)
2023-09-18 08:00:42.935 | 01:22    9ms  400M    0G  18/ 31U [Expand] Expanding to (36.5, 89.5)
2023-09-18 08:00:44.451 | 01:31   62ms  135M    0G  18/ 31U [GameAnalyzer] Income advantage is now SmallAdvantage
2023-09-18 08:00:51.705 | 02:03   64ms   30M    0G  18/ 39U [ProtossUnit] PROBE from NEXUS at (38.5, 121.5)
2023-09-18 08:00:52.337 | 02:05   60ms    0M    0G  19/ 39U [BuildGas] Building ASSIMILATOR to (45.5, 124.5)
2023-09-18 08:00:53.712 | 02:11   76ms    5M    0G  19/ 39U [BuildGas] Building ASSIMILATOR to (42.5, 128.5)
2023-09-18 08:00:54.164 | 02:13   76ms   30M    0G  19/ 39U [GameAnalyzer] Income advantage is now Even
2023-09-18 08:00:54.286 | 02:13   67ms   45M    0G  19/ 39U [GameAnalyzer] Known army advantage is now SlightDisadvantage
2023-09-18 08:00:54.294 | 02:13   67ms   45M    0G  19/ 39U [GameAnalyzer] Predicted army advantage is now SlightDisadvantage
2023-09-18 08:00:54.741 | 02:15   62ms    5M    0G  19/ 39U [ProtossUnit] PROBE from NEXUS at (38.5, 121.5)
2023-09-18 08:00:57.995 | 02:28   75ms    0M    0G  20/ 39U [ProtossUnit] PROBE from NEXUS at (38.5, 121.5)
2023-09-18 08:00:58.905 | 02:32   75ms   50M    0G  21/ 39U [GameAnalyzer] Income advantage is now SlightAdvantage
2023-09-18 08:00:59.208 | 02:33   15ms   60M    4G  21/ 39U [GameAnalyzer] Income advantage is now Even
2023-09-18 08:00:59.327 | 02:34   77ms   60M    4G  21/ 39U [GameAnalyzer] Income advantage is now SlightAdvantage
2023-09-18 08:00:59.905 | 02:36   43ms  110M    8G  21/ 39U [GameAnalyzer] Income advantage is now Even
2023-09-18 08:01:01.470 | 02:42   61ms   25M   36G  21/ 46U [GameAnalyzer] Income advantage is now SlightAdvantage
2023-09-18 08:01:03.099 | 02:45   77ms    0M   48G  21/ 46U [ProtossUnit] PROBE from NEXUS at (38.5, 121.5)
2023-09-18 08:01:04.151 | 02:49   62ms    0M   68G  22/ 46U [ProtossUnit] PROBE from NEXUS at (36.5, 89.5)
2023-09-18 08:01:06.297 | 02:58   71ms   60M  112G  23/ 46U [ProtossUnit] PROBE from NEXUS at (38.5, 121.5)
2023-09-18 08:01:07.423 | 03:02   61ms   65M  136G  24/ 46U [ProtossUnit] PROBE from NEXUS at (36.5, 89.5)
2023-09-18 08:01:09.369 | 03:10   42ms  130M  180G  25/ 46U [BuildGas] Building ASSIMILATOR to (29.5, 86.5)
2023-09-18 08:01:09.470 | 03:10   81ms  100M  180G  25/ 46U [ProtossUnit] PROBE from NEXUS at (38.5, 121.5)
2023-09-18 08:01:10.590 | 03:14   61ms   95M  204G  26/ 46U [ProtossUnit] PROBE from NEXUS at (36.5, 89.5)
2023-09-18 08:01:10.669 | 03:15   77ms  110M  204G  27/ 46U [GameAnalyzer] Income advantage is now SmallAdvantage
2023-09-18 08:01:11.821 | 03:19   62ms   50M  178G  27/ 46U [ProtossUnit] STALKER from GATEWAY at (53.5, 117.5)
2023-09-18 08:01:11.822 | 03:19   62ms   50M  178G  27/ 46U [Tech] Started WARPGATERESEARCH
2023-09-18 08:01:11.890 | 03:19   92ms   10M  128G  29/ 46U [ChronoAnyTech] Chrono RESEARCH_WARPGATE
2023-09-18 08:01:12.864 | 03:23   87ms   30M  148G  29/ 46U [ProtossUnit] PROBE from NEXUS at (38.5, 121.5)
2023-09-18 08:01:14.031 | 03:27   63ms   60M  172G  30/ 46U [ProtossUnit] PROBE from NEXUS at (36.5, 89.5)
2023-09-18 08:01:15.085 | 03:31   84ms    5M  142G  31/ 46U [ProtossUnit] STALKER from GATEWAY at (56.5, 114.5)
2023-09-18 08:01:16.274 | 03:35   82ms   45M  166G  33/ 46U [ProtossUnit] PROBE from NEXUS at (38.5, 121.5)
2023-09-18 08:01:17.130 | 03:38   64ms  105M  186G  34/ 46U [Tech] Started PROTOSSGROUNDWEAPONSLEVEL1
2023-09-18 08:01:17.247 | 03:39   81ms   15M   86G  34/ 46U [ChronoAnyTech] Chrono RESEARCH_PROTOSSGROUNDWEAPONS
2023-09-18 08:01:17.386 | 03:39   67ms   15M   90G  34/ 46U [ChronoAnyTech] Chrono RESEARCH_WARPGATE
2023-09-18 08:01:17.758 | 03:40   98ms    0M   98G  34/ 46U [ActUnit] PROBE from NEXUS at (36.5, 89.5)
2023-09-18 08:01:20.454 | 03:48   75ms   80M  138G  35/ 46U [ActUnit] PROBE from NEXUS at (38.5, 121.5)
2023-09-18 08:01:21.090 | 03:50   66ms    0M  108G  36/ 46U [ProtossUnit] STALKER from GATEWAY at (53.5, 117.5)
2023-09-18 08:01:21.976 | 03:53   78ms    5M  136G  38/ 46U [ActUnit] PROBE from NEXUS at (36.5, 89.5)
2023-09-18 08:01:23.540 | 03:59   58ms   25M  180G  39/ 46U [ChronoAnyTech] Chrono RESEARCH_PROTOSSGROUNDWEAPONS
2023-09-18 08:01:23.638 | 03:59   80ms   40M  184G  39/ 46U [ChronoAnyTech] Chrono RESEARCH_WARPGATE
2023-09-18 08:01:23.911 | 04:00   80ms    5M  192G  39/ 46U [ActUnit] PROBE from NEXUS at (38.5, 121.5)
2023-09-18 08:01:25.442 | 04:05   78ms   75M  232G  40/ 46U [ActUnit] PROBE from NEXUS at (36.5, 89.5)
2023-09-18 08:01:25.519 | 04:06   69ms   75M  240G  41/ 46U [GameAnalyzer] Known army advantage is now SmallDisadvantage
2023-09-18 08:01:25.520 | 04:06   69ms   75M  240G  41/ 46U [GameAnalyzer] Predicted army advantage is now SmallDisadvantage
2023-09-18 08:01:25.990 | 04:08   17ms    0M  206G  41/ 46U [ProtossUnit] STALKER from GATEWAY at (56.5, 114.5)
2023-09-18 08:01:27.347 | 04:13   87ms   30M  242G  43/ 46U [ActUnit] PROBE from NEXUS at (38.5, 121.5)
2023-09-18 08:01:28.627 | 04:17   71ms  130M  278G  44/ 46U [GameAnalyzer] Known army advantage is now SlightAdvantage
2023-09-18 08:01:28.631 | 04:17   71ms  130M  278G  44/ 46U [GameAnalyzer] Predicted army advantage is now SlightAdvantage
2023-09-18 08:01:29.020 | 04:18   82ms  110M  286G  44/ 46U [ActUnit] PROBE from NEXUS at (36.5, 89.5)
2023-09-18 08:01:29.157 | 04:18   60ms  120M  290G  45/ 46U [GameAnalyzer] Income advantage is now ClearAdvantage
2023-09-18 08:01:29.291 | 04:19   83ms  140M  298G  45/ 46U [ChronoAnyTech] Chrono RESEARCH_PROTOSSGROUNDWEAPONS
2023-09-18 08:01:29.709 | 04:20   66ms  170M  302G  45/ 46U [GameAnalyzer] Known army advantage is now SmallAdvantage
2023-09-18 08:01:29.710 | 04:20   66ms  170M  302G  45/ 46U [GameAnalyzer] Predicted army advantage is now SmallAdvantage
2023-09-18 08:01:29.847 | 04:21   85ms   35M  210G  45/ 46U [GameAnalyzer] Income advantage is now SmallAdvantage
2023-09-18 08:01:31.101 | 04:25   84ms  125M  246G  45/ 54U [GameAnalyzer] Income advantage is now ClearAdvantage
2023-09-18 08:01:31.109 | 04:25   84ms   75M  246G  45/ 54U [ActUnit] PROBE from NEXUS at (38.5, 121.5)
2023-09-18 08:01:31.989 | 04:28   75ms   15M  220G  46/ 54U [ProtossUnit] STALKER from GATEWAY at (53.5, 117.5)
2023-09-18 08:01:32.649 | 04:30   84ms   35M  236G  48/ 54U [ActUnit] PROBE from NEXUS at (36.5, 89.5)
2023-09-18 08:01:34.554 | 04:38   83ms   55M  296G  49/ 54U [ActUnit] PROBE from NEXUS at (38.5, 121.5)
2023-09-18 08:01:34.827 | 04:39   87ms   80M  304G  50/ 54U [PlanZoneAttack] Power 7.89 is larger than required attack power 6.00 -> attack!
2023-09-18 08:01:34.828 | 04:39   87ms   80M  304G  50/ 54U [PlanZoneAttack] Attack started at 7.89 power.
2023-09-18 08:01:36.959 | 04:43   65ms    0M  340G  50/ 54U [ActUnit] PROBE from NEXUS at (36.5, 89.5)
2023-09-18 08:01:38.966 | 04:49   85ms   40M  342G  53/ 54U [ChronoAnyTech] Chrono RESEARCH_PROTOSSGROUNDWEAPONS
2023-09-18 08:01:39.218 | 04:50   88ms   20M  350G  53/ 54U [ActUnit] PROBE from NEXUS at (38.5, 121.5)
2023-09-18 08:01:41.319 | 04:57   66ms    5M  402G  54/ 62U [ActUnit] PROBE from NEXUS at (36.5, 89.5)
2023-09-18 08:01:41.741 | 04:58   82ms   40M  414G  55/ 62U [GameAnalyzer] Known army advantage is now ClearAdvantage
2023-09-18 08:01:41.747 | 04:58   82ms   40M  414G  55/ 62U [GameAnalyzer] Predicted army advantage is now ClearAdvantage
2023-09-18 08:01:43.202 | 05:03   90ms   10M  450G  55/ 62U [ActUnit] PROBE from NEXUS at (38.5, 121.5)
2023-09-18 08:01:43.954 | 05:05   70ms   80M  470G  56/ 62U [GameAnalyzer] Known army advantage is now SlightAdvantage
2023-09-18 08:01:43.955 | 05:05   70ms   80M  470G  56/ 62U [GameAnalyzer] Predicted army advantage is now SlightAdvantage
2023-09-18 08:01:44.271 | 05:06   69ms   95M  474G  56/ 62U [GameAnalyzer] Known army advantage is now Even
2023-09-18 08:01:44.272 | 05:06   69ms   95M  474G  56/ 62U [GameAnalyzer] Predicted army advantage is now Even
2023-09-18 08:01:44.654 | 05:07   73ms  150M  486G  56/ 62U [Tech] Started BLINKTECH
2023-09-18 08:01:45.621 | 05:10   70ms   70M  360G  56/ 62U [GameAnalyzer] Known army advantage is now SlightAdvantage
2023-09-18 08:01:45.623 | 05:10   70ms   70M  360G  56/ 62U [GameAnalyzer] Predicted army advantage is now SlightAdvantage
2023-09-18 08:01:46.713 | 05:13   95ms  160M  388G  56/ 62U [Tech] Started PROTOSSGROUNDWEAPONSLEVEL2
2023-09-18 08:01:47.365 | 05:16   27ms   80M  258G  56/ 62U [GameAnalyzer] Known army advantage is now SmallAdvantage
2023-09-18 08:01:47.370 | 05:16   27ms   80M  258G  56/ 62U [GameAnalyzer] Predicted army advantage is now SmallAdvantage
2023-09-18 08:01:47.960 | 05:17   30ms  130M  270G  56/ 62U [ChronoAnyTech] Chrono RESEARCH_PROTOSSGROUNDWEAPONS
2023-09-18 08:01:49.218 | 05:21   74ms  110M  252G  58/ 62U [GameAnalyzer] Known army advantage is now ClearAdvantage
2023-09-18 08:01:49.219 | 05:21   74ms  110M  252G  58/ 62U [GameAnalyzer] Predicted army advantage is now ClearAdvantage
2023-09-18 08:01:57.045 | 05:42   31ms   85M  324G  62/ 70U [GameAnalyzer] Known army advantage is now SmallAdvantage
2023-09-18 08:01:57.050 | 05:42   31ms   85M  324G  62/ 70U [GameAnalyzer] Predicted army advantage is now SmallAdvantage
2023-09-18 08:01:57.330 | 05:43   45ms  115M  332G  62/ 70U [GameAnalyzer] Known army advantage is now ClearAdvantage
2023-09-18 08:01:57.335 | 05:43   45ms  115M  332G  62/ 70U [GameAnalyzer] Predicted army advantage is now ClearAdvantage
2023-09-18 08:02:00.538 | 05:53   92ms   30M  258G  66/ 70U [ChronoAnyTech] Chrono RESEARCH_PROTOSSGROUNDWEAPONS
2023-09-18 08:02:01.645 | 05:56   61ms   30M  282G  66/ 78U [GameAnalyzer] Known army advantage is now OverwhelmingAdvantage
2023-09-18 08:02:01.649 | 05:56   61ms   30M  282G  66/ 78U [GameAnalyzer] Predicted army advantage is now OverwhelmingAdvantage
2023-09-18 08:02:04.205 | 06:03   84ms  100M  342G  66/ 78U [GameAnalyzer] Income advantage is now SmallAdvantage
2023-09-18 08:02:08.535 | 06:21   24ms   45M  286G  74/ 86U [ChronoAnyTech] Chrono RESEARCH_PROTOSSGROUNDWEAPONS
2023-09-18 08:02:11.263 | 06:30   93ms   85M  266G  78/ 86U [GameAnalyzer] Income advantage is now ClearAdvantage
2023-09-18 08:02:16.346 | 06:41   26ms   85M  254G  82/ 86U [GameAnalyzer] Predicted army advantage is now SmallAdvantage
2023-09-18 08:02:17.985 | 06:47   29ms  125M  248G  82/ 94U [GameAnalyzer] Predicted army advantage is now ClearAdvantage
2023-09-18 08:02:20.542 | 06:56   33ms   65M  224G  86/102U [ChronoAnyTech] Chrono RESEARCH_PROTOSSGROUNDWEAPONS
2023-09-18 08:02:22.124 | 07:02   33ms  125M  222G  88/102U [GameAnalyzer] Predicted army advantage is now OverwhelmingAdvantage
2023-09-18 08:02:22.818 | 07:05   41ms    0M  196G  90/102U [BuildGas] Building ASSIMILATOR to (33.5, 82.5)
2023-09-18 08:02:25.060 | 07:13   29ms  110M  206G  92/110U [GameAnalyzer] Income advantage is now OverwhelmingAdvantage
2023-09-18 08:02:25.284 | 07:13   28ms   30M  218G  92/110U [EnemyArmyPredicter] Predicting negative free minerals for enemy: -3150
2023-09-18 08:02:25.873 | 07:16   33ms   90M  238G  92/110U [GameAnalyzer] Income advantage is now ClearAdvantage
2023-09-18 08:02:26.687 | 07:19   35ms  180M  262G  92/110U [EnemyArmyPredicter] Predicting negative free minerals for enemy: -680
2023-09-18 08:02:26.933 | 07:20   31ms  205M  266G  92/110U [Tech] Started PROTOSSGROUNDWEAPONSLEVEL3
2023-09-18 08:02:28.007 | 07:24   38ms   15M   52G  94/110U [EnemyArmyPredicter] Predicting negative free minerals for enemy: -1066
2023-09-18 08:02:28.008 | 07:24   38ms   15M   52G  94/110U [ChronoAnyTech] Chrono RESEARCH_PROTOSSGROUNDWEAPONS
2023-09-18 08:02:29.581 | 07:30   32ms   45M   46G  96/110U [EnemyArmyPredicter] Predicting negative free minerals for enemy: -1201
2023-09-18 08:02:30.839 | 07:35   31ms   75M   44G  98/118U [EnemyArmyPredicter] Predicting negative free minerals for enemy: -1080
2023-09-18 08:02:32.199 | 07:40   35ms   10M   42G 100/118U [EnemyArmyPredicter] Predicting negative free minerals for enemy: -250
2023-09-18 08:02:33.514 | 07:46   38ms   30M   48G 102/118U [EnemyArmyPredicter] Predicting negative free minerals for enemy: -320
2023-09-18 08:02:35.487 | 07:53   34ms  105M   78G 104/118U [GameAnalyzer] Income advantage is now OverwhelmingAdvantage
2023-09-18 08:02:37.259 | 08:00   33ms   60M   58G 108/126U [ChronoAnyTech] Chrono RESEARCH_PROTOSSGROUNDWEAPONS
2023-09-18 08:02:41.900 | INFO     | sc2.protocol:_execute:72 - Client status changed to Status.ended (was Status.in_game)
2023-09-18 08:02:41.904 | Result: Victory
2023-09-18 08:02:41.905 | Duration: 08:15
2023-09-18 08:02:41.906 | Step time min: 5
2023-09-18 08:02:41.906 | Step time avg: 51
2023-09-18 08:02:41.907 | Step time max: 130
2023-09-18 08:02:41.907 | [LostUnitsContents] My lost units minerals and gas: (350, 100)
2023-09-18 08:02:41.908 | [LostUnitsContents] My lost units minerals by score: 350.0
2023-09-18 08:02:41.908 | [LostUnitsContents] Enemy lost units minerals and gas: (10525, 1425)
2023-09-18 08:02:41.909 | [LostUnitsContents] Enemy lost units minerals by score: 10425.0
2023-09-18 08:02:41.910 | [GameAnalyzerEnd] Own units:
2023-09-18 08:02:41.910 | [GameAnalyzerEnd] PROBE             total:  41 alive:  41 dead:   0 
2023-09-18 08:02:41.911 | [GameAnalyzerEnd] STALKER           total:  36 alive:  34 dead:   2 
2023-09-18 08:02:41.911 | [GameAnalyzerEnd] PYLON             total:  14 alive:  13 dead:   1 
2023-09-18 08:02:41.912 | [GameAnalyzerEnd] WARPGATE          total:   7 alive:   7 dead:   0 
2023-09-18 08:02:41.912 | [GameAnalyzerEnd] ASSIMILATOR       total:   4 alive:   4 dead:   0 
2023-09-18 08:02:41.913 | [GameAnalyzerEnd] NEXUS             total:   2 alive:   2 dead:   0 
2023-09-18 08:02:41.913 | [GameAnalyzerEnd] PHOTONCANNON      total:   2 alive:   2 dead:   0 
2023-09-18 08:02:41.914 | [GameAnalyzerEnd] TWILIGHTCOUNCIL   total:   1 alive:   1 dead:   0 
2023-09-18 08:02:41.914 | [GameAnalyzerEnd] FORGE             total:   1 alive:   1 dead:   0 
2023-09-18 08:02:41.915 | [GameAnalyzerEnd] CYBERNETICSCORE   total:   1 alive:   1 dead:   0 
2023-09-18 08:02:41.915 | [GameAnalyzerEnd] Enemy units:
2023-09-18 08:02:41.916 | [GameAnalyzerEnd] MARINE            total:  56 alive:   1 dead:  55 
2023-09-18 08:02:41.917 | [GameAnalyzerEnd] SCV               total:  52 alive:   1 dead:  51 
2023-09-18 08:02:41.917 | [GameAnalyzerEnd] SUPPLYDEPOT       total:   9 alive:   2 dead:   7 
2023-09-18 08:02:41.918 | [GameAnalyzerEnd] MARAUDER          total:   9 alive:   0 dead:   9 
2023-09-18 08:02:41.918 | [GameAnalyzerEnd] BARRACKS          total:   8 alive:   0 dead:   8 
2023-09-18 08:02:41.919 | [GameAnalyzerEnd] TECHLAB           total:   7 alive:   1 dead:   6 
2023-09-18 08:02:41.919 | [GameAnalyzerEnd] MEDIVAC           total:   4 alive:   0 dead:   4 
2023-09-18 08:02:41.920 | [GameAnalyzerEnd] COMMANDCENTER     total:   2 alive:   1 dead:   1 
2023-09-18 08:02:41.920 | [GameAnalyzerEnd] ORBITALCOMMAND    total:   2 alive:   0 dead:   2 
2023-09-18 08:02:41.921 | [GameAnalyzerEnd] REFINERY          total:   2 alive:   0 dead:   2 
2023-09-18 08:02:41.921 | [GameAnalyzerEnd] FACTORY           total:   1 alive:   0 dead:   1 
2023-09-18 08:02:41.922 | [GameAnalyzerEnd] ENGINEERINGBAY    total:   1 alive:   0 dead:   1 
2023-09-18 08:02:41.923 | [GameAnalyzerEnd] STARPORT          total:   1 alive:   0 dead:   1 
2023-09-18 08:02:41.923 | [GameAnalyzerEnd] Minerals max 385 Average 86
2023-09-18 08:02:41.924 | [GameAnalyzerEnd] Vespene max 482 Average 144
2023-09-18 08:02:41.924 | INFO     | sc2.main:_play_game:228 - Result for player 2 - Bot LadderBot(Protoss): Victory
