2023-09-18 21:19:49.478 | INFO     | sc2.protocol:_execute:72 - Client status changed to Status.in_game (was None)
2023-09-18 21:19:49.479 | INFO     | sc2.main:_play_game:221 - Player 2 - Bot LadderBot(Terran)
2023-09-18 21:19:49.708 | 00:00    0ms    0M    0G  12/ 15U [Version] 4.10.0.75689
2023-09-18 21:19:49.709 | 00:00    0ms    0M    0G  12/ 15U [Version] 5.0.6 Balance mod recognized.
2023-09-18 21:19:49.780 | 00:00    0ms    0M    0G  12/ 15U [ZoneManager] Map set to: MapName.Unknown from name: InfestationStationAIE and hash: 3102896.
2023-09-18 21:19:50.353 | [DataManager] No BuildDetector found, enemy build data cannot be saved
2023-09-18 21:19:50.377 | [Start] My race: Terran
2023-09-18 21:19:50.378 | [Start] Opponent race: Terran
2023-09-18 21:19:50.379 | [Start] OpponentId: 1
2023-09-18 21:19:52.342 | 00:16    7ms    0M    0G  13/ 15U [TerranUnit] SCV from COMMANDCENTER at (132.5, 131.5)
2023-09-18 21:19:53.492 | 00:28    7ms   95M    0G  14/ 15U [TerranUnit] SCV from COMMANDCENTER at (132.5, 131.5)
2023-09-18 21:19:54.662 | 00:41    6ms   55M    0G  15/ 23U [TerranUnit] SCV from COMMANDCENTER at (132.5, 131.5)
2023-09-18 21:19:54.913 | 00:43    7ms    5M    0G  16/ 23U [BuildGas] Building REFINERY to (135.5, 124.5)
2023-09-18 21:19:56.256 | 00:55   59ms    5M    0G  16/ 23U [TerranUnit] SCV from COMMANDCENTER at (132.5, 131.5)
2023-09-18 21:19:58.591 | 01:08   59ms  105M    0G  17/ 23U [TerranUnit] SCV from COMMANDCENTER at (132.5, 131.5)
2023-09-18 21:20:00.560 | 01:20    8ms  190M   24G  18/ 31U [TerranUnit] SCV from COMMANDCENTER at (132.5, 131.5)
2023-09-18 21:20:01.261 | 01:27    8ms   60M   44G  19/ 31U [ActUnit] MARINE from BARRACKS at (123.5, 131.5)
2023-09-18 21:20:01.998 | 01:33    8ms  290M   60G  20/ 31U [GameAnalyzer] Income advantage is now SlightAdvantage
2023-09-18 21:20:03.323 | 01:45    7ms  320M   92G  20/ 31U [GameAnalyzer] Known army advantage is now SlightAdvantage
2023-09-18 21:20:03.324 | 01:45    7ms  320M   92G  20/ 31U [GameAnalyzer] Predicted army advantage is now SlightAdvantage
2023-09-18 21:20:03.326 | 01:45    7ms  270M   92G  20/ 31U [ActUnit] MARINE from BARRACKS at (123.5, 131.5)
2023-09-18 21:20:05.247 | 01:58    8ms  310M   28G  21/ 31U [Building continue] UnitTypeId.ORBITALCOMMAND (132.5, 131.5)
2023-09-18 21:20:05.297 | 01:58    9ms  320M   28G  21/ 31U [GameAnalyzer] Income advantage is now Even
2023-09-18 21:20:05.299 | 01:58    9ms  270M   28G  21/ 31U [TerranUnit] SCV from COMMANDCENTER at (132.5, 131.5)
2023-09-18 21:20:05.523 | 02:00    9ms   15M   32G  22/ 31U [BuildGas] Building REFINERY to (139.5, 128.5)
2023-09-18 21:20:06.059 | 02:03   10ms    5M   44G  22/ 31U [ActUnit] MARINE from BARRACKS at (123.5, 131.5)
2023-09-18 21:20:08.846 | 02:21    8ms  155M   88G  23/ 31U [ActUnit] MARINE from BARRACKS at (123.5, 131.5)
2023-09-18 21:20:09.808 | 02:28    8ms   30M    8G  24/ 39U [TerranUnit] SCV from COMMANDCENTER at (132.5, 131.5)
2023-09-18 21:20:11.742 | 02:40    9ms  120M   56G  25/ 39U [ActUnit] MARINE from BARRACKS at (123.5, 131.5)
2023-09-18 21:20:11.800 | 02:40    9ms  120M   56G  26/ 39U [GameAnalyzer] Income advantage is now SlightAdvantage
2023-09-18 21:20:11.802 | 02:40    9ms   70M   56G  26/ 39U [TerranUnit] SCV from COMMANDCENTER at (132.5, 131.5)
2023-09-18 21:20:12.183 | 02:42    9ms   95M   72G  27/ 39U [BuildAddon] UnitTypeId.FACTORYTECHLAB to (134.0, 140.0)
2023-09-18 21:20:15.209 | 02:56    8ms  215M  103G  27/ 39U [GameAnalyzer] Known army advantage is now Even
2023-09-18 21:20:15.209 | 02:56    8ms  215M  103G  27/ 39U [GameAnalyzer] Predicted army advantage is now Even
2023-09-18 21:20:15.494 | 02:58    8ms  250M  115G  27/ 39U [GameAnalyzer] Known army advantage is now SlightAdvantage
2023-09-18 21:20:15.495 | 02:58    8ms  250M  115G  27/ 39U [GameAnalyzer] Predicted army advantage is now SlightAdvantage
2023-09-18 21:20:15.497 | 02:58    8ms  200M  115G  27/ 39U [ActUnit] MARINE from BARRACKS at (123.5, 131.5)
2023-09-18 21:20:15.930 | 03:01    9ms   85M    2G  28/ 39U [ActUnit] SIEGETANK from FACTORY at (131.5, 140.5)
2023-09-18 21:20:17.540 | 03:11    9ms  220M   58G  31/ 39U [BuildAddon] UnitTypeId.FACTORYTECHLAB to (127.0, 138.0)
2023-09-18 21:20:18.708 | 03:17   10ms    5M   69G  31/ 39U [ActUnit] MARINE from BARRACKS at (123.5, 131.5)
2023-09-18 21:20:20.992 | 03:31   10ms   50M  125G  32/ 39U [GameAnalyzer] Income advantage is now Even
2023-09-18 21:20:21.052 | 03:31   11ms   55M  129G  32/ 39U [GameAnalyzer] Income advantage is now SlightAdvantage
2023-09-18 21:20:21.462 | 03:33   11ms  105M  137G  32/ 39U [GameAnalyzer] Known army advantage is now SmallAdvantage
2023-09-18 21:20:21.463 | 03:33   11ms  105M  137G  32/ 39U [GameAnalyzer] Predicted army advantage is now SmallAdvantage
2023-09-18 21:20:21.846 | 03:36   11ms   90M  145G  32/ 39U [ActUnit] MARINE from BARRACKS at (123.5, 131.5)
2023-09-18 21:20:22.569 | 03:40   10ms   15M   36G  33/ 47U [ActUnit] SIEGETANK from FACTORY at (131.5, 140.5)
2023-09-18 21:20:25.830 | 03:54   10ms  190M  104G  36/ 47U [ActUnit] MARINE from BARRACKS at (123.5, 131.5)
2023-09-18 21:20:26.772 | 03:59   11ms  105M    3G  37/ 47U [ActUnit] SIEGETANK from FACTORY at (124.5, 138.5)
2023-09-18 21:20:27.244 | 04:02   10ms   70M   15G  40/ 47U [GameAnalyzer] Income advantage is now Even
2023-09-18 21:20:27.397 | 04:03   10ms   80M   15G  40/ 47U [GameAnalyzer] Income advantage is now SlightAdvantage
2023-09-18 21:20:27.556 | 04:04   10ms   40M   23G  40/ 47U [ActUnit] MARINE from BARRACKS at (121.5, 134.5)
2023-09-18 21:20:28.987 | 04:12   10ms  170M   55G  41/ 47U [GameAnalyzer] Known army advantage is now ClearAdvantage
2023-09-18 21:20:28.988 | 04:12   10ms  170M   55G  41/ 47U [GameAnalyzer] Predicted army advantage is now ClearAdvantage
2023-09-18 21:20:28.990 | 04:12   10ms  120M   55G  41/ 47U [ActUnit] MARINE from BARRACKS at (123.5, 131.5)
2023-09-18 21:20:29.936 | 04:16   11ms   50M   75G  42/ 47U [ActUnit] MARINE from BARRACKS at (128.5, 120.5)
2023-09-18 21:20:31.484 | 04:22   15ms   90M   99G  43/ 47U [ActUnit] MARINE from BARRACKS at (121.5, 134.5)
2023-09-18 21:20:32.796 | 04:27   10ms   25M    2G  44/ 55U [ActUnit] SIEGETANK from FACTORY at (131.5, 140.5)
2023-09-18 21:20:33.224 | 04:30   11ms   40M   18G  47/ 55U [ActUnit] MARINE from BARRACKS at (123.5, 131.5)
2023-09-18 21:20:33.780 | 04:35   11ms   50M   38G  48/ 55U [ActUnit] MARINE from BARRACKS at (128.5, 120.5)
2023-09-18 21:20:34.689 | 04:40   14ms  105M   66G  49/ 55U [ActUnit] MARINE from BARRACKS at (121.5, 134.5)
2023-09-18 21:20:36.176 | 04:49   11ms  195M  114G  50/ 55U [ActUnit] MARINE from BARRACKS at (123.5, 131.5)
2023-09-18 21:20:36.608 | 04:51   12ms  105M    5G  51/ 55U [ActUnit] SIEGETANK from FACTORY at (124.5, 138.5)
2023-09-18 21:20:37.786 | 04:53   11ms   85M   13G  54/ 55U [ActUnit] MARINE from BARRACKS at (128.5, 120.5)
2023-09-18 21:20:38.792 | 04:59   10ms  290M   45G  55/ 55U [GameAnalyzer] Known army advantage is now OverwhelmingAdvantage
2023-09-18 21:20:38.793 | 04:59   10ms  290M   45G  55/ 55U [GameAnalyzer] Predicted army advantage is now OverwhelmingAdvantage
2023-09-18 21:21:41.737 | 09:25   55ms 4820M 1485G  55/ 55U [GameAnalyzer] Income advantage is now Even
2023-09-18 21:21:42.189 | 09:26   17ms 4835M 1497G  55/ 55U [GameAnalyzer] Income advantage is now SlightAdvantage
2023-09-18 21:21:58.502 | 10:42   14ms 5850M 1905G  55/ 55U [GameAnalyzer] Income advantage is now Even
2023-09-18 21:22:21.221 | 12:36   10ms 6840M 2521G  55/ 55U [GameAnalyzer] Income advantage is now SlightDisadvantage
2023-09-18 21:23:08.662 | 16:34   14ms 6845M 3623G  55/ 55U [GameAnalyzer] Income advantage is now SmallDisadvantage
2023-09-18 21:23:56.913 | INFO     | sc2.protocol:_execute:72 - Client status changed to Status.ended (was Status.in_game)
2023-09-18 21:23:56.917 | Result: Victory
2023-09-18 21:23:56.917 | Duration: 20:00
2023-09-18 21:23:56.918 | Step time min: 6
2023-09-18 21:23:56.918 | Step time avg: 25
2023-09-18 21:23:56.919 | Step time max: 145
2023-09-18 21:23:56.920 | [LostUnitsContents] My lost units minerals and gas: (0, 0)
2023-09-18 21:23:56.920 | [LostUnitsContents] My lost units minerals by score: 0.0
2023-09-18 21:23:56.921 | [LostUnitsContents] Enemy lost units minerals and gas: (3600, 0)
2023-09-18 21:23:56.922 | [LostUnitsContents] Enemy lost units minerals by score: 3650.0
2023-09-18 21:23:56.922 | [GameAnalyzerEnd] Own units:
2023-09-18 21:23:56.923 | [GameAnalyzerEnd] SCV               total:  22 alive:  22 dead:   0 
2023-09-18 21:23:56.923 | [GameAnalyzerEnd] MARINE            total:  14 alive:  14 dead:   0 
2023-09-18 21:23:56.924 | [GameAnalyzerEnd] SUPPLYDEPOT       total:   5 alive:   5 dead:   0 
2023-09-18 21:23:56.924 | [GameAnalyzerEnd] SIEGETANK         total:   5 alive:   5 dead:   0 
2023-09-18 21:23:56.925 | [GameAnalyzerEnd] BARRACKS          total:   3 alive:   3 dead:   0 
2023-09-18 21:23:56.925 | [GameAnalyzerEnd] FACTORY           total:   2 alive:   2 dead:   0 
2023-09-18 21:23:56.926 | [GameAnalyzerEnd] TECHLAB           total:   2 alive:   2 dead:   0 
2023-09-18 21:23:56.926 | [GameAnalyzerEnd] REFINERY          total:   2 alive:   2 dead:   0 
2023-09-18 21:23:56.927 | [GameAnalyzerEnd] BUNKER            total:   1 alive:   1 dead:   0 
2023-09-18 21:23:56.927 | [GameAnalyzerEnd] ORBITALCOMMAND    total:   1 alive:   1 dead:   0 
2023-09-18 21:23:56.928 | [GameAnalyzerEnd] Enemy units:
2023-09-18 21:23:56.928 | [GameAnalyzerEnd] MARINE            total:  72 alive:   1 dead:  71 
2023-09-18 21:23:56.929 | [GameAnalyzerEnd] SCV               total:   1 alive:   0 dead:   1 
2023-09-18 21:23:56.929 | [GameAnalyzerEnd] Minerals max 6845 Average 4092
2023-09-18 21:23:56.930 | [GameAnalyzerEnd] Vespene max 3625 Average 1746
2023-09-18 21:23:56.930 | INFO     | sc2.main:_play_game:228 - Result for player 2 - Bot LadderBot(Terran): Victory
