2023-09-19 12:34:53.784 | INFO     | sc2.protocol:_execute:72 - Client status changed to Status.in_game (was None)
2023-09-19 12:34:53.785 | INFO     | sc2.main:_play_game:221 - Player 2 - Bot LadderBot(Terran)
2023-09-19 12:34:54.031 | 00:00    0ms    0M    0G  12/ 15U [Version] 4.10.0.75689
2023-09-19 12:34:54.032 | 00:00    0ms    0M    0G  12/ 15U [Version] 5.0.6 Balance mod recognized.
2023-09-19 12:34:54.104 | 00:00    0ms    0M    0G  12/ 15U [ZoneManager] Map set to: MapName.Unknown from name: Ancient CisternAIE and hash: 3831388.
2023-09-19 12:34:54.621 | [DataManager] No BuildDetector found, enemy build data cannot be saved
2023-09-19 12:34:54.648 | [Start] My race: Terran
2023-09-19 12:34:54.649 | [Start] Opponent race: Terran
2023-09-19 12:34:54.649 | [Start] OpponentId: 1
2023-09-19 12:34:56.757 | 00:16    7ms   10M    0G  13/ 15U [TerranUnit] SCV from COMMANDCENTER at (128.5, 143.5)
2023-09-19 12:34:57.910 | 00:29    7ms  100M    0G  14/ 15U [TerranUnit] SCV from COMMANDCENTER at (128.5, 143.5)
2023-09-19 12:34:59.046 | 00:41    7ms   45M    0G  15/ 23U [TerranUnit] SCV from COMMANDCENTER at (128.5, 143.5)
2023-09-19 12:34:59.326 | 00:44    7ms    0M    0G  16/ 23U [BuildGas] Building REFINERY to (135.5, 140.5)
2023-09-19 12:35:00.584 | 00:57    8ms   10M    0G  16/ 23U [TerranUnit] SCV from COMMANDCENTER at (128.5, 143.5)
2023-09-19 12:35:02.759 | 01:10   56ms  110M    0G  17/ 23U [TerranUnit] SCV from COMMANDCENTER at (128.5, 143.5)
2023-09-19 12:35:04.899 | 01:22    8ms  195M   32G  18/ 31U [TerranUnit] SCV from COMMANDCENTER at (128.5, 143.5)
2023-09-19 12:35:05.444 | 01:27    7ms   50M   44G  19/ 31U [ActUnit] MARINE from BARRACKS at (125.5, 137.5)
2023-09-19 12:35:06.323 | 01:35    8ms  305M   64G  20/ 31U [GameAnalyzer] Income advantage is now SlightAdvantage
2023-09-19 12:35:07.509 | 01:45    8ms  315M   92G  20/ 31U [GameAnalyzer] Known army advantage is now SlightAdvantage
2023-09-19 12:35:07.511 | 01:45    8ms  315M   92G  20/ 31U [GameAnalyzer] Predicted army advantage is now SlightAdvantage
2023-09-19 12:35:07.512 | 01:45    8ms  265M   92G  20/ 31U [ActUnit] MARINE from BARRACKS at (125.5, 137.5)
2023-09-19 12:35:09.528 | 02:00    8ms  335M   32G  21/ 31U [Building continue] UnitTypeId.ORBITALCOMMAND (128.5, 143.5)
2023-09-19 12:35:09.578 | 02:00   10ms  340M   32G  21/ 31U [GameAnalyzer] Income advantage is now Even
2023-09-19 12:35:09.580 | 02:00   10ms  290M   32G  21/ 31U [TerranUnit] SCV from COMMANDCENTER at (128.5, 143.5)
2023-09-19 12:35:09.779 | 02:01    9ms   30M   36G  22/ 31U [BuildGas] Building REFINERY to (124.5, 150.5)
2023-09-19 12:35:10.087 | 02:04    9ms   10M   44G  22/ 31U [ActUnit] MARINE from BARRACKS at (125.5, 137.5)
2023-09-19 12:35:12.732 | 02:22    9ms  145M   92G  23/ 31U [ActUnit] MARINE from BARRACKS at (125.5, 137.5)
2023-09-19 12:35:13.643 | 02:28    9ms   10M   12G  24/ 39U [TerranUnit] SCV from COMMANDCENTER at (128.5, 143.5)
2023-09-19 12:35:15.409 | 02:40    8ms   85M   52G  25/ 39U [ActUnit] MARINE from BARRACKS at (125.5, 137.5)
2023-09-19 12:35:15.496 | 02:41   10ms   45M   52G  26/ 39U [TerranUnit] SCV from COMMANDCENTER at (128.5, 143.5)
2023-09-19 12:35:15.548 | 02:41    9ms   50M   56G  27/ 39U [GameAnalyzer] Known army advantage is now Even
2023-09-19 12:35:15.549 | 02:41    9ms   50M   56G  27/ 39U [GameAnalyzer] Predicted army advantage is now Even
2023-09-19 12:35:17.006 | 02:46   10ms  100M   72G  27/ 39U [BuildAddon] UnitTypeId.FACTORYTECHLAB to (123.0, 142.0)
2023-09-19 12:35:17.138 | 02:46    8ms   55M   51G  27/ 39U [GameAnalyzer] Income advantage is now SlightAdvantage
2023-09-19 12:35:19.048 | 02:59   10ms  210M  107G  27/ 39U [GameAnalyzer] Known army advantage is now SlightAdvantage
2023-09-19 12:35:19.049 | 02:59   10ms  210M  107G  27/ 39U [GameAnalyzer] Predicted army advantage is now SlightAdvantage
2023-09-19 12:35:19.051 | 02:59   10ms  160M  107G  27/ 39U [ActUnit] MARINE from BARRACKS at (125.5, 137.5)
2023-09-19 12:35:19.924 | 03:04    9ms   80M   10G  28/ 39U [ActUnit] SIEGETANK from FACTORY at (120.5, 142.5)
2023-09-19 12:35:21.073 | 03:11    9ms  175M   50G  31/ 39U [BuildAddon] UnitTypeId.FACTORYTECHLAB to (121.0, 145.0)
2023-09-19 12:35:21.989 | 03:17   10ms   75M   57G  31/ 39U [ActUnit] MARINE from BARRACKS at (125.5, 137.5)
2023-09-19 12:35:24.237 | 03:30   10ms    0M  121G  32/ 39U [GameAnalyzer] Income advantage is now Even
2023-09-19 12:35:25.105 | 03:35   10ms   30M  141G  32/ 39U [ActUnit] MARINE from BARRACKS at (125.5, 137.5)
2023-09-19 12:35:25.322 | 03:36    9ms   45M  145G  33/ 47U [GameAnalyzer] Known army advantage is now SmallAdvantage
2023-09-19 12:35:25.323 | 03:36    9ms   45M  145G  33/ 47U [GameAnalyzer] Predicted army advantage is now SmallAdvantage
2023-09-19 12:35:25.413 | 03:37   13ms   50M  149G  33/ 47U [GameAnalyzer] Income advantage is now SlightAdvantage
2023-09-19 12:35:26.815 | 03:41    9ms  120M  165G  33/ 47U [GameAnalyzer] Income advantage is now Even
2023-09-19 12:35:26.908 | 03:41   13ms  125M  169G  33/ 47U [GameAnalyzer] Income advantage is now SlightAdvantage
2023-09-19 12:35:27.275 | 03:44    9ms    5M   52G  33/ 47U [ActUnit] SIEGETANK from FACTORY at (118.5, 145.5)
2023-09-19 12:35:28.973 | 03:53   11ms  125M   96G  36/ 47U [ActUnit] MARINE from BARRACKS at (125.5, 137.5)
2023-09-19 12:35:30.422 | 04:01   80ms   90M    3G  37/ 47U [ActUnit] SIEGETANK from FACTORY at (120.5, 142.5)
2023-09-19 12:35:30.913 | 04:03   79ms   20M   15G  40/ 47U [GameAnalyzer] Income advantage is now Even
2023-09-19 12:35:31.817 | 04:06   52ms   80M   27G  40/ 47U [GameAnalyzer] Known army advantage is now SlightDisadvantage
2023-09-19 12:35:31.825 | 04:06   52ms   80M   27G  40/ 47U [GameAnalyzer] Predicted army advantage is now SlightDisadvantage
2023-09-19 12:35:32.955 | 04:09   74ms   70M   39G  40/ 47U [ActUnit] MARINE from BARRACKS at (132.5, 133.5)
2023-09-19 12:35:33.595 | 04:11   58ms   95M   47G  41/ 47U [GameAnalyzer] Known army advantage is now SmallAdvantage
2023-09-19 12:35:33.600 | 04:11   58ms   95M   47G  41/ 47U [GameAnalyzer] Predicted army advantage is now SmallAdvantage
2023-09-19 12:35:33.691 | 04:12   77ms   50M   47G  41/ 47U [ActUnit] MARINE from BARRACKS at (125.5, 137.5)
2023-09-19 12:35:34.741 | 04:16   13ms  103M   63G  42/ 47U [GameAnalyzer] Known army advantage is now ClearAdvantage
2023-09-19 12:35:34.742 | 04:16   13ms  103M   63G  42/ 47U [GameAnalyzer] Predicted army advantage is now ClearAdvantage
2023-09-19 12:35:35.463 | 04:20    9ms   18M   79G  42/ 47U [ActUnit] MARINE from BARRACKS at (118.5, 137.5)
2023-09-19 12:35:36.679 | 04:26    9ms  122M  107G  43/ 47U [GameAnalyzer] Income advantage is now SlightAdvantage
2023-09-19 12:35:36.831 | 04:27   10ms   77M  107G  43/ 47U [ActUnit] MARINE from BARRACKS at (132.5, 133.5)
2023-09-19 12:35:37.383 | 04:30    9ms   87M  123G  44/ 55U [ActUnit] MARINE from BARRACKS at (125.5, 137.5)
2023-09-19 12:35:38.841 | 04:35   57ms    2M   26G  45/ 55U [ActUnit] SIEGETANK from FACTORY at (118.5, 145.5)
2023-09-19 12:35:40.269 | 04:39   67ms   12M   42G  48/ 55U [ActUnit] MARINE from BARRACKS at (118.5, 137.5)
2023-09-19 12:35:41.246 | 04:44   11ms   12M   66G  49/ 55U [GameAnalyzer] Income advantage is now Even
2023-09-19 12:35:41.312 | 04:44   11ms   17M   74G  49/ 55U [GameAnalyzer] Income advantage is now SlightAdvantage
2023-09-19 12:35:41.638 | 04:46   12ms   42M   82G  49/ 55U [GameAnalyzer] Income advantage is now Even
2023-09-19 12:35:41.796 | 04:47   10ms    7M   86G  49/ 63U [ActUnit] MARINE from BARRACKS at (132.5, 133.5)
2023-09-19 12:35:41.963 | 04:48   10ms   22M   90G  50/ 63U [GameAnalyzer] Income advantage is now SlightAdvantage
2023-09-19 12:35:42.390 | 04:50   12ms   17M  102G  50/ 63U [ActUnit] MARINE from BARRACKS at (125.5, 137.5)
2023-09-19 12:35:43.563 | 04:57   10ms   82M  134G  51/ 63U [ActUnit] MARINE from BARRACKS at (118.5, 137.5)
2023-09-19 12:35:44.558 | 05:02    9ms    2M   41G  52/ 63U [ActUnit] SIEGETANK from FACTORY at (120.5, 142.5)
2023-09-19 12:35:45.197 | 05:05   12ms   67M   57G  55/ 63U [GameAnalyzer] Known army advantage is now OverwhelmingAdvantage
2023-09-19 12:35:45.198 | 05:05   12ms   67M   57G  55/ 63U [GameAnalyzer] Predicted army advantage is now OverwhelmingAdvantage
2023-09-19 12:35:45.200 | 05:05   12ms   17M   57G  55/ 63U [ActUnit] MARINE from BARRACKS at (132.5, 133.5)
2023-09-19 12:35:45.784 | 05:08   11ms    7M   73G  56/ 63U [ActUnit] MARINE from BARRACKS at (125.5, 137.5)
2023-09-19 12:35:47.353 | 05:17   13ms    7M  121G  57/ 71U [ActUnit] MARINE from BARRACKS at (118.5, 137.5)
2023-09-19 12:35:48.667 | 05:24   10ms   67M  153G  58/ 71U [ActUnit] MARINE from BARRACKS at (132.5, 133.5)
2023-09-19 12:35:49.244 | 05:27   13ms   87M  169G  59/ 71U [ActUnit] MARINE from BARRACKS at (125.5, 137.5)
2023-09-19 12:35:50.045 | 05:31   13ms    2M   72G  60/ 71U [ActUnit] SIEGETANK from FACTORY at (118.5, 145.5)
2023-09-19 12:35:51.505 | 05:35   11ms   27M   92G  63/ 71U [ActUnit] MARINE from BARRACKS at (118.5, 137.5)
2023-09-19 12:35:52.721 | 05:42   11ms   92M  132G  64/ 79U [ActUnit] MARINE from BARRACKS at (132.5, 133.5)
2023-09-19 12:35:52.725 | 05:42   11ms   92M  132G  64/ 79U [PlanZoneAttack] Power 32.60 is larger than required attack power 4.00 -> attack!
2023-09-19 12:35:52.725 | 05:42   11ms   92M  132G  64/ 79U [PlanZoneAttack] Attack started at 32.60 power.
2023-09-19 12:35:53.474 | 05:46   16ms    7M  152G  65/ 79U [ActUnit] MARINE from BARRACKS at (125.5, 137.5)
2023-09-19 12:35:54.975 | 05:54   17ms   82M  196G  66/ 79U [ActUnit] MARINE from BARRACKS at (118.5, 137.5)
2023-09-19 12:35:55.597 | 05:57   15ms    2M   87G  67/ 79U [ActUnit] SIEGETANK from FACTORY at (120.5, 142.5)
2023-09-19 12:35:56.546 | 06:01   19ms    7M  107G  70/ 79U [ActUnit] MARINE from BARRACKS at (132.5, 133.5)
2023-09-19 12:35:57.669 | 06:04   90ms   27M  127G  69/ 79U [ActUnit] MARINE from BARRACKS at (125.5, 137.5)
2023-09-19 12:35:59.302 | 06:11   18ms    2M   34G  69/ 87U [ActUnit] SIEGETANK from FACTORY at (118.5, 145.5)
2023-09-19 12:36:00.159 | 06:15   19ms    7M   62G  72/ 87U [ActUnit] MARINE from BARRACKS at (118.5, 137.5)
2023-09-19 12:36:00.834 | 06:19   17ms   37M   82G  73/ 87U [ActUnit] MARINE from BARRACKS at (132.5, 133.5)
2023-09-19 12:36:02.250 | 06:26   21ms    7M  114G  74/ 87U [ActUnit] MARINE from BARRACKS at (125.5, 137.5)
2023-09-19 12:36:04.259 | 06:34   19ms   87M  162G  75/ 87U [ActUnit] MARINE from BARRACKS at (118.5, 137.5)
2023-09-19 12:36:05.265 | 06:37   95ms    7M   53G  76/ 87U [ActUnit] SIEGETANK from FACTORY at (120.5, 142.5)
2023-09-19 12:36:06.444 | 06:40   31ms    7M   73G  79/ 87U [ActUnit] MARINE from BARRACKS at (132.5, 133.5)
2023-09-19 12:36:07.718 | 06:44   75ms   27M   93G  80/ 87U [ActUnit] MARINE from BARRACKS at (125.5, 137.5)
2023-09-19 12:36:10.016 | 06:52   31ms   17M  133G  81/ 95U [ActUnit] MARINE from BARRACKS at (118.5, 137.5)
2023-09-19 12:36:10.557 | 06:54   73ms   37M  145G  82/ 95U [GameAnalyzer] Income advantage is now SmallAdvantage
2023-09-19 12:36:11.030 | 06:56   25ms   87M  157G  82/ 95U [GameAnalyzer] Income advantage is now Even
2023-09-19 12:36:11.754 | 06:59   31ms   82M  173G  82/ 95U [ActUnit] MARINE from BARRACKS at (132.5, 133.5)
2023-09-19 12:36:12.579 | 07:02   34ms   92M  189G  83/ 95U [ActUnit] MARINE from BARRACKS at (125.5, 137.5)
2023-09-19 12:36:13.468 | 07:06   33ms    2M   88G  84/ 95U [ActUnit] SIEGETANK from FACTORY at (118.5, 145.5)
2023-09-19 12:36:14.216 | 07:09   29ms   72M  104G  87/ 95U [GameAnalyzer] Income advantage is now SlightAdvantage
2023-09-19 12:36:14.423 | 07:10   28ms   82M  104G  87/ 95U [GameAnalyzer] Income advantage is now ClearAdvantage
2023-09-19 12:36:14.513 | 07:10   33ms   37M  112G  87/ 95U [ActUnit] MARINE from BARRACKS at (118.5, 137.5)
2023-09-19 12:36:14.600 | 07:11   35ms   47M  112G  88/ 95U [PlanZoneAttack] Power 54.73 is larger than required attack power 4.00 -> attack!
2023-09-19 12:36:14.601 | 07:11   35ms   47M  112G  88/ 95U [PlanZoneAttack] Attack started at 54.73 power.
2023-09-19 12:36:16.081 | 07:17   28ms    7M   19G  88/103U [ActUnit] SIEGETANK from FACTORY at (120.5, 142.5)
2023-09-19 12:36:16.860 | 07:20   73ms    2M   35G  91/103U [ActUnit] MARINE from BARRACKS at (132.5, 133.5)
2023-09-19 12:36:17.313 | INFO     | sc2.protocol:_execute:72 - Client status changed to Status.ended (was Status.in_game)
2023-09-19 12:36:17.318 | Result: Victory
2023-09-19 12:36:17.318 | Duration: 07:21
2023-09-19 12:36:17.319 | Step time min: 5
2023-09-19 12:36:17.320 | Step time avg: 20
2023-09-19 12:36:17.320 | Step time max: 129
2023-09-19 12:36:17.321 | [LostUnitsContents] My lost units minerals and gas: (150, 0)
2023-09-19 12:36:17.322 | [LostUnitsContents] My lost units minerals by score: 150.0
2023-09-19 12:36:17.322 | [LostUnitsContents] Enemy lost units minerals and gas: (3425, 0)
2023-09-19 12:36:17.323 | [LostUnitsContents] Enemy lost units minerals by score: 3875.0
2023-09-19 12:36:17.324 | [GameAnalyzerEnd] Own units:
2023-09-19 12:36:17.324 | [GameAnalyzerEnd] MARINE            total:  34 alive:  31 dead:   3 
2023-09-19 12:36:17.325 | [GameAnalyzerEnd] SCV               total:  20 alive:  20 dead:   0 
2023-09-19 12:36:17.326 | [GameAnalyzerEnd] SUPPLYDEPOT       total:  11 alive:  11 dead:   0 
2023-09-19 12:36:17.326 | [GameAnalyzerEnd] SIEGETANK         total:   9 alive:   9 dead:   0 
2023-09-19 12:36:17.327 | [GameAnalyzerEnd] BARRACKS          total:   3 alive:   3 dead:   0 
2023-09-19 12:36:17.327 | [GameAnalyzerEnd] FACTORY           total:   2 alive:   2 dead:   0 
2023-09-19 12:36:17.328 | [GameAnalyzerEnd] REFINERY          total:   2 alive:   2 dead:   0 
2023-09-19 12:36:17.329 | [GameAnalyzerEnd] TECHLAB           total:   2 alive:   2 dead:   0 
2023-09-19 12:36:17.329 | [GameAnalyzerEnd] MULE              total:   1 alive:   1 dead:   0 
2023-09-19 12:36:17.330 | [GameAnalyzerEnd] BUNKER            total:   1 alive:   1 dead:   0 
2023-09-19 12:36:17.330 | [GameAnalyzerEnd] ORBITALCOMMAND    total:   1 alive:   1 dead:   0 
2023-09-19 12:36:17.331 | [GameAnalyzerEnd] Enemy units:
2023-09-19 12:36:17.332 | [GameAnalyzerEnd] SCV               total:  32 alive:   2 dead:  30 
2023-09-19 12:36:17.333 | [GameAnalyzerEnd] MARINE            total:  24 alive:   0 dead:  24 
2023-09-19 12:36:17.333 | [GameAnalyzerEnd] SUPPLYDEPOT       total:   3 alive:   1 dead:   2 
2023-09-19 12:36:17.334 | [GameAnalyzerEnd] BARRACKS          total:   2 alive:   0 dead:   2 
2023-09-19 12:36:17.335 | [GameAnalyzerEnd] REFINERY          total:   1 alive:   0 dead:   1 
2023-09-19 12:36:17.335 | [GameAnalyzerEnd] ORBITALCOMMAND    total:   1 alive:   0 dead:   1 
2023-09-19 12:36:17.336 | [GameAnalyzerEnd] Minerals max 470 Average 103
2023-09-19 12:36:17.336 | [GameAnalyzerEnd] Vespene max 205 Average 78
2023-09-19 12:36:17.337 | INFO     | sc2.main:_play_game:228 - Result for player 2 - Bot LadderBot(Terran): Victory
