2023-09-18 19:40:06.915 | INFO     | sc2.protocol:_execute:72 - Client status changed to Status.in_game (was None)
2023-09-18 19:40:06.916 | INFO     | sc2.main:_play_game:221 - Player 2 - Bot LadderBot(Terran)
2023-09-18 19:40:07.168 | 00:00    0ms    0M    0G  12/ 15U [Version] 4.10.0.75689
2023-09-18 19:40:07.169 | 00:00    0ms    0M    0G  12/ 15U [Version] 5.0.6 Balance mod recognized.
2023-09-18 19:40:07.234 | 00:00    0ms    0M    0G  12/ 15U [ZoneManager] Map set to: MapName.Unknown from name: GresvanAIE and hash: 3547936.
2023-09-18 19:40:07.913 | [DataManager] No BuildDetector found, enemy build data cannot be saved
2023-09-18 19:40:07.941 | [Start] My race: Terran
2023-09-18 19:40:07.942 | [Start] Opponent race: Terran
2023-09-18 19:40:07.942 | [Start] OpponentId: 1
2023-09-18 19:40:09.953 | 00:16    8ms    5M    0G  13/ 15U [TerranUnit] SCV from COMMANDCENTER at (38.5, 121.5)
2023-09-18 19:40:11.126 | 00:29    7ms  100M    0G  14/ 15U [TerranUnit] SCV from COMMANDCENTER at (38.5, 121.5)
2023-09-18 19:40:12.328 | 00:41    7ms   40M    0G  15/ 23U [TerranUnit] SCV from COMMANDCENTER at (38.5, 121.5)
2023-09-18 19:40:12.634 | 00:44    7ms    5M    0G  16/ 23U [BuildGas] Building REFINERY to (42.5, 128.5)
2023-09-18 19:40:13.935 | 00:57    6ms    0M    0G  16/ 23U [TerranUnit] SCV from COMMANDCENTER at (38.5, 121.5)
2023-09-18 19:40:16.048 | 01:09   22ms   95M    0G  17/ 23U [TerranUnit] SCV from COMMANDCENTER at (38.5, 121.5)
2023-09-18 19:40:17.966 | 01:22    7ms  180M   28G  18/ 31U [TerranUnit] SCV from COMMANDCENTER at (38.5, 121.5)
2023-09-18 19:40:18.507 | 01:27    8ms   35M   40G  19/ 31U [ActUnit] MARINE from BARRACKS at (39.5, 113.5)
2023-09-18 19:40:19.398 | 01:34    7ms  295M   60G  20/ 31U [GameAnalyzer] Income advantage is now SlightAdvantage
2023-09-18 19:40:20.635 | 01:45    7ms  305M   88G  20/ 31U [GameAnalyzer] Known army advantage is now SlightAdvantage
2023-09-18 19:40:20.636 | 01:45    7ms  305M   88G  20/ 31U [GameAnalyzer] Predicted army advantage is now SlightAdvantage
2023-09-18 19:40:20.637 | 01:45    7ms  255M   88G  20/ 31U [ActUnit] MARINE from BARRACKS at (39.5, 113.5)
2023-09-18 19:40:22.697 | 01:59    7ms  325M   28G  21/ 31U [Building continue] UnitTypeId.ORBITALCOMMAND (38.5, 121.5)
2023-09-18 19:40:22.787 | 02:00   10ms  335M   28G  21/ 31U [GameAnalyzer] Income advantage is now Even
2023-09-18 19:40:22.789 | 02:00   10ms  285M   28G  21/ 31U [TerranUnit] SCV from COMMANDCENTER at (38.5, 121.5)
2023-09-18 19:40:22.975 | 02:01    8ms   30M   32G  22/ 31U [BuildGas] Building REFINERY to (45.5, 124.5)
2023-09-18 19:40:23.298 | 02:03   11ms   10M   40G  22/ 31U [ActUnit] MARINE from BARRACKS at (39.5, 113.5)
2023-09-18 19:40:26.038 | 02:21    8ms  155M   84G  23/ 31U [ActUnit] MARINE from BARRACKS at (39.5, 113.5)
2023-09-18 19:40:27.422 | 02:30    9ms   50M    8G  24/ 39U [TerranUnit] SCV from COMMANDCENTER at (38.5, 121.5)
2023-09-18 19:40:28.979 | 02:40    9ms   95M   48G  25/ 39U [ActUnit] MARINE from BARRACKS at (39.5, 113.5)
2023-09-18 19:40:29.423 | 02:42    9ms   95M   56G  26/ 39U [TerranUnit] SCV from COMMANDCENTER at (38.5, 121.5)
2023-09-18 19:40:31.285 | 02:49   10ms  155M   88G  27/ 39U [GameAnalyzer] Known army advantage is now Even
2023-09-18 19:40:31.286 | 02:49   10ms  155M   88G  27/ 39U [GameAnalyzer] Predicted army advantage is now Even
2023-09-18 19:40:31.587 | 02:50   10ms  180M   88G  27/ 39U [BuildAddon] UnitTypeId.FACTORYTECHLAB to (35.0, 113.0)
2023-09-18 19:40:31.743 | 02:51    9ms  145M   71G  27/ 39U [GameAnalyzer] Income advantage is now SlightAdvantage
2023-09-18 19:40:32.825 | 02:58    9ms  225M   99G  27/ 39U [GameAnalyzer] Known army advantage is now SlightAdvantage
2023-09-18 19:40:32.826 | 02:58    9ms  225M   99G  27/ 39U [GameAnalyzer] Predicted army advantage is now SlightAdvantage
2023-09-18 19:40:32.827 | 02:58    9ms  175M   99G  27/ 39U [ActUnit] MARINE from BARRACKS at (39.5, 113.5)
2023-09-18 19:40:34.484 | 03:09    8ms  175M   30G  28/ 39U [ActUnit] SIEGETANK from FACTORY at (32.5, 113.5)
2023-09-18 19:40:35.118 | 03:13   10ms  245M   50G  31/ 39U [BuildAddon] UnitTypeId.FACTORYTECHLAB to (44.0, 110.0)
2023-09-18 19:40:36.132 | 03:19   11ms    0M   53G  31/ 39U [ActUnit] MARINE from BARRACKS at (39.5, 113.5)
2023-09-18 19:40:37.952 | 03:30    9ms   15M  105G  32/ 39U [GameAnalyzer] Income advantage is now Even
2023-09-18 19:40:39.163 | 03:37    9ms   65M  125G  32/ 39U [ActUnit] MARINE from BARRACKS at (39.5, 113.5)
2023-09-18 19:40:39.733 | 03:40   10ms  120M  141G  33/ 47U [GameAnalyzer] Income advantage is now SlightAdvantage
2023-09-18 19:40:40.769 | 03:41   10ms  140M  141G  33/ 47U [GameAnalyzer] Known army advantage is now SmallAdvantage
2023-09-18 19:40:40.770 | 03:41   10ms  140M  141G  33/ 47U [GameAnalyzer] Predicted army advantage is now SmallAdvantage
2023-09-18 19:40:40.834 | 03:42   11ms    0M   20G  33/ 47U [ActUnit] SIEGETANK from FACTORY at (32.5, 113.5)
2023-09-18 19:40:44.894 | 03:56   77ms  160M   80G  36/ 47U [ActUnit] MARINE from BARRACKS at (39.5, 113.5)
2023-09-18 19:40:45.523 | 03:58   59ms  190M   88G  37/ 47U [GameAnalyzer] Income advantage is now Even
2023-09-18 19:40:45.733 | 03:59   17ms  230M   92G  37/ 47U [GameAnalyzer] Income advantage is now SlightAdvantage
2023-09-18 19:40:47.896 | 04:06   82ms  300M  124G  37/ 47U [ActUnit] MARINE from BARRACKS at (34.5, 110.5)
2023-09-18 19:40:48.035 | 04:07   65ms   50M    7G  38/ 47U [ActUnit] SIEGETANK from FACTORY at (41.5, 110.5)
2023-09-18 19:40:48.149 | 04:07   76ms   55M    7G  41/ 47U [GameAnalyzer] Income advantage is now Even
2023-09-18 19:40:48.286 | 04:08   60ms   60M    7G  41/ 47U [GameAnalyzer] Income advantage is now SlightAdvantage
2023-09-18 19:40:50.100 | 04:14   60ms  145M   35G  41/ 47U [GameAnalyzer] Income advantage is now Even
2023-09-18 19:40:50.107 | 04:14   60ms   95M   35G  41/ 47U [ActUnit] MARINE from BARRACKS at (39.5, 113.5)
2023-09-18 19:40:50.224 | 04:14   88ms   95M   39G  42/ 47U [GameAnalyzer] Income advantage is now SlightAdvantage
2023-09-18 19:40:50.226 | 04:14   88ms   95M   39G  42/ 47U [GameAnalyzer] Known army advantage is now ClearAdvantage
2023-09-18 19:40:50.226 | 04:14   88ms   95M   39G  42/ 47U [GameAnalyzer] Predicted army advantage is now ClearAdvantage
2023-09-18 19:40:51.149 | 04:18   60ms  155M   51G  42/ 47U [GameAnalyzer] Income advantage is now Even
2023-09-18 19:40:51.264 | 04:18   75ms  160M   55G  42/ 47U [GameAnalyzer] Income advantage is now SlightAdvantage
2023-09-18 19:40:51.539 | 04:19   91ms   15M   55G  42/ 47U [ActUnit] MARINE from BARRACKS at (47.5, 129.5)
2023-09-18 19:40:51.672 | 04:19   66ms   25M   59G  43/ 47U [GameAnalyzer] Income advantage is now Even
2023-09-18 19:40:51.878 | 04:20   13ms   40M   63G  43/ 47U [GameAnalyzer] Income advantage is now SlightAdvantage
2023-09-18 19:40:52.980 | 04:24   77ms    5M   79G  43/ 47U [GameAnalyzer] Income advantage is now Even
2023-09-18 19:40:53.767 | 04:27   83ms    0M   91G  43/ 47U [ActUnit] MARINE from BARRACKS at (34.5, 110.5)
2023-09-18 19:40:54.628 | 04:30   30ms  155M  103G  44/ 47U [GameAnalyzer] Income advantage is now SlightAdvantage
2023-09-18 19:40:55.191 | 04:32   77ms  125M  115G  44/ 47U [ActUnit] MARINE from BARRACKS at (39.5, 113.5)
2023-09-18 19:40:55.892 | 04:35   79ms   20M    2G  45/ 55U [ActUnit] SIEGETANK from FACTORY at (32.5, 113.5)
2023-09-18 19:40:56.593 | 04:37   62ms    5M   10G  48/ 55U [ActUnit] MARINE from BARRACKS at (47.5, 129.5)
2023-09-18 19:40:59.738 | 04:46   11ms    0M   54G  49/ 55U [ActUnit] MARINE from BARRACKS at (34.5, 110.5)
2023-09-18 19:41:00.627 | 04:51   10ms   10M   78G  50/ 63U [ActUnit] MARINE from BARRACKS at (39.5, 113.5)
2023-09-18 19:41:01.609 | 04:55   11ms   55M  102G  51/ 63U [ActUnit] MARINE from BARRACKS at (47.5, 129.5)
2023-09-18 19:41:02.679 | 05:01   13ms    5M    5G  52/ 63U [ActUnit] SIEGETANK from FACTORY at (41.5, 110.5)
2023-09-18 19:41:03.330 | 05:04   10ms   45M   21G  55/ 63U [GameAnalyzer] Known army advantage is now OverwhelmingAdvantage
2023-09-18 19:41:03.339 | 05:04   10ms   45M   21G  55/ 63U [GameAnalyzer] Predicted army advantage is now OverwhelmingAdvantage
2023-09-18 19:41:03.486 | 05:04   80ms    0M   21G  55/ 63U [ActUnit] MARINE from BARRACKS at (34.5, 110.5)
2023-09-18 19:41:04.425 | 05:09   11ms   35M   45G  56/ 71U [ActUnit] MARINE from BARRACKS at (39.5, 113.5)
2023-09-18 19:41:05.921 | 05:16   11ms    0M   85G  57/ 71U [ActUnit] MARINE from BARRACKS at (47.5, 129.5)
2023-09-18 19:41:07.454 | 05:23   11ms   70M  125G  58/ 71U [ActUnit] MARINE from BARRACKS at (34.5, 110.5)
2023-09-18 19:41:08.337 | 05:27   11ms    0M   16G  59/ 71U [ActUnit] SIEGETANK from FACTORY at (32.5, 113.5)
2023-09-18 19:41:09.102 | 05:30   12ms    5M   40G  62/ 71U [ActUnit] MARINE from BARRACKS at (39.5, 113.5)
2023-09-18 19:41:10.303 | 05:34   73ms   30M   56G  63/ 71U [ActUnit] MARINE from BARRACKS at (47.5, 129.5)
2023-09-18 19:41:13.108 | 05:41   11ms   95M   96G  64/ 79U [ActUnit] MARINE from BARRACKS at (34.5, 110.5)
2023-09-18 19:41:13.110 | 05:41   11ms   95M   96G  64/ 79U [PlanZoneAttack] Power 32.58 is larger than required attack power 4.00 -> attack!
2023-09-18 19:41:13.111 | 05:41   11ms   95M   96G  64/ 79U [PlanZoneAttack] Attack started at 32.58 power.
2023-09-18 19:41:14.869 | 05:49   16ms   75M  136G  65/ 79U [ActUnit] MARINE from BARRACKS at (39.5, 113.5)
2023-09-18 19:41:15.615 | 05:52   18ms    0M   27G  66/ 79U [ActUnit] SIEGETANK from FACTORY at (41.5, 110.5)
2023-09-18 19:41:16.687 | 05:56   20ms    5M   51G  69/ 79U [ActUnit] MARINE from BARRACKS at (47.5, 129.5)
2023-09-18 19:41:17.429 | 05:59   17ms   20M   71G  70/ 79U [ActUnit] MARINE from BARRACKS at (34.5, 110.5)
2023-09-18 19:41:19.335 | 06:07   78ms  100M  115G  71/ 87U [ActUnit] MARINE from BARRACKS at (39.5, 113.5)
2023-09-18 19:41:20.773 | 06:11   73ms   10M    6G  72/ 87U [ActUnit] SIEGETANK from FACTORY at (32.5, 113.5)
2023-09-18 19:41:22.107 | 06:15   74ms   25M   30G  75/ 87U [ActUnit] MARINE from BARRACKS at (47.5, 129.5)
2023-09-18 19:41:23.301 | 06:18   96ms   20M   46G  74/ 87U [ActUnit] MARINE from BARRACKS at (34.5, 110.5)
2023-09-18 19:41:25.904 | 06:25   73ms    0M   86G  75/ 87U [ActUnit] MARINE from BARRACKS at (39.5, 113.5)
2023-09-18 19:41:28.556 | 06:33   93ms   70M  126G  76/ 87U [ActUnit] MARINE from BARRACKS at (47.5, 129.5)
2023-09-18 19:41:30.530 | 06:36   78ms   85M  142G  77/ 87U [ActUnit] MARINE from BARRACKS at (34.5, 110.5)
2023-09-18 19:41:31.735 | 06:40   23ms  135M  166G  78/ 87U [GameAnalyzer] Income advantage is now Even
2023-09-18 19:41:32.066 | 06:41   92ms    5M   49G  78/ 87U [ActUnit] SIEGETANK from FACTORY at (41.5, 110.5)
2023-09-18 19:41:32.511 | 06:42   28ms   45M   57G  81/ 87U [GameAnalyzer] Income advantage is now SlightDisadvantage
2023-09-18 19:41:32.758 | 06:43   26ms   55M   57G  81/ 87U [GameAnalyzer] Income advantage is now SmallDisadvantage
2023-09-18 19:41:32.886 | 06:44   30ms   15M   61G  80/ 87U [ActUnit] MARINE from BARRACKS at (39.5, 113.5)
2023-09-18 19:41:35.018 | 06:51   24ms   35M  105G  81/ 95U [GameAnalyzer] Income advantage is now SlightDisadvantage
2023-09-18 19:41:35.201 | 06:52   32ms    0M  105G  81/ 95U [ActUnit] MARINE from BARRACKS at (47.5, 129.5)
2023-09-18 19:41:35.839 | 06:53   96ms   30M  113G  81/ 95U [GameAnalyzer] Income advantage is now Even
2023-09-18 19:41:36.174 | 06:54   89ms   30M  121G  81/ 95U [GameAnalyzer] Income advantage is now SlightAdvantage
2023-09-18 19:41:36.641 | 06:56   35ms   30M  129G  80/ 95U [ActUnit] MARINE from BARRACKS at (34.5, 110.5)
2023-09-18 19:41:38.609 | 07:02   78ms   60M  161G  81/ 95U [ActUnit] MARINE from BARRACKS at (39.5, 113.5)
2023-09-18 19:41:40.246 | 07:06   84ms    5M   60G  82/ 95U [ActUnit] SIEGETANK from FACTORY at (32.5, 113.5)
2023-09-18 19:41:41.545 | 07:10   79ms   20M   76G  85/ 95U [ActUnit] MARINE from BARRACKS at (47.5, 129.5)
2023-09-18 19:41:43.181 | 07:14   82ms   20M  100G  86/103U [ActUnit] MARINE from BARRACKS at (34.5, 110.5)
2023-09-18 19:41:45.040 | 07:20  108ms   85M  132G  87/103U [ActUnit] MARINE from BARRACKS at (39.5, 113.5)
2023-09-18 19:41:46.585 | 07:25   29ms  160M  164G  88/103U [GameAnalyzer] Income advantage is now SmallAdvantage
2023-09-18 19:41:46.588 | 07:25   29ms   10M   39G  88/103U [ActUnit] SIEGETANK from FACTORY at (41.5, 110.5)
2023-09-18 19:41:47.453 | 07:28   30ms   25M   55G  91/103U [ActUnit] MARINE from BARRACKS at (47.5, 129.5)
2023-09-18 19:41:47.571 | 07:29   33ms   35M   55G  92/103U [GameAnalyzer] Income advantage is now SlightAdvantage
2023-09-18 19:41:47.814 | 07:30   32ms   35M   63G  92/103U [EnemyArmyPredicter] Predicting negative free minerals for enemy: -305
2023-09-18 19:41:48.553 | 07:32   32ms   35M   79G  91/103U [ActUnit] MARINE from BARRACKS at (34.5, 110.5)
2023-09-18 19:41:49.312 | 07:35   34ms   95M   87G  91/103U [EnemyArmyPredicter] Predicting negative free minerals for enemy: -750
2023-09-18 19:41:49.450 | 07:35   38ms  100M   95G  91/103U [GameAnalyzer] Income advantage is now Even
2023-09-18 19:41:50.316 | 07:38   33ms    5M  111G  91/103U [ActUnit] MARINE from BARRACKS at (39.5, 113.5)
2023-09-18 19:41:51.662 | 07:40   35ms   50M  119G  92/103U [EnemyArmyPredicter] Predicting negative free minerals for enemy: -1095
2023-09-18 19:41:53.276 | 07:46   34ms  145M  151G  92/103U [EnemyArmyPredicter] Predicting negative free minerals for enemy: -465
2023-09-18 19:41:53.428 | 07:46   41ms    0M   26G  92/103U [ActUnit] SIEGETANK from FACTORY at (32.5, 113.5)
2023-09-18 19:41:54.357 | 07:49   35ms    0M   42G  95/103U [ActUnit] MARINE from BARRACKS at (47.5, 129.5)
2023-09-18 19:41:54.883 | 07:51   37ms   20M   50G  96/103U [EnemyArmyPredicter] Predicting negative free minerals for enemy: -600
2023-09-18 19:41:55.293 | 07:52   43ms   15M   58G  96/103U [ActUnit] MARINE from BARRACKS at (34.5, 110.5)
2023-09-18 19:41:56.630 | 07:57   44ms   20M   82G  97/103U [ActUnit] MARINE from BARRACKS at (39.5, 113.5)
2023-09-18 19:41:57.391 | 07:59   49ms   90M   98G  98/103U [GameAnalyzer] Income advantage is now ClearAdvantage
2023-09-18 19:41:59.431 | 08:07   39ms  100M  134G  97/111U [GameAnalyzer] Predicted army advantage is now ClearAdvantage
2023-09-18 19:41:59.548 | 08:07   45ms   65M  142G  97/111U [ActUnit] MARINE from BARRACKS at (47.5, 129.5)
2023-09-18 19:42:00.371 | 08:11   37ms   50M  158G  98/111U [ActUnit] MARINE from BARRACKS at (34.5, 110.5)
2023-09-18 19:42:01.588 | 08:15   90ms   85M  182G  99/111U [ActUnit] MARINE from BARRACKS at (39.5, 113.5)
2023-09-18 19:42:02.258 | 08:18   36ms  120M  194G 100/111U [GameAnalyzer] Predicted army advantage is now OverwhelmingAdvantage
2023-09-18 19:42:02.379 | 08:18   46ms    0M   73G 100/111U [ActUnit] SIEGETANK from FACTORY at (41.5, 110.5)
2023-09-18 19:42:04.484 | 08:26   83ms   55M  113G 103/119U [ActUnit] MARINE from BARRACKS at (47.5, 129.5)
2023-09-18 19:42:05.388 | 08:28   68ms  100M  129G 104/119U [EnemyArmyPredicter] Predicting negative free minerals for enemy: -10
2023-09-18 19:42:05.558 | 08:29  106ms   50M  129G 104/119U [ActUnit] MARINE from BARRACKS at (34.5, 110.5)
2023-09-18 19:42:07.326 | 08:34   88ms   40M  153G 105/119U [EnemyArmyPredicter] Predicting negative free minerals for enemy: -60
2023-09-18 19:42:07.478 | 08:34   93ms    0M  161G 105/119U [ActUnit] MARINE from BARRACKS at (39.5, 113.5)
2023-09-18 19:42:08.856 | 08:39   34ms   90M  185G 106/119U [EnemyArmyPredicter] Predicting negative free minerals for enemy: -60
2023-09-18 19:42:09.024 | INFO     | sc2.protocol:_execute:72 - Client status changed to Status.ended (was Status.in_game)
2023-09-18 19:42:09.029 | Result: Victory
2023-09-18 19:42:09.030 | Duration: 08:40
2023-09-18 19:42:09.031 | Step time min: 5
2023-09-18 19:42:09.031 | Step time avg: 33
2023-09-18 19:42:09.032 | Step time max: 119
2023-09-18 19:42:09.033 | [LostUnitsContents] My lost units minerals and gas: (400, 0)
2023-09-18 19:42:09.033 | [LostUnitsContents] My lost units minerals by score: 350.0
2023-09-18 19:42:09.034 | [LostUnitsContents] Enemy lost units minerals and gas: (11150, 1425)
2023-09-18 19:42:09.035 | [LostUnitsContents] Enemy lost units minerals by score: 11375.0
2023-09-18 19:42:09.035 | [GameAnalyzerEnd] Own units:
2023-09-18 19:42:09.036 | [GameAnalyzerEnd] MARINE            total:  46 alive:  38 dead:   8 
2023-09-18 19:42:09.036 | [GameAnalyzerEnd] SCV               total:  20 alive:  20 dead:   0 
2023-09-18 19:42:09.037 | [GameAnalyzerEnd] SUPPLYDEPOT       total:  14 alive:  14 dead:   0 
2023-09-18 19:42:09.037 | [GameAnalyzerEnd] SIEGETANK         total:  12 alive:  12 dead:   0 
2023-09-18 19:42:09.038 | [GameAnalyzerEnd] BARRACKS          total:   3 alive:   3 dead:   0 
2023-09-18 19:42:09.038 | [GameAnalyzerEnd] REFINERY          total:   2 alive:   2 dead:   0 
2023-09-18 19:42:09.039 | [GameAnalyzerEnd] TECHLAB           total:   2 alive:   2 dead:   0 
2023-09-18 19:42:09.039 | [GameAnalyzerEnd] FACTORY           total:   2 alive:   2 dead:   0 
2023-09-18 19:42:09.040 | [GameAnalyzerEnd] ORBITALCOMMAND    total:   1 alive:   1 dead:   0 
2023-09-18 19:42:09.040 | [GameAnalyzerEnd] BUNKER            total:   1 alive:   1 dead:   0 
2023-09-18 19:42:09.041 | [GameAnalyzerEnd] MULE              total:   1 alive:   1 dead:   0 
2023-09-18 19:42:09.041 | [GameAnalyzerEnd] Enemy units:
2023-09-18 19:42:09.041 | [GameAnalyzerEnd] MARINE            total:  60 alive:   0 dead:  60 
2023-09-18 19:42:09.042 | [GameAnalyzerEnd] SCV               total:  48 alive:   0 dead:  48 
2023-09-18 19:42:09.042 | [GameAnalyzerEnd] BARRACKS          total:  13 alive:   0 dead:  13 
2023-09-18 19:42:09.043 | [GameAnalyzerEnd] SUPPLYDEPOT       total:  11 alive:   2 dead:   9 
2023-09-18 19:42:09.043 | [GameAnalyzerEnd] MARAUDER          total:   9 alive:   0 dead:   9 
2023-09-18 19:42:09.044 | [GameAnalyzerEnd] MEDIVAC           total:   5 alive:   0 dead:   5 
2023-09-18 19:42:09.044 | [GameAnalyzerEnd] TECHLAB           total:   5 alive:   0 dead:   5 
2023-09-18 19:42:09.045 | [GameAnalyzerEnd] ORBITALCOMMAND    total:   2 alive:   0 dead:   2 
2023-09-18 19:42:09.045 | [GameAnalyzerEnd] REFINERY          total:   2 alive:   0 dead:   2 
2023-09-18 19:42:09.046 | [GameAnalyzerEnd] ENGINEERINGBAY    total:   1 alive:   0 dead:   1 
2023-09-18 19:42:09.046 | [GameAnalyzerEnd] FACTORY           total:   1 alive:   0 dead:   1 
2023-09-18 19:42:09.047 | [GameAnalyzerEnd] STARPORT          total:   1 alive:   0 dead:   1 
2023-09-18 19:42:09.047 | [GameAnalyzerEnd] Minerals max 470 Average 104
2023-09-18 19:42:09.048 | [GameAnalyzerEnd] Vespene max 194 Average 73
2023-09-18 19:42:09.049 | INFO     | sc2.main:_play_game:228 - Result for player 2 - Bot LadderBot(Terran): Victory
