2023-09-19 09:28:32.327 | INFO     | sc2.protocol:_execute:72 - Client status changed to Status.in_game (was None)
2023-09-19 09:28:32.328 | INFO     | sc2.main:_play_game:221 - Player 2 - Bot LadderBot(Terran)
2023-09-19 09:28:32.556 | 00:00    0ms    0M    0G  12/ 15U [Version] 4.10.0.75689
2023-09-19 09:28:32.557 | 00:00    0ms    0M    0G  12/ 15U [Version] 5.0.6 Balance mod recognized.
2023-09-19 09:28:32.623 | 00:00    0ms    0M    0G  12/ 15U [ZoneManager] Map set to: MapName.Unknown from name: InfestationStationAIE and hash: 3102896.
2023-09-19 09:28:33.180 | [DataManager] No BuildDetector found, enemy build data cannot be saved
2023-09-19 09:28:33.202 | [Start] My race: Terran
2023-09-19 09:28:33.203 | [Start] Opponent race: Terran
2023-09-19 09:28:33.204 | [Start] OpponentId: 1
2023-09-19 09:28:35.161 | 00:16    7ms   10M    0G  13/ 15U [TerranUnit] SCV from COMMANDCENTER at (43.5, 40.5)
2023-09-19 09:28:36.225 | 00:29    7ms  100M    0G  14/ 15U [TerranUnit] SCV from COMMANDCENTER at (43.5, 40.5)
2023-09-19 09:28:37.320 | 00:41    7ms   55M    0G  15/ 23U [TerranUnit] SCV from COMMANDCENTER at (43.5, 40.5)
2023-09-19 09:28:37.556 | 00:44    7ms    5M    0G  16/ 23U [BuildGas] Building REFINERY to (40.5, 47.5)
2023-09-19 09:28:38.715 | 00:55   72ms    0M    0G  16/ 23U [TerranUnit] SCV from COMMANDCENTER at (43.5, 40.5)
2023-09-19 09:28:41.033 | 01:08   20ms  105M    0G  17/ 23U [TerranUnit] SCV from COMMANDCENTER at (43.5, 40.5)
2023-09-19 09:28:43.083 | 01:20    8ms  180M   24G  18/ 31U [TerranUnit] SCV from COMMANDCENTER at (43.5, 40.5)
2023-09-19 09:28:43.648 | 01:26    8ms   40M   36G  19/ 31U [ActUnit] MARINE from BARRACKS at (44.5, 45.5)
2023-09-19 09:28:44.424 | 01:33    8ms  290M   56G  20/ 31U [GameAnalyzer] Income advantage is now SlightAdvantage
2023-09-19 09:28:45.528 | 01:44    7ms  305M   88G  20/ 31U [GameAnalyzer] Known army advantage is now SlightAdvantage
2023-09-19 09:28:45.529 | 01:44    7ms  305M   88G  20/ 31U [GameAnalyzer] Predicted army advantage is now SlightAdvantage
2023-09-19 09:28:45.530 | 01:44    7ms  255M   88G  20/ 31U [ActUnit] MARINE from BARRACKS at (44.5, 45.5)
2023-09-19 09:28:47.465 | 01:58    8ms  315M   24G  21/ 31U [Building continue] UnitTypeId.ORBITALCOMMAND (43.5, 40.5)
2023-09-19 09:28:47.509 | 01:58    9ms  320M   24G  21/ 31U [GameAnalyzer] Income advantage is now Even
2023-09-19 09:28:47.511 | 01:58    9ms  270M   24G  21/ 31U [TerranUnit] SCV from COMMANDCENTER at (43.5, 40.5)
2023-09-19 09:28:47.711 | 02:00    8ms   15M   28G  22/ 31U [BuildGas] Building REFINERY to (36.5, 43.5)
2023-09-19 09:28:48.075 | 02:02   10ms    0M   36G  22/ 31U [ActUnit] MARINE from BARRACKS at (44.5, 45.5)
2023-09-19 09:28:50.665 | 02:21    8ms  140M   84G  23/ 31U [ActUnit] MARINE from BARRACKS at (44.5, 45.5)
2023-09-19 09:28:51.837 | 02:28    9ms   35M    8G  24/ 39U [TerranUnit] SCV from COMMANDCENTER at (43.5, 40.5)
2023-09-19 09:28:53.480 | 02:39    9ms  105M   52G  25/ 39U [ActUnit] MARINE from BARRACKS at (44.5, 45.5)
2023-09-19 09:28:53.774 | 02:41    9ms   85M   60G  26/ 39U [TerranUnit] SCV from COMMANDCENTER at (43.5, 40.5)
2023-09-19 09:28:54.726 | 02:42    8ms  100M   64G  27/ 39U [GameAnalyzer] Known army advantage is now Even
2023-09-19 09:28:54.727 | 02:42    8ms  100M   64G  27/ 39U [GameAnalyzer] Predicted army advantage is now Even
2023-09-19 09:28:54.960 | 02:43    9ms  105M   68G  27/ 39U [BuildAddon] UnitTypeId.FACTORYTECHLAB to (53.0, 40.0)
2023-09-19 09:28:55.396 | 02:46    9ms   95M   55G  27/ 39U [GameAnalyzer] Income advantage is now SlightAdvantage
2023-09-19 09:28:57.115 | 02:57    8ms  220M  107G  27/ 39U [GameAnalyzer] Known army advantage is now SlightAdvantage
2023-09-19 09:28:57.116 | 02:57    8ms  220M  107G  27/ 39U [GameAnalyzer] Predicted army advantage is now SlightAdvantage
2023-09-19 09:28:57.118 | 02:57    8ms  170M  107G  27/ 39U [ActUnit] MARINE from BARRACKS at (44.5, 45.5)
2023-09-19 09:28:57.804 | 03:02    8ms   80M    2G  28/ 39U [ActUnit] SIEGETANK from FACTORY at (50.5, 40.5)
2023-09-19 09:28:59.297 | 03:11    9ms  230M   54G  31/ 39U [BuildAddon] UnitTypeId.FACTORYTECHLAB to (55.0, 45.0)
2023-09-19 09:28:59.604 | 03:12   58ms  105M   37G  31/ 39U [GameAnalyzer] Known army advantage is now SlightDisadvantage
2023-09-19 09:28:59.609 | 03:12   58ms  105M   37G  31/ 39U [GameAnalyzer] Predicted army advantage is now SlightDisadvantage
2023-09-19 09:29:00.332 | 03:15   84ms  140M   53G  31/ 39U [GameAnalyzer] Known army advantage is now Even
2023-09-19 09:29:00.335 | 03:15   84ms  140M   53G  31/ 39U [GameAnalyzer] Predicted army advantage is now Even
2023-09-19 09:29:00.395 | 03:15   84ms   90M   53G  31/ 39U [ActUnit] MARINE from BARRACKS at (44.5, 45.5)
2023-09-19 09:29:00.943 | 03:18   59ms  125M   61G  32/ 39U [GameAnalyzer] Known army advantage is now SlightDisadvantage
2023-09-19 09:29:00.948 | 03:18   59ms  125M   61G  32/ 39U [GameAnalyzer] Predicted army advantage is now SlightDisadvantage
2023-09-19 09:29:02.339 | 03:23   59ms   65M   89G  30/ 39U [GameAnalyzer] Known army advantage is now SmallDisadvantage
2023-09-19 09:29:02.340 | 03:23   59ms   65M   89G  30/ 39U [GameAnalyzer] Predicted army advantage is now SmallDisadvantage
2023-09-19 09:29:03.623 | 03:28   91ms   10M  113G  30/ 39U [GameAnalyzer] Income advantage is now Even
2023-09-19 09:29:05.191 | 03:34   58ms   50M  141G  30/ 39U [ActUnit] MARINE from BARRACKS at (44.5, 45.5)
2023-09-19 09:29:05.685 | 03:36   58ms   70M  149G  31/ 47U [GameAnalyzer] Income advantage is now SlightAdvantage
2023-09-19 09:29:07.401 | 03:39   59ms  120M  165G  31/ 47U [GameAnalyzer] Income advantage is now Even
2023-09-19 09:29:07.516 | 03:40   79ms    0M   40G  31/ 47U [ActUnit] SIEGETANK from FACTORY at (52.5, 45.5)
2023-09-19 09:29:08.919 | 03:45   60ms   65M   60G  34/ 47U [GameAnalyzer] Known army advantage is now SlightDisadvantage
2023-09-19 09:29:08.920 | 03:45   60ms   65M   60G  34/ 47U [GameAnalyzer] Predicted army advantage is now SlightDisadvantage
2023-09-19 09:29:10.397 | 03:50   60ms  150M   80G  33/ 47U [GameAnalyzer] Known army advantage is now SlightAdvantage
2023-09-19 09:29:10.401 | 03:50   60ms  150M   80G  33/ 47U [GameAnalyzer] Predicted army advantage is now SlightAdvantage
2023-09-19 09:29:11.004 | 03:52   69ms  128M   92G  33/ 47U [ActUnit] MARINE from BARRACKS at (44.5, 45.5)
2023-09-19 09:29:12.872 | 04:01   11ms  110M    3G  34/ 47U [ActUnit] SIEGETANK from FACTORY at (50.5, 40.5)
2023-09-19 09:29:13.815 | 04:07    8ms  149M   27G  37/ 47U [ActUnit] MARINE from BARRACKS at (48.5, 31.5)
2023-09-19 09:29:14.422 | 04:10    8ms  121M   39G  38/ 47U [GameAnalyzer] Known army advantage is now SmallAdvantage
2023-09-19 09:29:14.424 | 04:10    8ms  121M   39G  38/ 47U [GameAnalyzer] Predicted army advantage is now SmallAdvantage
2023-09-19 09:29:14.425 | 04:10    8ms   71M   39G  38/ 47U [ActUnit] MARINE from BARRACKS at (44.5, 45.5)
2023-09-19 09:29:15.379 | 04:15   24ms  138M   59G  39/ 47U [GameAnalyzer] Income advantage is now SlightAdvantage
2023-09-19 09:29:15.897 | 04:18   10ms  123M   71G  39/ 47U [ActUnit] MARINE from BARRACKS at (50.5, 48.5)
2023-09-19 09:29:17.132 | 04:25   10ms  198M  103G  40/ 47U [ActUnit] MARINE from BARRACKS at (48.5, 31.5)
2023-09-19 09:29:17.759 | 04:29   10ms   73M  123G  41/ 47U [GameAnalyzer] Known army advantage is now ClearAdvantage
2023-09-19 09:29:17.760 | 04:29   10ms   73M  123G  41/ 47U [GameAnalyzer] Predicted army advantage is now ClearAdvantage
2023-09-19 09:29:17.762 | 04:29   10ms   23M  123G  41/ 47U [ActUnit] MARINE from BARRACKS at (44.5, 45.5)
2023-09-19 09:29:18.383 | 04:32   11ms   13M   10G  42/ 47U [ActUnit] SIEGETANK from FACTORY at (52.5, 45.5)
2023-09-19 09:29:19.827 | 04:36    9ms   33M   30G  45/ 55U [ActUnit] MARINE from BARRACKS at (50.5, 48.5)
2023-09-19 09:29:21.299 | 04:43   13ms   93M   58G  46/ 55U [ActUnit] MARINE from BARRACKS at (48.5, 31.5)
2023-09-19 09:29:22.302 | 04:47   60ms   88M   82G  47/ 55U [ActUnit] MARINE from BARRACKS at (44.5, 45.5)
2023-09-19 09:29:24.271 | 04:55   78ms  168M  122G  48/ 55U [ActUnit] MARINE from BARRACKS at (50.5, 48.5)
2023-09-19 09:29:24.533 | 04:55   83ms   23M    1G  49/ 55U [ActUnit] SIEGETANK from FACTORY at (50.5, 40.5)
2023-09-19 09:29:26.164 | 05:02   74ms   93M   37G  52/ 55U [ActUnit] MARINE from BARRACKS at (48.5, 31.5)
2023-09-19 09:29:27.065 | 05:05   11ms  223M   53G  53/ 55U [GameAnalyzer] Known army advantage is now OverwhelmingAdvantage
2023-09-19 09:29:27.067 | 05:05   11ms  223M   53G  53/ 55U [GameAnalyzer] Predicted army advantage is now OverwhelmingAdvantage
2023-09-19 09:29:27.175 | 05:05   15ms  103M   53G  53/ 55U [ActUnit] MARINE from BARRACKS at (44.5, 45.5)
2023-09-19 09:29:28.668 | 05:13   10ms  183M   93G  54/ 55U [ActUnit] MARINE from BARRACKS at (50.5, 48.5)
2023-09-19 09:29:44.635 | 06:25   56ms 1513M  485G  55/ 55U [GameAnalyzer] Known army advantage is now ClearAdvantage
2023-09-19 09:29:44.641 | 06:25   56ms 1513M  485G  55/ 55U [GameAnalyzer] Predicted army advantage is now ClearAdvantage
2023-09-19 09:29:45.964 | 06:30   60ms 1453M  509G  54/ 55U [ActUnit] MARINE from BARRACKS at (48.5, 31.5)
2023-09-19 09:29:48.668 | 06:36   65ms 1663M  549G  55/ 55U [GameAnalyzer] Known army advantage is now OverwhelmingAdvantage
2023-09-19 09:29:48.674 | 06:36   65ms 1663M  549G  55/ 55U [GameAnalyzer] Predicted army advantage is now OverwhelmingAdvantage
2023-09-19 09:29:52.129 | 06:48   76ms 1748M  613G  55/ 55U [PlanZoneAttack] Power 27.33 is larger than required attack power 4.00 -> attack!
2023-09-19 09:29:52.131 | 06:48   76ms 1748M  613G  55/ 55U [PlanZoneAttack] Attack started at 27.33 power.
2023-09-19 09:30:01.957 | 07:18   77ms 1933M  632G  55/ 63U [ActUnit] SIEGETANK from FACTORY at (50.5, 40.5)
2023-09-19 09:30:01.962 | 07:18   77ms 1883M  632G  55/ 63U [ActUnit] MARINE from BARRACKS at (50.5, 48.5)
2023-09-19 09:30:02.122 | 07:19   33ms 1633M  507G  59/ 63U [ActUnit] SIEGETANK from FACTORY at (52.5, 45.5)
2023-09-19 09:30:02.123 | 07:19   33ms 1583M  507G  59/ 63U [ActUnit] MARINE from BARRACKS at (48.5, 31.5)
2023-09-19 09:30:02.692 | 07:21   32ms 1483M  511G  63/ 71U [ActUnit] MARINE from BARRACKS at (44.5, 45.5)
2023-09-19 09:30:08.966 | 07:37   65ms 1763M  595G  64/ 71U [ActUnit] MARINE from BARRACKS at (50.5, 48.5)
2023-09-19 09:30:09.086 | 07:37  101ms 1618M  599G  65/ 71U [ActUnit] MARINE from BARRACKS at (48.5, 31.5)
2023-09-19 09:30:09.387 | 07:38   90ms 1553M  603G  66/ 71U [GameAnalyzer] Income advantage is now Even
2023-09-19 09:30:09.708 | 07:39   94ms 1518M  611G  66/ 71U [ActUnit] MARINE from BARRACKS at (44.5, 45.5)
2023-09-19 09:30:10.126 | 07:40   23ms 1528M  619G  67/ 71U [GameAnalyzer] Income advantage is now SlightAdvantage
2023-09-19 09:30:10.703 | 07:42   21ms 1543M  619G  67/ 71U [GameAnalyzer] Income advantage is now Even
2023-09-19 09:30:10.851 | 07:42   84ms 1643M  623G  67/ 71U [GameAnalyzer] Income advantage is now SlightAdvantage
2023-09-19 09:30:13.269 | 07:51   62ms 1638M  538G  67/ 79U [ActUnit] SIEGETANK from FACTORY at (50.5, 40.5)
2023-09-19 09:30:13.429 | 07:51   93ms 1493M  417G  70/ 79U [ActUnit] SIEGETANK from FACTORY at (52.5, 45.5)
2023-09-19 09:30:14.427 | 07:55   23ms 1278M  433G  72/ 79U [ActUnit] MARINE from BARRACKS at (50.5, 48.5)
2023-09-19 09:30:14.533 | 07:55   26ms 1343M  437G  73/ 79U [ActUnit] MARINE from BARRACKS at (48.5, 31.5)
2023-09-19 09:30:14.775 | 07:56   25ms 1348M  437G  74/ 79U [GameAnalyzer] Known army advantage is now SmallAdvantage
2023-09-19 09:30:14.775 | 07:56   25ms 1348M  437G  74/ 79U [GameAnalyzer] Predicted army advantage is now SmallAdvantage
2023-09-19 09:30:15.018 | 07:57   26ms 1303M  441G  74/ 79U [ActUnit] MARINE from BARRACKS at (44.5, 45.5)
2023-09-19 09:30:15.763 | 08:00   22ms 1358M  453G  69/ 79U [GameAnalyzer] Known army advantage is now SlightAdvantage
2023-09-19 09:30:15.764 | 08:00   22ms 1358M  453G  69/ 79U [GameAnalyzer] Predicted army advantage is now SlightAdvantage
2023-09-19 09:30:16.286 | 08:02   22ms 1373M  465G  67/ 79U [GameAnalyzer] Known army advantage is now ClearAdvantage
2023-09-19 09:30:16.287 | 08:02   22ms 1373M  465G  67/ 79U [GameAnalyzer] Predicted army advantage is now ClearAdvantage
2023-09-19 09:30:16.590 | 08:03   31ms 1378M  469G  66/ 79U [GameAnalyzer] Income advantage is now Even
2023-09-19 09:30:17.192 | 08:04   66ms 1428M  473G  64/ 87U [GameAnalyzer] Income advantage is now SlightAdvantage
2023-09-19 09:30:17.782 | 08:07   14ms 1453M  485G  63/ 87U [GameAnalyzer] Known army advantage is now OverwhelmingAdvantage
2023-09-19 09:30:17.783 | 08:07   14ms 1453M  485G  63/ 87U [GameAnalyzer] Predicted army advantage is now OverwhelmingAdvantage
2023-09-19 09:30:19.151 | 08:13   14ms 1493M  521G  63/ 87U [ActUnit] MARINE from BARRACKS at (50.5, 48.5)
2023-09-19 09:30:19.265 | 08:14   18ms 1448M  525G  64/ 87U [ActUnit] MARINE from BARRACKS at (48.5, 31.5)
2023-09-19 09:30:19.664 | 08:15   18ms 1423M  533G  65/ 87U [ActUnit] MARINE from BARRACKS at (44.5, 45.5)
2023-09-19 09:30:21.646 | 08:23   50ms 1533M  573G  65/ 95U [GameAnalyzer] Known army advantage is now ClearAdvantage
2023-09-19 09:30:21.647 | 08:23   50ms 1533M  573G  65/ 95U [GameAnalyzer] Predicted army advantage is now ClearAdvantage
2023-09-19 09:30:21.745 | 08:24   89ms 1383M  452G  65/ 95U [ActUnit] SIEGETANK from FACTORY at (50.5, 40.5)
2023-09-19 09:30:21.841 | 08:24   20ms 1388M  456G  68/ 95U [GameAnalyzer] Known army advantage is now OverwhelmingAdvantage
2023-09-19 09:30:21.842 | 08:24   20ms 1388M  456G  68/ 95U [GameAnalyzer] Predicted army advantage is now OverwhelmingAdvantage
2023-09-19 09:30:21.844 | 08:24   20ms 1238M  331G  68/ 95U [ActUnit] SIEGETANK from FACTORY at (52.5, 45.5)
2023-09-19 09:30:23.185 | 08:26   20ms 1263M  339G  69/ 95U [GameAnalyzer] Known army advantage is now ClearAdvantage
2023-09-19 09:30:23.187 | 08:26   20ms 1263M  339G  69/ 95U [GameAnalyzer] Predicted army advantage is now ClearAdvantage
2023-09-19 09:30:23.891 | 08:28   68ms 1288M  355G  67/ 95U [GameAnalyzer] Known army advantage is now OverwhelmingAdvantage
2023-09-19 09:30:23.896 | 08:28   68ms 1288M  355G  67/ 95U [GameAnalyzer] Predicted army advantage is now OverwhelmingAdvantage
2023-09-19 09:30:24.978 | 08:32  141ms 1303M  371G  65/ 95U [ActUnit] MARINE from BARRACKS at (50.5, 48.5)
2023-09-19 09:30:25.137 | 08:32   71ms 1258M  371G  66/ 95U [ActUnit] MARINE from BARRACKS at (48.5, 31.5)
2023-09-19 09:30:25.611 | 08:34   44ms 1218M  383G  67/ 95U [ActUnit] MARINE from BARRACKS at (44.5, 45.5)
2023-09-19 09:30:26.956 | 08:40   17ms 1318M  415G  68/ 95U [GameAnalyzer] Income advantage is now Even
2023-09-19 09:30:27.774 | 08:42   79ms 1373M  427G  68/ 95U [GameAnalyzer] Income advantage is now SlightDisadvantage
2023-09-19 09:30:30.116 | 08:50   17ms 1438M  471G  68/ 95U [ActUnit] MARINE from BARRACKS at (50.5, 48.5)
2023-09-19 09:30:30.261 | 08:50   94ms 1393M  475G  69/ 95U [ActUnit] MARINE from BARRACKS at (48.5, 31.5)
2023-09-19 09:30:30.851 | 08:52   81ms 1363M  483G  70/ 95U [ActUnit] MARINE from BARRACKS at (44.5, 45.5)
2023-09-19 09:30:31.452 | 08:54   82ms 1383M  491G  71/ 95U [GameAnalyzer] Income advantage is now Even
2023-09-19 09:30:31.618 | 08:54   63ms 1388M  495G  71/ 95U [GameAnalyzer] Income advantage is now SlightDisadvantage
2023-09-19 09:30:32.220 | 08:56   67ms 1288M  382G  71/ 95U [ActUnit] SIEGETANK from FACTORY at (50.5, 40.5)
2023-09-19 09:30:32.331 | 08:57   83ms 1293M  382G  74/ 95U [GameAnalyzer] Income advantage is now Even
2023-09-19 09:30:32.335 | 08:57   83ms 1143M  257G  74/ 95U [ActUnit] SIEGETANK from FACTORY at (52.5, 45.5)
2023-09-19 09:30:32.498 | 08:57   26ms 1143M  257G  77/ 95U [GameAnalyzer] Income advantage is now SlightDisadvantage
2023-09-19 09:30:33.189 | 08:59   83ms 1168M  273G  77/ 95U [GameAnalyzer] Income advantage is now SmallDisadvantage
2023-09-19 09:30:33.361 | 09:00   70ms 1178M  273G  77/ 95U [GameAnalyzer] Income advantage is now Even
2023-09-19 09:30:35.211 | 09:05   48ms 1268M  305G  77/ 95U [GameAnalyzer] Income advantage is now SlightAdvantage
2023-09-19 09:30:35.499 | 09:06   70ms 1268M  305G  77/ 95U [EnemyArmyPredicter] Predicting negative free minerals for enemy: -43
2023-09-19 09:30:36.411 | 09:08   86ms 1243M  321G  77/ 95U [ActUnit] MARINE from BARRACKS at (50.5, 48.5)
2023-09-19 09:30:36.567 | 09:09   74ms 1203M  321G  78/ 95U [ActUnit] MARINE from BARRACKS at (48.5, 31.5)
2023-09-19 09:30:37.070 | 09:10   25ms 1193M  329G  79/ 95U [ActUnit] MARINE from BARRACKS at (44.5, 45.5)
2023-09-19 09:30:37.165 | 09:11   95ms 1208M  337G  80/ 95U [GameAnalyzer] Income advantage is now Even
2023-09-19 09:30:37.254 | 09:11   20ms 1213M  337G  80/ 95U [EnemyArmyPredicter] Predicting negative free minerals for enemy: -1529
2023-09-19 09:30:38.447 | 09:17   28ms 1283M  369G  79/ 95U [EnemyArmyPredicter] Predicting negative free minerals for enemy: -1764
2023-09-19 09:30:40.508 | 09:22   20ms 1343M  393G  77/ 95U [EnemyArmyPredicter] Predicting negative free minerals for enemy: -2450
2023-09-19 09:30:41.751 | 09:26   68ms 1358M  417G  77/ 95U [ActUnit] MARINE from BARRACKS at (50.5, 48.5)
2023-09-19 09:30:41.855 | 09:27   86ms 1308M  421G  78/ 95U [ActUnit] MARINE from BARRACKS at (48.5, 31.5)
2023-09-19 09:30:42.000 | 09:27   44ms 1323M  425G  79/ 95U [EnemyArmyPredicter] Predicting negative free minerals for enemy: -2686
2023-09-19 09:30:42.382 | 09:29   95ms 1178M  308G  79/ 95U [ActUnit] SIEGETANK from FACTORY at (50.5, 40.5)
2023-09-19 09:30:42.384 | 09:29   95ms 1128M  308G  79/ 95U [ActUnit] MARINE from BARRACKS at (44.5, 45.5)
2023-09-19 09:30:42.527 | 09:29   76ms  878M  183G  83/ 95U [ActUnit] SIEGETANK from FACTORY at (52.5, 45.5)
2023-09-19 09:30:43.565 | 09:33   70ms  943M  203G  86/ 95U [EnemyArmyPredicter] Predicting negative free minerals for enemy: -2971
2023-09-19 09:30:44.758 | 09:38   23ms 1023M  231G  86/ 95U [EnemyArmyPredicter] Predicting negative free minerals for enemy: -3082
2023-09-19 09:30:46.068 | 09:43   21ms 1068M  263G  86/ 95U [EnemyArmyPredicter] Predicting negative free minerals for enemy: -3343
2023-09-19 09:30:46.394 | 09:45   30ms 1063M  271G  86/ 95U [ActUnit] MARINE from BARRACKS at (50.5, 48.5)
2023-09-19 09:30:46.489 | 09:45   24ms 1013M  271G  87/ 95U [ActUnit] MARINE from BARRACKS at (48.5, 31.5)
2023-09-19 09:30:46.985 | 09:47   24ms  983M  279G  88/ 95U [ActUnit] MARINE from BARRACKS at (44.5, 45.5)
2023-09-19 09:30:47.484 | 09:49   23ms  803M  291G  89/ 95U [EnemyArmyPredicter] Predicting negative free minerals for enemy: -3429
2023-09-19 09:30:49.045 | 09:54   29ms  968M  319G  89/ 95U [EnemyArmyPredicter] Predicting negative free minerals for enemy: -3664
2023-09-19 09:30:50.848 | 10:00   71ms 1043M  351G  89/103U [EnemyArmyPredicter] Predicting negative free minerals for enemy: -4100
2023-09-19 09:30:51.357 | 10:01   69ms  913M  234G  89/103U [ActUnit] SIEGETANK from FACTORY at (50.5, 40.5)
2023-09-19 09:30:51.452 | 10:02   92ms  763M  109G  92/103U [ActUnit] SIEGETANK from FACTORY at (52.5, 45.5)
2023-09-19 09:30:51.920 | 10:03   73ms  733M  117G  95/103U [ActUnit] MARINE from BARRACKS at (50.5, 48.5)
2023-09-19 09:30:52.014 | 10:04   91ms  683M  121G  96/103U [ActUnit] MARINE from BARRACKS at (48.5, 31.5)
2023-09-19 09:30:52.459 | 10:05   75ms  518M  125G  97/103U [EnemyArmyPredicter] Predicting negative free minerals for enemy: -4186
2023-09-19 09:30:52.610 | 10:05   98ms  478M  133G  97/103U [ActUnit] MARINE from BARRACKS at (44.5, 45.5)
2023-09-19 09:30:54.374 | 10:10   75ms  618M  157G  98/103U [EnemyArmyPredicter] Predicting negative free minerals for enemy: -4021
2023-09-19 09:30:56.101 | 10:16   73ms  693M  189G  98/111U [EnemyArmyPredicter] Predicting negative free minerals for enemy: -4057
2023-09-19 09:30:57.635 | 10:21   24ms  778M  213G  98/111U [EnemyArmyPredicter] Predicting negative free minerals for enemy: -4243
2023-09-19 09:30:57.784 | 10:21   73ms  728M  217G  98/111U [ActUnit] MARINE from BARRACKS at (50.5, 48.5)
2023-09-19 09:30:57.895 | 10:22   75ms  678M  221G  99/111U [ActUnit] MARINE from BARRACKS at (48.5, 31.5)
2023-09-19 09:30:58.367 | 10:24   69ms  648M  229G 100/111U [ActUnit] MARINE from BARRACKS at (44.5, 45.5)
2023-09-19 09:30:58.699 | 10:25   32ms  693M  237G 101/111U [GameAnalyzer] Income advantage is now SmallAdvantage
2023-09-19 09:30:59.065 | 10:26   78ms  698M  245G 101/111U [EnemyArmyPredicter] Predicting negative free minerals for enemy: -5004
2023-09-19 09:31:01.283 | 10:32   25ms  753M  273G 101/119U [EnemyArmyPredicter] Predicting negative free minerals for enemy: -5089
2023-09-19 09:31:01.804 | 10:34   30ms  623M  160G 101/119U [ActUnit] SIEGETANK from FACTORY at (50.5, 40.5)
2023-09-19 09:31:01.895 | 10:34   30ms  473M   35G 104/119U [ActUnit] SIEGETANK from FACTORY at (52.5, 45.5)
2023-09-19 09:31:02.211 | 10:36   37ms  418M   43G 107/119U [GameAnalyzer] Income advantage is now SlightAdvantage
2023-09-19 09:31:02.513 | 10:37   28ms  428M   51G 107/119U [EnemyArmyPredicter] Predicting negative free minerals for enemy: -11795
2023-09-19 09:31:03.104 | 10:40   29ms  408M   67G 107/119U [ActUnit] MARINE from BARRACKS at (50.5, 48.5)
2023-09-19 09:31:03.202 | 10:40   33ms  358M   67G 108/119U [ActUnit] MARINE from BARRACKS at (48.5, 31.5)
2023-09-19 09:31:03.596 | 10:42   33ms  328M   79G 109/119U [ActUnit] MARINE from BARRACKS at (44.5, 45.5)
2023-09-19 09:31:03.697 | 10:42   36ms  353M   83G 110/119U [EnemyArmyPredicter] Predicting negative free minerals for enemy: -12115
2023-09-19 09:31:04.553 | 10:46   32ms  388M  103G 110/119U [GameAnalyzer] Income advantage is now SmallAdvantage
2023-09-19 09:31:04.858 | 10:48   29ms  403M  111G 110/119U [EnemyArmyPredicter] Predicting negative free minerals for enemy: -12390
2023-09-19 09:31:06.034 | 10:53   28ms  463M  139G 110/119U [EnemyArmyPredicter] Predicting negative free minerals for enemy: -12315
2023-09-19 09:31:06.035 | 10:53   28ms  463M  139G 110/119U [GameAnalyzer] Income advantage is now ClearAdvantage
2023-09-19 09:31:07.034 | 10:58   29ms  478M  167G 110/119U [ActUnit] MARINE from BARRACKS at (50.5, 48.5)
2023-09-19 09:31:07.125 | 10:58   30ms  478M  171G 111/127U [EnemyArmyPredicter] Predicting negative free minerals for enemy: -13015
2023-09-19 09:31:07.128 | 10:58   30ms  428M  171G 111/127U [ActUnit] MARINE from BARRACKS at (48.5, 31.5)
2023-09-19 09:31:07.551 | 11:00   43ms  393M  179G 112/127U [ActUnit] MARINE from BARRACKS at (44.5, 45.5)
2023-09-19 09:31:08.506 | 11:04   79ms  348M  195G 113/127U [EnemyArmyPredicter] Predicting negative free minerals for enemy: -12865
2023-09-19 09:31:09.282 | 11:06   72ms  213M   86G 113/127U [ActUnit] SIEGETANK from FACTORY at (50.5, 40.5)
2023-09-19 09:31:09.979 | 11:09   31ms  228M  102G 116/127U [EnemyArmyPredicter] Predicting negative free minerals for enemy: -13015
2023-09-19 09:31:11.264 | 11:15   71ms  298M  134G 116/127U [EnemyArmyPredicter] Predicting negative free minerals for enemy: -13165
2023-09-19 09:31:11.747 | INFO     | sc2.protocol:_execute:72 - Client status changed to Status.ended (was Status.in_game)
2023-09-19 09:31:11.752 | Result: Victory
2023-09-19 09:31:11.752 | Duration: 11:15
2023-09-19 09:31:11.753 | Step time min: 5
2023-09-19 09:31:11.753 | Step time avg: 34
2023-09-19 09:31:11.754 | Step time max: 141
2023-09-19 09:31:11.755 | [LostUnitsContents] My lost units minerals and gas: (1350, 0)
2023-09-19 09:31:11.755 | [LostUnitsContents] My lost units minerals by score: 1350.0
2023-09-19 09:31:11.756 | [LostUnitsContents] Enemy lost units minerals and gas: (14925, 1275)
2023-09-19 09:31:11.757 | [LostUnitsContents] Enemy lost units minerals by score: 15625.0
2023-09-19 09:31:11.757 | [GameAnalyzerEnd] Own units:
2023-09-19 09:31:11.758 | [GameAnalyzerEnd] MARINE            total:  54 alive:  27 dead:  27 
2023-09-19 09:31:11.759 | [GameAnalyzerEnd] SCV               total:  20 alive:  20 dead:   0 
2023-09-19 09:31:11.760 | [GameAnalyzerEnd] SIEGETANK         total:  19 alive:  19 dead:   0 
2023-09-19 09:31:11.760 | [GameAnalyzerEnd] SUPPLYDEPOT       total:  15 alive:  15 dead:   0 
2023-09-19 09:31:11.761 | [GameAnalyzerEnd] BARRACKS          total:   3 alive:   3 dead:   0 
2023-09-19 09:31:11.762 | [GameAnalyzerEnd] TECHLAB           total:   2 alive:   2 dead:   0 
2023-09-19 09:31:11.762 | [GameAnalyzerEnd] REFINERY          total:   2 alive:   2 dead:   0 
2023-09-19 09:31:11.763 | [GameAnalyzerEnd] FACTORY           total:   2 alive:   2 dead:   0 
2023-09-19 09:31:11.763 | [GameAnalyzerEnd] MULE              total:   1 alive:   1 dead:   0 
2023-09-19 09:31:11.764 | [GameAnalyzerEnd] BUNKER            total:   1 alive:   1 dead:   0 
2023-09-19 09:31:11.765 | [GameAnalyzerEnd] ORBITALCOMMAND    total:   1 alive:   1 dead:   0 
2023-09-19 09:31:11.766 | [GameAnalyzerEnd] Enemy units:
2023-09-19 09:31:11.767 | [GameAnalyzerEnd] MARINE            total: 132 alive:   0 dead: 132 
2023-09-19 09:31:11.768 | [GameAnalyzerEnd] SCV               total:  50 alive:   1 dead:  49 
2023-09-19 09:31:11.768 | [GameAnalyzerEnd] SUPPLYDEPOT       total:  19 alive:   7 dead:  12 
2023-09-19 09:31:11.769 | [GameAnalyzerEnd] BARRACKS          total:  13 alive:   1 dead:  12 
2023-09-19 09:31:11.769 | [GameAnalyzerEnd] MARAUDER          total:  11 alive:   0 dead:  11 
2023-09-19 09:31:11.770 | [GameAnalyzerEnd] MEDIVAC           total:   4 alive:   0 dead:   4 
2023-09-19 09:31:11.771 | [GameAnalyzerEnd] TECHLAB           total:   4 alive:   0 dead:   4 
2023-09-19 09:31:11.771 | [GameAnalyzerEnd] ORBITALCOMMAND    total:   2 alive:   0 dead:   2 
2023-09-19 09:31:11.772 | [GameAnalyzerEnd] REFINERY          total:   2 alive:   0 dead:   2 
2023-09-19 09:31:11.772 | [GameAnalyzerEnd] FACTORY           total:   1 alive:   0 dead:   1 
2023-09-19 09:31:11.773 | [GameAnalyzerEnd] STARPORT          total:   1 alive:   0 dead:   1 
2023-09-19 09:31:11.774 | [GameAnalyzerEnd] ENGINEERINGBAY    total:   1 alive:   0 dead:   1 
2023-09-19 09:31:11.774 | [GameAnalyzerEnd] Minerals max 2083 Average 686
2023-09-19 09:31:11.775 | [GameAnalyzerEnd] Vespene max 753 Average 224
2023-09-19 09:31:11.775 | INFO     | sc2.main:_play_game:228 - Result for player 2 - Bot LadderBot(Terran): Victory
