2023-09-17 20:19:21.388 | INFO     | sc2.protocol:_execute:72 - Client status changed to Status.in_game (was None)
2023-09-17 20:19:21.389 | INFO     | sc2.main:_play_game:221 - Player 2 - Bot LadderBot(Terran)
2023-09-17 20:19:21.638 | 00:00    0ms    0M    0G  12/ 15U [Version] 4.10.0.75689
2023-09-17 20:19:21.639 | 00:00    0ms    0M    0G  12/ 15U [Version] 5.0.6 Balance mod recognized.
2023-09-17 20:19:21.713 | 00:00    0ms    0M    0G  12/ 15U [ZoneManager] Map set to: MapName.Unknown from name: Royal BloodAIE and hash: 3249828.
2023-09-17 20:19:22.305 | [DataManager] No BuildDetector found, enemy build data cannot be saved
2023-09-17 20:19:22.331 | [Start] My race: Terran
2023-09-17 20:19:22.332 | [Start] Opponent race: Terran
2023-09-17 20:19:22.332 | [Start] OpponentId: 1
2023-09-17 20:19:24.318 | 00:16    7ms    5M    0G  13/ 15U [TerranUnit] SCV from COMMANDCENTER at (141.5, 122.5)
2023-09-17 20:19:25.391 | 00:29    7ms  105M    0G  14/ 15U [TerranUnit] SCV from COMMANDCENTER at (141.5, 122.5)
2023-09-17 20:19:26.481 | 00:41    7ms   50M    0G  15/ 23U [TerranUnit] SCV from COMMANDCENTER at (141.5, 122.5)
2023-09-17 20:19:26.717 | 00:44    7ms    0M    0G  16/ 23U [BuildGas] Building REFINERY to (148.5, 119.5)
2023-09-17 20:19:27.918 | 00:56   76ms    0M    0G  16/ 23U [TerranUnit] SCV from COMMANDCENTER at (141.5, 122.5)
2023-09-17 20:19:30.170 | 01:08   55ms   90M    0G  17/ 23U [TerranUnit] SCV from COMMANDCENTER at (141.5, 122.5)
2023-09-17 20:19:31.937 | 01:21    7ms  180M   28G  18/ 31U [TerranUnit] SCV from COMMANDCENTER at (141.5, 122.5)
2023-09-17 20:19:32.521 | 01:26    7ms   40M   44G  19/ 31U [ActUnit] MARINE from BARRACKS at (141.5, 113.5)
2023-09-17 20:19:33.336 | 01:33    7ms  295M   64G  20/ 31U [GameAnalyzer] Income advantage is now SlightAdvantage
2023-09-17 20:19:34.524 | 01:44    8ms  310M   92G  20/ 31U [GameAnalyzer] Known army advantage is now SlightAdvantage
2023-09-17 20:19:34.525 | 01:44    8ms  310M   92G  20/ 31U [GameAnalyzer] Predicted army advantage is now SlightAdvantage
2023-09-17 20:19:34.526 | 01:44    8ms  260M   92G  20/ 31U [ActUnit] MARINE from BARRACKS at (141.5, 113.5)
2023-09-17 20:19:36.394 | 01:58    7ms  320M   28G  21/ 31U [Building continue] UnitTypeId.ORBITALCOMMAND (141.5, 122.5)
2023-09-17 20:19:36.470 | 01:59   10ms  325M   32G  21/ 31U [GameAnalyzer] Income advantage is now Even
2023-09-17 20:19:36.472 | 01:59   10ms  275M   32G  21/ 31U [TerranUnit] SCV from COMMANDCENTER at (141.5, 122.5)
2023-09-17 20:19:36.643 | 02:00    8ms   15M   36G  22/ 31U [BuildGas] Building REFINERY to (137.5, 129.5)
2023-09-17 20:19:37.130 | 02:04    9ms    5M   44G  22/ 31U [ActUnit] MARINE from BARRACKS at (141.5, 113.5)
2023-09-17 20:19:39.677 | 02:22   10ms  150M   88G  23/ 31U [ActUnit] MARINE from BARRACKS at (141.5, 113.5)
2023-09-17 20:19:40.720 | 02:29   10ms   25M    8G  24/ 39U [TerranUnit] SCV from COMMANDCENTER at (141.5, 122.5)
2023-09-17 20:19:42.335 | 02:40    8ms  105M   56G  25/ 39U [ActUnit] MARINE from BARRACKS at (141.5, 113.5)
2023-09-17 20:19:42.560 | 02:42    9ms   80M   56G  26/ 39U [TerranUnit] SCV from COMMANDCENTER at (141.5, 122.5)
2023-09-17 20:19:42.890 | 02:44    8ms  100M   68G  27/ 39U [BuildAddon] UnitTypeId.FACTORYTECHLAB to (135.0, 121.0)
2023-09-17 20:19:43.957 | 02:45    8ms   55M   47G  27/ 39U [GameAnalyzer] Income advantage is now SlightAdvantage
2023-09-17 20:19:46.129 | 02:59    9ms  185M  107G  27/ 39U [ActUnit] MARINE from BARRACKS at (141.5, 113.5)
2023-09-17 20:19:46.683 | 03:02   11ms   80M    2G  28/ 39U [ActUnit] SIEGETANK from FACTORY at (132.5, 121.5)
2023-09-17 20:19:48.213 | 03:12    9ms  245M   50G  31/ 39U [BuildAddon] UnitTypeId.FACTORYTECHLAB to (137.0, 115.0)
2023-09-17 20:19:49.277 | 03:19   10ms    0M   65G  31/ 39U [ActUnit] MARINE from BARRACKS at (141.5, 113.5)
2023-09-17 20:19:51.034 | 03:29    9ms    0M  109G  32/ 39U [GameAnalyzer] Income advantage is now Even
2023-09-17 20:19:51.891 | 03:35    8ms   90M  133G  32/ 39U [GameAnalyzer] Known army advantage is now SmallAdvantage
2023-09-17 20:19:51.893 | 03:35    8ms   90M  133G  32/ 39U [GameAnalyzer] Predicted army advantage is now SmallAdvantage
2023-09-17 20:19:52.284 | 03:37   10ms   65M  141G  32/ 47U [ActUnit] MARINE from BARRACKS at (141.5, 113.5)
2023-09-17 20:19:52.442 | 03:38   13ms   65M  145G  33/ 47U [GameAnalyzer] Income advantage is now SlightAdvantage
2023-09-17 20:19:52.802 | 03:40   10ms  115M  153G  33/ 47U [GameAnalyzer] Income advantage is now Even
2023-09-17 20:19:52.860 | 03:40   10ms  120M  157G  33/ 47U [GameAnalyzer] Income advantage is now SlightAdvantage
2023-09-17 20:19:54.246 | 03:43   10ms    5M   40G  33/ 47U [ActUnit] SIEGETANK from FACTORY at (134.5, 115.5)
2023-09-17 20:19:56.073 | 03:50   62ms  110M   72G  36/ 47U [GameAnalyzer] Known army advantage is now SlightAdvantage
2023-09-17 20:19:56.074 | 03:50   62ms  110M   72G  36/ 47U [GameAnalyzer] Predicted army advantage is now SlightAdvantage
2023-09-17 20:19:57.461 | 03:55   22ms  200M   96G  36/ 47U [GameAnalyzer] Known army advantage is now SmallAdvantage
2023-09-17 20:19:57.462 | 03:55   22ms  200M   96G  36/ 47U [GameAnalyzer] Predicted army advantage is now SmallAdvantage
2023-09-17 20:19:57.464 | 03:55   22ms  150M   96G  36/ 47U [ActUnit] MARINE from BARRACKS at (141.5, 113.5)
2023-09-17 20:19:59.424 | 04:03   75ms  125M    3G  37/ 47U [ActUnit] SIEGETANK from FACTORY at (132.5, 121.5)
2023-09-17 20:19:59.580 | 04:04   12ms   35M    3G  40/ 47U [GameAnalyzer] Income advantage is now Even
2023-09-17 20:19:59.912 | 04:05   10ms    5M   11G  40/ 47U [ActUnit] MARINE from BARRACKS at (148.5, 114.5)
2023-09-17 20:20:00.074 | 04:06   11ms   10M   19G  41/ 47U [GameAnalyzer] Income advantage is now SlightAdvantage
2023-09-17 20:20:01.340 | 04:14   10ms   65M   47G  41/ 47U [ActUnit] MARINE from BARRACKS at (141.5, 113.5)
2023-09-17 20:20:01.718 | 04:16   11ms  115M   55G  42/ 47U [GameAnalyzer] Known army advantage is now ClearAdvantage
2023-09-17 20:20:01.720 | 04:16   11ms  115M   55G  42/ 47U [GameAnalyzer] Predicted army advantage is now ClearAdvantage
2023-09-17 20:20:02.213 | 04:18   10ms   55M   71G  42/ 47U [GameAnalyzer] Income advantage is now Even
2023-09-17 20:20:02.217 | 04:18   10ms    5M   71G  42/ 47U [ActUnit] MARINE from BARRACKS at (130.5, 124.5)
2023-09-17 20:20:02.374 | 04:19    9ms   10M   71G  43/ 47U [GameAnalyzer] Income advantage is now SlightAdvantage
2023-09-17 20:20:03.215 | 04:24   10ms  185M   87G  43/ 47U [GameAnalyzer] Income advantage is now Even
2023-09-17 20:20:03.217 | 04:24   10ms   35M   87G  43/ 47U [ActUnit] MARINE from BARRACKS at (148.5, 114.5)
2023-09-17 20:20:03.314 | 04:24   16ms  140M   95G  44/ 47U [GameAnalyzer] Income advantage is now SlightAdvantage
2023-09-17 20:20:04.737 | 04:32   10ms  105M  123G  44/ 55U [ActUnit] MARINE from BARRACKS at (141.5, 113.5)
2023-09-17 20:20:05.327 | 04:35   10ms   20M   14G  45/ 55U [ActUnit] SIEGETANK from FACTORY at (134.5, 115.5)
2023-09-17 20:20:05.831 | 04:38   12ms    5M   30G  48/ 55U [ActUnit] MARINE from BARRACKS at (130.5, 124.5)
2023-09-17 20:20:07.565 | 04:42   11ms   45M   54G  49/ 55U [ActUnit] MARINE from BARRACKS at (148.5, 114.5)
2023-09-17 20:20:09.131 | 04:50   11ms  130M   98G  50/ 55U [ActUnit] MARINE from BARRACKS at (141.5, 113.5)
2023-09-17 20:20:10.246 | 04:56   11ms   80M  126G  51/ 55U [ActUnit] MARINE from BARRACKS at (130.5, 124.5)
2023-09-17 20:20:10.421 | 04:57   10ms   50M    9G  52/ 55U [ActUnit] SIEGETANK from FACTORY at (132.5, 121.5)
2023-09-17 20:20:11.142 | 05:00   10ms  190M   25G  55/ 55U [GameAnalyzer] Known army advantage is now OverwhelmingAdvantage
2023-09-17 20:20:11.144 | 05:00   10ms  190M   25G  55/ 55U [GameAnalyzer] Predicted army advantage is now OverwhelmingAdvantage
2023-09-17 20:20:12.541 | 05:08   11ms  210M   61G  55/ 55U [GameAnalyzer] Income advantage is now Even
2023-09-17 20:20:12.870 | 05:09   15ms  255M   69G  55/ 55U [GameAnalyzer] Income advantage is now SlightAdvantage
2023-09-17 20:20:47.523 | 07:27   72ms 2570M  805G  54/ 55U [ActUnit] MARINE from BARRACKS at (148.5, 114.5)
2023-09-17 20:20:48.020 | 07:29   25ms 2540M  817G  54/ 55U [ActUnit] MARINE from BARRACKS at (141.5, 113.5)
2023-09-17 20:20:48.439 | 07:30   23ms 2515M  821G  54/ 55U [ActUnit] MARINE from BARRACKS at (130.5, 124.5)
2023-09-17 20:21:17.806 | 09:22   15ms 4510M 1421G  55/ 55U [GameAnalyzer] Known army advantage is now Even
2023-09-17 20:21:17.807 | 09:22   15ms 4510M 1421G  55/ 55U [GameAnalyzer] Predicted army advantage is now Even
2023-09-17 20:21:19.580 | 09:27   15ms 4575M 1453G  55/ 55U [GameAnalyzer] Known army advantage is now SmallDisadvantage
2023-09-17 20:21:19.581 | 09:27   15ms 4575M 1453G  55/ 55U [GameAnalyzer] Predicted army advantage is now SmallDisadvantage
2023-09-17 20:21:21.535 | 09:31   89ms 4475M 1473G  54/ 55U [ActUnit] MARINE from BARRACKS at (148.5, 114.5)
2023-09-17 20:21:21.700 | 09:32   22ms 4430M 1473G  54/ 55U [ActUnit] MARINE from BARRACKS at (130.5, 124.5)
2023-09-17 20:21:22.056 | 09:33   68ms 4545M 1481G  55/ 55U [GameAnalyzer] Known army advantage is now ClearAdvantage
2023-09-17 20:21:22.062 | 09:33   68ms 4545M 1481G  55/ 55U [GameAnalyzer] Predicted army advantage is now ClearAdvantage
2023-09-17 20:21:23.362 | 09:36   63ms 4570M 1493G  54/ 55U [GameAnalyzer] Income advantage is now Even
2023-09-17 20:21:23.369 | 09:36   63ms 4420M 1493G  54/ 55U [ActUnit] MARINE from BARRACKS at (141.5, 113.5)
2023-09-17 20:21:23.522 | 09:37   84ms 4525M 1493G  54/ 55U [GameAnalyzer] Income advantage is now SlightAdvantage
2023-09-17 20:21:24.028 | 09:38   68ms 4540M 1501G  53/ 55U [GameAnalyzer] Known army advantage is now SmallAdvantage
2023-09-17 20:21:24.033 | 09:38   68ms 4540M 1501G  53/ 55U [GameAnalyzer] Predicted army advantage is now SmallAdvantage
2023-09-17 20:21:24.550 | 09:39   80ms 4315M 1384G  52/ 55U [ActUnit] SIEGETANK from FACTORY at (134.5, 115.5)
2023-09-17 20:21:25.083 | 09:41   67ms 4420M 1384G  53/ 55U [GameAnalyzer] Known army advantage is now SlightAdvantage
2023-09-17 20:21:25.091 | 09:41   67ms 4420M 1384G  53/ 55U [GameAnalyzer] Predicted army advantage is now SlightAdvantage
2023-09-17 20:21:25.376 | 09:42   18ms 4428M 1392G  52/ 55U [GameAnalyzer] Known army advantage is now Even
2023-09-17 20:21:25.377 | 09:42   18ms 4428M 1392G  52/ 55U [GameAnalyzer] Predicted army advantage is now Even
2023-09-17 20:21:25.379 | 09:42   18ms 4178M 1267G  52/ 55U [ActUnit] SIEGETANK from FACTORY at (132.5, 121.5)
2023-09-17 20:21:28.074 | 09:50   16ms 4194M 1303G  50/ 55U [ActUnit] MARINE from BARRACKS at (148.5, 114.5)
2023-09-17 20:21:28.222 | 09:50   88ms 4154M 1303G  51/ 55U [ActUnit] MARINE from BARRACKS at (130.5, 124.5)
2023-09-17 20:21:29.619 | 09:55   77ms 4042M 1323G  52/ 55U [ActUnit] MARINE from BARRACKS at (141.5, 113.5)
2023-09-17 20:21:33.868 | 10:08   78ms 4232M 1395G  51/ 55U [ActUnit] MARINE from BARRACKS at (148.5, 114.5)
2023-09-17 20:21:34.012 | 10:08   63ms 4192M 1399G  52/ 55U [ActUnit] MARINE from BARRACKS at (130.5, 124.5)
2023-09-17 20:21:35.530 | 10:13   15ms 4192M 1423G  53/ 55U [ActUnit] MARINE from BARRACKS at (141.5, 113.5)
2023-09-17 20:21:36.308 | 10:15   84ms 4322M 1435G  54/ 55U [GameAnalyzer] Income advantage is now Even
2023-09-17 20:21:39.404 | 10:26   62ms 4467M 1495G  54/ 55U [GameAnalyzer] Known army advantage is now SlightAdvantage
2023-09-17 20:21:39.405 | 10:26   62ms 4467M 1495G  54/ 55U [GameAnalyzer] Predicted army advantage is now SlightAdvantage
2023-09-17 20:21:39.407 | 10:26   62ms 4317M 1495G  54/ 55U [ActUnit] MARINE from BARRACKS at (148.5, 114.5)
2023-09-17 20:21:39.557 | 10:27   18ms 4417M 1499G  55/ 55U [GameAnalyzer] Known army advantage is now SmallAdvantage
2023-09-17 20:21:39.558 | 10:27   18ms 4417M 1499G  55/ 55U [GameAnalyzer] Predicted army advantage is now SmallAdvantage
2023-09-17 20:21:39.565 | 10:27   18ms 4317M 1499G  55/ 55U [PlanZoneAttack] Power 27.00 is larger than required attack power 12.00 -> attack!
2023-09-17 20:21:39.566 | 10:27   18ms 4317M 1499G  55/ 55U [PlanZoneAttack] Attack started at 27.00 power.
2023-09-17 20:21:42.875 | 10:34   20ms 4252M 1539G  54/ 55U [ActUnit] MARINE from BARRACKS at (130.5, 124.5)
2023-09-17 20:21:43.267 | 10:35  118ms 4352M 1543G  54/ 55U [GameAnalyzer] Known army advantage is now SlightAdvantage
2023-09-17 20:21:43.272 | 10:35  118ms 4352M 1543G  54/ 55U [GameAnalyzer] Predicted army advantage is now SlightAdvantage
2023-09-17 20:21:43.275 | 10:35  118ms 4202M 1543G  54/ 55U [ActUnit] MARINE from BARRACKS at (141.5, 113.5)
2023-09-17 20:21:43.551 | 10:36   26ms 4417M 1547G  55/ 55U [GameAnalyzer] Known army advantage is now Even
2023-09-17 20:21:43.556 | 10:36   26ms 4417M 1547G  55/ 55U [GameAnalyzer] Predicted army advantage is now Even
2023-09-17 20:21:44.046 | 10:37   86ms 4172M 1430G  52/ 55U [ActUnit] SIEGETANK from FACTORY at (134.5, 115.5)
2023-09-17 20:21:49.415 | 10:54   20ms 4287M 1518G  55/ 55U [GameAnalyzer] Known army advantage is now SlightAdvantage
2023-09-17 20:21:49.416 | 10:54   20ms 4287M 1518G  55/ 55U [GameAnalyzer] Predicted army advantage is now SlightAdvantage
2023-09-17 20:21:53.455 | 11:06   22ms 4482M 1590G  55/ 55U [PlanZoneAttack] Retreat started at 22.53 own local power against 33.33 enemy local power.
2023-09-17 20:21:53.764 | 11:07   28ms 4337M 1465G  55/ 63U [ActUnit] SIEGETANK from FACTORY at (132.5, 121.5)
2023-09-17 20:21:53.765 | 11:07   28ms 4287M 1465G  55/ 63U [ActUnit] MARINE from BARRACKS at (148.5, 114.5)
2023-09-17 20:21:53.867 | 11:07   21ms 4137M 1469G  59/ 63U [ActUnit] MARINE from BARRACKS at (141.5, 113.5)
2023-09-17 20:21:53.997 | 11:08   23ms 3992M 1469G  60/ 63U [ActUnit] MARINE from BARRACKS at (130.5, 124.5)
2023-09-17 20:21:54.325 | 11:09   20ms 4027M 1477G  61/ 63U [EnemyArmyPredicter] Predicting negative free minerals for enemy: -714
2023-09-17 20:21:54.327 | 11:09   20ms 4027M 1477G  61/ 63U [GameAnalyzer] Known army advantage is now SlightDisadvantage
2023-09-17 20:21:54.327 | 11:09   20ms 4027M 1477G  61/ 63U [GameAnalyzer] Predicted army advantage is now SlightDisadvantage
2023-09-17 20:21:55.172 | 11:12   19ms 4022M 1372G  61/ 71U [ActUnit] SIEGETANK from FACTORY at (134.5, 115.5)
2023-09-17 20:21:55.705 | 11:15   16ms 4042M 1380G  64/ 71U [EnemyArmyPredicter] Predicting negative free minerals for enemy: -800
2023-09-17 20:21:55.706 | 11:15   16ms 4042M 1380G  64/ 71U [GameAnalyzer] Known army advantage is now SlightAdvantage
2023-09-17 20:21:55.707 | 11:15   16ms 4042M 1380G  64/ 71U [GameAnalyzer] Predicted army advantage is now SlightAdvantage
2023-09-17 20:21:57.395 | 11:20   39ms 4102M 1412G  64/ 71U [EnemyArmyPredicter] Predicting negative free minerals for enemy: -736
2023-09-17 20:21:58.982 | 11:25   16ms 4172M 1440G  64/ 71U [EnemyArmyPredicter] Predicting negative free minerals for enemy: -821
2023-09-17 20:21:58.984 | 11:25   16ms 4122M 1440G  64/ 71U [ActUnit] MARINE from BARRACKS at (148.5, 114.5)
2023-09-17 20:21:59.108 | 11:26   20ms 4122M 1444G  65/ 71U [GameAnalyzer] Known army advantage is now SmallAdvantage
2023-09-17 20:21:59.108 | 11:26   20ms 4122M 1444G  65/ 71U [GameAnalyzer] Predicted army advantage is now SmallAdvantage
2023-09-17 20:21:59.111 | 11:26   20ms 3972M 1444G  65/ 71U [ActUnit] MARINE from BARRACKS at (141.5, 113.5)
2023-09-17 20:21:59.201 | 11:26   17ms 3827M 1444G  66/ 71U [ActUnit] MARINE from BARRACKS at (130.5, 124.5)
2023-09-17 20:22:00.224 | 11:27   19ms 3827M 1448G  67/ 71U [PlanZoneAttack] Retreat stopped.
2023-09-17 20:22:00.439 | 11:27   14ms 3837M 1452G  67/ 71U [PlanZoneAttack] Power 30.81 is larger than required attack power 9.60 -> attack!
2023-09-17 20:22:00.440 | 11:27   14ms 3837M 1452G  67/ 71U [PlanZoneAttack] Attack started at 30.81 power.
2023-09-17 20:22:01.183 | 11:31   16ms 3982M 1468G  67/ 71U [EnemyArmyPredicter] Predicting negative free minerals for enemy: -757
2023-09-17 20:22:02.653 | 11:36   20ms 4047M 1500G  66/ 79U [EnemyArmyPredicter] Predicting negative free minerals for enemy: -1193
2023-09-17 20:22:03.528 | 11:40   20ms 3917M 1391G  66/ 79U [ActUnit] SIEGETANK from FACTORY at (132.5, 121.5)
2023-09-17 20:22:04.174 | 11:41   69ms 3947M 1403G  69/ 79U [EnemyArmyPredicter] Predicting negative free minerals for enemy: -1229
2023-09-17 20:22:04.971 | 11:44   91ms 3932M 1415G  69/ 79U [ActUnit] MARINE from BARRACKS at (148.5, 114.5)
2023-09-17 20:22:05.139 | 11:44   74ms 3937M 1415G  70/ 79U [GameAnalyzer] Known army advantage is now ClearAdvantage
2023-09-17 20:22:05.140 | 11:44   74ms 3937M 1415G  70/ 79U [GameAnalyzer] Predicted army advantage is now ClearAdvantage
2023-09-17 20:22:05.146 | 11:44   74ms 3887M 1415G  70/ 79U [ActUnit] MARINE from BARRACKS at (141.5, 113.5)
2023-09-17 20:22:05.257 | 11:44   92ms 3837M 1419G  71/ 79U [ActUnit] MARINE from BARRACKS at (130.5, 124.5)
2023-09-17 20:22:05.409 | 11:45   20ms 3687M 1298G  72/ 79U [ActUnit] SIEGETANK from FACTORY at (134.5, 115.5)
2023-09-17 20:22:06.041 | 11:47   73ms 3497M 1306G  75/ 79U [EnemyArmyPredicter] Predicting negative free minerals for enemy: -1314
2023-09-17 20:22:07.856 | 11:52   25ms 3652M 1334G  73/ 87U [EnemyArmyPredicter] Predicting negative free minerals for enemy: -1400
2023-09-17 20:22:07.857 | 11:52   25ms 3652M 1334G  73/ 87U [GameAnalyzer] Known army advantage is now SmallAdvantage
2023-09-17 20:22:07.858 | 11:52   25ms 3652M 1334G  73/ 87U [GameAnalyzer] Predicted army advantage is now SmallAdvantage
2023-09-17 20:22:09.676 | 11:57   32ms 3697M 1362G  71/ 87U [EnemyArmyPredicter] Predicting negative free minerals for enemy: -1386
2023-09-17 20:22:11.401 | 12:02   55ms 3697M 1390G  71/ 87U [ActUnit] MARINE from BARRACKS at (148.5, 114.5)
2023-09-17 20:22:11.530 | 12:02   89ms 3652M 1390G  72/ 87U [ActUnit] MARINE from BARRACKS at (141.5, 113.5)
2023-09-17 20:22:11.695 | 12:03   30ms 3652M 1394G  73/ 87U [EnemyArmyPredicter] Predicting negative free minerals for enemy: -1671
2023-09-17 20:22:11.700 | 12:03   30ms 3652M 1394G  73/ 87U [GameAnalyzer] Known army advantage is now OverwhelmingAdvantage
2023-09-17 20:22:11.701 | 12:03   30ms 3652M 1394G  73/ 87U [GameAnalyzer] Predicted army advantage is now OverwhelmingAdvantage
2023-09-17 20:22:11.703 | 12:03   30ms 3602M 1394G  73/ 87U [ActUnit] MARINE from BARRACKS at (130.5, 124.5)
2023-09-17 20:22:13.453 | 12:08   82ms 3652M 1422G  74/ 87U [EnemyArmyPredicter] Predicting negative free minerals for enemy: -1657
2023-09-17 20:22:14.777 | 12:12   29ms 3522M 1317G  74/ 87U [ActUnit] SIEGETANK from FACTORY at (132.5, 121.5)
2023-09-17 20:22:15.129 | 12:13   28ms 3527M 1325G  77/ 95U [EnemyArmyPredicter] Predicting negative free minerals for enemy: -2493
2023-09-17 20:22:16.258 | 12:17   31ms 3422M 1224G  75/ 95U [ActUnit] SIEGETANK from FACTORY at (134.5, 115.5)
2023-09-17 20:22:16.598 | 12:19   21ms 3432M 1232G  77/ 95U [EnemyArmyPredicter] Predicting negative free minerals for enemy: -2679
2023-09-17 20:22:16.940 | 12:20   28ms 3412M 1240G  77/ 95U [ActUnit] MARINE from BARRACKS at (148.5, 114.5)
2023-09-17 20:22:17.036 | 12:21   25ms 3367M 1240G  78/ 95U [ActUnit] MARINE from BARRACKS at (141.5, 113.5)
2023-09-17 20:22:17.151 | 12:21   31ms 3317M 1244G  79/ 95U [ActUnit] MARINE from BARRACKS at (130.5, 124.5)
2023-09-17 20:22:18.155 | 12:24   69ms 3327M 1260G  80/ 95U [EnemyArmyPredicter] Predicting negative free minerals for enemy: -2714
2023-09-17 20:22:19.914 | 12:27   75ms 3372M 1272G  80/ 95U [GameAnalyzer] Income advantage is now SlightDisadvantage
2023-09-17 20:22:20.055 | 12:27   89ms 3372M 1276G  80/ 95U [GameAnalyzer] Income advantage is now Even
2023-09-17 20:22:20.645 | 12:30   17ms 3382M 1288G  80/ 95U [EnemyArmyPredicter] Predicting negative free minerals for enemy: -2700
2023-09-17 20:22:21.831 | 12:33   28ms 3392M 1308G  80/ 95U [GameAnalyzer] Income advantage is now SmallDisadvantage
2023-09-17 20:22:23.387 | 12:38   21ms 3377M 1336G  80/ 95U [ActUnit] MARINE from BARRACKS at (148.5, 114.5)
2023-09-17 20:22:23.521 | 12:39   27ms 3227M 1340G  81/ 95U [ActUnit] MARINE from BARRACKS at (141.5, 113.5)
2023-09-17 20:22:23.625 | 12:39   24ms 3182M 1344G  82/ 95U [ActUnit] MARINE from BARRACKS at (130.5, 124.5)
2023-09-17 20:22:25.398 | 12:45   62ms 3067M 1247G  79/ 95U [ActUnit] SIEGETANK from FACTORY at (132.5, 121.5)
2023-09-17 20:22:27.218 | 12:50   69ms 2957M 1150G  82/ 95U [ActUnit] SIEGETANK from FACTORY at (134.5, 115.5)
2023-09-17 20:22:27.821 | 12:52   55ms 2962M 1158G  85/ 95U [GameAnalyzer] Income advantage is now ClearDisadvantage
2023-09-17 20:22:28.325 | 12:53   72ms 2962M 1166G  85/ 95U [GameAnalyzer] Income advantage is now SmallDisadvantage
2023-09-17 20:22:28.424 | 12:53   88ms 2962M 1166G  85/ 95U [GameAnalyzer] Income advantage is now ClearDisadvantage
2023-09-17 20:22:29.333 | 12:57   92ms 2937M 1186G  85/ 95U [ActUnit] MARINE from BARRACKS at (148.5, 114.5)
2023-09-17 20:22:29.429 | 12:57   25ms 2887M 1190G  86/ 95U [ActUnit] MARINE from BARRACKS at (141.5, 113.5)
2023-09-17 20:22:29.540 | 12:58   28ms 2837M 1190G  87/ 95U [ActUnit] MARINE from BARRACKS at (130.5, 124.5)
2023-09-17 20:22:31.468 | 13:04   88ms 2837M 1226G  86/ 95U [GameAnalyzer] Income advantage is now SmallDisadvantage
2023-09-17 20:22:32.141 | 13:06   79ms 2837M 1238G  86/103U [GameAnalyzer] Income advantage is now SlightDisadvantage
2023-09-17 20:22:32.296 | 13:07   89ms 2837M 1238G  86/103U [GameAnalyzer] Income advantage is now SmallDisadvantage
2023-09-17 20:22:32.439 | 13:07   74ms 2837M 1242G  86/103U [EnemyArmyPredicter] Predicting negative free minerals for enemy: -4350
2023-09-17 20:22:32.543 | 13:07   82ms 2837M 1246G  86/103U [GameAnalyzer] Income advantage is now SlightDisadvantage
2023-09-17 20:22:33.817 | 13:12   21ms 2837M 1270G  86/103U [EnemyArmyPredicter] Predicting negative free minerals for enemy: -5636
2023-09-17 20:22:34.362 | 13:15   20ms 2787M 1286G  84/103U [ActUnit] MARINE from BARRACKS at (148.5, 114.5)
2023-09-17 20:22:34.467 | 13:15   27ms 2737M 1286G  84/103U [ActUnit] MARINE from BARRACKS at (141.5, 113.5)
2023-09-17 20:22:34.547 | 13:16   23ms 2687M 1290G  85/103U [ActUnit] MARINE from BARRACKS at (130.5, 124.5)
2023-09-17 20:22:34.851 | 13:17   27ms 2537M 1173G  85/103U [ActUnit] SIEGETANK from FACTORY at (132.5, 121.5)
2023-09-17 20:22:34.930 | 13:18   24ms 2537M 1177G  87/103U [EnemyArmyPredicter] Predicting negative free minerals for enemy: -5746
2023-09-17 20:22:36.653 | 13:23   26ms 2387M 1076G  85/103U [ActUnit] SIEGETANK from FACTORY at (134.5, 115.5)
2023-09-17 20:22:36.734 | 13:23   25ms 2387M 1080G  88/103U [EnemyArmyPredicter] Predicting negative free minerals for enemy: -5732
2023-09-17 20:22:38.078 | 13:28   75ms 2387M 1108G  88/103U [EnemyArmyPredicter] Predicting negative free minerals for enemy: -5718
2023-09-17 20:22:39.544 | 13:33   89ms 2337M 1136G  88/103U [ActUnit] MARINE from BARRACKS at (148.5, 114.5)
2023-09-17 20:22:39.711 | 13:34   80ms 2337M 1140G  89/103U [EnemyArmyPredicter] Predicting negative free minerals for enemy: -5654
2023-09-17 20:22:39.719 | 13:34   80ms 2187M 1140G  89/103U [ActUnit] MARINE from BARRACKS at (141.5, 113.5)
2023-09-17 20:22:39.853 | 13:34  109ms 2137M 1140G  90/103U [ActUnit] MARINE from BARRACKS at (130.5, 124.5)
2023-09-17 20:22:41.327 | 13:39   29ms 2137M 1168G  91/103U [EnemyArmyPredicter] Predicting negative free minerals for enemy: -5739
2023-09-17 20:22:42.639 | 13:45   23ms 2137M 1196G  91/103U [EnemyArmyPredicter] Predicting negative free minerals for enemy: -6850
2023-09-17 20:22:44.027 | 13:50   23ms 2137M 1224G  91/103U [EnemyArmyPredicter] Predicting negative free minerals for enemy: -6886
2023-09-17 20:22:44.031 | 13:50   23ms 1987M 1099G  91/103U [ActUnit] SIEGETANK from FACTORY at (132.5, 121.5)
2023-09-17 20:22:44.397 | 13:52   24ms 1937M 1111G  94/103U [ActUnit] MARINE from BARRACKS at (148.5, 114.5)
2023-09-17 20:22:44.493 | 13:52   38ms 1887M 1111G  95/103U [ActUnit] MARINE from BARRACKS at (141.5, 113.5)
2023-09-17 20:22:44.582 | 13:53   30ms 1837M 1115G  96/103U [ActUnit] MARINE from BARRACKS at (130.5, 124.5)
2023-09-17 20:22:45.103 | 13:55   26ms 1637M 1127G  97/103U [EnemyArmyPredicter] Predicting negative free minerals for enemy: -7121
2023-09-17 20:22:45.104 | 13:55   26ms 1637M 1127G  97/103U [GameAnalyzer] Income advantage is now Even
2023-09-17 20:22:45.106 | 13:55   26ms 1487M 1002G  97/103U [ActUnit] SIEGETANK from FACTORY at (134.5, 115.5)
2023-09-17 20:22:45.187 | 13:56   30ms 1487M 1006G 100/103U [GameAnalyzer] Income advantage is now SlightDisadvantage
2023-09-17 20:22:45.436 | 13:57   25ms 1487M 1014G 100/111U [GameAnalyzer] Income advantage is now Even
2023-09-17 20:22:45.520 | 13:57   28ms 1487M 1018G 100/111U [GameAnalyzer] Income advantage is now SlightDisadvantage
2023-09-17 20:22:46.100 | 14:01   25ms 1587M 1034G 100/111U [EnemyArmyPredicter] Predicting negative free minerals for enemy: -7107
2023-09-17 20:22:47.098 | 14:06   24ms 1587M 1062G 100/111U [EnemyArmyPredicter] Predicting negative free minerals for enemy: -7218
2023-09-17 20:22:48.000 | 14:10   36ms 1537M 1082G 100/111U [ActUnit] MARINE from BARRACKS at (148.5, 114.5)
2023-09-17 20:22:48.101 | 14:10   34ms 1487M 1086G 101/111U [ActUnit] MARINE from BARRACKS at (141.5, 113.5)
2023-09-17 20:22:48.184 | 14:11   47ms 1437M 1090G 102/111U [ActUnit] MARINE from BARRACKS at (130.5, 124.5)
2023-09-17 20:22:48.270 | 14:11   34ms 1437M 1090G 103/111U [EnemyArmyPredicter] Predicting negative free minerals for enemy: -7204
2023-09-17 20:22:49.532 | 14:17   49ms 1437M 1122G 103/111U [EnemyArmyPredicter] Predicting negative free minerals for enemy: -6989
2023-09-17 20:22:50.502 | 14:21   83ms 1437M 1146G 103/119U [GameAnalyzer] Income advantage is now SlightAdvantage
2023-09-17 20:22:50.671 | 14:22   28ms 1437M 1150G 103/119U [EnemyArmyPredicter] Predicting negative free minerals for enemy: -7225
2023-09-17 20:22:50.779 | 14:22   37ms 1287M 1029G 103/119U [ActUnit] SIEGETANK from FACTORY at (132.5, 121.5)
2023-09-17 20:22:51.950 | 14:27   27ms 1187M 1053G 106/119U [EnemyArmyPredicter] Predicting negative free minerals for enemy: -7161
2023-09-17 20:22:52.212 | 14:28   78ms 1137M 1061G 106/119U [ActUnit] MARINE from BARRACKS at (148.5, 114.5)
2023-09-17 20:22:52.350 | 14:29   86ms 1087M 1061G 107/119U [ActUnit] MARINE from BARRACKS at (141.5, 113.5)
2023-09-17 20:22:52.489 | 14:29   83ms 1037M 1061G 108/119U [ActUnit] MARINE from BARRACKS at (130.5, 124.5)
2023-09-17 20:22:53.524 | 14:33   79ms 1037M 1085G 109/119U [EnemyArmyPredicter] Predicting negative free minerals for enemy: -7096
2023-09-17 20:22:54.879 | 14:38   78ms 1037M 1113G 109/119U [EnemyArmyPredicter] Predicting negative free minerals for enemy: -16000
2023-09-17 20:22:55.271 | 14:39   78ms 1037M 1117G 109/119U [GameAnalyzer] Income advantage is now Even
2023-09-17 20:22:56.096 | 14:43   25ms 1037M 1141G 109/119U [EnemyArmyPredicter] Predicting negative free minerals for enemy: -15425
2023-09-17 20:22:56.652 | 14:47   27ms  987M 1157G 109/127U [ActUnit] MARINE from BARRACKS at (148.5, 114.5)
2023-09-17 20:22:56.738 | 14:47   29ms  937M 1161G 110/127U [ActUnit] MARINE from BARRACKS at (141.5, 113.5)
2023-09-17 20:22:56.823 | 14:47   31ms  887M 1165G 111/127U [ActUnit] MARINE from BARRACKS at (130.5, 124.5)
2023-09-17 20:22:57.124 | 14:49   27ms  887M 1169G 112/127U [EnemyArmyPredicter] Predicting negative free minerals for enemy: -15211
2023-09-17 20:22:58.453 | 14:54   39ms  887M 1197G 112/127U [EnemyArmyPredicter] Predicting negative free minerals for enemy: -15296
2023-09-17 20:22:58.945 | 14:56   40ms  887M 1213G 112/127U [GameAnalyzer] Income advantage is now SlightAdvantage
2023-09-17 20:22:59.755 | 15:00   76ms  887M 1229G 112/127U [EnemyArmyPredicter] Predicting negative free minerals for enemy: -15232
2023-09-17 20:23:00.580 | 15:03   77ms  887M 1245G 112/127U [GameAnalyzer] Income advantage is now SmallAdvantage
2023-09-17 20:23:01.095 | 15:05   31ms  887M 1257G 112/127U [EnemyArmyPredicter] Predicting negative free minerals for enemy: -15275
2023-09-17 20:23:01.100 | 15:05   31ms  837M 1257G 112/127U [ActUnit] MARINE from BARRACKS at (148.5, 114.5)
2023-09-17 20:23:01.192 | 15:05   45ms  787M 1261G 113/127U [ActUnit] MARINE from BARRACKS at (141.5, 113.5)
2023-09-17 20:23:01.290 | 15:06   34ms  737M 1261G 114/127U [ActUnit] MARINE from BARRACKS at (130.5, 124.5)
2023-09-17 20:23:02.328 | 15:10   53ms  737M 1285G 115/127U [EnemyArmyPredicter] Predicting negative free minerals for enemy: -15725
2023-09-17 20:23:03.733 | 15:16   39ms  737M 1317G 115/127U [EnemyArmyPredicter] Predicting negative free minerals for enemy: -15725
2023-09-17 20:23:05.101 | 15:21   75ms  737M 1345G 115/127U [EnemyArmyPredicter] Predicting negative free minerals for enemy: -16275
2023-09-17 20:23:05.707 | 15:23   77ms  687M 1357G 115/127U [ActUnit] MARINE from BARRACKS at (148.5, 114.5)
2023-09-17 20:23:05.838 | 15:24   51ms  637M 1357G 116/127U [ActUnit] MARINE from BARRACKS at (141.5, 113.5)
2023-09-17 20:23:05.983 | 15:24   69ms  587M 1361G 117/127U [ActUnit] MARINE from BARRACKS at (130.5, 124.5)
2023-09-17 20:23:06.463 | 15:26   34ms  587M 1373G 118/127U [EnemyArmyPredicter] Predicting negative free minerals for enemy: -16275
2023-09-17 20:23:07.078 | INFO     | sc2.protocol:_execute:72 - Client status changed to Status.ended (was Status.in_game)
2023-09-17 20:23:07.083 | Result: Victory
2023-09-17 20:23:07.083 | Duration: 15:29
2023-09-17 20:23:07.084 | Step time min: 5
2023-09-17 20:23:07.084 | Step time avg: 30
2023-09-17 20:23:07.085 | Step time max: 118
2023-09-17 20:23:07.086 | [LostUnitsContents] My lost units minerals and gas: (2250, 125)
2023-09-17 20:23:07.086 | [LostUnitsContents] My lost units minerals by score: 2150.0
2023-09-17 20:23:07.087 | [LostUnitsContents] Enemy lost units minerals and gas: (20275, 1050)
2023-09-17 20:23:07.088 | [LostUnitsContents] Enemy lost units minerals by score: 21275.0
2023-09-17 20:23:07.089 | [GameAnalyzerEnd] Own units:
2023-09-17 20:23:07.089 | [GameAnalyzerEnd] MARINE            total:  71 alive:  29 dead:  42 
2023-09-17 20:23:07.090 | [GameAnalyzerEnd] SIEGETANK         total:  21 alive:  20 dead:   1 
2023-09-17 20:23:07.090 | [GameAnalyzerEnd] SCV               total:  20 alive:  20 dead:   0 
2023-09-17 20:23:07.091 | [GameAnalyzerEnd] SUPPLYDEPOT       total:  14 alive:  14 dead:   0 
2023-09-17 20:23:07.091 | [GameAnalyzerEnd] BARRACKS          total:   3 alive:   3 dead:   0 
2023-09-17 20:23:07.092 | [GameAnalyzerEnd] REFINERY          total:   2 alive:   2 dead:   0 
2023-09-17 20:23:07.092 | [GameAnalyzerEnd] TECHLAB           total:   2 alive:   2 dead:   0 
2023-09-17 20:23:07.093 | [GameAnalyzerEnd] FACTORY           total:   2 alive:   2 dead:   0 
2023-09-17 20:23:07.093 | [GameAnalyzerEnd] BUNKER            total:   1 alive:   1 dead:   0 
2023-09-17 20:23:07.094 | [GameAnalyzerEnd] ORBITALCOMMAND    total:   1 alive:   1 dead:   0 
2023-09-17 20:23:07.094 | [GameAnalyzerEnd] Enemy units:
2023-09-17 20:23:07.095 | [GameAnalyzerEnd] MARINE            total: 237 alive:   3 dead: 234 
2023-09-17 20:23:07.096 | [GameAnalyzerEnd] SCV               total:  50 alive:   0 dead:  50 
2023-09-17 20:23:07.096 | [GameAnalyzerEnd] SUPPLYDEPOT       total:  23 alive:   4 dead:  19 
2023-09-17 20:23:07.097 | [GameAnalyzerEnd] BARRACKS          total:  11 alive:   0 dead:  11 
2023-09-17 20:23:07.097 | [GameAnalyzerEnd] MARAUDER          total:  10 alive:   0 dead:  10 
2023-09-17 20:23:07.098 | [GameAnalyzerEnd] MEDIVAC           total:   5 alive:   1 dead:   4 
2023-09-17 20:23:07.098 | [GameAnalyzerEnd] ORBITALCOMMAND    total:   2 alive:   0 dead:   2 
2023-09-17 20:23:07.099 | [GameAnalyzerEnd] TECHLAB           total:   2 alive:   0 dead:   2 
2023-09-17 20:23:07.099 | [GameAnalyzerEnd] REFINERY          total:   2 alive:   0 dead:   2 
2023-09-17 20:23:07.100 | [GameAnalyzerEnd] FACTORY           total:   1 alive:   0 dead:   1 
2023-09-17 20:23:07.100 | [GameAnalyzerEnd] ENGINEERINGBAY    total:   1 alive:   0 dead:   1 
2023-09-17 20:23:07.101 | [GameAnalyzerEnd] STARPORT          total:   1 alive:   0 dead:   1 
2023-09-17 20:23:07.101 | [GameAnalyzerEnd] Minerals max 4625 Average 1892
2023-09-17 20:23:07.102 | [GameAnalyzerEnd] Vespene max 1590 Average 735
2023-09-17 20:23:07.102 | INFO     | sc2.main:_play_game:228 - Result for player 2 - Bot LadderBot(Terran): Victory
