2023-09-18 08:25:30.863 | INFO     | sc2.protocol:_execute:72 - Client status changed to Status.in_game (was None)
2023-09-18 08:25:30.864 | INFO     | sc2.main:_play_game:221 - Player 2 - Bot LadderBot(Terran)
2023-09-18 08:25:31.136 | 00:00    0ms    0M    0G  12/ 15U [Version] 4.10.0.75689
2023-09-18 08:25:31.137 | 00:00    0ms    0M    0G  12/ 15U [Version] 5.0.6 Balance mod recognized.
2023-09-18 08:25:31.214 | 00:00    0ms    0M    0G  12/ 15U [ZoneManager] Map set to: MapName.Unknown from name: Dragon ScalesAIE and hash: 3095225.
2023-09-18 08:25:32.193 | [DataManager] No BuildDetector found, enemy build data cannot be saved
2023-09-18 08:25:32.195 | 00:00    0ms    0M    0G  12/ 15U [Build] 10 marine proxy rax
2023-09-18 08:25:32.218 | [Start] My race: Terran
2023-09-18 08:25:32.219 | [Start] Opponent race: Terran
2023-09-18 08:25:32.219 | [Start] OpponentId: 1
2023-09-18 08:25:33.752 | 00:12    6ms   65M    0G  13/ 15U [ActUnit] SCV from COMMANDCENTER at (171.5, 57.5)
2023-09-18 08:25:34.900 | 00:25    6ms   65M    0G  14/ 15U [ActUnit] SCV from COMMANDCENTER at (171.5, 57.5)
2023-09-18 08:25:36.634 | 00:42    7ms  230M    0G  15/ 23U [ActUnit] SCV from COMMANDCENTER at (171.5, 57.5)
2023-09-18 08:25:38.177 | 00:55   57ms   70M    0G  16/ 23U [ActUnit] SCV from COMMANDCENTER at (171.5, 57.5)
2023-09-18 08:25:40.487 | 01:07   55ms  155M    0G  17/ 23U [ActUnit] SCV from COMMANDCENTER at (171.5, 57.5)
2023-09-18 08:25:41.677 | 01:14   17ms  235M    0G  18/ 31U [BuildPosition] Building BARRACKS to (97.5, 130.5)
2023-09-18 08:25:42.894 | 01:20   52ms  105M    0G  18/ 31U [ActUnit] SCV from COMMANDCENTER at (171.5, 57.5)
2023-09-18 08:25:43.250 | 01:22   15ms  125M    0G  19/ 31U [GameAnalyzer] Income advantage is now SlightAdvantage
2023-09-18 08:25:43.413 | 01:23   57ms  140M    0G  19/ 31U [GameAnalyzer] Income advantage is now Even
2023-09-18 08:25:45.534 | 01:40   12ms  150M    0G  19/ 31U [ActUnit] MARINE from BARRACKS at (167.5, 62.5)
2023-09-18 08:25:45.770 | 01:41   11ms  180M    0G  20/ 31U [GameAnalyzer] Predicted army advantage is now SlightDisadvantage
2023-09-18 08:25:46.372 | 01:46   12ms  260M    0G  20/ 31U [BuildPosition] Building BARRACKS to (99.7081527235609, 133.49566536546175)
2023-09-18 08:25:46.582 | INFO     | sc2.protocol:_execute:72 - Client status changed to Status.ended (was Status.in_game)
2023-09-18 08:25:46.586 | Result: Victory
2023-09-18 08:25:46.586 | Duration: 01:48
2023-09-18 08:25:46.587 | Step time min: 6
2023-09-18 08:25:46.587 | Step time avg: 19
2023-09-18 08:25:46.588 | Step time max: 114
2023-09-18 08:25:46.588 | [LostUnitsContents] My lost units minerals and gas: (0, 0)
2023-09-18 08:25:46.589 | [LostUnitsContents] My lost units minerals by score: 0.0
2023-09-18 08:25:46.589 | [LostUnitsContents] Enemy lost units minerals and gas: (0, 0)
2023-09-18 08:25:46.590 | [LostUnitsContents] Enemy lost units minerals by score: 0.0
2023-09-18 08:25:46.591 | [GameAnalyzerEnd] Own units:
2023-09-18 08:25:46.591 | [GameAnalyzerEnd] SCV               total:  19 alive:  19 dead:   0 
2023-09-18 08:25:46.592 | [GameAnalyzerEnd] BARRACKS          total:   3 alive:   3 dead:   0 
2023-09-18 08:25:46.592 | [GameAnalyzerEnd] SUPPLYDEPOT       total:   2 alive:   2 dead:   0 
2023-09-18 08:25:46.593 | [GameAnalyzerEnd] COMMANDCENTER     total:   1 alive:   1 dead:   0 
2023-09-18 08:25:46.593 | [GameAnalyzerEnd] Enemy units:
2023-09-18 08:25:46.594 | [GameAnalyzerEnd] SCV               total:  19 alive:  19 dead:   0 
2023-09-18 08:25:46.594 | [GameAnalyzerEnd] BARRACKS          total:   2 alive:   2 dead:   0 
2023-09-18 08:25:46.595 | [GameAnalyzerEnd] SUPPLYDEPOT       total:   1 alive:   1 dead:   0 
2023-09-18 08:25:46.595 | [GameAnalyzerEnd] COMMANDCENTER     total:   1 alive:   1 dead:   0 
2023-09-18 08:25:46.596 | [GameAnalyzerEnd] REFINERY          total:   1 alive:   1 dead:   0 
2023-09-18 08:25:46.596 | [GameAnalyzerEnd] Minerals max 280 Average 129
2023-09-18 08:25:46.597 | [GameAnalyzerEnd] Vespene max 0 Average 0
2023-09-18 08:25:46.597 | INFO     | sc2.main:_play_game:228 - Result for player 2 - Bot LadderBot(Terran): Victory
