2023-09-18 20:05:23.597 | INFO     | sc2.protocol:_execute:72 - Client status changed to Status.in_game (was None)
2023-09-18 20:05:23.599 | INFO     | sc2.main:_play_game:221 - Player 2 - Bot LadderBot(Terran)
2023-09-18 20:05:23.818 | 00:00    0ms    0M    0G  12/ 15U [Version] 4.10.0.75689
2023-09-18 20:05:23.819 | 00:00    0ms    0M    0G  12/ 15U [Version] 5.0.6 Balance mod recognized.
2023-09-18 20:05:23.881 | 00:00    0ms    0M    0G  12/ 15U [ZoneManager] Map set to: MapName.Unknown from name: Berlingrad AIE and hash: 3586864.
2023-09-18 20:05:24.351 | [DataManager] No BuildDetector found, enemy build data cannot be saved
2023-09-18 20:05:24.353 | 00:00    0ms    0M    0G  12/ 15U [Build] 10 marine proxy rax
2023-09-18 20:05:24.375 | [Start] My race: Terran
2023-09-18 20:05:24.376 | [Start] Opponent race: Terran
2023-09-18 20:05:24.377 | [Start] OpponentId: 1
2023-09-18 20:05:26.116 | 00:12    6ms   65M    0G  13/ 15U [ActUnit] SCV from COMMANDCENTER at (120.5, 24.5)
2023-09-18 20:05:27.207 | 00:25    6ms   65M    0G  14/ 15U [ActUnit] SCV from COMMANDCENTER at (120.5, 24.5)
2023-09-18 20:05:28.781 | 00:42    7ms  225M    0G  15/ 23U [ActUnit] SCV from COMMANDCENTER at (120.5, 24.5)
2023-09-18 20:05:30.615 | 00:54   65ms   70M    0G  16/ 23U [ActUnit] SCV from COMMANDCENTER at (120.5, 24.5)
2023-09-18 20:05:32.998 | 01:07   19ms  170M    0G  17/ 23U [ActUnit] SCV from COMMANDCENTER at (120.5, 24.5)
2023-09-18 20:05:34.632 | 01:15   32ms  255M    0G  18/ 31U [BuildPosition] Building BARRACKS to (60.5, 112.5)
2023-09-18 20:05:35.350 | 01:18   59ms  145M    0G  18/ 31U [GameAnalyzer] Income advantage is now SmallAdvantage
2023-09-18 20:05:35.516 | 01:19   59ms  155M    0G  18/ 31U [GameAnalyzer] Income advantage is now SlightAdvantage
2023-09-18 20:05:35.570 | 01:19   13ms  165M    0G  18/ 31U [GameAnalyzer] Income advantage is now Even
2023-09-18 20:05:35.571 | 01:19   13ms  115M    0G  18/ 31U [ActUnit] SCV from COMMANDCENTER at (120.5, 24.5)
2023-09-18 20:05:35.625 | 01:20   13ms  120M    0G  19/ 31U [EnemyArmyPredicter] Predicting negative free minerals for enemy: -225
2023-09-18 20:05:36.264 | 01:25   10ms  185M    0G  19/ 31U [EnemyArmyPredicter] Predicting negative free minerals for enemy: -211
2023-09-18 20:05:37.852 | 01:38   11ms  150M    0G  19/ 31U [ActUnit] MARINE from BARRACKS at (119.5, 29.5)
2023-09-18 20:05:38.844 | 01:46   12ms  290M    0G  20/ 31U [BuildPosition] Building BARRACKS to (57.50010405502431, 110.53225739319339)
2023-09-18 20:05:38.902 | 01:47   14ms  140M    0G  20/ 31U [GameAnalyzer] Predicted army advantage is now SlightDisadvantage
2023-09-18 20:05:40.326 | 01:56   14ms  130M    0G  20/ 31U [GameAnalyzer] Known army advantage is now SlightAdvantage
2023-09-18 20:05:40.327 | 01:56   14ms   80M    0G  20/ 31U [ActUnit] MARINE from BARRACKS at (119.5, 29.5)
2023-09-18 20:05:40.460 | 01:57   17ms  100M    0G  21/ 31U [Building continue] UnitTypeId.ORBITALCOMMAND (120.5, 24.5)
2023-09-18 20:05:40.512 | 01:57   12ms   55M    0G  21/ 31U [ActUnit] SCV from COMMANDCENTER at (120.5, 24.5)
2023-09-18 20:05:41.233 | 02:02   16ms   70M    0G  22/ 31U [ActUnit] MARINE from BARRACKS at (60.5, 112.5)
2023-09-18 20:05:43.015 | 02:14   11ms  130M    0G  23/ 31U [GameAnalyzer] Predicted army advantage is now Even
2023-09-18 20:05:43.017 | 02:14   11ms   80M    0G  23/ 31U [ActUnit] MARINE from BARRACKS at (119.5, 29.5)
2023-09-18 20:05:43.957 | 02:21   12ms  185M    0G  24/ 31U [GameAnalyzer] Predicted army advantage is now SlightAdvantage
2023-09-18 20:05:43.958 | 02:21   12ms  135M    0G  24/ 31U [ActUnit] MARINE from BARRACKS at (60.5, 112.5)
2023-09-18 20:05:44.535 | 02:24   14ms   80M    0G  25/ 31U [GameAnalyzer] Known army advantage is now Even
2023-09-18 20:05:44.537 | 02:24   14ms   80M    0G  25/ 31U [GameAnalyzer] Predicted army advantage is now SlightDisadvantage
2023-09-18 20:05:44.769 | 02:25   21ms  105M    0G  25/ 31U [GameAnalyzer] Known army advantage is now SlightDisadvantage
2023-09-18 20:05:45.117 | 02:28   12ms   95M    0G  23/ 31U [ActUnit] SCV from COMMANDCENTER at (120.5, 24.5)
2023-09-18 20:05:45.120 | 02:28   12ms   95M    0G  23/ 31U [Building continue] UnitTypeId.BARRACKS (57.5, 110.5)
2023-09-18 20:05:45.196 | 02:28   19ms  100M    0G  24/ 31U [GameAnalyzer] Income advantage is now SlightDisadvantage
2023-09-18 20:05:45.894 | 02:33   16ms  155M    0G  24/ 31U [GameAnalyzer] Known army advantage is now Even
2023-09-18 20:05:45.895 | 02:33   16ms  105M    0G  24/ 31U [ActUnit] MARINE from BARRACKS at (119.5, 29.5)
2023-09-18 20:05:46.382 | 02:36   12ms  170M    0G  25/ 31U [GameAnalyzer] Income advantage is now SmallDisadvantage
2023-09-18 20:05:46.936 | 02:39   16ms  210M    0G  25/ 31U [GameAnalyzer] Known army advantage is now SlightAdvantage
2023-09-18 20:05:46.938 | 02:39   16ms  160M    0G  25/ 31U [ActUnit] MARINE from BARRACKS at (60.5, 112.5)
2023-09-18 20:05:47.159 | 02:40   16ms  205M    0G  26/ 31U [GameAnalyzer] Known army advantage is now Even
2023-09-18 20:05:47.161 | 02:40   16ms  205M    0G  26/ 31U [GameAnalyzer] Predicted army advantage is now SmallDisadvantage
2023-09-18 20:05:47.310 | 02:41   16ms  165M    0G  26/ 31U [ActUnit] MARINE from BARRACKS at (124.5, 31.5)
2023-09-18 20:05:47.715 | 02:43   21ms  145M    0G  26/ 31U [ActUnit] SCV from COMMANDCENTER at (120.5, 24.5)
2023-09-18 20:05:47.780 | 02:44   19ms  145M    0G  26/ 31U [GameAnalyzer] Known army advantage is now SlightDisadvantage
2023-09-18 20:05:48.957 | 02:46   13ms  170M    0G  26/ 31U [GameAnalyzer] Known army advantage is now SmallDisadvantage
2023-09-18 20:05:49.814 | 02:51   13ms   70M    0G  26/ 39U [ActUnit] MARINE from BARRACKS at (119.5, 29.5)
2023-09-18 20:05:50.785 | 02:57   12ms  170M    0G  27/ 39U [GameAnalyzer] Known army advantage is now SlightDisadvantage
2023-09-18 20:05:50.787 | 02:57   12ms  120M    0G  27/ 39U [ActUnit] MARINE from BARRACKS at (60.5, 112.5)
2023-09-18 20:05:50.871 | 02:58   21ms   85M    0G  28/ 39U [ActUnit] MARINE from BARRACKS at (57.5, 110.5)
2023-09-18 20:05:51.081 | 02:59   14ms  105M    0G  28/ 39U [GameAnalyzer] Known army advantage is now SmallDisadvantage
2023-09-18 20:05:51.174 | 02:59   16ms  105M    0G  28/ 39U [GameAnalyzer] Known army advantage is now SlightDisadvantage
2023-09-18 20:05:51.175 | 02:59   16ms   55M    0G  28/ 39U [ActUnit] MARINE from BARRACKS at (124.5, 31.5)
2023-09-18 20:05:51.683 | 03:03   12ms   80M    0G  29/ 39U [ActUnit] MARINE from BARRACKS at (117.5, 32.5)
2023-09-18 20:05:52.777 | 03:09   17ms  130M    0G  30/ 39U [ActUnit] MARINE from BARRACKS at (119.5, 29.5)
2023-09-18 20:05:53.846 | 03:15   16ms  255M    0G  31/ 39U [GameAnalyzer] Known army advantage is now Even
2023-09-18 20:05:53.847 | 03:15   16ms  255M    0G  31/ 39U [GameAnalyzer] Predicted army advantage is now SlightDisadvantage
2023-09-18 20:05:53.848 | 03:15   16ms  205M    0G  31/ 39U [ActUnit] MARINE from BARRACKS at (60.5, 112.5)
2023-09-18 20:05:53.912 | 03:16   17ms  215M    0G  32/ 39U [GameAnalyzer] Known army advantage is now SlightAdvantage
2023-09-18 20:05:53.914 | 03:16   17ms  165M    0G  32/ 39U [ActUnit] MARINE from BARRACKS at (57.5, 110.5)
2023-09-18 20:05:54.237 | 03:18   16ms  115M    0G  33/ 39U [GameAnalyzer] Predicted army advantage is now Even
2023-09-18 20:05:54.240 | 03:18   16ms   65M    0G  33/ 39U [ActUnit] MARINE from BARRACKS at (124.5, 31.5)
2023-09-18 20:05:54.727 | 03:20   14ms  105M    0G  33/ 39U [GameAnalyzer] Predicted army advantage is now SlightDisadvantage
2023-09-18 20:05:54.818 | 03:21   22ms  115M    0G  33/ 39U [GameAnalyzer] Predicted army advantage is now Even
2023-09-18 20:05:54.819 | 03:21   22ms   65M    0G  33/ 39U [ActUnit] MARINE from BARRACKS at (117.5, 32.5)
2023-09-18 20:05:54.990 | 03:22   17ms   75M    0G  33/ 39U [GameAnalyzer] Predicted army advantage is now SlightDisadvantage
2023-09-18 20:05:55.196 | 03:23   13ms  105M    0G  33/ 39U [GameAnalyzer] Known army advantage is now SlightDisadvantage
2023-09-18 20:05:55.953 | 03:28   14ms  195M    0G  33/ 39U [GameAnalyzer] Known army advantage is now Even
2023-09-18 20:05:55.955 | 03:28   14ms  145M    0G  33/ 39U [ActUnit] MARINE from BARRACKS at (119.5, 29.5)
2023-09-18 20:05:57.015 | 03:34   13ms  108M    0G  33/ 39U [ActUnit] MARINE from BARRACKS at (60.5, 112.5)
2023-09-18 20:05:57.108 | 03:34   20ms  118M    0G  33/ 39U [GameAnalyzer] Known army advantage is now SlightDisadvantage
2023-09-18 20:05:57.404 | 03:36   17ms  138M    0G  33/ 39U [GameAnalyzer] Known army advantage is now Even
2023-09-18 20:05:57.406 | 03:36   17ms   88M    0G  33/ 39U [ActUnit] MARINE from BARRACKS at (124.5, 31.5)
2023-09-18 20:05:57.736 | 03:38   20ms  103M    0G  34/ 39U [ActUnit] MARINE from BARRACKS at (112.5, 30.5)
2023-09-18 20:05:57.959 | 03:39   15ms  103M    0G  35/ 39U [GameAnalyzer] Known army advantage is now SlightAdvantage
2023-09-18 20:05:57.961 | 03:39   15ms  103M    0G  35/ 39U [GameAnalyzer] Predicted army advantage is now Even
2023-09-18 20:05:57.962 | 03:39   15ms   53M    0G  35/ 39U [ActUnit] MARINE from BARRACKS at (117.5, 32.5)
2023-09-18 20:06:00.029 | 03:46   17ms  121M    0G  36/ 39U [ActUnit] MARINE from BARRACKS at (119.5, 29.5)
2023-09-18 20:06:01.542 | 03:54   14ms  124M    0G  36/ 47U [ActUnit] MARINE from BARRACKS at (124.5, 31.5)
2023-09-18 20:06:01.855 | 03:56   16ms  149M    0G  37/ 47U [GameAnalyzer] Known army advantage is now SmallAdvantage
2023-09-18 20:06:01.856 | 03:56   16ms  149M    0G  37/ 47U [GameAnalyzer] Predicted army advantage is now SlightAdvantage
2023-09-18 20:06:01.857 | 03:56   16ms   99M    0G  37/ 47U [ActUnit] MARINE from BARRACKS at (112.5, 30.5)
2023-09-18 20:06:02.096 | 03:57   16ms   94M    0G  38/ 47U [ActUnit] MARINE from BARRACKS at (117.5, 32.5)
2023-09-18 20:06:02.099 | 03:57   16ms   94M    0G  38/ 47U [DodgeRampAttack] Power 15.00 is larger than required attack power 12.00 -> attack!
2023-09-18 20:06:02.099 | 03:57   16ms   94M    0G  38/ 47U [DodgeRampAttack] Attack started at 15.00 power.
2023-09-18 20:06:03.298 | 04:04   19ms  169M    0G  39/ 47U [ActUnit] MARINE from BARRACKS at (119.5, 29.5)
2023-09-18 20:06:04.877 | 04:13   18ms  289M    0G  40/ 47U [GameAnalyzer] Predicted army advantage is now SmallAdvantage
2023-09-18 20:06:04.878 | 04:13   18ms  239M    0G  40/ 47U [ActUnit] MARINE from BARRACKS at (124.5, 31.5)
2023-09-18 20:06:05.218 | 04:14   20ms   49M    0G  41/ 47U [ActUnit] MARINE from BARRACKS at (112.5, 30.5)
2023-09-18 20:06:05.466 | 04:16   18ms   19M    0G  42/ 47U [ActUnit] MARINE from BARRACKS at (117.5, 32.5)
2023-09-18 20:06:06.308 | 04:20   18ms   59M    0G  43/ 47U [ActUnit] MARINE from BARRACKS at (110.5, 24.5)
2023-09-18 20:06:06.758 | 04:22   25ms   84M    0G  44/ 47U [GameAnalyzer] Known army advantage is now ClearAdvantage
2023-09-18 20:06:06.760 | 04:22   25ms   34M    0G  44/ 47U [ActUnit] MARINE from BARRACKS at (119.5, 29.5)
2023-09-18 20:06:07.462 | 04:26   25ms   89M    0G  45/ 47U [GameAnalyzer] Known army advantage is now SmallAdvantage
2023-09-18 20:06:07.759 | 04:27   23ms  124M    0G  45/ 47U [GameAnalyzer] Predicted army advantage is now SlightAdvantage
2023-09-18 20:06:08.353 | 04:30   23ms  169M    0G  44/ 47U [GameAnalyzer] Known army advantage is now SlightAdvantage
2023-09-18 20:06:08.550 | 04:31   22ms  134M    0G  42/ 47U [ActUnit] MARINE from BARRACKS at (124.5, 31.5)
2023-09-18 20:06:08.922 | 04:33   21ms  174M    0G  43/ 47U [GameAnalyzer] Known army advantage is now ClearAdvantage
2023-09-18 20:06:08.924 | 04:33   21ms  174M    0G  43/ 47U [GameAnalyzer] Predicted army advantage is now SmallAdvantage
2023-09-18 20:06:08.925 | 04:33   21ms  124M    0G  43/ 47U [ActUnit] MARINE from BARRACKS at (112.5, 30.5)
2023-09-18 20:06:09.226 | 04:34   28ms   99M    0G  43/ 47U [ActUnit] MARINE from BARRACKS at (117.5, 32.5)
2023-09-18 20:06:10.056 | 04:38   18ms  154M    0G  44/ 47U [GameAnalyzer] Predicted army advantage is now ClearAdvantage
2023-09-18 20:06:10.164 | 04:39   22ms  119M    0G  44/ 47U [ActUnit] MARINE from BARRACKS at (110.5, 24.5)
2023-09-18 20:06:11.509 | 04:41   20ms  124M    0G  45/ 55U [ActUnit] MARINE from BARRACKS at (119.5, 29.5)
2023-09-18 20:06:11.617 | 04:41   23ms   89M    0G  46/ 55U [ActUnit] MARINE from BARRACKS at (123.5, 14.5)
2023-09-18 20:06:13.309 | 04:49   19ms  224M    0G  47/ 63U [GameAnalyzer] Known army advantage is now OverwhelmingAdvantage
2023-09-18 20:06:13.311 | 04:49   19ms  224M    0G  47/ 63U [GameAnalyzer] Predicted army advantage is now OverwhelmingAdvantage
2023-09-18 20:06:13.312 | 04:49   19ms  174M    0G  47/ 63U [ActUnit] MARINE from BARRACKS at (124.5, 31.5)
2023-09-18 20:06:13.721 | 04:51   21ms  154M    0G  48/ 63U [ActUnit] MARINE from BARRACKS at (112.5, 30.5)
2023-09-18 20:06:14.004 | 04:52   20ms  144M    0G  49/ 63U [ActUnit] MARINE from BARRACKS at (117.5, 32.5)
2023-09-18 20:06:15.022 | 04:57   20ms  169M    0G  50/ 63U [ActUnit] MARINE from BARRACKS at (110.5, 24.5)
2023-09-18 20:06:15.575 | 04:59   25ms  184M    0G  51/ 63U [ActUnit] MARINE from BARRACKS at (119.5, 29.5)
2023-09-18 20:06:15.671 | 05:00   25ms  149M    0G  52/ 63U [ActUnit] MARINE from BARRACKS at (123.5, 14.5)
2023-09-18 20:06:16.232 | 05:02   26ms  184M    0G  53/ 63U [GameAnalyzer] Income advantage is now ClearDisadvantage
2023-09-18 20:06:17.696 | 05:08   25ms  264M    0G  53/ 63U [ActUnit] MARINE from BARRACKS at (124.5, 31.5)
2023-09-18 20:06:18.158 | 05:09   27ms  249M    0G  54/ 63U [ActUnit] MARINE from BARRACKS at (112.5, 30.5)
2023-09-18 20:06:18.378 | 05:10   26ms  264M    0G  55/ 63U [GameAnalyzer] Predicted army advantage is now SlightAdvantage
2023-09-18 20:06:18.498 | 05:11   33ms  214M    0G  55/ 63U [ActUnit] MARINE from BARRACKS at (117.5, 32.5)
2023-09-18 20:06:19.616 | 05:15   28ms  244M    0G  56/ 63U [ActUnit] MARINE from BARRACKS at (110.5, 24.5)
2023-09-18 20:06:20.143 | 05:17   25ms   29M    0G  57/ 63U [ActUnit] MARINE from BARRACKS at (119.5, 29.5)
2023-09-18 20:06:20.492 | 05:19   30ms    4M    0G  58/ 63U [ActUnit] MARINE from BARRACKS at (123.5, 14.5)
2023-09-18 20:06:20.592 | 05:19   27ms    9M    0G  59/ 63U [GameAnalyzer] Income advantage is now SlightDisadvantage
2023-09-18 20:06:22.227 | 05:26   29ms   59M    0G  59/ 63U [ActUnit] MARINE from BARRACKS at (124.5, 31.5)
2023-09-18 20:06:22.327 | 05:26   30ms   69M    0G  60/ 63U [GameAnalyzer] Predicted army advantage is now SmallAdvantage
2023-09-18 20:06:22.633 | 05:28   29ms   34M    0G  60/ 63U [ActUnit] MARINE from BARRACKS at (112.5, 30.5)
2023-09-18 20:06:22.939 | 05:29   27ms    9M    0G  61/ 63U [ActUnit] MARINE from BARRACKS at (117.5, 32.5)
2023-09-18 20:06:23.973 | 05:33   26ms   29M    0G  62/ 63U [ActUnit] MARINE from BARRACKS at (110.5, 24.5)
2023-09-18 20:06:26.495 | 05:40   37ms   74M    0G  62/ 63U [ActUnit] MARINE from BARRACKS at (123.5, 14.5)
2023-09-18 20:06:27.054 | 05:42   31ms  114M    0G  63/ 63U [GameAnalyzer] Predicted army advantage is now ClearAdvantage
2023-09-18 20:06:27.281 | 05:43   31ms   84M    0G  63/ 71U [ActUnit] MARINE from BARRACKS at (119.5, 29.5)
2023-09-18 20:06:27.507 | 05:44   30ms   89M    0G  64/ 71U [GameAnalyzer] Income advantage is now Even
2023-09-18 20:06:27.508 | 05:44   30ms   39M    0G  64/ 71U [ActUnit] MARINE from BARRACKS at (124.5, 31.5)
2023-09-18 20:06:27.923 | 05:46   30ms   19M    0G  65/ 71U [ActUnit] MARINE from BARRACKS at (112.5, 30.5)
2023-09-18 20:06:28.463 | 05:48   35ms    4M    0G  66/ 79U [ActUnit] MARINE from BARRACKS at (117.5, 32.5)
2023-09-18 20:06:29.363 | 05:52   36ms    9M    0G  67/ 79U [ActUnit] MARINE from BARRACKS at (110.5, 24.5)
2023-09-18 20:06:29.703 | 05:53   31ms   34M    0G  68/ 79U [GameAnalyzer] Predicted army advantage is now OverwhelmingAdvantage
2023-09-18 20:06:30.971 | 05:58   29ms   64M    0G  68/ 79U [ActUnit] MARINE from BARRACKS at (123.5, 14.5)
2023-09-18 20:06:31.701 | 06:02   33ms   74M    0G  69/ 79U [ActUnit] MARINE from BARRACKS at (119.5, 29.5)
2023-09-18 20:06:31.912 | 06:02   33ms   39M    0G  70/ 79U [ActUnit] MARINE from BARRACKS at (124.5, 31.5)
2023-09-18 20:06:32.378 | 06:04   33ms    9M    0G  71/ 79U [ActUnit] MARINE from BARRACKS at (112.5, 30.5)
2023-09-18 20:06:33.002 | 06:07   32ms    9M    0G  72/ 79U [ActUnit] MARINE from BARRACKS at (117.5, 32.5)
2023-09-18 20:06:33.790 | 06:10   34ms   19M    0G  73/ 79U [ActUnit] MARINE from BARRACKS at (110.5, 24.5)
2023-09-18 20:06:34.993 | 06:15   39ms   89M    0G  74/ 79U [EnemyArmyPredicter] Predicting negative free minerals for enemy: -68
2023-09-18 20:06:35.901 | 06:18   36ms    4M    0G  74/ 79U [ActUnit] MARINE from BARRACKS at (123.5, 14.5)
2023-09-18 20:06:36.350 | 06:20   40ms   29M    0G  75/ 79U [EnemyArmyPredicter] Predicting negative free minerals for enemy: -204
2023-09-18 20:06:36.707 | 06:21   37ms    4M    0G  75/ 79U [ActUnit] MARINE from BARRACKS at (124.5, 31.5)
2023-09-18 20:06:37.483 | 06:24   33ms    4M    0G  76/ 79U [ActUnit] MARINE from BARRACKS at (112.5, 30.5)
2023-09-18 20:06:37.710 | 06:25   35ms   14M    0G  77/ 79U [EnemyArmyPredicter] Predicting negative free minerals for enemy: -539
2023-09-18 20:06:38.299 | 06:27   41ms    4M    0G  77/ 79U [ActUnit] MARINE from BARRACKS at (117.5, 32.5)
2023-09-18 20:06:39.106 | 06:31   32ms   64M    0G  77/ 79U [EnemyArmyPredicter] Predicting negative free minerals for enemy: -525
2023-09-18 20:06:39.110 | 06:31   32ms   14M    0G  77/ 79U [ActUnit] MARINE from BARRACKS at (119.5, 29.5)
2023-09-18 20:06:39.491 | 06:32   35ms   29M    0G  78/ 79U [GameAnalyzer] Income advantage is now SlightAdvantage
2023-09-18 20:06:39.991 | 06:34   39ms   54M    0G  77/ 79U [GameAnalyzer] Income advantage is now Even
2023-09-18 20:06:39.995 | 06:34   39ms    4M    0G  77/ 79U [ActUnit] MARINE from BARRACKS at (110.5, 24.5)
2023-09-18 20:06:40.116 | 06:34   38ms   14M    0G  78/ 79U [GameAnalyzer] Income advantage is now SlightAdvantage
2023-09-18 20:06:40.614 | 06:36   30ms   49M    0G  78/ 79U [EnemyArmyPredicter] Predicting negative free minerals for enemy: -661
2023-09-18 20:06:40.875 | 06:37   34ms    9M    0G  78/ 79U [ActUnit] MARINE from BARRACKS at (123.5, 14.5)
2023-09-18 20:06:41.512 | 06:39   36ms   44M    0G  78/ 79U [GameAnalyzer] Income advantage is now SmallAdvantage
2023-09-18 20:06:41.753 | 06:40   45ms   19M    0G  78/ 79U [ActUnit] MARINE from BARRACKS at (124.5, 31.5)
2023-09-18 20:06:42.107 | 06:41   32ms   29M    0G  79/ 87U [EnemyArmyPredicter] Predicting negative free minerals for enemy: -696
2023-09-18 20:06:42.520 | 06:43  101ms    9M    0G  79/ 87U [ActUnit] MARINE from BARRACKS at (112.5, 30.5)
2023-09-18 20:06:43.160 | 06:44   92ms   39M    0G  80/ 87U [GameAnalyzer] Income advantage is now ClearAdvantage
2023-09-18 20:06:43.825 | 06:46  102ms   14M    0G  80/ 87U [ActUnit] MARINE from BARRACKS at (117.5, 32.5)
2023-09-18 20:06:44.000 | 06:47   84ms   19M    0G  81/ 87U [EnemyArmyPredicter] Predicting negative free minerals for enemy: -2075
2023-09-18 20:06:44.647 | 06:49   79ms    9M    0G  80/ 87U [ActUnit] MARINE from BARRACKS at (119.5, 29.5)
2023-09-18 20:06:45.541 | 06:52   69ms   64M    0G  81/ 87U [EnemyArmyPredicter] Predicting negative free minerals for enemy: -2075
2023-09-18 20:06:45.548 | 06:52   69ms   14M    0G  81/ 87U [ActUnit] MARINE from BARRACKS at (110.5, 24.5)
2023-09-18 20:06:46.387 | INFO     | sc2.protocol:_execute:72 - Client status changed to Status.ended (was Status.in_game)
2023-09-18 20:06:46.392 | Result: Victory
2023-09-18 20:06:46.393 | Duration: 06:54
2023-09-18 20:06:46.393 | Step time min: 5
2023-09-18 20:06:46.394 | Step time avg: 23
2023-09-18 20:06:46.394 | Step time max: 107
2023-09-18 20:06:46.395 | [LostUnitsContents] My lost units minerals and gas: (1150, 0)
2023-09-18 20:06:46.396 | [LostUnitsContents] My lost units minerals by score: 1150.0
2023-09-18 20:06:46.397 | [LostUnitsContents] Enemy lost units minerals and gas: (8275, 1000)
2023-09-18 20:06:46.397 | [LostUnitsContents] Enemy lost units minerals by score: 7475.0
2023-09-18 20:06:46.398 | [GameAnalyzerEnd] Own units:
2023-09-18 20:06:46.399 | [GameAnalyzerEnd] MARINE            total:  71 alive:  56 dead:  15 
2023-09-18 20:06:46.399 | [GameAnalyzerEnd] SCV               total:  22 alive:  20 dead:   2 
2023-09-18 20:06:46.400 | [GameAnalyzerEnd] SUPPLYDEPOT       total:   9 alive:   9 dead:   0 
2023-09-18 20:06:46.400 | [GameAnalyzerEnd] BARRACKS          total:   8 alive:   6 dead:   2 
2023-09-18 20:06:46.401 | [GameAnalyzerEnd] ORBITALCOMMAND    total:   1 alive:   1 dead:   0 
2023-09-18 20:06:46.402 | [GameAnalyzerEnd] Enemy units:
2023-09-18 20:06:46.402 | [GameAnalyzerEnd] SCV               total:  46 alive:   1 dead:  45 
2023-09-18 20:06:46.403 | [GameAnalyzerEnd] MARINE            total:  35 alive:   0 dead:  35 
2023-09-18 20:06:46.403 | [GameAnalyzerEnd] SUPPLYDEPOT       total:  10 alive:   1 dead:   9 
2023-09-18 20:06:46.404 | [GameAnalyzerEnd] BARRACKS          total:   9 alive:   1 dead:   8 
2023-09-18 20:06:46.404 | [GameAnalyzerEnd] MARAUDER          total:   4 alive:   0 dead:   4 
2023-09-18 20:06:46.405 | [GameAnalyzerEnd] FACTORY           total:   3 alive:   0 dead:   3 
2023-09-18 20:06:46.405 | [GameAnalyzerEnd] COMMANDCENTER     total:   2 alive:   2 dead:   0 
2023-09-18 20:06:46.406 | [GameAnalyzerEnd] ORBITALCOMMAND    total:   2 alive:   0 dead:   2 
2023-09-18 20:06:46.406 | [GameAnalyzerEnd] MEDIVAC           total:   2 alive:   0 dead:   2 
2023-09-18 20:06:46.407 | [GameAnalyzerEnd] TECHLAB           total:   2 alive:   0 dead:   2 
2023-09-18 20:06:46.407 | [GameAnalyzerEnd] STARPORT          total:   2 alive:   0 dead:   2 
2023-09-18 20:06:46.408 | [GameAnalyzerEnd] REFINERY          total:   2 alive:   0 dead:   2 
2023-09-18 20:06:46.408 | [GameAnalyzerEnd] ENGINEERINGBAY    total:   1 alive:   0 dead:   1 
2023-09-18 20:06:46.409 | [GameAnalyzerEnd] Minerals max 314 Average 124
2023-09-18 20:06:46.409 | [GameAnalyzerEnd] Vespene max 0 Average 0
2023-09-18 20:06:46.410 | INFO     | sc2.main:_play_game:228 - Result for player 2 - Bot LadderBot(Terran): Victory
