2023-09-18 19:17:59.423 | INFO     | sc2.protocol:_execute:72 - Client status changed to Status.in_game (was None)
2023-09-18 19:17:59.424 | INFO     | sc2.main:_play_game:221 - Player 2 - Bot LadderBot(Terran)
2023-09-18 19:17:59.672 | 00:00    0ms    0M    0G  12/ 15U [Version] 4.10.0.75689
2023-09-18 19:17:59.673 | 00:00    0ms    0M    0G  12/ 15U [Version] 5.0.6 Balance mod recognized.
2023-09-18 19:17:59.748 | 00:00    0ms    0M    0G  12/ 15U [ZoneManager] Map set to: MapName.Unknown from name: Royal BloodAIE and hash: 3249828.
2023-09-18 19:18:00.343 | [DataManager] No BuildDetector found, enemy build data cannot be saved
2023-09-18 19:18:00.345 | 00:00    0ms    0M    0G  12/ 15U [Build] Proxy 2 rax bunker rush
2023-09-18 19:18:00.370 | [Start] My race: Terran
2023-09-18 19:18:00.371 | [Start] Opponent race: Terran
2023-09-18 19:18:00.372 | [Start] OpponentId: 1
2023-09-18 19:18:02.606 | 00:16    6ms   15M    0G  13/ 15U [ActUnit] SCV from COMMANDCENTER at (141.5, 122.5)
2023-09-18 19:18:03.805 | 00:29    7ms   95M    0G  14/ 15U [ActUnit] SCV from COMMANDCENTER at (141.5, 122.5)
2023-09-18 19:18:04.795 | 00:39    8ms  205M    0G  15/ 23U [BuildPosition] Building BARRACKS to (102.5, 53.5)
2023-09-18 19:18:05.029 | 00:41    7ms   30M    0G  15/ 23U [ActUnit] SCV from COMMANDCENTER at (141.5, 122.5)
2023-09-18 19:18:07.005 | 00:54   18ms  120M    0G  16/ 23U [ActUnit] SCV from COMMANDCENTER at (141.5, 122.5)
2023-09-18 19:18:09.364 | 01:06   18ms  110M    0G  17/ 23U [ActUnit] SCV from COMMANDCENTER at (141.5, 122.5)
2023-09-18 19:18:10.203 | 01:11   64ms  150M    0G  18/ 23U [BuildPosition] Building BARRACKS to (98.0897070505336, 51.144301356309114)
2023-09-18 19:18:10.845 | 01:15   12ms   55M    0G  18/ 23U [EnemyArmyPredicter] Predicting negative free minerals for enemy: -270
2023-09-18 19:18:11.426 | 01:19   13ms   60M    0G  18/ 23U [ActUnit] SCV from COMMANDCENTER at (141.5, 122.5)
2023-09-18 19:18:11.544 | 01:20   11ms   65M    0G  19/ 23U [EnemyArmyPredicter] Predicting negative free minerals for enemy: -260
2023-09-18 19:18:13.929 | 01:38   13ms  165M    0G  19/ 31U [BuildPosition] Building BARRACKS to (100.53040350710417, 58.09572515009029)
2023-09-18 19:18:14.327 | 01:41   10ms   40M    0G  19/ 31U [GameAnalyzer] Predicted army advantage is now SlightDisadvantage
2023-09-18 19:18:14.384 | 01:42   13ms    0M    0G  19/ 31U [ActUnit] MARINE from BARRACKS at (102.5, 53.5)
2023-09-18 19:18:16.484 | 01:56   12ms  215M    0G  20/ 31U [Building continue] UnitTypeId.ORBITALCOMMAND (141.5, 122.5)
2023-09-18 19:18:16.568 | 01:57   16ms  175M    0G  20/ 31U [ActUnit] SCV from COMMANDCENTER at (141.5, 122.5)
2023-09-18 19:18:16.620 | 01:57   11ms  180M    0G  21/ 31U [GameAnalyzer] Known army advantage is now SlightDisadvantage
2023-09-18 19:18:16.697 | 01:58   14ms  140M    0G  21/ 31U [ActUnit] MARINE from BARRACKS at (98.5, 51.5)
2023-09-18 19:18:17.010 | 02:00   11ms  170M    0G  22/ 31U [GameAnalyzer] Known army advantage is now Even
2023-09-18 19:18:17.013 | 02:00   11ms  120M    0G  22/ 31U [ActUnit] MARINE from BARRACKS at (102.5, 53.5)
2023-09-18 19:18:18.266 | 02:08   13ms  255M    0G  23/ 31U [GameAnalyzer] Known army advantage is now SlightDisadvantage
2023-09-18 19:18:18.353 | 02:09   17ms  260M    0G  23/ 31U [BuildPosition] Building BUNKER to (70.18760948849452, 31.126565071020135)
2023-09-18 19:18:18.631 | 02:10   16ms  195M    0G  23/ 31U [PlanCancelBuilding] Cancelled BUNKER at (70.5, 31.5) with 52.1484375 health
2023-09-18 19:18:19.069 | 02:13   15ms  275M    0G  22/ 31U [ActUnit] SCV from COMMANDCENTER at (141.5, 122.5)
2023-09-18 19:18:19.562 | 02:16   13ms  120M    0G  23/ 31U [ActUnit] MARINE from BARRACKS at (98.5, 51.5)
2023-09-18 19:18:19.950 | 02:18   17ms  145M    0G  24/ 31U [GameAnalyzer] Income advantage is now SmallDisadvantage
2023-09-18 19:18:19.951 | 02:18   17ms  145M    0G  24/ 31U [GameAnalyzer] Known army advantage is now Even
2023-09-18 19:18:19.951 | 02:18   17ms   95M    0G  24/ 31U [ActUnit] MARINE from BARRACKS at (102.5, 53.5)
2023-09-18 19:18:20.930 | 02:24   14ms  110M    0G  24/ 31U [GameAnalyzer] Known army advantage is now SlightDisadvantage
2023-09-18 19:18:20.931 | 02:24   14ms  110M    0G  24/ 31U [GameAnalyzer] Predicted army advantage is now SmallDisadvantage
2023-09-18 19:18:21.083 | 02:25   13ms   60M    0G  24/ 31U [ActUnit] MARINE from BARRACKS at (100.5, 58.5)
2023-09-18 19:18:21.170 | 02:25   19ms   45M    0G  25/ 31U [ActUnit] SCV from COMMANDCENTER at (141.5, 122.5)
2023-09-18 19:18:21.885 | 02:30   14ms  105M    0G  25/ 31U [GameAnalyzer] Predicted army advantage is now SlightDisadvantage
2023-09-18 19:18:22.756 | 02:34   15ms  140M    0G  23/ 31U [ActUnit] MARINE from BARRACKS at (98.5, 51.5)
2023-09-18 19:18:23.102 | 02:37   14ms  120M    0G  24/ 31U [ActUnit] MARINE from BARRACKS at (102.5, 53.5)
2023-09-18 19:18:25.089 | 02:43   18ms   40M    0G  25/ 31U [ActUnit] MARINE from BARRACKS at (100.5, 58.5)
2023-09-18 19:18:26.778 | 02:53   14ms  165M    0G  24/ 39U [ActUnit] MARINE from BARRACKS at (98.5, 51.5)
2023-09-18 19:18:27.161 | 02:55   16ms  190M    0G  25/ 39U [GameAnalyzer] Known army advantage is now Even
2023-09-18 19:18:27.162 | 02:55   16ms  140M    0G  25/ 39U [ActUnit] MARINE from BARRACKS at (102.5, 53.5)
2023-09-18 19:18:27.373 | 02:56   15ms  165M    0G  26/ 39U [GameAnalyzer] Known army advantage is now SlightAdvantage
2023-09-18 19:18:27.375 | 02:56   15ms  165M    0G  26/ 39U [GameAnalyzer] Predicted army advantage is now Even
2023-09-18 19:18:27.808 | 02:59   71ms  225M    0G  26/ 39U [GameAnalyzer] Predicted army advantage is now SlightDisadvantage
2023-09-18 19:18:28.347 | 03:02   15ms   70M    0G  25/ 39U [ActUnit] MARINE from BARRACKS at (100.5, 58.5)
2023-09-18 19:18:28.514 | 03:03   14ms   30M    0G  26/ 39U [ActUnit] MARINE from BARRACKS at (141.5, 113.5)
2023-09-18 19:18:30.026 | 03:11   17ms  180M    0G  27/ 39U [GameAnalyzer] Predicted army advantage is now Even
2023-09-18 19:18:30.028 | 03:11   17ms  130M    0G  27/ 39U [ActUnit] MARINE from BARRACKS at (98.5, 51.5)
2023-09-18 19:18:30.242 | 03:12   13ms  160M    0G  28/ 39U [GameAnalyzer] Predicted army advantage is now SlightAdvantage
2023-09-18 19:18:30.394 | 03:13   13ms  115M    0G  28/ 39U [ActUnit] MARINE from BARRACKS at (102.5, 53.5)
2023-09-18 19:18:30.400 | 03:13   13ms  115M    0G  28/ 39U [DodgeRampAttack] Power 4.07 is larger than required attack power 3.00 -> attack!
2023-09-18 19:18:30.401 | 03:13   13ms  115M    0G  28/ 39U [DodgeRampAttack] Attack started at 4.07 power.
2023-09-18 19:18:31.618 | 03:20   17ms  240M    0G  29/ 39U [GameAnalyzer] Known army advantage is now SmallAdvantage
2023-09-18 19:18:31.619 | 03:20   17ms  240M    0G  29/ 39U [GameAnalyzer] Predicted army advantage is now SmallAdvantage
2023-09-18 19:18:31.620 | 03:20   17ms  190M    0G  29/ 39U [ActUnit] MARINE from BARRACKS at (100.5, 58.5)
2023-09-18 19:18:31.778 | 03:21   17ms  160M    0G  30/ 39U [ActUnit] MARINE from BARRACKS at (141.5, 113.5)
2023-09-18 19:18:33.207 | 03:29   15ms  265M    0G  31/ 39U [ActUnit] MARINE from BARRACKS at (98.5, 51.5)
2023-09-18 19:18:33.599 | 03:32   21ms  265M    0G  32/ 39U [ActUnit] MARINE from BARRACKS at (102.5, 53.5)
2023-09-18 19:18:33.672 | 03:32   18ms  125M    0G  33/ 39U [ActUnit] MARINE from BARRACKS at (132.5, 121.5)
2023-09-18 19:18:34.855 | 03:38   15ms  170M    0G  34/ 39U [ActUnit] MARINE from BARRACKS at (100.5, 58.5)
2023-09-18 19:18:35.028 | 03:39   15ms  160M    0G  35/ 39U [ActUnit] MARINE from BARRACKS at (141.5, 113.5)
2023-09-18 19:18:37.693 | 03:48   24ms  315M    0G  36/ 39U [GameAnalyzer] Known army advantage is now ClearAdvantage
2023-09-18 19:18:37.694 | 03:48   24ms  315M    0G  36/ 39U [GameAnalyzer] Predicted army advantage is now ClearAdvantage
2023-09-18 19:18:37.695 | 03:48   24ms  265M    0G  36/ 39U [ActUnit] MARINE from BARRACKS at (98.5, 51.5)
2023-09-18 19:18:37.776 | 03:48   21ms  220M    0G  37/ 39U [ActUnit] MARINE from BARRACKS at (140.5, 131.5)
2023-09-18 19:18:37.886 | 03:49   20ms  230M    0G  38/ 39U [GameAnalyzer] Income advantage is now Even
2023-09-18 19:18:38.150 | 03:50   17ms  205M    0G  37/ 39U [ActUnit] MARINE from BARRACKS at (102.5, 53.5)
2023-09-18 19:18:38.253 | 03:50   24ms  160M    0G  38/ 39U [ActUnit] MARINE from BARRACKS at (132.5, 121.5)
2023-09-18 19:18:40.099 | 04:00   20ms  285M    0G  39/ 47U [ActUnit] MARINE from BARRACKS at (141.5, 113.5)
2023-09-18 19:18:40.170 | 04:00   22ms  245M    0G  40/ 47U [ActUnit] MARINE from BARRACKS at (100.5, 58.5)
2023-09-18 19:18:41.098 | 04:06   20ms   65M    0G  41/ 47U [GameAnalyzer] Predicted army advantage is now Even
2023-09-18 19:18:41.100 | 04:06   20ms   15M    0G  41/ 47U [ActUnit] MARINE from BARRACKS at (98.5, 51.5)
2023-09-18 19:18:41.197 | 04:06   28ms   20M    0G  42/ 47U [GameAnalyzer] Predicted army advantage is now SlightAdvantage
2023-09-18 19:18:41.276 | 04:07   24ms   70M    0G  42/ 47U [ActUnit] MARINE from BARRACKS at (140.5, 131.5)
2023-09-18 19:18:41.565 | 04:08   25ms   45M    0G  43/ 47U [ActUnit] MARINE from BARRACKS at (102.5, 53.5)
2023-09-18 19:18:41.646 | 04:09   25ms    5M    0G  44/ 47U [ActUnit] MARINE from BARRACKS at (132.5, 121.5)
2023-09-18 19:18:43.417 | 04:18   22ms  180M    0G  44/ 47U [GameAnalyzer] Predicted army advantage is now SmallAdvantage
2023-09-18 19:18:43.419 | 04:18   22ms  130M    0G  44/ 47U [ActUnit] MARINE from BARRACKS at (141.5, 113.5)
2023-09-18 19:18:43.508 | 04:18   28ms   80M    0G  45/ 47U [ActUnit] MARINE from BARRACKS at (100.5, 58.5)
2023-09-18 19:18:44.310 | 04:22   23ms  160M    0G  45/ 47U [EnemyArmyPredicter] Predicting negative free minerals for enemy: -42
2023-09-18 19:18:44.311 | 04:22   23ms  160M    0G  45/ 47U [GameAnalyzer] Predicted army advantage is now ClearAdvantage
2023-09-18 19:18:44.819 | 04:24   26ms  155M    0G  45/ 55U [ActUnit] MARINE from BARRACKS at (98.5, 51.5)
2023-09-18 19:18:45.020 | 04:25   29ms  115M    0G  46/ 55U [ActUnit] MARINE from BARRACKS at (140.5, 131.5)
2023-09-18 19:18:45.284 | 04:26   25ms  135M    0G  47/ 55U [GameAnalyzer] Known army advantage is now OverwhelmingAdvantage
2023-09-18 19:18:45.285 | 04:26   25ms  135M    0G  47/ 55U [GameAnalyzer] Predicted army advantage is now OverwhelmingAdvantage
2023-09-18 19:18:45.286 | 04:26   25ms   85M    0G  47/ 55U [ActUnit] MARINE from BARRACKS at (102.5, 53.5)
2023-09-18 19:18:45.374 | 04:27   32ms   45M    0G  48/ 55U [ActUnit] MARINE from BARRACKS at (132.5, 121.5)
2023-09-18 19:18:45.464 | 04:27   28ms   75M    0G  49/ 55U [EnemyArmyPredicter] Predicting negative free minerals for enemy: -603
2023-09-18 19:18:46.573 | 04:33   27ms  155M    0G  49/ 63U [EnemyArmyPredicter] Predicting negative free minerals for enemy: -639
2023-09-18 19:18:47.321 | 04:36   30ms  200M    0G  49/ 63U [ActUnit] MARINE from BARRACKS at (141.5, 113.5)
2023-09-18 19:18:47.426 | 04:37   34ms  150M    0G  50/ 63U [ActUnit] MARINE from BARRACKS at (100.5, 58.5)
2023-09-18 19:18:47.714 | 04:38   27ms  180M    0G  51/ 63U [EnemyArmyPredicter] Predicting negative free minerals for enemy: -2990
2023-09-18 19:18:48.711 | 04:43   25ms  230M    0G  51/ 63U [ActUnit] MARINE from BARRACKS at (98.5, 51.5)
2023-09-18 19:18:48.902 | 04:43   25ms  245M    0G  52/ 63U [EnemyArmyPredicter] Predicting negative free minerals for enemy: -3095
2023-09-18 19:18:48.905 | 04:43   25ms  195M    0G  52/ 63U [ActUnit] MARINE from BARRACKS at (140.5, 131.5)
2023-09-18 19:18:49.211 | 04:45   31ms  160M    0G  53/ 63U [ActUnit] MARINE from BARRACKS at (102.5, 53.5)
2023-09-18 19:18:49.306 | 04:45   31ms  120M    0G  54/ 63U [ActUnit] MARINE from BARRACKS at (132.5, 121.5)
2023-09-18 19:18:50.079 | 04:49   27ms  205M    0G  55/ 63U [EnemyArmyPredicter] Predicting negative free minerals for enemy: -2310
2023-09-18 19:18:51.290 | 04:54   26ms  300M    0G  55/ 63U [EnemyArmyPredicter] Predicting negative free minerals for enemy: -2350
2023-09-18 19:18:51.404 | 04:55   35ms  250M    0G  55/ 63U [ActUnit] MARINE from BARRACKS at (141.5, 113.5)
2023-09-18 19:18:51.501 | 04:55   30ms  215M    0G  56/ 63U [ActUnit] MARINE from BARRACKS at (100.5, 58.5)
2023-09-18 19:18:52.495 | 05:00   27ms   15M    0G  57/ 63U [EnemyArmyPredicter] Predicting negative free minerals for enemy: -2425
2023-09-18 19:18:53.031 | 05:02   35ms   10M    0G  57/ 63U [ActUnit] MARINE from BARRACKS at (140.5, 131.5)
2023-09-18 19:18:53.330 | 05:03   30ms  100M    0G  58/ 63U [ActUnit] MARINE from BARRACKS at (102.5, 53.5)
2023-09-18 19:18:54.270 | 05:04   39ms   50M    0G  58/ 63U [ActUnit] MARINE from BARRACKS at (98.5, 51.5)
2023-09-18 19:18:54.370 | 05:04   32ms   10M    0G  59/ 63U [ActUnit] MARINE from BARRACKS at (132.5, 121.5)
2023-09-18 19:18:54.579 | 05:05   27ms   20M    0G  60/ 63U [EnemyArmyPredicter] Predicting negative free minerals for enemy: -1280
2023-09-18 19:18:55.103 | 05:07   32ms   60M    0G  60/ 63U [GameAnalyzer] Income advantage is now SlightAdvantage
2023-09-18 19:18:55.828 | 05:10   26ms  125M    0G  60/ 63U [EnemyArmyPredicter] Predicting negative free minerals for enemy: -400
2023-09-18 19:18:56.458 | 05:13   27ms  120M    0G  60/ 63U [ActUnit] MARINE from BARRACKS at (141.5, 113.5)
2023-09-18 19:18:56.570 | 05:13   37ms   80M    0G  61/ 63U [ActUnit] MARINE from BARRACKS at (100.5, 58.5)
2023-09-18 19:18:57.093 | 05:16   27ms  115M    0G  62/ 63U [EnemyArmyPredicter] Predicting negative free minerals for enemy: -695
2023-09-18 19:18:57.817 | 05:19   29ms  175M    0G  62/ 63U [GameAnalyzer] Income advantage is now SmallAdvantage
2023-09-18 19:18:58.258 | 05:20   75ms  140M    0G  62/ 63U [ActUnit] MARINE from BARRACKS at (140.5, 131.5)
2023-09-18 19:18:58.498 | 05:21   77ms  160M    0G  63/ 71U [EnemyArmyPredicter] Predicting negative free minerals for enemy: -631
2023-09-18 19:18:58.632 | 05:21   42ms  110M    0G  63/ 71U [ActUnit] MARINE from BARRACKS at (102.5, 53.5)
2023-09-18 19:18:58.726 | 05:22   82ms   65M    0G  64/ 71U [ActUnit] MARINE from BARRACKS at (98.5, 51.5)
2023-09-18 19:18:58.820 | 05:22   39ms   25M    0G  65/ 71U [ActUnit] MARINE from BARRACKS at (132.5, 121.5)
2023-09-18 19:18:59.790 | 05:26   32ms   90M    0G  66/ 79U [EnemyArmyPredicter] Predicting negative free minerals for enemy: -566
2023-09-18 19:19:00.981 | 05:31   45ms  125M    0G  66/ 79U [ActUnit] MARINE from BARRACKS at (141.5, 113.5)
2023-09-18 19:19:01.117 | 05:32   48ms  130M    0G  67/ 79U [EnemyArmyPredicter] Predicting negative free minerals for enemy: -552
2023-09-18 19:19:01.119 | 05:32   48ms   80M    0G  67/ 79U [ActUnit] MARINE from BARRACKS at (100.5, 58.5)
2023-09-18 19:19:02.236 | 05:37   39ms  165M    0G  68/ 79U [GameAnalyzer] Income advantage is now ClearAdvantage
2023-09-18 19:19:02.324 | 05:37   33ms  175M    0G  68/ 79U [EnemyArmyPredicter] Predicting negative free minerals for enemy: -745
2023-09-18 19:19:02.733 | 05:38   80ms  145M    0G  68/ 79U [ActUnit] MARINE from BARRACKS at (140.5, 131.5)
2023-09-18 19:19:03.062 | 05:40   77ms  115M    0G  69/ 79U [ActUnit] MARINE from BARRACKS at (102.5, 53.5)
2023-09-18 19:19:03.151 | 05:40   51ms   65M    0G  70/ 79U [ActUnit] MARINE from BARRACKS at (98.5, 51.5)
2023-09-18 19:19:03.256 | 05:41   35ms   25M    0G  71/ 79U [ActUnit] MARINE from BARRACKS at (132.5, 121.5)
2023-09-18 19:19:03.762 | 05:42   76ms   55M    0G  72/ 79U [EnemyArmyPredicter] Predicting negative free minerals for enemy: -795
2023-09-18 19:19:04.350 | INFO     | sc2.protocol:_execute:72 - Client status changed to Status.ended (was Status.in_game)
2023-09-18 19:19:04.355 | Result: Victory
2023-09-18 19:19:04.355 | Duration: 05:44
2023-09-18 19:19:04.356 | Step time min: 6
2023-09-18 19:19:04.357 | Step time avg: 22
2023-09-18 19:19:04.357 | Step time max: 96
2023-09-18 19:19:04.359 | [LostUnitsContents] My lost units minerals and gas: (625.0, 0.0)
2023-09-18 19:19:04.360 | [LostUnitsContents] My lost units minerals by score: 525.0
2023-09-18 19:19:04.361 | [LostUnitsContents] Enemy lost units minerals and gas: (6200, 450)
2023-09-18 19:19:04.361 | [LostUnitsContents] Enemy lost units minerals by score: 5250.0
2023-09-18 19:19:04.362 | [GameAnalyzerEnd] Own units:
2023-09-18 19:19:04.363 | [GameAnalyzerEnd] MARINE            total:  56 alive:  46 dead:  10 
2023-09-18 19:19:04.363 | [GameAnalyzerEnd] SCV               total:  22 alive:  20 dead:   2 
2023-09-18 19:19:04.364 | [GameAnalyzerEnd] SUPPLYDEPOT       total:   8 alive:   8 dead:   0 
2023-09-18 19:19:04.365 | [GameAnalyzerEnd] BARRACKS          total:   6 alive:   6 dead:   0 
2023-09-18 19:19:04.365 | [GameAnalyzerEnd] ORBITALCOMMAND    total:   1 alive:   1 dead:   0 
2023-09-18 19:19:04.366 | [GameAnalyzerEnd] BUNKER            total:   1 alive:   0 dead:   1 
2023-09-18 19:19:04.366 | [GameAnalyzerEnd] Enemy units:
2023-09-18 19:19:04.367 | [GameAnalyzerEnd] SCV               total:  36 alive:   0 dead:  36 
2023-09-18 19:19:04.367 | [GameAnalyzerEnd] MARINE            total:  24 alive:   0 dead:  24 
2023-09-18 19:19:04.368 | [GameAnalyzerEnd] SUPPLYDEPOT       total:   9 alive:   1 dead:   8 
2023-09-18 19:19:04.368 | [GameAnalyzerEnd] BARRACKS          total:   4 alive:   0 dead:   4 
2023-09-18 19:19:04.369 | [GameAnalyzerEnd] ENGINEERINGBAY    total:   3 alive:   0 dead:   3 
2023-09-18 19:19:04.369 | [GameAnalyzerEnd] COMMANDCENTER     total:   2 alive:   1 dead:   1 
2023-09-18 19:19:04.370 | [GameAnalyzerEnd] MARAUDER          total:   2 alive:   0 dead:   2 
2023-09-18 19:19:04.370 | [GameAnalyzerEnd] REFINERY          total:   2 alive:   0 dead:   2 
2023-09-18 19:19:04.371 | [GameAnalyzerEnd] TECHLAB           total:   1 alive:   0 dead:   1 
2023-09-18 19:19:04.371 | [GameAnalyzerEnd] FACTORY           total:   1 alive:   0 dead:   1 
2023-09-18 19:19:04.372 | [GameAnalyzerEnd] MEDIVAC           total:   1 alive:   0 dead:   1 
2023-09-18 19:19:04.373 | [GameAnalyzerEnd] STARPORT          total:   1 alive:   0 dead:   1 
2023-09-18 19:19:04.373 | [GameAnalyzerEnd] ORBITALCOMMAND    total:   1 alive:   0 dead:   1 
2023-09-18 19:19:04.374 | [GameAnalyzerEnd] Minerals max 330 Average 133
2023-09-18 19:19:04.375 | [GameAnalyzerEnd] Vespene max 0 Average 0
2023-09-18 19:19:04.376 | INFO     | sc2.main:_play_game:228 - Result for player 2 - Bot LadderBot(Terran): Victory
