2023-09-18 14:15:31.591 | INFO     | sc2.protocol:_execute:72 - Client status changed to Status.in_game (was None)
2023-09-18 14:15:31.592 | INFO     | sc2.main:_play_game:221 - Player 2 - Bot LadderBot(Protoss)
2023-09-18 14:15:31.844 | 00:00    0ms    0M    0G  12/ 15U [Version] 4.10.0.75689
2023-09-18 14:15:31.845 | 00:00    0ms    0M    0G  12/ 15U [Version] 5.0.6 Balance mod recognized.
2023-09-18 14:15:31.907 | 00:00    0ms    0M    0G  12/ 15U [ZoneManager] Map set to: MapName.Unknown from name: GresvanAIE and hash: 3547936.
2023-09-18 14:15:32.580 | [DataManager] No BuildDetector found, enemy build data cannot be saved
2023-09-18 14:15:33.282 | [Start] My race: Protoss
2023-09-18 14:15:33.283 | [Start] Opponent race: Terran
2023-09-18 14:15:33.283 | [Start] OpponentId: 1
2023-09-18 14:15:34.508 | 00:12    6ms   55M    0G  13/ 15U [ProtossUnit] PROBE from NEXUS at (161.5, 42.5)
2023-09-18 14:15:35.686 | 00:25    6ms   40M    0G  14/ 15U [ProtossUnit] PROBE from NEXUS at (161.5, 42.5)
2023-09-18 14:15:37.375 | 00:37   24ms   35M    0G  15/ 23U [ProtossUnit] PROBE from NEXUS at (161.5, 42.5)
2023-09-18 14:15:38.675 | 00:50    6ms  165M    0G  16/ 23U [ProtossUnit] PROBE from NEXUS at (161.5, 42.5)
2023-09-18 14:15:48.295 | 01:42    8ms  235M    0G  17/ 31U [ProtossUnit] ZEALOT from GATEWAY at (71.5, 99.5)
2023-09-18 14:15:48.344 | 01:43    9ms  245M    0G  19/ 31U [ChronoUnit] Chrono GATEWAYTRAIN_ZEALOT
2023-09-18 14:15:49.538 | 01:52    9ms  280M    0G  19/ 31U [ProtossUnit] ZEALOT from GATEWAY at (71.5, 102.5)
2023-09-18 14:15:49.588 | 01:52    8ms  285M    0G  21/ 31U [ChronoUnit] Chrono GATEWAYTRAIN_ZEALOT
2023-09-18 14:15:51.057 | 02:00    8ms  425M    0G  21/ 31U [GameAnalyzer] Known army advantage is now SlightAdvantage
2023-09-18 14:15:51.058 | 02:00    8ms  425M    0G  21/ 31U [GameAnalyzer] Predicted army advantage is now SlightAdvantage
2023-09-18 14:15:51.058 | 02:00    8ms  325M    0G  21/ 31U [ProtossUnit] ZEALOT from GATEWAY at (71.5, 99.5)
2023-09-18 14:15:51.114 | 02:01   11ms  225M    0G  23/ 31U [ProtossUnit] ZEALOT from GATEWAY at (68.5, 99.5)
2023-09-18 14:15:52.003 | 02:07    9ms  215M    0G  25/ 31U [ChronoUnit] Chrono GATEWAYTRAIN_ZEALOT
2023-09-18 14:15:52.459 | 02:10    8ms  165M    0G  25/ 31U [ProtossUnit] ZEALOT from GATEWAY at (71.5, 102.5)
2023-09-18 14:15:52.987 | 02:13   58ms  105M    0G  27/ 31U [ProtossUnit] ZEALOT from GATEWAY at (68.5, 102.5)
2023-09-18 14:15:54.918 | 02:20   73ms  115M    0G  29/ 31U [GameAnalyzer] Known army advantage is now SmallAdvantage
2023-09-18 14:15:54.920 | 02:20   73ms  115M    0G  29/ 31U [GameAnalyzer] Predicted army advantage is now SmallAdvantage
2023-09-18 14:15:54.921 | 02:20   73ms   15M    0G  29/ 31U [ProtossUnit] ZEALOT from GATEWAY at (71.5, 99.5)
2023-09-18 14:15:57.022 | 02:28   78ms   35M    0G  31/ 39U [ProtossUnit] ZEALOT from GATEWAY at (68.5, 99.5)
2023-09-18 14:15:59.168 | 02:36   73ms   70M    0G  33/ 47U [ProtossUnit] ZEALOT from GATEWAY at (71.5, 102.5)
2023-09-18 14:15:59.173 | 02:36   73ms   70M    0G  33/ 47U [PlanZoneAttack] Power 9.18 is larger than required attack power 7.00 -> attack!
2023-09-18 14:15:59.173 | 02:36   73ms   70M    0G  33/ 47U [PlanZoneAttack] Attack started at 9.18 power.
2023-09-18 14:16:00.077 | 02:40   73ms  125M    0G  35/ 47U [GameAnalyzer] Known army advantage is now ClearAdvantage
2023-09-18 14:16:00.083 | 02:40   73ms  125M    0G  35/ 47U [GameAnalyzer] Predicted army advantage is now ClearAdvantage
2023-09-18 14:16:00.085 | 02:40   73ms   25M    0G  35/ 47U [ProtossUnit] ZEALOT from GATEWAY at (68.5, 102.5)
2023-09-18 14:16:02.293 | 02:45   74ms   15M    0G  37/ 47U [ProtossUnit] ZEALOT from GATEWAY at (71.5, 99.5)
2023-09-18 14:16:04.273 | 02:54   61ms   40M    0G  39/ 47U [GameAnalyzer] Income advantage is now SlightDisadvantage
2023-09-18 14:16:05.401 | 02:58   74ms    5M    0G  39/ 47U [ProtossUnit] ZEALOT from GATEWAY at (68.5, 99.5)
2023-09-18 14:16:06.918 | 03:03   58ms    0M    0G  41/ 47U [ProtossUnit] ZEALOT from GATEWAY at (71.5, 102.5)
2023-09-18 14:16:07.912 | 03:07   76ms   60M    0G  43/ 47U [GameAnalyzer] Income advantage is now Even
2023-09-18 14:16:08.639 | 03:10   70ms    0M    0G  43/ 47U [ProtossUnit] ZEALOT from GATEWAY at (68.5, 102.5)
2023-09-18 14:16:08.642 | 03:10   70ms    0M    0G  43/ 47U [ChronoUnit] Chrono GATEWAYTRAIN_ZEALOT
2023-09-18 14:16:09.078 | 03:12   10ms   40M    0G  45/ 47U [GameAnalyzer] Known army advantage is now OverwhelmingAdvantage
2023-09-18 14:16:09.080 | 03:12   10ms   40M    0G  45/ 47U [GameAnalyzer] Predicted army advantage is now OverwhelmingAdvantage
2023-09-18 14:16:10.129 | 03:17   16ms    0M    0G  45/ 55U [ProtossUnit] ZEALOT from GATEWAY at (71.5, 99.5)
2023-09-18 14:16:10.740 | 03:19   81ms   40M    0G  47/ 55U [GameAnalyzer] Income advantage is now SmallAdvantage
2023-09-18 14:16:11.101 | 03:21   20ms   65M    0G  47/ 55U [GameAnalyzer] Income advantage is now SlightAdvantage
2023-09-18 14:16:11.471 | 03:23   16ms  100M    0G  47/ 55U [EnemyArmyPredicter] Predicting negative free minerals for enemy: -290
2023-09-18 14:16:11.472 | 03:23   16ms    0M    0G  47/ 55U [ProtossUnit] ZEALOT from GATEWAY at (68.5, 99.5)
2023-09-18 14:16:12.306 | 03:28   15ms   85M    0G  49/ 55U [EnemyArmyPredicter] Predicting negative free minerals for enemy: -426
2023-09-18 14:16:12.308 | 03:28   15ms   85M    0G  49/ 55U [GameAnalyzer] Income advantage is now Even
2023-09-18 14:16:12.803 | 03:31   15ms   30M    0G  49/ 55U [GameAnalyzer] Income advantage is now SlightDisadvantage
2023-09-18 14:16:12.947 | 03:32   14ms   40M    0G  49/ 55U [GameAnalyzer] Income advantage is now Even
2023-09-18 14:16:13.237 | 03:34   16ms   60M    0G  49/ 55U [EnemyArmyPredicter] Predicting negative free minerals for enemy: -1111
2023-09-18 14:16:13.654 | 03:36   17ms    0M    0G  49/ 55U [ProtossUnit] ZEALOT from GATEWAY at (71.5, 102.5)
2023-09-18 14:16:14.143 | 03:39   12ms   40M    0G  51/ 55U [EnemyArmyPredicter] Predicting negative free minerals for enemy: -1097
2023-09-18 14:16:14.337 | 03:40   12ms    0M    0G  51/ 55U [BuildGas] Building ASSIMILATOR to (154.5, 39.5)
2023-09-18 14:16:14.949 | 03:45   10ms   50M    0G  51/ 55U [EnemyArmyPredicter] Predicting negative free minerals for enemy: -630
2023-09-18 14:16:14.952 | 03:45   10ms    0M    0G  51/ 55U [ActUnit] PROBE from NEXUS at (161.5, 42.5)
2023-09-18 14:16:15.452 | 03:47   11ms   40M    0G  52/ 55U [GameAnalyzer] Income advantage is now SlightDisadvantage
2023-09-18 14:16:16.232 | 03:52   12ms  115M    0G  52/ 63U [GameAnalyzer] Income advantage is now Even
2023-09-18 14:16:17.211 | 03:57   14ms   60M    0G  52/ 63U [ActUnit] PROBE from NEXUS at (161.5, 42.5)
2023-09-18 14:16:17.842 | 04:01   14ms  210M    0G  53/ 63U [EnemyArmyPredicter] Predicting negative free minerals for enemy: -135
2023-09-18 14:16:17.843 | 04:01   14ms  210M    0G  53/ 63U [GameAnalyzer] Income advantage is now SlightAdvantage
2023-09-18 14:16:17.984 | 04:01   14ms  220M    0G  53/ 63U [GameAnalyzer] Income advantage is now SmallAdvantage
2023-09-18 14:16:18.639 | 04:06   14ms  300M    0G  53/ 63U [EnemyArmyPredicter] Predicting negative free minerals for enemy: -110
2023-09-18 14:16:19.136 | 04:10   13ms  205M    0G  53/ 63U [ActUnit] PROBE from NEXUS at (161.5, 42.5)
2023-09-18 14:16:19.385 | 04:11   13ms  195M    0G  54/ 63U [EnemyArmyPredicter] Predicting negative free minerals for enemy: -46
2023-09-18 14:16:19.673 | 04:14   14ms  225M    0G  54/ 63U [ChronoUnit] Chrono NEXUSTRAIN_PROBE
2023-09-18 14:16:20.436 | 04:19   12ms  160M    0G  54/ 63U [ActUnit] PROBE from NEXUS at (161.5, 42.5)
2023-09-18 14:16:23.034 | 04:33   43ms  490M    0G  55/ 63U [EnemyArmyPredicter] Predicting negative free minerals for enemy: -110
2023-09-18 14:16:23.040 | 04:33   43ms  490M    0G  55/ 63U [GameAnalyzer] Income advantage is now ClearAdvantage
2023-09-18 14:16:23.212 | 04:34   15ms  410M    0G  55/ 63U [Expand] Expanding to (163.5, 74.5)
2023-09-18 14:16:23.697 | 04:36   64ms    0M    0G  55/ 63U [ActUnit] PROBE from NEXUS at (161.5, 42.5)
2023-09-18 14:16:24.050 | 04:38   21ms  145M    0G  56/ 63U [EnemyArmyPredicter] Predicting negative free minerals for enemy: -110
2023-09-18 14:16:24.441 | 04:40   17ms    0M    0G  56/ 63U [BuildGas] Building ASSIMILATOR to (157.5, 35.5)
2023-09-18 14:16:24.972 | 04:43   65ms  155M    0G  56/ 63U [EnemyArmyPredicter] Predicting negative free minerals for enemy: -110
2023-09-18 14:16:26.037 | 04:49   54ms   45M    0G  56/ 63U [EnemyArmyPredicter] Predicting negative free minerals for enemy: -110
2023-09-18 14:16:27.285 | 04:54   61ms  130M    0G  56/ 63U [EnemyArmyPredicter] Predicting negative free minerals for enemy: -110
2023-09-18 14:16:27.876 | INFO     | sc2.protocol:_execute:72 - Client status changed to Status.ended (was Status.in_game)
2023-09-18 14:16:27.880 | Result: Victory
2023-09-18 14:16:27.880 | Duration: 04:56
2023-09-18 14:16:27.881 | Step time min: 6
2023-09-18 14:16:27.881 | Step time avg: 32
2023-09-18 14:16:27.882 | Step time max: 92
2023-09-18 14:16:27.882 | [LostUnitsContents] My lost units minerals and gas: (0, 0)
2023-09-18 14:16:27.883 | [LostUnitsContents] My lost units minerals by score: 0.0
2023-09-18 14:16:27.884 | [LostUnitsContents] Enemy lost units minerals and gas: (4675, 200)
2023-09-18 14:16:27.884 | [LostUnitsContents] Enemy lost units minerals by score: 3750.0
2023-09-18 14:16:27.885 | [GameAnalyzerEnd] Own units:
2023-09-18 14:16:27.885 | [GameAnalyzerEnd] PROBE             total:  22 alive:  22 dead:   0 
2023-09-18 14:16:27.886 | [GameAnalyzerEnd] ZEALOT            total:  17 alive:  17 dead:   0 
2023-09-18 14:16:27.887 | [GameAnalyzerEnd] PYLON             total:   7 alive:   7 dead:   0 
2023-09-18 14:16:27.887 | [GameAnalyzerEnd] GATEWAY           total:   4 alive:   4 dead:   0 
2023-09-18 14:16:27.888 | [GameAnalyzerEnd] ASSIMILATOR       total:   2 alive:   2 dead:   0 
2023-09-18 14:16:27.888 | [GameAnalyzerEnd] NEXUS             total:   2 alive:   2 dead:   0 
2023-09-18 14:16:27.889 | [GameAnalyzerEnd] CYBERNETICSCORE   total:   1 alive:   1 dead:   0 
2023-09-18 14:16:27.889 | [GameAnalyzerEnd] Enemy units:
2023-09-18 14:16:27.890 | [GameAnalyzerEnd] SCV               total:  29 alive:   1 dead:  28 
2023-09-18 14:16:27.890 | [GameAnalyzerEnd] MARINE            total:  14 alive:   0 dead:  14 
2023-09-18 14:16:27.891 | [GameAnalyzerEnd] BARRACKS          total:   6 alive:   0 dead:   6 
2023-09-18 14:16:27.891 | [GameAnalyzerEnd] SUPPLYDEPOT       total:   4 alive:   1 dead:   3 
2023-09-18 14:16:27.892 | [GameAnalyzerEnd] COMMANDCENTER     total:   2 alive:   0 dead:   2 
2023-09-18 14:16:27.893 | [GameAnalyzerEnd] REFINERY          total:   2 alive:   0 dead:   2 
2023-09-18 14:16:27.893 | [GameAnalyzerEnd] ORBITALCOMMAND    total:   1 alive:   0 dead:   1 
2023-09-18 14:16:27.894 | [GameAnalyzerEnd] FACTORY           total:   1 alive:   0 dead:   1 
2023-09-18 14:16:27.894 | [GameAnalyzerEnd] TECHLAB           total:   1 alive:   0 dead:   1 
2023-09-18 14:16:27.895 | [GameAnalyzerEnd] Minerals max 490 Average 133
2023-09-18 14:16:27.895 | [GameAnalyzerEnd] Vespene max 0 Average 0
2023-09-18 14:16:27.896 | INFO     | sc2.main:_play_game:228 - Result for player 2 - Bot LadderBot(Protoss): Victory
