2023-09-18 07:48:04.859 | INFO     | sc2.protocol:_execute:72 - Client status changed to Status.in_game (was None)
2023-09-18 07:48:04.860 | INFO     | sc2.main:_play_game:221 - Player 2 - Bot LadderBot(Protoss)
2023-09-18 07:48:05.137 | 00:00    0ms    0M    0G  12/ 15U [Version] 4.10.0.75689
2023-09-18 07:48:05.138 | 00:00    0ms    0M    0G  12/ 15U [Version] 5.0.6 Balance mod recognized.
2023-09-18 07:48:05.240 | 00:00    0ms    0M    0G  12/ 15U [ZoneManager] Map set to: MapName.Unknown from name: Dragon ScalesAIE and hash: 3095225.
2023-09-18 07:48:06.215 | [DataManager] No BuildDetector found, enemy build data cannot be saved
2023-09-18 07:48:07.278 | [Start] My race: Protoss
2023-09-18 07:48:07.279 | [Start] Opponent race: Terran
2023-09-18 07:48:07.280 | [Start] OpponentId: 1
2023-09-18 07:48:08.789 | 00:16    6ms    5M    0G  13/ 15U [ProtossUnit] PROBE from NEXUS at (76.5, 154.5)
2023-09-18 07:48:10.025 | 00:31    6ms    0M    0G  14/ 15U [ProtossUnit] PROBE from NEXUS at (76.5, 154.5)
2023-09-18 07:48:11.114 | 00:43    6ms  115M    0G  15/ 23U [ProtossUnit] PROBE from NEXUS at (76.5, 154.5)
2023-09-18 07:48:12.260 | 00:56    6ms   80M    0G  16/ 31U [ProtossUnit] PROBE from NEXUS at (76.5, 154.5)
2023-09-18 07:48:19.674 | 01:35   57ms   85M    0G  17/ 31U [ProtossUnit] ZEALOT from GATEWAY at (144.5, 87.5)
2023-09-18 07:48:19.775 | 01:35   35ms  100M    0G  19/ 31U [ChronoUnit] Chrono GATEWAYTRAIN_ZEALOT
2023-09-18 07:48:21.994 | 01:48    7ms  190M    0G  19/ 31U [ProtossUnit] ZEALOT from GATEWAY at (144.5, 90.5)
2023-09-18 07:48:22.047 | INFO     | sc2.protocol:_execute:72 - Client status changed to Status.ended (was Status.in_game)
2023-09-18 07:48:22.051 | Result: Victory
2023-09-18 07:48:22.052 | Duration: 01:48
2023-09-18 07:48:22.052 | Step time min: 6
2023-09-18 07:48:22.053 | Step time avg: 23
2023-09-18 07:48:22.053 | Step time max: 79
2023-09-18 07:48:22.054 | [LostUnitsContents] My lost units minerals and gas: (0, 0)
2023-09-18 07:48:22.054 | [LostUnitsContents] My lost units minerals by score: 0.0
2023-09-18 07:48:22.055 | [LostUnitsContents] Enemy lost units minerals and gas: (0, 0)
2023-09-18 07:48:22.055 | [LostUnitsContents] Enemy lost units minerals by score: 0.0
2023-09-18 07:48:22.056 | [GameAnalyzerEnd] Own units:
2023-09-18 07:48:22.056 | [GameAnalyzerEnd] PROBE             total:  17 alive:  17 dead:   0 
2023-09-18 07:48:22.057 | [GameAnalyzerEnd] GATEWAY           total:   4 alive:   4 dead:   0 
2023-09-18 07:48:22.057 | [GameAnalyzerEnd] PYLON             total:   2 alive:   2 dead:   0 
2023-09-18 07:48:22.058 | [GameAnalyzerEnd] NEXUS             total:   1 alive:   1 dead:   0 
2023-09-18 07:48:22.058 | [GameAnalyzerEnd] Enemy units:
2023-09-18 07:48:22.059 | [GameAnalyzerEnd] SCV               total:   1 alive:   1 dead:   0 
2023-09-18 07:48:22.059 | [GameAnalyzerEnd] Minerals max 280 Average 87
2023-09-18 07:48:22.060 | [GameAnalyzerEnd] Vespene max 0 Average 0
2023-09-18 07:48:22.060 | INFO     | sc2.main:_play_game:228 - Result for player 2 - Bot LadderBot(Protoss): Victory
