2023-09-18 18:39:28.208 | INFO     | sc2.protocol:_execute:72 - Client status changed to Status.in_game (was None)
2023-09-18 18:39:28.209 | INFO     | sc2.main:_play_game:221 - Player 2 - Bot LadderBot(Protoss)
2023-09-18 18:39:28.454 | 00:00    0ms    0M    0G  12/ 15U [Version] 4.10.0.75689
2023-09-18 18:39:28.455 | 00:00    0ms    0M    0G  12/ 15U [Version] 5.0.6 Balance mod recognized.
2023-09-18 18:39:28.527 | 00:00    0ms    0M    0G  12/ 15U [ZoneManager] Map set to: MapName.Unknown from name: Ancient CisternAIE and hash: 3831388.
2023-09-18 18:39:29.069 | [DataManager] No BuildDetector found, enemy build data cannot be saved
2023-09-18 18:39:29.631 | [Start] My race: Protoss
2023-09-18 18:39:29.632 | [Start] Opponent race: Terran
2023-09-18 18:39:29.633 | [Start] OpponentId: 1
2023-09-18 18:39:31.326 | 00:16    6ms    5M    0G  13/ 15U [ProtossUnit] PROBE from NEXUS at (128.5, 143.5)
2023-09-18 18:39:32.530 | 00:29    7ms    0M    0G  14/ 15U [ProtossUnit] PROBE from NEXUS at (128.5, 143.5)
2023-09-18 18:39:33.790 | 00:42    8ms  105M    0G  15/ 23U [ProtossUnit] PROBE from NEXUS at (128.5, 143.5)
2023-09-18 18:39:35.098 | 00:54    8ms   65M    0G  16/ 31U [ProtossUnit] PROBE from NEXUS at (128.5, 143.5)
2023-09-18 18:39:43.369 | 01:40    7ms  185M    0G  17/ 31U [ProtossUnit] ZEALOT from GATEWAY at (63.5, 74.5)
2023-09-18 18:39:43.420 | 01:41    9ms  195M    0G  19/ 31U [ChronoUnit] Chrono GATEWAYTRAIN_ZEALOT
2023-09-18 18:39:43.887 | INFO     | sc2.protocol:_execute:72 - Client status changed to Status.ended (was Status.in_game)
2023-09-18 18:39:43.891 | Result: Victory
2023-09-18 18:39:43.891 | Duration: 01:45
2023-09-18 18:39:43.892 | Step time min: 5
2023-09-18 18:39:43.893 | Step time avg: 20
2023-09-18 18:39:43.893 | Step time max: 113
2023-09-18 18:39:43.894 | [LostUnitsContents] My lost units minerals and gas: (0, 0)
2023-09-18 18:39:43.894 | [LostUnitsContents] My lost units minerals by score: 0.0
2023-09-18 18:39:43.895 | [LostUnitsContents] Enemy lost units minerals and gas: (0, 0)
2023-09-18 18:39:43.895 | [LostUnitsContents] Enemy lost units minerals by score: 0.0
2023-09-18 18:39:43.896 | [GameAnalyzerEnd] Own units:
2023-09-18 18:39:43.897 | [GameAnalyzerEnd] PROBE             total:  17 alive:  17 dead:   0 
2023-09-18 18:39:43.897 | [GameAnalyzerEnd] GATEWAY           total:   4 alive:   4 dead:   0 
2023-09-18 18:39:43.897 | [GameAnalyzerEnd] PYLON             total:   2 alive:   2 dead:   0 
2023-09-18 18:39:43.898 | [GameAnalyzerEnd] NEXUS             total:   1 alive:   1 dead:   0 
2023-09-18 18:39:43.898 | [GameAnalyzerEnd] Enemy units:
2023-09-18 18:39:43.899 | [GameAnalyzerEnd] SCV               total:   1 alive:   1 dead:   0 
2023-09-18 18:39:43.899 | [GameAnalyzerEnd] Minerals max 285 Average 94
2023-09-18 18:39:43.900 | [GameAnalyzerEnd] Vespene max 0 Average 0
2023-09-18 18:39:43.900 | INFO     | sc2.main:_play_game:228 - Result for player 2 - Bot LadderBot(Protoss): Victory
