2023-09-18 19:06:26.869 | INFO     | sc2.protocol:_execute:72 - Client status changed to Status.in_game (was None)
2023-09-18 19:06:26.870 | INFO     | sc2.main:_play_game:221 - Player 2 - Bot LadderBot(Protoss)
2023-09-18 19:06:27.156 | 00:00    0ms    0M    0G  12/ 15U [Version] 4.10.0.75689
2023-09-18 19:06:27.157 | 00:00    0ms    0M    0G  12/ 15U [Version] 5.0.6 Balance mod recognized.
2023-09-18 19:06:27.237 | 00:00    0ms    0M    0G  12/ 15U [ZoneManager] Map set to: MapName.Unknown from name: Dragon ScalesAIE and hash: 3095225.
2023-09-18 19:06:28.256 | [DataManager] No BuildDetector found, enemy build data cannot be saved
2023-09-18 19:06:29.335 | [Start] My race: Protoss
2023-09-18 19:06:29.336 | [Start] Opponent race: Terran
2023-09-18 19:06:29.337 | [Start] OpponentId: 1
2023-09-18 19:06:31.009 | 00:16    6ms    5M    0G  13/ 15U [ProtossUnit] PROBE from NEXUS at (76.5, 154.5)
2023-09-18 19:06:32.223 | 00:29    6ms    0M    0G  14/ 15U [ProtossUnit] PROBE from NEXUS at (76.5, 154.5)
2023-09-18 19:06:33.442 | 00:41    6ms   95M    0G  15/ 23U [ProtossUnit] PROBE from NEXUS at (76.5, 154.5)
2023-09-18 19:06:34.703 | 00:54    7ms   60M    0G  16/ 31U [ProtossUnit] PROBE from NEXUS at (76.5, 154.5)
2023-09-18 19:06:42.131 | 01:35    7ms  120M    0G  17/ 31U [ProtossUnit] ZEALOT from GATEWAY at (144.5, 87.5)
2023-09-18 19:06:42.188 | 01:35   10ms  120M    0G  19/ 31U [ChronoUnit] Chrono GATEWAYTRAIN_ZEALOT
2023-09-18 19:06:43.794 | 01:48    7ms  215M    0G  19/ 31U [ProtossUnit] ZEALOT from GATEWAY at (144.5, 90.5)
2023-09-18 19:06:43.886 | 01:49   10ms  220M    0G  21/ 31U [ChronoUnit] Chrono GATEWAYTRAIN_ZEALOT
2023-09-18 19:06:44.582 | 01:53    8ms  285M    0G  21/ 31U [GameAnalyzer] Known army advantage is now SlightAdvantage
2023-09-18 19:06:44.583 | 01:53    8ms  285M    0G  21/ 31U [GameAnalyzer] Predicted army advantage is now SlightAdvantage
2023-09-18 19:06:44.584 | 01:53    8ms  185M    0G  21/ 31U [ProtossUnit] ZEALOT from GATEWAY at (144.5, 87.5)
2023-09-18 19:06:45.877 | 02:01    8ms  210M    0G  23/ 31U [ProtossUnit] ZEALOT from GATEWAY at (147.5, 87.5)
2023-09-18 19:06:46.781 | 02:07    8ms   85M    0G  25/ 31U [ProtossUnit] ZEALOT from GATEWAY at (144.5, 90.5)
2023-09-18 19:06:46.782 | 02:07    8ms   85M    0G  25/ 31U [ChronoUnit] Chrono GATEWAYTRAIN_ZEALOT
2023-09-18 19:06:47.274 | 02:10    8ms   35M    0G  27/ 31U [ProtossUnit] ZEALOT from GATEWAY at (147.5, 90.5)
2023-09-18 19:06:49.866 | 02:20   62ms   80M    0G  29/ 31U [GameAnalyzer] Known army advantage is now SmallAdvantage
2023-09-18 19:06:49.871 | 02:20   62ms   80M    0G  29/ 31U [GameAnalyzer] Predicted army advantage is now SmallAdvantage
2023-09-18 19:06:50.136 | 02:21   78ms    0M    0G  29/ 31U [ProtossUnit] ZEALOT from GATEWAY at (144.5, 87.5)
2023-09-18 19:06:51.864 | 02:28   58ms    5M    0G  31/ 39U [ProtossUnit] ZEALOT from GATEWAY at (147.5, 87.5)
2023-09-18 19:06:53.251 | 02:33    7ms   80M    0G  33/ 39U [PlanZoneAttack] Power 10.00 is larger than required attack power 7.00 -> attack!
2023-09-18 19:06:53.254 | 02:33    7ms   80M    0G  33/ 39U [PlanZoneAttack] Attack started at 10.00 power.
2023-09-18 19:06:53.516 | 02:34   44ms    0M    0G  33/ 39U [ProtossUnit] ZEALOT from GATEWAY at (144.5, 90.5)
2023-09-18 19:06:54.328 | 02:37   88ms   45M    0G  35/ 47U [GameAnalyzer] Known army advantage is now ClearAdvantage
2023-09-18 19:06:54.329 | 02:37   88ms   45M    0G  35/ 47U [GameAnalyzer] Predicted army advantage is now ClearAdvantage
2023-09-18 19:06:55.398 | 02:41   79ms    0M    0G  35/ 47U [ProtossUnit] ZEALOT from GATEWAY at (147.5, 90.5)
2023-09-18 19:06:56.335 | 02:45   10ms   60M    0G  37/ 47U [GameAnalyzer] Income advantage is now SlightDisadvantage
2023-09-18 19:06:59.525 | 02:53   65ms    0M    0G  37/ 47U [ProtossUnit] ZEALOT from GATEWAY at (144.5, 87.5)
2023-09-18 19:07:01.344 | 02:59   87ms   85M    0G  39/ 47U [GameAnalyzer] Income advantage is now Even
2023-09-18 19:07:01.520 | 03:00   13ms    0M    0G  39/ 47U [ProtossUnit] ZEALOT from GATEWAY at (147.5, 87.5)
2023-09-18 19:07:03.155 | 03:07   76ms   10M    0G  41/ 47U [ProtossUnit] ZEALOT from GATEWAY at (144.5, 90.5)
2023-09-18 19:07:04.135 | 03:10   37ms   60M    0G  43/ 47U [ChronoUnit] Chrono GATEWAYTRAIN_ZEALOT
2023-09-18 19:07:04.852 | 03:13   79ms    5M    0G  43/ 55U [ProtossUnit] ZEALOT from GATEWAY at (147.5, 90.5)
2023-09-18 19:07:06.109 | 03:17   67ms   75M    0G  45/ 55U [GameAnalyzer] Income advantage is now SmallAdvantage
2023-09-18 19:07:06.391 | 03:18   17ms   85M    0G  45/ 55U [GameAnalyzer] Income advantage is now SlightAdvantage
2023-09-18 19:07:06.803 | 03:20   18ms   20M    0G  45/ 55U [GameAnalyzer] Income advantage is now Even
2023-09-18 19:07:06.804 | 03:20   18ms   20M    0G  45/ 55U [GameAnalyzer] Known army advantage is now OverwhelmingAdvantage
2023-09-18 19:07:06.805 | 03:20   18ms   20M    0G  45/ 55U [GameAnalyzer] Predicted army advantage is now OverwhelmingAdvantage
2023-09-18 19:07:07.888 | 03:25   18ms    5M    0G  45/ 55U [ProtossUnit] ZEALOT from GATEWAY at (144.5, 87.5)
2023-09-18 19:07:08.840 | 03:30   17ms   75M    0G  47/ 55U [GameAnalyzer] Income advantage is now SlightDisadvantage
2023-09-18 19:07:08.945 | 03:31   21ms   80M    0G  47/ 55U [GameAnalyzer] Income advantage is now SmallDisadvantage
2023-09-18 19:07:09.139 | 03:32   21ms    0M    0G  47/ 55U [ProtossUnit] ZEALOT from GATEWAY at (144.5, 90.5)
2023-09-18 19:07:09.408 | 03:33   18ms    5M    0G  49/ 55U [GameAnalyzer] Income advantage is now SlightDisadvantage
2023-09-18 19:07:09.519 | 03:33   24ms   15M    0G  49/ 55U [GameAnalyzer] Income advantage is now SmallDisadvantage
2023-09-18 19:07:09.605 | 03:34   19ms   35M    0G  49/ 55U [GameAnalyzer] Income advantage is now Even
2023-09-18 19:07:10.786 | 03:39   22ms    5M    0G  49/ 55U [ProtossUnit] ZEALOT from GATEWAY at (147.5, 87.5)
2023-09-18 19:07:10.874 | 03:39   20ms   15M    0G  51/ 55U [EnemyArmyPredicter] Predicting negative free minerals for enemy: -414
2023-09-18 19:07:11.689 | 03:43   15ms    5M    0G  51/ 63U [BuildGas] Building ASSIMILATOR to (69.5, 151.5)
2023-09-18 19:07:11.911 | 03:45   12ms   25M    0G  51/ 63U [EnemyArmyPredicter] Predicting negative free minerals for enemy: -500
2023-09-18 19:07:12.208 | 03:46   12ms    5M    0G  51/ 63U [ActUnit] PROBE from NEXUS at (76.5, 154.5)
2023-09-18 19:07:12.778 | 03:50   12ms   50M    0G  52/ 63U [EnemyArmyPredicter] Predicting negative free minerals for enemy: -286
2023-09-18 19:07:13.805 | 03:55   11ms   35M    0G  52/ 63U [EnemyArmyPredicter] Predicting negative free minerals for enemy: -2860
2023-09-18 19:07:13.806 | 03:55   11ms   35M    0G  52/ 63U [GameAnalyzer] Income advantage is now SlightAdvantage
2023-09-18 19:07:14.518 | 03:59   12ms   40M    0G  52/ 63U [ActUnit] PROBE from NEXUS at (76.5, 154.5)
2023-09-18 19:07:14.861 | 04:01   12ms   65M    0G  53/ 63U [EnemyArmyPredicter] Predicting negative free minerals for enemy: -3146
2023-09-18 19:07:16.308 | 04:04   16ms  110M    0G  53/ 63U [GameAnalyzer] Income advantage is now Even
2023-09-18 19:07:16.444 | 04:05   13ms  125M    0G  53/ 63U [GameAnalyzer] Income advantage is now SlightAdvantage
2023-09-18 19:07:16.653 | 04:06   12ms  145M    0G  53/ 63U [EnemyArmyPredicter] Predicting negative free minerals for enemy: -810
2023-09-18 19:07:16.977 | 04:08   13ms  185M    0G  53/ 63U [GameAnalyzer] Income advantage is now SmallAdvantage
2023-09-18 19:07:17.842 | 04:11   57ms  235M    0G  53/ 63U [EnemyArmyPredicter] Predicting negative free minerals for enemy: -830
2023-09-18 19:07:17.848 | 04:11   57ms  185M    0G  53/ 63U [ActUnit] PROBE from NEXUS at (76.5, 154.5)
2023-09-18 19:07:18.497 | 04:14   75ms   70M    0G  54/ 63U [ChronoUnit] Chrono NEXUSTRAIN_PROBE
2023-09-18 19:07:19.504 | 04:17   67ms  120M    0G  54/ 71U [EnemyArmyPredicter] Predicting negative free minerals for enemy: -855
2023-09-18 19:07:20.252 | 04:20   46ms   25M    0G  54/ 71U [ActUnit] PROBE from NEXUS at (76.5, 154.5)
2023-09-18 19:07:20.728 | 04:22   68ms  145M    0G  55/ 71U [EnemyArmyPredicter] Predicting negative free minerals for enemy: -791
2023-09-18 19:07:21.968 | 04:27   30ms  245M    0G  55/ 71U [EnemyArmyPredicter] Predicting negative free minerals for enemy: -726
2023-09-18 19:07:23.391 | 04:33   66ms  330M    0G  55/ 71U [EnemyArmyPredicter] Predicting negative free minerals for enemy: -762
2023-09-18 19:07:24.498 | 04:38   21ms  410M    0G  55/ 71U [EnemyArmyPredicter] Predicting negative free minerals for enemy: -698
2023-09-18 19:07:25.602 | 04:43   68ms  400M    0G  55/ 71U [Expand] Expanding to (105.5, 159.5)
2023-09-18 19:07:25.713 | 04:43   68ms  115M    0G  55/ 71U [EnemyArmyPredicter] Predicting negative free minerals for enemy: -684
2023-09-18 19:07:26.168 | 04:46   30ms    0M    0G  55/ 71U [ActUnit] PROBE from NEXUS at (76.5, 154.5)
2023-09-18 19:07:26.544 | 04:47  100ms  135M    0G  56/ 71U [GameAnalyzer] Income advantage is now ClearAdvantage
2023-09-18 19:07:26.930 | 04:49   69ms  145M    0G  56/ 71U [EnemyArmyPredicter] Predicting negative free minerals for enemy: -669
2023-09-18 19:07:27.130 | 04:50   69ms    0M    0G  56/ 71U [BuildGas] Building ASSIMILATOR to (80.5, 161.5)
2023-09-18 19:07:27.925 | 04:54   24ms   75M    0G  56/ 71U [EnemyArmyPredicter] Predicting negative free minerals for enemy: -655
2023-09-18 19:07:29.200 | 05:00   64ms   65M    0G  56/ 71U [EnemyArmyPredicter] Predicting negative free minerals for enemy: -591
2023-09-18 19:07:30.089 | 05:05   35ms  145M    0G  56/ 71U [EnemyArmyPredicter] Predicting negative free minerals for enemy: -1105
2023-09-18 19:07:30.344 | INFO     | sc2.protocol:_execute:72 - Client status changed to Status.ended (was Status.in_game)
2023-09-18 19:07:30.349 | Result: Victory
2023-09-18 19:07:30.349 | Duration: 05:06
2023-09-18 19:07:30.350 | Step time min: 6
2023-09-18 19:07:30.350 | Step time avg: 32
2023-09-18 19:07:30.351 | Step time max: 154
2023-09-18 19:07:30.351 | [LostUnitsContents] My lost units minerals and gas: (0, 0)
2023-09-18 19:07:30.352 | [LostUnitsContents] My lost units minerals by score: 0.0
2023-09-18 19:07:30.353 | [LostUnitsContents] Enemy lost units minerals and gas: (5625, 100)
2023-09-18 19:07:30.353 | [LostUnitsContents] Enemy lost units minerals by score: 3675.0
2023-09-18 19:07:30.354 | [GameAnalyzerEnd] Own units:
2023-09-18 19:07:30.355 | [GameAnalyzerEnd] PROBE             total:  22 alive:  22 dead:   0 
2023-09-18 19:07:30.355 | [GameAnalyzerEnd] ZEALOT            total:  17 alive:  17 dead:   0 
2023-09-18 19:07:30.356 | [GameAnalyzerEnd] PYLON             total:   8 alive:   8 dead:   0 
2023-09-18 19:07:30.356 | [GameAnalyzerEnd] GATEWAY           total:   4 alive:   4 dead:   0 
2023-09-18 19:07:30.357 | [GameAnalyzerEnd] NEXUS             total:   2 alive:   2 dead:   0 
2023-09-18 19:07:30.357 | [GameAnalyzerEnd] ASSIMILATOR       total:   2 alive:   2 dead:   0 
2023-09-18 19:07:30.358 | [GameAnalyzerEnd] CYBERNETICSCORE   total:   1 alive:   1 dead:   0 
2023-09-18 19:07:30.359 | [GameAnalyzerEnd] SHIELDBATTERY     total:   1 alive:   1 dead:   0 
2023-09-18 19:07:30.359 | [GameAnalyzerEnd] Enemy units:
2023-09-18 19:07:30.360 | [GameAnalyzerEnd] SCV               total:  33 alive:   0 dead:  33 
2023-09-18 19:07:30.360 | [GameAnalyzerEnd] MARINE            total:  16 alive:   0 dead:  16 
2023-09-18 19:07:30.361 | [GameAnalyzerEnd] BARRACKS          total:   8 alive:   0 dead:   8 
2023-09-18 19:07:30.361 | [GameAnalyzerEnd] SUPPLYDEPOT       total:   4 alive:   0 dead:   4 
2023-09-18 19:07:30.362 | [GameAnalyzerEnd] COMMANDCENTER     total:   3 alive:   0 dead:   3 
2023-09-18 19:07:30.363 | [GameAnalyzerEnd] REFINERY          total:   2 alive:   1 dead:   1 
2023-09-18 19:07:30.363 | [GameAnalyzerEnd] FACTORY           total:   1 alive:   0 dead:   1 
2023-09-18 19:07:30.364 | [GameAnalyzerEnd] ORBITALCOMMAND    total:   1 alive:   0 dead:   1 
2023-09-18 19:07:30.364 | [GameAnalyzerEnd] Minerals max 485 Average 105
2023-09-18 19:07:30.365 | [GameAnalyzerEnd] Vespene max 0 Average 0
2023-09-18 19:07:30.366 | INFO     | sc2.main:_play_game:228 - Result for player 2 - Bot LadderBot(Protoss): Victory
