2023-09-18 19:19:48.016 | INFO     | sc2.protocol:_execute:72 - Client status changed to Status.in_game (was None)
2023-09-18 19:19:48.017 | INFO     | sc2.main:_play_game:221 - Player 2 - Bot LadderBot(Zerg)
2023-09-18 19:19:48.269 | 00:00    0ms    0M    0G  12/ 14U [Version] 4.10.0.75689
2023-09-18 19:19:48.270 | 00:00    0ms    0M    0G  12/ 14U [Version] 5.0.6 Balance mod recognized.
2023-09-18 19:19:48.332 | 00:00    0ms    0M    0G  12/ 14U [ZoneManager] Map set to: MapName.Unknown from name: GresvanAIE and hash: 3547936.
2023-09-18 19:19:49.029 | [DataManager] No BuildDetector found, enemy build data cannot be saved
2023-09-18 19:19:49.059 | [Start] My race: Zerg
2023-09-18 19:19:49.060 | [Start] Opponent race: Terran
2023-09-18 19:19:49.062 | [Start] OpponentId: 1
2023-09-18 19:19:49.137 | 00:00    0ms    0M    0G  12/ 14U [ActUnit] DRONE from LARVA at (162.4, 39.8)
2023-09-18 19:19:50.053 | 00:07    7ms    5M    0G  13/ 14U [ActUnit] DRONE from LARVA at (161.1, 39.9)
2023-09-18 19:19:50.831 | 00:16    7ms   10M    0G  14/ 14U [ActUnit] OVERLORD from LARVA at (160.0, 39.7)
2023-09-18 19:19:52.477 | 00:34    7ms  200M    0G  14/ 22U [ActUnit] DRONE from LARVA at (161.7, 39.9)
2023-09-18 19:19:52.520 | 00:35    9ms  150M    0G  15/ 22U [ActUnit] DRONE from LARVA at (161.0, 39.9)
2023-09-18 19:19:53.657 | 00:46    9ms  305M    0G  16/ 22U [Expand] Expanding to (163.5, 74.5)
2023-09-18 19:19:53.956 | 00:50    8ms    5M    0G  16/ 22U [ActUnit] DRONE from LARVA at (162.6, 39.7)
2023-09-18 19:19:54.390 | 00:54    8ms    5M    0G  17/ 22U [ActUnit] DRONE from LARVA at (162.7, 39.6)
2023-09-18 19:19:54.559 | 00:56    8ms   25M    0G  17/ 22U [GameAnalyzer] Income advantage is now SmallAdvantage
2023-09-18 19:19:54.562 | 00:56    8ms    0M    0G  17/ 22U [BuildGas] Building EXTRACTOR to (154.5, 39.5)
2023-09-18 19:19:57.046 | 01:10   59ms  200M    0G  16/ 22U [ActBuilding] 1. SPAWNINGPOOL near (152.5, 42.8)
2023-09-18 19:19:57.860 | 01:15   30ms    0M    0G  15/ 22U [ActUnit] DRONE from LARVA at (161.9, 39.8)
2023-09-18 19:19:58.382 | 01:18   15ms    0M    0G  16/ 22U [ActUnit] DRONE from LARVA at (161.5, 39.9)
2023-09-18 19:19:59.138 | 01:22   12ms    5M    0G  17/ 22U [ActUnit] DRONE from LARVA at (161.9, 39.8)
2023-09-18 19:20:00.558 | 01:28   60ms   30M   12G  18/ 22U [ActUnit] DRONE from LARVA at (161.5, 39.9)
2023-09-18 19:20:02.683 | 01:39   16ms   65M   40G  19/ 22U [ActUnit] OVERLORD from LARVA at (161.7, 39.5)
2023-09-18 19:20:05.176 | 01:50   73ms  160M   68G  19/ 22U [ActUnit] DRONE from LARVA at (161.6, 39.4)
2023-09-18 19:20:07.499 | 02:00   73ms  165M   96G  20/ 30U [ActUnit] QUEEN from HATCHERY at (161.5, 42.5)
2023-09-18 19:20:07.747 | 02:00   79ms  135M  100G  22/ 30U [ActUnit] ZERGLING from LARVA at (161.3, 39.8)
2023-09-18 19:20:08.116 | 02:02   63ms  155M  104G  23/ 30U [Tech] Started ZERGLINGMOVEMENTSPEED
2023-09-18 19:20:09.001 | 02:07    8ms   80M   16G  23/ 36U [ActUnit] ZERGLING from LARVA at (163.5, 71.5)
2023-09-18 19:20:09.603 | 02:11   11ms   85M   28G  24/ 36U [ActUnit] DRONE from LARVA at (161.7, 39.5)
2023-09-18 19:20:10.194 | 02:15    9ms    0M   40G  25/ 36U [ActUnit] QUEEN from HATCHERY at (163.5, 74.5)
2023-09-18 19:20:10.607 | 02:18    9ms   40M   44G  27/ 36U [GameAnalyzer] Known army advantage is now SlightAdvantage
2023-09-18 19:20:10.608 | 02:18    9ms   40M   44G  27/ 36U [GameAnalyzer] Predicted army advantage is now SlightAdvantage
2023-09-18 19:20:11.336 | 02:22   10ms  120M   56G  27/ 36U [DefensiveBuilding] Building SPINECRAWLER to (158.5, 74.5)
2023-09-18 19:20:13.285 | 02:34   12ms  150M   92G  26/ 36U [ActUnit] DRONE from LARVA at (163.7, 71.9)
2023-09-18 19:20:13.484 | 02:36   10ms  170M   92G  27/ 36U [Inject] injecting hatch (161.5, 42.5)
2023-09-18 19:20:13.871 | 02:38   12ms   10M    0G  27/ 36U [ActUnit] DRONE from LARVA at (162.9, 39.5)
2023-09-18 19:20:14.311 | 02:41   12ms    5M    8G  28/ 36U [ActUnit] DRONE from LARVA at (163.3, 71.2)
2023-09-18 19:20:14.824 | 02:44   10ms    5M   16G  29/ 36U [ActUnit] DRONE from LARVA at (163.4, 71.9)
2023-09-18 19:20:16.267 | 02:47   10ms    5M   24G  30/ 36U [ActUnit] DRONE from LARVA at (162.1, 39.8)
2023-09-18 19:20:16.719 | 02:50   10ms    5M   32G  31/ 36U [ActUnit] ZERGLING from LARVA at (161.2, 39.7)
2023-09-18 19:20:16.956 | 02:51   12ms   20M   36G  32/ 36U [GameAnalyzer] Known army advantage is now SmallAdvantage
2023-09-18 19:20:16.957 | 02:51   12ms   20M   36G  32/ 36U [GameAnalyzer] Predicted army advantage is now SmallAdvantage
2023-09-18 19:20:16.960 | 02:51   12ms   20M   36G  32/ 36U [Inject] injecting hatch (163.5, 74.5)
2023-09-18 19:20:17.173 | 02:53   14ms    0M   40G  32/ 36U [ActUnit] ZERGLING from LARVA at (162.8, 71.6)
2023-09-18 19:20:17.715 | 02:56   14ms    0M   48G  33/ 36U [ActUnit] ZERGLING from LARVA at (161.0, 39.6)
2023-09-18 19:20:17.860 | 02:57   14ms   20M   52G  34/ 36U [GameAnalyzer] Income advantage is now ClearAdvantage
2023-09-18 19:20:18.506 | 03:01   11ms   40M   60G  34/ 36U [ActUnit] ZERGLING from LARVA at (163.7, 71.6)
2023-09-18 19:20:19.181 | 03:05   13ms   20M   72G  35/ 36U [ActUnit] OVERLORD from LARVA at (161.6, 39.8)
2023-09-18 19:20:19.391 | 03:06   10ms    0M   76G  35/ 36U [ActUnit] DRONE from LARVA at (161.4, 39.6)
2023-09-18 19:20:19.629 | 03:07   15ms   25M   80G  36/ 36U [Inject] injecting hatch (161.5, 42.5)
2023-09-18 19:20:21.065 | 03:16   12ms  200M  104G  36/ 36U [ActBuilding] 1. ROACHWARREN near (152.7, 40.6)
2023-09-18 19:20:21.499 | 03:18   14ms  105M  108G  35/ 36U [GameAnalyzer] Known army advantage is now ClearAdvantage
2023-09-18 19:20:21.500 | 03:18   14ms  105M  108G  35/ 36U [GameAnalyzer] Predicted army advantage is now ClearAdvantage
2023-09-18 19:20:21.503 | 03:18   14ms   55M  108G  35/ 36U [ActUnit] DRONE from LARVA at (161.2, 39.3)
2023-09-18 19:20:22.387 | 03:23   12ms  105M  124G  36/ 44U [ActUnit] DRONE from LARVA at (160.5, 39.9)
2023-09-18 19:20:22.390 | 03:23   12ms  105M  124G  36/ 44U [Inject] injecting hatch (163.5, 74.5)
2023-09-18 19:20:22.477 | 03:24   19ms   60M  124G  37/ 44U [ActUnit] DRONE from LARVA at (163.2, 71.7)
2023-09-18 19:20:22.541 | 03:24   13ms   10M  124G  38/ 44U [ActUnit] DRONE from LARVA at (164.2, 71.5)
2023-09-18 19:20:22.865 | 03:26   11ms    0M  128G  39/ 44U [ActUnit] DRONE from LARVA at (161.4, 39.6)
2023-09-18 19:20:23.333 | 03:28   12ms    0M  136G  40/ 44U [ActUnit] ZERGLING from LARVA at (164.4, 71.9)
2023-09-18 19:20:23.761 | 03:31   13ms    0M  144G  41/ 44U [ActUnit] ZERGLING from LARVA at (161.4, 39.1)
2023-09-18 19:20:24.583 | 03:35   14ms    0M  156G  42/ 44U [ActUnit] OVERLORD from LARVA at (162.8, 71.8)
2023-09-18 19:20:25.720 | 03:39   67ms   65M  168G  42/ 44U [GameAnalyzer] Known army advantage is now SlightAdvantage
2023-09-18 19:20:25.721 | 03:39   67ms   65M  168G  42/ 44U [GameAnalyzer] Predicted army advantage is now SlightAdvantage
2023-09-18 19:20:26.258 | 03:41   38ms    0M  172G  42/ 44U [ActUnit] OVERLORD from LARVA at (162.4, 71.6)
2023-09-18 19:20:27.972 | 03:44   23ms    5M  180G  42/ 44U [ActUnit] ZERGLING from LARVA at (161.5, 39.2)
2023-09-18 19:20:28.290 | 03:45   69ms   20M  180G  43/ 44U [GameAnalyzer] Known army advantage is now SmallAdvantage
2023-09-18 19:20:28.295 | 03:45   69ms   20M  180G  43/ 44U [GameAnalyzer] Predicted army advantage is now SmallAdvantage
2023-09-18 19:20:28.684 | 03:46   82ms   55M  184G  43/ 44U [GameAnalyzer] Known army advantage is now ClearAdvantage
2023-09-18 19:20:28.686 | 03:46   82ms   55M  184G  43/ 44U [GameAnalyzer] Predicted army advantage is now ClearAdvantage
2023-09-18 19:20:30.665 | 03:55   15ms  270M  208G  43/ 52U [Inject] injecting hatch (161.5, 42.5)
2023-09-18 19:20:31.179 | 03:57   16ms  270M  191G  43/ 52U [ActUnit] ROACH from LARVA at (161.5, 71.5)
2023-09-18 19:20:31.251 | 03:58   15ms  200M  166G  45/ 52U [ActUnit] ROACH from LARVA at (160.3, 40.1)
2023-09-18 19:20:31.355 | 03:58   17ms  130M  145G  47/ 52U [ActUnit] ROACH from LARVA at (162.7, 39.9)
2023-09-18 19:20:31.431 | 03:59   15ms   40M  145G  49/ 52U [ActUnit] OVERLORD from LARVA at (163.2, 71.2)
2023-09-18 19:20:31.436 | 03:59   15ms   40M  145G  49/ 52U [Inject] injecting hatch (163.5, 74.5)
2023-09-18 19:20:31.625 | 04:00   14ms   50M  145G  49/ 60U [BuildGas] Building EXTRACTOR to (166.5, 81.5)
2023-09-18 19:20:31.898 | 04:01   15ms    0M  124G  49/ 60U [ActUnit] ROACH from LARVA at (163.5, 71.6)
2023-09-18 19:20:32.082 | 04:02   20ms    5M  128G  50/ 60U [BuildGas] Building EXTRACTOR to (170.5, 77.5)
2023-09-18 19:20:32.455 | 04:04   20ms    0M  132G  50/ 60U [ActUnit] DRONE from LARVA at (161.1, 39.9)
2023-09-18 19:20:32.900 | 04:06   13ms    5M  140G  51/ 60U [ActUnit] DRONE from LARVA at (161.3, 72.5)
2023-09-18 19:20:33.410 | 04:09   13ms   10M  148G  52/ 60U [ActUnit] DRONE from LARVA at (161.6, 72.3)
2023-09-18 19:20:33.849 | 04:11   15ms   20M  152G  53/ 60U [ActUnit] DRONE from LARVA at (163.9, 71.8)
2023-09-18 19:20:34.276 | 04:13   14ms    5M  160G  54/ 60U [ActUnit] DRONE from LARVA at (161.9, 39.7)
2023-09-18 19:20:35.619 | 04:20   16ms  115M  176G  54/ 68U [ActUnit] DRONE from LARVA at (161.4, 39.8)
2023-09-18 19:20:35.699 | 04:20   16ms   90M  176G  55/ 68U [ActUnit] DRONE from LARVA at (163.5, 71.6)
2023-09-18 19:20:35.796 | 04:21   24ms   95M  180G  56/ 68U [GameAnalyzer] Known army advantage is now OverwhelmingAdvantage
2023-09-18 19:20:35.797 | 04:21   24ms   95M  180G  56/ 68U [GameAnalyzer] Predicted army advantage is now OverwhelmingAdvantage
2023-09-18 19:20:37.577 | 04:30   24ms  310M  208G  56/ 68U [Expand] Expanding to (137.5, 64.5)
2023-09-18 19:20:37.852 | 04:31   17ms    0M  212G  56/ 68U [ActUnit] DRONE from LARVA at (161.9, 39.8)
2023-09-18 19:20:37.856 | 04:31   17ms    0M  212G  56/ 68U [Inject] injecting hatch (163.5, 74.5)
2023-09-18 19:20:38.302 | 04:33   21ms    5M  216G  57/ 68U [ActUnit] DRONE from LARVA at (163.8, 71.8)
2023-09-18 19:20:38.482 | 04:34   23ms   10M  224G  58/ 68U [Inject] injecting hatch (161.5, 42.5)
2023-09-18 19:20:38.662 | 04:35   21ms    0M  224G  58/ 68U [ActUnit] DRONE from LARVA at (164.0, 71.6)
2023-09-18 19:20:39.192 | 04:38   22ms   65M  236G  58/ 68U [GameAnalyzer] Income advantage is now OverwhelmingAdvantage
2023-09-18 19:20:39.197 | 04:38   22ms   15M  236G  58/ 68U [ActUnit] DRONE from LARVA at (162.4, 39.9)
2023-09-18 19:20:39.722 | 04:39   86ms    0M  244G  59/ 68U [ActUnit] DRONE from LARVA at (161.3, 39.5)
2023-09-18 19:20:41.162 | 04:42   15ms    0M  256G  60/ 68U [ActUnit] DRONE from LARVA at (160.7, 39.9)
2023-09-18 19:20:41.560 | 04:43   16ms    0M  268G  61/ 68U [ActUnit] DRONE from LARVA at (162.2, 71.5)
2023-09-18 19:20:42.134 | 04:46   17ms    0M  280G  62/ 68U [ActUnit] DRONE from LARVA at (161.3, 39.0)
2023-09-18 19:20:42.442 | 04:47   17ms    0M  288G  63/ 68U [ActUnit] DRONE from LARVA at (162.9, 71.9)
2023-09-18 19:20:42.853 | 04:49   19ms    0M  300G  64/ 68U [ActUnit] DRONE from LARVA at (163.9, 71.7)
2023-09-18 19:20:44.189 | 04:53   69ms   90M  332G  63/ 68U [GameAnalyzer] Known army advantage is now ClearAdvantage
2023-09-18 19:20:44.195 | 04:53   69ms   90M  332G  63/ 68U [GameAnalyzer] Predicted army advantage is now ClearAdvantage
2023-09-18 19:20:44.808 | 04:55   75ms   80M  348G  63/ 68U [ActUnit] ZERGLING from LARVA at (161.5, 39.5)
2023-09-18 19:20:45.283 | 04:56   81ms   10M  356G  64/ 68U [ActUnit] OVERLORD from LARVA at (163.5, 71.8)
2023-09-18 19:20:46.407 | 05:00   93ms  110M  388G  64/ 68U [Inject] injecting hatch (163.5, 74.5)
2023-09-18 19:20:46.718 | 05:01   97ms   25M  392G  64/ 68U [ActUnit] OVERLORD from LARVA at (163.5, 71.6)
2023-09-18 19:20:46.982 | 05:02   84ms   10M  404G  64/ 68U [ActUnit] ZERGLING from LARVA at (164.1, 71.9)
2023-09-18 19:20:47.472 | 05:03   75ms   45M  416G  65/ 68U [Inject] injecting hatch (161.5, 42.5)
2023-09-18 19:20:47.574 | 05:04   87ms   20M  416G  65/ 68U [ActUnit] DRONE from LARVA at (164.3, 71.9)
2023-09-18 19:20:48.489 | 05:06   88ms    5M  415G  66/ 68U [ActUnit] ROACH from LARVA at (161.4, 39.7)
2023-09-18 19:20:49.412 | 05:09   88ms   20M  410G  66/ 68U [ActUnit] ROACH from LARVA at (161.6, 39.5)
2023-09-18 19:20:50.044 | 05:11   88ms    0M  401G  66/ 68U [ActUnit] ROACH from LARVA at (163.4, 71.9)
2023-09-18 19:20:50.962 | 05:13   92ms    0M  396G  66/ 68U [ActUnit] ROACH from LARVA at (162.7, 39.6)
2023-09-18 19:20:51.749 | 05:16   72ms   70M  412G  68/ 76U [GameAnalyzer] Known army advantage is now SmallAdvantage
2023-09-18 19:20:51.750 | 05:16   72ms   70M  412G  68/ 76U [GameAnalyzer] Predicted army advantage is now SmallAdvantage
2023-09-18 19:20:51.895 | 05:16   94ms   10M  391G  68/ 76U [ActUnit] ROACH from LARVA at (162.6, 39.4)
2023-09-18 19:20:52.682 | 05:19   85ms   10M  390G  70/ 76U [ActUnit] ROACH from LARVA at (163.7, 71.6)
2023-09-18 19:20:52.842 | 05:19   72ms   10M  394G  72/ 84U [GameAnalyzer] Known army advantage is now ClearAdvantage
2023-09-18 19:20:52.843 | 05:19   72ms   10M  394G  72/ 84U [GameAnalyzer] Predicted army advantage is now ClearAdvantage
2023-09-18 19:20:53.445 | 05:21   71ms   10M  385G  72/ 84U [ActUnit] ROACH from LARVA at (161.9, 39.5)
2023-09-18 19:20:54.949 | 05:26   89ms   10M  421G  74/ 84U [ActUnit] QUEEN from HATCHERY at (163.5, 74.5)
2023-09-18 19:20:56.232 | 05:29   95ms  100M  453G  75/ 84U [Inject] injecting hatch (163.5, 74.5)
2023-09-18 19:20:56.968 | 05:32   30ms  180M  469G  75/ 84U [GameAnalyzer] Known army advantage is now OverwhelmingAdvantage
2023-09-18 19:20:56.969 | 05:32   30ms  180M  469G  75/ 84U [GameAnalyzer] Predicted army advantage is now OverwhelmingAdvantage
2023-09-18 19:20:57.200 | 05:33   22ms  215M  477G  75/ 84U [ActBuilding] 1. SPIRE near (152.5, 43.4)
2023-09-18 19:20:57.540 | 05:34   24ms   50M  289G  75/ 84U [MorphOverseer] Morphing OVERLORD at (161.4, 41.4)
2023-09-18 19:20:57.987 | 05:36   23ms    0M  255G  74/ 84U [ActUnit] DRONE from LARVA at (163.8, 71.4)
2023-09-18 19:20:58.506 | 05:38   21ms    0M  246G  75/ 84U [ActUnit] ROACH from LARVA at (162.2, 39.5)
2023-09-18 19:21:00.343 | 05:41   23ms   20M  245G  77/ 84U [ActUnit] ROACH from LARVA at (161.4, 39.3)
2023-09-18 19:21:00.563 | 05:42   30ms    5M  253G  79/ 84U [ActUnit] DRONE from LARVA at (164.3, 71.6)
2023-09-18 19:21:01.079 | 05:44   22ms   25M  273G  80/ 84U [ActUnit] DRONE from LARVA at (160.9, 39.7)
2023-09-18 19:21:01.411 | 05:45   23ms    5M  281G  81/ 84U [ActUnit] DRONE from LARVA at (163.5, 71.3)
2023-09-18 19:21:01.844 | 05:47   27ms   10M  301G  82/ 84U [ActUnit] DRONE from LARVA at (164.6, 71.8)
2023-09-18 19:21:02.274 | 05:49   24ms   10M  313G  83/ 90U [ActUnit] DRONE from LARVA at (160.4, 39.7)
2023-09-18 19:21:02.277 | 05:49   24ms   10M  313G  83/ 90U [Inject] injecting hatch (137.5, 64.5)
2023-09-18 19:21:02.715 | 05:51   28ms    5M  325G  84/ 90U [ActUnit] DRONE from LARVA at (137.5, 61.3)
2023-09-18 19:21:03.021 | 05:52   20ms    0M  337G  85/ 90U [ActUnit] DRONE from LARVA at (161.6, 39.3)
2023-09-18 19:21:03.229 | 05:53   21ms   15M  345G  86/ 90U [PlanZoneAttack] Power 24.00 is larger than required attack power 20.00 -> attack!
2023-09-18 19:21:03.231 | 05:53   21ms   15M  345G  86/ 90U [PlanZoneAttack] Attack started at 24.00 power.
2023-09-18 19:21:03.446 | 05:54   24ms    0M  353G  86/ 90U [ActUnit] DRONE from LARVA at (164.0, 71.2)
2023-09-18 19:21:04.562 | 05:58   27ms    0M  389G  87/ 90U [ActUnit] QUEEN from HATCHERY at (137.5, 64.5)
2023-09-18 19:21:05.028 | 06:00   30ms    5M  401G  89/ 90U [ActUnit] DRONE from LARVA at (162.7, 71.4)
2023-09-18 19:21:05.375 | 06:02   41ms   15M  413G  90/ 90U [BuildGas] Building EXTRACTOR to (157.5, 35.5)
2023-09-18 19:21:05.378 | 06:02   41ms   15M  413G  90/ 90U [Inject] injecting hatch (161.5, 42.5)
2023-09-18 19:21:05.491 | 06:02   31ms   40M  421G  90/ 90U [Inject] injecting hatch (163.5, 74.5)
2023-09-18 19:21:05.960 | 06:03  106ms   60M  429G  89/ 90U [BuildGas] Building EXTRACTOR to (134.5, 57.5)
2023-09-18 19:21:05.962 | 06:03  106ms   10M  429G  89/ 90U [ActUnit] DRONE from LARVA at (164.2, 71.5)
2023-09-18 19:21:06.637 | 06:05  111ms   25M  445G  89/ 90U [BuildGas] Building EXTRACTOR to (144.5, 67.5)
2023-09-18 19:21:06.822 | 06:06   87ms    0M  445G  89/ 90U [ActUnit] DRONE from LARVA at (161.6, 39.9)
2023-09-18 19:21:07.296 | 06:07  102ms    0M  457G  89/ 90U [ActUnit] DRONE from LARVA at (138.1, 61.9)
2023-09-18 19:21:08.508 | 06:10   79ms    0M  481G  90/ 90U [ActUnit] OVERLORD from LARVA at (163.5, 71.9)
2023-09-18 19:21:09.550 | 06:13   49ms    0M  505G  90/ 90U [ActUnit] OVERLORD from LARVA at (137.4, 61.7)
2023-09-18 19:21:10.639 | 06:16   34ms   60M  529G  89/ 90U [ActUnit] ZERGLING from LARVA at (161.4, 39.5)
2023-09-18 19:21:10.910 | 06:17   44ms   95M  537G  89/ 90U [GameAnalyzer] Known army advantage is now ClearAdvantage
2023-09-18 19:21:10.911 | 06:17   44ms   95M  537G  89/ 90U [GameAnalyzer] Predicted army advantage is now ClearAdvantage
2023-09-18 19:21:10.918 | 06:17   44ms   45M  537G  89/ 90U [ActUnit] ZERGLING from LARVA at (163.3, 71.4)
2023-09-18 19:21:11.877 | 06:20   37ms  165M  565G  89/ 90U [GameAnalyzer] Known army advantage is now SmallAdvantage
2023-09-18 19:21:11.878 | 06:20   37ms  165M  565G  89/ 90U [GameAnalyzer] Predicted army advantage is now SmallAdvantage
2023-09-18 19:21:11.886 | 06:20   37ms  115M  565G  89/ 90U [ActUnit] ZERGLING from LARVA at (163.8, 71.9)
2023-09-18 19:21:12.800 | 06:22  126ms  140M  581G  89/ 90U [ActUnit] ZERGLING from LARVA at (137.6, 61.9)
2023-09-18 19:21:13.009 | 06:23   63ms  120M  585G  89/ 90U [ActUnit] ZERGLING from LARVA at (161.6, 39.8)
2023-09-18 19:21:14.450 | 06:26   86ms  195M  613G  89/ 90U [ActUnit] ZERGLING from LARVA at (163.5, 71.8)
2023-09-18 19:21:15.165 | 06:28   82ms  270M  629G  89/ 90U [Inject] injecting hatch (137.5, 64.5)
2023-09-18 19:21:15.333 | 06:28   98ms  135M  633G  89/ 98U [ActUnit] QUEEN from HATCHERY at (163.5, 74.5)
2023-09-18 19:21:17.250 | 06:33   83ms  295M  677G  91/106U [Inject] injecting hatch (161.5, 42.5)
2023-09-18 19:21:17.425 | 06:34  104ms  320M  681G  91/106U [Expand] Expanding to (163.5, 99.5)
2023-09-18 19:21:17.427 | 06:34  104ms   20M  681G  91/106U [Inject] injecting hatch (163.5, 74.5)
2023-09-18 19:21:17.802 | 06:35  119ms   65M  689G  91/106U [GameAnalyzer] Known army advantage is now ClearAdvantage
2023-09-18 19:21:17.804 | 06:35  119ms   65M  689G  91/106U [GameAnalyzer] Predicted army advantage is now ClearAdvantage
2023-09-18 19:21:17.822 | 06:35  119ms   15M  689G  91/106U [ActUnit] ZERGLING from LARVA at (138.6, 62.0)
2023-09-18 19:21:18.130 | 06:35  112ms   35M  693G  92/106U [GameAnalyzer] Income advantage is now ClearAdvantage
2023-09-18 19:21:19.354 | 06:37   35ms   35M  713G  92/106U [ActUnit] ZERGLING from LARVA at (138.3, 61.3)
2023-09-18 19:21:19.755 | 06:38   46ms   10M  725G  92/106U [ActUnit] DRONE from LARVA at (164.5, 71.4)
2023-09-18 19:21:20.005 | 06:39   39ms    0M  741G  93/106U [ActUnit] DRONE from LARVA at (161.7, 39.9)
2023-09-18 19:21:20.522 | 06:41   44ms    0M  765G  94/106U [ActUnit] DRONE from LARVA at (164.4, 71.6)
2023-09-18 19:21:21.050 | 06:43   40ms   10M  797G  95/106U [ActUnit] DRONE from LARVA at (137.7, 61.7)
2023-09-18 19:21:21.451 | 06:44   37ms   20M  813G  96/106U [ActUnit] DRONE from LARVA at (163.4, 71.9)
2023-09-18 19:21:21.709 | 06:45   34ms   50M  833G  96/106U [GameAnalyzer] Income advantage is now OverwhelmingAdvantage
2023-09-18 19:21:21.725 | 06:45   34ms    0M  833G  96/106U [ActUnit] DRONE from LARVA at (136.2, 62.2)
2023-09-18 19:21:22.269 | 06:47   33ms   60M  853G  95/106U [GameAnalyzer] Known army advantage is now SlightAdvantage
2023-09-18 19:21:22.270 | 06:47   33ms   60M  853G  95/106U [GameAnalyzer] Predicted army advantage is now SlightAdvantage
2023-09-18 19:21:22.777 | 06:48   34ms  120M  885G  95/106U [Tech] Started ZERGFLYERWEAPONSLEVEL1
2023-09-18 19:21:22.784 | 06:48   34ms   20M  785G  95/106U [ActUnit] MUTALISK from LARVA at (162.7, 40.1)
2023-09-18 19:21:23.555 | 06:51   33ms   10M  729G  95/106U [ActUnit] MUTALISK from LARVA at (164.1, 71.7)
2023-09-18 19:21:24.352 | 06:54   38ms    5M  673G  95/106U [ActUnit] MUTALISK from LARVA at (161.9, 39.5)
2023-09-18 19:21:25.003 | 06:56   49ms   30M  709G  96/106U [ActUnit] ZERGLING from LARVA at (137.9, 61.7)
2023-09-18 19:21:25.658 | 06:58   33ms   10M  645G  97/106U [ActUnit] MUTALISK from LARVA at (137.5, 61.3)
2023-09-18 19:21:26.423 | 07:01   35ms    0M  585G  99/106U [ActUnit] MUTALISK from LARVA at (163.3, 71.2)
2023-09-18 19:21:26.848 | 07:02   42ms    0M  609G 101/106U [ActUnit] DRONE from LARVA at (138.2, 61.8)
2023-09-18 19:21:27.408 | 07:04   47ms   15M  641G 102/106U [ActUnit] ZERGLING from LARVA at (161.6, 39.4)
2023-09-18 19:21:27.532 | 07:05   35ms   40M  645G 103/106U [GameAnalyzer] Known army advantage is now SmallAdvantage
2023-09-18 19:21:27.534 | 07:05   35ms   40M  645G 103/106U [GameAnalyzer] Predicted army advantage is now SmallAdvantage
2023-09-18 19:21:27.546 | 07:05   35ms   40M  645G 103/106U [Inject] injecting hatch (163.5, 74.5)
2023-09-18 19:21:27.733 | 07:05   49ms   10M  653G 102/106U [ActUnit] DRONE from LARVA at (164.3, 71.6)
2023-09-18 19:21:27.735 | 07:05   49ms   10M  653G 102/106U [Inject] injecting hatch (161.5, 42.5)
2023-09-18 19:21:28.294 | 07:06   86ms   45M  677G 103/106U [Inject] injecting hatch (137.5, 64.5)
2023-09-18 19:21:28.488 | 07:07  106ms    5M  681G 103/106U [ActUnit] ZERGLING from LARVA at (163.1, 71.3)
2023-09-18 19:21:28.828 | 07:08   98ms   15M  697G 103/106U [ActUnit] DRONE from LARVA at (163.7, 71.9)
2023-09-18 19:21:29.386 | 07:09   83ms   15M  717G 104/106U [ActUnit] DRONE from LARVA at (160.8, 39.4)
2023-09-18 19:21:29.654 | 07:10   33ms    0M  733G 105/106U [ActUnit] DRONE from LARVA at (161.7, 39.9)
2023-09-18 19:21:30.478 | 07:13   34ms    5M  777G 106/106U [ActUnit] OVERLORD from LARVA at (161.7, 39.7)
2023-09-18 19:21:30.866 | 07:13   86ms   50M  789G 104/106U [GameAnalyzer] Known army advantage is now SlightAdvantage
2023-09-18 19:21:30.868 | 07:13   86ms   50M  789G 104/106U [GameAnalyzer] Predicted army advantage is now SlightAdvantage
2023-09-18 19:21:30.882 | 07:13   86ms    0M  789G 104/106U [ActUnit] DRONE from LARVA at (161.7, 39.7)
2023-09-18 19:21:31.415 | 07:15  103ms   40M  813G 105/106U [GameAnalyzer] Known army advantage is now SmallAdvantage
2023-09-18 19:21:31.416 | 07:15  103ms   40M  813G 105/106U [GameAnalyzer] Predicted army advantage is now SmallAdvantage
2023-09-18 19:21:31.835 | 07:16   40ms   45M  833G 104/106U [ActUnit] ZERGLING from LARVA at (163.6, 71.7)
2023-09-18 19:21:32.091 | 07:17   40ms   20M  849G 105/106U [ActUnit] ZERGLING from LARVA at (137.6, 61.8)
2023-09-18 19:21:32.350 | 07:18   40ms   20M  865G 105/106U [ActUnit] ZERGLING from LARVA at (163.5, 71.6)
2023-09-18 19:21:32.587 | 07:19   37ms   55M  881G 105/106U [GameAnalyzer] Predicted army advantage is now SlightAdvantage
2023-09-18 19:21:32.986 | 07:20   40ms   45M  901G 105/106U [ActUnit] ZERGLING from LARVA at (137.7, 61.9)
2023-09-18 19:21:33.349 | 07:21   37ms   15M  921G 105/106U [ActUnit] OVERLORD from LARVA at (162.0, 39.6)
2023-09-18 19:21:33.474 | 07:22   47ms   20M  929G 105/106U [GameAnalyzer] Known army advantage is now ClearAdvantage
2023-09-18 19:21:33.719 | 07:23   42ms   10M  945G 105/106U [ActUnit] ZERGLING from LARVA at (137.6, 61.6)
2023-09-18 19:21:34.085 | 07:24   42ms   70M  965G 106/106U [GameAnalyzer] Predicted army advantage is now SmallAdvantage
2023-09-18 19:21:35.029 | 07:27   44ms   90M  917G 103/106U [ActUnit] MUTALISK from LARVA at (161.3, 39.9)
2023-09-18 19:21:35.148 | 07:28   38ms  110M  925G 105/106U [GameAnalyzer] Predicted army advantage is now SlightAdvantage
2023-09-18 19:21:35.649 | 07:30   36ms  185M  953G 105/106U [GameAnalyzer] Predicted army advantage is now SmallAdvantage
2023-09-18 19:21:36.026 | 07:31   42ms  145M  873G 105/114U [ActUnit] MUTALISK from LARVA at (163.6, 71.8)
2023-09-18 19:21:36.156 | 07:31   42ms   55M  785G 107/114U [ActUnit] MUTALISK from LARVA at (137.8, 61.6)
2023-09-18 19:21:37.894 | 07:34   52ms   85M  733G 109/114U [ActUnit] MUTALISK from LARVA at (160.5, 39.6)
2023-09-18 19:21:38.038 | 07:35   45ms   10M  741G 111/114U [ActUnit] OVERLORD from LARVA at (164.5, 71.8)
2023-09-18 19:21:38.810 | 07:37   59ms    5M  777G 111/114U [ActUnit] OVERLORD from LARVA at (162.8, 71.7)
2023-09-18 19:21:38.820 | 07:37   59ms    5M  777G 111/114U [Inject] injecting hatch (161.5, 42.5)
2023-09-18 19:21:38.965 | 07:38   46ms   15M  785G 111/114U [Inject] injecting hatch (163.5, 74.5)
2023-09-18 19:21:39.109 | 07:38   48ms   40M  793G 111/114U [Inject] injecting hatch (137.5, 64.5)
2023-09-18 19:21:39.890 | 07:40   48ms   20M  721G 111/122U [ActUnit] MUTALISK from LARVA at (162.7, 40.1)
2023-09-18 19:21:40.632 | 07:42   41ms   10M  657G 113/122U [ActUnit] MUTALISK from LARVA at (163.2, 71.7)
2023-09-18 19:21:41.355 | 07:44   57ms    0M  593G 115/122U [ActUnit] MUTALISK from LARVA at (164.6, 72.0)
2023-09-18 19:21:41.957 | 07:46   48ms    0M  525G 117/122U [ActUnit] MUTALISK from LARVA at (138.0, 61.7)
2023-09-18 19:21:42.802 | 07:49   51ms    5M  465G 119/122U [ActUnit] MUTALISK from LARVA at (161.9, 39.7)
2023-09-18 19:21:44.250 | 07:53   50ms  160M  537G 121/130U [ActUnit] ZERGLING from LARVA at (137.6, 61.9)
2023-09-18 19:21:44.393 | 07:54   43ms   70M  445G 121/130U [ActUnit] MUTALISK from LARVA at (161.6, 39.4)
2023-09-18 19:21:44.537 | 07:54   53ms   40M  453G 123/130U [ActUnit] ZERGLING from LARVA at (163.4, 71.8)
2023-09-18 19:21:44.977 | 07:55   47ms   10M  373G 123/138U [ActUnit] MUTALISK from LARVA at (137.3, 61.4)
2023-09-18 19:21:45.252 | 07:56   44ms   35M  393G 125/144U [EnemyArmyPredicter] Predicting negative free minerals for enemy: -54
2023-09-18 19:21:45.253 | 07:56   44ms   35M  393G 125/144U [GameAnalyzer] Predicted army advantage is now ClearAdvantage
2023-09-18 19:21:45.265 | 07:56   44ms   10M  393G 125/144U [BuildGas] Building EXTRACTOR to (164.5, 92.5)
2023-09-18 19:21:45.560 | 07:57   43ms   15M  405G 124/144U [ActUnit] ZERGLING from LARVA at (163.5, 96.2)
2023-09-18 19:21:45.841 | 07:58   43ms   60M  417G 125/144U [GameAnalyzer] Known army advantage is now OverwhelmingAdvantage
2023-09-18 19:21:45.842 | 07:58   43ms   60M  417G 125/144U [GameAnalyzer] Predicted army advantage is now OverwhelmingAdvantage
2023-09-18 19:21:46.302 | 07:59   61ms    0M  341G 125/144U [ActUnit] MUTALISK from LARVA at (161.9, 39.4)
2023-09-18 19:21:46.598 | 08:00   58ms    0M  353G 127/144U [ActUnit] ZERGLING from LARVA at (137.4, 61.4)
2023-09-18 19:21:46.887 | 08:01   54ms   15M  369G 127/144U [BuildGas] Building EXTRACTOR to (160.5, 92.5)
2023-09-18 19:21:47.024 | 08:02   46ms   30M  377G 127/144U [EnemyArmyPredicter] Predicting negative free minerals for enemy: -139
2023-09-18 19:21:47.026 | 08:02   46ms   30M  377G 127/144U [GameAnalyzer] Known army advantage is now ClearAdvantage
2023-09-18 19:21:47.027 | 08:02   46ms   30M  377G 127/144U [GameAnalyzer] Predicted army advantage is now ClearAdvantage
2023-09-18 19:21:47.177 | 08:02   54ms   10M  385G 127/144U [ActUnit] DRONE from LARVA at (163.6, 71.4)
2023-09-18 19:21:47.919 | 08:04   45ms   10M  321G 127/144U [ActUnit] MUTALISK from LARVA at (137.7, 61.7)
2023-09-18 19:21:48.681 | 08:07   61ms  100M  357G 129/144U [ActBuilding] 1. INFESTATIONPIT near (159.8, 66.3)
2023-09-18 19:21:48.829 | 08:07   51ms   15M  265G 129/144U [EnemyArmyPredicter] Predicting negative free minerals for enemy: -350
2023-09-18 19:21:48.831 | 08:07   51ms   15M  265G 129/144U [GameAnalyzer] Known army advantage is now OverwhelmingAdvantage
2023-09-18 19:21:48.832 | 08:07   51ms   15M  265G 129/144U [GameAnalyzer] Predicted army advantage is now OverwhelmingAdvantage
2023-09-18 19:21:49.312 | 08:08   67ms   25M  285G 128/144U [ActUnit] DRONE from LARVA at (138.4, 61.8)
2023-09-18 19:21:49.474 | 08:09   48ms   50M  293G 129/144U [Inject] injecting hatch (161.5, 42.5)
2023-09-18 19:21:49.475 | 08:09   48ms   50M  293G 129/144U [Inject] injecting hatch (163.5, 99.5)
2023-09-18 19:21:49.778 | 08:10   46ms   85M  309G 129/144U [Inject] injecting hatch (137.5, 64.5)
2023-09-18 19:21:50.140 | 08:11   47ms    0M  221G 129/144U [ActUnit] MUTALISK from LARVA at (164.2, 71.7)
2023-09-18 19:21:50.458 | 08:11   48ms    0M  237G 130/144U [ActUnit] DRONE from LARVA at (163.3, 96.6)
2023-09-18 19:21:50.771 | 08:12   51ms   45M  249G 131/144U [EnemyArmyPredicter] Predicting negative free minerals for enemy: -5220
2023-09-18 19:21:51.422 | 08:14   51ms   40M  181G 131/144U [ActUnit] MUTALISK from LARVA at (160.5, 39.8)
2023-09-18 19:21:51.590 | 08:15   66ms    0M  189G 133/144U [ActUnit] ZERGLING from LARVA at (162.6, 39.3)
2023-09-18 19:21:52.241 | 08:16   67ms   10M  217G 133/144U [ActUnit] ZERGLING from LARVA at (138.4, 61.6)
2023-09-18 19:21:52.577 | 08:17   68ms    5M  233G 133/144U [ActUnit] ZERGLING from LARVA at (160.4, 39.8)
2023-09-18 19:21:52.732 | 08:18   52ms   15M  241G 133/144U [EnemyArmyPredicter] Predicting negative free minerals for enemy: -2145
2023-09-18 19:21:53.193 | 08:19   53ms   15M  261G 133/144U [ActUnit] ZERGLING from LARVA at (162.3, 39.6)
2023-09-18 19:21:53.988 | 08:21   48ms    0M  197G 134/144U [ActUnit] MUTALISK from LARVA at (164.0, 71.3)
2023-09-18 19:21:54.625 | 08:23   48ms   75M  225G 136/144U [EnemyArmyPredicter] Predicting negative free minerals for enemy: -2181
2023-09-18 19:21:54.807 | 08:24   64ms    0M  133G 136/144U [ActUnit] MUTALISK from LARVA at (164.3, 71.7)
2023-09-18 19:21:55.766 | 08:26   54ms    0M   77G 138/144U [ActUnit] MUTALISK from LARVA at (163.0, 96.4)
2023-09-18 19:21:56.547 | 08:28   52ms   70M  113G 138/144U [EnemyArmyPredicter] Predicting negative free minerals for enemy: -2316
2023-09-18 19:21:56.875 | 08:29   48ms    0M   25G 138/144U [ActUnit] MUTALISK from LARVA at (163.8, 96.9)
2023-09-18 19:21:57.017 | 08:30   56ms   15M   33G 136/144U [GameAnalyzer] Known army advantage is now ClearAdvantage
2023-09-18 19:21:57.018 | 08:30   56ms   15M   33G 136/144U [GameAnalyzer] Predicted army advantage is now ClearAdvantage
2023-09-18 19:21:57.486 | 08:31   47ms   10M   32G 136/144U [ActUnit] ROACH from LARVA at (138.3, 61.9)
2023-09-18 19:21:57.782 | 08:32   48ms   25M   48G 138/144U [GameAnalyzer] Known army advantage is now OverwhelmingAdvantage
2023-09-18 19:21:57.783 | 08:32   48ms   25M   48G 138/144U [GameAnalyzer] Predicted army advantage is now OverwhelmingAdvantage
2023-09-18 19:21:59.038 | 08:33   63ms   65M   68G 135/144U [GameAnalyzer] Known army advantage is now ClearAdvantage
2023-09-18 19:21:59.039 | 08:33   63ms   65M   68G 135/144U [GameAnalyzer] Predicted army advantage is now ClearAdvantage
2023-09-18 19:21:59.194 | 08:34   51ms   85M   76G 135/144U [EnemyArmyPredicter] Predicting negative free minerals for enemy: -690
2023-09-18 19:21:59.196 | 08:34   51ms   85M   76G 135/144U [GameAnalyzer] Known army advantage is now OverwhelmingAdvantage
2023-09-18 19:21:59.197 | 08:34   51ms   85M   76G 135/144U [GameAnalyzer] Predicted army advantage is now OverwhelmingAdvantage
2023-09-18 19:21:59.208 | 08:34   51ms   10M   51G 135/144U [ActUnit] ROACH from LARVA at (164.4, 71.9)
2023-09-18 19:22:00.338 | 08:37   72ms   35M    7G 137/144U [ActUnit] MUTALISK from LARVA at (137.9, 61.9)
2023-09-18 19:22:01.176 | 08:39   53ms  105M   47G 139/144U [GameAnalyzer] Predicted army advantage is now ClearAdvantage
2023-09-18 19:22:01.367 | 08:40   73ms  135M   51G 139/144U [Inject] injecting hatch (163.5, 74.5)
2023-09-18 19:22:01.547 | 08:40   57ms  105M   59G 139/144U [ActUnit] ZERGLING from LARVA at (138.5, 61.6)
2023-09-18 19:22:01.753 | 08:40   67ms   20M   71G 140/144U [ActUnit] OVERLORD from LARVA at (163.1, 96.6)
2023-09-18 19:22:01.765 | 08:40   67ms   20M   71G 140/144U [Inject] injecting hatch (161.5, 42.5)
2023-09-18 19:22:02.105 | 08:41   68ms    0M   87G 139/144U [ActUnit] ZERGLING from LARVA at (136.8, 61.7)
2023-09-18 19:22:02.107 | 08:41   68ms    0M   87G 139/144U [Inject] injecting hatch (137.5, 64.5)
2023-09-18 19:22:03.245 | 08:45   49ms  120M  143G 138/144U [GameAnalyzer] Predicted army advantage is now SmallAdvantage
2023-09-18 19:22:04.515 | 08:48   49ms   75M   65G 138/136U [MorphOverseer] Morphing OVERLORD at (161.9, 39.5)
2023-09-18 19:22:05.470 | 08:51   49ms   20M   71G 138/136U [ActUnit] OVERLORD from LARVA at (161.5, 38.9)
2023-09-18 19:22:08.057 | 08:58   55ms  175M   85G 132/136U [ActUnit] ZERGLING from LARVA at (164.0, 96.6)
2023-09-18 19:22:08.495 | 09:00   49ms  180M  117G 133/144U [ActUnit] ZERGLING from LARVA at (164.7, 71.7)
2023-09-18 19:22:08.778 | 09:01   50ms  305M  287G 134/144U [GameAnalyzer] Predicted army advantage is now ClearAdvantage
2023-09-18 19:22:09.079 | 09:01   49ms  195M  157G 134/144U [ActUnit] ZERGLING from LARVA at (137.8, 61.8)
2023-09-18 19:22:09.378 | 09:02   48ms  180M  173G 135/144U [ActUnit] ZERGLING from LARVA at (138.6, 61.5)
2023-09-18 19:22:09.806 | 09:04   52ms  200M  205G 135/144U [ActUnit] ZERGLING from LARVA at (162.7, 39.3)
2023-09-18 19:22:10.088 | 09:05   53ms  190M  221G 136/144U [ActUnit] ZERGLING from LARVA at (164.1, 96.9)
2023-09-18 19:22:10.802 | 09:07   47ms  175M  244G 137/144U [ActUnit] ROACH from LARVA at (163.0, 39.9)
2023-09-18 19:22:11.508 | 09:09   51ms  185M  192G 139/152U [ActUnit] MUTALISK from LARVA at (163.2, 71.5)
2023-09-18 19:22:12.241 | 09:11   45ms  265M  240G 141/152U [Inject] injecting hatch (163.5, 74.5)
2023-09-18 19:22:12.511 | 09:12   46ms  255M  260G 141/152U [ActUnit] ZERGLING from LARVA at (164.6, 72.0)
2023-09-18 19:22:12.513 | 09:12   46ms  255M  260G 141/152U [Inject] injecting hatch (161.5, 42.5)
2023-09-18 19:22:12.514 | 09:12   46ms  255M  260G 141/152U [Inject] injecting hatch (163.5, 99.5)
2023-09-18 19:22:12.792 | 09:13   48ms  195M  180G 142/152U [ActUnit] MUTALISK from LARVA at (162.8, 71.8)
2023-09-18 19:22:12.794 | 09:13   48ms  195M  180G 142/152U [Inject] injecting hatch (137.5, 64.5)
2023-09-18 19:22:13.610 | 09:16   46ms  260M  236G 144/152U [ActUnit] ZERGLING from LARVA at (138.5, 61.9)
2023-09-18 19:22:14.060 | 09:17   65ms  260M  268G 145/152U [ActUnit] ZERGLING from LARVA at (162.3, 39.9)
2023-09-18 19:22:14.355 | 09:18   53ms  190M  188G 146/152U [ActUnit] MUTALISK from LARVA at (163.0, 96.9)
2023-09-18 19:22:14.499 | 09:18   50ms  210M  350G 148/152U [ActUnit] OVERLORD from LARVA at (162.6, 39.2)
2023-09-18 19:22:14.648 | 09:19   55ms  225M  358G 148/152U [GameAnalyzer] Predicted army advantage is now OverwhelmingAdvantage
2023-09-18 19:22:15.862 | 09:22   55ms  175M  184G 148/152U [ActUnit] MUTALISK from LARVA at (161.0, 39.9)
2023-09-18 19:22:17.188 | 09:26  108ms  265M  260G 150/152U [ActUnit] ZERGLING from LARVA at (162.4, 71.4)
2023-09-18 19:22:17.503 | 09:27   74ms  265M  280G 151/152U [ActUnit] ZERGLING from LARVA at (162.6, 96.9)
2023-09-18 19:22:21.230 | 09:37  105ms  605M  496G 152/160U [ActUnit] ZERGLING from LARVA at (161.8, 39.9)
2023-09-18 19:22:21.427 | 09:37   99ms  575M  504G 153/160U [ActUnit] ZERGLING from LARVA at (164.5, 96.6)
2023-09-18 19:22:21.580 | 09:38  109ms  540M  516G 154/160U [ActUnit] ZERGLING from LARVA at (137.8, 61.9)
2023-09-18 19:22:21.741 | 09:38   64ms  500M  524G 155/160U [ActUnit] ZERGLING from LARVA at (164.8, 96.5)
2023-09-18 19:22:21.925 | 09:39   74ms  530M  682G 156/160U [ActUnit] OVERLORD from LARVA at (164.0, 71.8)
2023-09-18 19:22:21.940 | 09:39   74ms  380M  532G 156/160U [ActUnit] ZERGLING from LARVA at (138.0, 61.6)
2023-09-18 19:22:22.087 | 09:39  107ms  400M  694G 157/160U [ActUnit] OVERLORD from LARVA at (162.1, 72.0)
2023-09-18 19:22:22.102 | 09:39  107ms  200M  444G 157/160U [ActUnit] MUTALISK from LARVA at (138.3, 61.9)
2023-09-18 19:22:23.308 | 09:42  129ms  265M  500G 159/160U [ActUnit] ZERGLING from LARVA at (164.5, 71.8)
2023-09-18 19:22:23.861 | 09:43  107ms  300M  532G 160/160U [Inject] injecting hatch (163.5, 74.5)
2023-09-18 19:22:24.208 | 09:44  113ms  350M  552G 160/160U [Inject] injecting hatch (161.5, 42.5)
2023-09-18 19:22:24.209 | 09:44  113ms  350M  552G 160/160U [Inject] injecting hatch (163.5, 99.5)
2023-09-18 19:22:24.557 | 09:45   69ms  385M  572G 160/160U [Inject] injecting hatch (137.5, 64.5)
2023-09-18 19:22:25.735 | INFO     | sc2.protocol:_execute:72 - Client status changed to Status.ended (was Status.in_game)
2023-09-18 19:22:25.743 | Result: Victory
2023-09-18 19:22:25.743 | Duration: 09:47
2023-09-18 19:22:25.744 | Step time min: 6
2023-09-18 19:22:25.744 | Step time avg: 41
2023-09-18 19:22:25.745 | Step time max: 141
2023-09-18 19:22:25.746 | [LostUnitsContents] My lost units minerals and gas: (2800, 350)
2023-09-18 19:22:25.746 | [LostUnitsContents] My lost units minerals by score: 2800.0
2023-09-18 19:22:25.747 | [LostUnitsContents] Enemy lost units minerals and gas: (11575, 1000)
2023-09-18 19:22:25.747 | [LostUnitsContents] Enemy lost units minerals by score: 12225.0
2023-09-18 19:22:25.748 | [GameAnalyzerEnd] Own units:
2023-09-18 19:22:25.749 | [GameAnalyzerEnd] ZERGLING          total:  96 alive:  26 dead:  70 
2023-09-18 19:22:25.749 | [GameAnalyzerEnd] DRONE             total:  57 alive:  57 dead:   0 
2023-09-18 19:22:25.750 | [GameAnalyzerEnd] CREEPTUMOR        total:  49 alive:  49 dead:   0 
2023-09-18 19:22:25.750 | [GameAnalyzerEnd] MUTALISK          total:  28 alive:  28 dead:   0 
2023-09-18 19:22:25.751 | [GameAnalyzerEnd] OVERLORD          total:  16 alive:  16 dead:   0 
2023-09-18 19:22:25.751 | [GameAnalyzerEnd] ROACH             total:  16 alive:   4 dead:  12 
2023-09-18 19:22:25.752 | [GameAnalyzerEnd] LARVA             total:  16 alive:  16 dead:   0 
2023-09-18 19:22:25.752 | [GameAnalyzerEnd] EGG               total:   9 alive:   9 dead:   0 
2023-09-18 19:22:25.753 | [GameAnalyzerEnd] EXTRACTOR         total:   8 alive:   8 dead:   0 
2023-09-18 19:22:25.753 | [GameAnalyzerEnd] QUEEN             total:   5 alive:   5 dead:   0 
2023-09-18 19:22:25.754 | [GameAnalyzerEnd] HATCHERY          total:   3 alive:   3 dead:   0 
2023-09-18 19:22:25.754 | [GameAnalyzerEnd] OVERSEER          total:   2 alive:   1 dead:   1 
2023-09-18 19:22:25.755 | [GameAnalyzerEnd] ROACHWARREN       total:   1 alive:   1 dead:   0 
2023-09-18 19:22:25.755 | [GameAnalyzerEnd] SPAWNINGPOOL      total:   1 alive:   1 dead:   0 
2023-09-18 19:22:25.756 | [GameAnalyzerEnd] LAIR              total:   1 alive:   1 dead:   0 
2023-09-18 19:22:25.756 | [GameAnalyzerEnd] SPINECRAWLER      total:   1 alive:   1 dead:   0 
2023-09-18 19:22:25.757 | [GameAnalyzerEnd] INFESTATIONPIT    total:   1 alive:   1 dead:   0 
2023-09-18 19:22:25.757 | [GameAnalyzerEnd] SPIRE             total:   1 alive:   1 dead:   0 
2023-09-18 19:22:25.758 | [GameAnalyzerEnd] Enemy units:
2023-09-18 19:22:25.758 | [GameAnalyzerEnd] MARINE            total:  86 alive:   0 dead:  86 
2023-09-18 19:22:25.759 | [GameAnalyzerEnd] SCV               total:  56 alive:   0 dead:  56 
2023-09-18 19:22:25.759 | [GameAnalyzerEnd] SUPPLYDEPOT       total:   9 alive:   1 dead:   8 
2023-09-18 19:22:25.760 | [GameAnalyzerEnd] BARRACKS          total:   9 alive:   0 dead:   9 
2023-09-18 19:22:25.760 | [GameAnalyzerEnd] MARAUDER          total:   8 alive:   0 dead:   8 
2023-09-18 19:22:25.760 | [GameAnalyzerEnd] MEDIVAC           total:   4 alive:   0 dead:   4 
2023-09-18 19:22:25.761 | [GameAnalyzerEnd] ORBITALCOMMAND    total:   2 alive:   0 dead:   2 
2023-09-18 19:22:25.762 | [GameAnalyzerEnd] TECHLAB           total:   2 alive:   0 dead:   2 
2023-09-18 19:22:25.762 | [GameAnalyzerEnd] REFINERY          total:   2 alive:   0 dead:   2 
2023-09-18 19:22:25.763 | [GameAnalyzerEnd] ENGINEERINGBAY    total:   1 alive:   0 dead:   1 
2023-09-18 19:22:25.764 | [GameAnalyzerEnd] STARPORT          total:   1 alive:   0 dead:   1 
2023-09-18 19:22:25.764 | [GameAnalyzerEnd] FACTORY           total:   1 alive:   0 dead:   1 
2023-09-18 19:22:25.765 | [GameAnalyzerEnd] Minerals max 755 Average 113
2023-09-18 19:22:25.766 | [GameAnalyzerEnd] Vespene max 1013 Average 278
2023-09-18 19:22:25.766 | INFO     | sc2.main:_play_game:228 - Result for player 2 - Bot LadderBot(Zerg): Victory
