2023-09-18 14:42:26.877 | INFO     | sc2.protocol:_execute:72 - Client status changed to Status.in_game (was None)
2023-09-18 14:42:26.878 | INFO     | sc2.main:_play_game:221 - Player 2 - Bot LadderBot(Zerg)
2023-09-18 14:42:27.110 | 00:00    0ms    0M    0G  12/ 14U [Version] 4.10.0.75689
2023-09-18 14:42:27.111 | 00:00    0ms    0M    0G  12/ 14U [Version] 5.0.6 Balance mod recognized.
2023-09-18 14:42:27.178 | 00:00    0ms    0M    0G  12/ 14U [ZoneManager] Map set to: MapName.Unknown from name: InfestationStationAIE and hash: 3102896.
2023-09-18 14:42:27.729 | [DataManager] No BuildDetector found, enemy build data cannot be saved
2023-09-18 14:42:27.753 | [Start] My race: Zerg
2023-09-18 14:42:27.754 | [Start] Opponent race: Terran
2023-09-18 14:42:27.755 | [Start] OpponentId: 1
2023-09-18 14:42:27.809 | 00:00    0ms    0M    0G  12/ 14U [ActUnit] DRONE from LARVA at (42.6, 37.8)
2023-09-18 14:42:28.984 | 00:07    6ms    0M    0G  13/ 14U [ActUnit] DRONE from LARVA at (43.1, 37.4)
2023-09-18 14:42:29.864 | 00:16    7ms   20M    0G  14/ 14U [ActUnit] OVERLORD from LARVA at (43.5, 37.8)
2023-09-18 14:42:31.581 | 00:34    7ms  200M    0G  14/ 22U [ActUnit] DRONE from LARVA at (43.9, 37.6)
2023-09-18 14:42:31.624 | 00:35    9ms  155M    0G  15/ 22U [ActUnit] DRONE from LARVA at (43.9, 37.3)
2023-09-18 14:42:32.732 | 00:46    7ms  300M    0G  16/ 22U [Expand] Expanding to (69.5, 34.5)
2023-09-18 14:42:33.101 | 00:50    8ms    5M    0G  16/ 22U [ActUnit] DRONE from LARVA at (43.5, 37.4)
2023-09-18 14:42:33.475 | 00:54    7ms   55M    0G  16/ 22U [GameAnalyzer] Income advantage is now SmallAdvantage
2023-09-18 14:42:33.477 | 00:54    7ms   30M    0G  16/ 22U [BuildGas] Building EXTRACTOR to (36.5, 43.5)
2023-09-18 14:42:33.609 | 00:55    8ms    5M    0G  15/ 22U [ActUnit] DRONE from LARVA at (43.4, 37.9)
2023-09-18 14:42:36.375 | 01:10   19ms  200M    0G  16/ 22U [ActBuilding] 1. SPAWNINGPOOL near (48.1, 48.2)
2023-09-18 14:42:37.051 | 01:14   52ms    0M    0G  15/ 22U [ActUnit] DRONE from LARVA at (43.8, 37.2)
2023-09-18 14:42:37.781 | 01:17   61ms    0M    0G  16/ 22U [ActUnit] DRONE from LARVA at (44.0, 37.9)
2023-09-18 14:42:38.689 | 01:22   58ms    0M    0G  17/ 22U [ActUnit] DRONE from LARVA at (43.8, 37.9)
2023-09-18 14:42:39.934 | 01:28   57ms   20M   20G  18/ 22U [ActUnit] DRONE from LARVA at (43.7, 37.4)
2023-09-18 14:42:41.875 | 01:39   60ms   55M   48G  19/ 22U [ActUnit] OVERLORD from LARVA at (43.5, 37.4)
2023-09-18 14:42:44.018 | 01:50   73ms  145M   80G  19/ 22U [ActUnit] DRONE from LARVA at (43.3, 37.7)
2023-09-18 14:42:46.648 | 02:00  101ms  155M  108G  20/ 30U [ActUnit] QUEEN from HATCHERY at (43.5, 40.5)
2023-09-18 14:42:46.652 | 02:00  101ms  155M  108G  20/ 30U [Tech] Started ZERGLINGMOVEMENTSPEED
2023-09-18 14:42:46.656 | 02:00  101ms    5M    8G  20/ 30U [ActUnit] ZERGLING from LARVA at (43.5, 37.4)
2023-09-18 14:42:47.890 | 02:05   55ms   30M   20G  23/ 36U [ActUnit] ZERGLING from LARVA at (69.5, 31.6)
2023-09-18 14:42:48.779 | 02:11   11ms   65M   36G  24/ 36U [ActUnit] DRONE from LARVA at (43.7, 37.4)
2023-09-18 14:42:49.484 | 02:16    8ms   90M   48G  25/ 36U [ActUnit] DRONE from LARVA at (69.5, 31.6)
2023-09-18 14:42:49.765 | 02:18    8ms  115M   56G  26/ 36U [GameAnalyzer] Known army advantage is now SlightAdvantage
2023-09-18 14:42:49.766 | 02:18    8ms  115M   56G  26/ 36U [GameAnalyzer] Predicted army advantage is now SlightAdvantage
2023-09-18 14:42:50.134 | 02:20   11ms    5M   60G  26/ 36U [ActUnit] QUEEN from HATCHERY at (69.5, 34.5)
2023-09-18 14:42:51.107 | 02:26   11ms  105M   76G  28/ 36U [DefensiveBuilding] Building SPINECRAWLER to (73.29628301182649, 37.75395686727984)
2023-09-18 14:42:52.787 | 02:37    9ms   10M    4G  27/ 36U [Inject] injecting hatch (43.5, 40.5)
2023-09-18 14:42:53.212 | 02:39   11ms    0M   12G  27/ 36U [ActUnit] DRONE from LARVA at (69.8, 31.4)
2023-09-18 14:42:53.628 | 02:42    9ms    5M   20G  28/ 36U [ActUnit] DRONE from LARVA at (43.2, 37.9)
2023-09-18 14:42:54.971 | 02:45   10ms    0M   28G  29/ 36U [ActUnit] DRONE from LARVA at (44.6, 38.0)
2023-09-18 14:42:55.468 | 02:48    9ms    0M   36G  30/ 36U [ActUnit] DRONE from LARVA at (69.5, 31.6)
2023-09-18 14:42:55.992 | 02:51   12ms    0M   44G  31/ 36U [ActUnit] ZERGLING from LARVA at (69.6, 31.5)
2023-09-18 14:42:56.436 | 02:54   12ms    0M   52G  32/ 36U [ActUnit] ZERGLING from LARVA at (43.0, 37.4)
2023-09-18 14:42:56.783 | 02:56    9ms   30M   60G  33/ 36U [GameAnalyzer] Known army advantage is now SmallAdvantage
2023-09-18 14:42:56.784 | 02:56    9ms   30M   60G  33/ 36U [GameAnalyzer] Predicted army advantage is now SmallAdvantage
2023-09-18 14:42:56.788 | 02:56    9ms   30M   60G  33/ 36U [Inject] injecting hatch (69.5, 34.5)
2023-09-18 14:42:57.021 | 02:58   13ms   55M   64G  33/ 36U [GameAnalyzer] Income advantage is now ClearAdvantage
2023-09-18 14:42:57.024 | 02:58   13ms    5M   64G  33/ 36U [ActUnit] ZERGLING from LARVA at (43.6, 37.5)
2023-09-18 14:42:57.460 | 03:00   11ms    0M   68G  34/ 36U [ActUnit] ZERGLING from LARVA at (69.6, 31.9)
2023-09-18 14:42:58.199 | 03:05   13ms   30M   80G  35/ 36U [ActUnit] DRONE from LARVA at (43.5, 37.4)
2023-09-18 14:42:58.774 | 03:08   12ms   95M   92G  36/ 36U [Inject] injecting hatch (43.5, 40.5)
2023-09-18 14:42:58.831 | 03:09   11ms   10M   92G  36/ 36U [ActUnit] OVERLORD from LARVA at (44.1, 37.9)
2023-09-18 14:42:59.986 | 03:15   16ms  155M  112G  36/ 36U [ActBuilding] 1. ROACHWARREN near (47.8, 48.4)
2023-09-18 14:43:00.380 | 03:18   13ms   35M  116G  36/ 36U [GameAnalyzer] Known army advantage is now ClearAdvantage
2023-09-18 14:43:00.381 | 03:18   13ms   35M  116G  36/ 36U [GameAnalyzer] Predicted army advantage is now ClearAdvantage
2023-09-18 14:43:00.533 | 03:19   14ms    5M  120G  35/ 36U [ActUnit] DRONE from LARVA at (69.5, 31.6)
2023-09-18 14:43:01.970 | 03:27   13ms  125M  144G  36/ 44U [ActUnit] DRONE from LARVA at (70.0, 31.7)
2023-09-18 14:43:02.032 | 03:28   12ms   85M  144G  37/ 44U [ActUnit] DRONE from LARVA at (44.2, 37.7)
2023-09-18 14:43:02.135 | 03:28   15ms   45M  144G  38/ 44U [ActUnit] DRONE from LARVA at (70.0, 31.9)
2023-09-18 14:43:02.137 | 03:28   15ms   45M  144G  38/ 44U [Inject] injecting hatch (69.5, 34.5)
2023-09-18 14:43:02.205 | 03:28   14ms    0M  148G  39/ 44U [ActUnit] DRONE from LARVA at (69.2, 31.5)
2023-09-18 14:43:02.504 | 03:30   11ms    0M  152G  40/ 44U [ActUnit] ZERGLING from LARVA at (42.9, 37.3)
2023-09-18 14:43:03.302 | 03:33   75ms   10M  160G  41/ 44U [ActUnit] ZERGLING from LARVA at (42.3, 38.1)
2023-09-18 14:43:03.923 | 03:36   23ms   70M  164G  42/ 44U [GameAnalyzer] Known army advantage is now SmallAdvantage
2023-09-18 14:43:03.928 | 03:36   23ms   70M  164G  42/ 44U [GameAnalyzer] Predicted army advantage is now SmallAdvantage
2023-09-18 14:43:03.932 | 03:36   23ms   20M  164G  42/ 44U [ActUnit] ZERGLING from LARVA at (70.1, 31.7)
2023-09-18 14:43:04.929 | 03:39   25ms   80M  176G  42/ 44U [GameAnalyzer] Known army advantage is now SlightAdvantage
2023-09-18 14:43:04.930 | 03:39   25ms   80M  176G  42/ 44U [GameAnalyzer] Predicted army advantage is now SlightAdvantage
2023-09-18 14:43:05.029 | 03:40   84ms   35M  176G  42/ 44U [ActUnit] ZERGLING from LARVA at (43.0, 37.9)
2023-09-18 14:43:06.766 | 03:43   67ms    0M  184G  42/ 44U [ActUnit] OVERLORD from LARVA at (69.1, 31.7)
2023-09-18 14:43:07.212 | 03:45   27ms   45M  188G  42/ 44U [GameAnalyzer] Known army advantage is now SmallAdvantage
2023-09-18 14:43:07.218 | 03:45   27ms   45M  188G  42/ 44U [GameAnalyzer] Predicted army advantage is now SmallAdvantage
2023-09-18 14:43:07.501 | 03:45   67ms   20M  192G  42/ 44U [ActUnit] ZERGLING from LARVA at (43.7, 37.1)
2023-09-18 14:43:08.610 | 03:49   66ms    5M  200G  43/ 44U [ActUnit] OVERLORD from LARVA at (44.0, 37.8)
2023-09-18 14:43:08.718 | 03:49   84ms   20M  204G  43/ 44U [Inject] injecting hatch (43.5, 40.5)
2023-09-18 14:43:09.538 | 03:53   16ms  105M  212G  43/ 44U [GameAnalyzer] Known army advantage is now ClearAdvantage
2023-09-18 14:43:09.539 | 03:53   16ms  105M  212G  43/ 44U [GameAnalyzer] Predicted army advantage is now ClearAdvantage
2023-09-18 14:43:10.764 | 04:00   15ms  250M  232G  43/ 44U [BuildGas] Building EXTRACTOR to (72.5, 27.5)
2023-09-18 14:43:11.018 | 04:01   25ms  255M  236G  42/ 52U [BuildGas] Building EXTRACTOR to (76.5, 31.5)
2023-09-18 14:43:11.019 | 04:01   25ms  205M  236G  42/ 52U [ActUnit] DRONE from LARVA at (69.3, 31.6)
2023-09-18 14:43:11.020 | 04:01   25ms  205M  236G  42/ 52U [Inject] injecting hatch (69.5, 34.5)
2023-09-18 14:43:11.089 | 04:01   16ms  145M  211G  43/ 52U [ActUnit] ROACH from LARVA at (41.9, 37.6)
2023-09-18 14:43:11.181 | 04:02   19ms   90M  186G  45/ 52U [ActUnit] ROACH from LARVA at (68.9, 31.7)
2023-09-18 14:43:11.253 | 04:02   15ms   25M  165G  47/ 52U [ActUnit] ROACH from LARVA at (69.6, 31.7)
2023-09-18 14:43:11.697 | 04:05   18ms    0M  144G  49/ 52U [ActUnit] ROACH from LARVA at (68.8, 31.7)
2023-09-18 14:43:12.093 | 04:07   13ms    5M  152G  51/ 52U [ActUnit] DRONE from LARVA at (68.9, 31.6)
2023-09-18 14:43:12.410 | 04:09   13ms    0M  156G  52/ 60U [ActUnit] DRONE from LARVA at (43.3, 37.7)
2023-09-18 14:43:12.894 | 04:11   13ms   10M  164G  53/ 60U [ActUnit] DRONE from LARVA at (43.8, 37.5)
2023-09-18 14:43:13.207 | 04:13   13ms    0M  168G  53/ 60U [ActUnit] DRONE from LARVA at (69.6, 31.4)
2023-09-18 14:43:14.139 | 04:18   15ms   65M  180G  54/ 60U [ActUnit] DRONE from LARVA at (43.6, 37.9)
2023-09-18 14:43:15.335 | 04:24   23ms  220M  196G  55/ 60U [GameAnalyzer] Known army advantage is now OverwhelmingAdvantage
2023-09-18 14:43:15.336 | 04:24   23ms  220M  196G  55/ 60U [GameAnalyzer] Predicted army advantage is now OverwhelmingAdvantage
2023-09-18 14:43:16.063 | 04:28   24ms  300M  208G  55/ 60U [Expand] Expanding to (99.5, 33.5)
2023-09-18 14:43:16.484 | 04:30   17ms    5M  212G  55/ 60U [ActUnit] DRONE from LARVA at (69.8, 31.5)
2023-09-18 14:43:16.765 | 04:31   20ms   40M  216G  56/ 60U [Inject] injecting hatch (43.5, 40.5)
2023-09-18 14:43:17.017 | 04:33   17ms   10M  220G  56/ 60U [ActUnit] DRONE from LARVA at (43.2, 37.7)
2023-09-18 14:43:17.286 | 04:34   21ms    5M  224G  57/ 60U [ActUnit] DRONE from LARVA at (44.9, 38.0)
2023-09-18 14:43:17.727 | 04:36   17ms   10M  236G  58/ 60U [ActUnit] DRONE from LARVA at (44.6, 38.0)
2023-09-18 14:43:17.729 | 04:36   17ms   10M  236G  58/ 60U [Inject] injecting hatch (69.5, 34.5)
2023-09-18 14:43:17.992 | 04:38   22ms   20M  244G  58/ 60U [GameAnalyzer] Income advantage is now OverwhelmingAdvantage
2023-09-18 14:43:18.166 | 04:39   27ms    5M  248G  58/ 60U [ActUnit] DRONE from LARVA at (42.1, 38.3)
2023-09-18 14:43:19.408 | 04:41   18ms   10M  260G  59/ 60U [ActUnit] DRONE from LARVA at (69.5, 31.5)
2023-09-18 14:43:20.214 | 04:45   18ms    0M  284G  60/ 60U [ActUnit] OVERLORD from LARVA at (70.5, 31.6)
2023-09-18 14:43:21.184 | 04:50   16ms   20M  324G  60/ 60U [ActUnit] OVERLORD from LARVA at (68.5, 31.8)
2023-09-18 14:43:23.309 | 05:00   17ms  305M  412G  60/ 60U [Inject] injecting hatch (43.5, 40.5)
2023-09-18 14:43:23.842 | 05:03   17ms  220M  432G  60/ 68U [ActUnit] QUEEN from HATCHERY at (69.5, 34.5)
2023-09-18 14:43:23.845 | 05:03   17ms  170M  432G  60/ 68U [ActUnit] DRONE from LARVA at (43.4, 37.9)
2023-09-18 14:43:24.132 | 05:04   23ms  210M  444G  63/ 68U [ActBuilding] 1. SPIRE near (106.5, 39.2)
2023-09-18 14:43:24.173 | 05:04   23ms  160M  444G  63/ 68U [ActUnit] DRONE from LARVA at (43.4, 37.4)
2023-09-18 14:43:24.253 | 05:05   57ms   65M  448G  64/ 68U [ActUnit] OVERLORD from LARVA at (42.9, 37.9)
2023-09-18 14:43:24.439 | 05:06   17ms    5M  456G  64/ 68U [ActUnit] OVERLORD from LARVA at (44.0, 37.4)
2023-09-18 14:43:25.774 | 05:10   70ms  120M  492G  64/ 76U [GameAnalyzer] Known army advantage is now ClearAdvantage
2023-09-18 14:43:25.775 | 05:10   70ms  120M  492G  64/ 76U [GameAnalyzer] Predicted army advantage is now ClearAdvantage
2023-09-18 14:43:25.904 | 05:11   88ms  130M  496G  63/ 76U [GameAnalyzer] Known army advantage is now SmallAdvantage
2023-09-18 14:43:25.910 | 05:11   88ms  130M  496G  63/ 76U [GameAnalyzer] Predicted army advantage is now SmallAdvantage
2023-09-18 14:43:26.716 | 05:13   76ms  205M  512G  62/ 76U [ActBuilding] 1. SPIRE near (74.0, 42.3)
2023-09-18 14:43:27.469 | 05:15   87ms   60M  332G  60/ 76U [MorphOverseer] Morphing OVERLORD at (43.8, 39.3)
2023-09-18 14:43:27.641 | 05:16   72ms   15M  286G  60/ 76U [GameAnalyzer] Known army advantage is now ClearAdvantage
2023-09-18 14:43:27.642 | 05:16   72ms   15M  286G  60/ 76U [GameAnalyzer] Predicted army advantage is now ClearAdvantage
2023-09-18 14:43:27.937 | 05:16   35ms    5M  290G  59/ 76U [ActUnit] ZERGLING from LARVA at (68.5, 31.3)
2023-09-18 14:43:28.529 | 05:18   26ms   10M  306G  59/ 76U [ActUnit] ZERGLING from LARVA at (70.3, 31.8)
2023-09-18 14:43:29.368 | 05:21   72ms    0M  326G  60/ 76U [ActUnit] ZERGLING from LARVA at (70.5, 31.7)
2023-09-18 14:43:29.618 | 05:22   25ms    5M  338G  61/ 76U [ActUnit] ZERGLING from LARVA at (70.5, 31.6)
2023-09-18 14:43:30.295 | 05:24   90ms    5M  354G  61/ 92U [ActUnit] ZERGLING from LARVA at (70.7, 31.2)
2023-09-18 14:43:30.815 | 05:26   18ms    0M  374G  62/ 92U [ActUnit] DRONE from LARVA at (43.9, 37.9)
2023-09-18 14:43:31.110 | 05:28   21ms    0M  382G  63/ 92U [ActUnit] DRONE from LARVA at (42.0, 37.5)
2023-09-18 14:43:31.494 | 05:29   20ms    0M  398G  64/ 92U [ActUnit] DRONE from LARVA at (68.8, 31.3)
2023-09-18 14:43:31.954 | 05:32   18ms   10M  418G  65/ 92U [ActUnit] DRONE from LARVA at (43.0, 37.4)
2023-09-18 14:43:32.255 | 05:33   26ms   10M  430G  66/ 92U [ActUnit] DRONE from LARVA at (43.0, 37.2)
2023-09-18 14:43:32.644 | 05:35   22ms   55M  442G  67/ 92U [Inject] injecting hatch (69.5, 34.5)
2023-09-18 14:43:32.851 | 05:36   21ms   10M  421G  67/ 92U [ActUnit] ROACH from LARVA at (43.3, 37.8)
2023-09-18 14:43:34.124 | 05:38   18ms    5M  416G  69/ 92U [ActUnit] ROACH from LARVA at (42.3, 38.1)
2023-09-18 14:43:34.432 | 05:39   23ms   30M  428G  71/ 92U [GameAnalyzer] Known army advantage is now OverwhelmingAdvantage
2023-09-18 14:43:34.433 | 05:39   23ms   30M  428G  71/ 92U [GameAnalyzer] Predicted army advantage is now OverwhelmingAdvantage
2023-09-18 14:43:34.723 | 05:41   18ms    5M  415G  71/ 92U [ActUnit] ROACH from LARVA at (69.8, 31.6)
2023-09-18 14:43:35.304 | 05:43   18ms    5M  410G  73/ 92U [ActUnit] ROACH from LARVA at (43.7, 37.6)
2023-09-18 14:43:35.891 | 05:46   19ms    0M  405G  75/ 92U [ActUnit] ROACH from LARVA at (69.2, 31.7)
2023-09-18 14:43:36.082 | 05:47   18ms   30M  417G  77/ 92U [Inject] injecting hatch (43.5, 40.5)
2023-09-18 14:43:36.598 | 05:49   25ms   20M  408G  77/ 98U [ActUnit] ROACH from LARVA at (99.7, 30.6)
2023-09-18 14:43:37.191 | 05:52   26ms   55M  428G  79/ 98U [ActUnit] DRONE from LARVA at (43.3, 37.6)
2023-09-18 14:43:37.786 | 05:54   21ms   70M  452G  80/ 98U [ActUnit] DRONE from LARVA at (69.7, 31.5)
2023-09-18 14:43:38.380 | 05:57   28ms   15M  472G  81/ 98U [ActUnit] QUEEN from HATCHERY at (69.5, 34.5)
2023-09-18 14:43:38.954 | 06:00   29ms   30M  496G  83/ 98U [ActUnit] DRONE from LARVA at (99.7, 30.6)
2023-09-18 14:43:39.537 | 06:02   25ms   65M  516G  84/ 98U [ActUnit] DRONE from LARVA at (43.4, 37.5)
2023-09-18 14:43:39.637 | 06:03   23ms   75M  520G  85/ 98U [PlanZoneAttack] Power 24.17 is larger than required attack power 20.00 -> attack!
2023-09-18 14:43:39.639 | 06:03   23ms   75M  520G  85/ 98U [PlanZoneAttack] Attack started at 24.17 power.
2023-09-18 14:43:39.941 | 06:04   29ms  115M  532G  85/ 98U [Inject] injecting hatch (69.5, 34.5)
2023-09-18 14:43:40.186 | 06:05   81ms    0M  536G  85/ 98U [ActUnit] QUEEN from HATCHERY at (99.5, 33.5)
2023-09-18 14:43:40.654 | 06:06   78ms   50M  548G  87/ 98U [Inject] injecting hatch (99.5, 33.5)
2023-09-18 14:43:42.548 | 06:11   54ms  200M  584G  86/ 98U [GameAnalyzer] Known army advantage is now ClearAdvantage
2023-09-18 14:43:42.551 | 06:11   54ms  200M  584G  86/ 98U [GameAnalyzer] Predicted army advantage is now ClearAdvantage
2023-09-18 14:43:43.828 | 06:14   98ms  305M  612G  85/ 98U [Expand] Expanding to (63.5, 58.5)
2023-09-18 14:43:43.989 | 06:15   83ms   15M  616G  85/ 98U [GameAnalyzer] Known army advantage is now OverwhelmingAdvantage
2023-09-18 14:43:43.997 | 06:15   83ms   15M  616G  85/ 98U [GameAnalyzer] Predicted army advantage is now OverwhelmingAdvantage
2023-09-18 14:43:44.386 | 06:15   85ms   10M  620G  83/ 98U [ActUnit] ZERGLING from LARVA at (99.3, 30.7)
2023-09-18 14:43:45.191 | 06:18  110ms   25M  640G  83/ 98U [ActUnit] ZERGLING from LARVA at (70.4, 31.9)
2023-09-18 14:43:45.554 | 06:19  110ms    0M  648G  84/ 98U [ActUnit] ZERGLING from LARVA at (42.6, 37.8)
2023-09-18 14:43:45.555 | 06:19  110ms    0M  648G  84/ 98U [Inject] injecting hatch (43.5, 40.5)
2023-09-18 14:43:46.054 | 06:20   80ms    0M  656G  85/ 98U [ActUnit] ZERGLING from LARVA at (44.1, 37.7)
2023-09-18 14:43:46.715 | 06:22   67ms   10M  676G  85/ 98U [ActUnit] ZERGLING from LARVA at (70.3, 31.3)
2023-09-18 14:43:47.194 | 06:23   95ms   15M  684G  86/ 98U [ActUnit] ZERGLING from LARVA at (68.7, 31.9)
2023-09-18 14:43:47.696 | 06:24   65ms   15M  692G  86/ 98U [ActUnit] DRONE from LARVA at (43.6, 37.4)
2023-09-18 14:43:48.040 | 06:25   76ms    5M  704G  87/ 98U [ActUnit] DRONE from LARVA at (99.4, 30.9)
2023-09-18 14:43:48.726 | 06:27   78ms    5M  716G  88/ 98U [ActUnit] DRONE from LARVA at (43.1, 37.6)
2023-09-18 14:43:49.675 | 06:30   52ms  105M  740G  89/ 98U [Tech] Started ZERGFLYERWEAPONSLEVEL1
2023-09-18 14:43:49.680 | 06:30   52ms    5M  640G  89/ 98U [ActUnit] MUTALISK from LARVA at (43.2, 37.9)
2023-09-18 14:43:50.564 | 06:32   39ms    5M  560G  89/ 98U [ActUnit] MUTALISK from LARVA at (98.9, 30.7)
2023-09-18 14:43:50.889 | 06:33   72ms   35M  568G  91/ 98U [Inject] injecting hatch (69.5, 34.5)
2023-09-18 14:43:51.237 | 06:34   81ms   15M  576G  91/ 98U [ActUnit] ZERGLING from LARVA at (69.4, 31.9)
2023-09-18 14:43:52.935 | 06:36  109ms    5M  496G  92/ 98U [ActUnit] MUTALISK from LARVA at (69.1, 31.8)
2023-09-18 14:43:53.457 | 06:38   82ms   25M  504G  93/ 98U [BuildGas] Building EXTRACTOR to (106.5, 32.5)
2023-09-18 14:43:53.781 | 06:39   55ms    0M  512G  93/ 98U [ActUnit] ZERGLING from LARVA at (69.9, 31.7)
2023-09-18 14:43:54.273 | 06:40   96ms   30M  524G  92/ 98U [BuildGas] Building EXTRACTOR to (40.5, 47.5)
2023-09-18 14:43:54.769 | 06:42   40ms    0M  436G  92/ 98U [ActUnit] MUTALISK from LARVA at (43.5, 37.9)
2023-09-18 14:43:54.887 | 06:42   40ms   10M  440G  93/ 98U [GameAnalyzer] Income advantage is now ClearAdvantage
2023-09-18 14:43:55.162 | 06:43   32ms   50M  448G  93/ 98U [Inject] injecting hatch (99.5, 33.5)
2023-09-18 14:43:55.719 | 06:45   40ms   10M  360G  93/ 98U [ActUnit] MUTALISK from LARVA at (99.8, 30.2)
2023-09-18 14:43:56.137 | 06:46   50ms    5M  372G  95/ 98U [ActUnit] DRONE from LARVA at (69.3, 31.0)
2023-09-18 14:43:56.269 | 06:47   41ms   25M  376G  96/ 98U [GameAnalyzer] Known army advantage is now SmallAdvantage
2023-09-18 14:43:56.270 | 06:47   41ms   25M  376G  96/ 98U [GameAnalyzer] Predicted army advantage is now SmallAdvantage
2023-09-18 14:43:56.571 | 06:48   36ms   20M  384G  96/ 98U [ActUnit] DRONE from LARVA at (100.7, 30.6)
2023-09-18 14:43:57.000 | 06:49   42ms    0M  396G  97/ 98U [ActUnit] DRONE from LARVA at (69.5, 31.2)
2023-09-18 14:43:57.427 | 06:50   37ms   45M  408G  98/ 98U [Inject] injecting hatch (43.5, 40.5)
2023-09-18 14:43:57.700 | 06:51   36ms   95M  416G  98/ 98U [GameAnalyzer] Income advantage is now OverwhelmingAdvantage
2023-09-18 14:43:57.852 | 06:52   42ms    5M  416G  98/ 98U [ActUnit] OVERLORD from LARVA at (98.0, 30.6)
2023-09-18 14:43:58.555 | 06:54   37ms   30M  436G  96/ 98U [ActUnit] ZERGLING from LARVA at (70.0, 31.6)
2023-09-18 14:43:58.825 | 06:55   36ms    0M  444G  95/ 98U [ActUnit] DRONE from LARVA at (43.5, 37.8)
2023-09-18 14:43:59.225 | 06:56   41ms   45M  452G  96/ 98U [GameAnalyzer] Known army advantage is now ClearAdvantage
2023-09-18 14:43:59.226 | 06:56   41ms   45M  452G  96/ 98U [GameAnalyzer] Predicted army advantage is now ClearAdvantage
2023-09-18 14:43:59.367 | 06:56   40ms   20M  456G  96/ 98U [ActUnit] DRONE from LARVA at (43.9, 37.6)
2023-09-18 14:43:59.647 | 06:57   36ms   10M  464G  95/ 98U [ActUnit] DRONE from LARVA at (44.5, 37.9)
2023-09-18 14:44:00.071 | 06:59   48ms   25M  476G  95/ 98U [BuildGas] Building EXTRACTOR to (92.5, 32.5)
2023-09-18 14:44:00.342 | 07:00   50ms    5M  480G  95/ 98U [ActUnit] DRONE from LARVA at (98.3, 30.8)
2023-09-18 14:44:00.753 | 07:01   36ms    5M  492G  96/ 98U [ActUnit] DRONE from LARVA at (98.5, 30.6)
2023-09-18 14:44:01.147 | 07:02   38ms   15M  504G  96/ 98U [ActUnit] ZERGLING from LARVA at (43.2, 37.9)
2023-09-18 14:44:01.267 | 07:03   36ms   25M  508G  96/ 98U [GameAnalyzer] Known army advantage is now SmallAdvantage
2023-09-18 14:44:01.268 | 07:03   36ms   25M  508G  96/ 98U [GameAnalyzer] Predicted army advantage is now SmallAdvantage
2023-09-18 14:44:01.538 | 07:04   34ms    5M  516G  96/ 98U [ActUnit] ZERGLING from LARVA at (68.6, 31.8)
2023-09-18 14:44:01.932 | 07:05   48ms   45M  528G  96/ 98U [Inject] injecting hatch (69.5, 34.5)
2023-09-18 14:44:02.045 | 07:05   35ms   60M  528G  96/ 98U [GameAnalyzer] Known army advantage is now ClearAdvantage
2023-09-18 14:44:02.047 | 07:05   35ms   60M  528G  96/ 98U [GameAnalyzer] Predicted army advantage is now ClearAdvantage
2023-09-18 14:44:02.057 | 07:05   35ms   10M  528G  96/ 98U [ActUnit] ZERGLING from LARVA at (69.3, 31.8)
2023-09-18 14:44:02.432 | 07:07   43ms   45M  540G  95/ 98U [GameAnalyzer] Known army advantage is now SmallAdvantage
2023-09-18 14:44:02.433 | 07:07   43ms   45M  540G  95/ 98U [GameAnalyzer] Predicted army advantage is now SmallAdvantage
2023-09-18 14:44:02.562 | 07:07   36ms   20M  544G  95/ 98U [ActUnit] ZERGLING from LARVA at (68.9, 31.7)
2023-09-18 14:44:02.820 | 07:08   33ms   50M  552G  96/ 98U [GameAnalyzer] Known army advantage is now ClearAdvantage
2023-09-18 14:44:02.821 | 07:08   33ms   50M  552G  96/ 98U [GameAnalyzer] Predicted army advantage is now ClearAdvantage
2023-09-18 14:44:02.833 | 07:08   33ms    0M  552G  96/ 98U [ActUnit] DRONE from LARVA at (99.5, 30.6)
2023-09-18 14:44:03.327 | 07:10   33ms    5M  568G  97/106U [ActUnit] DRONE from LARVA at (69.3, 31.7)
2023-09-18 14:44:03.696 | 07:11   48ms    0M  580G  96/106U [ActUnit] DRONE from LARVA at (43.4, 37.8)
2023-09-18 14:44:04.247 | 07:13   37ms   60M  600G  97/106U [Inject] injecting hatch (99.5, 33.5)
2023-09-18 14:44:04.359 | 07:13   34ms   85M  604G  97/106U [GameAnalyzer] Known army advantage is now SmallAdvantage
2023-09-18 14:44:04.360 | 07:13   34ms   85M  604G  97/106U [GameAnalyzer] Predicted army advantage is now SmallAdvantage
2023-09-18 14:44:04.369 | 07:13   34ms   35M  604G  97/106U [ActUnit] DRONE from LARVA at (99.2, 30.6)
2023-09-18 14:44:04.499 | 07:14   41ms    0M  608G  96/106U [ActUnit] DRONE from LARVA at (99.2, 30.6)
2023-09-18 14:44:04.996 | 07:16   48ms   10M  624G  97/106U [ActUnit] DRONE from LARVA at (99.0, 30.5)
2023-09-18 14:44:05.489 | 07:17   43ms   20M  652G  98/106U [ActUnit] DRONE from LARVA at (69.5, 31.4)
2023-09-18 14:44:05.752 | 07:18   40ms   15M  660G  99/106U [ActUnit] DRONE from LARVA at (43.5, 37.8)
2023-09-18 14:44:06.265 | 07:20   49ms   30M  684G  97/106U [ActUnit] ZERGLING from LARVA at (43.5, 37.6)
2023-09-18 14:44:06.406 | 07:21   35ms    0M  696G  97/106U [ActUnit] ZERGLING from LARVA at (99.1, 30.9)
2023-09-18 14:44:06.947 | 07:22   34ms   45M  716G  97/106U [Inject] injecting hatch (43.5, 40.5)
2023-09-18 14:44:07.085 | 07:23   43ms   20M  720G  97/106U [ActUnit] ZERGLING from LARVA at (44.1, 37.8)
2023-09-18 14:44:07.239 | 07:23   37ms   30M  728G  98/106U [PlanZoneAttack] Retreat started at 10.73 own local power against 18.39 enemy local power.
2023-09-18 14:44:07.361 | 07:24   52ms   25M  732G  98/106U [ActUnit] DRONE from LARVA at (44.1, 37.8)
2023-09-18 14:44:08.411 | 07:27   46ms   65M  755G  95/106U [ActUnit] ROACH from LARVA at (69.3, 31.5)
2023-09-18 14:44:09.040 | 07:30   30ms  165M  787G  97/106U [GameAnalyzer] Known army advantage is now Even
2023-09-18 14:44:09.041 | 07:30   30ms  165M  787G  97/106U [GameAnalyzer] Predicted army advantage is now SmallDisadvantage
2023-09-18 14:44:09.053 | 07:30   30ms   90M  762G  97/106U [ActUnit] ROACH from LARVA at (43.5, 37.6)
2023-09-18 14:44:09.421 | 07:31   38ms   30M  678G  99/106U [ActUnit] MUTALISK from LARVA at (99.5, 30.7)
2023-09-18 14:44:09.767 | 07:32   31ms   50M  698G 101/112U [BuildGas] Building EXTRACTOR to (56.5, 61.5)
2023-09-18 14:44:10.953 | 07:34   38ms   10M  618G 101/112U [ActUnit] MUTALISK from LARVA at (63.1, 55.9)
2023-09-18 14:44:11.294 | 07:35   32ms   65M  638G 103/112U [EnemyArmyPredicter] Predicting negative free minerals for enemy: -1545
2023-09-18 14:44:11.296 | 07:35   32ms   65M  638G 103/112U [GameAnalyzer] Predicted army advantage is now Even
2023-09-18 14:44:11.555 | 07:36   35ms    0M  550G 103/112U [ActUnit] MUTALISK from LARVA at (69.3, 31.4)
2023-09-18 14:44:11.791 | 07:37   32ms   25M  566G 105/112U [Inject] injecting hatch (69.5, 34.5)
2023-09-18 14:44:12.222 | 07:38   33ms    5M  490G 105/112U [ActUnit] MUTALISK from LARVA at (69.8, 31.9)
2023-09-18 14:44:12.675 | 07:40   39ms   80M  514G 107/112U [EnemyArmyPredicter] Predicting negative free minerals for enemy: -1481
2023-09-18 14:44:12.931 | 07:41   39ms   85M  530G 106/112U [BuildGas] Building EXTRACTOR to (66.5, 51.5)
2023-09-18 14:44:12.934 | 07:41   39ms   35M  530G 106/112U [ActUnit] DRONE from LARVA at (69.3, 31.9)
2023-09-18 14:44:13.416 | 07:43   40ms    0M  458G 107/112U [ActUnit] MUTALISK from LARVA at (99.1, 30.4)
2023-09-18 14:44:13.547 | 07:43   42ms   20M  466G 108/112U [PlanZoneAttack] Retreat stopped.
2023-09-18 14:44:13.663 | 07:44   39ms    0M  470G 108/112U [ActUnit] DRONE from LARVA at (99.9, 30.9)
2023-09-18 14:44:14.100 | 07:45   39ms   30M  482G 109/112U [Inject] injecting hatch (99.5, 33.5)
2023-09-18 14:44:14.324 | 07:46   39ms   70M  502G 109/112U [EnemyArmyPredicter] Predicting negative free minerals for enemy: -1566
2023-09-18 14:44:14.566 | 07:46   38ms    5M  510G 109/112U [ActUnit] OVERLORD from LARVA at (43.1, 37.8)
2023-09-18 14:44:15.298 | 07:49   39ms  110M  562G 109/112U [GameAnalyzer] Known army advantage is now SlightAdvantage
2023-09-18 14:44:15.299 | 07:49   39ms  110M  562G 109/112U [GameAnalyzer] Predicted army advantage is now SlightAdvantage
2023-09-18 14:44:15.302 | 07:49   39ms   10M  562G 109/112U [ActUnit] OVERLORD from LARVA at (68.5, 31.4)
2023-09-18 14:44:15.791 | 07:51   39ms   80M  582G 109/112U [EnemyArmyPredicter] Predicting negative free minerals for enemy: -1552
2023-09-18 14:44:15.793 | 07:51   39ms   80M  582G 109/112U [GameAnalyzer] Known army advantage is now Even
2023-09-18 14:44:15.794 | 07:51   39ms   80M  582G 109/112U [GameAnalyzer] Predicted army advantage is now Even
2023-09-18 14:44:15.929 | 07:51   46ms    5M  494G 109/112U [ActUnit] MUTALISK from LARVA at (69.5, 31.7)
2023-09-18 14:44:16.757 | 07:54   41ms  100M  538G 111/112U [Inject] injecting hatch (43.5, 40.5)
2023-09-18 14:44:16.864 | 07:55   38ms  125M  546G 111/112U [GameAnalyzer] Known army advantage is now SlightAdvantage
2023-09-18 14:44:16.865 | 07:55   38ms  125M  546G 111/112U [GameAnalyzer] Predicted army advantage is now SlightAdvantage
2023-09-18 14:44:17.362 | 07:56   38ms  210M  574G 111/112U [EnemyArmyPredicter] Predicting negative free minerals for enemy: -1488
2023-09-18 14:44:18.260 | 07:59   41ms  275M  626G 111/112U [ActUnit] ZERGLING from LARVA at (43.6, 37.7)
2023-09-18 14:44:18.820 | 08:02   35ms  385M  662G 112/112U [EnemyArmyPredicter] Predicting negative free minerals for enemy: -1424
2023-09-18 14:44:19.655 | 08:05   39ms  455M  714G 112/120U [ActUnit] ZERGLING from LARVA at (63.2, 55.9)
2023-09-18 14:44:19.773 | 08:05   35ms  435M  718G 113/120U [ActUnit] ZERGLING from LARVA at (100.8, 30.3)
2023-09-18 14:44:19.892 | 08:06   45ms  400M  726G 114/120U [ActUnit] ZERGLING from LARVA at (43.1, 37.9)
2023-09-18 14:44:20.009 | 08:06   36ms  370M  734G 115/120U [ActUnit] ZERGLING from LARVA at (63.6, 55.7)
2023-09-18 14:44:20.122 | 08:07   39ms  375M  742G 116/120U [GameAnalyzer] Known army advantage is now SmallAdvantage
2023-09-18 14:44:20.123 | 08:07   39ms  375M  742G 116/120U [GameAnalyzer] Predicted army advantage is now SmallAdvantage
2023-09-18 14:44:20.125 | 08:07   39ms  275M  742G 116/120U [ActUnit] OVERLORD from LARVA at (42.3, 38.1)
2023-09-18 14:44:20.136 | 08:07   39ms  175M  642G 116/120U [ActUnit] MUTALISK from LARVA at (63.2, 55.8)
2023-09-18 14:44:20.242 | 08:07   41ms  205M  646G 118/120U [EnemyArmyPredicter] Predicting negative free minerals for enemy: -1359
2023-09-18 14:44:20.247 | 08:07   41ms  105M  646G 118/120U [ActUnit] OVERLORD from LARVA at (98.4, 30.4)
2023-09-18 14:44:20.258 | 08:07   41ms    5M  546G 118/120U [ActUnit] MUTALISK from LARVA at (69.4, 31.4)
2023-09-18 14:44:20.601 | 08:08   38ms   45M  570G 120/128U [Inject] injecting hatch (69.5, 34.5)
2023-09-18 14:44:21.059 | 08:10   38ms   10M  498G 120/128U [ActUnit] MUTALISK from LARVA at (68.3, 31.6)
2023-09-18 14:44:21.643 | 08:12   35ms  105M  534G 122/128U [EnemyArmyPredicter] Predicting negative free minerals for enemy: -1295
2023-09-18 14:44:21.655 | 08:12   35ms    5M  434G 122/128U [ActUnit] MUTALISK from LARVA at (98.5, 30.8)
2023-09-18 14:44:22.358 | 08:15   33ms  110M  478G 124/128U [ActBuilding] 1. INFESTATIONPIT near (103.8, 41.4)
2023-09-18 14:44:22.726 | 08:16   45ms   55M  402G 124/128U [Inject] injecting hatch (99.5, 33.5)
2023-09-18 14:44:23.074 | 08:18   36ms  115M  422G 124/128U [EnemyArmyPredicter] Predicting negative free minerals for enemy: -1231
2023-09-18 14:44:23.086 | 08:18   36ms   15M  322G 124/128U [ActUnit] MUTALISK from LARVA at (42.8, 37.9)
2023-09-18 14:44:23.450 | 08:19   44ms    5M  346G 125/128U [ActUnit] DRONE from LARVA at (100.8, 30.9)
2023-09-18 14:44:24.183 | 08:22   51ms   10M  302G 126/128U [ActUnit] MUTALISK from LARVA at (98.5, 30.6)
2023-09-18 14:44:24.551 | 08:23   38ms   70M  334G 128/128U [EnemyArmyPredicter] Predicting negative free minerals for enemy: -1266
2023-09-18 14:44:25.003 | 08:24   48ms   10M  262G 126/128U [ActUnit] MUTALISK from LARVA at (42.6, 37.7)
2023-09-18 14:44:25.380 | 08:26   36ms   55M  294G 128/144U [Inject] injecting hatch (63.5, 58.5)
2023-09-18 14:44:25.623 | 08:27   39ms   15M  210G 128/144U [ActUnit] MUTALISK from LARVA at (63.3, 55.4)
2023-09-18 14:44:26.100 | 08:28   35ms   80M  250G 130/144U [EnemyArmyPredicter] Predicting negative free minerals for enemy: -1202
2023-09-18 14:44:26.229 | 08:29   50ms    0M  158G 130/144U [ActUnit] MUTALISK from LARVA at (69.6, 31.6)
2023-09-18 14:44:27.875 | 08:32   40ms    0M  118G 132/144U [ActUnit] MUTALISK from LARVA at (99.6, 30.5)
2023-09-18 14:44:28.643 | 08:34   44ms   85M  162G 134/144U [EnemyArmyPredicter] Predicting negative free minerals for enemy: -1388
2023-09-18 14:44:28.817 | 08:34   60ms    5M   78G 134/144U [ActUnit] MUTALISK from LARVA at (44.5, 37.9)
2023-09-18 14:44:29.423 | 08:36   55ms   60M  114G 136/144U [PlanCancelBuilding] Cancelled CREEPTUMOR at (90.5, 68.5) with 4.383056640625 health
2023-09-18 14:44:29.729 | 08:37   49ms    5M   30G 136/144U [ActUnit] MUTALISK from LARVA at (44.9, 38.0)
2023-09-18 14:44:30.660 | 08:39   42ms   85M   82G 136/144U [EnemyArmyPredicter] Predicting negative free minerals for enemy: -1324
2023-09-18 14:44:31.133 | 08:40   52ms   40M   14G 136/144U [ActUnit] MUTALISK from LARVA at (42.2, 37.4)
2023-09-18 14:44:31.805 | 08:42   46ms   30M   25G 136/144U [ActUnit] ROACH from LARVA at (69.4, 31.9)
2023-09-18 14:44:32.289 | 08:44   43ms   95M   57G 138/144U [PlanZoneAttack] Power 44.79 is larger than required attack power 37.20 -> attack!
2023-09-18 14:44:32.291 | 08:44   43ms   95M   57G 138/144U [PlanZoneAttack] Attack started at 44.79 power.
2023-09-18 14:44:32.571 | 08:45   41ms  130M   73G 138/144U [EnemyArmyPredicter] Predicting negative free minerals for enemy: -1209
2023-09-18 14:44:32.897 | 08:45   45ms  170M   89G 138/144U [GameAnalyzer] Known army advantage is now ClearAdvantage
2023-09-18 14:44:32.898 | 08:45   45ms  170M   89G 138/144U [GameAnalyzer] Predicted army advantage is now ClearAdvantage
2023-09-18 14:44:32.906 | 08:45   45ms   20M   89G 138/144U [ActUnit] QUEEN from HATCHERY at (99.5, 33.5)
2023-09-18 14:44:33.419 | 08:47   67ms   55M  121G 140/144U [GameAnalyzer] Known army advantage is now SmallAdvantage
2023-09-18 14:44:33.420 | 08:47   67ms   55M  121G 140/144U [GameAnalyzer] Predicted army advantage is now SmallAdvantage
2023-09-18 14:44:33.611 | 08:47   53ms   75M  129G 140/144U [Inject] injecting hatch (63.5, 58.5)
2023-09-18 14:44:33.944 | 08:48   51ms  125M  153G 140/144U [GameAnalyzer] Known army advantage is now ClearAdvantage
2023-09-18 14:44:33.945 | 08:48   51ms  125M  153G 140/144U [GameAnalyzer] Predicted army advantage is now ClearAdvantage
2023-09-18 14:44:33.948 | 08:48   51ms   25M  153G 140/144U [ActUnit] OVERLORD from LARVA at (69.1, 31.9)
2023-09-18 14:44:33.963 | 08:48   51ms   25M  153G 140/144U [Inject] injecting hatch (99.5, 33.5)
2023-09-18 14:44:34.299 | 08:49   51ms   50M  173G 138/144U [GameAnalyzer] Known army advantage is now SmallAdvantage
2023-09-18 14:44:34.300 | 08:49   51ms   50M  173G 138/144U [GameAnalyzer] Predicted army advantage is now SmallAdvantage
2023-09-18 14:44:34.636 | 08:50   49ms   85M  189G 138/144U [EnemyArmyPredicter] Predicting negative free minerals for enemy: -1245
2023-09-18 14:44:34.638 | 08:50   49ms   85M  189G 138/144U [GameAnalyzer] Known army advantage is now OverwhelmingAdvantage
2023-09-18 14:44:34.639 | 08:50   49ms   85M  189G 138/144U [GameAnalyzer] Predicted army advantage is now OverwhelmingAdvantage
2023-09-18 14:44:34.820 | 08:50   64ms   10M   97G 138/144U [ActUnit] MUTALISK from LARVA at (63.5, 55.0)
2023-09-18 14:44:35.788 | 08:53   52ms   15M  157G 140/144U [ActUnit] OVERLORD from LARVA at (63.5, 55.9)
2023-09-18 14:44:36.645 | 08:55   47ms  110M  209G 140/144U [EnemyArmyPredicter] Predicting negative free minerals for enemy: -1331
2023-09-18 14:44:37.415 | 08:57   56ms  195M  253G 140/144U [Inject] injecting hatch (69.5, 34.5)
2023-09-18 14:44:38.410 | 09:01   41ms  115M  171G 140/144U [EnemyArmyPredicter] Predicting negative free minerals for enemy: -1266
2023-09-18 14:44:40.169 | 09:06   43ms  335M  287G 140/144U [EnemyArmyPredicter] Predicting negative free minerals for enemy: -1202
2023-09-18 14:44:40.780 | 09:08   44ms  255M  177G 140/152U [ActUnit] ZERGLING from LARVA at (100.0, 30.6)
2023-09-18 14:44:41.242 | 09:09   59ms  260M  205G 141/152U [ActUnit] ZERGLING from LARVA at (44.1, 37.8)
2023-09-18 14:44:41.884 | 09:11   63ms  275M  245G 142/152U [ActUnit] ZERGLING from LARVA at (100.6, 30.6)
2023-09-18 14:44:42.030 | 09:11   47ms  410M  403G 143/160U [EnemyArmyPredicter] Predicting negative free minerals for enemy: -1688
2023-09-18 14:44:42.047 | 09:11   47ms  260M  253G 143/160U [ActUnit] ZERGLING from LARVA at (69.5, 31.6)
2023-09-18 14:44:42.533 | 09:13   61ms  200M  185G 144/160U [ActUnit] MUTALISK from LARVA at (63.1, 55.4)
2023-09-18 14:44:43.791 | 09:16   54ms  270M  249G 146/160U [ActUnit] ZERGLING from LARVA at (44.2, 37.3)
2023-09-18 14:44:44.131 | 09:17   56ms  420M  419G 147/160U [EnemyArmyPredicter] Predicting negative free minerals for enemy: -2199
2023-09-18 14:44:44.151 | 09:17   56ms  270M  269G 147/160U [ActUnit] ZERGLING from LARVA at (100.7, 30.5)
2023-09-18 14:44:44.333 | 09:17   75ms  185M  181G 148/160U [ActUnit] MUTALISK from LARVA at (68.3, 31.6)
2023-09-18 14:44:45.411 | 09:20   72ms  285M  237G 150/160U [Inject] injecting hatch (99.5, 33.5)
2023-09-18 14:44:45.770 | 09:21   72ms  270M  257G 149/160U [ActUnit] ZERGLING from LARVA at (43.5, 37.5)
2023-09-18 14:44:46.138 | 09:22   71ms  255M  277G 150/160U [ActUnit] ZERGLING from LARVA at (100.2, 30.6)
2023-09-18 14:44:46.305 | 09:22   58ms  375M  439G 151/160U [EnemyArmyPredicter] Predicting negative free minerals for enemy: -2784
2023-09-18 14:44:46.325 | 09:22   58ms  175M  189G 151/160U [ActUnit] MUTALISK from LARVA at (69.9, 31.8)
2023-09-18 14:44:48.012 | 09:26   61ms  270M  265G 151/160U [ActUnit] ZERGLING from LARVA at (99.0, 30.6)
2023-09-18 14:44:48.381 | 09:26   61ms  255M  285G 152/160U [ActUnit] ZERGLING from LARVA at (64.0, 55.9)
2023-09-18 14:44:48.735 | 09:27   60ms  390M  455G 153/160U [EnemyArmyPredicter] Predicting negative free minerals for enemy: -4660
2023-09-18 14:44:48.756 | 09:27   60ms  190M  205G 153/160U [ActUnit] MUTALISK from LARVA at (62.3, 55.6)
2023-09-18 14:44:49.509 | 09:29   67ms  250M  245G 155/160U [Inject] injecting hatch (63.5, 58.5)
2023-09-18 14:44:50.937 | 09:30   79ms  270M  269G 155/160U [ActUnit] ZERGLING from LARVA at (63.9, 55.8)
2023-09-18 14:44:51.128 | 09:31   69ms  285M  431G 156/160U [ActUnit] OVERLORD from LARVA at (43.8, 37.9)
2023-09-18 14:44:51.941 | 09:33   64ms  355M  467G 155/160U [EnemyArmyPredicter] Predicting negative free minerals for enemy: -5345
2023-09-18 14:44:52.146 | 09:33   74ms  180M  233G 155/160U [ActUnit] MUTALISK from LARVA at (43.7, 37.3)
2023-09-18 14:44:52.345 | 09:34   68ms  200M  391G 157/160U [ActUnit] OVERLORD from LARVA at (69.7, 31.9)
2023-09-18 14:44:54.368 | 09:38   60ms  370M  487G 155/160U [EnemyArmyPredicter] Predicting negative free minerals for enemy: -5655
2023-09-18 14:44:54.591 | 09:39   79ms  190M  245G 155/160U [ActUnit] MUTALISK from LARVA at (63.4, 55.4)
2023-09-18 14:44:55.629 | 09:41   65ms  175M  193G 157/160U [ActUnit] MUTALISK from LARVA at (68.5, 31.9)
2023-09-18 14:44:56.850 | 09:43   68ms  385M  399G 159/160U [EnemyArmyPredicter] Predicting negative free minerals for enemy: -4720
2023-09-18 14:44:57.297 | 09:44   68ms  265M  269G 158/160U [ActUnit] ZERGLING from LARVA at (68.7, 31.4)
2023-09-18 14:44:57.719 | 09:45   67ms  255M  289G 159/160U [ActUnit] ZERGLING from LARVA at (99.8, 30.7)
2023-09-18 14:44:58.323 | 09:47   81ms  255M  321G 159/160U [ActUnit] ZERGLING from LARVA at (100.4, 30.3)
2023-09-18 14:44:59.302 | 09:49   64ms  450M  515G 160/160U [EnemyArmyPredicter] Predicting negative free minerals for enemy: -3240
2023-09-18 14:44:59.508 | 09:49   81ms  305M  377G 159/168U [ActUnit] ZERGLING from LARVA at (100.5, 30.6)
2023-09-18 14:44:59.692 | 09:50   63ms  285M  393G 160/168U [ActUnit] ZERGLING from LARVA at (44.0, 37.6)
2023-09-18 14:44:59.875 | 09:50   70ms  260M  397G 161/168U [ActUnit] ZERGLING from LARVA at (100.5, 30.6)
2023-09-18 14:45:00.261 | 09:51   74ms  185M  317G 161/168U [ActUnit] MUTALISK from LARVA at (68.1, 31.8)
2023-09-18 14:45:01.202 | 09:53   60ms  270M  365G 161/176U [Inject] injecting hatch (99.5, 33.5)
2023-09-18 14:45:01.380 | 09:54   66ms  190M  273G 160/176U [ActUnit] MUTALISK from LARVA at (43.6, 37.8)
2023-09-18 14:45:01.558 | 09:54   65ms  295M  439G 162/176U [GameAnalyzer] Predicted army advantage is now ClearAdvantage
2023-09-18 14:45:02.331 | 09:56   59ms  180M  225G 161/176U [ActUnit] MUTALISK from LARVA at (68.4, 31.7)
2023-09-18 14:45:03.447 | 09:59   61ms  190M  185G 161/176U [ActUnit] MUTALISK from LARVA at (63.3, 55.6)
2023-09-18 14:45:04.335 | 10:01   75ms  280M  229G 163/176U [Inject] injecting hatch (69.5, 34.5)
2023-09-18 14:45:04.688 | 10:02   67ms  260M  253G 162/176U [ActUnit] ZERGLING from LARVA at (98.9, 30.9)
2023-09-18 14:45:05.260 | 10:03   65ms  260M  281G 163/176U [ActUnit] ZERGLING from LARVA at (43.3, 37.6)
2023-09-18 14:45:05.630 | 10:04   61ms  195M  197G 164/176U [ActUnit] MUTALISK from LARVA at (69.6, 31.4)
2023-09-18 14:45:05.989 | 10:05   63ms  345M  367G 166/176U [GameAnalyzer] Predicted army advantage is now OverwhelmingAdvantage
2023-09-18 14:45:06.716 | 10:07   62ms  255M  257G 166/176U [ActUnit] ZERGLING from LARVA at (64.5, 55.9)
2023-09-18 14:45:07.063 | 10:08   62ms  200M  177G 167/176U [ActUnit] MUTALISK from LARVA at (100.6, 31.0)
2023-09-18 14:45:08.144 | 10:10   61ms  265M  233G 169/176U [ActUnit] ZERGLING from LARVA at (100.0, 30.4)
2023-09-18 14:45:08.321 | 10:11   70ms  170M  145G 170/176U [ActUnit] MUTALISK from LARVA at (69.1, 31.5)
2023-09-18 14:45:08.503 | 10:11   62ms   85M  153G 172/176U [ActUnit] OVERLORD from LARVA at (62.3, 55.8)
2023-09-18 14:45:08.683 | 10:12   73ms    0M  165G 172/176U [ActUnit] OVERLORD from LARVA at (100.0, 30.4)
2023-09-18 14:45:09.717 | 10:14   61ms   10M  221G 172/176U [ActUnit] OVERLORD from LARVA at (69.5, 31.9)
2023-09-18 14:45:10.867 | 10:16   61ms    0M  173G 172/176U [ActUnit] MUTALISK from LARVA at (63.0, 55.6)
2023-09-18 14:45:11.950 | 10:19   61ms   15M  133G 174/176U [ActUnit] MUTALISK from LARVA at (63.0, 55.7)
2023-09-18 14:45:14.280 | 10:25   64ms  235M  253G 175/176U [Inject] injecting hatch (99.5, 33.5)
2023-09-18 14:45:14.814 | 10:26   62ms  255M  285G 175/176U [ActUnit] ZERGLING from LARVA at (63.7, 55.9)
2023-09-18 14:45:15.526 | 10:28   65ms  255M  325G 175/176U [ActUnit] ZERGLING from LARVA at (99.0, 30.7)
2023-09-18 14:45:16.038 | 10:29   62ms  275M  349G 176/184U [ActUnit] ZERGLING from LARVA at (99.9, 30.9)
2023-09-18 14:45:16.208 | 10:30   59ms  185M  261G 177/192U [ActUnit] MUTALISK from LARVA at (43.7, 37.8)
2023-09-18 14:45:16.376 | 10:30   60ms   95M  169G 179/192U [ActUnit] MUTALISK from LARVA at (69.1, 31.6)
2023-09-18 14:45:16.547 | 10:31   60ms   20M   81G 181/192U [ActUnit] MUTALISK from LARVA at (43.6, 37.9)
2023-09-18 14:45:17.169 | 10:33   52ms   95M  121G 183/200U [Inject] injecting hatch (43.5, 40.5)
2023-09-18 14:45:17.324 | 10:33   57ms    5M   25G 183/200U [ActUnit] MUTALISK from LARVA at (63.7, 55.2)
2023-09-18 14:45:18.859 | 10:37  107ms   60M    9G 185/200U [ActUnit] MUTALISK from LARVA at (98.4, 30.7)
2023-09-18 14:45:20.117 | 10:40  103ms  175M   73G 187/200U [Inject] injecting hatch (63.5, 58.5)
2023-09-18 14:45:20.609 | 10:41   64ms  125M    5G 187/200U [ActUnit] MUTALISK from LARVA at (43.3, 37.8)
2023-09-18 14:45:22.159 | INFO     | sc2.protocol:_execute:72 - Client status changed to Status.ended (was Status.in_game)
2023-09-18 14:45:22.167 | Result: Victory
2023-09-18 14:45:22.168 | Duration: 10:45
2023-09-18 14:45:22.169 | Step time min: 5
2023-09-18 14:45:22.169 | Step time avg: 39
2023-09-18 14:45:22.170 | Step time max: 128
2023-09-18 14:45:22.171 | [LostUnitsContents] My lost units minerals and gas: (3200, 325)
2023-09-18 14:45:22.171 | [LostUnitsContents] My lost units minerals by score: 3200.0
2023-09-18 14:45:22.172 | [LostUnitsContents] Enemy lost units minerals and gas: (13425, 1325)
2023-09-18 14:45:22.173 | [LostUnitsContents] Enemy lost units minerals by score: 13875.0
2023-09-18 14:45:22.174 | [GameAnalyzerEnd] Own units:
2023-09-18 14:45:22.174 | [GameAnalyzerEnd] ZERGLING          total: 118 alive:  27 dead:  91 
2023-09-18 14:45:22.175 | [GameAnalyzerEnd] CREEPTUMOR        total:  75 alive:  74 dead:   1 
2023-09-18 14:45:22.176 | [GameAnalyzerEnd] DRONE             total:  57 alive:  57 dead:   0 
2023-09-18 14:45:22.176 | [GameAnalyzerEnd] MUTALISK          total:  40 alive:  39 dead:   1 
2023-09-18 14:45:22.177 | [GameAnalyzerEnd] OVERLORD          total:  21 alive:  21 dead:   0 
2023-09-18 14:45:22.178 | [GameAnalyzerEnd] ROACH             total:  13 alive:   4 dead:   9 
2023-09-18 14:45:22.178 | [GameAnalyzerEnd] EGG               total:   8 alive:   8 dead:   0 
2023-09-18 14:45:22.179 | [GameAnalyzerEnd] EXTRACTOR         total:   8 alive:   8 dead:   0 
2023-09-18 14:45:22.179 | [GameAnalyzerEnd] LARVA             total:   8 alive:   8 dead:   0 
2023-09-18 14:45:22.180 | [GameAnalyzerEnd] QUEEN             total:   6 alive:   5 dead:   1 
2023-09-18 14:45:22.180 | [GameAnalyzerEnd] HATCHERY          total:   3 alive:   3 dead:   0 
2023-09-18 14:45:22.181 | [GameAnalyzerEnd] SPIRE             total:   1 alive:   1 dead:   0 
2023-09-18 14:45:22.181 | [GameAnalyzerEnd] SPINECRAWLER      total:   1 alive:   1 dead:   0 
2023-09-18 14:45:22.181 | [GameAnalyzerEnd] ROACHWARREN       total:   1 alive:   1 dead:   0 
2023-09-18 14:45:22.182 | [GameAnalyzerEnd] HIVE              total:   1 alive:   1 dead:   0 
2023-09-18 14:45:22.182 | [GameAnalyzerEnd] SPAWNINGPOOL      total:   1 alive:   1 dead:   0 
2023-09-18 14:45:22.183 | [GameAnalyzerEnd] INFESTATIONPIT    total:   1 alive:   1 dead:   0 
2023-09-18 14:45:22.184 | [GameAnalyzerEnd] OVERSEER          total:   1 alive:   1 dead:   0 
2023-09-18 14:45:22.184 | [GameAnalyzerEnd] CHANGELINGMARINESHIELD total:   1 alive:   1 dead:   0 
2023-09-18 14:45:22.185 | [GameAnalyzerEnd] Enemy units:
2023-09-18 14:45:22.185 | [GameAnalyzerEnd] MARINE            total:  93 alive:   0 dead:  93 
2023-09-18 14:45:22.186 | [GameAnalyzerEnd] SCV               total:  59 alive:   0 dead:  59 
2023-09-18 14:45:22.186 | [GameAnalyzerEnd] SUPPLYDEPOT       total:  14 alive:   0 dead:  14 
2023-09-18 14:45:22.187 | [GameAnalyzerEnd] BARRACKS          total:  12 alive:   1 dead:  11 
2023-09-18 14:45:22.187 | [GameAnalyzerEnd] MARAUDER          total:   9 alive:   0 dead:   9 
2023-09-18 14:45:22.188 | [GameAnalyzerEnd] MEDIVAC           total:   5 alive:   0 dead:   5 
2023-09-18 14:45:22.188 | [GameAnalyzerEnd] TECHLAB           total:   4 alive:   0 dead:   4 
2023-09-18 14:45:22.189 | [GameAnalyzerEnd] ORBITALCOMMAND    total:   2 alive:   0 dead:   2 
2023-09-18 14:45:22.189 | [GameAnalyzerEnd] REFINERY          total:   2 alive:   0 dead:   2 
2023-09-18 14:45:22.189 | [GameAnalyzerEnd] ENGINEERINGBAY    total:   1 alive:   0 dead:   1 
2023-09-18 14:45:22.190 | [GameAnalyzerEnd] STARPORT          total:   1 alive:   0 dead:   1 
2023-09-18 14:45:22.190 | [GameAnalyzerEnd] FACTORY           total:   1 alive:   0 dead:   1 
2023-09-18 14:45:22.191 | [GameAnalyzerEnd] Minerals max 475 Average 119
2023-09-18 14:45:22.191 | [GameAnalyzerEnd] Vespene max 787 Average 270
2023-09-18 14:45:22.192 | INFO     | sc2.main:_play_game:228 - Result for player 2 - Bot LadderBot(Zerg): Victory
