2023-09-19 09:56:26.508 | INFO     | sc2.protocol:_execute:72 - Client status changed to Status.in_game (was None)
2023-09-19 09:56:26.510 | INFO     | sc2.main:_play_game:221 - Player 2 - Bot LadderBot(Zerg)
2023-09-19 09:56:26.787 | 00:00    0ms    0M    0G  12/ 14U [Version] 4.10.0.75689
2023-09-19 09:56:26.788 | 00:00    0ms    0M    0G  12/ 14U [Version] 5.0.6 Balance mod recognized.
2023-09-19 09:56:26.867 | 00:00    0ms    0M    0G  12/ 14U [ZoneManager] Map set to: MapName.Unknown from name: GoldenauraAIE and hash: 3690400.
2023-09-19 09:56:27.624 | [DataManager] No BuildDetector found, enemy build data cannot be saved
2023-09-19 09:56:27.647 | [Start] My race: Zerg
2023-09-19 09:56:27.648 | [Start] Opponent race: Terran
2023-09-19 09:56:27.649 | [Start] OpponentId: 1
2023-09-19 09:56:27.705 | 00:00    0ms    0M    0G  12/ 14U [ActUnit] DRONE from LARVA at (70.4, 165.8)
2023-09-19 09:56:28.846 | 00:07    6ms    5M    0G  13/ 14U [ActUnit] DRONE from LARVA at (70.0, 165.9)
2023-09-19 09:56:29.726 | 00:16    6ms    0M    0G  14/ 14U [ActUnit] OVERLORD from LARVA at (68.5, 165.9)
2023-09-19 09:56:31.455 | 00:34    7ms  190M    0G  14/ 22U [ActUnit] DRONE from LARVA at (69.1, 165.5)
2023-09-19 09:56:31.501 | 00:34    7ms  145M    0G  15/ 22U [ActUnit] DRONE from LARVA at (69.5, 165.6)
2023-09-19 09:56:32.625 | 00:46    7ms  300M    0G  16/ 22U [Expand] Expanding to (61.5, 146.5)
2023-09-19 09:56:32.929 | 00:49    8ms    0M    0G  16/ 22U [ActUnit] DRONE from LARVA at (69.7, 165.7)
2023-09-19 09:56:33.372 | 00:54    8ms    5M    0G  17/ 22U [ActUnit] DRONE from LARVA at (69.6, 165.9)
2023-09-19 09:56:33.419 | 00:54    8ms    5M    0G  17/ 22U [GameAnalyzer] Income advantage is now SmallAdvantage
2023-09-19 09:56:33.601 | 00:56    7ms   15M    0G  17/ 22U [BuildGas] Building EXTRACTOR to (62.5, 165.5)
2023-09-19 09:56:36.340 | 01:10   56ms  205M    0G  16/ 22U [ActBuilding] 1. SPAWNINGPOOL near (77.4, 164.1)
2023-09-19 09:56:36.970 | 01:13    9ms    0M    0G  15/ 22U [ActUnit] DRONE from LARVA at (69.7, 165.6)
2023-09-19 09:56:37.494 | 01:18    8ms    5M    0G  16/ 22U [ActUnit] DRONE from LARVA at (70.1, 165.4)
2023-09-19 09:56:37.866 | 01:21    7ms    0M    0G  17/ 22U [ActUnit] DRONE from LARVA at (69.0, 165.4)
2023-09-19 09:56:38.711 | 01:28    7ms   35M   12G  18/ 22U [ActUnit] DRONE from LARVA at (69.3, 165.7)
2023-09-19 09:56:39.990 | 01:39    8ms   60M   40G  19/ 22U [ActUnit] OVERLORD from LARVA at (69.4, 165.4)
2023-09-19 09:56:41.310 | 01:49    8ms  150M   68G  19/ 22U [ActUnit] DRONE from LARVA at (69.3, 165.8)
2023-09-19 09:56:42.818 | 02:00   11ms  130M   96G  20/ 30U [ActUnit] QUEEN from HATCHERY at (69.5, 168.5)
2023-09-19 09:56:42.868 | 02:00   10ms   90M  100G  22/ 30U [ActUnit] ZERGLING from LARVA at (69.7, 165.7)
2023-09-19 09:56:43.076 | 02:01    9ms  115M  104G  23/ 30U [Tech] Started ZERGLINGMOVEMENTSPEED
2023-09-19 09:56:43.653 | 02:05    8ms   25M   12G  23/ 36U [ActUnit] ZERGLING from LARVA at (61.4, 143.6)
2023-09-19 09:56:44.448 | 02:11    8ms   55M   28G  24/ 36U [ActUnit] DRONE from LARVA at (69.4, 165.4)
2023-09-19 09:56:45.265 | 02:16    9ms   85M   44G  25/ 36U [ActUnit] DRONE from LARVA at (61.5, 143.9)
2023-09-19 09:56:45.486 | 02:17   12ms  105M   44G  26/ 36U [GameAnalyzer] Known army advantage is now SlightAdvantage
2023-09-19 09:56:45.487 | 02:17   12ms  105M   44G  26/ 36U [GameAnalyzer] Predicted army advantage is now SlightAdvantage
2023-09-19 09:56:46.012 | 02:21   11ms   10M   56G  26/ 36U [ActUnit] QUEEN from HATCHERY at (61.5, 146.5)
2023-09-19 09:56:46.911 | 02:26   11ms  100M   72G  28/ 36U [DefensiveBuilding] Building SPINECRAWLER to (65.29628301182649, 143.24604313272016)
2023-09-19 09:56:48.349 | 02:36    9ms  155M   96G  27/ 36U [Inject] injecting hatch (69.5, 168.5)
2023-09-19 09:56:48.844 | 02:39   11ms    0M    4G  27/ 36U [ActUnit] DRONE from LARVA at (69.7, 165.7)
2023-09-19 09:56:49.201 | 02:41    9ms    0M   12G  28/ 36U [ActUnit] DRONE from LARVA at (61.6, 143.1)
2023-09-19 09:56:50.669 | 02:45   11ms   15M   20G  29/ 36U [ActUnit] DRONE from LARVA at (69.8, 165.3)
2023-09-19 09:56:51.025 | 02:47    9ms    5M   28G  30/ 36U [ActUnit] DRONE from LARVA at (69.5, 165.8)
2023-09-19 09:56:51.470 | 02:50    9ms    0M   36G  31/ 36U [ActUnit] ZERGLING from LARVA at (61.8, 143.5)
2023-09-19 09:56:52.013 | 02:53   12ms    5M   44G  32/ 36U [ActUnit] ZERGLING from LARVA at (61.6, 143.2)
2023-09-19 09:56:52.595 | 02:57   12ms   60M   52G  33/ 36U [GameAnalyzer] Known army advantage is now SmallAdvantage
2023-09-19 09:56:52.596 | 02:57   12ms   60M   52G  33/ 36U [GameAnalyzer] Predicted army advantage is now SmallAdvantage
2023-09-19 09:56:52.598 | 02:57   12ms   10M   52G  33/ 36U [ActUnit] ZERGLING from LARVA at (69.7, 165.9)
2023-09-19 09:56:52.600 | 02:57   12ms   10M   52G  33/ 36U [Inject] injecting hatch (61.5, 146.5)
2023-09-19 09:56:52.752 | 02:58   10ms   30M   56G  34/ 36U [GameAnalyzer] Income advantage is now ClearAdvantage
2023-09-19 09:56:52.959 | 02:59   11ms   40M   60G  34/ 36U [GameAnalyzer] Income advantage is now SmallAdvantage
2023-09-19 09:56:53.054 | 02:59   13ms    5M   60G  34/ 36U [ActUnit] ZERGLING from LARVA at (62.1, 143.6)
2023-09-19 09:56:53.114 | 03:00   12ms   15M   60G  35/ 36U [GameAnalyzer] Income advantage is now ClearAdvantage
2023-09-19 09:56:53.842 | 03:04   10ms   45M   72G  35/ 36U [ActUnit] DRONE from LARVA at (69.4, 165.4)
2023-09-19 09:56:54.410 | 03:07   13ms    0M   80G  36/ 36U [ActUnit] OVERLORD from LARVA at (70.7, 166.1)
2023-09-19 09:56:54.415 | 03:07   13ms    0M   80G  36/ 36U [Inject] injecting hatch (69.5, 168.5)
2023-09-19 09:56:55.696 | 03:15   13ms  155M  104G  36/ 36U [ActBuilding] 1. ROACHWARREN near (69.8, 159.5)
2023-09-19 09:56:56.005 | 03:17   13ms   35M  108G  36/ 36U [GameAnalyzer] Known army advantage is now ClearAdvantage
2023-09-19 09:56:56.006 | 03:17   13ms   35M  108G  36/ 36U [GameAnalyzer] Predicted army advantage is now ClearAdvantage
2023-09-19 09:56:56.250 | 03:18   17ms   15M  112G  35/ 36U [ActUnit] DRONE from LARVA at (69.3, 165.9)
2023-09-19 09:56:57.533 | 03:26   12ms  120M  132G  36/ 44U [ActUnit] DRONE from LARVA at (69.7, 164.9)
2023-09-19 09:56:57.628 | 03:26   14ms   80M  132G  37/ 44U [ActUnit] DRONE from LARVA at (62.0, 143.4)
2023-09-19 09:56:57.693 | 03:27   14ms   35M  132G  38/ 44U [ActUnit] DRONE from LARVA at (69.7, 164.9)
2023-09-19 09:56:57.858 | 03:28   12ms    0M  136G  39/ 44U [ActUnit] DRONE from LARVA at (60.1, 143.9)
2023-09-19 09:56:58.145 | 03:28   64ms   25M  140G  40/ 44U [Inject] injecting hatch (61.5, 146.5)
2023-09-19 09:56:58.535 | 03:30   75ms    5M  144G  40/ 44U [ActUnit] ZERGLING from LARVA at (69.0, 165.7)
2023-09-19 09:56:58.802 | 03:31   78ms   20M  144G  41/ 44U [GameAnalyzer] Known army advantage is now SmallAdvantage
2023-09-19 09:56:58.808 | 03:31   78ms   20M  144G  41/ 44U [GameAnalyzer] Predicted army advantage is now SmallAdvantage
2023-09-19 09:56:59.401 | 03:32   80ms   10M  148G  40/ 44U [ActUnit] ZERGLING from LARVA at (60.8, 143.5)
2023-09-19 09:57:00.079 | 03:35   46ms    0M  156G  40/ 44U [ActUnit] ZERGLING from LARVA at (60.3, 143.4)
2023-09-19 09:57:00.855 | 03:37   59ms    0M  164G  41/ 44U [ActUnit] ZERGLING from LARVA at (69.5, 165.6)
2023-09-19 09:57:01.389 | 03:39   64ms   35M  168G  41/ 44U [Inject] injecting hatch (69.5, 168.5)
2023-09-19 09:57:02.313 | 03:40   70ms    5M  168G  41/ 44U [ActUnit] ZERGLING from LARVA at (61.5, 143.2)
2023-09-19 09:57:03.035 | 03:43   13ms   10M  176G  42/ 44U [ActUnit] ZERGLING from LARVA at (68.6, 165.7)
2023-09-19 09:57:03.852 | 03:47   11ms    5M  188G  43/ 44U [ActUnit] OVERLORD from LARVA at (59.8, 144.1)
2023-09-19 09:57:04.747 | 03:51   27ms    0M  200G  43/ 44U [ActUnit] OVERLORD from LARVA at (61.3, 143.2)
2023-09-19 09:57:05.549 | 03:55   16ms   85M  212G  43/ 44U [GameAnalyzer] Known army advantage is now ClearAdvantage
2023-09-19 09:57:05.550 | 03:55   16ms   85M  212G  43/ 44U [GameAnalyzer] Predicted army advantage is now ClearAdvantage
2023-09-19 09:57:06.530 | 04:00   15ms  190M  224G  43/ 44U [BuildGas] Building EXTRACTOR to (72.5, 175.5)
2023-09-19 09:57:06.640 | 04:00   18ms  200M  224G  43/ 44U [Inject] injecting hatch (61.5, 146.5)
2023-09-19 09:57:06.824 | 04:01   20ms  205M  228G  42/ 44U [BuildGas] Building EXTRACTOR to (54.5, 143.5)
2023-09-19 09:57:06.826 | 04:01   20ms  155M  228G  42/ 44U [ActUnit] DRONE from LARVA at (61.0, 143.9)
2023-09-19 09:57:07.355 | 04:04   15ms  170M  236G  42/ 44U [ActUnit] DRONE from LARVA at (70.5, 165.9)
2023-09-19 09:57:07.715 | 04:05   14ms  140M  215G  43/ 52U [ActUnit] ROACH from LARVA at (61.7, 143.3)
2023-09-19 09:57:07.790 | 04:06   16ms   75M  190G  45/ 52U [ActUnit] ROACH from LARVA at (69.0, 165.5)
2023-09-19 09:57:07.890 | 04:06   15ms    5M  165G  47/ 52U [ActUnit] ROACH from LARVA at (62.3, 143.4)
2023-09-19 09:57:08.477 | 04:10   13ms    5M  152G  49/ 60U [ActUnit] ROACH from LARVA at (61.8, 143.6)
2023-09-19 09:57:08.748 | 04:11   14ms   35M  152G  51/ 60U [Inject] injecting hatch (69.5, 168.5)
2023-09-19 09:57:08.825 | 04:11   14ms    0M  156G  51/ 60U [ActUnit] DRONE from LARVA at (70.7, 166.1)
2023-09-19 09:57:09.288 | 04:14   14ms    0M  160G  52/ 60U [ActUnit] DRONE from LARVA at (70.1, 165.9)
2023-09-19 09:57:09.654 | 04:15   14ms    5M  164G  53/ 60U [ActUnit] DRONE from LARVA at (68.3, 165.5)
2023-09-19 09:57:10.094 | 04:18   13ms    0M  172G  54/ 60U [ActUnit] DRONE from LARVA at (69.0, 165.9)
2023-09-19 09:57:10.565 | 04:20   14ms    5M  180G  55/ 60U [ActUnit] DRONE from LARVA at (61.7, 143.6)
2023-09-19 09:57:11.000 | 04:22   14ms    0M  184G  56/ 60U [ActUnit] DRONE from LARVA at (70.0, 165.8)
2023-09-19 09:57:12.092 | 04:27   18ms   30M  200G  57/ 60U [ActUnit] OVERLORD from LARVA at (61.6, 143.8)
2023-09-19 09:57:12.448 | 04:29   17ms   60M  208G  57/ 60U [GameAnalyzer] Known army advantage is now OverwhelmingAdvantage
2023-09-19 09:57:12.450 | 04:29   17ms   60M  208G  57/ 60U [GameAnalyzer] Predicted army advantage is now OverwhelmingAdvantage
2023-09-19 09:57:12.807 | 04:31   17ms    0M  220G  57/ 60U [ActUnit] OVERLORD from LARVA at (69.3, 165.5)
2023-09-19 09:57:13.095 | 04:32   24ms   35M  228G  57/ 60U [Inject] injecting hatch (61.5, 146.5)
2023-09-19 09:57:16.038 | 04:43   16ms  270M  300G  57/ 60U [Inject] injecting hatch (69.5, 168.5)
2023-09-19 09:57:16.216 | 04:43   17ms  305M  304G  57/ 60U [Expand] Expanding to (57.5, 120.5)
2023-09-19 09:57:16.321 | 04:44   23ms  310M  308G  57/ 60U [Expand] Expanding to (57.5, 120.5)
2023-09-19 09:57:16.463 | 04:44   18ms  325M  312G  57/ 60U [Expand] Expanding to (57.5, 120.5)
2023-09-19 09:57:16.538 | 04:45   86ms  335M  312G  57/ 60U [Expand] Expanding to (57.5, 120.5)
2023-09-19 09:57:16.613 | 04:45   18ms  335M  320G  57/ 60U [Expand] Expanding to (57.5, 120.5)
2023-09-19 09:57:16.711 | 04:46   20ms  345M  324G  57/ 68U [Expand] Expanding to (57.5, 120.5)
2023-09-19 09:57:16.784 | 04:46   17ms  360M  324G  57/ 68U [Expand] Expanding to (57.5, 120.5)
2023-09-19 09:57:16.786 | 04:46   17ms   10M  324G  57/ 68U [ActUnit] DRONE from LARVA at (69.1, 165.3)
2023-09-19 09:57:16.883 | 04:47   22ms  330M  328G  58/ 68U [Expand] Expanding to (57.5, 120.5)
2023-09-19 09:57:16.957 | 04:47   17ms  335M  336G  58/ 68U [Expand] Expanding to (57.5, 120.5)
2023-09-19 09:57:17.064 | 04:47   21ms  340M  336G  58/ 68U [Expand] Expanding to (57.5, 120.5)
2023-09-19 09:57:17.139 | 04:48   17ms  360M  340G  58/ 68U [Expand] Expanding to (57.5, 120.5)
2023-09-19 09:57:17.143 | 04:48   17ms   10M  340G  58/ 68U [ActUnit] DRONE from LARVA at (62.5, 143.9)
2023-09-19 09:57:17.241 | 04:48   22ms  325M  344G  59/ 68U [Expand] Expanding to (57.5, 120.5)
2023-09-19 09:57:17.319 | 04:49   17ms  335M  348G  59/ 68U [Expand] Expanding to (57.5, 120.5)
2023-09-19 09:57:17.421 | 04:49   20ms  350M  352G  59/ 76U [Expand] Expanding to (57.5, 120.5)
2023-09-19 09:57:17.423 | 04:49   20ms    0M  352G  59/ 76U [ActUnit] DRONE from LARVA at (69.5, 165.9)
2023-09-19 09:57:17.501 | 04:50   18ms  310M  356G  60/ 76U [Expand] Expanding to (57.5, 120.5)
2023-09-19 09:57:17.606 | 04:50   23ms  315M  360G  60/ 76U [Expand] Expanding to (57.5, 120.5)
2023-09-19 09:57:17.682 | 04:51   17ms  330M  360G  60/ 76U [Expand] Expanding to (57.5, 120.5)
2023-09-19 09:57:17.781 | 04:51   21ms  330M  364G  60/ 76U [Expand] Expanding to (57.5, 120.5)
2023-09-19 09:57:17.856 | 04:51   17ms  350M  372G  60/ 76U [Expand] Expanding to (57.5, 120.5)
2023-09-19 09:57:17.859 | 04:51   17ms    0M  372G  60/ 76U [ActUnit] DRONE from LARVA at (68.5, 165.4)
2023-09-19 09:57:17.968 | 04:52   23ms  310M  372G  61/ 76U [Expand] Expanding to (57.5, 120.5)
2023-09-19 09:57:18.052 | 04:52   18ms  325M  376G  61/ 76U [Expand] Expanding to (57.5, 120.5)
2023-09-19 09:57:18.152 | 04:53   23ms  345M  380G  61/ 76U [Expand] Expanding to (57.5, 120.5)
2023-09-19 09:57:18.243 | 04:53   18ms  350M  384G  61/ 76U [Expand] Expanding to (57.5, 120.5)
2023-09-19 09:57:18.245 | 04:53   18ms    0M  384G  61/ 76U [ActUnit] DRONE from LARVA at (59.9, 143.9)
2023-09-19 09:57:18.348 | 04:54   24ms  305M  388G  62/ 76U [Expand] Expanding to (57.5, 120.5)
2023-09-19 09:57:18.433 | 04:54   18ms  325M  392G  62/ 76U [Expand] Expanding to (57.5, 120.5)
2023-09-19 09:57:18.530 | 04:55   23ms  330M  396G  62/ 76U [Expand] Expanding to (57.5, 120.5)
2023-09-19 09:57:18.613 | 04:55   18ms  340M  396G  62/ 76U [Expand] Expanding to (57.5, 120.5)
2023-09-19 09:57:18.719 | 04:55   23ms  355M  400G  62/ 76U [Expand] Expanding to (57.5, 120.5)
2023-09-19 09:57:18.721 | 04:55   23ms    5M  400G  62/ 76U [ActUnit] DRONE from LARVA at (62.4, 143.6)
2023-09-19 09:57:18.804 | 04:56   18ms  310M  408G  63/ 76U [Expand] Expanding to (57.5, 120.5)
2023-09-19 09:57:18.918 | 04:56   20ms  320M  408G  63/ 76U [Expand] Expanding to (57.5, 120.5)
2023-09-19 09:57:19.009 | 04:57   18ms  325M  412G  63/ 76U [Expand] Expanding to (57.5, 120.5)
2023-09-19 09:57:19.117 | 04:57   24ms  350M  420G  63/ 76U [Expand] Expanding to (57.5, 120.5)
2023-09-19 09:57:19.119 | 04:57   24ms    0M  420G  63/ 76U [ActUnit] DRONE from LARVA at (60.7, 143.4)
2023-09-19 09:57:19.204 | 04:58   21ms  320M  420G  64/ 76U [Expand] Expanding to (57.5, 120.5)
2023-09-19 09:57:19.309 | 04:58   23ms  325M  424G  64/ 76U [Expand] Expanding to (57.5, 120.5)
2023-09-19 09:57:19.395 | 04:59   17ms  340M  428G  64/ 76U [Expand] Expanding to (57.5, 120.5)
2023-09-19 09:57:19.504 | 04:59   20ms  345M  432G  64/ 76U [Expand] Expanding to (57.5, 120.5)
2023-09-19 09:57:19.590 | 05:00   18ms  345M  432G  64/ 76U [Expand] Expanding to (57.5, 120.5)
2023-09-19 09:57:19.695 | 05:00   23ms  365M  436G  64/ 76U [Expand] Expanding to (57.5, 120.5)
2023-09-19 09:57:19.697 | 05:00   23ms   15M  436G  64/ 76U [ActUnit] DRONE from LARVA at (68.3, 165.8)
2023-09-19 09:57:19.782 | 05:00   18ms  325M  444G  65/ 76U [Expand] Expanding to (57.5, 120.5)
2023-09-19 09:57:19.891 | 05:01   22ms  340M  444G  65/ 76U [Expand] Expanding to (57.5, 120.5)
2023-09-19 09:57:19.978 | 05:01   19ms  350M  448G  65/ 76U [Expand] Expanding to (57.5, 120.5)
2023-09-19 09:57:19.980 | 05:01   19ms    0M  448G  65/ 76U [ActUnit] DRONE from LARVA at (69.1, 165.9)
2023-09-19 09:57:20.098 | 05:02   21ms  300M  456G  66/ 76U [Expand] Expanding to (57.5, 120.5)
2023-09-19 09:57:20.189 | 05:02   18ms  320M  456G  66/ 76U [Expand] Expanding to (57.5, 120.5)
2023-09-19 09:57:20.292 | 05:03   24ms  350M  460G  66/ 76U [Expand] Expanding to (57.5, 120.5)
2023-09-19 09:57:20.373 | 05:03   17ms  355M  464G  66/ 76U [Expand] Expanding to (57.5, 120.5)
2023-09-19 09:57:20.475 | 05:04   23ms  360M  468G  66/ 76U [Expand] Expanding to (57.5, 120.5)
2023-09-19 09:57:20.478 | 05:04   23ms   60M  468G  66/ 76U [Inject] injecting hatch (61.5, 146.5)
2023-09-19 09:57:20.563 | 05:04   20ms  370M  472G  66/ 76U [Expand] Expanding to (57.5, 120.5)
2023-09-19 09:57:20.661 | 05:04   23ms  375M  476G  66/ 76U [Expand] Expanding to (57.5, 120.5)
2023-09-19 09:57:20.663 | 05:04   23ms    0M  451G  66/ 76U [ActUnit] ROACH from LARVA at (61.3, 143.7)
2023-09-19 09:57:20.745 | 05:05   18ms  310M  455G  68/ 76U [Expand] Expanding to (57.5, 120.5)
2023-09-19 09:57:20.847 | 05:05   25ms  325M  455G  68/ 76U [Expand] Expanding to (57.5, 120.5)
2023-09-19 09:57:20.928 | 05:06   17ms  335M  459G  68/ 76U [Expand] Expanding to (57.5, 120.5)
2023-09-19 09:57:21.043 | 05:06   22ms  355M  467G  68/ 76U [Expand] Expanding to (57.5, 120.5)
2023-09-19 09:57:21.123 | 05:07   18ms  360M  467G  68/ 76U [Expand] Expanding to (57.5, 120.5)
2023-09-19 09:57:21.244 | 05:07   24ms  380M  471G  68/ 76U [Expand] Expanding to (57.5, 120.5)
2023-09-19 09:57:21.247 | 05:07   24ms    5M  446G  68/ 76U [ActUnit] ROACH from LARVA at (60.3, 143.8)
2023-09-19 09:57:21.388 | 05:08   34ms  310M  454G  70/ 76U [Expand] Expanding to (57.5, 120.5)
2023-09-19 09:57:21.537 | 05:08   85ms  320M  454G  70/ 76U [Expand] Expanding to (57.5, 120.5)
2023-09-19 09:57:21.703 | 05:08   78ms  340M  458G  70/ 76U [Expand] Expanding to (57.5, 120.5)
2023-09-19 09:57:21.859 | 05:09   91ms  350M  462G  70/ 76U [Expand] Expanding to (57.5, 120.5)
2023-09-19 09:57:22.015 | 05:09   71ms  355M  466G  70/ 76U [Expand] Expanding to (57.5, 120.5)
2023-09-19 09:57:22.183 | 05:10   87ms  365M  466G  70/ 76U [Expand] Expanding to (57.5, 120.5)
2023-09-19 09:57:22.355 | 05:10   75ms  375M  470G  70/ 76U [Expand] Expanding to (57.5, 120.5)
2023-09-19 09:57:22.357 | 05:10   75ms    0M  445G  70/ 76U [ActUnit] ROACH from LARVA at (62.6, 143.5)
2023-09-19 09:57:23.254 | 05:13   70ms    0M  444G  72/ 76U [ActUnit] ROACH from LARVA at (70.2, 165.5)
2023-09-19 09:57:23.643 | 05:14   39ms   45M  452G  73/ 76U [GameAnalyzer] Known army advantage is now ClearAdvantage
2023-09-19 09:57:23.644 | 05:14   39ms   45M  452G  73/ 76U [GameAnalyzer] Predicted army advantage is now ClearAdvantage
2023-09-19 09:57:23.830 | 05:15   38ms    5M  456G  73/ 76U [ActUnit] ZERGLING from LARVA at (67.8, 165.6)
2023-09-19 09:57:24.538 | 05:17   87ms  285M  476G  74/ 76U [ActUnit] OVERLORD from LARVA at (70.7, 165.9)
2023-09-19 09:57:24.713 | 05:17   31ms  290M  480G  74/ 76U [GameAnalyzer] Income advantage is now OverwhelmingAdvantage
2023-09-19 09:57:24.719 | 05:17   31ms  190M  480G  74/ 76U [ActUnit] OVERLORD from LARVA at (67.5, 165.9)
2023-09-19 09:57:25.527 | 05:20   97ms  255M  500G  74/ 76U [Inject] injecting hatch (69.5, 168.5)
2023-09-19 09:57:26.077 | 05:21   92ms  305M  512G  74/ 76U [Expand] Expanding to (57.5, 120.5)
2023-09-19 09:57:26.232 | 05:22   30ms   25M  516G  74/ 76U [GameAnalyzer] Income advantage is now ClearAdvantage
2023-09-19 09:57:26.952 | 05:24   97ms   90M  536G  74/ 76U [GameAnalyzer] Known army advantage is now OverwhelmingAdvantage
2023-09-19 09:57:26.953 | 05:24   97ms   90M  536G  74/ 76U [GameAnalyzer] Predicted army advantage is now OverwhelmingAdvantage
2023-09-19 09:57:26.961 | 05:24   97ms   15M  511G  74/ 76U [ActUnit] ROACH from LARVA at (61.7, 143.9)
2023-09-19 09:57:27.552 | 05:26   92ms  360M  523G  76/ 76U [Expand] Expanding to (57.5, 120.5)
2023-09-19 09:57:27.718 | 05:26   30ms  370M  527G  76/ 76U [GameAnalyzer] Income advantage is now OverwhelmingAdvantage
2023-09-19 09:57:27.727 | 05:26   30ms  370M  527G  76/ 76U [Expand] Expanding to (57.5, 120.5)
2023-09-19 09:57:27.885 | 05:27  103ms  390M  535G  76/ 76U [Expand] Expanding to (57.5, 120.5)
2023-09-19 09:57:28.053 | 05:27   74ms  400M  535G  76/ 76U [Expand] Expanding to (57.5, 120.5)
2023-09-19 09:57:28.199 | 05:28   88ms  120M  539G  76/ 76U [GameAnalyzer] Income advantage is now ClearAdvantage
2023-09-19 09:57:28.438 | 05:29   25ms  440M  547G  76/ 76U [Expand] Expanding to (57.5, 120.5)
2023-09-19 09:57:28.536 | 05:29   22ms  460M  547G  76/ 76U [GameAnalyzer] Income advantage is now OverwhelmingAdvantage
2023-09-19 09:57:28.543 | 05:29   22ms  460M  547G  76/ 76U [Expand] Expanding to (57.5, 120.5)
2023-09-19 09:57:28.670 | 05:29   27ms  470M  551G  76/ 76U [Expand] Expanding to (57.5, 120.5)
2023-09-19 09:57:28.775 | 05:30   22ms  485M  559G  76/ 76U [Expand] Expanding to (57.5, 120.5)
2023-09-19 09:57:28.902 | 05:30   26ms  200M  559G  76/ 76U [GameAnalyzer] Income advantage is now ClearAdvantage
2023-09-19 09:57:29.149 | 05:31   25ms  525M  571G  76/ 76U [Expand] Expanding to (57.5, 120.5)
2023-09-19 09:57:29.250 | 05:32   22ms  540M  571G  76/ 76U [GameAnalyzer] Income advantage is now OverwhelmingAdvantage
2023-09-19 09:57:29.258 | 05:32   22ms  540M  571G  76/ 76U [Expand] Expanding to (57.5, 120.5)
2023-09-19 09:57:29.380 | 05:32   30ms  550M  575G  76/ 76U [Expand] Expanding to (57.5, 120.5)
2023-09-19 09:57:29.486 | 05:33   23ms  260M  579G  76/ 76U [GameAnalyzer] Income advantage is now ClearAdvantage
2023-09-19 09:57:29.617 | 05:33   28ms  585M  583G  76/ 76U [Expand] Expanding to (57.5, 120.5)
2023-09-19 09:57:29.720 | 05:33   23ms  610M  587G  76/ 76U [GameAnalyzer] Income advantage is now OverwhelmingAdvantage
2023-09-19 09:57:29.730 | 05:33   23ms  610M  587G  76/ 76U [Expand] Expanding to (57.5, 120.5)
2023-09-19 09:57:29.737 | 05:33   23ms  310M  587G  76/ 76U [PlanZoneAttack] Power 24.00 is larger than required attack power 20.00 -> attack!
2023-09-19 09:57:29.738 | 05:33   23ms  310M  587G  76/ 76U [PlanZoneAttack] Attack started at 24.00 power.
2023-09-19 09:57:30.619 | 05:34   32ms  620M  591G  76/ 76U [Expand] Expanding to (57.5, 120.5)
2023-09-19 09:57:30.727 | 05:34   27ms  320M  595G  76/ 76U [GameAnalyzer] Income advantage is now ClearAdvantage
2023-09-19 09:57:30.976 | 05:35   25ms  665M  599G  76/ 84U [Expand] Expanding to (57.5, 120.5)
2023-09-19 09:57:30.979 | 05:35   25ms  290M  574G  76/ 84U [ActUnit] ROACH from LARVA at (62.4, 143.6)
2023-09-19 09:57:30.981 | 05:35   25ms  290M  574G  76/ 84U [Inject] injecting hatch (61.5, 146.5)
2023-09-19 09:57:31.121 | 05:36   31ms  605M  582G  78/ 92U [GameAnalyzer] Income advantage is now OverwhelmingAdvantage
2023-09-19 09:57:31.125 | 05:36   31ms  605M  582G  78/ 92U [Expand] Expanding to (57.5, 120.5)
2023-09-19 09:57:31.127 | 05:36   31ms  255M  582G  78/ 92U [ActUnit] DRONE from LARVA at (60.9, 143.6)
2023-09-19 09:57:31.239 | 05:36   26ms  565M  582G  79/ 92U [Expand] Expanding to (57.5, 120.5)
2023-09-19 09:57:31.242 | 05:36   26ms  215M  582G  79/ 92U [ActUnit] DRONE from LARVA at (60.5, 143.9)
2023-09-19 09:57:31.368 | 05:37   29ms  515M  586G  80/ 92U [Expand] Expanding to (57.5, 120.5)
2023-09-19 09:57:31.370 | 05:37   29ms  165M  586G  80/ 92U [ActUnit] DRONE from LARVA at (60.6, 143.3)
2023-09-19 09:57:31.478 | 05:37   26ms  185M  590G  81/ 92U [GameAnalyzer] Income advantage is now ClearAdvantage
2023-09-19 09:57:31.485 | 05:37   26ms   35M  590G  81/ 92U [ActUnit] QUEEN from HATCHERY at (61.5, 146.5)
2023-09-19 09:57:31.782 | 05:38   23ms  370M  598G  83/ 92U [Expand] Expanding to (57.5, 120.5)
2023-09-19 09:57:31.785 | 05:38   23ms   20M  598G  83/ 92U [ActUnit] DRONE from LARVA at (69.9, 165.5)
2023-09-19 09:57:31.952 | 05:38   94ms  325M  602G  84/ 92U [GameAnalyzer] Income advantage is now OverwhelmingAdvantage
2023-09-19 09:57:31.962 | 05:38   94ms  325M  602G  84/ 92U [Expand] Expanding to (57.5, 120.5)
2023-09-19 09:57:32.150 | 05:39   79ms  340M  606G  84/ 92U [Expand] Expanding to (57.5, 120.5)
2023-09-19 09:57:32.324 | 05:39  101ms  355M  606G  84/ 92U [Expand] Expanding to (57.5, 120.5)
2023-09-19 09:57:32.327 | 05:39  101ms    5M  606G  84/ 92U [ActUnit] DRONE from LARVA at (60.4, 144.0)
2023-09-19 09:57:32.444 | 05:40   77ms  325M  610G  85/ 92U [Expand] Expanding to (57.5, 120.5)
2023-09-19 09:57:32.565 | 05:40   27ms   45M  618G  85/ 92U [GameAnalyzer] Income advantage is now ClearAdvantage
2023-09-19 09:57:32.911 | 05:41   23ms  380M  630G  85/ 92U [Expand] Expanding to (57.5, 120.5)
2023-09-19 09:57:32.915 | 05:41   23ms   30M  630G  85/ 92U [ActUnit] DRONE from LARVA at (69.2, 165.9)
2023-09-19 09:57:33.040 | 05:42   30ms  340M  630G  86/ 92U [GameAnalyzer] Income advantage is now OverwhelmingAdvantage
2023-09-19 09:57:33.045 | 05:42   30ms  340M  630G  86/ 92U [Expand] Expanding to (57.5, 120.5)
2023-09-19 09:57:33.156 | 05:42   25ms  355M  634G  86/ 92U [Expand] Expanding to (57.5, 120.5)
2023-09-19 09:57:33.282 | 05:43   30ms  370M  638G  86/ 92U [Expand] Expanding to (57.5, 120.5)
2023-09-19 09:57:33.382 | 05:43   24ms   90M  642G  86/ 92U [GameAnalyzer] Income advantage is now ClearAdvantage
2023-09-19 09:57:33.824 | 05:44   25ms  420M  646G  86/ 92U [Expand] Expanding to (57.5, 120.5)
2023-09-19 09:57:33.827 | 05:44   25ms   70M  646G  86/ 92U [ActUnit] DRONE from LARVA at (61.1, 143.7)
2023-09-19 09:57:33.951 | 05:45   29ms  380M  654G  87/ 92U [GameAnalyzer] Income advantage is now OverwhelmingAdvantage
2023-09-19 09:57:33.956 | 05:45   29ms  380M  654G  87/ 92U [Expand] Expanding to (57.5, 120.5)
2023-09-19 09:57:34.068 | 05:45   28ms  400M  654G  87/ 92U [Expand] Expanding to (57.5, 120.5)
2023-09-19 09:57:34.239 | 05:45   26ms  410M  658G  87/ 92U [Expand] Expanding to (57.5, 120.5)
2023-09-19 09:57:34.414 | 05:46   61ms  125M  666G  87/ 92U [GameAnalyzer] Income advantage is now ClearAdvantage
2023-09-19 09:57:34.766 | 05:47   77ms  445M  670G  87/ 92U [Expand] Expanding to (57.5, 120.5)
2023-09-19 09:57:34.769 | 05:47   77ms   95M  670G  87/ 92U [ActUnit] DRONE from LARVA at (69.0, 165.6)
2023-09-19 09:57:34.882 | 05:47   96ms  410M  674G  88/ 92U [GameAnalyzer] Income advantage is now OverwhelmingAdvantage
2023-09-19 09:57:34.893 | 05:47   96ms  410M  674G  88/ 92U [Expand] Expanding to (57.5, 120.5)
2023-09-19 09:57:35.076 | 05:48   42ms  425M  678G  88/ 92U [GameAnalyzer] Known army advantage is now SmallAdvantage
2023-09-19 09:57:35.078 | 05:48   42ms  425M  678G  88/ 92U [GameAnalyzer] Predicted army advantage is now SmallAdvantage
2023-09-19 09:57:35.084 | 05:48   42ms  425M  678G  88/ 92U [Expand] Expanding to (57.5, 120.5)
2023-09-19 09:57:35.252 | 05:48  112ms  445M  682G  88/ 92U [Expand] Expanding to (57.5, 120.5)
2023-09-19 09:57:35.432 | 05:49   77ms  455M  686G  88/ 92U [Expand] Expanding to (57.5, 120.5)
2023-09-19 09:57:35.597 | 05:49   98ms  465M  690G  88/ 92U [Expand] Expanding to (57.5, 120.5)
2023-09-19 09:57:35.776 | 05:50   78ms  485M  690G  88/ 92U [Expand] Expanding to (57.5, 120.5)
2023-09-19 09:57:35.937 | 05:50  105ms  205M  694G  88/ 92U [ActBuilding] 1. SPIRE near (71.9, 159.8)
2023-09-19 09:57:36.598 | 05:52   95ms   50M  514G  88/ 92U [MorphOverseer] Morphing OVERLORD at (70.5, 166.7)
2023-09-19 09:57:36.791 | 05:52   54ms  315M  464G  88/ 92U [Expand] Expanding to (57.5, 120.5)
2023-09-19 09:57:36.962 | 05:53  114ms  335M  468G  88/ 92U [Expand] Expanding to (57.5, 120.5)
2023-09-19 09:57:36.964 | 05:53  114ms   10M  468G  88/ 92U [BuildGas] Building EXTRACTOR to (64.5, 153.5)
2023-09-19 09:57:37.142 | 05:53   88ms  320M  472G  87/ 92U [Expand] Expanding to (57.5, 120.5)
2023-09-19 09:57:37.297 | 05:54   99ms  340M  476G  86/ 92U [Expand] Expanding to (57.5, 120.5)
2023-09-19 09:57:37.474 | 05:54   75ms  350M  476G  86/ 92U [Expand] Expanding to (57.5, 120.5)
2023-09-19 09:57:37.476 | 05:54   75ms    0M  476G  86/ 92U [ActUnit] DRONE from LARVA at (61.5, 143.6)
2023-09-19 09:57:37.930 | 05:55   91ms   45M  488G  87/ 92U [Inject] injecting hatch (69.5, 168.5)
2023-09-19 09:57:38.113 | 05:56   81ms  355M  492G  87/ 92U [Expand] Expanding to (57.5, 120.5)
2023-09-19 09:57:38.282 | 05:56  106ms  370M  500G  87/ 92U [Expand] Expanding to (57.5, 120.5)
2023-09-19 09:57:38.470 | 05:57   81ms  380M  500G  87/ 92U [Expand] Expanding to (57.5, 120.5)
2023-09-19 09:57:38.472 | 05:57   81ms   30M  500G  87/ 92U [ActUnit] DRONE from LARVA at (68.6, 165.8)
2023-09-19 09:57:38.638 | 05:57  105ms  330M  504G  87/ 92U [Expand] Expanding to (57.5, 120.5)
2023-09-19 09:57:38.821 | 05:58   82ms   15M  508G  87/ 92U [ActUnit] DRONE from LARVA at (68.3, 166.0)
2023-09-19 09:57:39.168 | 05:58   78ms  255M  512G  88/ 92U [ActUnit] OVERLORD from LARVA at (68.3, 166.0)
2023-09-19 09:57:39.338 | 05:59  102ms  155M  516G  88/ 92U [ActUnit] OVERLORD from LARVA at (68.2, 165.8)
2023-09-19 09:57:41.072 | 06:03  101ms  300M  556G  88/ 92U [Expand] Expanding to (57.5, 120.5)
2023-09-19 09:57:41.675 | 06:05   46ms   10M  572G  88/ 92U [ActUnit] DRONE from LARVA at (61.8, 143.9)
2023-09-19 09:57:42.374 | 06:07  101ms   20M  584G  89/ 92U [ActUnit] DRONE from LARVA at (61.4, 143.7)
2023-09-19 09:57:42.376 | 06:07  101ms   20M  584G  89/ 92U [Inject] injecting hatch (61.5, 146.5)
2023-09-19 09:57:42.669 | 06:08   92ms   10M  592G  90/ 92U [ActUnit] DRONE from LARVA at (60.5, 143.3)
2023-09-19 09:57:42.843 | 06:08   36ms  215M  596G  91/ 92U [ActUnit] OVERLORD from LARVA at (60.5, 143.2)
2023-09-19 09:57:43.207 | 06:09   79ms  250M  600G  91/ 92U [GameAnalyzer] Income advantage is now ClearAdvantage
2023-09-19 09:57:43.967 | 06:11   79ms  315M  620G  91/ 92U [Expand] Expanding to (57.5, 120.5)
2023-09-19 09:57:44.511 | 06:12  104ms   15M  628G  91/ 92U [ActUnit] DRONE from LARVA at (70.0, 165.9)
2023-09-19 09:57:44.821 | 06:13   97ms   40M  632G  92/ 92U [GameAnalyzer] Known army advantage is now ClearAdvantage
2023-09-19 09:57:44.821 | 06:13   97ms   40M  632G  92/ 92U [GameAnalyzer] Predicted army advantage is now ClearAdvantage
2023-09-19 09:57:44.948 | 06:14   33ms  340M  636G  92/ 92U [GameAnalyzer] Income advantage is now SmallAdvantage
2023-09-19 09:57:44.956 | 06:14   33ms  340M  636G  92/ 92U [Expand] Expanding to (57.5, 120.5)
2023-09-19 09:57:45.100 | 06:14   42ms  375M  644G  92/ 92U [Expand] Expanding to (57.5, 120.5)
2023-09-19 09:57:45.218 | 06:15   37ms  405M  644G  92/ 92U [GameAnalyzer] Known army advantage is now SlightAdvantage
2023-09-19 09:57:45.219 | 06:15   37ms  405M  644G  92/ 92U [GameAnalyzer] Predicted army advantage is now SlightAdvantage
2023-09-19 09:57:45.229 | 06:15   37ms  405M  644G  92/ 92U [Expand] Expanding to (57.5, 120.5)
2023-09-19 09:57:45.501 | 06:15   36ms  415M  656G  92/ 92U [Expand] Expanding to (57.5, 120.5)
2023-09-19 09:57:45.654 | 06:16   38ms  420M  656G  92/ 92U [Expand] Expanding to (57.5, 120.5)
2023-09-19 09:57:45.777 | 06:16   37ms  440M  660G  92/ 92U [Expand] Expanding to (57.5, 120.5)
2023-09-19 09:57:45.915 | 06:17   45ms   10M  664G  92/100U [ActUnit] QUEEN from HATCHERY at (61.5, 146.5)
2023-09-19 09:57:46.297 | 06:18   33ms   50M  676G  94/108U [GameAnalyzer] Income advantage is now ClearAdvantage
2023-09-19 09:57:46.305 | 06:18   33ms    0M  676G  94/108U [ActUnit] DRONE from LARVA at (61.2, 143.7)
2023-09-19 09:57:46.694 | 06:19   39ms   15M  684G  95/108U [ActUnit] DRONE from LARVA at (69.5, 165.6)
2023-09-19 09:57:48.036 | 06:24   41ms  465M  720G  96/108U [Expand] Expanding to (57.5, 120.5)
2023-09-19 09:57:48.166 | 06:24   40ms  485M  728G  96/108U [Expand] Expanding to (57.5, 120.5)
2023-09-19 09:57:48.169 | 06:24   40ms  185M  728G  96/108U [Inject] injecting hatch (69.5, 168.5)
2023-09-19 09:57:48.316 | 06:25   41ms  500M  728G  96/108U [Expand] Expanding to (57.5, 120.5)
2023-09-19 09:57:48.460 | 06:25   51ms  220M  732G  96/108U [GameAnalyzer] Income advantage is now SmallAdvantage
2023-09-19 09:57:48.470 | 06:25   51ms   70M  732G  96/108U [ActUnit] QUEEN from HATCHERY at (69.5, 168.5)
2023-09-19 09:57:48.474 | 06:25   51ms   20M  732G  96/108U [ActUnit] DRONE from LARVA at (69.5, 165.6)
2023-09-19 09:57:48.774 | 06:26   50ms  330M  744G  99/108U [Expand] Expanding to (57.5, 120.5)
2023-09-19 09:57:48.921 | 06:27   52ms  355M  748G  99/116U [GameAnalyzer] Income advantage is now ClearAdvantage
2023-09-19 09:57:48.927 | 06:27   52ms  355M  748G  99/116U [Expand] Expanding to (57.5, 120.5)
2023-09-19 09:57:48.929 | 06:27   52ms    5M  748G  99/116U [ActUnit] DRONE from LARVA at (68.3, 165.6)
2023-09-19 09:57:49.080 | 06:27   48ms  325M  756G 100/116U [Expand] Expanding to (57.5, 120.5)
2023-09-19 09:57:49.222 | 06:27   43ms  340M  760G 100/116U [Expand] Expanding to (57.5, 120.5)
2023-09-19 09:57:49.353 | 06:28   43ms   50M  760G 100/116U [GameAnalyzer] Income advantage is now SmallAdvantage
2023-09-19 09:57:49.647 | 06:29   44ms  390M  776G 100/116U [GameAnalyzer] Income advantage is now ClearAdvantage
2023-09-19 09:57:49.653 | 06:29   44ms  390M  776G 100/116U [Expand] Expanding to (57.5, 120.5)
2023-09-19 09:57:49.656 | 06:29   44ms   40M  776G 100/116U [ActUnit] ZERGLING from LARVA at (61.6, 143.4)
2023-09-19 09:57:49.802 | 06:29   53ms  360M  776G 101/116U [Expand] Expanding to (57.5, 120.5)
2023-09-19 09:57:49.805 | 06:29   53ms   10M  776G 101/116U [ActUnit] DRONE from LARVA at (69.2, 165.4)
2023-09-19 09:57:49.949 | 06:30   52ms  315M  784G 101/116U [Expand] Expanding to (57.5, 120.5)
2023-09-19 09:57:50.101 | 06:30   55ms  335M  792G 101/116U [Expand] Expanding to (57.5, 120.5)
2023-09-19 09:57:51.331 | 06:31   50ms  380M  804G 101/116U [Expand] Expanding to (57.5, 120.5)
2023-09-19 09:57:51.334 | 06:31   50ms   30M  804G 101/116U [ActUnit] ZERGLING from LARVA at (69.5, 165.9)
2023-09-19 09:57:51.500 | 06:32   57ms  350M  808G 102/116U [Expand] Expanding to (57.5, 120.5)
2023-09-19 09:57:51.664 | 06:32   51ms  365M  812G 101/116U [Expand] Expanding to (57.5, 120.5)
2023-09-19 09:57:51.841 | 06:33   56ms  375M  820G 101/116U [Expand] Expanding to (57.5, 120.5)
2023-09-19 09:57:52.359 | 06:34   48ms  420M  832G 101/116U [Expand] Expanding to (57.5, 120.5)
2023-09-19 09:57:52.541 | 06:35   41ms  440M  840G 101/116U [Expand] Expanding to (57.5, 120.5)
2023-09-19 09:57:52.703 | 06:35   46ms  450M  840G 101/116U [Expand] Expanding to (57.5, 120.5)
2023-09-19 09:57:52.867 | 06:35   49ms  485M  848G 101/116U [Expand] Expanding to (57.5, 120.5)
2023-09-19 09:57:53.015 | 06:36   47ms  195M  856G 101/116U [GameAnalyzer] Known army advantage is now Even
2023-09-19 09:57:53.016 | 06:36   47ms  195M  856G 101/116U [GameAnalyzer] Predicted army advantage is now Even
2023-09-19 09:57:53.027 | 06:36   47ms  195M  856G 101/116U [Inject] injecting hatch (61.5, 146.5)
2023-09-19 09:57:53.332 | 06:37   48ms  525M  864G 101/116U [Expand] Expanding to (57.5, 120.5)
2023-09-19 09:57:53.499 | 06:37   49ms  545M  868G 100/116U [Expand] Expanding to (57.5, 120.5)
2023-09-19 09:57:53.502 | 06:37   49ms  195M  868G 100/116U [ActUnit] ZERGLING from LARVA at (60.6, 143.8)
2023-09-19 09:57:53.647 | 06:38   48ms  515M  872G 101/116U [Expand] Expanding to (57.5, 120.5)
2023-09-19 09:57:53.650 | 06:38   48ms  165M  872G 101/116U [ActUnit] DRONE from LARVA at (62.3, 143.4)
2023-09-19 09:57:53.806 | 06:38   48ms  475M  872G 102/116U [Expand] Expanding to (57.5, 120.5)
2023-09-19 09:57:53.808 | 06:38   48ms  125M  872G 102/116U [ActUnit] ZERGLING from LARVA at (62.3, 143.4)
2023-09-19 09:57:54.247 | 06:40   47ms  480M  888G 102/116U [Expand] Expanding to (57.5, 120.5)
2023-09-19 09:57:54.251 | 06:40   47ms  130M  888G 102/116U [ActUnit] DRONE from LARVA at (61.6, 143.9)
2023-09-19 09:57:54.387 | 06:40   46ms  445M  896G 103/116U [Expand] Expanding to (57.5, 120.5)
2023-09-19 09:57:54.520 | 06:40   45ms  450M  904G 103/116U [Expand] Expanding to (57.5, 120.5)
2023-09-19 09:57:54.655 | 06:41   48ms  475M  904G 102/116U [Expand] Expanding to (57.5, 120.5)
2023-09-19 09:57:55.078 | 06:42   45ms  520M  920G 102/116U [Expand] Expanding to (57.5, 120.5)
2023-09-19 09:57:55.081 | 06:42   45ms  170M  920G 102/116U [ActUnit] ZERGLING from LARVA at (69.5, 165.8)
2023-09-19 09:57:55.224 | 06:43   54ms  490M  920G 103/116U [Expand] Expanding to (57.5, 120.5)
2023-09-19 09:57:55.356 | 06:43   43ms  500M  928G 103/116U [Expand] Expanding to (57.5, 120.5)
2023-09-19 09:57:55.633 | 06:44   50ms  550M  936G 103/116U [Expand] Expanding to (57.5, 120.5)
2023-09-19 09:57:55.770 | 06:44   52ms  550M  944G 102/116U [Expand] Expanding to (57.5, 120.5)
2023-09-19 09:57:55.909 | 06:45   52ms  575M  952G 102/116U [Expand] Expanding to (57.5, 120.5)
2023-09-19 09:57:56.176 | 06:46   49ms  305M  960G 102/116U [Expand] Expanding to (57.5, 120.5)
2023-09-19 09:57:56.304 | 06:46   48ms  610M  964G 101/116U [Expand] Expanding to (57.5, 120.5)
2023-09-19 09:57:56.439 | 06:47   48ms  625M  968G 101/116U [Expand] Expanding to (57.5, 120.5)
2023-09-19 09:57:56.575 | 06:47   43ms  650M  972G 101/116U [Expand] Expanding to (57.5, 120.5)
2023-09-19 09:57:56.699 | 06:48   42ms  655M  980G 101/116U [Expand] Expanding to (57.5, 120.5)
2023-09-19 09:57:56.831 | 06:48   41ms  375M  984G  99/116U [Expand] Expanding to (57.5, 120.5)
2023-09-19 09:57:56.966 | 06:48   51ms  385M  984G  99/116U [Expand] Expanding to (57.5, 120.5)
2023-09-19 09:57:57.094 | 06:49   43ms  720M  992G  99/116U [Expand] Expanding to (57.5, 120.5)
2023-09-19 09:57:57.226 | 06:49   45ms  725M 1000G  99/116U [Expand] Expanding to (57.5, 120.5)
2023-09-19 09:57:57.348 | 06:50   43ms  750M 1000G  99/116U [Expand] Expanding to (57.5, 120.5)
2023-09-19 09:57:57.350 | 06:50   43ms  400M 1000G  99/116U [ActUnit] ZERGLING from LARVA at (61.4, 143.7)
2023-09-19 09:57:57.472 | 06:50   38ms  710M 1008G 100/116U [Expand] Expanding to (57.5, 120.5)
2023-09-19 09:57:57.598 | 06:51   41ms  710M 1012G 100/116U [Expand] Expanding to (57.5, 120.5)
2023-09-19 09:57:57.729 | 06:51   42ms  445M 1016G 100/116U [Expand] Expanding to (57.5, 120.5)
2023-09-19 09:57:57.976 | 06:52   37ms  180M 1028G 100/116U [GameAnalyzer] Income advantage is now OverwhelmingAdvantage
2023-09-19 09:57:58.126 | 06:52   52ms  485M 1032G 100/116U [Expand] Expanding to (57.5, 120.5)
2023-09-19 09:57:58.128 | 06:52   52ms  135M 1032G 100/116U [ActUnit] ZERGLING from LARVA at (69.5, 165.7)
2023-09-19 09:57:58.268 | 06:53   46ms  440M 1032G 101/116U [GameAnalyzer] Known army advantage is now SlightAdvantage
2023-09-19 09:57:58.277 | 06:53   46ms  440M 1032G 101/116U [Expand] Expanding to (57.5, 120.5)
2023-09-19 09:57:58.422 | 06:53   46ms  470M 1040G 101/116U [Expand] Expanding to (57.5, 120.5)
2023-09-19 09:57:58.425 | 06:53   46ms  170M 1040G 101/116U [Inject] injecting hatch (69.5, 168.5)
2023-09-19 09:57:58.571 | 06:54   43ms  485M 1048G 101/116U [Expand] Expanding to (57.5, 120.5)
2023-09-19 09:57:58.716 | 06:54   56ms  160M 1048G 101/116U [ActUnit] ZERGLING from LARVA at (69.5, 165.6)
2023-09-19 09:57:58.858 | 06:55   40ms   85M 1031G 102/116U [ActUnit] ROACH from LARVA at (68.6, 165.8)
2023-09-19 09:57:59.007 | 06:55   55ms  410M 1039G 104/116U [Expand] Expanding to (57.5, 120.5)
2023-09-19 09:57:59.010 | 06:55   55ms   35M 1014G 104/116U [ActUnit] ROACH from LARVA at (68.4, 165.7)
2023-09-19 09:57:59.154 | 06:56   44ms  350M 1014G 104/116U [Expand] Expanding to (57.5, 120.5)
2023-09-19 09:57:59.308 | 06:56   46ms  380M 1022G 103/116U [Expand] Expanding to (57.5, 120.5)
2023-09-19 09:57:59.448 | 06:56   44ms  385M 1026G 103/116U [Expand] Expanding to (57.5, 120.5)
2023-09-19 09:57:59.884 | 06:58   49ms  425M 1038G 101/116U [Expand] Expanding to (57.5, 120.5)
2023-09-19 09:58:00.018 | 06:58   40ms  755M 1046G 101/116U [Expand] Expanding to (57.5, 120.5)
2023-09-19 09:58:00.159 | 06:59   50ms  760M 1046G 101/116U [Expand] Expanding to (57.5, 120.5)
2023-09-19 09:58:00.295 | 06:59   41ms  780M 1054G 101/116U [Expand] Expanding to (57.5, 120.5)
2023-09-19 09:58:00.431 | 07:00   46ms  790M 1062G 101/116U [Expand] Expanding to (57.5, 120.5)
2023-09-19 09:58:00.571 | 07:00   41ms  520M 1062G 101/116U [Expand] Expanding to (57.5, 120.5)
2023-09-19 09:58:00.702 | 07:00   53ms  535M 1070G  99/116U [Expand] Expanding to (57.5, 120.5)
2023-09-19 09:58:00.705 | 07:00   53ms  160M 1045G  99/116U [ActUnit] ROACH from LARVA at (61.6, 143.7)
2023-09-19 09:58:00.829 | 07:01   44ms  760M 1049G 101/116U [Expand] Expanding to (57.5, 120.5)
2023-09-19 09:58:00.960 | 07:01   49ms  785M 1053G 101/116U [GameAnalyzer] Known army advantage is now SmallAdvantage
2023-09-19 09:58:00.968 | 07:01   49ms  785M 1053G 101/116U [Expand] Expanding to (57.5, 120.5)
2023-09-19 09:58:01.099 | 07:02   44ms  790M 1057G 101/116U [Expand] Expanding to (57.5, 120.5)
2023-09-19 09:58:01.227 | 07:02   44ms  815M 1065G  99/116U [Expand] Expanding to (57.5, 120.5)
2023-09-19 09:58:01.348 | 07:03   37ms  535M 1069G  99/116U [Expand] Expanding to (57.5, 120.5)
2023-09-19 09:58:01.590 | 07:04   38ms  565M 1077G  99/116U [Expand] Expanding to (57.5, 120.5)
2023-09-19 09:58:01.712 | 07:04   49ms  575M 1085G  99/116U [Expand] Expanding to (57.5, 120.5)
2023-09-19 09:58:01.715 | 07:04   49ms  200M 1060G  99/116U [ActUnit] ROACH from LARVA at (69.5, 165.7)
2023-09-19 09:58:01.840 | 07:05   40ms  515M 1060G 101/116U [Expand] Expanding to (57.5, 120.5)
2023-09-19 09:58:01.961 | 07:05   47ms  530M 1068G 101/116U [Expand] Expanding to (57.5, 120.5)
2023-09-19 09:58:01.964 | 07:05   47ms  230M 1068G 101/116U [Inject] injecting hatch (61.5, 146.5)
2023-09-19 09:58:02.090 | 07:05   37ms  260M 1072G 101/116U [Tech] Started ZERGFLYERWEAPONSLEVEL1
2023-09-19 09:58:02.348 | 07:06   35ms  490M  984G 101/116U [Expand] Expanding to (57.5, 120.5)
2023-09-19 09:58:02.351 | 07:06   35ms  140M  984G 101/116U [ActUnit] ZERGLING from LARVA at (60.6, 143.8)
2023-09-19 09:58:02.474 | 07:07   52ms  445M  988G 102/116U [Expand] Expanding to (57.5, 120.5)
2023-09-19 09:58:02.477 | 07:07   52ms   45M  888G 102/116U [ActUnit] MUTALISK from LARVA at (62.6, 144.0)
2023-09-19 09:58:02.598 | 07:07   37ms  355M  892G 104/116U [Expand] Expanding to (57.5, 120.5)
2023-09-19 09:58:02.728 | 07:08   49ms  690M  892G 103/116U [Expand] Expanding to (57.5, 120.5)
2023-09-19 09:58:02.730 | 07:08   49ms  290M  792G 103/116U [ActUnit] MUTALISK from LARVA at (62.6, 144.0)
2023-09-19 09:58:02.848 | 07:08   37ms  600M  800G 105/116U [GameAnalyzer] Known army advantage is now SlightAdvantage
2023-09-19 09:58:02.849 | 07:08   37ms  600M  800G 105/116U [GameAnalyzer] Predicted army advantage is now SlightAdvantage
2023-09-19 09:58:02.856 | 07:08   37ms  600M  800G 105/116U [Expand] Expanding to (57.5, 120.5)
2023-09-19 09:58:02.975 | 07:09   44ms  615M  808G 105/116U [Expand] Expanding to (57.5, 120.5)
2023-09-19 09:58:03.094 | 07:09   34ms  625M  808G 105/116U [Expand] Expanding to (57.5, 120.5)
2023-09-19 09:58:03.219 | 07:09   43ms  350M  816G 105/116U [Expand] Expanding to (57.5, 120.5)
2023-09-19 09:58:03.470 | 07:10   49ms  385M  824G 105/116U [Expand] Expanding to (57.5, 120.5)
2023-09-19 09:58:03.594 | 07:11   42ms  395M  832G 105/116U [Expand] Expanding to (57.5, 120.5)
2023-09-19 09:58:03.715 | 07:11   47ms  405M  836G 105/116U [Expand] Expanding to (57.5, 120.5)
2023-09-19 09:58:03.956 | 07:12   45ms  440M  840G 105/116U [Expand] Expanding to (57.5, 120.5)
2023-09-19 09:58:04.082 | 07:13   41ms  765M  848G 105/116U [Expand] Expanding to (57.5, 120.5)
2023-09-19 09:58:04.085 | 07:13   41ms  365M  748G 105/116U [ActUnit] MUTALISK from LARVA at (61.6, 143.8)
2023-09-19 09:58:04.201 | 07:13   46ms  675M  756G 107/116U [Expand] Expanding to (57.5, 120.5)
2023-09-19 09:58:04.320 | 07:13   37ms  685M  756G 107/116U [Expand] Expanding to (57.5, 120.5)
2023-09-19 09:58:04.447 | 07:14   43ms  405M  764G 107/116U [Expand] Expanding to (57.5, 120.5)
2023-09-19 09:58:04.570 | 07:14   45ms  725M  772G 107/116U [Expand] Expanding to (57.5, 120.5)
2023-09-19 09:58:04.691 | 07:15   49ms  745M  772G 107/116U [Expand] Expanding to (57.5, 120.5)
2023-09-19 09:58:04.693 | 07:15   49ms  395M  772G 107/116U [ActUnit] ZERGLING from LARVA at (69.4, 165.6)
2023-09-19 09:58:04.815 | 07:15   40ms  695M  780G 107/116U [Expand] Expanding to (57.5, 120.5)
2023-09-19 09:58:04.937 | 07:16   52ms  420M  784G 107/116U [Expand] Expanding to (57.5, 120.5)
2023-09-19 09:58:05.056 | 07:16   41ms  435M  788G 107/116U [Expand] Expanding to (57.5, 120.5)
2023-09-19 09:58:05.185 | 07:17   47ms  765M  796G 107/116U [Expand] Expanding to (57.5, 120.5)
2023-09-19 09:58:05.309 | 07:17   39ms  770M  800G 107/116U [Expand] Expanding to (57.5, 120.5)
2023-09-19 09:58:05.429 | 07:17   42ms  780M  804G 107/116U [Expand] Expanding to (57.5, 120.5)
2023-09-19 09:58:05.545 | 07:18   38ms  795M  804G 107/116U [Expand] Expanding to (57.5, 120.5)
2023-09-19 09:58:05.668 | 07:18   43ms  515M  812G 107/116U [Expand] Expanding to (57.5, 120.5)
2023-09-19 09:58:05.789 | 07:19   39ms  535M  820G 107/116U [Expand] Expanding to (57.5, 120.5)
2023-09-19 09:58:05.918 | 07:19   43ms  845M  820G 107/116U [Expand] Expanding to (57.5, 120.5)
2023-09-19 09:58:06.041 | 07:20   38ms  860M  828G 107/116U [Expand] Expanding to (57.5, 120.5)
2023-09-19 09:58:06.164 | 07:20   41ms  885M  836G 107/116U [Expand] Expanding to (57.5, 120.5)
2023-09-19 09:58:06.291 | 07:21   40ms  905M  836G 107/116U [Expand] Expanding to (57.5, 120.5)
2023-09-19 09:58:06.423 | 07:21   51ms  615M  844G 107/116U [Expand] Expanding to (57.5, 120.5)
2023-09-19 09:58:06.554 | 07:21   39ms  620M  848G 107/116U [Expand] Expanding to (57.5, 120.5)
2023-09-19 09:58:06.677 | 07:22   53ms  945M  852G 107/116U [Expand] Expanding to (57.5, 120.5)
2023-09-19 09:58:06.855 | 07:22   89ms  955M  852G 107/116U [Expand] Expanding to (57.5, 120.5)
2023-09-19 09:58:06.858 | 07:22   89ms  655M  852G 107/116U [Inject] injecting hatch (69.5, 168.5)
2023-09-19 09:58:06.977 | 07:23   48ms  985M  860G 107/116U [Expand] Expanding to (57.5, 120.5)
2023-09-19 09:58:07.101 | 07:23   37ms  995M  868G 107/116U [Expand] Expanding to (57.5, 120.5)
2023-09-19 09:58:07.104 | 07:23   37ms  595M  768G 107/116U [ActUnit] MUTALISK from LARVA at (61.4, 143.4)
2023-09-19 09:58:07.227 | 07:24   44ms  605M  768G 109/116U [Expand] Expanding to (57.5, 120.5)
2023-09-19 09:58:07.230 | 07:24   44ms  255M  768G 109/116U [ActUnit] ZERGLING from LARVA at (70.5, 165.9)
2023-09-19 09:58:07.360 | 07:24   44ms  580M  776G 110/116U [Expand] Expanding to (57.5, 120.5)
2023-09-19 09:58:07.363 | 07:24   44ms  180M  676G 110/116U [ActUnit] MUTALISK from LARVA at (69.3, 165.0)
2023-09-19 09:58:07.482 | 07:25   54ms  685M  684G 112/116U [ActUnit] OVERLORD from LARVA at (69.3, 164.9)
2023-09-19 09:58:07.488 | 07:25   54ms  685M  684G 112/116U [Expand] Expanding to (57.5, 120.5)
2023-09-19 09:58:07.617 | 07:25   42ms  720M  684G 112/116U [Expand] Expanding to (57.5, 120.5)
2023-09-19 09:58:07.751 | 07:25   52ms  720M  692G 112/116U [Expand] Expanding to (57.5, 120.5)
2023-09-19 09:58:07.885 | 07:26   40ms  745M  696G 112/116U [Expand] Expanding to (57.5, 120.5)
2023-09-19 09:58:08.022 | 07:26   53ms  455M  700G 112/116U [Expand] Expanding to (57.5, 120.5)
2023-09-19 09:58:08.154 | 07:27   43ms  380M  700G 112/116U [ActUnit] OVERLORD from LARVA at (69.3, 165.6)
2023-09-19 09:58:08.163 | 07:27   43ms  380M  700G 112/116U [Expand] Expanding to (57.5, 120.5)
2023-09-19 09:58:08.298 | 07:27   49ms  690M  708G 112/116U [Expand] Expanding to (57.5, 120.5)
2023-09-19 09:58:08.433 | 07:28   43ms  695M  716G 112/116U [Expand] Expanding to (57.5, 120.5)
2023-09-19 09:58:09.422 | 07:28   53ms  730M  716G 112/116U [Expand] Expanding to (57.5, 120.5)
2023-09-19 09:58:09.552 | 07:29   43ms  735M  724G 112/116U [Expand] Expanding to (57.5, 120.5)
2023-09-19 09:58:09.681 | 07:29   47ms  455M  732G 112/116U [Expand] Expanding to (57.5, 120.5)
2023-09-19 09:58:09.817 | 07:30   43ms  465M  732G 112/116U [Expand] Expanding to (57.5, 120.5)
2023-09-19 09:58:09.947 | 07:30   52ms  795M  740G 112/116U [Expand] Expanding to (57.5, 120.5)
2023-09-19 09:58:10.068 | 07:30   40ms  800M  744G 112/116U [GameAnalyzer] Known army advantage is now SmallAdvantage
2023-09-19 09:58:10.069 | 07:30   40ms  800M  744G 112/116U [GameAnalyzer] Predicted army advantage is now SmallAdvantage
2023-09-19 09:58:10.076 | 07:30   40ms  800M  744G 112/116U [Expand] Expanding to (57.5, 120.5)
2023-09-19 09:58:10.210 | 07:31   50ms  815M  748G 112/116U [Expand] Expanding to (57.5, 120.5)
2023-09-19 09:58:10.340 | 07:31   41ms  840M  752G 111/116U [Expand] Expanding to (57.5, 120.5)
2023-09-19 09:58:10.469 | 07:32   45ms  545M  760G 111/116U [Expand] Expanding to (57.5, 120.5)
2023-09-19 09:58:10.729 | 07:33   55ms  565M  764G 110/116U [Expand] Expanding to (57.5, 120.5)
2023-09-19 09:58:10.866 | 07:33   41ms  600M  772G 110/116U [Expand] Expanding to (57.5, 120.5)
2023-09-19 09:58:10.985 | 07:34   48ms  615M  780G 110/116U [Expand] Expanding to (57.5, 120.5)
2023-09-19 09:58:11.117 | 07:34   40ms  270M  780G 110/116U [ActUnit] ZERGLING from LARVA at (61.7, 143.7)
2023-09-19 09:58:11.120 | 07:34   40ms  270M  780G 110/116U [Inject] injecting hatch (61.5, 146.5)
2023-09-19 09:58:11.244 | 07:34   53ms  595M  788G 111/116U [Expand] Expanding to (57.5, 120.5)
2023-09-19 09:58:11.370 | 07:35   40ms  610M  792G 111/116U [Expand] Expanding to (57.5, 120.5)
2023-09-19 09:58:11.373 | 07:35   40ms  260M  792G 111/116U [ActUnit] ZERGLING from LARVA at (62.4, 143.8)
2023-09-19 09:58:11.499 | 07:35   49ms  580M  796G 112/116U [Expand] Expanding to (57.5, 120.5)
2023-09-19 09:58:11.502 | 07:35   49ms  180M  696G 112/116U [ActUnit] MUTALISK from LARVA at (60.6, 143.8)
2023-09-19 09:58:11.633 | 07:36   42ms  130M  704G 113/116U [ActUnit] ZERGLING from LARVA at (60.2, 143.8)
2023-09-19 09:58:11.749 | 07:36   50ms  460M  708G 114/116U [Expand] Expanding to (57.5, 120.5)
2023-09-19 09:58:11.872 | 07:37   41ms  470M  712G 114/116U [Expand] Expanding to (57.5, 120.5)
2023-09-19 09:58:11.991 | 07:37   49ms  500M  712G 114/116U [Expand] Expanding to (57.5, 120.5)
2023-09-19 09:58:12.118 | 07:38   41ms  110M  620G 114/116U [ActUnit] MUTALISK from LARVA at (69.4, 165.4)
2023-09-19 09:58:12.361 | 07:38   39ms  440M  628G 116/116U [Expand] Expanding to (57.5, 120.5)
2023-09-19 09:58:12.483 | 07:39   47ms  455M  636G 116/116U [Expand] Expanding to (57.5, 120.5)
2023-09-19 09:58:12.606 | 07:39   40ms  475M  644G 116/116U [Expand] Expanding to (57.5, 120.5)
2023-09-19 09:58:12.727 | 07:40   50ms  780M  644G 116/116U [Expand] Expanding to (57.5, 120.5)
2023-09-19 09:58:12.844 | 07:40   37ms  795M  652G 115/116U [Expand] Expanding to (57.5, 120.5)
2023-09-19 09:58:12.967 | 07:41   44ms  820M  656G 113/116U [Expand] Expanding to (57.5, 120.5)
2023-09-19 09:58:13.088 | 07:41   37ms  835M  660G 113/116U [Expand] Expanding to (57.5, 120.5)
2023-09-19 09:58:13.213 | 07:42   47ms  555M  660G 113/116U [Expand] Expanding to (57.5, 120.5)
2023-09-19 09:58:13.337 | 07:42   41ms  555M  668G 113/116U [Expand] Expanding to (57.5, 120.5)
2023-09-19 09:58:13.464 | 07:42   50ms  885M  676G 113/116U [Expand] Expanding to (57.5, 120.5)
2023-09-19 09:58:13.588 | 07:43   40ms  890M  676G 113/124U [Expand] Expanding to (57.5, 120.5)
2023-09-19 09:58:13.712 | 07:43   44ms  915M  684G 113/124U [Expand] Expanding to (57.5, 120.5)
2023-09-19 09:58:13.837 | 07:44   38ms  925M  692G 113/124U [Expand] Expanding to (57.5, 120.5)
2023-09-19 09:58:13.976 | 07:44   51ms  635M  692G 113/124U [Expand] Expanding to (57.5, 120.5)
2023-09-19 09:58:14.113 | 07:45   41ms  660M  700G 111/124U [Expand] Expanding to (57.5, 120.5)
2023-09-19 09:58:14.230 | 07:45   52ms  970M  704G 111/132U [Expand] Expanding to (57.5, 120.5)
2023-09-19 09:58:14.344 | 07:46   37ms 1000M  708G 111/132U [Expand] Expanding to (57.5, 120.5)
2023-09-19 09:58:14.348 | 07:46   37ms  650M  708G 111/132U [ActUnit] ZERGLING from LARVA at (61.6, 143.6)
2023-09-19 09:58:14.462 | 07:46   45ms  955M  712G 112/132U [Expand] Expanding to (57.5, 120.5)
2023-09-19 09:58:14.577 | 07:46   37ms  970M  720G 112/132U [Expand] Expanding to (57.5, 120.5)
2023-09-19 09:58:14.698 | 07:47   41ms  685M  724G 112/132U [GameAnalyzer] Known army advantage is now ClearAdvantage
2023-09-19 09:58:14.706 | 07:47   41ms  685M  724G 112/132U [Expand] Expanding to (57.5, 120.5)
2023-09-19 09:58:14.831 | 07:47   40ms  715M  724G 112/132U [Expand] Expanding to (57.5, 120.5)
2023-09-19 09:58:14.951 | 07:48   43ms 1020M  732G 112/132U [Expand] Expanding to (57.5, 120.5)
2023-09-19 09:58:15.076 | 07:48   38ms 1035M  740G 112/132U [Expand] Expanding to (57.5, 120.5)
2023-09-19 09:58:15.079 | 07:48   38ms  685M  740G 112/132U [ActUnit] ZERGLING from LARVA at (69.7, 165.6)
2023-09-19 09:58:15.206 | 07:49   49ms 1005M  740G 113/132U [Expand] Expanding to (57.5, 120.5)
2023-09-19 09:58:15.334 | 07:49   40ms 1010M  748G 111/132U [Expand] Expanding to (57.5, 120.5)
2023-09-19 09:58:15.460 | 07:50   44ms  735M  752G 111/132U [Expand] Expanding to (57.5, 120.5)
2023-09-19 09:58:15.591 | 07:50   39ms  750M  756G 111/132U [Expand] Expanding to (57.5, 120.5)
2023-09-19 09:58:15.712 | 07:50   45ms 1060M  764G 111/132U [Expand] Expanding to (57.5, 120.5)
2023-09-19 09:58:15.840 | 07:51   36ms 1080M  768G 111/132U [Expand] Expanding to (57.5, 120.5)
2023-09-19 09:58:15.955 | 07:51   50ms 1100M  772G 111/132U [GameAnalyzer] Predicted army advantage is now ClearAdvantage
2023-09-19 09:58:15.962 | 07:51   50ms 1100M  772G 111/132U [Expand] Expanding to (57.5, 120.5)
2023-09-19 09:58:15.966 | 07:51   50ms  800M  772G 111/132U [Inject] injecting hatch (69.5, 168.5)
2023-09-19 09:58:16.090 | 07:52   40ms 1115M  772G 111/132U [Expand] Expanding to (57.5, 120.5)
2023-09-19 09:58:16.217 | 07:52   48ms  825M  780G 111/132U [Expand] Expanding to (57.5, 120.5)
2023-09-19 09:58:16.350 | 07:53   41ms  850M  788G 109/132U [Expand] Expanding to (57.5, 120.5)
2023-09-19 09:58:16.354 | 07:53   41ms  500M  788G 109/132U [ActUnit] ZERGLING from LARVA at (68.6, 165.8)
2023-09-19 09:58:16.475 | 07:53   52ms 1110M  788G 110/132U [Expand] Expanding to (57.5, 120.5)
2023-09-19 09:58:16.478 | 07:53   52ms  760M  788G 110/132U [ActUnit] ZERGLING from LARVA at (70.2, 165.5)
2023-09-19 09:58:16.608 | 07:54   41ms 1080M  796G 111/132U [Expand] Expanding to (57.5, 120.5)
2023-09-19 09:58:16.611 | 07:54   41ms  730M  796G 111/132U [ActUnit] ZERGLING from LARVA at (70.2, 165.5)
2023-09-19 09:58:16.736 | 07:54   46ms 1040M  804G 112/132U [Expand] Expanding to (57.5, 120.5)
2023-09-19 09:58:16.863 | 07:55   39ms 1055M  804G 112/132U [Expand] Expanding to (57.5, 120.5)
2023-09-19 09:58:16.988 | 07:55   48ms  775M  812G 112/132U [Expand] Expanding to (57.5, 120.5)
2023-09-19 09:58:17.124 | 07:55   41ms  785M  816G 112/132U [Expand] Expanding to (57.5, 120.5)
2023-09-19 09:58:17.246 | 07:56   46ms 1115M  820G 112/132U [Expand] Expanding to (57.5, 120.5)
2023-09-19 09:58:17.370 | 07:56   38ms 1120M  820G 110/132U [GameAnalyzer] Predicted army advantage is now SmallAdvantage
2023-09-19 09:58:17.378 | 07:56   38ms 1120M  820G 110/132U [Expand] Expanding to (57.5, 120.5)
2023-09-19 09:58:17.382 | 07:56   38ms  770M  820G 110/132U [ActUnit] ZERGLING from LARVA at (61.7, 143.7)
2023-09-19 09:58:17.500 | 07:57   47ms 1090M  828G 111/132U [Expand] Expanding to (57.5, 120.5)
2023-09-19 09:58:17.618 | 07:57   36ms 1105M  836G 111/132U [Expand] Expanding to (57.5, 120.5)
2023-09-19 09:58:17.797 | 07:58   43ms  830M  836G 111/132U [Expand] Expanding to (57.5, 120.5)
2023-09-19 09:58:18.059 | 07:59   51ms  840M  852G 111/132U [Expand] Expanding to (57.5, 120.5)
2023-09-19 09:58:18.187 | 07:59   39ms  875M  852G 111/132U [Expand] Expanding to (57.5, 120.5)
2023-09-19 09:58:18.315 | 07:59   45ms  885M  860G 111/132U [Expand] Expanding to (57.5, 120.5)
2023-09-19 09:58:18.454 | 08:00   39ms  560M  864G 111/132U [ActUnit] ZERGLING from LARVA at (69.5, 165.6)
2023-09-19 09:58:18.576 | 08:00   52ms  860M  868G 112/132U [Expand] Expanding to (57.5, 120.5)
2023-09-19 09:58:18.707 | 08:01   40ms  875M  876G 112/132U [Expand] Expanding to (57.5, 120.5)
2023-09-19 09:58:18.832 | 08:01   48ms  900M  880G 112/132U [Expand] Expanding to (57.5, 120.5)
2023-09-19 09:58:19.107 | 08:02   47ms  935M  884G 112/132U [Expand] Expanding to (57.5, 120.5)
2023-09-19 09:58:19.240 | 08:03   39ms  935M  892G 112/132U [Expand] Expanding to (57.5, 120.5)
2023-09-19 09:58:19.376 | 08:03   54ms  955M  900G 112/132U [Expand] Expanding to (57.5, 120.5)
2023-09-19 09:58:19.381 | 08:03   54ms  655M  900G 112/132U [Inject] injecting hatch (61.5, 146.5)
2023-09-19 09:58:19.654 | 08:04   55ms  995M  908G 112/132U [Expand] Expanding to (57.5, 120.5)
2023-09-19 09:58:19.658 | 08:04   55ms  645M  908G 112/132U [ActUnit] ZERGLING from LARVA at (61.5, 143.6)
2023-09-19 09:58:19.782 | 08:04   41ms  955M  916G 113/132U [Expand] Expanding to (57.5, 120.5)
2023-09-19 09:58:19.786 | 08:04   41ms  605M  916G 113/132U [ActUnit] ZERGLING from LARVA at (60.6, 143.7)
2023-09-19 09:58:19.915 | 08:05   49ms  910M  916G 114/132U [Expand] Expanding to (57.5, 120.5)
2023-09-19 09:58:19.918 | 08:05   49ms  560M  916G 114/132U [ActUnit] ZERGLING from LARVA at (62.7, 144.0)
2023-09-19 09:58:20.043 | 08:05   40ms 1185M  924G 115/132U [Expand] Expanding to (57.5, 120.5)
2023-09-19 09:58:20.182 | 08:06   42ms 1190M  928G 115/132U [Expand] Expanding to (57.5, 120.5)
2023-09-19 09:58:20.322 | 08:06   45ms 1220M  932G 115/132U [Expand] Expanding to (57.5, 120.5)
2023-09-19 09:58:20.464 | 08:07   43ms  920M  932G 115/132U [Expand] Expanding to (57.5, 120.5)
2023-09-19 09:58:20.592 | 08:07   44ms  940M  940G 115/132U [GameAnalyzer] Known army advantage is now OverwhelmingAdvantage
2023-09-19 09:58:20.603 | 08:07   44ms  940M  940G 115/132U [Expand] Expanding to (57.5, 120.5)
2023-09-19 09:58:20.740 | 08:07   49ms 1255M  948G 115/132U [Expand] Expanding to (57.5, 120.5)
2023-09-19 09:58:20.743 | 08:07   49ms  905M  948G 115/132U [ActUnit] ZERGLING from LARVA at (61.5, 143.6)
2023-09-19 09:58:20.874 | 08:08   40ms 1230M  948G 116/132U [Expand] Expanding to (57.5, 120.5)
2023-09-19 09:58:21.021 | 08:08   44ms 1240M  956G 116/132U [Expand] Expanding to (57.5, 120.5)
2023-09-19 09:58:21.164 | 08:09   41ms 1245M  964G 116/132U [Expand] Expanding to (57.5, 120.5)
2023-09-19 09:58:21.298 | 08:09   50ms  960M  964G 116/132U [Expand] Expanding to (57.5, 120.5)
2023-09-19 09:58:21.442 | 08:10   43ms  970M  972G 116/132U [Expand] Expanding to (57.5, 120.5)
2023-09-19 09:58:21.577 | 08:10   55ms 1300M  976G 115/132U [Expand] Expanding to (57.5, 120.5)
2023-09-19 09:58:21.722 | 08:11   44ms 1305M  980G 115/132U [Expand] Expanding to (57.5, 120.5)
2023-09-19 09:58:21.726 | 08:11   44ms  955M  980G 115/132U [ActUnit] ZERGLING from LARVA at (69.5, 165.6)
2023-09-19 09:58:21.862 | 08:11   52ms 1275M  980G 116/132U [GameAnalyzer] Predicted army advantage is now ClearAdvantage
2023-09-19 09:58:21.869 | 08:11   52ms 1275M  980G 116/132U [Expand] Expanding to (57.5, 120.5)
2023-09-19 09:58:22.007 | 08:11   47ms 1290M  988G 115/132U [GameAnalyzer] Predicted army advantage is now SmallAdvantage
2023-09-19 09:58:22.014 | 08:11   47ms 1290M  988G 115/132U [Expand] Expanding to (57.5, 120.5)
2023-09-19 09:58:22.156 | 08:12   53ms 1010M  996G 115/132U [Expand] Expanding to (57.5, 120.5)
2023-09-19 09:58:22.292 | 08:12   46ms 1025M  996G 115/132U [GameAnalyzer] Predicted army advantage is now ClearAdvantage
2023-09-19 09:58:22.301 | 08:12   46ms 1025M  996G 115/132U [Expand] Expanding to (57.5, 120.5)
2023-09-19 09:58:22.437 | 08:13   55ms 1325M 1004G 115/132U [Expand] Expanding to (57.5, 120.5)
2023-09-19 09:58:22.586 | 08:13   44ms 1355M 1012G 114/132U [Expand] Expanding to (57.5, 120.5)
2023-09-19 09:58:22.727 | 08:14   55ms 1365M 1012G 114/132U [Expand] Expanding to (57.5, 120.5)
2023-09-19 09:58:22.872 | 08:14   50ms 1385M 1020G 114/132U [Expand] Expanding to (57.5, 120.5)
2023-09-19 09:58:23.018 | 08:15   51ms 1095M 1024G 114/132U [Expand] Expanding to (57.5, 120.5)
2023-09-19 09:58:23.153 | 08:15   45ms 1100M 1028G 114/132U [Expand] Expanding to (57.5, 120.5)
2023-09-19 09:58:23.288 | 08:15   52ms 1430M 1032G 114/132U [Expand] Expanding to (57.5, 120.5)
2023-09-19 09:58:23.431 | 08:16   44ms 1440M 1040G 114/132U [Expand] Expanding to (57.5, 120.5)
2023-09-19 09:58:23.569 | 08:16   57ms 1455M 1044G 114/132U [Expand] Expanding to (57.5, 120.5)
2023-09-19 09:58:23.709 | 08:17   44ms 1465M 1044G 114/132U [Expand] Expanding to (57.5, 120.5)
2023-09-19 09:58:23.848 | 08:17   56ms 1180M 1052G 114/132U [Expand] Expanding to (57.5, 120.5)
2023-09-19 09:58:23.987 | 08:18   49ms 1200M 1060G 114/132U [GameAnalyzer] Predicted army advantage is now OverwhelmingAdvantage
2023-09-19 09:58:24.002 | 08:18   49ms 1200M 1060G 114/132U [Expand] Expanding to (57.5, 120.5)
2023-09-19 09:58:24.140 | 08:18   65ms 1520M 1060G 114/132U [Expand] Expanding to (57.5, 120.5)
2023-09-19 09:58:24.143 | 08:18   65ms 1170M 1060G 114/132U [ActUnit] ZERGLING from LARVA at (61.5, 143.6)
2023-09-19 09:58:24.279 | 08:19   46ms 1485M 1068G 115/132U [Expand] Expanding to (57.5, 120.5)
2023-09-19 09:58:24.412 | 08:19   55ms 1485M 1072G 115/132U [Expand] Expanding to (57.5, 120.5)
2023-09-19 09:58:24.547 | 08:20   45ms 1520M 1076G 115/132U [Expand] Expanding to (57.5, 120.5)
2023-09-19 09:58:24.683 | 08:20   50ms 1225M 1084G 115/132U [Expand] Expanding to (57.5, 120.5)
2023-09-19 09:58:24.822 | 08:20   46ms 1240M 1088G 115/132U [Expand] Expanding to (57.5, 120.5)
2023-09-19 09:58:24.826 | 08:20   46ms  940M 1088G 115/132U [Inject] injecting hatch (69.5, 168.5)
2023-09-19 09:58:24.953 | 08:21   56ms 1555M 1092G 115/132U [Expand] Expanding to (57.5, 120.5)
2023-09-19 09:58:25.097 | 08:21   45ms 1570M 1092G 115/132U [Expand] Expanding to (57.5, 120.5)
2023-09-19 09:58:25.243 | 08:22   62ms 1580M 1100G 115/132U [Expand] Expanding to (57.5, 120.5)
2023-09-19 09:58:25.246 | 08:22   62ms 1230M 1100G 115/132U [ActUnit] ZERGLING from LARVA at (68.6, 165.7)
2023-09-19 09:58:25.395 | 08:22   49ms 1555M 1108G 116/132U [Expand] Expanding to (57.5, 120.5)
2023-09-19 09:58:25.399 | 08:22   49ms 1205M 1108G 116/132U [ActUnit] ZERGLING from LARVA at (68.7, 165.6)
2023-09-19 09:58:25.547 | 08:23   63ms 1215M 1108G 116/132U [Expand] Expanding to (57.5, 120.5)
2023-09-19 09:58:25.550 | 08:23   63ms  865M 1108G 116/132U [ActUnit] ZERGLING from LARVA at (69.5, 165.6)
2023-09-19 09:58:25.683 | 08:23   51ms 1170M 1116G 117/132U [EnemyArmyPredicter] Predicting negative free minerals for enemy: -5170
2023-09-19 09:58:25.693 | 08:23   51ms 1170M 1116G 117/132U [Expand] Expanding to (57.5, 120.5)
2023-09-19 09:58:25.697 | 08:23   51ms  820M 1116G 117/132U [ActUnit] ZERGLING from LARVA at (68.7, 165.6)
2023-09-19 09:58:25.842 | 08:24   58ms 1450M 1124G 118/132U [Expand] Expanding to (57.5, 120.5)
2023-09-19 09:58:25.987 | 08:24   47ms 1460M 1124G 118/132U [Expand] Expanding to (57.5, 120.5)
2023-09-19 09:58:26.135 | 08:24   55ms 1480M 1132G 118/132U [Expand] Expanding to (57.5, 120.5)
2023-09-19 09:58:26.288 | 08:25   48ms 1485M 1136G 118/132U [Expand] Expanding to (57.5, 120.5)
2023-09-19 09:58:27.285 | 08:25   65ms 1205M 1140G 118/132U [GameAnalyzer] Income advantage is now ClearAdvantage
2023-09-19 09:58:27.293 | 08:25   65ms 1205M 1140G 118/132U [Expand] Expanding to (57.5, 120.5)
2023-09-19 09:58:27.596 | 08:26   65ms 1235M 1148G 118/132U [Expand] Expanding to (57.5, 120.5)
2023-09-19 09:58:27.741 | 08:27   50ms 1250M 1156G 118/132U [Expand] Expanding to (57.5, 120.5)
2023-09-19 09:58:27.892 | 08:27   57ms 1260M 1156G 118/132U [Expand] Expanding to (57.5, 120.5)
2023-09-19 09:58:28.036 | 08:28   50ms  985M 1164G 118/132U [GameAnalyzer] Income advantage is now OverwhelmingAdvantage
2023-09-19 09:58:28.198 | 08:28   60ms 1295M 1172G 118/132U [Expand] Expanding to (57.5, 120.5)
2023-09-19 09:58:28.350 | 08:28   55ms 1320M 1172G 118/132U [GameAnalyzer] Predicted army advantage is now ClearAdvantage
2023-09-19 09:58:28.361 | 08:28   55ms 1320M 1172G 118/132U [Expand] Expanding to (57.5, 120.5)
2023-09-19 09:58:28.505 | 08:29   61ms 1330M 1180G 118/132U [Expand] Expanding to (57.5, 120.5)
2023-09-19 09:58:28.508 | 08:29   61ms  980M 1180G 118/132U [ActUnit] ZERGLING from LARVA at (61.5, 143.6)
2023-09-19 09:58:28.814 | 08:30   65ms 1305M 1188G 119/132U [Expand] Expanding to (57.5, 120.5)
2023-09-19 09:58:29.029 | 08:30   51ms 1320M 1192G 119/132U [Expand] Expanding to (57.5, 120.5)
2023-09-19 09:58:29.179 | 08:31   60ms 1335M 1200G 119/132U [Expand] Expanding to (57.5, 120.5)
2023-09-19 09:58:29.489 | 08:32   67ms 1360M 1204G 119/132U [Expand] Expanding to (57.5, 120.5)
2023-09-19 09:58:29.642 | 08:32   53ms 1380M 1212G 119/132U [Expand] Expanding to (57.5, 120.5)
2023-09-19 09:58:29.647 | 08:32   53ms 1080M 1212G 119/132U [Inject] injecting hatch (61.5, 146.5)
2023-09-19 09:58:29.798 | 08:32   64ms 1400M 1220G 119/132U [Expand] Expanding to (57.5, 120.5)
2023-09-19 09:58:29.954 | 08:33   53ms 1410M 1220G 119/132U [Expand] Expanding to (57.5, 120.5)
2023-09-19 09:58:30.102 | 08:33   60ms 1720M 1228G 119/132U [Expand] Expanding to (57.5, 120.5)
2023-09-19 09:58:30.106 | 08:33   60ms 1370M 1228G 119/132U [ActUnit] ZERGLING from LARVA at (69.5, 165.7)
2023-09-19 09:58:30.261 | 08:34   55ms 1690M 1232G 120/132U [GameAnalyzer] Predicted army advantage is now SmallAdvantage
2023-09-19 09:58:30.268 | 08:34   55ms 1690M 1232G 120/132U [Expand] Expanding to (57.5, 120.5)
2023-09-19 09:58:30.272 | 08:34   55ms 1340M 1232G 120/132U [ActUnit] ZERGLING from LARVA at (62.1, 143.9)
2023-09-19 09:58:30.414 | 08:34   60ms 1650M 1236G 120/132U [Expand] Expanding to (57.5, 120.5)
2023-09-19 09:58:30.418 | 08:34   60ms 1300M 1236G 120/132U [ActUnit] ZERGLING from LARVA at (61.9, 143.8)
2023-09-19 09:58:30.570 | 08:35   51ms 1625M 1244G 121/132U [Expand] Expanding to (57.5, 120.5)
2023-09-19 09:58:30.573 | 08:35   51ms 1275M 1244G 121/132U [ActUnit] ZERGLING from LARVA at (61.9, 143.8)
2023-09-19 09:58:30.721 | 08:35   65ms 1285M 1248G 122/132U [Expand] Expanding to (57.5, 120.5)
2023-09-19 09:58:30.879 | 08:36   50ms 1300M 1252G 122/132U [Expand] Expanding to (57.5, 120.5)
2023-09-19 09:58:31.028 | 08:36   70ms 1610M 1252G 122/132U [Expand] Expanding to (57.5, 120.5)
2023-09-19 09:58:31.179 | 08:36   50ms 1615M 1260G 122/132U [Expand] Expanding to (57.5, 120.5)
2023-09-19 09:58:31.324 | 08:37   58ms 1645M 1268G 122/132U [Expand] Expanding to (57.5, 120.5)
2023-09-19 09:58:31.471 | 08:37   50ms 1655M 1268G 121/132U [Expand] Expanding to (57.5, 120.5)
2023-09-19 09:58:31.618 | 08:38   55ms 1365M 1276G 121/132U [Expand] Expanding to (57.5, 120.5)
2023-09-19 09:58:31.913 | 08:39   63ms 1410M 1284G 121/132U [Expand] Expanding to (57.5, 120.5)
2023-09-19 09:58:32.069 | 08:39   50ms 1425M 1292G 121/132U [Expand] Expanding to (57.5, 120.5)
2023-09-19 09:58:32.224 | 08:40   67ms 1430M 1296G 121/132U [Expand] Expanding to (57.5, 120.5)
2023-09-19 09:58:32.533 | 08:40   68ms 1460M 1300G 120/132U [GameAnalyzer] Predicted army advantage is now ClearAdvantage
2023-09-19 09:58:32.542 | 08:40   68ms 1460M 1300G 120/132U [Expand] Expanding to (57.5, 120.5)
2023-09-19 09:58:32.700 | 08:41   55ms 1475M 1308G 120/132U [Expand] Expanding to (57.5, 120.5)
2023-09-19 09:58:32.848 | 08:41   63ms 1485M 1316G 120/132U [Expand] Expanding to (57.5, 120.5)
2023-09-19 09:58:32.851 | 08:41   63ms 1135M 1316G 120/132U [ActUnit] ZERGLING from LARVA at (61.6, 143.5)
2023-09-19 09:58:33.148 | 08:42   67ms 1475M 1324G 121/132U [GameAnalyzer] Predicted army advantage is now SmallAdvantage
2023-09-19 09:58:33.157 | 08:42   67ms 1475M 1324G 121/132U [Expand] Expanding to (57.5, 120.5)
2023-09-19 09:58:33.314 | 08:43   53ms 1490M 1332G 121/132U [Expand] Expanding to (57.5, 120.5)
2023-09-19 09:58:33.460 | 08:43   62ms 1500M 1332G 121/132U [Expand] Expanding to (57.5, 120.5)
2023-09-19 09:58:33.763 | 08:44   64ms 1520M 1344G 120/132U [Expand] Expanding to (57.5, 120.5)
2023-09-19 09:58:33.766 | 08:44   64ms 1170M 1344G 120/132U [ActUnit] ZERGLING from LARVA at (69.5, 165.7)
2023-09-19 09:58:33.914 | 08:45   52ms 1795M 1348G 121/132U [Expand] Expanding to (57.5, 120.5)
2023-09-19 09:58:34.072 | 08:45   68ms 1815M 1356G 121/132U [Expand] Expanding to (57.5, 120.5)
2023-09-19 09:58:34.219 | 08:45   51ms 1825M 1360G 121/132U [Expand] Expanding to (57.5, 120.5)
2023-09-19 09:58:34.366 | 08:46   58ms 1835M 1364G 121/132U [Expand] Expanding to (57.5, 120.5)
2023-09-19 09:58:34.519 | 08:46   50ms 1555M 1364G 121/132U [Expand] Expanding to (57.5, 120.5)
2023-09-19 09:58:34.816 | 08:47   50ms 1585M 1380G 121/132U [Expand] Expanding to (57.5, 120.5)
2023-09-19 09:58:34.964 | 08:48   58ms 1595M 1380G 121/132U [Expand] Expanding to (57.5, 120.5)
2023-09-19 09:58:35.114 | 08:48   51ms 1605M 1388G 120/132U [Expand] Expanding to (57.5, 120.5)
2023-09-19 09:58:35.267 | 08:49   58ms 1625M 1396G 120/132U [Expand] Expanding to (57.5, 120.5)
2023-09-19 09:58:35.412 | 08:49   50ms 1945M 1396G 120/132U [Expand] Expanding to (57.5, 120.5)
2023-09-19 09:58:35.558 | 08:49   61ms 1965M 1404G 120/132U [Expand] Expanding to (57.5, 120.5)
2023-09-19 09:58:35.562 | 08:49   61ms 1665M 1404G 120/132U [Inject] injecting hatch (69.5, 168.5)
2023-09-19 09:58:35.711 | 08:50   48ms 1965M 1408G 120/132U [Expand] Expanding to (57.5, 120.5)
2023-09-19 09:58:35.859 | 08:50   61ms 1995M 1412G 120/132U [Expand] Expanding to (57.5, 120.5)
2023-09-19 09:58:36.009 | 08:51   47ms 1700M 1412G 120/132U [Expand] Expanding to (57.5, 120.5)
2023-09-19 09:58:36.013 | 08:51   47ms 1350M 1412G 120/132U [ActUnit] ZERGLING from LARVA at (69.4, 165.4)
2023-09-19 09:58:36.158 | 08:51   67ms 1670M 1420G 121/132U [GameAnalyzer] Predicted army advantage is now ClearAdvantage
2023-09-19 09:58:36.168 | 08:51   67ms 1670M 1420G 121/132U [Expand] Expanding to (57.5, 120.5)
2023-09-19 09:58:36.171 | 08:51   67ms 1320M 1420G 121/132U [ActUnit] ZERGLING from LARVA at (68.5, 165.6)
2023-09-19 09:58:36.325 | 08:52   54ms 1930M 1428G 122/132U [Expand] Expanding to (57.5, 120.5)
2023-09-19 09:58:36.329 | 08:52   54ms 1580M 1428G 122/132U [ActUnit] ZERGLING from LARVA at (69.4, 165.2)
2023-09-19 09:58:36.475 | 08:52   57ms 1890M 1428G 123/132U [Expand] Expanding to (57.5, 120.5)
2023-09-19 09:58:36.478 | 08:52   57ms 1540M 1428G 123/132U [ActUnit] ZERGLING from LARVA at (61.5, 143.5)
2023-09-19 09:58:36.638 | 08:53   51ms 1865M 1436G 124/132U [Expand] Expanding to (57.5, 120.5)
2023-09-19 09:58:36.787 | 08:53   63ms 1880M 1444G 124/132U [Expand] Expanding to (57.5, 120.5)
2023-09-19 09:58:36.945 | 08:53   50ms 1600M 1444G 124/132U [Expand] Expanding to (57.5, 120.5)
2023-09-19 09:58:37.106 | 08:54   68ms 1605M 1452G 123/132U [Expand] Expanding to (57.5, 120.5)
2023-09-19 09:58:37.260 | 08:54   51ms 1920M 1456G 123/132U [Expand] Expanding to (57.5, 120.5)
2023-09-19 09:58:37.406 | 08:55   61ms 1925M 1460G 123/132U [Expand] Expanding to (57.5, 120.5)
2023-09-19 09:58:37.553 | 08:55   47ms 1955M 1460G 123/132U [Expand] Expanding to (57.5, 120.5)
2023-09-19 09:58:37.692 | 08:56   53ms 1965M 1468G 123/132U [Expand] Expanding to (57.5, 120.5)
2023-09-19 09:58:37.696 | 08:56   53ms 1615M 1468G 123/132U [ActUnit] ZERGLING from LARVA at (69.5, 165.6)
2023-09-19 09:58:37.840 | 08:56   47ms 1625M 1476G 123/132U [Expand] Expanding to (57.5, 120.5)
2023-09-19 09:58:37.981 | 08:57   55ms 1650M 1476G 123/132U [Expand] Expanding to (57.5, 120.5)
2023-09-19 09:58:38.126 | 08:57   48ms 1965M 1484G 123/132U [Expand] Expanding to (57.5, 120.5)
2023-09-19 09:58:38.266 | 08:57   57ms 1980M 1492G 123/132U [Expand] Expanding to (57.5, 120.5)
2023-09-19 09:58:38.410 | 08:58   46ms 1985M 1492G 123/132U [Expand] Expanding to (57.5, 120.5)
2023-09-19 09:58:38.555 | 08:58   60ms 2000M 1500G 123/132U [Expand] Expanding to (57.5, 120.5)
2023-09-19 09:58:38.704 | 08:59   45ms 1715M 1504G 123/132U [Expand] Expanding to (57.5, 120.5)
2023-09-19 09:58:38.843 | 08:59   65ms 1740M 1508G 122/132U [Expand] Expanding to (57.5, 120.5)
2023-09-19 09:58:39.001 | 09:00   48ms 2050M 1512G 122/132U [Expand] Expanding to (57.5, 120.5)
2023-09-19 09:58:39.144 | 09:00   62ms 2060M 1520G 122/132U [Expand] Expanding to (57.5, 120.5)
2023-09-19 09:58:39.280 | 09:01   47ms 2085M 1524G 122/132U [GameAnalyzer] Predicted army advantage is now SmallAdvantage
2023-09-19 09:58:39.289 | 09:01   47ms 2085M 1524G 122/132U [Expand] Expanding to (57.5, 120.5)
2023-09-19 09:58:39.435 | 09:01   63ms 2095M 1524G 122/132U [Expand] Expanding to (57.5, 120.5)
2023-09-19 09:58:39.439 | 09:01   63ms 1795M 1524G 122/132U [Inject] injecting hatch (61.5, 146.5)
2023-09-19 09:58:39.572 | 09:01   48ms 1810M 1532G 122/132U [GameAnalyzer] Predicted army advantage is now ClearAdvantage
2023-09-19 09:58:39.588 | 09:01   48ms 1810M 1532G 122/132U [Expand] Expanding to (57.5, 120.5)
2023-09-19 09:58:39.722 | 09:02   66ms 1820M 1540G 121/132U [GameAnalyzer] Predicted army advantage is now SmallAdvantage
2023-09-19 09:58:39.732 | 09:02   66ms 1820M 1540G 121/132U [Expand] Expanding to (57.5, 120.5)
2023-09-19 09:58:39.883 | 09:02   50ms 2135M 1540G 121/132U [Expand] Expanding to (57.5, 120.5)
2023-09-19 09:58:39.887 | 09:02   50ms 1785M 1540G 121/132U [ActUnit] ZERGLING from LARVA at (60.6, 143.8)
2023-09-19 09:58:40.026 | 09:03   65ms 2105M 1548G 122/132U [Expand] Expanding to (57.5, 120.5)
2023-09-19 09:58:40.029 | 09:03   65ms 1755M 1548G 122/132U [ActUnit] ZERGLING from LARVA at (62.2, 143.4)
2023-09-19 09:58:40.173 | 09:03   47ms 2075M 1552G 123/132U [Expand] Expanding to (57.5, 120.5)
2023-09-19 09:58:40.176 | 09:03   47ms 1725M 1552G 123/132U [ActUnit] ZERGLING from LARVA at (60.0, 143.6)
2023-09-19 09:58:40.316 | 09:04   61ms 2035M 1556G 124/132U [Expand] Expanding to (57.5, 120.5)
2023-09-19 09:58:40.462 | 09:04   47ms 1740M 1564G 124/132U [Expand] Expanding to (57.5, 120.5)
2023-09-19 09:58:40.466 | 09:04   47ms 1390M 1564G 124/132U [ActUnit] ZERGLING from LARVA at (61.5, 143.9)
2023-09-19 09:58:40.600 | 09:05   57ms 1705M 1568G 125/132U [Expand] Expanding to (57.5, 120.5)
2023-09-19 09:58:40.797 | 09:05   49ms 2020M 1572G 125/132U [Expand] Expanding to (57.5, 120.5)
2023-09-19 09:58:40.936 | 09:05  111ms 2045M 1572G 125/132U [Expand] Expanding to (57.5, 120.5)
2023-09-19 09:58:41.068 | 09:06   47ms 2055M 1580G 125/132U [GameAnalyzer] Predicted army advantage is now ClearAdvantage
2023-09-19 09:58:41.076 | 09:06   47ms 2055M 1580G 125/132U [Expand] Expanding to (57.5, 120.5)
2023-09-19 09:58:41.216 | 09:06   53ms 2065M 1588G 125/132U [Expand] Expanding to (57.5, 120.5)
2023-09-19 09:58:41.220 | 09:06   53ms 1715M 1588G 125/132U [ActUnit] ZERGLING from LARVA at (69.5, 165.6)
2023-09-19 09:58:41.362 | 09:07   46ms 1740M 1588G 126/132U [Expand] Expanding to (57.5, 120.5)
2023-09-19 09:58:41.643 | 09:08   46ms 1765M 1604G 126/132U [Expand] Expanding to (57.5, 120.5)
2023-09-19 09:58:41.787 | 09:08   65ms 1775M 1604G 126/132U [Expand] Expanding to (57.5, 120.5)
2023-09-19 09:58:41.934 | 09:09   51ms 1790M 1612G 126/132U [Expand] Expanding to (57.5, 120.5)
2023-09-19 09:58:42.231 | 09:10   49ms 1830M 1620G 126/132U [Expand] Expanding to (57.5, 120.5)
2023-09-19 09:58:42.373 | 09:10   63ms 1845M 1620G 126/132U [Expand] Expanding to (57.5, 120.5)
2023-09-19 09:58:42.521 | 09:10   51ms 1845M 1628G 126/132U [Expand] Expanding to (57.5, 120.5)
2023-09-19 09:58:42.801 | 09:11   48ms 1880M 1636G 125/132U [Expand] Expanding to (57.5, 120.5)
2023-09-19 09:58:42.941 | 09:12   57ms 1900M 1644G 125/132U [Expand] Expanding to (57.5, 120.5)
2023-09-19 09:58:43.092 | 09:12   49ms 1905M 1652G 125/132U [Expand] Expanding to (57.5, 120.5)
2023-09-19 09:58:43.522 | 09:14   64ms 1965M 1664G 125/132U [Expand] Expanding to (57.5, 120.5)
2023-09-19 09:58:43.666 | 09:14   49ms 1975M 1668G 125/132U [Expand] Expanding to (57.5, 120.5)
2023-09-19 09:58:43.797 | 09:14   50ms 2275M 1672G 125/132U [Expand] Expanding to (57.5, 120.5)
2023-09-19 09:58:43.937 | 09:15   45ms 2300M 1680G 125/132U [Expand] Expanding to (57.5, 120.5)
2023-09-19 09:58:43.940 | 09:15   45ms 1950M 1680G 125/132U [ActUnit] ZERGLING from LARVA at (61.5, 143.9)
2023-09-19 09:58:44.089 | 09:15   50ms 2265M 1684G 126/132U [Expand] Expanding to (57.5, 120.5)
2023-09-19 09:58:44.226 | 09:16   49ms 2285M 1684G 126/132U [Expand] Expanding to (57.5, 120.5)
2023-09-19 09:58:44.361 | 09:16   47ms 1990M 1692G 126/132U [Expand] Expanding to (57.5, 120.5)
2023-09-19 09:58:44.629 | 09:17   48ms 2025M 1700G 126/132U [Expand] Expanding to (57.5, 120.5)
2023-09-19 09:58:44.633 | 09:17   48ms 1675M 1700G 126/132U [ActUnit] ZERGLING from LARVA at (69.5, 165.6)
2023-09-19 09:58:44.765 | 09:18   49ms 1990M 1708G 127/132U [Expand] Expanding to (57.5, 120.5)
2023-09-19 09:58:44.950 | 09:18   48ms 1995M 1712G 127/132U [Expand] Expanding to (57.5, 120.5)
2023-09-19 09:58:45.115 | 09:18  101ms 2005M 1716G 127/132U [Expand] Expanding to (57.5, 120.5)
2023-09-19 09:58:45.119 | 09:18  101ms 1705M 1716G 127/132U [Inject] injecting hatch (69.5, 168.5)
2023-09-19 09:58:45.267 | 09:19   76ms 2320M 1724G 127/132U [Expand] Expanding to (57.5, 120.5)
2023-09-19 09:58:45.452 | 09:19   61ms 2335M 1728G 127/132U [Expand] Expanding to (57.5, 120.5)
2023-09-19 09:58:45.591 | 09:20   96ms 2355M 1732G 127/132U [Expand] Expanding to (57.5, 120.5)
2023-09-19 09:58:45.595 | 09:20   96ms 2005M 1732G 127/132U [ActUnit] ZERGLING from LARVA at (68.6, 165.8)
2023-09-19 09:58:45.778 | 09:20   49ms 2215M 1732G 128/132U [ActUnit] OVERLORD from LARVA at (69.9, 165.6)
2023-09-19 09:58:45.788 | 09:20   49ms 2215M 1732G 128/132U [Expand] Expanding to (57.5, 120.5)
2023-09-19 09:58:45.792 | 09:20   49ms 1865M 1732G 128/132U [ActUnit] ZERGLING from LARVA at (68.8, 165.7)
2023-09-19 09:58:45.978 | 09:21  105ms 1870M 1740G 129/132U [Expand] Expanding to (57.5, 120.5)
2023-09-19 09:58:46.139 | 09:21   99ms 1900M 1748G 129/132U [Expand] Expanding to (57.5, 120.5)
2023-09-19 09:58:46.281 | 09:22   62ms 2210M 1748G 129/132U [Expand] Expanding to (57.5, 120.5)
2023-09-19 09:58:46.415 | 09:22   63ms 2230M 1756G 129/132U [GameAnalyzer] Predicted army advantage is now OverwhelmingAdvantage
2023-09-19 09:58:46.428 | 09:22   63ms 2230M 1756G 129/132U [Expand] Expanding to (57.5, 120.5)
2023-09-19 09:58:46.565 | 09:22   56ms 2235M 1764G 129/132U [Expand] Expanding to (57.5, 120.5)
2023-09-19 09:58:46.707 | 09:23   52ms 2245M 1764G 129/132U [Expand] Expanding to (57.5, 120.5)
2023-09-19 09:58:46.850 | 09:23   57ms 1965M 1772G 129/132U [Expand] Expanding to (57.5, 120.5)
2023-09-19 09:58:46.999 | 09:24   54ms 1980M 1776G 129/132U [Expand] Expanding to (57.5, 120.5)
2023-09-19 09:58:47.146 | 09:24   60ms 2290M 1780G 129/132U [Expand] Expanding to (57.5, 120.5)
2023-09-19 09:58:47.321 | 09:25   62ms 2300M 1780G 129/132U [Expand] Expanding to (57.5, 120.5)
2023-09-19 09:58:47.458 | 09:25   88ms 2315M 1788G 129/132U [Expand] Expanding to (57.5, 120.5)
2023-09-19 09:58:47.640 | 09:26   52ms 2220M 1796G 129/132U [ActUnit] OVERLORD from LARVA at (61.3, 143.7)
2023-09-19 09:58:47.649 | 09:26   52ms 2220M 1796G 129/132U [Expand] Expanding to (57.5, 120.5)
2023-09-19 09:58:47.835 | 09:26  105ms 1945M 1796G 129/132U [Expand] Expanding to (57.5, 120.5)
2023-09-19 09:58:47.978 | 09:26  103ms 1950M 1804G 129/132U [Expand] Expanding to (57.5, 120.5)
2023-09-19 09:58:48.123 | 09:27   54ms 2270M 1812G 129/132U [Expand] Expanding to (57.5, 120.5)
2023-09-19 09:58:48.258 | 09:27   59ms 2280M 1812G 129/132U [Expand] Expanding to (57.5, 120.5)
2023-09-19 09:58:48.391 | 09:28   54ms 2290M 1820G 129/132U [Expand] Expanding to (57.5, 120.5)
2023-09-19 09:58:48.545 | 09:28   50ms 2305M 1824G 129/132U [Expand] Expanding to (57.5, 120.5)
2023-09-19 09:58:48.689 | 09:29   67ms 2010M 1828G 129/132U [Expand] Expanding to (57.5, 120.5)
2023-09-19 09:58:48.869 | 09:29   57ms 2030M 1836G 129/132U [Expand] Expanding to (57.5, 120.5)
2023-09-19 09:58:48.874 | 09:29   57ms 1680M 1836G 129/132U [ActUnit] ZERGLING from LARVA at (69.4, 165.6)
2023-09-19 09:58:49.071 | 09:30   98ms 2290M 1840G 130/132U [Expand] Expanding to (57.5, 120.5)
2023-09-19 09:58:49.241 | 09:30   99ms 2310M 1844G 130/132U [Expand] Expanding to (57.5, 120.5)
2023-09-19 09:58:49.246 | 09:30   99ms 2010M 1844G 130/132U [Inject] injecting hatch (61.5, 146.5)
2023-09-19 09:58:49.389 | 09:30   81ms 2320M 1844G 130/132U [Expand] Expanding to (57.5, 120.5)
2023-09-19 09:58:49.550 | 09:31   57ms 2325M 1852G 130/132U [Expand] Expanding to (57.5, 120.5)
2023-09-19 09:58:49.737 | 09:31   71ms 2050M 1860G 130/132U [Expand] Expanding to (57.5, 120.5)
2023-09-19 09:58:49.742 | 09:31   71ms 1700M 1860G 130/132U [ActUnit] ZERGLING from LARVA at (62.3, 143.7)
2023-09-19 09:58:49.902 | 09:32  104ms 1660M 1860G 131/132U [ActUnit] ZERGLING from LARVA at (60.9, 143.8)
2023-09-19 09:58:50.091 | 09:32   71ms 1975M 1868G 132/132U [Expand] Expanding to (57.5, 120.5)
2023-09-19 09:58:50.254 | 09:33   95ms 1980M 1876G 132/132U [Expand] Expanding to (57.5, 120.5)
2023-09-19 09:58:50.433 | 09:33   62ms 1990M 1876G 132/132U [Expand] Expanding to (57.5, 120.5)
2023-09-19 09:58:50.777 | 09:34   67ms 2020M 1888G 132/132U [Expand] Expanding to (57.5, 120.5)
2023-09-19 09:58:50.944 | 09:35  108ms 2025M 1892G 132/132U [Expand] Expanding to (57.5, 120.5)
2023-09-19 09:58:51.187 | 09:35   71ms 2035M 1892G 132/132U [Expand] Expanding to (57.5, 120.5)
2023-09-19 09:58:51.590 | 09:36   99ms 2065M 1908G 132/132U [Expand] Expanding to (57.5, 120.5)
2023-09-19 09:58:51.785 | 09:36  109ms 2080M 1908G 132/132U [Expand] Expanding to (57.5, 120.5)
2023-09-19 09:58:51.937 | 09:37  104ms 2085M 1916G 132/132U [Expand] Expanding to (57.5, 120.5)
2023-09-19 09:58:52.403 | 09:38   55ms 2130M 1932G 132/132U [Expand] Expanding to (57.5, 120.5)
2023-09-19 09:58:52.607 | 09:39  110ms 2140M 1936G 132/140U [Expand] Expanding to (57.5, 120.5)
2023-09-19 09:58:52.612 | 09:39  110ms 1790M 1936G 132/140U [ActUnit] ZERGLING from LARVA at (62.5, 143.2)
2023-09-19 09:58:52.789 | 09:39  103ms 2100M 1940G 133/140U [Expand] Expanding to (57.5, 120.5)
2023-09-19 09:58:52.792 | 09:39  103ms 1750M 1940G 133/140U [ActUnit] ZERGLING from LARVA at (62.5, 143.1)
2023-09-19 09:58:52.972 | 09:39   84ms 2365M 1940G 134/140U [Expand] Expanding to (57.5, 120.5)
2023-09-19 09:58:53.163 | 09:40   95ms 2385M 1948G 134/140U [Expand] Expanding to (57.5, 120.5)
2023-09-19 09:58:53.167 | 09:40   95ms 2035M 1948G 134/140U [ActUnit] ZERGLING from LARVA at (69.5, 165.6)
2023-09-19 09:58:53.306 | 09:40  101ms 2350M 1956G 135/140U [Expand] Expanding to (57.5, 120.5)
2023-09-19 09:58:53.494 | 09:41   49ms 2055M 1956G 135/140U [Expand] Expanding to (57.5, 120.5)
2023-09-19 09:58:53.657 | 09:41   95ms 2370M 1964G 135/140U [Expand] Expanding to (57.5, 120.5)
2023-09-19 09:58:53.834 | 09:42   69ms 2380M 1972G 135/140U [Expand] Expanding to (57.5, 120.5)
2023-09-19 09:58:53.991 | 09:42   85ms 2405M 1972G 135/140U [Expand] Expanding to (57.5, 120.5)
2023-09-19 09:58:54.182 | 09:43   61ms 2105M 1980G 135/140U [Expand] Expanding to (57.5, 120.5)
2023-09-19 09:58:54.322 | 09:43   94ms 2120M 1984G 135/140U [Expand] Expanding to (57.5, 120.5)
2023-09-19 09:58:54.460 | 09:43   50ms 2435M 1988G 135/140U [Expand] Expanding to (57.5, 120.5)
2023-09-19 09:58:54.539 | INFO     | sc2.protocol:_execute:72 - Client status changed to Status.ended (was Status.in_game)
2023-09-19 09:58:54.546 | Result: Victory
2023-09-19 09:58:54.547 | Duration: 09:43
2023-09-19 09:58:54.547 | Step time min: 6
2023-09-19 09:58:54.548 | Step time avg: 35
2023-09-19 09:58:54.548 | Step time max: 120
2023-09-19 09:58:54.549 | [LostUnitsContents] My lost units minerals and gas: (2425, 250)
2023-09-19 09:58:54.549 | [LostUnitsContents] My lost units minerals by score: 2425.0
2023-09-19 09:58:54.550 | [LostUnitsContents] Enemy lost units minerals and gas: (11275, 1000)
2023-09-19 09:58:54.550 | [LostUnitsContents] Enemy lost units minerals by score: 11825.0
2023-09-19 09:58:54.551 | [GameAnalyzerEnd] Own units:
2023-09-19 09:58:54.552 | [GameAnalyzerEnd] ZERGLING          total: 130 alive:  63 dead:  67 
2023-09-19 09:58:54.552 | [GameAnalyzerEnd] DRONE             total:  61 alive:  61 dead:   0 
2023-09-19 09:58:54.553 | [GameAnalyzerEnd] CREEPTUMOR        total:  33 alive:  33 dead:   0 
2023-09-19 09:58:54.553 | [GameAnalyzerEnd] OVERLORD          total:  15 alive:  15 dead:   0 
2023-09-19 09:58:54.554 | [GameAnalyzerEnd] ROACH             total:  14 alive:   4 dead:  10 
2023-09-19 09:58:54.554 | [GameAnalyzerEnd] MUTALISK          total:   7 alive:   7 dead:   0 
2023-09-19 09:58:54.555 | [GameAnalyzerEnd] EGG               total:   7 alive:   7 dead:   0 
2023-09-19 09:58:54.555 | [GameAnalyzerEnd] QUEEN             total:   5 alive:   5 dead:   0 
2023-09-19 09:58:54.556 | [GameAnalyzerEnd] EXTRACTOR         total:   4 alive:   4 dead:   0 
2023-09-19 09:58:54.556 | [GameAnalyzerEnd] CHANGELINGMARINESHIELD total:   2 alive:   2 dead:   0 
2023-09-19 09:58:54.556 | [GameAnalyzerEnd] LAIR              total:   1 alive:   1 dead:   0 
2023-09-19 09:58:54.557 | [GameAnalyzerEnd] OVERSEER          total:   1 alive:   1 dead:   0 
2023-09-19 09:58:54.558 | [GameAnalyzerEnd] HATCHERY          total:   1 alive:   1 dead:   0 
2023-09-19 09:58:54.558 | [GameAnalyzerEnd] SPIRE             total:   1 alive:   1 dead:   0 
2023-09-19 09:58:54.559 | [GameAnalyzerEnd] SPAWNINGPOOL      total:   1 alive:   1 dead:   0 
2023-09-19 09:58:54.560 | [GameAnalyzerEnd] SPINECRAWLER      total:   1 alive:   1 dead:   0 
2023-09-19 09:58:54.560 | [GameAnalyzerEnd] ROACHWARREN       total:   1 alive:   1 dead:   0 
2023-09-19 09:58:54.561 | [GameAnalyzerEnd] Enemy units:
2023-09-19 09:58:54.562 | [GameAnalyzerEnd] MARINE            total:  76 alive:   0 dead:  76 
2023-09-19 09:58:54.563 | [GameAnalyzerEnd] SCV               total:  55 alive:   0 dead:  55 
2023-09-19 09:58:54.563 | [GameAnalyzerEnd] SUPPLYDEPOT       total:  10 alive:   1 dead:   9 
2023-09-19 09:58:54.564 | [GameAnalyzerEnd] BARRACKS          total:  10 alive:   0 dead:  10 
2023-09-19 09:58:54.565 | [GameAnalyzerEnd] MARAUDER          total:   8 alive:   0 dead:   8 
2023-09-19 09:58:54.565 | [GameAnalyzerEnd] MEDIVAC           total:   4 alive:   0 dead:   4 
2023-09-19 09:58:54.566 | [GameAnalyzerEnd] ORBITALCOMMAND    total:   2 alive:   0 dead:   2 
2023-09-19 09:58:54.566 | [GameAnalyzerEnd] TECHLAB           total:   2 alive:   0 dead:   2 
2023-09-19 09:58:54.567 | [GameAnalyzerEnd] REFINERY          total:   2 alive:   0 dead:   2 
2023-09-19 09:58:54.568 | [GameAnalyzerEnd] FACTORY           total:   1 alive:   0 dead:   1 
2023-09-19 09:58:54.568 | [GameAnalyzerEnd] STARPORT          total:   1 alive:   0 dead:   1 
2023-09-19 09:58:54.569 | [GameAnalyzerEnd] ENGINEERINGBAY    total:   1 alive:   0 dead:   1 
2023-09-19 09:58:54.570 | [GameAnalyzerEnd] Minerals max 2435 Average 469
2023-09-19 09:58:54.570 | [GameAnalyzerEnd] Vespene max 1988 Average 521
2023-09-19 09:58:54.571 | INFO     | sc2.main:_play_game:228 - Result for player 2 - Bot LadderBot(Zerg): Victory
