2023-09-17 19:00:36.168 | INFO     | sc2.protocol:_execute:72 - Client status changed to Status.in_game (was None)
2023-09-17 19:00:36.170 | INFO     | sc2.main:_play_game:221 - Player 2 - Bot LadderBot(Zerg)
2023-09-17 19:00:36.422 | 00:00    0ms    0M    0G  12/ 14U [Version] 4.10.0.75689
2023-09-17 19:00:36.423 | 00:00    0ms    0M    0G  12/ 14U [Version] 5.0.6 Balance mod recognized.
2023-09-17 19:00:36.485 | 00:00    0ms    0M    0G  12/ 14U [ZoneManager] Map set to: MapName.Unknown from name: GresvanAIE and hash: 3547936.
2023-09-17 19:00:37.170 | [DataManager] No BuildDetector found, enemy build data cannot be saved
2023-09-17 19:00:37.200 | [Start] My race: Zerg
2023-09-17 19:00:37.201 | [Start] Opponent race: Terran
2023-09-17 19:00:37.201 | [Start] OpponentId: 1
2023-09-17 19:00:37.268 | 00:00    0ms    0M    0G  12/ 14U [ActUnit] DRONE from LARVA at (39.4, 118.8)
2023-09-17 19:00:38.300 | 00:07    8ms   10M    0G  13/ 14U [ActUnit] DRONE from LARVA at (37.5, 118.7)
2023-09-17 19:00:39.150 | 00:16    8ms   10M    0G  14/ 14U [ActUnit] OVERLORD from LARVA at (38.7, 118.5)
2023-09-17 19:00:40.913 | 00:34    7ms  190M    0G  14/ 22U [ActUnit] DRONE from LARVA at (38.3, 118.8)
2023-09-17 19:00:40.958 | 00:35    9ms  150M    0G  15/ 22U [ActUnit] DRONE from LARVA at (38.3, 118.8)
2023-09-17 19:00:42.089 | 00:46    8ms  305M    0G  16/ 22U [Expand] Expanding to (36.5, 89.5)
2023-09-17 19:00:42.434 | 00:50    8ms    0M    0G  16/ 22U [ActUnit] DRONE from LARVA at (38.0, 118.7)
2023-09-17 19:00:42.872 | 00:54    9ms    5M    0G  17/ 22U [ActUnit] DRONE from LARVA at (39.0, 118.2)
2023-09-17 19:00:42.964 | 00:55    8ms   20M    0G  17/ 22U [GameAnalyzer] Income advantage is now SmallAdvantage
2023-09-17 19:00:43.012 | 00:55   10ms    5M    0G  17/ 22U [BuildGas] Building EXTRACTOR to (42.5, 128.5)
2023-09-17 19:00:45.433 | 01:10   31ms  205M    0G  16/ 22U [ActBuilding] 1. SPAWNINGPOOL near (46.8, 118.1)
2023-09-17 19:00:45.976 | 01:14    8ms    5M    0G  15/ 22U [ActUnit] DRONE from LARVA at (38.2, 118.7)
2023-09-17 19:00:46.401 | 01:17    9ms    0M    0G  16/ 22U [ActUnit] DRONE from LARVA at (38.1, 118.1)
2023-09-17 19:00:46.870 | 01:21    9ms    0M    0G  17/ 22U [ActUnit] DRONE from LARVA at (38.8, 118.7)
2023-09-17 19:00:47.681 | 01:28    9ms   35M   16G  18/ 22U [ActUnit] DRONE from LARVA at (38.5, 118.8)
2023-09-17 19:00:48.927 | 01:39    9ms   70M   44G  19/ 22U [ActUnit] OVERLORD from LARVA at (38.7, 118.8)
2023-09-17 19:00:50.286 | 01:50   11ms  165M   72G  19/ 22U [ActUnit] DRONE from LARVA at (38.4, 118.8)
2023-09-17 19:00:51.857 | 02:00    9ms  175M  100G  20/ 30U [ActUnit] QUEEN from HATCHERY at (38.5, 121.5)
2023-09-17 19:00:51.941 | 02:00   14ms  130M  100G  22/ 30U [ActUnit] ZERGLING from LARVA at (38.3, 118.6)
2023-09-17 19:00:51.993 | 02:01   12ms  135M  104G  23/ 30U [Tech] Started ZERGLINGMOVEMENTSPEED
2023-09-17 19:00:52.795 | 02:06    8ms   60M   16G  23/ 36U [ActUnit] ZERGLING from LARVA at (36.5, 86.6)
2023-09-17 19:00:53.542 | 02:11   12ms   90M   32G  24/ 36U [ActUnit] DRONE from LARVA at (38.7, 118.7)
2023-09-17 19:00:54.155 | 02:15    9ms    0M   40G  25/ 36U [ActUnit] QUEEN from HATCHERY at (36.5, 89.5)
2023-09-17 19:00:54.576 | 02:18    9ms   35M   48G  27/ 36U [GameAnalyzer] Known army advantage is now SlightAdvantage
2023-09-17 19:00:54.578 | 02:18    9ms   35M   48G  27/ 36U [GameAnalyzer] Predicted army advantage is now SlightAdvantage
2023-09-17 19:00:55.130 | 02:21   15ms  100M   56G  27/ 36U [DefensiveBuilding] Building SPINECRAWLER to (41.43196961916072, 90.32199493652679)
2023-09-17 19:00:57.313 | 02:34   12ms  150M   92G  26/ 36U [ActUnit] DRONE from LARVA at (36.2, 86.4)
2023-09-17 19:00:57.626 | 02:36   11ms   30M    0G  27/ 36U [Inject] injecting hatch (36.5, 89.5)
2023-09-17 19:00:57.835 | 02:38   10ms    5M    4G  27/ 36U [ActUnit] DRONE from LARVA at (38.0, 118.7)
2023-09-17 19:00:58.455 | 02:41   11ms    5M   12G  28/ 36U [ActUnit] DRONE from LARVA at (36.6, 86.6)
2023-09-17 19:00:59.672 | 02:44   11ms    0M   20G  29/ 36U [ActUnit] DRONE from LARVA at (39.7, 118.8)
2023-09-17 19:01:00.232 | 02:47   12ms    5M   28G  30/ 36U [ActUnit] DRONE from LARVA at (36.1, 86.7)
2023-09-17 19:01:00.753 | 02:50   11ms    5M   36G  31/ 36U [ActUnit] ZERGLING from LARVA at (36.1, 86.2)
2023-09-17 19:01:01.004 | 02:51   13ms   15M   40G  32/ 36U [GameAnalyzer] Known army advantage is now SmallAdvantage
2023-09-17 19:01:01.005 | 02:51   13ms   15M   40G  32/ 36U [GameAnalyzer] Predicted army advantage is now SmallAdvantage
2023-09-17 19:01:01.379 | 02:54   11ms   10M   44G  32/ 36U [ActUnit] ZERGLING from LARVA at (38.4, 118.8)
2023-09-17 19:01:01.846 | 02:56   11ms   50M   52G  33/ 36U [GameAnalyzer] Income advantage is now ClearAdvantage
2023-09-17 19:01:01.850 | 02:56   11ms    0M   52G  33/ 36U [ActUnit] ZERGLING from LARVA at (38.9, 118.3)
2023-09-17 19:01:02.450 | 03:00   11ms   10M   64G  34/ 36U [ActUnit] ZERGLING from LARVA at (36.5, 86.7)
2023-09-17 19:01:03.313 | 03:05   14ms   40M   76G  35/ 36U [ActUnit] DRONE from LARVA at (38.4, 118.8)
2023-09-17 19:01:03.851 | 03:08   14ms  100M   84G  36/ 36U [Inject] injecting hatch (38.5, 121.5)
2023-09-17 19:01:04.321 | 03:11   13ms   60M   92G  36/ 36U [ActUnit] OVERLORD from LARVA at (36.5, 86.6)
2023-09-17 19:01:05.132 | 03:15   15ms  160M  104G  36/ 36U [ActBuilding] 1. ROACHWARREN near (43.5, 114.0)
2023-09-17 19:01:05.235 | 03:15   22ms   10M  104G  36/ 36U [Inject] injecting hatch (36.5, 89.5)
2023-09-17 19:01:05.558 | 03:17   17ms   60M  108G  36/ 36U [GameAnalyzer] Known army advantage is now ClearAdvantage
2023-09-17 19:01:05.559 | 03:17   17ms   60M  108G  36/ 36U [GameAnalyzer] Predicted army advantage is now ClearAdvantage
2023-09-17 19:01:05.793 | 03:19   14ms   30M  112G  35/ 36U [ActUnit] DRONE from LARVA at (35.4, 87.0)
2023-09-17 19:01:08.538 | 03:29   78ms  200M  140G  36/ 44U [ActUnit] DRONE from LARVA at (38.3, 118.9)
2023-09-17 19:01:08.681 | 03:29   57ms  150M  144G  37/ 44U [ActUnit] DRONE from LARVA at (36.5, 86.9)
2023-09-17 19:01:08.783 | 03:30   86ms  115M  144G  38/ 44U [ActUnit] DRONE from LARVA at (38.8, 118.9)
2023-09-17 19:01:08.934 | 03:30   20ms   65M  144G  39/ 44U [ActUnit] DRONE from LARVA at (35.5, 86.9)
2023-09-17 19:01:09.080 | 03:31   91ms   80M  148G  40/ 44U [GameAnalyzer] Known army advantage is now SmallAdvantage
2023-09-17 19:01:09.086 | 03:31   91ms   80M  148G  40/ 44U [GameAnalyzer] Predicted army advantage is now SmallAdvantage
2023-09-17 19:01:09.089 | 03:31   91ms   30M  148G  40/ 44U [ActUnit] ZERGLING from LARVA at (37.1, 86.5)
2023-09-17 19:01:11.174 | 03:37   87ms   60M  164G  40/ 44U [ActUnit] OVERLORD from LARVA at (38.7, 118.7)
2023-09-17 19:01:11.892 | 03:40   14ms   40M  172G  40/ 44U [ActUnit] OVERLORD from LARVA at (36.3, 86.8)
2023-09-17 19:01:13.685 | 03:45   14ms  125M  184G  40/ 44U [Inject] injecting hatch (36.5, 89.5)
2023-09-17 19:01:13.965 | 03:46   19ms  105M  188G  40/ 44U [ActUnit] ZERGLING from LARVA at (37.4, 86.7)
2023-09-17 19:01:14.052 | 03:46   16ms   60M  188G  41/ 44U [ActUnit] ZERGLING from LARVA at (37.0, 86.5)
2023-09-17 19:01:16.355 | 03:58   14ms  265M  195G  42/ 52U [ActUnit] ROACH from LARVA at (39.1, 118.4)
2023-09-17 19:01:16.455 | 03:58   17ms  195M  170G  44/ 52U [ActUnit] ROACH from LARVA at (36.9, 86.7)
2023-09-17 19:01:16.528 | 03:59   16ms  130M  149G  46/ 60U [ActUnit] ROACH from LARVA at (36.6, 86.7)
2023-09-17 19:01:16.637 | 03:59   17ms   60M  124G  48/ 60U [ActUnit] ROACH from LARVA at (38.3, 118.9)
2023-09-17 19:01:16.715 | 04:00   15ms   50M  124G  50/ 60U [BuildGas] Building EXTRACTOR to (45.5, 124.5)
2023-09-17 19:01:16.717 | 04:00   15ms    0M  124G  50/ 60U [ActUnit] DRONE from LARVA at (37.6, 118.2)
2023-09-17 19:01:16.814 | 04:00   19ms   10M  128G  51/ 60U [GameAnalyzer] Known army advantage is now ClearAdvantage
2023-09-17 19:01:16.815 | 04:00   19ms   10M  128G  51/ 60U [GameAnalyzer] Predicted army advantage is now ClearAdvantage
2023-09-17 19:01:17.076 | 04:01   15ms   30M  128G  50/ 60U [BuildGas] Building EXTRACTOR to (29.5, 86.5)
2023-09-17 19:01:17.353 | 04:03   15ms   10M  132G  50/ 60U [ActUnit] DRONE from LARVA at (38.4, 118.1)
2023-09-17 19:01:17.771 | 04:05   14ms    0M  140G  50/ 60U [ActUnit] DRONE from LARVA at (36.6, 86.8)
2023-09-17 19:01:18.726 | 04:10   16ms   75M  152G  51/ 60U [ActUnit] DRONE from LARVA at (38.5, 118.6)
2023-09-17 19:01:18.957 | 04:11   14ms  110M  156G  52/ 60U [Inject] injecting hatch (38.5, 121.5)
2023-09-17 19:01:19.389 | 04:14   18ms  105M  164G  52/ 60U [ActUnit] DRONE from LARVA at (36.6, 86.5)
2023-09-17 19:01:19.918 | 04:16   16ms  185M  168G  53/ 60U [Inject] injecting hatch (36.5, 89.5)
2023-09-17 19:01:20.440 | 04:19   22ms  230M  176G  53/ 60U [GameAnalyzer] Known army advantage is now OverwhelmingAdvantage
2023-09-17 19:01:20.441 | 04:19   22ms  230M  176G  53/ 60U [GameAnalyzer] Predicted army advantage is now OverwhelmingAdvantage
2023-09-17 19:01:21.015 | 04:22   24ms  305M  184G  53/ 60U [Expand] Expanding to (36.5, 64.5)
2023-09-17 19:01:21.389 | 04:23   22ms    0M  188G  53/ 60U [ActUnit] DRONE from LARVA at (36.7, 86.9)
2023-09-17 19:01:21.915 | 04:26   22ms   10M  196G  54/ 60U [ActUnit] DRONE from LARVA at (37.1, 86.9)
2023-09-17 19:01:22.351 | 04:28   17ms    0M  204G  55/ 60U [ActUnit] DRONE from LARVA at (38.7, 118.8)
2023-09-17 19:01:22.802 | 04:30   23ms    0M  216G  56/ 60U [ActUnit] DRONE from LARVA at (35.5, 86.9)
2023-09-17 19:01:23.231 | 04:33   17ms    0M  232G  56/ 60U [ActUnit] DRONE from LARVA at (37.1, 86.9)
2023-09-17 19:01:23.973 | 04:35   90ms    0M  240G  57/ 60U [ActUnit] DRONE from LARVA at (38.6, 118.0)
2023-09-17 19:01:24.272 | 04:36   20ms   15M  248G  58/ 60U [GameAnalyzer] Income advantage is now OverwhelmingAdvantage
2023-09-17 19:01:26.202 | 04:42   18ms   45M  292G  58/ 60U [ActUnit] OVERLORD from LARVA at (36.5, 86.6)
2023-09-17 19:01:26.317 | 04:42   22ms    0M  296G  58/ 60U [ActUnit] DRONE from LARVA at (38.5, 118.7)
2023-09-17 19:01:27.756 | 04:48   83ms  160M  344G  59/ 60U [Inject] injecting hatch (36.5, 89.5)
2023-09-17 19:01:28.045 | 04:49   80ms   75M  352G  59/ 60U [ActUnit] OVERLORD from LARVA at (36.5, 86.6)
2023-09-17 19:01:28.215 | 04:50   71ms   30M  356G  59/ 60U [ActUnit] DRONE from LARVA at (35.6, 86.7)
2023-09-17 19:01:28.792 | 04:51   64ms   80M  368G  60/ 60U [Inject] injecting hatch (38.5, 121.5)
2023-09-17 19:01:31.548 | 05:00   80ms  160M  440G  60/ 68U [ActUnit] QUEEN from HATCHERY at (36.5, 89.5)
2023-09-17 19:01:31.549 | 05:00   80ms  110M  440G  60/ 68U [ActUnit] DRONE from LARVA at (38.3, 118.3)
2023-09-17 19:01:32.706 | 05:04   85ms  200M  472G  63/ 68U [ActBuilding] 1. SPIRE near (34.2, 113.6)
2023-09-17 19:01:33.177 | 05:05   75ms   55M  280G  63/ 68U [MorphOverseer] Morphing OVERLORD at (39.8, 119.8)
2023-09-17 19:01:33.793 | 05:07   73ms    0M  246G  62/ 68U [ActUnit] DRONE from LARVA at (39.0, 118.3)
2023-09-17 19:01:34.206 | 05:08   87ms   30M  258G  63/ 76U [PlanCancelBuilding] Cancelled CREEPTUMOR at (62.5, 83.5) with 34.06005859375 health
2023-09-17 19:01:34.507 | 05:09   86ms    5M  262G  63/ 76U [ActUnit] DRONE from LARVA at (38.9, 118.9)
2023-09-17 19:01:34.696 | 05:09   75ms   20M  270G  64/ 76U [PlanCancelBuilding] Cancelled CREEPTUMOR at (62.5, 83.5) with 29.677734375 health
2023-09-17 19:01:34.976 | 05:10   43ms   45M  274G  64/ 76U [GameAnalyzer] Known army advantage is now SmallAdvantage
2023-09-17 19:01:34.980 | 05:10   43ms   45M  274G  64/ 76U [GameAnalyzer] Predicted army advantage is now SmallAdvantage
2023-09-17 19:01:35.139 | 05:11   92ms   20M  274G  64/ 76U [ActUnit] DRONE from LARVA at (36.7, 86.9)
2023-09-17 19:01:35.710 | 05:12   89ms    0M  294G  65/ 76U [ActUnit] DRONE from LARVA at (36.9, 86.9)
2023-09-17 19:01:36.253 | 05:14   67ms    5M  306G  66/ 76U [ActUnit] DRONE from LARVA at (36.5, 86.4)
2023-09-17 19:01:36.921 | 05:17   30ms   15M  305G  67/ 76U [ActUnit] ROACH from LARVA at (38.5, 118.0)
2023-09-17 19:01:37.928 | 05:20   95ms    0M  300G  69/ 76U [ActUnit] ROACH from LARVA at (38.2, 118.9)
2023-09-17 19:01:38.481 | 05:20  110ms   35M  308G  71/ 76U [Inject] injecting hatch (38.5, 121.5)
2023-09-17 19:01:38.646 | 05:21   74ms   40M  308G  71/ 76U [GameAnalyzer] Known army advantage is now ClearAdvantage
2023-09-17 19:01:38.647 | 05:21   74ms   40M  308G  71/ 76U [GameAnalyzer] Predicted army advantage is now ClearAdvantage
2023-09-17 19:01:39.064 | 05:22  131ms   25M  316G  71/ 76U [ActUnit] ZERGLING from LARVA at (38.4, 118.6)
2023-09-17 19:01:39.231 | 05:22   97ms   35M  320G  72/ 76U [GameAnalyzer] Known army advantage is now SmallAdvantage
2023-09-17 19:01:39.236 | 05:22   97ms   35M  320G  72/ 76U [GameAnalyzer] Predicted army advantage is now SmallAdvantage
2023-09-17 19:01:39.674 | 05:24   30ms    0M  307G  72/ 76U [ActUnit] ROACH from LARVA at (36.8, 86.3)
2023-09-17 19:01:40.517 | 05:26   93ms   10M  327G  73/ 76U [ActUnit] ZERGLING from LARVA at (37.7, 87.1)
2023-09-17 19:01:40.681 | 05:26   79ms   35M  327G  74/ 76U [GameAnalyzer] Known army advantage is now ClearAdvantage
2023-09-17 19:01:40.687 | 05:26   79ms   35M  327G  74/ 76U [GameAnalyzer] Predicted army advantage is now ClearAdvantage
2023-09-17 19:01:41.387 | 05:28   75ms   10M  318G  73/ 76U [ActUnit] ROACH from LARVA at (37.9, 118.9)
2023-09-17 19:01:41.862 | 05:30   23ms   50M  330G  75/ 76U [Inject] injecting hatch (36.5, 89.5)
2023-09-17 19:01:42.212 | 05:31   24ms    5M  342G  75/ 76U [ActUnit] OVERLORD from LARVA at (38.7, 118.8)
2023-09-17 19:01:43.110 | 05:35   25ms    5M  374G  75/ 76U [ActUnit] OVERLORD from LARVA at (36.4, 86.2)
2023-09-17 19:01:43.425 | 05:36   21ms   45M  386G  75/ 76U [GameAnalyzer] Known army advantage is now OverwhelmingAdvantage
2023-09-17 19:01:43.426 | 05:36   21ms   45M  386G  75/ 76U [GameAnalyzer] Predicted army advantage is now OverwhelmingAdvantage
2023-09-17 19:01:44.678 | 05:38   21ms   10M  398G  75/ 76U [ActUnit] OVERLORD from LARVA at (37.1, 86.9)
2023-09-17 19:01:46.258 | 05:44   24ms   25M  446G  75/ 82U [ActUnit] QUEEN from HATCHERY at (36.5, 89.5)
2023-09-17 19:01:46.264 | 05:44   24ms   25M  446G  75/ 82U [Inject] injecting hatch (36.5, 64.5)
2023-09-17 19:01:46.744 | 05:45   23ms   10M  437G  77/ 82U [ActUnit] ROACH from LARVA at (36.2, 86.4)
2023-09-17 19:01:47.310 | 05:48   20ms   10M  432G  79/ 82U [ActUnit] ROACH from LARVA at (36.6, 61.9)
2023-09-17 19:01:47.770 | 05:50   23ms   15M  444G  81/ 90U [ActUnit] DRONE from LARVA at (36.7, 86.4)
2023-09-17 19:01:47.774 | 05:50   23ms   15M  444G  81/ 90U [Inject] injecting hatch (38.5, 121.5)
2023-09-17 19:01:48.227 | 05:51   22ms    0M  456G  82/ 90U [ActUnit] DRONE from LARVA at (39.3, 118.9)
2023-09-17 19:01:48.602 | 05:53   27ms    0M  468G  83/ 90U [ActUnit] DRONE from LARVA at (39.1, 118.8)
2023-09-17 19:01:49.094 | 05:54   22ms   10M  484G  84/ 98U [ActUnit] DRONE from LARVA at (38.9, 118.7)
2023-09-17 19:01:49.448 | 05:56   20ms    0M  492G  85/ 98U [ActUnit] DRONE from LARVA at (36.1, 61.1)
2023-09-17 19:01:49.832 | 05:57   23ms   30M  504G  86/106U [PlanZoneAttack] Power 24.01 is larger than required attack power 20.00 -> attack!
2023-09-17 19:01:49.833 | 05:57   23ms   30M  504G  86/106U [PlanZoneAttack] Attack started at 24.01 power.
2023-09-17 19:01:49.932 | 05:58   22ms    5M  508G  86/106U [ActUnit] DRONE from LARVA at (39.2, 118.7)
2023-09-17 19:01:50.301 | 05:59   27ms   10M  520G  87/106U [ActUnit] DRONE from LARVA at (39.2, 118.9)
2023-09-17 19:01:50.642 | 06:00   24ms    5M  532G  88/106U [ActUnit] DRONE from LARVA at (36.2, 86.5)
2023-09-17 19:01:51.011 | 06:02   33ms   45M  540G  89/106U [Inject] injecting hatch (36.5, 89.5)
2023-09-17 19:01:51.125 | 06:02   26ms    5M  544G  89/106U [ActUnit] DRONE from LARVA at (37.5, 118.7)
2023-09-17 19:01:51.653 | 06:04   25ms   25M  560G  90/106U [ActUnit] DRONE from LARVA at (36.1, 86.6)
2023-09-17 19:01:51.956 | 06:05   38ms    5M  568G  91/106U [ActUnit] DRONE from LARVA at (35.7, 86.4)
2023-09-17 19:01:52.399 | 06:06   94ms   10M  576G  92/106U [ActUnit] DRONE from LARVA at (35.7, 86.4)
2023-09-17 19:01:53.221 | 06:08   83ms   35M  596G  93/106U [BuildGas] Building EXTRACTOR to (39.5, 71.5)
2023-09-17 19:01:53.415 | 06:09  104ms   10M  600G  93/106U [ActUnit] DRONE from LARVA at (36.9, 61.9)
2023-09-17 19:01:53.598 | 06:09   94ms   30M  604G  94/106U [GameAnalyzer] Known army advantage is now ClearAdvantage
2023-09-17 19:01:53.602 | 06:09   94ms   30M  604G  94/106U [GameAnalyzer] Predicted army advantage is now ClearAdvantage
2023-09-17 19:01:53.932 | 06:10   43ms   15M  612G  94/106U [ActUnit] DRONE from LARVA at (38.2, 118.6)
2023-09-17 19:01:54.628 | 06:12   38ms   65M  628G  94/106U [BuildGas] Building EXTRACTOR to (35.5, 71.5)
2023-09-17 19:01:55.242 | 06:14   95ms   40M  640G  92/106U [ActUnit] ZERGLING from LARVA at (36.5, 86.6)
2023-09-17 19:01:55.656 | 06:15  103ms   55M  648G  92/106U [BuildGas] Building EXTRACTOR to (33.5, 82.5)
2023-09-17 19:01:56.271 | 06:16  116ms   40M  660G  91/106U [ActUnit] ZERGLING from LARVA at (36.5, 61.6)
2023-09-17 19:01:57.314 | 06:19   96ms  130M  680G  91/106U [Inject] injecting hatch (38.5, 121.5)
2023-09-17 19:01:57.662 | 06:19   99ms   10M  688G  91/106U [ActUnit] QUEEN from HATCHERY at (36.5, 64.5)
2023-09-17 19:01:57.832 | 06:20   80ms   35M  688G  93/106U [GameAnalyzer] Known army advantage is now SmallAdvantage
2023-09-17 19:01:57.837 | 06:20   80ms   35M  688G  93/106U [GameAnalyzer] Predicted army advantage is now SmallAdvantage
2023-09-17 19:01:58.739 | 06:22  112ms   90M  708G  93/106U [GameAnalyzer] Known army advantage is now ClearAdvantage
2023-09-17 19:01:58.741 | 06:22  112ms   90M  708G  93/106U [GameAnalyzer] Predicted army advantage is now ClearAdvantage
2023-09-17 19:01:59.697 | 06:24   84ms  175M  724G  93/106U [Inject] injecting hatch (36.5, 64.5)
2023-09-17 19:02:01.307 | 06:28  104ms  315M  760G  93/106U [Expand] Expanding to (62.5, 99.5)
2023-09-17 19:02:02.258 | 06:31   89ms  100M  780G  93/106U [Tech] Started ZERGFLYERWEAPONSLEVEL1
2023-09-17 19:02:02.263 | 06:31   89ms   50M  780G  93/106U [ActUnit] ZERGLING from LARVA at (35.8, 61.8)
2023-09-17 19:02:02.897 | 06:32  105ms   10M  692G  92/106U [ActUnit] ZERGLING from LARVA at (37.1, 86.6)
2023-09-17 19:02:03.734 | 06:34  119ms   40M  704G  93/106U [ActUnit] ZERGLING from LARVA at (38.2, 118.4)
2023-09-17 19:02:04.118 | 06:35  115ms   25M  708G  94/106U [ActUnit] ZERGLING from LARVA at (38.3, 118.4)
2023-09-17 19:02:05.652 | 06:36   93ms    0M  628G  94/106U [ActUnit] MUTALISK from LARVA at (36.2, 61.9)
2023-09-17 19:02:06.516 | 06:38  106ms    0M  640G  95/106U [ActUnit] ZERGLING from LARVA at (38.6, 118.4)
2023-09-17 19:02:07.709 | 06:41  108ms    0M  572G  96/106U [ActUnit] MUTALISK from LARVA at (35.2, 61.6)
2023-09-17 19:02:08.614 | 06:44   46ms    0M  496G  98/106U [ActUnit] MUTALISK from LARVA at (37.3, 61.9)
2023-09-17 19:02:09.517 | 06:46   45ms    5M  432G  99/106U [ActUnit] MUTALISK from LARVA at (37.1, 86.9)
2023-09-17 19:02:09.653 | 06:47   45ms   15M  440G 101/106U [GameAnalyzer] Known army advantage is now SlightAdvantage
2023-09-17 19:02:09.654 | 06:47   45ms   15M  440G 101/106U [GameAnalyzer] Predicted army advantage is now SlightAdvantage
2023-09-17 19:02:10.104 | 06:48   41ms   10M  452G 101/106U [ActUnit] ZERGLING from LARVA at (37.4, 86.9)
2023-09-17 19:02:10.529 | 06:49   39ms    5M  472G 101/106U [ActUnit] DRONE from LARVA at (37.4, 119.0)
2023-09-17 19:02:10.681 | 06:50   54ms   20M  480G 102/106U [Inject] injecting hatch (38.5, 121.5)
2023-09-17 19:02:10.977 | 06:51   50ms   10M  484G 102/106U [ActUnit] DRONE from LARVA at (37.2, 119.2)
2023-09-17 19:02:11.262 | 06:52   45ms   45M  496G 103/106U [Inject] injecting hatch (36.5, 89.5)
2023-09-17 19:02:11.400 | 06:52   38ms    0M  504G 103/106U [ActUnit] ZERGLING from LARVA at (36.3, 61.7)
2023-09-17 19:02:11.818 | 06:53   40ms    0M  528G 104/106U [ActUnit] DRONE from LARVA at (35.4, 87.0)
2023-09-17 19:02:12.501 | 06:56   37ms   70M  560G 105/106U [GameAnalyzer] Known army advantage is now SmallAdvantage
2023-09-17 19:02:12.503 | 06:56   37ms   70M  560G 105/106U [GameAnalyzer] Predicted army advantage is now SmallAdvantage
2023-09-17 19:02:12.518 | 06:56   37ms   20M  560G 105/106U [ActUnit] DRONE from LARVA at (35.6, 86.5)
2023-09-17 19:02:12.523 | 06:56   37ms   20M  560G 105/106U [Inject] injecting hatch (36.5, 64.5)
2023-09-17 19:02:12.821 | 06:56   41ms    5M  572G 105/106U [ActUnit] DRONE from LARVA at (35.2, 61.6)
2023-09-17 19:02:13.829 | 07:00   51ms    0M  624G 106/106U [ActUnit] OVERLORD from LARVA at (36.7, 61.6)
2023-09-17 19:02:13.974 | 07:00   40ms   20M  632G 106/106U [GameAnalyzer] Known army advantage is now ClearAdvantage
2023-09-17 19:02:13.975 | 07:00   40ms   20M  632G 106/106U [GameAnalyzer] Predicted army advantage is now ClearAdvantage
2023-09-17 19:02:14.438 | 07:01   52ms   25M  660G 105/106U [ActUnit] ZERGLING from LARVA at (38.3, 118.6)
2023-09-17 19:02:15.124 | 07:04   37ms    5M  692G 106/106U [ActUnit] OVERLORD from LARVA at (35.1, 61.7)
2023-09-17 19:02:16.126 | 07:06   37ms   45M  732G 105/106U [ActUnit] ZERGLING from LARVA at (39.1, 118.6)
2023-09-17 19:02:16.506 | 07:07   89ms   35M  752G 104/106U [ActUnit] DRONE from LARVA at (39.1, 118.6)
2023-09-17 19:02:16.684 | 07:08  109ms    0M  756G 105/106U [ActUnit] DRONE from LARVA at (35.3, 62.0)
2023-09-17 19:02:17.684 | 07:10   61ms   75M  792G 106/106U [GameAnalyzer] Known army advantage is now OverwhelmingAdvantage
2023-09-17 19:02:17.685 | 07:10   61ms   75M  792G 106/106U [GameAnalyzer] Predicted army advantage is now OverwhelmingAdvantage
2023-09-17 19:02:19.050 | 07:13   62ms  135M  840G 104/106U [ActUnit] DRONE from LARVA at (36.8, 86.6)
2023-09-17 19:02:19.203 | 07:13   95ms  105M  840G 105/106U [ActUnit] DRONE from LARVA at (37.1, 86.3)
2023-09-17 19:02:21.195 | 07:18   45ms  245M  924G 106/114U [ActUnit] DRONE from LARVA at (37.9, 118.7)
2023-09-17 19:02:21.358 | 07:18   50ms  160M  832G 107/114U [ActUnit] MUTALISK from LARVA at (37.1, 61.4)
2023-09-17 19:02:21.507 | 07:19   46ms  170M  836G 109/114U [GameAnalyzer] Known army advantage is now ClearAdvantage
2023-09-17 19:02:21.509 | 07:19   46ms  170M  836G 109/114U [GameAnalyzer] Predicted army advantage is now ClearAdvantage
2023-09-17 19:02:21.837 | 07:20   46ms  105M  748G 109/114U [ActUnit] MUTALISK from LARVA at (38.5, 118.6)
2023-09-17 19:02:21.987 | 07:20   60ms   25M  760G 111/114U [ActUnit] OVERLORD from LARVA at (36.1, 61.3)
2023-09-17 19:02:22.606 | 07:22   51ms   85M  792G 111/122U [Inject] injecting hatch (38.5, 121.5)
2023-09-17 19:02:22.763 | 07:22   47ms   20M  696G 111/122U [ActUnit] MUTALISK from LARVA at (37.3, 86.8)
2023-09-17 19:02:23.052 | 07:23   42ms   50M  708G 113/122U [Inject] injecting hatch (36.5, 89.5)
2023-09-17 19:02:23.339 | 07:24   46ms   85M  720G 111/122U [GameAnalyzer] Predicted army advantage is now SmallAdvantage
2023-09-17 19:02:23.508 | 07:25   58ms    5M  632G 111/122U [ActUnit] MUTALISK from LARVA at (36.2, 86.4)
2023-09-17 19:02:24.466 | 07:27   63ms   15M  580G 113/122U [ActUnit] MUTALISK from LARVA at (36.4, 86.8)
2023-09-17 19:02:24.468 | 07:27   63ms   15M  580G 113/122U [Inject] injecting hatch (36.5, 64.5)
2023-09-17 19:02:24.790 | 07:28   65ms    5M  592G 115/122U [ActUnit] ZERGLING from LARVA at (37.6, 118.5)
2023-09-17 19:02:25.506 | 07:30   44ms    0M  528G 115/122U [ActUnit] MUTALISK from LARVA at (38.8, 118.5)
2023-09-17 19:02:26.084 | 07:32   43ms   25M  556G 116/122U [ActUnit] ZERGLING from LARVA at (38.5, 118.9)
2023-09-17 19:02:27.559 | 07:34   48ms   65M  588G 117/122U [ActUnit] ZERGLING from LARVA at (35.2, 87.3)
2023-09-17 19:02:27.690 | 07:35   47ms   95M  600G 117/122U [GameAnalyzer] Known army advantage is now SmallAdvantage
2023-09-17 19:02:27.692 | 07:35   47ms   95M  600G 117/122U [GameAnalyzer] Predicted army advantage is now SlightAdvantage
2023-09-17 19:02:27.836 | 07:35   50ms   65M  612G 117/122U [ActUnit] ZERGLING from LARVA at (37.3, 61.4)
2023-09-17 19:02:28.093 | 07:36   45ms   30M  624G 117/122U [ActUnit] ZERGLING from LARVA at (37.0, 61.5)
2023-09-17 19:02:28.474 | 07:38   42ms   10M  548G 117/122U [ActUnit] MUTALISK from LARVA at (36.2, 86.7)
2023-09-17 19:02:28.998 | 07:39   42ms   35M  572G 119/130U [ActUnit] ZERGLING from LARVA at (38.6, 118.6)
2023-09-17 19:02:29.247 | 07:40   42ms   75M  584G 120/130U [GameAnalyzer] Predicted army advantage is now SmallAdvantage
2023-09-17 19:02:29.387 | 07:41   60ms   85M  596G 120/130U [GameAnalyzer] Predicted army advantage is now SlightAdvantage
2023-09-17 19:02:29.535 | 07:41   48ms    5M  504G 117/130U [ActUnit] MUTALISK from LARVA at (36.6, 61.3)
2023-09-17 19:02:29.799 | 07:42   50ms   50M  520G 119/130U [GameAnalyzer] Predicted army advantage is now SmallAdvantage
2023-09-17 19:02:30.063 | 07:43   42ms   80M  532G 119/130U [GameAnalyzer] Predicted army advantage is now SlightAdvantage
2023-09-17 19:02:30.196 | 07:43   48ms  105M  540G 119/130U [GameAnalyzer] Predicted army advantage is now SmallAdvantage
2023-09-17 19:02:30.208 | 07:43   48ms   55M  540G 119/130U [ActUnit] ZERGLING from LARVA at (37.5, 61.7)
2023-09-17 19:02:30.779 | 07:45   58ms  140M  568G 118/130U [GameAnalyzer] Predicted army advantage is now SlightAdvantage
2023-09-17 19:02:30.932 | 07:46   47ms  155M  580G 117/130U [GameAnalyzer] Predicted army advantage is now SmallAdvantage
2023-09-17 19:02:31.067 | 07:46   57ms  170M  580G 117/130U [GameAnalyzer] Known army advantage is now ClearAdvantage
2023-09-17 19:02:31.208 | 07:46   46ms  145M  592G 117/130U [ActUnit] ZERGLING from LARVA at (36.7, 86.6)
2023-09-17 19:02:31.873 | 07:49   57ms  205M  628G 115/136U [BuildGas] Building EXTRACTOR to (65.5, 106.5)
2023-09-17 19:02:31.876 | 07:49   57ms  105M  528G 115/136U [ActUnit] MUTALISK from LARVA at (62.5, 96.6)
2023-09-17 19:02:31.877 | 07:49   57ms  105M  528G 115/136U [Inject] injecting hatch (62.5, 99.5)
2023-09-17 19:02:32.280 | 07:50   53ms   85M  452G 117/136U [ActUnit] MUTALISK from LARVA at (38.7, 118.7)
2023-09-17 19:02:32.536 | 07:51   46ms  105M  464G 117/136U [GameAnalyzer] Predicted army advantage is now ClearAdvantage
2023-09-17 19:02:32.679 | 07:51   56ms   65M  447G 117/136U [ActUnit] ROACH from LARVA at (36.5, 61.7)
2023-09-17 19:02:32.952 | 07:52   63ms   80M  459G 118/136U [BuildGas] Building EXTRACTOR to (55.5, 96.5)
2023-09-17 19:02:32.955 | 07:52   63ms   30M  459G 118/136U [ActUnit] DRONE from LARVA at (37.7, 118.8)
2023-09-17 19:02:33.351 | 07:54   45ms    0M  454G 115/136U [ActUnit] ROACH from LARVA at (38.2, 118.7)
2023-09-17 19:02:33.354 | 07:54   45ms    0M  454G 115/136U [Inject] injecting hatch (38.5, 121.5)
2023-09-17 19:02:33.731 | 07:55   47ms   65M  474G 115/136U [Inject] injecting hatch (36.5, 89.5)
2023-09-17 19:02:33.982 | 07:56   53ms  100M  494G 115/136U [ActBuilding] 1. INFESTATIONPIT near (47.2, 123.9)
2023-09-17 19:02:34.500 | 07:58   49ms    5M  397G 115/136U [ActUnit] ROACH from LARVA at (35.6, 61.8)
2023-09-17 19:02:34.922 | 07:59   45ms   60M  421G 115/136U [Inject] injecting hatch (36.5, 64.5)
2023-09-17 19:02:35.062 | 07:59   55ms   75M  421G 115/128U [MorphOverseer] Morphing OVERLORD at (38.7, 120.7)
2023-09-17 19:02:35.620 | 08:01   53ms   20M  382G 115/128U [ActUnit] ROACH from LARVA at (36.9, 86.5)
2023-09-17 19:02:35.761 | 08:02   46ms    0M  386G 117/128U [ActUnit] DRONE from LARVA at (37.5, 86.7)
2023-09-17 19:02:36.329 | 08:03   44ms    5M  418G 118/128U [ActUnit] DRONE from LARVA at (63.2, 96.8)
2023-09-17 19:02:37.203 | 08:06   46ms   70M  462G 118/128U [ActUnit] ZERGLING from LARVA at (36.0, 61.5)
2023-09-17 19:02:37.482 | 08:07   44ms   10M  378G 119/128U [ActUnit] MUTALISK from LARVA at (38.2, 118.9)
2023-09-17 19:02:38.337 | 08:10   43ms   10M  314G 121/128U [ActUnit] MUTALISK from LARVA at (36.8, 86.6)
2023-09-17 19:02:38.764 | 08:11   52ms   15M  338G 122/128U [ActUnit] ZERGLING from LARVA at (61.8, 96.5)
2023-09-17 19:02:39.066 | 08:12   65ms   15M  350G 122/128U [ActUnit] ZERGLING from LARVA at (37.2, 61.9)
2023-09-17 19:02:39.205 | 08:12   45ms   25M  362G 123/128U [EnemyArmyPredicter] Predicting negative free minerals for enemy: -66
2023-09-17 19:02:39.480 | 08:13   45ms    5M  374G 123/128U [ActUnit] ZERGLING from LARVA at (38.5, 118.9)
2023-09-17 19:02:40.162 | 08:15   53ms    0M  310G 123/128U [ActUnit] MUTALISK from LARVA at (37.0, 61.8)
2023-09-17 19:02:40.871 | 08:18   50ms   95M  346G 125/128U [EnemyArmyPredicter] Predicting negative free minerals for enemy: -101
2023-09-17 19:02:41.017 | 08:18   60ms   10M  358G 124/128U [ActUnit] OVERLORD from LARVA at (36.0, 86.5)
2023-09-17 19:02:41.294 | 08:19   58ms    5M  370G 124/128U [ActUnit] ZERGLING from LARVA at (36.0, 86.5)
2023-09-17 19:02:41.694 | 08:20   47ms    5M  394G 125/128U [ActUnit] ZERGLING from LARVA at (38.3, 118.9)
2023-09-17 19:02:42.110 | 08:22   64ms    0M  418G 125/128U [ActUnit] ZERGLING from LARVA at (63.0, 96.3)
2023-09-17 19:02:42.382 | 08:23   55ms    0M  430G 125/128U [ActUnit] ZERGLING from LARVA at (35.9, 61.6)
2023-09-17 19:02:42.509 | 08:23   49ms   10M  430G 125/128U [EnemyArmyPredicter] Predicting negative free minerals for enemy: -87
2023-09-17 19:02:42.662 | 08:24   54ms   30M  442G 125/128U [Inject] injecting hatch (62.5, 99.5)
2023-09-17 19:02:43.189 | 08:25   51ms   80M  474G 125/128U [Inject] injecting hatch (38.5, 121.5)
2023-09-17 19:02:43.312 | 08:26   47ms    0M  478G 125/128U [ActUnit] OVERLORD from LARVA at (37.6, 86.8)
2023-09-17 19:02:43.584 | 08:27   46ms   35M  490G 125/128U [Inject] injecting hatch (36.5, 89.5)
2023-09-17 19:02:44.094 | 08:28   44ms  110M  530G 125/128U [EnemyArmyPredicter] Predicting negative free minerals for enemy: -98
2023-09-17 19:02:44.112 | 08:28   44ms   10M  430G 125/128U [ActUnit] MUTALISK from LARVA at (36.6, 86.6)
2023-09-17 19:02:44.779 | 08:31   55ms   85M  470G 127/128U [Inject] injecting hatch (36.5, 64.5)
2023-09-17 19:02:46.381 | 08:33   59ms  190M  514G 127/128U [GameAnalyzer] Known army advantage is now OverwhelmingAdvantage
2023-09-17 19:02:46.382 | 08:33   59ms  190M  514G 127/128U [GameAnalyzer] Predicted army advantage is now OverwhelmingAdvantage
2023-09-17 19:02:46.521 | 08:34   52ms  190M  526G 127/128U [EnemyArmyPredicter] Predicting negative free minerals for enemy: -34
2023-09-17 19:02:49.346 | 08:43   48ms  190M  418G 126/136U [ActUnit] ZERGLING from LARVA at (36.2, 61.3)
2023-09-17 19:02:49.784 | 08:44   63ms  185M  450G 126/144U [ActUnit] ZERGLING from LARVA at (39.7, 118.6)
2023-09-17 19:02:50.546 | 08:46   46ms  185M  394G 127/144U [ActUnit] MUTALISK from LARVA at (63.4, 96.5)
2023-09-17 19:02:51.518 | 08:49   60ms  385M  612G 127/144U [GameAnalyzer] Predicted army advantage is now ClearAdvantage
2023-09-17 19:02:51.530 | 08:49   60ms  185M  362G 127/144U [ActUnit] MUTALISK from LARVA at (62.9, 96.8)
2023-09-17 19:02:51.935 | 08:51   45ms  190M  365G 127/144U [ActUnit] ROACH from LARVA at (36.6, 86.9)
2023-09-17 19:02:52.343 | 08:52   49ms  190M  397G 128/144U [ActUnit] ZERGLING from LARVA at (37.0, 61.7)
2023-09-17 19:02:53.207 | 08:55   60ms  190M  357G 129/144U [ActUnit] MUTALISK from LARVA at (62.7, 96.4)
2023-09-17 19:02:53.346 | 08:55   48ms  310M  511G 131/144U [EnemyArmyPredicter] Predicting negative free minerals for enemy: -101
2023-09-17 19:02:53.348 | 08:55   48ms  310M  511G 131/144U [GameAnalyzer] Predicted army advantage is now OverwhelmingAdvantage
2023-09-17 19:02:53.951 | 08:57   50ms  185M  305G 131/144U [ActUnit] MUTALISK from LARVA at (35.6, 86.8)
2023-09-17 19:02:53.953 | 08:57   50ms  185M  305G 131/144U [Inject] injecting hatch (38.5, 121.5)
2023-09-17 19:02:54.398 | 08:58   55ms  235M  329G 133/144U [Inject] injecting hatch (36.5, 89.5)
2023-09-17 19:02:54.870 | 09:00   55ms  190M  261G 133/144U [ActUnit] MUTALISK from LARVA at (39.0, 118.4)
2023-09-17 19:02:55.488 | 09:01   52ms  175M  201G 135/144U [ActUnit] MUTALISK from LARVA at (36.2, 86.5)
2023-09-17 19:02:55.813 | 09:02   52ms  210M  221G 137/144U [Inject] injecting hatch (36.5, 64.5)
2023-09-17 19:02:56.415 | 09:04   51ms  190M  232G 135/144U [ActUnit] ROACH from LARVA at (37.5, 61.9)
2023-09-17 19:02:57.021 | 09:06   50ms  195M  251G 135/144U [ActUnit] ROACH from LARVA at (36.6, 61.9)
2023-09-17 19:02:57.759 | 09:08   53ms  180M  199G 137/144U [ActUnit] MUTALISK from LARVA at (35.1, 62.0)
2023-09-17 19:02:58.848 | 09:11   50ms  255M  263G 139/144U [ActUnit] ZERGLING from LARVA at (37.5, 86.7)
2023-09-17 19:02:58.987 | 09:12   57ms  270M  425G 140/144U [ActUnit] OVERLORD from LARVA at (37.0, 61.9)
2023-09-17 19:02:59.140 | 09:12   53ms  205M  433G 140/144U [ActUnit] OVERLORD from LARVA at (63.1, 96.5)
2023-09-17 19:02:59.159 | 09:12   53ms  105M  283G 140/144U [Inject] injecting hatch (62.5, 99.5)
2023-09-17 19:03:00.860 | 09:17   62ms  215M  366G 138/144U [ActUnit] ROACH from LARVA at (38.6, 118.9)
2023-09-17 19:03:01.316 | 09:18   51ms  175M  298G 140/144U [ActUnit] MUTALISK from LARVA at (37.4, 118.4)
2023-09-17 19:03:02.217 | 09:21   51ms  180M  250G 142/144U [ActUnit] MUTALISK from LARVA at (38.2, 118.9)
2023-09-17 19:03:04.321 | 09:27   53ms  530M  540G 144/144U [GameAnalyzer] Predicted army advantage is now ClearAdvantage
2023-09-17 19:03:04.844 | 09:29  116ms  480M  422G 144/144U [Inject] injecting hatch (38.5, 121.5)
2023-09-17 19:03:06.079 | 09:30   60ms  490M  446G 144/152U [ActUnit] ZERGLING from LARVA at (35.4, 86.9)
2023-09-17 19:03:06.082 | 09:30   60ms  490M  446G 144/152U [Inject] injecting hatch (36.5, 89.5)
2023-09-17 19:03:06.229 | 09:30   58ms  455M  454G 145/160U [ActUnit] ZERGLING from LARVA at (37.8, 62.1)
2023-09-17 19:03:06.380 | 09:31   52ms  420M  466G 146/160U [ActUnit] ZERGLING from LARVA at (38.1, 118.7)
2023-09-17 19:03:06.532 | 09:31   64ms  390M  474G 147/160U [ActUnit] ZERGLING from LARVA at (37.2, 61.4)
2023-09-17 19:03:06.686 | 09:32   53ms  365M  486G 148/160U [ActUnit] ZERGLING from LARVA at (60.9, 96.7)
2023-09-17 19:03:06.839 | 09:32   61ms  335M  490G 149/160U [ActUnit] ZERGLING from LARVA at (37.2, 118.4)
2023-09-17 19:03:06.984 | 09:33   52ms  445M  656G 150/160U [GameAnalyzer] Predicted army advantage is now OverwhelmingAdvantage
2023-09-17 19:03:07.005 | 09:33   52ms  295M  506G 150/160U [ActUnit] ZERGLING from LARVA at (38.6, 118.6)
2023-09-17 19:03:07.158 | 09:33   68ms  195M  418G 151/160U [ActUnit] MUTALISK from LARVA at (35.6, 61.9)
2023-09-17 19:03:07.468 | 09:34   65ms  260M  434G 153/160U [Inject] injecting hatch (36.5, 64.5)
2023-09-17 19:03:07.617 | 09:35   53ms  180M  346G 153/160U [ActUnit] MUTALISK from LARVA at (35.6, 61.9)
2023-09-17 19:03:08.542 | 09:37   76ms  180M  302G 155/160U [ActUnit] MUTALISK from LARVA at (35.4, 62.0)
2023-09-17 19:03:08.731 | 09:38   80ms  190M  464G 157/160U [ActUnit] OVERLORD from LARVA at (63.5, 96.8)
2023-09-17 19:03:08.930 | 09:38  109ms   95M  468G 157/160U [ActUnit] OVERLORD from LARVA at (36.0, 86.9)
2023-09-17 19:03:11.226 | 09:44   66ms  245M  446G 157/160U [Inject] injecting hatch (62.5, 99.5)
2023-09-17 19:03:11.567 | 09:45   65ms  180M  366G 157/160U [ActUnit] MUTALISK from LARVA at (38.3, 118.2)
2023-09-17 19:03:13.037 | 09:48   75ms  275M  442G 159/160U [ActUnit] ZERGLING from LARVA at (39.6, 119.0)
2023-09-17 19:03:16.006 | INFO     | sc2.protocol:_execute:72 - Client status changed to Status.ended (was Status.in_game)
2023-09-17 19:03:16.013 | Result: Victory
2023-09-17 19:03:16.013 | Duration: 09:55
2023-09-17 19:03:16.014 | Step time min: 6
2023-09-17 19:03:16.014 | Step time avg: 39
2023-09-17 19:03:16.015 | Step time max: 131
2023-09-17 19:03:16.016 | [LostUnitsContents] My lost units minerals and gas: (2900, 500)
2023-09-17 19:03:16.016 | [LostUnitsContents] My lost units minerals by score: 2900.0
2023-09-17 19:03:16.017 | [LostUnitsContents] Enemy lost units minerals and gas: (11025, 1025)
2023-09-17 19:03:16.018 | [LostUnitsContents] Enemy lost units minerals by score: 11625.0
2023-09-17 19:03:16.019 | [GameAnalyzerEnd] Own units:
2023-09-17 19:03:16.019 | [GameAnalyzerEnd] ZERGLING          total:  96 alive:  32 dead:  64 
2023-09-17 19:03:16.020 | [GameAnalyzerEnd] CREEPTUMOR        total:  66 alive:  66 dead:   0 
2023-09-17 19:03:16.021 | [GameAnalyzerEnd] DRONE             total:  57 alive:  57 dead:   0 
2023-09-17 19:03:16.021 | [GameAnalyzerEnd] MUTALISK          total:  27 alive:  26 dead:   1 
2023-09-17 19:03:16.022 | [GameAnalyzerEnd] ROACH             total:  18 alive:   4 dead:  14 
2023-09-17 19:03:16.022 | [GameAnalyzerEnd] OVERLORD          total:  16 alive:  16 dead:   0 
2023-09-17 19:03:16.023 | [GameAnalyzerEnd] LARVA             total:  12 alive:  12 dead:   0 
2023-09-17 19:03:16.023 | [GameAnalyzerEnd] EXTRACTOR         total:   8 alive:   8 dead:   0 
2023-09-17 19:03:16.024 | [GameAnalyzerEnd] EGG               total:   7 alive:   7 dead:   0 
2023-09-17 19:03:16.024 | [GameAnalyzerEnd] QUEEN             total:   5 alive:   5 dead:   0 
2023-09-17 19:03:16.025 | [GameAnalyzerEnd] HATCHERY          total:   3 alive:   3 dead:   0 
2023-09-17 19:03:16.025 | [GameAnalyzerEnd] OVERSEER          total:   2 alive:   1 dead:   1 
2023-09-17 19:03:16.026 | [GameAnalyzerEnd] CHANGELINGMARINESHIELD total:   2 alive:   2 dead:   0 
2023-09-17 19:03:16.027 | [GameAnalyzerEnd] ROACHWARREN       total:   1 alive:   1 dead:   0 
2023-09-17 19:03:16.027 | [GameAnalyzerEnd] SPINECRAWLER      total:   1 alive:   1 dead:   0 
2023-09-17 19:03:16.028 | [GameAnalyzerEnd] SPAWNINGPOOL      total:   1 alive:   1 dead:   0 
2023-09-17 19:03:16.028 | [GameAnalyzerEnd] HIVE              total:   1 alive:   1 dead:   0 
2023-09-17 19:03:16.029 | [GameAnalyzerEnd] INFESTATIONPIT    total:   1 alive:   1 dead:   0 
2023-09-17 19:03:16.029 | [GameAnalyzerEnd] SPIRE             total:   1 alive:   1 dead:   0 
2023-09-17 19:03:16.030 | [GameAnalyzerEnd] Enemy units:
2023-09-17 19:03:16.030 | [GameAnalyzerEnd] MARINE            total:  70 alive:   0 dead:  70 
2023-09-17 19:03:16.031 | [GameAnalyzerEnd] SCV               total:  57 alive:   1 dead:  56 
2023-09-17 19:03:16.031 | [GameAnalyzerEnd] BARRACKS          total:  10 alive:   0 dead:  10 
2023-09-17 19:03:16.032 | [GameAnalyzerEnd] SUPPLYDEPOT       total:   9 alive:   1 dead:   8 
2023-09-17 19:03:16.032 | [GameAnalyzerEnd] MARAUDER          total:   9 alive:   0 dead:   9 
2023-09-17 19:03:16.033 | [GameAnalyzerEnd] MEDIVAC           total:   4 alive:   0 dead:   4 
2023-09-17 19:03:16.033 | [GameAnalyzerEnd] ORBITALCOMMAND    total:   2 alive:   0 dead:   2 
2023-09-17 19:03:16.034 | [GameAnalyzerEnd] TECHLAB           total:   2 alive:   0 dead:   2 
2023-09-17 19:03:16.035 | [GameAnalyzerEnd] REFINERY          total:   2 alive:   0 dead:   2 
2023-09-17 19:03:16.035 | [GameAnalyzerEnd] ENGINEERINGBAY    total:   1 alive:   0 dead:   1 
2023-09-17 19:03:16.036 | [GameAnalyzerEnd] STARPORT          total:   1 alive:   0 dead:   1 
2023-09-17 19:03:16.036 | [GameAnalyzerEnd] FACTORY           total:   1 alive:   0 dead:   1 
2023-09-17 19:03:16.037 | [GameAnalyzerEnd] Minerals max 640 Average 123
2023-09-17 19:03:16.037 | [GameAnalyzerEnd] Vespene max 916 Average 304
2023-09-17 19:03:16.038 | INFO     | sc2.main:_play_game:228 - Result for player 2 - Bot LadderBot(Zerg): Victory
