2023-09-19 09:24:46.460 | INFO     | sc2.protocol:_execute:72 - Client status changed to Status.in_game (was None)
2023-09-19 09:24:46.461 | INFO     | sc2.main:_play_game:221 - Player 2 - Bot LadderBot(Zerg)
2023-09-19 09:24:46.731 | 00:00    0ms    0M    0G  12/ 14U [Version] 4.10.0.75689
2023-09-19 09:24:46.732 | 00:00    0ms    0M    0G  12/ 14U [Version] 5.0.6 Balance mod recognized.
2023-09-19 09:24:46.810 | 00:00    0ms    0M    0G  12/ 14U [ZoneManager] Map set to: MapName.Unknown from name: Dragon ScalesAIE and hash: 3095225.
2023-09-19 09:24:47.771 | [DataManager] No BuildDetector found, enemy build data cannot be saved
2023-09-19 09:24:47.794 | [Start] My race: Zerg
2023-09-19 09:24:47.795 | [Start] Opponent race: Terran
2023-09-19 09:24:47.795 | [Start] OpponentId: 1
2023-09-19 09:24:47.913 | 00:00    0ms    0M    0G  12/ 14U [ActUnit] DRONE from LARVA at (172.4, 54.8)
2023-09-19 09:24:48.998 | 00:07    7ms   10M    0G  13/ 14U [ActUnit] DRONE from LARVA at (172.5, 54.9)
2023-09-19 09:24:49.877 | 00:16    8ms   10M    0G  14/ 14U [ActUnit] OVERLORD from LARVA at (171.3, 54.6)
2023-09-19 09:24:51.628 | 00:34    7ms  205M    0G  14/ 22U [ActUnit] DRONE from LARVA at (171.3, 54.4)
2023-09-19 09:24:51.675 | 00:35    9ms  160M    0G  15/ 22U [ActUnit] DRONE from LARVA at (172.8, 54.5)
2023-09-19 09:24:52.730 | 00:45    9ms  305M    0G  16/ 22U [Expand] Expanding to (142.5, 52.5)
2023-09-19 09:24:53.142 | 00:50    8ms    0M    0G  16/ 22U [ActUnit] DRONE from LARVA at (171.2, 54.3)
2023-09-19 09:24:53.460 | 00:53    9ms    0M    0G  17/ 22U [ActUnit] DRONE from LARVA at (171.2, 54.5)
2023-09-19 09:24:53.646 | 00:54    9ms   10M    0G  17/ 22U [GameAnalyzer] Income advantage is now SmallAdvantage
2023-09-19 09:24:53.695 | 00:55    9ms    5M    0G  17/ 22U [BuildGas] Building EXTRACTOR to (167.5, 50.5)
2023-09-19 09:24:56.273 | 01:10   60ms  200M    0G  16/ 22U [ActBuilding] 1. SPAWNINGPOOL near (164.6, 63.3)
2023-09-19 09:24:56.929 | 01:13   57ms    0M    0G  16/ 22U [ActUnit] DRONE from LARVA at (171.4, 54.2)
2023-09-19 09:24:57.411 | 01:17    9ms    5M    0G  16/ 22U [ActUnit] DRONE from LARVA at (171.5, 54.5)
2023-09-19 09:24:57.732 | 01:19    9ms    0M    0G  17/ 22U [ActUnit] DRONE from LARVA at (171.4, 54.7)
2023-09-19 09:24:58.788 | 01:28    9ms   45M   16G  18/ 22U [ActUnit] DRONE from LARVA at (171.6, 54.8)
2023-09-19 09:25:00.089 | 01:39    9ms   90M   44G  19/ 22U [ActUnit] OVERLORD from LARVA at (171.7, 54.5)
2023-09-19 09:25:01.533 | 01:50   10ms  190M   72G  19/ 22U [ActUnit] DRONE from LARVA at (171.7, 54.7)
2023-09-19 09:25:03.112 | 02:00   10ms  195M  100G  20/ 30U [ActUnit] QUEEN from HATCHERY at (171.5, 57.5)
2023-09-19 09:25:03.251 | 02:00   12ms  155M  100G  22/ 30U [ActUnit] ZERGLING from LARVA at (171.4, 54.8)
2023-09-19 09:25:03.305 | 02:01   10ms  155M  104G  23/ 30U [Tech] Started ZERGLINGMOVEMENTSPEED
2023-09-19 09:25:04.065 | 02:06   10ms   80M   16G  23/ 36U [ActUnit] ZERGLING from LARVA at (142.7, 49.6)
2023-09-19 09:25:04.654 | 02:10    9ms    0M   28G  24/ 36U [ActUnit] QUEEN from HATCHERY at (142.5, 52.5)
2023-09-19 09:25:05.908 | 02:18   11ms  110M   48G  26/ 36U [GameAnalyzer] Known army advantage is now SlightAdvantage
2023-09-19 09:25:05.909 | 02:18   11ms  110M   48G  26/ 36U [GameAnalyzer] Predicted army advantage is now SlightAdvantage
2023-09-19 09:25:06.717 | 02:23   14ms  195M   64G  26/ 36U [DefensiveBuilding] Building SPINECRAWLER to (138.96446609406726, 56.03553390593274)
2023-09-19 09:25:07.787 | 02:30   10ms  160M   80G  26/ 36U [ActUnit] DRONE from LARVA at (171.8, 54.9)
2023-09-19 09:25:08.303 | 02:33   14ms  150M   88G  26/ 36U [ActUnit] DRONE from LARVA at (171.4, 54.9)
2023-09-19 09:25:08.750 | 02:35   14ms  150M   96G  27/ 36U [ActUnit] DRONE from LARVA at (143.1, 49.5)
2023-09-19 09:25:08.814 | 02:36   11ms  155M   96G  28/ 36U [Inject] injecting hatch (142.5, 52.5)
2023-09-19 09:25:09.427 | 02:39   10ms    0M    8G  28/ 36U [ActUnit] DRONE from LARVA at (141.9, 49.8)
2023-09-19 09:25:10.744 | 02:42   11ms    0M   16G  29/ 36U [ActUnit] DRONE from LARVA at (142.4, 49.8)
2023-09-19 09:25:11.365 | 02:46   14ms   55M   24G  30/ 36U [GameAnalyzer] Known army advantage is now SmallAdvantage
2023-09-19 09:25:11.366 | 02:46   14ms   55M   24G  30/ 36U [GameAnalyzer] Predicted army advantage is now SmallAdvantage
2023-09-19 09:25:11.368 | 02:46   14ms    5M   24G  30/ 36U [ActUnit] DRONE from LARVA at (172.4, 54.9)
2023-09-19 09:25:11.874 | 02:49   10ms    0M   32G  31/ 36U [ActUnit] ZERGLING from LARVA at (142.5, 49.2)
2023-09-19 09:25:12.427 | 02:52   12ms    5M   44G  32/ 36U [ActUnit] ZERGLING from LARVA at (171.9, 54.9)
2023-09-19 09:25:12.870 | 02:55   13ms    0M   48G  33/ 36U [ActUnit] ZERGLING from LARVA at (171.3, 54.5)
2023-09-19 09:25:12.931 | 02:55   11ms    0M   52G  34/ 36U [GameAnalyzer] Income advantage is now ClearAdvantage
2023-09-19 09:25:13.619 | 02:59   13ms   30M   60G  34/ 36U [ActUnit] ZERGLING from LARVA at (142.7, 49.6)
2023-09-19 09:25:14.542 | 03:05   14ms   40M   76G  35/ 36U [ActUnit] OVERLORD from LARVA at (171.6, 54.9)
2023-09-19 09:25:15.013 | 03:07   17ms   85M   84G  35/ 36U [Inject] injecting hatch (171.5, 57.5)
2023-09-19 09:25:15.492 | 03:10   14ms   95M   92G  35/ 36U [ActUnit] DRONE from LARVA at (142.6, 49.8)
2023-09-19 09:25:16.267 | 03:15   18ms  185M  104G  36/ 36U [ActBuilding] 1. ROACHWARREN near (162.9, 54.8)
2023-09-19 09:25:16.586 | 03:16   17ms   75M  108G  36/ 36U [Inject] injecting hatch (142.5, 52.5)
2023-09-19 09:25:16.652 | 03:17   13ms   80M  108G  36/ 36U [GameAnalyzer] Known army advantage is now ClearAdvantage
2023-09-19 09:25:16.653 | 03:17   13ms   80M  108G  36/ 36U [GameAnalyzer] Predicted army advantage is now ClearAdvantage
2023-09-19 09:25:16.918 | 03:18   19ms   55M  112G  35/ 36U [ActUnit] DRONE from LARVA at (171.6, 54.2)
2023-09-19 09:25:17.758 | 03:23   11ms  105M  124G  36/ 44U [ActUnit] DRONE from LARVA at (142.6, 49.9)
2023-09-19 09:25:17.847 | 03:24   19ms   65M  128G  37/ 44U [ActUnit] DRONE from LARVA at (141.9, 49.6)
2023-09-19 09:25:17.912 | 03:24   13ms   20M  128G  38/ 44U [ActUnit] DRONE from LARVA at (141.9, 49.6)
2023-09-19 09:25:18.315 | 03:26   15ms   20M  136G  39/ 44U [ActUnit] DRONE from LARVA at (171.6, 54.4)
2023-09-19 09:25:18.613 | 03:28   16ms    0M  140G  40/ 44U [ActUnit] ZERGLING from LARVA at (142.0, 49.9)
2023-09-19 09:25:20.224 | 03:37   16ms   95M  164G  41/ 44U [ActUnit] OVERLORD from LARVA at (171.3, 54.6)
2023-09-19 09:25:20.386 | 03:38   18ms   15M  164G  41/ 44U [ActUnit] OVERLORD from LARVA at (142.4, 49.5)
2023-09-19 09:25:22.462 | 03:45   12ms  180M  188G  41/ 44U [Inject] injecting hatch (142.5, 52.5)
2023-09-19 09:25:22.549 | 03:46   21ms  190M  188G  41/ 44U [Inject] injecting hatch (171.5, 57.5)
2023-09-19 09:25:22.718 | 03:47   19ms  185M  192G  41/ 44U [ActUnit] ZERGLING from LARVA at (143.4, 49.8)
2023-09-19 09:25:25.001 | 03:57   19ms  360M  195G  42/ 60U [ActUnit] ROACH from LARVA at (142.7, 49.1)
2023-09-19 09:25:25.086 | 03:58   15ms  315M  170G  44/ 60U [ActUnit] ROACH from LARVA at (171.5, 54.1)
2023-09-19 09:25:25.191 | 03:58   20ms  250M  145G  46/ 60U [ActUnit] ROACH from LARVA at (141.8, 49.8)
2023-09-19 09:25:25.269 | 03:59   14ms  180M  124G  48/ 60U [ActUnit] ROACH from LARVA at (142.3, 49.6)
2023-09-19 09:25:25.366 | 03:59   18ms  135M  124G  50/ 60U [ActUnit] DRONE from LARVA at (172.3, 54.2)
2023-09-19 09:25:25.443 | 04:00   14ms  120M  124G  51/ 60U [BuildGas] Building EXTRACTOR to (178.5, 60.5)
2023-09-19 09:25:25.445 | 04:00   14ms   70M  124G  51/ 60U [ActUnit] DRONE from LARVA at (170.3, 55.0)
2023-09-19 09:25:25.552 | 04:00   20ms   40M  128G  52/ 60U [ActUnit] DRONE from LARVA at (170.3, 55.0)
2023-09-19 09:25:25.805 | 04:01   13ms   50M  132G  52/ 60U [BuildGas] Building EXTRACTOR to (138.5, 45.5)
2023-09-19 09:25:27.187 | 04:09   14ms  165M  148G  51/ 60U [ActUnit] DRONE from LARVA at (142.4, 49.9)
2023-09-19 09:25:27.756 | 04:10   64ms  150M  156G  52/ 60U [ActUnit] DRONE from LARVA at (171.3, 54.5)
2023-09-19 09:25:29.068 | 04:15   65ms  260M  168G  53/ 60U [Inject] injecting hatch (171.5, 57.5)
2023-09-19 09:25:29.627 | 04:17   67ms  305M  172G  53/ 60U [Expand] Expanding to (113.5, 51.5)
2023-09-19 09:25:30.112 | 04:18   39ms   45M  176G  53/ 60U [GameAnalyzer] Known army advantage is now OverwhelmingAdvantage
2023-09-19 09:25:30.117 | 04:18   39ms   45M  176G  53/ 60U [GameAnalyzer] Predicted army advantage is now OverwhelmingAdvantage
2023-09-19 09:25:30.260 | 04:19   88ms    0M  176G  53/ 60U [ActUnit] DRONE from LARVA at (143.6, 50.0)
2023-09-19 09:25:30.955 | 04:21   37ms    0M  184G  54/ 60U [ActUnit] DRONE from LARVA at (172.0, 54.3)
2023-09-19 09:25:31.226 | 04:22   62ms   25M  184G  55/ 60U [GameAnalyzer] Known army advantage is now SmallAdvantage
2023-09-19 09:25:31.231 | 04:22   62ms   25M  184G  55/ 60U [GameAnalyzer] Predicted army advantage is now SmallAdvantage
2023-09-19 09:25:31.586 | 04:23   23ms    5M  188G  55/ 60U [ActUnit] DRONE from LARVA at (170.8, 54.9)
2023-09-19 09:25:32.005 | 04:25   28ms    5M  196G  56/ 60U [ActUnit] DRONE from LARVA at (142.8, 49.9)
2023-09-19 09:25:33.088 | 04:29   85ms    0M  187G  54/ 60U [ActUnit] ROACH from LARVA at (142.6, 49.4)
2023-09-19 09:25:33.560 | 04:30   88ms    0M  195G  56/ 60U [ActUnit] DRONE from LARVA at (170.3, 54.9)
2023-09-19 09:25:33.972 | 04:32   23ms   20M  203G  55/ 60U [GameAnalyzer] Income advantage is now OverwhelmingAdvantage
2023-09-19 09:25:33.973 | 04:32   23ms   20M  203G  55/ 60U [GameAnalyzer] Known army advantage is now SlightAdvantage
2023-09-19 09:25:33.974 | 04:32   23ms   20M  203G  55/ 60U [GameAnalyzer] Predicted army advantage is now SlightAdvantage
2023-09-19 09:25:34.250 | 04:33   69ms   60M  207G  53/ 60U [GameAnalyzer] Known army advantage is now SmallAdvantage
2023-09-19 09:25:34.255 | 04:33   69ms   60M  207G  53/ 60U [GameAnalyzer] Predicted army advantage is now SmallAdvantage
2023-09-19 09:25:34.666 | 04:34   86ms    5M  190G  53/ 60U [ActUnit] ROACH from LARVA at (143.4, 49.9)
2023-09-19 09:25:36.316 | 04:37   67ms   15M  185G  55/ 60U [ActUnit] ROACH from LARVA at (170.6, 54.6)
2023-09-19 09:25:36.601 | 04:38   69ms   40M  189G  57/ 60U [GameAnalyzer] Known army advantage is now ClearAdvantage
2023-09-19 09:25:36.602 | 04:38   69ms   40M  189G  57/ 60U [GameAnalyzer] Predicted army advantage is now ClearAdvantage
2023-09-19 09:25:37.078 | 04:39   86ms    0M  172G  55/ 60U [ActUnit] ROACH from LARVA at (142.1, 49.9)
2023-09-19 09:25:37.765 | 04:42   82ms   10M  192G  57/ 60U [ActUnit] DRONE from LARVA at (171.7, 54.7)
2023-09-19 09:25:38.203 | 04:43   67ms   45M  204G  58/ 60U [GameAnalyzer] Known army advantage is now SmallAdvantage
2023-09-19 09:25:38.207 | 04:43   67ms   45M  204G  58/ 60U [GameAnalyzer] Predicted army advantage is now SmallAdvantage
2023-09-19 09:25:38.315 | 04:44   87ms   55M  204G  58/ 60U [Inject] injecting hatch (171.5, 57.5)
2023-09-19 09:25:38.555 | 04:45   83ms   35M  216G  58/ 60U [ActUnit] DRONE from LARVA at (171.5, 54.6)
2023-09-19 09:25:38.840 | 04:46   87ms    0M  220G  59/ 60U [ActUnit] DRONE from LARVA at (172.7, 54.3)
2023-09-19 09:25:39.689 | 04:48   87ms   70M  236G  60/ 60U [GameAnalyzer] Known army advantage is now ClearAdvantage
2023-09-19 09:25:39.690 | 04:48   87ms   70M  236G  60/ 60U [GameAnalyzer] Predicted army advantage is now ClearAdvantage
2023-09-19 09:25:40.151 | 04:50   63ms   10M  248G  60/ 60U [ActUnit] OVERLORD from LARVA at (142.4, 49.3)
2023-09-19 09:25:41.344 | 04:54   88ms   15M  280G  60/ 60U [ActUnit] OVERLORD from LARVA at (170.3, 54.3)
2023-09-19 09:25:43.311 | 05:00   20ms  200M  336G  60/ 60U [Inject] injecting hatch (142.5, 52.5)
2023-09-19 09:25:45.245 | 05:08   22ms  395M  396G  60/ 68U [GameAnalyzer] Known army advantage is now OverwhelmingAdvantage
2023-09-19 09:25:45.246 | 05:08   22ms  395M  396G  60/ 68U [GameAnalyzer] Predicted army advantage is now OverwhelmingAdvantage
2023-09-19 09:25:45.250 | 05:08   22ms  245M  396G  60/ 68U [ActUnit] QUEEN from HATCHERY at (142.5, 52.5)
2023-09-19 09:25:45.251 | 05:08   22ms  195M  396G  60/ 68U [ActUnit] DRONE from LARVA at (142.1, 49.8)
2023-09-19 09:25:45.339 | 05:08   23ms  205M  400G  63/ 68U [ActBuilding] 1. SPIRE near (120.0, 57.8)
2023-09-19 09:25:45.639 | 05:10   20ms   55M  212G  63/ 68U [MorphOverseer] Morphing OVERLORD at (171.5, 56.3)
2023-09-19 09:25:46.193 | 05:12   83ms    0M  174G  63/ 68U [ActUnit] DRONE from LARVA at (171.3, 54.1)
2023-09-19 09:25:46.743 | 05:13   85ms    0M  186G  64/ 76U [ActUnit] DRONE from LARVA at (142.6, 49.3)
2023-09-19 09:25:47.029 | 05:14   77ms   20M  198G  65/ 76U [Inject] injecting hatch (171.5, 57.5)
2023-09-19 09:25:47.169 | 05:15   69ms  235M  398G  65/ 76U [ActBuilding] 1. SPIRE near (163.9, 62.3)
2023-09-19 09:25:47.273 | 05:15   74ms    0M  206G  65/ 76U [ActUnit] DRONE from LARVA at (172.2, 54.8)
2023-09-19 09:25:47.951 | 05:17   45ms   10M  222G  66/ 76U [ActUnit] DRONE from LARVA at (170.5, 54.8)
2023-09-19 09:25:48.298 | 05:19   21ms    5M  234G  66/ 76U [ActUnit] DRONE from LARVA at (170.3, 55.1)
2023-09-19 09:25:49.191 | 05:22   21ms   10M  233G  67/ 76U [ActUnit] ROACH from LARVA at (172.6, 55.0)
2023-09-19 09:25:49.623 | 05:24   21ms    0M  228G  69/ 76U [ActUnit] ROACH from LARVA at (142.1, 49.8)
2023-09-19 09:25:50.398 | 05:27   20ms    5M  227G  71/ 76U [ActUnit] ROACH from LARVA at (170.7, 54.3)
2023-09-19 09:25:51.067 | 05:30   20ms   10M  226G  73/ 76U [ActUnit] ROACH from LARVA at (142.5, 49.9)
2023-09-19 09:25:51.724 | 05:33   20ms   80M  242G  75/ 76U [Inject] injecting hatch (142.5, 52.5)
2023-09-19 09:25:51.932 | 05:33   21ms    5M  254G  75/ 76U [ActUnit] OVERLORD from LARVA at (171.4, 54.8)
2023-09-19 09:25:53.495 | 05:37   24ms    5M  278G  75/ 76U [ActUnit] OVERLORD from LARVA at (143.0, 49.6)
2023-09-19 09:25:54.281 | 05:40   21ms   10M  277G  75/ 82U [ActUnit] ROACH from LARVA at (143.3, 49.9)
2023-09-19 09:25:54.944 | 05:42   20ms   30M  276G  77/ 82U [ActUnit] ROACH from LARVA at (113.6, 48.4)
2023-09-19 09:25:55.418 | 05:44   21ms   10M  288G  79/ 82U [ActUnit] DRONE from LARVA at (142.4, 49.6)
2023-09-19 09:25:55.649 | 05:45   22ms    0M  296G  80/ 82U [ActUnit] DRONE from LARVA at (171.0, 54.9)
2023-09-19 09:25:55.874 | 05:46   22ms   25M  300G  81/ 82U [Inject] injecting hatch (171.5, 57.5)
2023-09-19 09:25:56.237 | 05:47   25ms   15M  312G  81/ 82U [ActUnit] DRONE from LARVA at (171.8, 54.5)
2023-09-19 09:25:56.782 | 05:50   22ms   75M  332G  82/ 82U [PlanZoneAttack] Power 24.50 is larger than required attack power 20.00 -> attack!
2023-09-19 09:25:56.783 | 05:50   22ms   75M  332G  82/ 82U [PlanZoneAttack] Attack started at 24.50 power.
2023-09-19 09:25:57.008 | 05:50   28ms    5M  340G  82/ 82U [ActUnit] OVERLORD from LARVA at (113.4, 48.4)
2023-09-19 09:25:57.486 | 05:52   93ms    5M  348G  82/ 90U [ActUnit] DRONE from LARVA at (170.3, 55.2)
2023-09-19 09:25:57.857 | 05:53   30ms   40M  360G  83/ 90U [GameAnalyzer] Known army advantage is now SmallAdvantage
2023-09-19 09:25:57.858 | 05:53   30ms   40M  360G  83/ 90U [GameAnalyzer] Predicted army advantage is now SmallAdvantage
2023-09-19 09:25:58.010 | 05:54   37ms   15M  368G  82/ 90U [ActUnit] ZERGLING from LARVA at (142.1, 49.5)
2023-09-19 09:25:58.126 | 05:54   31ms   25M  372G  83/ 90U [GameAnalyzer] Known army advantage is now SlightAdvantage
2023-09-19 09:25:58.127 | 05:54   31ms   25M  372G  83/ 90U [GameAnalyzer] Predicted army advantage is now SlightAdvantage
2023-09-19 09:25:58.390 | 05:55   30ms    0M  380G  83/ 98U [ActUnit] ZERGLING from LARVA at (171.6, 54.8)
2023-09-19 09:25:58.920 | 05:57   31ms   15M  392G  84/ 98U [ActUnit] DRONE from LARVA at (170.8, 54.8)
2023-09-19 09:25:59.346 | 05:58   51ms    5M  404G  82/ 98U [ActUnit] ZERGLING from LARVA at (143.2, 49.9)
2023-09-19 09:25:59.731 | 05:59   37ms   55M  416G  82/ 98U [GameAnalyzer] Known army advantage is now SmallAdvantage
2023-09-19 09:25:59.732 | 05:59   37ms   55M  416G  82/ 98U [GameAnalyzer] Predicted army advantage is now SmallAdvantage
2023-09-19 09:26:00.306 | 06:01   30ms   75M  428G  81/ 98U [ActUnit] ZERGLING from LARVA at (113.6, 48.8)
2023-09-19 09:26:01.181 | 06:03   95ms  135M  444G  80/ 98U [Inject] injecting hatch (142.5, 52.5)
2023-09-19 09:26:01.360 | 06:04   77ms    0M  452G  80/ 98U [ActUnit] QUEEN from HATCHERY at (142.5, 52.5)
2023-09-19 09:26:01.851 | 06:05   94ms    5M  460G  82/ 98U [ActUnit] ZERGLING from LARVA at (143.5, 49.9)
2023-09-19 09:26:02.524 | 06:07   96ms    5M  476G  81/ 98U [ActUnit] ZERGLING from LARVA at (171.3, 54.3)
2023-09-19 09:26:03.056 | 06:08   75ms    5M  488G  82/ 98U [ActUnit] ZERGLING from LARVA at (142.1, 49.3)
2023-09-19 09:26:03.374 | 06:09   68ms   25M  492G  81/106U [GameAnalyzer] Known army advantage is now SlightAdvantage
2023-09-19 09:26:03.376 | 06:09   68ms   25M  492G  81/106U [GameAnalyzer] Predicted army advantage is now SlightAdvantage
2023-09-19 09:26:03.385 | 06:09   68ms    0M  492G  81/106U [BuildGas] Building EXTRACTOR to (120.5, 54.5)
2023-09-19 09:26:03.827 | 06:10  104ms   15M  504G  81/106U [ActUnit] ZERGLING from LARVA at (142.3, 49.5)
2023-09-19 09:26:04.651 | 06:13   50ms   15M  499G  81/106U [ActUnit] ROACH from LARVA at (113.7, 48.9)
2023-09-19 09:26:05.487 | 06:15  100ms    5M  490G  83/106U [ActUnit] ROACH from LARVA at (142.8, 49.5)
2023-09-19 09:26:05.849 | 06:16  108ms   40M  498G  85/106U [Inject] injecting hatch (113.5, 51.5)
2023-09-19 09:26:06.028 | 06:16   85ms    0M  502G  85/106U [ActUnit] DRONE from LARVA at (171.6, 54.5)
2023-09-19 09:26:06.516 | 06:18  102ms   45M  514G  86/106U [Inject] injecting hatch (171.5, 57.5)
2023-09-19 09:26:06.697 | 06:18   79ms    5M  514G  86/106U [ActUnit] DRONE from LARVA at (172.7, 55.1)
2023-09-19 09:26:07.028 | 06:19   78ms    0M  522G  87/106U [ActUnit] DRONE from LARVA at (172.7, 55.1)
2023-09-19 09:26:07.642 | 06:21   34ms    0M  538G  88/106U [ActUnit] DRONE from LARVA at (142.7, 49.9)
2023-09-19 09:26:08.303 | 06:23   74ms   10M  550G  89/106U [ActUnit] DRONE from LARVA at (113.4, 48.9)
2023-09-19 09:26:09.728 | 06:27   32ms   15M  586G  90/106U [ActUnit] QUEEN from HATCHERY at (113.5, 51.5)
2023-09-19 09:26:12.620 | 06:32   35ms  220M  634G  92/106U [Inject] injecting hatch (142.5, 52.5)
2023-09-19 09:26:13.542 | 06:35  109ms  315M  650G  92/106U [Expand] Expanding to (109.5, 79.5)
2023-09-19 09:26:14.144 | 06:36  104ms   65M  658G  92/106U [GameAnalyzer] Known army advantage is now Even
2023-09-19 09:26:14.145 | 06:36  104ms   65M  658G  92/106U [GameAnalyzer] Predicted army advantage is now Even
2023-09-19 09:26:14.748 | 06:37  114ms  105M  670G  92/106U [Tech] Started ZERGFLYERWEAPONSLEVEL1
2023-09-19 09:26:14.752 | 06:37  114ms   80M  670G  92/106U [BuildGas] Building EXTRACTOR to (135.5, 49.5)
2023-09-19 09:26:15.151 | 06:38  107ms   15M  582G  92/106U [BuildGas] Building EXTRACTOR to (135.5, 49.5)
2023-09-19 09:26:15.930 | 06:40  110ms   90M  594G  92/106U [GameAnalyzer] Known army advantage is now SlightAdvantage
2023-09-19 09:26:15.932 | 06:40  110ms   90M  594G  92/106U [GameAnalyzer] Predicted army advantage is now SlightAdvantage
2023-09-19 09:26:16.152 | 06:40   92ms   75M  594G  91/106U [BuildGas] Building EXTRACTOR to (120.5, 50.5)
2023-09-19 09:26:16.533 | 06:41   63ms   10M  506G  91/106U [ActUnit] MUTALISK from LARVA at (142.5, 49.8)
2023-09-19 09:26:17.105 | 06:43   98ms   10M  518G  92/106U [ActUnit] ZERGLING from LARVA at (143.4, 49.7)
2023-09-19 09:26:18.289 | 06:45  105ms   10M  442G  91/106U [ActUnit] MUTALISK from LARVA at (143.3, 49.8)
2023-09-19 09:26:18.933 | 06:47   37ms    5M  462G  91/106U [ActUnit] ZERGLING from LARVA at (113.3, 48.5)
2023-09-19 09:26:19.627 | 06:49   34ms   65M  478G  92/106U [Inject] injecting hatch (171.5, 57.5)
2023-09-19 09:26:19.759 | 06:50   50ms   15M  386G  91/106U [ActUnit] MUTALISK from LARVA at (171.8, 54.0)
2023-09-19 09:26:20.722 | 06:53   35ms   15M  318G  93/106U [ActUnit] MUTALISK from LARVA at (143.7, 50.1)
2023-09-19 09:26:21.284 | 06:55   35ms    0M  338G  95/106U [ActUnit] DRONE from LARVA at (113.5, 48.8)
2023-09-19 09:26:21.698 | 06:56   40ms   15M  354G  96/106U [ActUnit] DRONE from LARVA at (170.5, 54.4)
2023-09-19 09:26:22.111 | 06:57   34ms    5M  366G  94/106U [ActUnit] ZERGLING from LARVA at (142.7, 49.6)
2023-09-19 09:26:22.376 | 06:58   35ms    0M  378G  95/106U [ActUnit] DRONE from LARVA at (172.0, 54.5)
2023-09-19 09:26:23.069 | 07:00   41ms   20M  402G  94/106U [ActUnit] ZERGLING from LARVA at (113.7, 48.4)
2023-09-19 09:26:23.342 | 07:01   43ms   10M  410G  94/106U [ActUnit] ZERGLING from LARVA at (113.6, 48.8)
2023-09-19 09:26:23.738 | 07:03   37ms   50M  426G  92/106U [GameAnalyzer] Predicted army advantage is now Even
2023-09-19 09:26:23.747 | 07:03   37ms    0M  426G  92/106U [ActUnit] ZERGLING from LARVA at (142.3, 49.6)
2023-09-19 09:26:23.750 | 07:03   37ms    0M  426G  92/106U [Inject] injecting hatch (113.5, 51.5)
2023-09-19 09:26:24.009 | 07:04   35ms    0M  434G  93/106U [ActUnit] ZERGLING from LARVA at (142.9, 49.9)
2023-09-19 09:26:24.830 | 07:06   35ms    5M  462G  92/106U [ActUnit] DRONE from LARVA at (141.3, 49.9)
2023-09-19 09:26:25.352 | 07:08   33ms   70M  482G  91/106U [GameAnalyzer] Predicted army advantage is now SlightDisadvantage
2023-09-19 09:26:25.362 | 07:08   33ms   20M  482G  91/106U [ActUnit] ZERGLING from LARVA at (171.7, 54.6)
2023-09-19 09:26:25.603 | 07:09   33ms   10M  490G  92/106U [ActUnit] DRONE from LARVA at (141.1, 49.9)
2023-09-19 09:26:26.418 | 07:11   42ms    0M  518G  90/106U [ActUnit] DRONE from LARVA at (113.5, 48.9)
2023-09-19 09:26:26.537 | 07:12   33ms   15M  526G  91/106U [Inject] injecting hatch (142.5, 52.5)
2023-09-19 09:26:26.787 | 07:13   32ms    0M  534G  91/106U [ActUnit] DRONE from LARVA at (171.7, 54.3)
2023-09-19 09:26:26.908 | 07:13   40ms   20M  542G  92/106U [GameAnalyzer] Known army advantage is now Even
2023-09-19 09:26:27.026 | 07:13   34ms   35M  542G  90/106U [GameAnalyzer] Known army advantage is now SlightAdvantage
2023-09-19 09:26:27.268 | 07:14   32ms   10M  554G  90/106U [ActUnit] ZERGLING from LARVA at (113.5, 48.2)
2023-09-19 09:26:27.652 | 07:16   38ms   60M  570G  91/106U [PlanZoneAttack] Retreat started at 5.90 own local power against 7.86 enemy local power.
2023-09-19 09:26:27.908 | 07:17   41ms    5M  561G  91/106U [ActUnit] ROACH from LARVA at (113.9, 48.8)
2023-09-19 09:26:28.226 | 07:17   41ms    5M  577G  93/106U [ActUnit] DRONE from LARVA at (141.9, 49.4)
2023-09-19 09:26:28.758 | 07:19   37ms    0M  601G  94/106U [ActUnit] DRONE from LARVA at (171.5, 54.6)
2023-09-19 09:26:29.027 | 07:20   41ms   45M  609G  95/106U [GameAnalyzer] Predicted army advantage is now Even
2023-09-19 09:26:29.162 | 07:21   34ms    5M  621G  95/106U [ActUnit] DRONE from LARVA at (170.2, 54.5)
2023-09-19 09:26:29.423 | 07:21   32ms   20M  629G  96/106U [Inject] injecting hatch (171.5, 57.5)
2023-09-19 09:26:29.562 | 07:22   38ms    0M  641G  96/106U [ActUnit] DRONE from LARVA at (172.4, 54.1)
2023-09-19 09:26:30.099 | 07:24   43ms    0M  665G  97/106U [ActUnit] DRONE from LARVA at (170.7, 54.7)
2023-09-19 09:26:30.216 | 07:24   33ms   25M  673G  96/106U [GameAnalyzer] Predicted army advantage is now SlightDisadvantage
2023-09-19 09:26:30.620 | 07:25   38ms   75M  697G  96/106U [GameAnalyzer] Predicted army advantage is now Even
2023-09-19 09:26:30.892 | 07:26   41ms    5M  613G  96/106U [ActUnit] MUTALISK from LARVA at (142.9, 49.3)
2023-09-19 09:26:31.279 | 07:28   32ms   15M  637G  98/106U [ActUnit] DRONE from LARVA at (113.5, 48.8)
2023-09-19 09:26:33.288 | 07:32   40ms   60M  597G  97/106U [ActUnit] MUTALISK from LARVA at (171.7, 54.5)
2023-09-19 09:26:33.667 | 07:33   33ms    5M  521G  97/106U [ActUnit] MUTALISK from LARVA at (112.6, 48.8)
2023-09-19 09:26:34.065 | 07:34   39ms    5M  541G  99/106U [ActUnit] DRONE from LARVA at (113.2, 48.6)
2023-09-19 09:26:34.069 | 07:34   39ms    5M  541G  99/106U [Inject] injecting hatch (113.5, 51.5)
2023-09-19 09:26:34.430 | 07:36   32ms   55M  561G 100/106U [PlanZoneAttack] Retreat stopped.
2023-09-19 09:26:34.809 | 07:37   48ms   10M  485G 100/106U [ActUnit] MUTALISK from LARVA at (111.9, 48.9)
2023-09-19 09:26:35.548 | 07:40   40ms    0M  529G 102/106U [ActUnit] OVERLORD from LARVA at (142.4, 49.5)
2023-09-19 09:26:36.288 | 07:42   44ms   20M  577G 102/106U [ActUnit] OVERLORD from LARVA at (143.1, 49.7)
2023-09-19 09:26:36.541 | 07:43   49ms   50M  589G 102/106U [Inject] injecting hatch (142.5, 52.5)
2023-09-19 09:26:37.043 | 07:45   40ms   10M  513G 102/106U [ActUnit] MUTALISK from LARVA at (114.1, 48.7)
2023-09-19 09:26:37.156 | 07:46   38ms   35M  525G 104/106U [GameAnalyzer] Known army advantage is now Even
2023-09-19 09:26:37.157 | 07:46   38ms   35M  525G 104/106U [GameAnalyzer] Predicted army advantage is now SlightDisadvantage
2023-09-19 09:26:37.655 | 07:47   36ms   10M  449G 104/106U [ActUnit] MUTALISK from LARVA at (113.3, 48.5)
2023-09-19 09:26:38.661 | 07:51   38ms  150M  509G 106/106U [GameAnalyzer] Known army advantage is now SlightDisadvantage
2023-09-19 09:26:38.662 | 07:51   38ms  150M  509G 106/106U [GameAnalyzer] Predicted army advantage is now SmallDisadvantage
2023-09-19 09:26:38.950 | 07:52   37ms  135M  500G 104/106U [ActUnit] ROACH from LARVA at (141.1, 49.8)
2023-09-19 09:26:39.099 | 07:52   49ms   65M  483G 104/106U [ActUnit] ROACH from LARVA at (170.5, 54.5)
2023-09-19 09:26:39.358 | 07:53   41ms   95M  495G 106/106U [Inject] injecting hatch (171.5, 57.5)
2023-09-19 09:26:40.177 | 07:56   48ms  195M  543G 104/112U [BuildGas] Building EXTRACTOR to (110.5, 72.5)
2023-09-19 09:26:40.179 | 07:56   48ms  120M  518G 104/112U [ActUnit] ROACH from LARVA at (142.3, 49.6)
2023-09-19 09:26:40.185 | 07:56   48ms  120M  518G 104/112U [Inject] injecting hatch (109.5, 79.5)
2023-09-19 09:26:40.302 | 07:56   45ms  140M  522G 106/112U [GameAnalyzer] Known army advantage is now SmallDisadvantage
2023-09-19 09:26:40.313 | 07:56   45ms   40M  422G 106/112U [ActUnit] MUTALISK from LARVA at (170.6, 54.1)
2023-09-19 09:26:40.447 | 07:57   44ms   30M  430G 107/112U [BuildGas] Building EXTRACTOR to (102.5, 80.5)
2023-09-19 09:26:40.572 | 07:57   36ms   15M  442G 107/112U [ActUnit] DRONE from LARVA at (170.9, 54.5)
2023-09-19 09:26:41.205 | 07:59   41ms    0M  374G 108/120U [ActUnit] MUTALISK from LARVA at (109.3, 76.9)
2023-09-19 09:26:41.573 | 08:01   35ms   60M  394G 110/128U [GameAnalyzer] Known army advantage is now SlightDisadvantage
2023-09-19 09:26:41.981 | 08:02   41ms    5M  314G 110/128U [ActUnit] MUTALISK from LARVA at (171.3, 54.9)
2023-09-19 09:26:42.750 | 08:05   47ms   20M  262G 112/128U [ActUnit] MUTALISK from LARVA at (113.5, 48.6)
2023-09-19 09:26:43.139 | 08:06   35ms   85M  286G 114/128U [Inject] injecting hatch (113.5, 51.5)
2023-09-19 09:26:43.263 | 08:07   42ms    0M  190G 114/128U [ActUnit] MUTALISK from LARVA at (113.5, 47.9)
2023-09-19 09:26:43.378 | 08:07   38ms   10M  198G 116/128U [GameAnalyzer] Known army advantage is now SmallDisadvantage
2023-09-19 09:26:43.765 | 08:08   42ms    0M  118G 116/128U [ActUnit] MUTALISK from LARVA at (114.1, 48.8)
2023-09-19 09:26:43.882 | 08:09   37ms   10M  122G 118/128U [GameAnalyzer] Known army advantage is now SlightDisadvantage
2023-09-19 09:26:44.297 | 08:10   40ms   15M  146G 117/128U [ActUnit] DRONE from LARVA at (170.8, 54.9)
2023-09-19 09:26:44.833 | 08:12   43ms   85M  182G 118/128U [GameAnalyzer] Predicted army advantage is now SlightDisadvantage
2023-09-19 09:26:44.980 | 08:12   39ms  105M  182G 118/128U [ActBuilding] 1. INFESTATIONPIT near (143.8, 61.4)
2023-09-19 09:26:45.676 | 08:15   50ms    5M   18G 118/128U [ActUnit] MUTALISK from LARVA at (109.4, 76.7)
2023-09-19 09:26:45.815 | 08:15   37ms   15M   30G 120/128U [Inject] injecting hatch (142.5, 52.5)
2023-09-19 09:26:45.935 | 08:15   44ms   35M   34G 119/128U [GameAnalyzer] Known army advantage is now Even
2023-09-19 09:26:46.076 | 08:16   36ms    0M   42G 119/128U [ActUnit] DRONE from LARVA at (112.8, 48.8)
2023-09-19 09:26:47.131 | 08:20   40ms   60M    2G 120/128U [ActUnit] MUTALISK from LARVA at (142.4, 49.9)
2023-09-19 09:26:48.896 | 08:25   36ms  230M   86G 122/128U [Inject] injecting hatch (171.5, 57.5)
2023-09-19 09:26:49.942 | 08:26   35ms  160M    2G 122/128U [ActUnit] MUTALISK from LARVA at (113.1, 48.6)
2023-09-19 09:26:50.077 | 08:26   43ms   95M   10G 124/128U [ActUnit] OVERLORD from LARVA at (110.0, 76.3)
2023-09-19 09:26:50.213 | 08:27   39ms    5M   22G 124/128U [ActUnit] OVERLORD from LARVA at (142.6, 49.6)
2023-09-19 09:26:50.723 | 08:28   36ms   60M   46G 124/128U [GameAnalyzer] Known army advantage is now SlightAdvantage
2023-09-19 09:26:50.724 | 08:28   36ms   60M   46G 124/128U [GameAnalyzer] Predicted army advantage is now Even
2023-09-19 09:26:51.794 | 08:32   37ms   85M    6G 124/128U [ActUnit] MUTALISK from LARVA at (171.9, 54.4)
2023-09-19 09:26:53.401 | 08:37   41ms  165M    2G 126/128U [ActUnit] MUTALISK from LARVA at (112.9, 48.5)
2023-09-19 09:26:55.630 | 08:44   56ms  410M  126G 128/128U [Inject] injecting hatch (142.5, 52.5)
2023-09-19 09:26:55.779 | 08:45   44ms  390M  138G 128/136U [ActUnit] ZERGLING from LARVA at (113.2, 48.6)
2023-09-19 09:26:55.935 | 08:45   62ms  355M  146G 129/144U [ActUnit] ZERGLING from LARVA at (114.1, 48.4)
2023-09-19 09:26:56.111 | 08:45   55ms  320M  154G 130/144U [ActUnit] ZERGLING from LARVA at (142.2, 49.7)
2023-09-19 09:26:56.282 | 08:46   67ms  290M  166G 131/144U [ActUnit] ZERGLING from LARVA at (143.7, 50.1)
2023-09-19 09:26:56.455 | 08:46   52ms  195M   66G 132/144U [ActUnit] MUTALISK from LARVA at (113.2, 48.4)
2023-09-19 09:26:57.165 | 08:48   51ms  175M    6G 131/144U [ActUnit] MUTALISK from LARVA at (109.8, 76.0)
2023-09-19 09:26:57.886 | 08:50   49ms  260M   42G 133/144U [GameAnalyzer] Known army advantage is now SmallAdvantage
2023-09-19 09:26:57.887 | 08:50   49ms  260M   42G 133/144U [GameAnalyzer] Predicted army advantage is now SlightAdvantage
2023-09-19 09:26:58.277 | 08:51   52ms  235M   58G 130/144U [ActUnit] ZERGLING from LARVA at (110.4, 76.4)
2023-09-19 09:26:58.795 | 08:52   55ms  285M   82G 128/144U [GameAnalyzer] Known army advantage is now SlightAdvantage
2023-09-19 09:26:58.796 | 08:52   55ms  285M   82G 128/144U [GameAnalyzer] Predicted army advantage is now Even
2023-09-19 09:26:59.969 | 08:55   44ms  425M  154G 126/144U [GameAnalyzer] Known army advantage is now SmallAdvantage
2023-09-19 09:26:59.970 | 08:55   44ms  425M  154G 126/144U [GameAnalyzer] Predicted army advantage is now SlightAdvantage
2023-09-19 09:27:00.165 | 08:56   69ms  230M   12G 126/144U [PlanZoneAttack] Power 38.24 is larger than required attack power 27.60 -> attack!
2023-09-19 09:27:00.167 | 08:56   69ms  230M   12G 126/144U [PlanZoneAttack] Attack started at 38.24 power.
2023-09-19 09:27:01.110 | 08:58   46ms  280M   72G 122/144U [ActUnit] ZERGLING from LARVA at (172.4, 54.9)
2023-09-19 09:27:01.430 | 08:59   52ms  280M   88G 121/144U [ActUnit] ZERGLING from LARVA at (172.4, 54.9)
2023-09-19 09:27:01.735 | 09:00   44ms  275M  108G 122/144U [ActUnit] ZERGLING from LARVA at (171.1, 54.3)
2023-09-19 09:27:01.880 | 09:01   40ms  290M  120G 123/144U [GameAnalyzer] Known army advantage is now OverwhelmingAdvantage
2023-09-19 09:27:01.881 | 09:01   40ms  290M  120G 123/144U [GameAnalyzer] Predicted army advantage is now SmallAdvantage
2023-09-19 09:27:02.824 | 09:03   43ms  365M  172G 121/144U [GameAnalyzer] Predicted army advantage is now ClearAdvantage
2023-09-19 09:27:03.368 | 09:05   44ms  335M   54G 121/144U [Inject] injecting hatch (113.5, 51.5)
2023-09-19 09:27:03.817 | 09:06   39ms  490M  236G 121/144U [GameAnalyzer] Predicted army advantage is now OverwhelmingAdvantage
2023-09-19 09:27:05.769 | 09:12   43ms  545M  189G 121/144U [ActUnit] ROACH from LARVA at (114.0, 48.9)
2023-09-19 09:27:06.247 | 09:13   43ms  495M  180G 123/144U [ActUnit] ROACH from LARVA at (113.4, 48.9)
2023-09-19 09:27:06.667 | 09:14   39ms  480M  183G 125/144U [ActUnit] ROACH from LARVA at (142.1, 49.9)
2023-09-19 09:27:06.979 | 09:15   39ms  440M  178G 127/144U [ActUnit] ROACH from LARVA at (171.2, 54.9)
2023-09-19 09:27:07.127 | 09:15   57ms  405M  190G 129/144U [ActUnit] ZERGLING from LARVA at (110.0, 76.7)
2023-09-19 09:27:07.275 | 09:16   41ms  385M  194G 130/144U [ActUnit] ZERGLING from LARVA at (143.3, 49.7)
2023-09-19 09:27:07.434 | 09:16   50ms  345M  210G 131/144U [ActUnit] ZERGLING from LARVA at (172.8, 54.4)
2023-09-19 09:27:07.586 | 09:17   44ms  325M  214G 132/144U [ActUnit] ZERGLING from LARVA at (143.3, 49.7)
2023-09-19 09:27:07.741 | 09:17   53ms  280M  226G 133/144U [ActUnit] ZERGLING from LARVA at (143.0, 49.4)
2023-09-19 09:27:08.049 | 09:18   51ms  260M  242G 134/144U [ActUnit] ZERGLING from LARVA at (172.0, 54.3)
2023-09-19 09:27:08.346 | 09:19   51ms  255M  266G 135/144U [ActUnit] ZERGLING from LARVA at (171.1, 54.8)
2023-09-19 09:27:08.348 | 09:19   51ms  255M  266G 135/144U [Inject] injecting hatch (109.5, 79.5)
2023-09-19 09:27:08.647 | 09:20   59ms  180M  186G 136/144U [ActUnit] MUTALISK from LARVA at (108.4, 77.0)
2023-09-19 09:27:10.472 | 09:23   46ms  260M  250G 138/144U [ActUnit] ZERGLING from LARVA at (113.7, 48.4)
2023-09-19 09:27:10.956 | 09:24   61ms  255M  282G 139/144U [ActUnit] ZERGLING from LARVA at (142.8, 49.8)
2023-09-19 09:27:11.100 | 09:25   45ms  280M  444G 140/144U [ActUnit] OVERLORD from LARVA at (108.6, 76.5)
2023-09-19 09:27:11.263 | 09:25   55ms  195M  452G 140/144U [ActUnit] OVERLORD from LARVA at (171.5, 54.6)
2023-09-19 09:27:12.434 | 09:28   50ms  230M  366G 140/144U [Inject] injecting hatch (171.5, 57.5)
2023-09-19 09:27:13.111 | 09:30   49ms  195M  310G 140/144U [ActUnit] MUTALISK from LARVA at (142.6, 49.5)
2023-09-19 09:27:14.032 | 09:32   67ms  185M  258G 141/144U [ActUnit] MUTALISK from LARVA at (141.6, 49.9)
2023-09-19 09:27:15.477 | 09:36   76ms  275M  334G 143/144U [ActUnit] ZERGLING from LARVA at (113.8, 48.7)
2023-09-19 09:27:16.041 | 09:37   60ms  280M  358G 143/144U [ActUnit] ZERGLING from LARVA at (109.0, 76.6)
2023-09-19 09:27:17.295 | 09:40   70ms  345M  434G 143/144U [ActUnit] ZERGLING from LARVA at (171.3, 54.3)
2023-09-19 09:27:18.376 | 09:43   75ms  420M  486G 144/152U [ActUnit] ZERGLING from LARVA at (142.7, 49.7)
2023-09-19 09:27:18.561 | 09:43   56ms  380M  498G 145/160U [ActUnit] ZERGLING from LARVA at (142.2, 49.7)
2023-09-19 09:27:18.733 | 09:44   71ms  345M  510G 146/160U [ActUnit] ZERGLING from LARVA at (109.3, 76.2)
2023-09-19 09:27:18.914 | 09:44   54ms  315M  518G 147/160U [ActUnit] ZERGLING from LARVA at (113.4, 48.7)
2023-09-19 09:27:19.103 | 09:45   67ms  225M  430G 148/160U [ActUnit] MUTALISK from LARVA at (113.8, 48.2)
2023-09-19 09:27:19.460 | 09:46   61ms  265M  450G 149/160U [Inject] injecting hatch (113.5, 51.5)
2023-09-19 09:27:19.826 | 09:47   67ms  195M  366G 149/160U [ActUnit] MUTALISK from LARVA at (171.5, 54.6)
2023-09-19 09:27:20.536 | 09:48   57ms  185M  306G 151/160U [ActUnit] MUTALISK from LARVA at (114.0, 48.5)
2023-09-19 09:27:20.693 | 09:49   59ms  290M  464G 153/160U [EnemyArmyPredicter] Predicting negative free minerals for enemy: -184
2023-09-19 09:27:21.587 | 09:51   72ms  185M  262G 152/160U [ActUnit] MUTALISK from LARVA at (109.9, 76.4)
2023-09-19 09:27:22.502 | 09:53   65ms  175M  210G 154/160U [ActUnit] MUTALISK from LARVA at (114.4, 48.2)
2023-09-19 09:27:22.680 | 09:54   77ms  195M  372G 156/160U [ActUnit] OVERLORD from LARVA at (142.8, 49.7)
2023-09-19 09:27:22.864 | 09:54   69ms  200M  384G 155/160U [GameAnalyzer] Predicted army advantage is now ClearAdvantage
2023-09-19 09:27:23.061 | 09:55   70ms  105M  242G 155/160U [Inject] injecting hatch (109.5, 79.5)
2023-09-19 09:27:23.671 | 09:56  122ms  280M  424G 155/160U [GameAnalyzer] Predicted army advantage is now OverwhelmingAdvantage
2023-09-19 09:27:24.862 | 09:59   73ms  185M  230G 155/160U [ActUnit] MUTALISK from LARVA at (172.0, 54.9)
2023-09-19 09:27:25.052 | 09:59   83ms  205M  388G 157/160U [ActUnit] OVERLORD from LARVA at (109.7, 76.8)
2023-09-19 09:27:25.267 | 10:00   79ms  205M  400G 157/160U [GameAnalyzer] Predicted army advantage is now ClearAdvantage
2023-09-19 09:27:25.485 | 10:00   84ms  125M  254G 157/160U [Inject] injecting hatch (142.5, 52.5)
2023-09-19 09:27:25.664 | 10:00   74ms  265M  420G 157/160U [GameAnalyzer] Predicted army advantage is now OverwhelmingAdvantage
2023-09-19 09:27:27.312 | 10:04   92ms  175M  234G 156/160U [ActUnit] MUTALISK from LARVA at (109.1, 76.8)
2023-09-19 09:27:28.559 | 10:06   93ms  175M  194G 158/160U [ActUnit] MUTALISK from LARVA at (112.9, 48.5)
2023-09-19 09:27:31.179 | 10:12   75ms  365M  322G 160/168U [ActUnit] ZERGLING from LARVA at (142.2, 49.9)
2023-09-19 09:27:31.380 | 10:12   81ms  335M  326G 161/168U [ActUnit] ZERGLING from LARVA at (171.6, 54.7)
2023-09-19 09:27:31.570 | 10:13   73ms  285M  338G 162/168U [ActUnit] ZERGLING from LARVA at (108.8, 76.7)
2023-09-19 09:27:31.760 | 10:13   72ms  200M  250G 163/168U [ActUnit] MUTALISK from LARVA at (142.3, 49.6)
2023-09-19 09:27:31.951 | 10:14   72ms  115M  158G 165/168U [ActUnit] MUTALISK from LARVA at (113.8, 48.5)
2023-09-19 09:27:33.563 | 10:17   80ms  160M  134G 167/176U [ActUnit] MUTALISK from LARVA at (172.4, 54.9)
2023-09-19 09:27:33.771 | 10:18   95ms   80M   46G 169/176U [ActUnit] MUTALISK from LARVA at (109.8, 76.7)
2023-09-19 09:27:35.039 | 10:20   79ms   95M    2G 171/176U [ActUnit] MUTALISK from LARVA at (114.1, 48.8)
2023-09-19 09:27:35.248 | 10:21   79ms   20M   14G 173/176U [ActUnit] OVERLORD from LARVA at (171.6, 54.6)
2023-09-19 09:27:36.327 | 10:23  100ms   85M   62G 173/176U [Inject] injecting hatch (113.5, 51.5)
2023-09-19 09:27:36.522 | 10:24   83ms   15M   74G 173/176U [ActUnit] OVERLORD from LARVA at (109.2, 76.4)
2023-09-19 09:27:37.589 | 10:26   87ms   10M  114G 173/176U [ActUnit] OVERLORD from LARVA at (114.1, 48.6)
2023-09-19 09:27:39.170 | 10:29   79ms   15M   90G 172/176U [ActUnit] MUTALISK from LARVA at (112.3, 49.0)
2023-09-19 09:27:40.052 | 10:31   78ms    0M   26G 173/176U [ActUnit] MUTALISK from LARVA at (172.0, 54.9)
2023-09-19 09:27:40.276 | 10:31   82ms    5M   38G 175/176U [Inject] injecting hatch (109.5, 79.5)
2023-09-19 09:27:40.495 | 10:32   77ms   45M   42G 175/176U [Inject] injecting hatch (171.5, 57.5)
2023-09-19 09:27:42.945 | 10:37   61ms  250M  166G 175/176U [EnemyArmyPredicter] Predicting negative free minerals for enemy: -55
2023-09-19 09:27:43.926 | 10:39  123ms  255M  214G 175/184U [ActUnit] ZERGLING from LARVA at (113.0, 48.9)
2023-09-19 09:27:44.176 | 10:40   79ms  190M  118G 176/184U [ActUnit] MUTALISK from LARVA at (142.4, 49.8)
2023-09-19 09:27:44.404 | 10:40  134ms  120M   34G 178/184U [ActUnit] MUTALISK from LARVA at (141.6, 49.2)
2023-09-19 09:27:46.280 | 10:42  108ms  200M   78G 180/192U [EnemyArmyPredicter] Predicting negative free minerals for enemy: -105
2023-09-19 09:27:46.923 | 10:44  107ms  145M   10G 180/192U [ActUnit] MUTALISK from LARVA at (109.8, 76.9)
2023-09-19 09:27:48.570 | 10:48  108ms  310M   94G 182/200U [EnemyArmyPredicter] Predicting negative free minerals for enemy: -155
2023-09-19 09:27:48.588 | 10:48  108ms  260M   94G 182/200U [ActUnit] ZERGLING from LARVA at (113.4, 48.3)
2023-09-19 09:27:48.760 | 10:48   82ms  190M    6G 183/200U [ActUnit] MUTALISK from LARVA at (142.3, 49.6)
2023-09-19 09:27:49.302 | INFO     | sc2.protocol:_execute:72 - Client status changed to Status.ended (was Status.in_game)
2023-09-19 09:27:49.311 | Result: Victory
2023-09-19 09:27:49.312 | Duration: 10:49
2023-09-19 09:27:49.313 | Step time min: 6
2023-09-19 09:27:49.313 | Step time avg: 39
2023-09-19 09:27:49.314 | Step time max: 134
2023-09-19 09:27:49.315 | [LostUnitsContents] My lost units minerals and gas: (3625, 900)
2023-09-19 09:27:49.315 | [LostUnitsContents] My lost units minerals by score: 3625.0
2023-09-19 09:27:49.316 | [LostUnitsContents] Enemy lost units minerals and gas: (14475, 2100)
2023-09-19 09:27:49.317 | [LostUnitsContents] Enemy lost units minerals by score: 14025.0
2023-09-19 09:27:49.318 | [GameAnalyzerEnd] Own units:
2023-09-19 09:27:49.318 | [GameAnalyzerEnd] ZERGLING          total: 104 alive:  35 dead:  69 
2023-09-19 09:27:49.319 | [GameAnalyzerEnd] CREEPTUMOR        total:  80 alive:  80 dead:   0 
2023-09-19 09:27:49.319 | [GameAnalyzerEnd] DRONE             total:  57 alive:  57 dead:   0 
2023-09-19 09:27:49.320 | [GameAnalyzerEnd] MUTALISK          total:  39 alive:  35 dead:   4 
2023-09-19 09:27:49.320 | [GameAnalyzerEnd] ROACH             total:  24 alive:   4 dead:  20 
2023-09-19 09:27:49.321 | [GameAnalyzerEnd] OVERLORD          total:  21 alive:  21 dead:   0 
2023-09-19 09:27:49.321 | [GameAnalyzerEnd] LARVA             total:   9 alive:   9 dead:   0 
2023-09-19 09:27:49.322 | [GameAnalyzerEnd] EGG               total:   8 alive:   8 dead:   0 
2023-09-19 09:27:49.322 | [GameAnalyzerEnd] EXTRACTOR         total:   8 alive:   8 dead:   0 
2023-09-19 09:27:49.323 | [GameAnalyzerEnd] QUEEN             total:   5 alive:   5 dead:   0 
2023-09-19 09:27:49.323 | [GameAnalyzerEnd] CHANGELINGMARINESHIELD total:   4 alive:   4 dead:   0 
2023-09-19 09:27:49.324 | [GameAnalyzerEnd] HATCHERY          total:   3 alive:   3 dead:   0 
2023-09-19 09:27:49.325 | [GameAnalyzerEnd] SPINECRAWLER      total:   1 alive:   1 dead:   0 
2023-09-19 09:27:49.325 | [GameAnalyzerEnd] SPIRE             total:   1 alive:   1 dead:   0 
2023-09-19 09:27:49.326 | [GameAnalyzerEnd] HIVE              total:   1 alive:   1 dead:   0 
2023-09-19 09:27:49.326 | [GameAnalyzerEnd] SPAWNINGPOOL      total:   1 alive:   1 dead:   0 
2023-09-19 09:27:49.327 | [GameAnalyzerEnd] INFESTATIONPIT    total:   1 alive:   1 dead:   0 
2023-09-19 09:27:49.327 | [GameAnalyzerEnd] ROACHWARREN       total:   1 alive:   1 dead:   0 
2023-09-19 09:27:49.328 | [GameAnalyzerEnd] OVERSEER          total:   1 alive:   1 dead:   0 
2023-09-19 09:27:49.328 | [GameAnalyzerEnd] Enemy units:
2023-09-19 09:27:49.329 | [GameAnalyzerEnd] MARINE            total:  92 alive:   0 dead:  92 
2023-09-19 09:27:49.330 | [GameAnalyzerEnd] SCV               total:  60 alive:   0 dead:  60 
2023-09-19 09:27:49.330 | [GameAnalyzerEnd] SUPPLYDEPOT       total:  16 alive:   3 dead:  13 
2023-09-19 09:27:49.331 | [GameAnalyzerEnd] BARRACKS          total:  12 alive:   1 dead:  11 
2023-09-19 09:27:49.331 | [GameAnalyzerEnd] MARAUDER          total:  12 alive:   0 dead:  12 
2023-09-19 09:27:49.332 | [GameAnalyzerEnd] TECHLAB           total:  10 alive:   0 dead:  10 
2023-09-19 09:27:49.333 | [GameAnalyzerEnd] MEDIVAC           total:   6 alive:   0 dead:   6 
2023-09-19 09:27:49.333 | [GameAnalyzerEnd] ORBITALCOMMAND    total:   2 alive:   0 dead:   2 
2023-09-19 09:27:49.334 | [GameAnalyzerEnd] REFINERY          total:   2 alive:   0 dead:   2 
2023-09-19 09:27:49.334 | [GameAnalyzerEnd] ENGINEERINGBAY    total:   1 alive:   0 dead:   1 
2023-09-19 09:27:49.335 | [GameAnalyzerEnd] STARPORT          total:   1 alive:   0 dead:   1 
2023-09-19 09:27:49.336 | [GameAnalyzerEnd] FACTORY           total:   1 alive:   0 dead:   1 
2023-09-19 09:27:49.336 | [GameAnalyzerEnd] Minerals max 710 Average 141
2023-09-19 09:27:49.337 | [GameAnalyzerEnd] Vespene max 697 Average 225
2023-09-19 09:27:49.338 | INFO     | sc2.main:_play_game:228 - Result for player 2 - Bot LadderBot(Zerg): Victory
