2023-09-19 13:42:26.058 | INFO     | sc2.protocol:_execute:72 - Client status changed to Status.in_game (was None)
2023-09-19 13:42:26.059 | INFO     | sc2.main:_play_game:221 - Player 2 - Bot LadderBot(Zerg)
2023-09-19 13:42:26.340 | 00:00    0ms    0M    0G  12/ 14U [Version] 4.10.0.75689
2023-09-19 13:42:26.342 | 00:00    0ms    0M    0G  12/ 14U [Version] 5.0.6 Balance mod recognized.
2023-09-19 13:42:26.422 | 00:00    0ms    0M    0G  12/ 14U [ZoneManager] Map set to: MapName.Unknown from name: GoldenauraAIE and hash: 3690400.
2023-09-19 13:42:27.226 | [DataManager] No BuildDetector found, enemy build data cannot be saved
2023-09-19 13:42:27.250 | [Start] My race: Zerg
2023-09-19 13:42:27.251 | [Start] Opponent race: Terran
2023-09-19 13:42:27.252 | [Start] OpponentId: 1
2023-09-19 13:42:27.303 | 00:00    0ms    0M    0G  12/ 14U [ActUnit] DRONE from LARVA at (171.4, 64.8)
2023-09-19 13:42:28.643 | 00:07    7ms    0M    0G  13/ 14U [ActUnit] DRONE from LARVA at (169.6, 64.8)
2023-09-19 13:42:29.539 | 00:16    8ms    0M    0G  14/ 14U [ActUnit] OVERLORD from LARVA at (170.9, 64.8)
2023-09-19 13:42:31.377 | 00:34    8ms  195M    0G  14/ 22U [ActUnit] DRONE from LARVA at (171.0, 64.3)
2023-09-19 13:42:31.424 | 00:35   10ms  150M    0G  15/ 22U [ActUnit] DRONE from LARVA at (170.1, 64.8)
2023-09-19 13:42:32.651 | 00:46    9ms  305M    0G  16/ 22U [Expand] Expanding to (148.5, 59.5)
2023-09-19 13:42:33.105 | 00:50    9ms    5M    0G  16/ 22U [ActUnit] DRONE from LARVA at (170.0, 64.7)
2023-09-19 13:42:33.559 | 00:54    9ms   45M    0G  16/ 22U [GameAnalyzer] Income advantage is now SmallAdvantage
2023-09-19 13:42:33.561 | 00:54    9ms   20M    0G  16/ 22U [BuildGas] Building EXTRACTOR to (177.5, 70.5)
2023-09-19 13:42:33.715 | 00:56    9ms    0M    0G  15/ 22U [ActUnit] DRONE from LARVA at (170.5, 64.4)
2023-09-19 13:42:37.008 | 01:12   59ms  205M    0G  16/ 22U [ActBuilding] 1. SPAWNINGPOOL near (175.6, 74.9)
2023-09-19 13:42:37.586 | 01:16    7ms    5M    0G  15/ 22U [ActUnit] DRONE from LARVA at (170.7, 64.4)
2023-09-19 13:42:38.039 | 01:20    8ms    0M    0G  16/ 22U [ActUnit] DRONE from LARVA at (170.2, 64.6)
2023-09-19 13:42:38.622 | 01:24    7ms    0M    4G  17/ 22U [ActUnit] DRONE from LARVA at (170.6, 64.1)
2023-09-19 13:42:39.143 | 01:28    9ms    0M   16G  18/ 22U [ActUnit] DRONE from LARVA at (170.5, 64.8)
2023-09-19 13:42:40.529 | 01:39    9ms   25M   48G  19/ 22U [ActUnit] OVERLORD from LARVA at (170.5, 64.4)
2023-09-19 13:42:42.054 | 01:50   11ms  125M   76G  19/ 22U [ActUnit] DRONE from LARVA at (170.3, 64.7)
2023-09-19 13:42:43.876 | 02:01    9ms  125M  108G  20/ 30U [ActUnit] QUEEN from HATCHERY at (170.5, 67.5)
2023-09-19 13:42:43.879 | 02:01    9ms  125M  108G  20/ 30U [Tech] Started ZERGLINGMOVEMENTSPEED
2023-09-19 13:42:44.280 | 02:03    9ms    5M   12G  22/ 30U [ActUnit] ZERGLING from LARVA at (170.4, 64.9)
2023-09-19 13:42:44.773 | 02:06    9ms    0M   20G  23/ 36U [ActUnit] ZERGLING from LARVA at (148.9, 56.6)
2023-09-19 13:42:45.600 | 02:11   10ms   20M   32G  24/ 36U [ActUnit] DRONE from LARVA at (170.3, 64.8)
2023-09-19 13:42:46.507 | 02:17   10ms   50M   48G  25/ 36U [ActUnit] DRONE from LARVA at (148.3, 56.6)
2023-09-19 13:42:47.177 | 02:21   11ms  110M   60G  26/ 36U [GameAnalyzer] Known army advantage is now SlightAdvantage
2023-09-19 13:42:47.178 | 02:21   11ms  110M   60G  26/ 36U [GameAnalyzer] Predicted army advantage is now SlightAdvantage
2023-09-19 13:42:47.465 | 02:22   12ms   85M   64G  26/ 36U [ActUnit] DRONE from LARVA at (170.3, 64.6)
2023-09-19 13:42:48.140 | 02:26   11ms    0M   72G  27/ 36U [ActUnit] QUEEN from HATCHERY at (148.5, 59.5)
2023-09-19 13:42:49.330 | 02:33   12ms  100M   92G  29/ 36U [DefensiveBuilding] Building SPINECRAWLER to (145.24604313272016, 63.29628301182648)
2023-09-19 13:42:50.141 | 02:37   15ms   70M  104G  28/ 36U [Inject] injecting hatch (170.5, 67.5)
2023-09-19 13:42:52.541 | 02:46    9ms    5M   28G  28/ 36U [ActUnit] DRONE from LARVA at (148.8, 56.7)
2023-09-19 13:42:53.038 | 02:48   10ms   10M   36G  29/ 36U [ActUnit] DRONE from LARVA at (170.6, 64.9)
2023-09-19 13:42:53.541 | 02:51   10ms    5M   40G  30/ 36U [ActUnit] DRONE from LARVA at (148.6, 56.4)
2023-09-19 13:42:54.057 | 02:54   11ms    0M   48G  31/ 36U [ActUnit] ZERGLING from LARVA at (148.0, 56.9)
2023-09-19 13:42:54.551 | 02:56   11ms    0M   56G  32/ 36U [ActUnit] ZERGLING from LARVA at (170.8, 64.8)
2023-09-19 13:42:55.049 | 02:59   10ms    0M   64G  33/ 36U [ActUnit] ZERGLING from LARVA at (170.9, 64.3)
2023-09-19 13:42:55.403 | 03:01   11ms   25M   68G  34/ 36U [GameAnalyzer] Income advantage is now ClearAdvantage
2023-09-19 13:42:55.667 | 03:02   16ms   45M   72G  34/ 36U [GameAnalyzer] Known army advantage is now SmallAdvantage
2023-09-19 13:42:55.668 | 03:02   16ms   45M   72G  34/ 36U [GameAnalyzer] Predicted army advantage is now SmallAdvantage
2023-09-19 13:42:55.671 | 03:02   16ms   45M   72G  34/ 36U [Inject] injecting hatch (148.5, 59.5)
2023-09-19 13:42:55.736 | 03:03   13ms    5M   72G  34/ 36U [ActUnit] ZERGLING from LARVA at (148.1, 56.7)
2023-09-19 13:42:56.172 | 03:05   15ms    0M   80G  35/ 36U [ActUnit] DRONE from LARVA at (170.7, 64.6)
2023-09-19 13:42:56.899 | 03:09   11ms   80M   92G  36/ 36U [Inject] injecting hatch (170.5, 67.5)
2023-09-19 13:42:56.994 | 03:09   16ms    0M   92G  36/ 36U [ActUnit] OVERLORD from LARVA at (171.5, 64.7)
2023-09-19 13:42:58.591 | 03:17   20ms  165M  112G  36/ 36U [ActBuilding] 1. ROACHWARREN near (163.7, 73.4)
2023-09-19 13:42:59.125 | 03:20   16ms   60M  120G  36/ 36U [GameAnalyzer] Known army advantage is now ClearAdvantage
2023-09-19 13:42:59.126 | 03:20   16ms   60M  120G  36/ 36U [GameAnalyzer] Predicted army advantage is now ClearAdvantage
2023-09-19 13:42:59.305 | 03:21   21ms   15M  124G  35/ 36U [ActUnit] DRONE from LARVA at (149.2, 56.6)
2023-09-19 13:43:00.555 | 03:28   12ms  115M  140G  36/ 44U [ActUnit] DRONE from LARVA at (147.9, 56.8)
2023-09-19 13:43:00.658 | 03:28   16ms   75M  144G  37/ 44U [ActUnit] DRONE from LARVA at (171.1, 64.7)
2023-09-19 13:43:00.726 | 03:28   13ms   40M  144G  38/ 44U [ActUnit] DRONE from LARVA at (169.7, 64.4)
2023-09-19 13:43:00.899 | 03:29   11ms    0M  148G  39/ 44U [ActUnit] DRONE from LARVA at (169.7, 64.4)
2023-09-19 13:43:01.368 | 03:32   18ms    0M  152G  40/ 44U [ActUnit] ZERGLING from LARVA at (149.3, 56.6)
2023-09-19 13:43:01.783 | 03:34   12ms    0M  160G  41/ 44U [ActUnit] ZERGLING from LARVA at (147.9, 56.9)
2023-09-19 13:43:01.785 | 03:34   12ms    0M  160G  41/ 44U [Inject] injecting hatch (148.5, 59.5)
2023-09-19 13:43:04.143 | 03:39   90ms    0M  172G  42/ 44U [ActUnit] OVERLORD from LARVA at (170.5, 64.6)
2023-09-19 13:43:04.300 | 03:39   49ms    5M  172G  42/ 44U [GameAnalyzer] Known army advantage is now SlightAdvantage
2023-09-19 13:43:04.304 | 03:39   49ms    5M  172G  42/ 44U [GameAnalyzer] Predicted army advantage is now SlightAdvantage
2023-09-19 13:43:04.783 | 03:40   92ms   35M  176G  42/ 44U [Inject] injecting hatch (170.5, 67.5)
2023-09-19 13:43:05.247 | 03:42   72ms   75M  180G  41/ 44U [GameAnalyzer] Known army advantage is now Even
2023-09-19 13:43:05.252 | 03:42   72ms   75M  180G  41/ 44U [GameAnalyzer] Predicted army advantage is now Even
2023-09-19 13:43:05.256 | 03:42   72ms   25M  180G  41/ 44U [ActUnit] ZERGLING from LARVA at (146.9, 57.5)
2023-09-19 13:43:06.147 | 03:45   66ms   70M  188G  42/ 44U [GameAnalyzer] Known army advantage is now SmallAdvantage
2023-09-19 13:43:06.156 | 03:45   66ms   70M  188G  42/ 44U [GameAnalyzer] Predicted army advantage is now SmallAdvantage
2023-09-19 13:43:06.862 | 03:47   90ms   15M  192G  42/ 44U [ActUnit] OVERLORD from LARVA at (146.8, 57.1)
2023-09-19 13:43:07.759 | 03:51   15ms  115M  204G  42/ 44U [GameAnalyzer] Known army advantage is now ClearAdvantage
2023-09-19 13:43:07.760 | 03:51   15ms  115M  204G  42/ 44U [GameAnalyzer] Predicted army advantage is now ClearAdvantage
2023-09-19 13:43:09.109 | 04:00   15ms  300M  228G  42/ 52U [BuildGas] Building EXTRACTOR to (167.5, 60.5)
2023-09-19 13:43:09.222 | 04:00   20ms  230M  203G  42/ 52U [ActUnit] ROACH from LARVA at (169.7, 64.7)
2023-09-19 13:43:09.299 | 04:01   16ms  185M  182G  44/ 52U [ActUnit] ROACH from LARVA at (169.7, 64.7)
2023-09-19 13:43:09.413 | 04:01   17ms  165M  182G  45/ 52U [BuildGas] Building EXTRACTOR to (145.5, 52.5)
2023-09-19 13:43:09.414 | 04:01   17ms  115M  182G  45/ 52U [ActUnit] DRONE from LARVA at (146.8, 57.0)
2023-09-19 13:43:09.489 | 04:01   16ms   50M  157G  46/ 52U [ActUnit] ROACH from LARVA at (169.8, 64.8)
2023-09-19 13:43:09.768 | 04:03   15ms   25M  161G  47/ 52U [ActUnit] DRONE from LARVA at (147.1, 57.3)
2023-09-19 13:43:10.129 | 04:05   16ms    0M  140G  48/ 52U [ActUnit] ROACH from LARVA at (149.3, 56.9)
2023-09-19 13:43:10.317 | 04:05   16ms   15M  144G  50/ 60U [Inject] injecting hatch (148.5, 59.5)
2023-09-19 13:43:10.567 | 04:07   13ms    0M  148G  50/ 60U [ActUnit] DRONE from LARVA at (148.9, 56.9)
2023-09-19 13:43:11.110 | 04:10   13ms    5M  156G  51/ 60U [ActUnit] DRONE from LARVA at (150.0, 57.0)
2023-09-19 13:43:11.464 | 04:11   13ms    5M  160G  52/ 60U [ActUnit] DRONE from LARVA at (170.3, 64.8)
2023-09-19 13:43:11.649 | 04:12   14ms   20M  164G  53/ 60U [Inject] injecting hatch (170.5, 67.5)
2023-09-19 13:43:11.947 | 04:14   16ms    0M  168G  53/ 60U [ActUnit] DRONE from LARVA at (169.6, 64.2)
2023-09-19 13:43:12.408 | 04:16   14ms    0M  172G  54/ 60U [ActUnit] DRONE from LARVA at (169.7, 64.6)
2023-09-19 13:43:12.875 | 04:18   20ms    0M  180G  55/ 60U [ActUnit] DRONE from LARVA at (169.4, 64.9)
2023-09-19 13:43:13.770 | 04:22   21ms    5M  188G  56/ 60U [ActUnit] OVERLORD from LARVA at (148.2, 56.7)
2023-09-19 13:43:14.263 | 04:24   26ms   65M  196G  56/ 60U [GameAnalyzer] Known army advantage is now OverwhelmingAdvantage
2023-09-19 13:43:14.264 | 04:24   26ms   65M  196G  56/ 60U [GameAnalyzer] Predicted army advantage is now OverwhelmingAdvantage
2023-09-19 13:43:14.707 | 04:26   18ms    5M  200G  56/ 60U [ActUnit] OVERLORD from LARVA at (149.1, 56.6)
2023-09-19 13:43:16.941 | 04:37   17ms  245M  272G  56/ 60U [Inject] injecting hatch (148.5, 59.5)
2023-09-19 13:43:17.424 | 04:39   23ms  310M  284G  56/ 60U [Expand] Expanding to (122.5, 56.5)
2023-09-19 13:43:17.504 | 04:40   19ms  310M  284G  56/ 60U [Expand] Expanding to (122.5, 56.5)
2023-09-19 13:43:17.608 | 04:40   25ms  330M  296G  56/ 68U [Expand] Expanding to (122.5, 56.5)
2023-09-19 13:43:17.687 | 04:41   19ms  335M  296G  56/ 68U [Expand] Expanding to (122.5, 56.5)
2023-09-19 13:43:17.793 | 04:41   21ms  345M  296G  56/ 68U [Expand] Expanding to (122.5, 56.5)
2023-09-19 13:43:17.879 | 04:42   20ms  365M  308G  56/ 68U [Expand] Expanding to (122.5, 56.5)
2023-09-19 13:43:17.882 | 04:42   20ms   15M  308G  56/ 68U [ActUnit] DRONE from LARVA at (147.2, 57.3)
2023-09-19 13:43:17.988 | 04:42   24ms  320M  308G  57/ 68U [Expand] Expanding to (122.5, 56.5)
2023-09-19 13:43:18.074 | 04:43   20ms  325M  308G  57/ 68U [Expand] Expanding to (122.5, 56.5)
2023-09-19 13:43:18.184 | 04:43   22ms  335M  316G  57/ 68U [Expand] Expanding to (122.5, 56.5)
2023-09-19 13:43:18.268 | 04:43   22ms  365M  320G  57/ 68U [Expand] Expanding to (122.5, 56.5)
2023-09-19 13:43:18.271 | 04:43   22ms   15M  320G  57/ 68U [ActUnit] DRONE from LARVA at (147.0, 56.8)
2023-09-19 13:43:18.442 | 04:44   26ms  315M  320G  58/ 68U [Expand] Expanding to (122.5, 56.5)
2023-09-19 13:43:18.445 | 04:44   26ms   15M  320G  58/ 68U [Inject] injecting hatch (170.5, 67.5)
2023-09-19 13:43:18.524 | 04:44   75ms  325M  324G  58/ 68U [Expand] Expanding to (122.5, 56.5)
2023-09-19 13:43:18.639 | 04:45   21ms  340M  332G  58/ 76U [Expand] Expanding to (122.5, 56.5)
2023-09-19 13:43:18.721 | 04:45   20ms  355M  332G  58/ 76U [Expand] Expanding to (122.5, 56.5)
2023-09-19 13:43:18.723 | 04:45   20ms    5M  332G  58/ 76U [ActUnit] DRONE from LARVA at (170.2, 64.3)
2023-09-19 13:43:18.828 | 04:46   21ms  315M  336G  59/ 76U [Expand] Expanding to (122.5, 56.5)
2023-09-19 13:43:18.907 | 04:46   19ms  320M  344G  59/ 76U [Expand] Expanding to (122.5, 56.5)
2023-09-19 13:43:19.013 | 04:47   20ms  335M  344G  59/ 76U [Expand] Expanding to (122.5, 56.5)
2023-09-19 13:43:19.093 | 04:47   20ms  350M  344G  59/ 76U [Expand] Expanding to (122.5, 56.5)
2023-09-19 13:43:19.095 | 04:47   20ms    0M  344G  59/ 76U [ActUnit] DRONE from LARVA at (169.7, 64.9)
2023-09-19 13:43:19.203 | 04:47   20ms  310M  352G  60/ 76U [Expand] Expanding to (122.5, 56.5)
2023-09-19 13:43:19.287 | 04:48   19ms  320M  356G  60/ 76U [Expand] Expanding to (122.5, 56.5)
2023-09-19 13:43:20.236 | 04:48   21ms  325M  356G  60/ 76U [Expand] Expanding to (122.5, 56.5)
2023-09-19 13:43:20.319 | 04:49   19ms  345M  360G  60/ 76U [Expand] Expanding to (122.5, 56.5)
2023-09-19 13:43:20.423 | 04:49   26ms  350M  368G  60/ 76U [Expand] Expanding to (122.5, 56.5)
2023-09-19 13:43:20.426 | 04:49   26ms    0M  368G  60/ 76U [ActUnit] DRONE from LARVA at (148.5, 56.3)
2023-09-19 13:43:20.506 | 04:50   21ms  315M  368G  61/ 76U [Expand] Expanding to (122.5, 56.5)
2023-09-19 13:43:20.611 | 04:50   20ms  340M  372G  61/ 76U [Expand] Expanding to (122.5, 56.5)
2023-09-19 13:43:20.691 | 04:51   18ms  340M  380G  61/ 76U [Expand] Expanding to (122.5, 56.5)
2023-09-19 13:43:20.799 | 04:51   23ms  345M  380G  61/ 76U [Expand] Expanding to (122.5, 56.5)
2023-09-19 13:43:20.876 | 04:51   19ms  355M  380G  61/ 76U [Expand] Expanding to (122.5, 56.5)
2023-09-19 13:43:20.878 | 04:51   19ms    5M  380G  61/ 76U [ActUnit] DRONE from LARVA at (171.4, 64.5)
2023-09-19 13:43:20.978 | 04:52   21ms  325M  388G  62/ 76U [Expand] Expanding to (122.5, 56.5)
2023-09-19 13:43:21.057 | 04:52   18ms  345M  392G  62/ 76U [Expand] Expanding to (122.5, 56.5)
2023-09-19 13:43:21.154 | 04:53   22ms  350M  392G  62/ 76U [Expand] Expanding to (122.5, 56.5)
2023-09-19 13:43:21.156 | 04:53   22ms    0M  392G  62/ 76U [ActUnit] DRONE from LARVA at (149.5, 57.0)
2023-09-19 13:43:21.236 | 04:53   19ms  305M  396G  63/ 76U [Expand] Expanding to (122.5, 56.5)
2023-09-19 13:43:21.344 | 04:54   22ms  310M  404G  63/ 76U [Expand] Expanding to (122.5, 56.5)
2023-09-19 13:43:21.427 | 04:54   19ms  335M  404G  63/ 76U [Expand] Expanding to (122.5, 56.5)
2023-09-19 13:43:21.529 | 04:55   23ms  340M  408G  63/ 76U [Expand] Expanding to (122.5, 56.5)
2023-09-19 13:43:21.610 | 04:55   18ms  355M  416G  63/ 76U [Expand] Expanding to (122.5, 56.5)
2023-09-19 13:43:21.613 | 04:55   18ms    5M  416G  63/ 76U [ActUnit] DRONE from LARVA at (169.6, 64.3)
2023-09-19 13:43:21.716 | 04:55   23ms  320M  416G  64/ 76U [Expand] Expanding to (122.5, 56.5)
2023-09-19 13:43:21.796 | 04:56   18ms  325M  416G  64/ 76U [Expand] Expanding to (122.5, 56.5)
2023-09-19 13:43:21.905 | 04:56   21ms  340M  428G  64/ 76U [Expand] Expanding to (122.5, 56.5)
2023-09-19 13:43:21.988 | 04:57   18ms  355M  428G  64/ 76U [Expand] Expanding to (122.5, 56.5)
2023-09-19 13:43:21.990 | 04:57   18ms    5M  428G  64/ 76U [ActUnit] DRONE from LARVA at (148.2, 56.7)
2023-09-19 13:43:22.102 | 04:57   25ms  315M  428G  65/ 76U [Expand] Expanding to (122.5, 56.5)
2023-09-19 13:43:22.192 | 04:58   21ms  325M  436G  65/ 76U [Expand] Expanding to (122.5, 56.5)
2023-09-19 13:43:22.292 | 04:58   25ms  340M  440G  65/ 76U [Expand] Expanding to (122.5, 56.5)
2023-09-19 13:43:22.371 | 04:59   19ms  340M  440G  65/ 76U [Expand] Expanding to (122.5, 56.5)
2023-09-19 13:43:22.470 | 04:59   24ms  350M  444G  65/ 76U [Expand] Expanding to (122.5, 56.5)
2023-09-19 13:43:22.554 | 05:00   18ms  365M  452G  65/ 76U [Expand] Expanding to (122.5, 56.5)
2023-09-19 13:43:22.661 | 05:00   25ms  390M  452G  65/ 76U [Expand] Expanding to (122.5, 56.5)
2023-09-19 13:43:22.663 | 05:00   25ms   15M  427G  65/ 76U [ActUnit] ROACH from LARVA at (170.4, 64.8)
2023-09-19 13:43:22.743 | 05:00   20ms  315M  431G  67/ 76U [Expand] Expanding to (122.5, 56.5)
2023-09-19 13:43:22.848 | 05:01   24ms  325M  439G  67/ 76U [Expand] Expanding to (122.5, 56.5)
2023-09-19 13:43:22.928 | 05:01   18ms  350M  439G  67/ 76U [Expand] Expanding to (122.5, 56.5)
2023-09-19 13:43:23.036 | 05:02   21ms  360M  439G  67/ 76U [Expand] Expanding to (122.5, 56.5)
2023-09-19 13:43:23.119 | 05:02   19ms  365M  447G  67/ 76U [Expand] Expanding to (122.5, 56.5)
2023-09-19 13:43:23.226 | 05:03   24ms  385M  451G  67/ 76U [Expand] Expanding to (122.5, 56.5)
2023-09-19 13:43:23.228 | 05:03   24ms   10M  426G  67/ 76U [ActUnit] ROACH from LARVA at (148.2, 56.8)
2023-09-19 13:43:23.316 | 05:03   21ms  315M  426G  69/ 76U [Expand] Expanding to (122.5, 56.5)
2023-09-19 13:43:23.438 | 05:04   22ms  325M  430G  69/ 76U [Expand] Expanding to (122.5, 56.5)
2023-09-19 13:43:23.525 | 05:04   19ms  340M  438G  69/ 76U [Expand] Expanding to (122.5, 56.5)
2023-09-19 13:43:23.622 | 05:04   25ms  340M  438G  69/ 76U [Expand] Expanding to (122.5, 56.5)
2023-09-19 13:43:23.700 | 05:05   19ms  360M  442G  69/ 76U [Expand] Expanding to (122.5, 56.5)
2023-09-19 13:43:23.806 | 05:05   25ms  365M  450G  69/ 76U [Expand] Expanding to (122.5, 56.5)
2023-09-19 13:43:23.889 | 05:06   20ms  375M  450G  69/ 76U [Expand] Expanding to (122.5, 56.5)
2023-09-19 13:43:23.892 | 05:06   20ms    0M  425G  69/ 76U [ActUnit] ROACH from LARVA at (169.3, 64.3)
2023-09-19 13:43:24.005 | 05:06   24ms  330M  425G  71/ 76U [Expand] Expanding to (122.5, 56.5)
2023-09-19 13:43:24.092 | 05:07   20ms  345M  433G  71/ 76U [Expand] Expanding to (122.5, 56.5)
2023-09-19 13:43:24.192 | 05:07   26ms  350M  437G  71/ 76U [Expand] Expanding to (122.5, 56.5)
2023-09-19 13:43:24.280 | 05:08   19ms  360M  437G  71/ 76U [Expand] Expanding to (122.5, 56.5)
2023-09-19 13:43:24.388 | 05:08   26ms  375M  441G  71/ 76U [Expand] Expanding to (122.5, 56.5)
2023-09-19 13:43:24.390 | 05:08   26ms    0M  416G  71/ 76U [ActUnit] ROACH from LARVA at (149.4, 56.9)
2023-09-19 13:43:24.472 | 05:08   21ms  215M  424G  73/ 76U [ActUnit] OVERLORD from LARVA at (170.7, 64.6)
2023-09-19 13:43:24.578 | 05:09   24ms  125M  424G  73/ 76U [ActUnit] OVERLORD from LARVA at (148.9, 56.9)
2023-09-19 13:43:24.584 | 05:09   24ms  125M  424G  73/ 76U [Inject] injecting hatch (148.5, 59.5)
2023-09-19 13:43:24.773 | 05:10   26ms  135M  436G  73/ 76U [GameAnalyzer] Income advantage is now OverwhelmingAdvantage
2023-09-19 13:43:24.961 | 05:11   26ms  175M  440G  73/ 76U [GameAnalyzer] Income advantage is now ClearAdvantage
2023-09-19 13:43:25.229 | 05:12   19ms  220M  448G  73/ 76U [GameAnalyzer] Income advantage is now OverwhelmingAdvantage
2023-09-19 13:43:25.926 | 05:15   28ms  310M  476G  73/ 76U [Expand] Expanding to (122.5, 56.5)
2023-09-19 13:43:26.009 | 05:16   21ms  325M  484G  73/ 76U [Expand] Expanding to (122.5, 56.5)
2023-09-19 13:43:26.012 | 05:16   21ms   25M  484G  73/ 76U [Inject] injecting hatch (170.5, 67.5)
2023-09-19 13:43:26.122 | 05:16   25ms  325M  484G  73/ 76U [Expand] Expanding to (122.5, 56.5)
2023-09-19 13:43:26.445 | 05:16   21ms  345M  484G  73/ 76U [Expand] Expanding to (122.5, 56.5)
2023-09-19 13:43:26.551 | 05:17   24ms  360M  492G  73/ 76U [Expand] Expanding to (122.5, 56.5)
2023-09-19 13:43:26.633 | 05:17   21ms  370M  496G  73/ 76U [Expand] Expanding to (122.5, 56.5)
2023-09-19 13:43:26.742 | 05:18   24ms  385M  496G  73/ 76U [Expand] Expanding to (122.5, 56.5)
2023-09-19 13:43:26.745 | 05:18   24ms   10M  471G  73/ 76U [ActUnit] ROACH from LARVA at (148.0, 56.9)
2023-09-19 13:43:26.831 | 05:18   22ms  330M  475G  75/ 76U [Expand] Expanding to (122.5, 56.5)
2023-09-19 13:43:26.931 | 05:19   28ms  350M  483G  75/ 76U [Expand] Expanding to (122.5, 56.5)
2023-09-19 13:43:27.019 | 05:19   21ms  350M  483G  75/ 76U [Expand] Expanding to (122.5, 56.5)
2023-09-19 13:43:27.131 | 05:20   27ms  365M  487G  75/ 76U [Expand] Expanding to (122.5, 56.5)
2023-09-19 13:43:27.220 | 05:20   23ms  370M  495G  75/ 76U [Expand] Expanding to (122.5, 56.5)
2023-09-19 13:43:27.332 | 05:20   27ms  405M  495G  75/ 76U [Expand] Expanding to (122.5, 56.5)
2023-09-19 13:43:27.414 | 05:21   23ms  410M  495G  75/ 76U [GameAnalyzer] Income advantage is now ClearAdvantage
2023-09-19 13:43:27.421 | 05:21   23ms  410M  495G  75/ 76U [Expand] Expanding to (122.5, 56.5)
2023-09-19 13:43:27.532 | 05:21   29ms  415M  507G  75/ 76U [Expand] Expanding to (122.5, 56.5)
2023-09-19 13:43:27.619 | 05:22   23ms  415M  507G  75/ 76U [Expand] Expanding to (122.5, 56.5)
2023-09-19 13:43:27.730 | 05:22   26ms  455M  507G  75/ 76U [GameAnalyzer] Income advantage is now OverwhelmingAdvantage
2023-09-19 13:43:27.736 | 05:22   26ms  455M  507G  75/ 76U [Expand] Expanding to (122.5, 56.5)
2023-09-19 13:43:27.823 | 05:23   23ms  475M  511G  75/ 76U [Expand] Expanding to (122.5, 56.5)
2023-09-19 13:43:27.929 | 05:23   30ms  490M  519G  75/ 76U [Expand] Expanding to (122.5, 56.5)
2023-09-19 13:43:28.021 | 05:24   23ms  495M  519G  75/ 76U [Expand] Expanding to (122.5, 56.5)
2023-09-19 13:43:28.125 | 05:24   31ms  505M  523G  75/ 76U [Expand] Expanding to (122.5, 56.5)
2023-09-19 13:43:28.215 | 05:25   24ms  525M  531G  75/ 76U [Expand] Expanding to (122.5, 56.5)
2023-09-19 13:43:28.327 | 05:25   32ms  540M  531G  75/ 76U [Expand] Expanding to (122.5, 56.5)
2023-09-19 13:43:28.422 | 05:25   24ms  550M  535G  75/ 76U [Expand] Expanding to (122.5, 56.5)
2023-09-19 13:43:28.530 | 05:26   28ms  565M  543G  75/ 76U [Expand] Expanding to (122.5, 56.5)
2023-09-19 13:43:28.619 | 05:26   23ms  565M  543G  75/ 76U [Expand] Expanding to (122.5, 56.5)
2023-09-19 13:43:28.726 | 05:27   28ms  585M  543G  75/ 84U [Expand] Expanding to (122.5, 56.5)
2023-09-19 13:43:28.728 | 05:27   28ms  210M  518G  75/ 84U [ActUnit] ROACH from LARVA at (170.3, 64.9)
2023-09-19 13:43:28.814 | 05:27   24ms  530M  526G  77/ 92U [Expand] Expanding to (122.5, 56.5)
2023-09-19 13:43:28.818 | 05:27   24ms  180M  526G  77/ 92U [ActUnit] DRONE from LARVA at (172.0, 64.6)
2023-09-19 13:43:28.931 | 05:28   29ms  490M  530G  78/ 92U [Expand] Expanding to (122.5, 56.5)
2023-09-19 13:43:28.933 | 05:28   29ms  140M  530G  78/ 92U [ActUnit] DRONE from LARVA at (147.6, 56.9)
2023-09-19 13:43:28.938 | 05:28   29ms  140M  530G  78/ 92U [PlanZoneAttack] Power 24.00 is larger than required attack power 20.00 -> attack!
2023-09-19 13:43:28.939 | 05:28   29ms  140M  530G  78/ 92U [PlanZoneAttack] Attack started at 24.00 power.
2023-09-19 13:43:29.028 | 05:28   25ms  460M  530G  79/ 92U [Expand] Expanding to (122.5, 56.5)
2023-09-19 13:43:29.031 | 05:28   25ms  110M  530G  79/ 92U [ActUnit] DRONE from LARVA at (147.9, 56.9)
2023-09-19 13:43:29.131 | 05:29   36ms  420M  534G  80/ 92U [Expand] Expanding to (122.5, 56.5)
2023-09-19 13:43:29.133 | 05:29   36ms   70M  534G  80/ 92U [ActUnit] DRONE from LARVA at (170.0, 64.7)
2023-09-19 13:43:29.227 | 05:29   29ms  385M  542G  81/ 92U [Expand] Expanding to (122.5, 56.5)
2023-09-19 13:43:29.353 | 05:29   33ms   95M  542G  81/ 92U [GameAnalyzer] Income advantage is now ClearAdvantage
2023-09-19 13:43:30.018 | 05:31  110ms    0M  554G  81/ 92U [ActUnit] QUEEN from HATCHERY at (148.5, 59.5)
2023-09-19 13:43:32.003 | 05:37   24ms  475M  602G  83/ 92U [Expand] Expanding to (122.5, 56.5)
2023-09-19 13:43:32.005 | 05:37   24ms  125M  602G  83/ 92U [ActUnit] DRONE from LARVA at (170.7, 64.1)
2023-09-19 13:43:32.105 | 05:37   29ms  425M  606G  84/ 92U [GameAnalyzer] Income advantage is now OverwhelmingAdvantage
2023-09-19 13:43:32.111 | 05:37   29ms  425M  606G  84/ 92U [Expand] Expanding to (122.5, 56.5)
2023-09-19 13:43:32.113 | 05:37   29ms   75M  606G  84/ 92U [ActUnit] DRONE from LARVA at (148.4, 56.9)
2023-09-19 13:43:32.224 | 05:38   33ms  395M  614G  85/ 92U [Expand] Expanding to (122.5, 56.5)
2023-09-19 13:43:32.319 | 05:38   28ms  125M  614G  85/ 92U [GameAnalyzer] Income advantage is now ClearAdvantage
2023-09-19 13:43:32.517 | 05:39   26ms  450M  626G  85/ 92U [Expand] Expanding to (122.5, 56.5)
2023-09-19 13:43:32.520 | 05:39   26ms  100M  626G  85/ 92U [ActUnit] DRONE from LARVA at (147.6, 56.7)
2023-09-19 13:43:32.617 | 05:40   29ms  400M  626G  86/ 92U [GameAnalyzer] Income advantage is now OverwhelmingAdvantage
2023-09-19 13:43:32.622 | 05:40   29ms  400M  626G  86/ 92U [Expand] Expanding to (122.5, 56.5)
2023-09-19 13:43:32.625 | 05:40   29ms   50M  626G  86/ 92U [ActUnit] DRONE from LARVA at (148.5, 56.8)
2023-09-19 13:43:32.723 | 05:40   30ms  375M  626G  87/ 92U [Expand] Expanding to (122.5, 56.5)
2023-09-19 13:43:32.726 | 05:40   30ms   25M  626G  87/ 92U [ActUnit] DRONE from LARVA at (149.4, 56.4)
2023-09-19 13:43:32.826 | 05:41   28ms  325M  638G  88/ 92U [Expand] Expanding to (122.5, 56.5)
2023-09-19 13:43:32.829 | 05:41   28ms   25M  638G  88/ 92U [Inject] injecting hatch (148.5, 59.5)
2023-09-19 13:43:32.928 | 05:41   30ms  345M  638G  88/ 92U [Expand] Expanding to (122.5, 56.5)
2023-09-19 13:43:33.317 | 05:43   29ms  290M  650G  88/ 92U [ActUnit] OVERLORD from LARVA at (170.1, 64.8)
2023-09-19 13:43:33.422 | 05:43   30ms  310M  654G  88/ 92U [Expand] Expanding to (122.5, 56.5)
2023-09-19 13:43:33.524 | 05:44   29ms  345M  662G  88/ 92U [Expand] Expanding to (122.5, 56.5)
2023-09-19 13:43:33.623 | 05:44   29ms  350M  662G  88/ 92U [Expand] Expanding to (122.5, 56.5)
2023-09-19 13:43:33.915 | 05:45   27ms  290M  674G  88/ 92U [ActUnit] OVERLORD from LARVA at (170.5, 64.6)
2023-09-19 13:43:34.024 | 05:46   28ms  315M  674G  88/ 92U [Expand] Expanding to (122.5, 56.5)
2023-09-19 13:43:34.125 | 05:46   30ms  315M  682G  88/ 92U [Expand] Expanding to (122.5, 56.5)
2023-09-19 13:43:34.229 | 05:47   32ms  325M  686G  88/ 92U [Expand] Expanding to (122.5, 56.5)
2023-09-19 13:43:34.328 | 05:47   30ms   45M  686G  88/ 92U [Inject] injecting hatch (170.5, 67.5)
2023-09-19 13:43:34.524 | 05:48   28ms  375M  698G  88/ 92U [Expand] Expanding to (122.5, 56.5)
2023-09-19 13:43:34.527 | 05:48   28ms   25M  698G  88/ 92U [ActUnit] DRONE from LARVA at (148.2, 56.9)
2023-09-19 13:43:34.627 | 05:49   32ms  345M  698G  89/ 92U [Expand] Expanding to (122.5, 56.5)
2023-09-19 13:43:34.728 | 05:49   30ms  355M  702G  89/ 92U [Expand] Expanding to (122.5, 56.5)
2023-09-19 13:43:34.731 | 05:49   30ms    5M  702G  89/ 92U [ActUnit] DRONE from LARVA at (169.4, 64.7)
2023-09-19 13:43:34.830 | 05:50   30ms  330M  710G  90/ 92U [Expand] Expanding to (122.5, 56.5)
2023-09-19 13:43:34.832 | 05:50   30ms    5M  710G  90/ 92U [BuildGas] Building EXTRACTOR to (155.5, 62.5)
2023-09-19 13:43:35.129 | 05:51   28ms  330M  718G  89/ 92U [Expand] Expanding to (122.5, 56.5)
2023-09-19 13:43:35.231 | 05:51   29ms  340M  722G  89/ 92U [Expand] Expanding to (122.5, 56.5)
2023-09-19 13:43:35.353 | 05:52   30ms  370M  722G  89/ 92U [Expand] Expanding to (122.5, 56.5)
2023-09-19 13:43:35.356 | 05:52   30ms   20M  722G  89/ 92U [ActUnit] DRONE from LARVA at (169.6, 64.5)
2023-09-19 13:43:35.512 | 05:52   51ms  325M  726G  90/ 92U [Expand] Expanding to (122.5, 56.5)
2023-09-19 13:43:35.691 | 05:53   83ms  340M  734G  90/ 92U [Expand] Expanding to (122.5, 56.5)
2023-09-19 13:43:35.888 | 05:53   96ms  365M  734G  90/ 92U [Expand] Expanding to (122.5, 56.5)
2023-09-19 13:43:36.747 | 05:55  106ms  440M  758G  90/ 92U [Expand] Expanding to (122.5, 56.5)
2023-09-19 13:43:36.750 | 05:55  106ms   90M  758G  90/ 92U [ActUnit] DRONE from LARVA at (170.0, 64.6)
2023-09-19 13:43:36.936 | 05:56   45ms  405M  758G  91/ 92U [Expand] Expanding to (122.5, 56.5)
2023-09-19 13:43:37.111 | 05:56  106ms  410M  758G  91/ 92U [Expand] Expanding to (122.5, 56.5)
2023-09-19 13:43:37.307 | 05:57   89ms  410M  766G  91/ 92U [Expand] Expanding to (122.5, 56.5)
2023-09-19 13:43:37.311 | 05:57   89ms   60M  766G  91/ 92U [ActUnit] DRONE from LARVA at (148.5, 56.6)
2023-09-19 13:43:37.771 | 05:58   41ms  435M  774G  92/ 92U [Expand] Expanding to (122.5, 56.5)
2023-09-19 13:43:37.895 | 05:58   93ms  440M  782G  92/ 92U [Expand] Expanding to (122.5, 56.5)
2023-09-19 13:43:38.012 | 05:59   38ms  440M  782G  92/ 92U [Expand] Expanding to (122.5, 56.5)
2023-09-19 13:43:38.128 | 05:59   39ms  460M  786G  92/ 92U [Expand] Expanding to (122.5, 56.5)
2023-09-19 13:43:38.247 | 06:00   38ms  210M  794G  92/ 92U [ActBuilding] 1. SPIRE near (139.5, 58.7)
2023-09-19 13:43:38.490 | 06:01   40ms  310M  594G  92/ 92U [Expand] Expanding to (122.5, 56.5)
2023-09-19 13:43:38.608 | 06:01   40ms  325M  602G  92/100U [Expand] Expanding to (122.5, 56.5)
2023-09-19 13:43:38.720 | 06:02   37ms  340M  606G  92/100U [Expand] Expanding to (122.5, 56.5)
2023-09-19 13:43:38.830 | 06:02   35ms   65M  606G  92/100U [MorphOverseer] Morphing OVERLORD at (171.2, 65.9)
2023-09-19 13:43:38.945 | 06:02   36ms  335M  560G  91/100U [Expand] Expanding to (122.5, 56.5)
2023-09-19 13:43:39.065 | 06:03   38ms  350M  568G  91/100U [Expand] Expanding to (122.5, 56.5)
2023-09-19 13:43:39.176 | 06:03   38ms  360M  568G  91/100U [Expand] Expanding to (122.5, 56.5)
2023-09-19 13:43:39.400 | 06:04   34ms  395M  580G  91/108U [Expand] Expanding to (122.5, 56.5)
2023-09-19 13:43:39.403 | 06:04   34ms   45M  580G  91/108U [ActUnit] DRONE from LARVA at (170.5, 64.6)
2023-09-19 13:43:39.517 | 06:05   37ms  355M  580G  92/108U [Expand] Expanding to (122.5, 56.5)
2023-09-19 13:43:39.628 | 06:05   36ms  375M  580G  92/108U [Expand] Expanding to (122.5, 56.5)
2023-09-19 13:43:39.842 | 06:06   31ms  415M  592G  92/108U [Expand] Expanding to (122.5, 56.5)
2023-09-19 13:43:39.954 | 06:06   39ms  425M  592G  92/108U [Expand] Expanding to (122.5, 56.5)
2023-09-19 13:43:40.063 | 06:07   37ms  430M  596G  92/108U [Expand] Expanding to (122.5, 56.5)
2023-09-19 13:43:40.172 | 06:07   34ms   90M  604G  92/108U [ActUnit] DRONE from LARVA at (148.5, 56.6)
2023-09-19 13:43:40.383 | 06:08   38ms  435M  608G  93/108U [Expand] Expanding to (122.5, 56.5)
2023-09-19 13:43:40.491 | 06:09   34ms  450M  616G  93/108U [Expand] Expanding to (122.5, 56.5)
2023-09-19 13:43:40.601 | 06:09   38ms  460M  616G  93/108U [Expand] Expanding to (122.5, 56.5)
2023-09-19 13:43:40.709 | 06:10   34ms  475M  620G  93/108U [Expand] Expanding to (122.5, 56.5)
2023-09-19 13:43:40.714 | 06:10   34ms  175M  620G  93/108U [Inject] injecting hatch (148.5, 59.5)
2023-09-19 13:43:40.826 | 06:10   37ms   55M  628G  93/108U [ActUnit] QUEEN from HATCHERY at (148.5, 59.5)
2023-09-19 13:43:41.051 | 06:11   35ms  390M  628G  95/108U [Expand] Expanding to (122.5, 56.5)
2023-09-19 13:43:41.056 | 06:11   35ms   40M  628G  95/108U [ActUnit] DRONE from LARVA at (148.6, 56.7)
2023-09-19 13:43:41.179 | 06:11   43ms  345M  636G  96/108U [Expand] Expanding to (122.5, 56.5)
2023-09-19 13:43:41.301 | 06:12   35ms  370M  640G  96/108U [Expand] Expanding to (122.5, 56.5)
2023-09-19 13:43:41.305 | 06:12   35ms   20M  640G  96/108U [ActUnit] DRONE from LARVA at (147.8, 56.9)
2023-09-19 13:43:41.430 | 06:12   42ms  330M  640G  97/108U [Expand] Expanding to (122.5, 56.5)
2023-09-19 13:43:41.811 | 06:14   36ms  375M  652G  97/108U [Expand] Expanding to (122.5, 56.5)
2023-09-19 13:43:41.815 | 06:14   36ms   25M  652G  97/108U [ActUnit] DRONE from LARVA at (147.6, 56.2)
2023-09-19 13:43:41.945 | 06:14   51ms  350M  656G  98/108U [Expand] Expanding to (122.5, 56.5)
2023-09-19 13:43:42.080 | 06:15   40ms  355M  664G  98/108U [Expand] Expanding to (122.5, 56.5)
2023-09-19 13:43:42.223 | 06:15   52ms  360M  664G  98/108U [Expand] Expanding to (122.5, 56.5)
2023-09-19 13:43:42.226 | 06:15   52ms   10M  664G  98/108U [ActUnit] DRONE from LARVA at (170.6, 64.6)
2023-09-19 13:43:43.463 | 06:16   38ms  380M  676G  99/108U [Expand] Expanding to (122.5, 56.5)
2023-09-19 13:43:43.591 | 06:17   43ms  385M  676G  99/108U [Expand] Expanding to (122.5, 56.5)
2023-09-19 13:43:43.719 | 06:17   40ms  390M  680G  99/108U [Expand] Expanding to (122.5, 56.5)
2023-09-19 13:43:43.845 | 06:18   43ms  400M  688G  99/108U [Expand] Expanding to (122.5, 56.5)
2023-09-19 13:43:43.848 | 06:18   43ms   50M  688G  99/108U [ActUnit] DRONE from LARVA at (170.5, 64.7)
2023-09-19 13:43:43.978 | 06:18   42ms   40M  688G 100/108U [ActUnit] DRONE from LARVA at (171.2, 64.9)
2023-09-19 13:43:44.102 | 06:19   43ms    0M  692G 101/108U [ActUnit] ZERGLING from LARVA at (169.6, 64.9)
2023-09-19 13:43:44.227 | 06:19   38ms  315M  700G 102/108U [Expand] Expanding to (122.5, 56.5)
2023-09-19 13:43:44.230 | 06:19   38ms   15M  700G 102/108U [Inject] injecting hatch (170.5, 67.5)
2023-09-19 13:43:44.352 | 06:19   43ms  315M  700G 102/108U [Expand] Expanding to (122.5, 56.5)
2023-09-19 13:43:44.477 | 06:20   40ms  335M  700G 102/108U [Expand] Expanding to (122.5, 56.5)
2023-09-19 13:43:44.606 | 06:20   43ms  370M  708G 102/108U [Expand] Expanding to (122.5, 56.5)
2023-09-19 13:43:44.795 | 06:21   41ms    0M  687G 102/108U [ActUnit] ROACH from LARVA at (148.7, 56.3)
2023-09-19 13:43:45.061 | 06:22   41ms  330M  695G 103/108U [Expand] Expanding to (122.5, 56.5)
2023-09-19 13:43:45.189 | 06:22   43ms  350M  703G 103/108U [Expand] Expanding to (122.5, 56.5)
2023-09-19 13:43:45.315 | 06:23   38ms  370M  703G 103/108U [Expand] Expanding to (122.5, 56.5)
2023-09-19 13:43:45.440 | 06:23   41ms  380M  707G 102/108U [Expand] Expanding to (122.5, 56.5)
2023-09-19 13:43:45.796 | 06:24   36ms  435M  719G 102/108U [Expand] Expanding to (122.5, 56.5)
2023-09-19 13:43:45.917 | 06:25   39ms  450M  735G 102/108U [Expand] Expanding to (122.5, 56.5)
2023-09-19 13:43:46.042 | 06:25   37ms  465M  735G 102/108U [Expand] Expanding to (122.5, 56.5)
2023-09-19 13:43:46.157 | 06:26   40ms  470M  735G 102/108U [Expand] Expanding to (122.5, 56.5)
2023-09-19 13:43:46.278 | 06:26   36ms   35M  747G 101/108U [ActUnit] QUEEN from HATCHERY at (170.5, 67.5)
2023-09-19 13:43:46.501 | 06:27   35ms  380M  751G 103/108U [Expand] Expanding to (122.5, 56.5)
2023-09-19 13:43:46.503 | 06:27   35ms   30M  751G 103/108U [ActUnit] ZERGLING from LARVA at (170.9, 64.7)
2023-09-19 13:43:46.614 | 06:27   38ms  340M  759G 104/108U [Expand] Expanding to (122.5, 56.5)
2023-09-19 13:43:46.729 | 06:28   36ms  350M  767G 104/108U [Expand] Expanding to (122.5, 56.5)
2023-09-19 13:43:46.953 | 06:29   36ms  395M  771G 104/108U [Expand] Expanding to (122.5, 56.5)
2023-09-19 13:43:47.075 | 06:29   39ms  405M  783G 104/108U [Expand] Expanding to (122.5, 56.5)
2023-09-19 13:43:47.188 | 06:30   40ms  315M  783G 104/108U [ActUnit] OVERLORD from LARVA at (148.5, 56.6)
2023-09-19 13:43:47.194 | 06:30   40ms  315M  783G 104/108U [Expand] Expanding to (122.5, 56.5)
2023-09-19 13:43:47.418 | 06:31   37ms  365M  795G 104/108U [Expand] Expanding to (122.5, 56.5)
2023-09-19 13:43:47.527 | 06:31   39ms  375M  799G 104/108U [Expand] Expanding to (122.5, 56.5)
2023-09-19 13:43:47.636 | 06:31   37ms  390M  799G 104/108U [Expand] Expanding to (122.5, 56.5)
2023-09-19 13:43:47.858 | 06:32   36ms  430M  815G 103/108U [Expand] Expanding to (122.5, 56.5)
2023-09-19 13:43:47.965 | 06:33   37ms  440M  815G 103/108U [Expand] Expanding to (122.5, 56.5)
2023-09-19 13:43:48.072 | 06:33   34ms  465M  823G 103/108U [Expand] Expanding to (122.5, 56.5)
2023-09-19 13:43:48.293 | 06:34   35ms  490M  831G 103/108U [Expand] Expanding to (122.5, 56.5)
2023-09-19 13:43:48.400 | 06:35   37ms  515M  831G 103/108U [Expand] Expanding to (122.5, 56.5)
2023-09-19 13:43:48.504 | 06:35   34ms  525M  843G 103/108U [Expand] Expanding to (122.5, 56.5)
2023-09-19 13:43:48.807 | 06:36   38ms  575M  855G 103/108U [Expand] Expanding to (122.5, 56.5)
2023-09-19 13:43:48.927 | 06:37   35ms  600M  863G 103/108U [Expand] Expanding to (122.5, 56.5)
2023-09-19 13:43:49.034 | 06:37   52ms  610M  863G 103/108U [Expand] Expanding to (122.5, 56.5)
2023-09-19 13:43:49.036 | 06:37   52ms  260M  863G 103/108U [ActUnit] ZERGLING from LARVA at (170.5, 64.6)
2023-09-19 13:43:49.151 | 06:38   41ms  575M  871G 104/108U [Expand] Expanding to (122.5, 56.5)
2023-09-19 13:43:49.408 | 06:39   84ms  315M  879G 103/108U [Expand] Expanding to (122.5, 56.5)
2023-09-19 13:43:49.532 | 06:39   41ms  630M  887G 103/108U [Expand] Expanding to (122.5, 56.5)
2023-09-19 13:43:49.534 | 06:39   41ms  330M  887G 103/108U [Inject] injecting hatch (148.5, 59.5)
2023-09-19 13:43:49.636 | 06:40   57ms  635M  895G 103/108U [Expand] Expanding to (122.5, 56.5)
2023-09-19 13:43:49.744 | 06:40   40ms  645M  895G 103/108U [Expand] Expanding to (122.5, 56.5)
2023-09-19 13:43:49.746 | 06:40   40ms  295M  895G 103/108U [ActUnit] ZERGLING from LARVA at (148.3, 56.5)
2023-09-19 13:43:49.889 | 06:40   45ms  520M  895G 104/108U [ActUnit] OVERLORD from LARVA at (149.3, 56.9)
2023-09-19 13:43:49.896 | 06:40   45ms  520M  895G 104/108U [Expand] Expanding to (122.5, 56.5)
2023-09-19 13:43:49.899 | 06:40   45ms  170M  895G 104/108U [ActUnit] ZERGLING from LARVA at (148.3, 56.5)
2023-09-19 13:43:50.261 | 06:42   44ms  410M  911G 105/108U [ActUnit] OVERLORD from LARVA at (148.5, 56.5)
2023-09-19 13:43:50.269 | 06:42   44ms  410M  911G 105/108U [Expand] Expanding to (122.5, 56.5)
2023-09-19 13:43:50.379 | 06:42   44ms  435M  919G 104/108U [Expand] Expanding to (122.5, 56.5)
2023-09-19 13:43:50.530 | 06:43   46ms  460M  927G 104/108U [Expand] Expanding to (122.5, 56.5)
2023-09-19 13:43:50.683 | 06:43   89ms  480M  927G 104/108U [Expand] Expanding to (122.5, 56.5)
2023-09-19 13:43:51.106 | 06:44   97ms  510M  943G 104/108U [Expand] Expanding to (122.5, 56.5)
2023-09-19 13:43:51.261 | 06:45   89ms  535M  943G 104/108U [Expand] Expanding to (122.5, 56.5)
2023-09-19 13:43:51.413 | 06:45   90ms  545M  955G 104/108U [Expand] Expanding to (122.5, 56.5)
2023-09-19 13:43:51.562 | 06:46   89ms  560M  959G 104/108U [Expand] Expanding to (122.5, 56.5)
2023-09-19 13:43:51.987 | 06:47   86ms  605M  975G 104/108U [Expand] Expanding to (122.5, 56.5)
2023-09-19 13:43:52.145 | 06:48   50ms  615M  975G 104/108U [Expand] Expanding to (122.5, 56.5)
2023-09-19 13:43:52.301 | 06:48   92ms  630M  983G 104/116U [Expand] Expanding to (122.5, 56.5)
2023-09-19 13:43:52.303 | 06:48   92ms  280M  983G 104/116U [ActUnit] ZERGLING from LARVA at (171.4, 64.7)
2023-09-19 13:43:52.458 | 06:48   88ms  595M  991G 105/116U [Expand] Expanding to (122.5, 56.5)
2023-09-19 13:43:52.610 | 06:49   87ms  320M  991G 105/116U [Expand] Expanding to (122.5, 56.5)
2023-09-19 13:43:52.756 | 06:49   88ms  335M  991G 105/116U [Expand] Expanding to (122.5, 56.5)
2023-09-19 13:43:52.868 | 06:50   90ms  645M 1007G 105/116U [Expand] Expanding to (122.5, 56.5)
2023-09-19 13:43:52.871 | 06:50   90ms  270M  982G 105/116U [ActUnit] ROACH from LARVA at (169.6, 64.5)
2023-09-19 13:43:52.968 | 06:50   50ms  575M  982G 107/116U [Expand] Expanding to (122.5, 56.5)
2023-09-19 13:43:52.971 | 06:50   50ms  200M  957G 107/116U [ActUnit] ROACH from LARVA at (169.6, 64.5)
2023-09-19 13:43:53.071 | 06:51   40ms  525M  957G 109/116U [Expand] Expanding to (122.5, 56.5)
2023-09-19 13:43:53.074 | 06:51   40ms  150M  932G 109/116U [ActUnit] ROACH from LARVA at (169.6, 64.5)
2023-09-19 13:43:53.075 | 06:51   40ms  150M  932G 109/116U [Inject] injecting hatch (170.5, 67.5)
2023-09-19 13:43:53.174 | 06:51   41ms  470M  940G 111/116U [Expand] Expanding to (122.5, 56.5)
2023-09-19 13:43:53.514 | 06:52   48ms  510M  956G 111/116U [Expand] Expanding to (122.5, 56.5)
2023-09-19 13:43:53.517 | 06:52   48ms  135M  931G 111/116U [ActUnit] ROACH from LARVA at (148.4, 56.6)
2023-09-19 13:43:53.610 | 06:53   68ms  450M  939G 113/116U [Expand] Expanding to (122.5, 56.5)
2023-09-19 13:43:53.705 | 06:53   39ms  470M  939G 113/116U [Expand] Expanding to (122.5, 56.5)
2023-09-19 13:43:53.914 | 06:54   41ms  485M  955G 113/116U [Expand] Expanding to (122.5, 56.5)
2023-09-19 13:43:54.379 | INFO     | sc2.protocol:_execute:72 - Client status changed to Status.ended (was Status.in_game)
2023-09-19 13:43:54.384 | Result: Victory
2023-09-19 13:43:54.385 | Duration: 06:54
2023-09-19 13:43:54.385 | Step time min: 6
2023-09-19 13:43:54.386 | Step time avg: 24
2023-09-19 13:43:54.386 | Step time max: 115
2023-09-19 13:43:54.387 | [LostUnitsContents] My lost units minerals and gas: (350, 0)
2023-09-19 13:43:54.388 | [LostUnitsContents] My lost units minerals by score: 350.0
2023-09-19 13:43:54.388 | [LostUnitsContents] Enemy lost units minerals and gas: (3025, 0)
2023-09-19 13:43:54.389 | [LostUnitsContents] Enemy lost units minerals by score: 3425.0
2023-09-19 13:43:54.390 | [GameAnalyzerEnd] Own units:
2023-09-19 13:43:54.390 | [GameAnalyzerEnd] DRONE             total:  61 alive:  61 dead:   0 
2023-09-19 13:43:54.391 | [GameAnalyzerEnd] ZERGLING          total:  22 alive:   8 dead:  14 
2023-09-19 13:43:54.392 | [GameAnalyzerEnd] OVERLORD          total:  12 alive:  12 dead:   0 
2023-09-19 13:43:54.392 | [GameAnalyzerEnd] ROACH             total:  11 alive:  11 dead:   0 
2023-09-19 13:43:54.393 | [GameAnalyzerEnd] EGG               total:  10 alive:  10 dead:   0 
2023-09-19 13:43:54.394 | [GameAnalyzerEnd] QUEEN             total:   4 alive:   4 dead:   0 
2023-09-19 13:43:54.394 | [GameAnalyzerEnd] EXTRACTOR         total:   4 alive:   4 dead:   0 
2023-09-19 13:43:54.395 | [GameAnalyzerEnd] SPAWNINGPOOL      total:   1 alive:   1 dead:   0 
2023-09-19 13:43:54.396 | [GameAnalyzerEnd] CREEPTUMORQUEEN   total:   1 alive:   1 dead:   0 
2023-09-19 13:43:54.396 | [GameAnalyzerEnd] LAIR              total:   1 alive:   1 dead:   0 
2023-09-19 13:43:54.397 | [GameAnalyzerEnd] HATCHERY          total:   1 alive:   1 dead:   0 
2023-09-19 13:43:54.397 | [GameAnalyzerEnd] SPIRE             total:   1 alive:   1 dead:   0 
2023-09-19 13:43:54.398 | [GameAnalyzerEnd] ROACHWARREN       total:   1 alive:   1 dead:   0 
2023-09-19 13:43:54.399 | [GameAnalyzerEnd] SPINECRAWLER      total:   1 alive:   1 dead:   0 
2023-09-19 13:43:54.399 | [GameAnalyzerEnd] OVERSEER          total:   1 alive:   1 dead:   0 
2023-09-19 13:43:54.400 | [GameAnalyzerEnd] Enemy units:
2023-09-19 13:43:54.400 | [GameAnalyzerEnd] SCV               total:  31 alive:   0 dead:  31 
2023-09-19 13:43:54.401 | [GameAnalyzerEnd] MARINE            total:  17 alive:   0 dead:  17 
2023-09-19 13:43:54.402 | [GameAnalyzerEnd] SUPPLYDEPOT       total:   2 alive:   1 dead:   1 
2023-09-19 13:43:54.403 | [GameAnalyzerEnd] BARRACKS          total:   2 alive:   0 dead:   2 
2023-09-19 13:43:54.403 | [GameAnalyzerEnd] ORBITALCOMMAND    total:   1 alive:   0 dead:   1 
2023-09-19 13:43:54.404 | [GameAnalyzerEnd] REFINERY          total:   1 alive:   0 dead:   1 
2023-09-19 13:43:54.405 | [GameAnalyzerEnd] Minerals max 645 Average 156
2023-09-19 13:43:54.405 | [GameAnalyzerEnd] Vespene max 991 Average 254
2023-09-19 13:43:54.406 | INFO     | sc2.main:_play_game:228 - Result for player 2 - Bot LadderBot(Zerg): Victory
