2023-09-19 11:43:23.805 | INFO     | sc2.protocol:_execute:72 - Client status changed to Status.in_game (was None)
2023-09-19 11:43:23.806 | INFO     | sc2.main:_play_game:221 - Player 2 - Bot LadderBot(Zerg)
2023-09-19 11:43:24.084 | 00:00    0ms    0M    0G  12/ 14U [Version] 4.10.0.75689
2023-09-19 11:43:24.085 | 00:00    0ms    0M    0G  12/ 14U [Version] 5.0.6 Balance mod recognized.
2023-09-19 11:43:24.164 | 00:00    0ms    0M    0G  12/ 14U [ZoneManager] Map set to: MapName.Unknown from name: GoldenauraAIE and hash: 3690400.
2023-09-19 11:43:24.957 | [DataManager] No BuildDetector found, enemy build data cannot be saved
2023-09-19 11:43:24.981 | [Start] My race: Zerg
2023-09-19 11:43:24.982 | [Start] Opponent race: Terran
2023-09-19 11:43:24.983 | [Start] OpponentId: 1
2023-09-19 11:43:25.034 | 00:00    0ms    0M    0G  12/ 14U [ActUnit] DRONE from LARVA at (169.6, 64.8)
2023-09-19 11:43:26.086 | 00:07    6ms    0M    0G  13/ 14U [ActUnit] DRONE from LARVA at (171.5, 64.7)
2023-09-19 11:43:26.973 | 00:16    8ms   20M    0G  14/ 14U [ActUnit] OVERLORD from LARVA at (169.5, 64.9)
2023-09-19 11:43:28.757 | 00:34    6ms  200M    0G  14/ 22U [ActUnit] DRONE from LARVA at (170.2, 64.7)
2023-09-19 11:43:28.802 | 00:35    9ms  155M    0G  15/ 22U [ActUnit] DRONE from LARVA at (170.2, 64.3)
2023-09-19 11:43:29.930 | 00:46    7ms  305M    0G  16/ 22U [Expand] Expanding to (148.5, 59.5)
2023-09-19 11:43:30.344 | 00:50    9ms    5M    0G  16/ 22U [ActUnit] DRONE from LARVA at (170.6, 64.9)
2023-09-19 11:43:30.716 | 00:54    9ms    0M    0G  17/ 22U [ActUnit] DRONE from LARVA at (171.0, 64.7)
2023-09-19 11:43:30.767 | 00:54    9ms    0M    0G  17/ 22U [GameAnalyzer] Income advantage is now SmallAdvantage
2023-09-19 11:43:30.906 | 00:55   10ms    0M    0G  17/ 22U [BuildGas] Building EXTRACTOR to (177.5, 70.5)
2023-09-19 11:43:33.537 | 01:10   48ms  200M    0G  16/ 22U [ActBuilding] 1. SPAWNINGPOOL near (164.7, 74.3)
2023-09-19 11:43:34.018 | 01:14    9ms    0M    0G  16/ 22U [ActUnit] DRONE from LARVA at (170.8, 64.8)
2023-09-19 11:43:34.437 | 01:18    9ms    0M    0G  16/ 22U [ActUnit] DRONE from LARVA at (170.3, 64.4)
2023-09-19 11:43:34.924 | 01:22    8ms    0M    0G  17/ 22U [ActUnit] DRONE from LARVA at (170.6, 64.8)
2023-09-19 11:43:35.759 | 01:28    9ms   20M   16G  18/ 22U [ActUnit] DRONE from LARVA at (170.4, 64.8)
2023-09-19 11:43:37.115 | 01:39    9ms   55M   44G  19/ 22U [ActUnit] OVERLORD from LARVA at (170.3, 64.8)
2023-09-19 11:43:38.566 | 01:50    9ms  155M   72G  19/ 22U [ActUnit] DRONE from LARVA at (170.3, 64.8)
2023-09-19 11:43:40.255 | 02:01    9ms  160M  104G  20/ 30U [ActUnit] QUEEN from HATCHERY at (170.5, 67.5)
2023-09-19 11:43:40.256 | 02:01    9ms  160M  104G  20/ 30U [Tech] Started ZERGLINGMOVEMENTSPEED
2023-09-19 11:43:40.259 | 02:01    9ms   10M    4G  20/ 30U [ActUnit] ZERGLING from LARVA at (170.8, 64.7)
2023-09-19 11:43:40.931 | 02:05    9ms   30M   16G  23/ 36U [ActUnit] ZERGLING from LARVA at (148.5, 56.6)
2023-09-19 11:43:41.831 | 02:11   10ms   70M   32G  24/ 36U [ActUnit] DRONE from LARVA at (170.5, 64.8)
2023-09-19 11:43:42.587 | 02:16    9ms   95M   44G  25/ 36U [ActUnit] DRONE from LARVA at (148.5, 56.6)
2023-09-19 11:43:42.964 | 02:18   11ms  130M   52G  26/ 36U [GameAnalyzer] Known army advantage is now SlightAdvantage
2023-09-19 11:43:42.965 | 02:18   11ms  130M   52G  26/ 36U [GameAnalyzer] Predicted army advantage is now SlightAdvantage
2023-09-19 11:43:43.303 | 02:20   13ms    5M   56G  26/ 36U [ActUnit] QUEEN from HATCHERY at (148.5, 59.5)
2023-09-19 11:43:44.207 | 02:25   10ms  100M   72G  28/ 36U [DefensiveBuilding] Building SPINECRAWLER to (145.24604313272016, 63.29628301182648)
2023-09-19 11:43:46.128 | 02:37   10ms   25M    0G  27/ 36U [Inject] injecting hatch (148.5, 59.5)
2023-09-19 11:43:46.356 | 02:38   10ms    0M    4G  27/ 36U [ActUnit] DRONE from LARVA at (170.6, 64.1)
2023-09-19 11:43:47.643 | 02:42   12ms    0M   12G  28/ 36U [ActUnit] DRONE from LARVA at (149.0, 56.6)
2023-09-19 11:43:48.176 | 02:45   10ms    0M   24G  29/ 36U [ActUnit] DRONE from LARVA at (170.3, 64.2)
2023-09-19 11:43:48.627 | 02:47   10ms   15M   28G  30/ 36U [ActUnit] DRONE from LARVA at (148.2, 56.8)
2023-09-19 11:43:49.098 | 02:50   11ms    5M   36G  31/ 36U [ActUnit] ZERGLING from LARVA at (170.9, 64.0)
2023-09-19 11:43:49.580 | 02:53   10ms    5M   44G  32/ 36U [ActUnit] ZERGLING from LARVA at (148.6, 56.9)
2023-09-19 11:43:50.131 | 02:56   11ms    0M   52G  33/ 36U [ActUnit] ZERGLING from LARVA at (171.0, 64.8)
2023-09-19 11:43:50.191 | 02:56   12ms   15M   52G  34/ 36U [GameAnalyzer] Known army advantage is now SmallAdvantage
2023-09-19 11:43:50.193 | 02:56   12ms   15M   52G  34/ 36U [GameAnalyzer] Predicted army advantage is now SmallAdvantage
2023-09-19 11:43:50.344 | 02:57   11ms   35M   56G  34/ 36U [GameAnalyzer] Income advantage is now ClearAdvantage
2023-09-19 11:43:50.654 | 02:59   11ms   10M   60G  34/ 36U [ActUnit] ZERGLING from LARVA at (148.5, 56.6)
2023-09-19 11:43:51.651 | 03:05   12ms   25M   76G  35/ 36U [ActUnit] OVERLORD from LARVA at (170.3, 64.5)
2023-09-19 11:43:52.323 | 03:09   13ms  100M   88G  35/ 36U [Inject] injecting hatch (170.5, 67.5)
2023-09-19 11:43:52.474 | 03:10   12ms   75M   92G  35/ 36U [ActUnit] DRONE from LARVA at (148.5, 56.6)
2023-09-19 11:43:53.268 | 03:14   14ms  175M  104G  36/ 36U [ActBuilding] 1. ROACHWARREN near (162.5, 63.4)
2023-09-19 11:43:53.435 | 03:15   13ms   35M  104G  36/ 36U [Inject] injecting hatch (148.5, 59.5)
2023-09-19 11:43:53.702 | 03:16   14ms   65M  108G  36/ 36U [GameAnalyzer] Known army advantage is now ClearAdvantage
2023-09-19 11:43:53.703 | 03:16   14ms   65M  108G  36/ 36U [GameAnalyzer] Predicted army advantage is now ClearAdvantage
2023-09-19 11:43:53.777 | 03:17   15ms   15M  108G  35/ 36U [ActUnit] DRONE from LARVA at (147.9, 56.7)
2023-09-19 11:43:54.917 | 03:23   12ms   85M  128G  36/ 44U [ActUnit] DRONE from LARVA at (169.9, 64.8)
2023-09-19 11:43:55.016 | 03:24   14ms   45M  128G  37/ 44U [ActUnit] DRONE from LARVA at (147.9, 56.3)
2023-09-19 11:43:55.081 | 03:24   12ms    5M  128G  38/ 44U [ActUnit] DRONE from LARVA at (149.0, 56.7)
2023-09-19 11:43:55.399 | 03:26   12ms    0M  132G  39/ 44U [ActUnit] DRONE from LARVA at (147.4, 56.1)
2023-09-19 11:43:55.971 | 03:29   14ms   15M  144G  40/ 44U [ActUnit] ZERGLING from LARVA at (170.1, 64.2)
2023-09-19 11:43:57.015 | 03:35   13ms   35M  156G  41/ 44U [ActUnit] OVERLORD from LARVA at (148.3, 56.7)
2023-09-19 11:43:57.458 | 03:37   15ms   30M  164G  41/ 44U [ActUnit] ZERGLING from LARVA at (170.7, 64.6)
2023-09-19 11:43:59.729 | 03:44   15ms  185M  184G  42/ 44U [Inject] injecting hatch (148.5, 59.5)
2023-09-19 11:43:59.914 | 03:45   17ms  215M  184G  42/ 44U [Inject] injecting hatch (170.5, 67.5)
2023-09-19 11:43:59.990 | 03:45   14ms  120M  188G  42/ 44U [ActUnit] OVERLORD from LARVA at (148.6, 56.5)
2023-09-19 11:44:01.351 | 03:50   76ms  235M  200G  42/ 44U [GameAnalyzer] Known army advantage is now SmallAdvantage
2023-09-19 11:44:01.352 | 03:50   76ms  235M  200G  42/ 44U [GameAnalyzer] Predicted army advantage is now SmallAdvantage
2023-09-19 11:44:01.684 | 03:51   75ms  215M  200G  42/ 44U [ActUnit] ZERGLING from LARVA at (149.2, 56.9)
2023-09-19 11:44:02.808 | 03:54   84ms  240M  212G  42/ 52U [ActUnit] ZERGLING from LARVA at (149.9, 57.1)
2023-09-19 11:44:03.654 | 03:56   73ms  225M  191G  43/ 52U [ActUnit] ROACH from LARVA at (147.9, 56.5)
2023-09-19 11:44:03.802 | 03:57   89ms  165M  166G  45/ 52U [ActUnit] ROACH from LARVA at (171.2, 64.9)
2023-09-19 11:44:03.976 | 03:57   73ms  110M  145G  47/ 52U [ActUnit] ROACH from LARVA at (171.2, 64.9)
2023-09-19 11:44:04.117 | 03:57  100ms   10M  145G  49/ 52U [ActUnit] OVERLORD from LARVA at (171.2, 64.9)
2023-09-19 11:44:04.694 | 04:00   16ms   40M  149G  49/ 52U [BuildGas] Building EXTRACTOR to (145.5, 52.5)
2023-09-19 11:44:04.886 | 04:01   17ms   55M  153G  49/ 52U [GameAnalyzer] Known army advantage is now ClearAdvantage
2023-09-19 11:44:04.887 | 04:01   17ms   55M  153G  49/ 52U [GameAnalyzer] Predicted army advantage is now ClearAdvantage
2023-09-19 11:44:05.022 | 04:01   21ms    0M  128G  49/ 52U [ActUnit] ROACH from LARVA at (170.3, 64.8)
2023-09-19 11:44:05.218 | 04:02   15ms    5M  132G  50/ 52U [BuildGas] Building EXTRACTOR to (167.5, 60.5)
2023-09-19 11:44:05.661 | 04:04   14ms    5M  136G  49/ 60U [ActUnit] DRONE from LARVA at (148.2, 56.0)
2023-09-19 11:44:06.873 | 04:10   14ms   85M  152G  50/ 60U [ActUnit] DRONE from LARVA at (170.5, 64.6)
2023-09-19 11:44:07.554 | 04:13   16ms  105M  160G  51/ 60U [ActUnit] DRONE from LARVA at (148.7, 56.8)
2023-09-19 11:44:07.633 | 04:13   15ms  110M  164G  52/ 60U [Inject] injecting hatch (148.5, 59.5)
2023-09-19 11:44:07.942 | 04:14   15ms   90M  164G  52/ 60U [ActUnit] DRONE from LARVA at (149.6, 56.8)
2023-09-19 11:44:08.030 | 04:15   15ms   55M  168G  53/ 60U [ActUnit] DRONE from LARVA at (147.6, 56.5)
2023-09-19 11:44:08.142 | 04:15   19ms   15M  168G  54/ 60U [ActUnit] DRONE from LARVA at (170.7, 64.6)
2023-09-19 11:44:08.551 | 04:17   18ms    0M  172G  55/ 68U [ActUnit] DRONE from LARVA at (147.9, 56.7)
2023-09-19 11:44:09.041 | 04:19   16ms    5M  180G  56/ 68U [ActUnit] DRONE from LARVA at (171.2, 64.8)
2023-09-19 11:44:09.347 | 04:21   17ms   45M  184G  57/ 68U [GameAnalyzer] Known army advantage is now OverwhelmingAdvantage
2023-09-19 11:44:09.348 | 04:21   17ms   45M  184G  57/ 68U [GameAnalyzer] Predicted army advantage is now OverwhelmingAdvantage
2023-09-19 11:44:09.437 | 04:21   18ms    0M  184G  57/ 68U [ActUnit] DRONE from LARVA at (171.4, 64.8)
2023-09-19 11:44:09.831 | 04:23   16ms    0M  188G  58/ 68U [ActUnit] DRONE from LARVA at (170.3, 64.9)
2023-09-19 11:44:10.626 | 04:26   18ms   25M  200G  59/ 68U [ActUnit] DRONE from LARVA at (148.5, 56.9)
2023-09-19 11:44:11.774 | 04:31   20ms  130M  224G  60/ 68U [Inject] injecting hatch (170.5, 67.5)
2023-09-19 11:44:14.182 | 04:39   20ms  305M  272G  60/ 68U [Expand] Expanding to (122.5, 56.5)
2023-09-19 11:44:14.266 | 04:39   17ms  310M  272G  60/ 68U [Expand] Expanding to (122.5, 56.5)
2023-09-19 11:44:14.376 | 04:39   22ms  320M  276G  60/ 68U [Expand] Expanding to (122.5, 56.5)
2023-09-19 11:44:14.462 | 04:40   18ms  325M  284G  60/ 68U [Expand] Expanding to (122.5, 56.5)
2023-09-19 11:44:14.567 | 04:40   23ms  340M  284G  60/ 68U [Expand] Expanding to (122.5, 56.5)
2023-09-19 11:44:14.652 | 04:41   18ms  360M  284G  60/ 68U [Expand] Expanding to (122.5, 56.5)
2023-09-19 11:44:14.655 | 04:41   18ms   10M  284G  60/ 68U [ActUnit] DRONE from LARVA at (148.0, 56.3)
2023-09-19 11:44:14.768 | 04:41   23ms  320M  292G  61/ 68U [Expand] Expanding to (122.5, 56.5)
2023-09-19 11:44:14.859 | 04:42   18ms  340M  296G  61/ 68U [Expand] Expanding to (122.5, 56.5)
2023-09-19 11:44:14.966 | 04:42   23ms  345M  296G  61/ 68U [Expand] Expanding to (122.5, 56.5)
2023-09-19 11:44:15.121 | 04:43   18ms  350M  308G  61/ 68U [Expand] Expanding to (122.5, 56.5)
2023-09-19 11:44:15.123 | 04:43   18ms    0M  308G  61/ 68U [ActUnit] DRONE from LARVA at (170.4, 64.1)
2023-09-19 11:44:15.205 | 04:43   90ms  315M  308G  62/ 68U [Expand] Expanding to (122.5, 56.5)
2023-09-19 11:44:15.293 | 04:43   18ms  340M  308G  62/ 68U [Expand] Expanding to (122.5, 56.5)
2023-09-19 11:44:15.296 | 04:43   18ms   40M  308G  62/ 68U [Inject] injecting hatch (148.5, 59.5)
2023-09-19 11:44:15.406 | 04:44   25ms  350M  312G  62/ 68U [Expand] Expanding to (122.5, 56.5)
2023-09-19 11:44:15.408 | 04:44   25ms    0M  312G  62/ 68U [ActUnit] DRONE from LARVA at (170.0, 64.8)
2023-09-19 11:44:15.489 | 04:44   18ms  310M  320G  63/ 68U [Expand] Expanding to (122.5, 56.5)
2023-09-19 11:44:15.594 | 04:45   22ms  320M  320G  63/ 68U [Expand] Expanding to (122.5, 56.5)
2023-09-19 11:44:15.674 | 04:45   18ms  325M  320G  63/ 68U [Expand] Expanding to (122.5, 56.5)
2023-09-19 11:44:15.784 | 04:46   20ms  345M  332G  63/ 68U [Expand] Expanding to (122.5, 56.5)
2023-09-19 11:44:15.869 | 04:46   19ms  355M  332G  63/ 68U [Expand] Expanding to (122.5, 56.5)
2023-09-19 11:44:15.872 | 04:46   19ms    5M  332G  63/ 68U [ActUnit] DRONE from LARVA at (148.5, 56.5)
2023-09-19 11:44:15.988 | 04:47   26ms  225M  332G  64/ 68U [ActUnit] OVERLORD from LARVA at (149.9, 56.3)
2023-09-19 11:44:16.071 | 04:47   19ms  130M  344G  64/ 68U [ActUnit] OVERLORD from LARVA at (147.6, 56.5)
2023-09-19 11:44:16.396 | 04:48   19ms   70M  352G  64/ 68U [ActUnit] OVERLORD from LARVA at (148.6, 56.4)
2023-09-19 11:44:18.352 | 04:56   21ms  300M  416G  64/ 68U [Expand] Expanding to (122.5, 56.5)
2023-09-19 11:44:18.453 | 04:57   20ms  300M  416G  64/ 68U [Expand] Expanding to (122.5, 56.5)
2023-09-19 11:44:18.576 | 04:57   25ms  325M  428G  64/ 68U [Expand] Expanding to (122.5, 56.5)
2023-09-19 11:44:18.669 | 04:58   20ms  330M  428G  64/ 68U [Expand] Expanding to (122.5, 56.5)
2023-09-19 11:44:18.795 | 04:58   23ms  345M  428G  64/ 68U [Expand] Expanding to (122.5, 56.5)
2023-09-19 11:44:18.886 | 04:59   19ms  365M  432G  64/ 68U [Expand] Expanding to (122.5, 56.5)
2023-09-19 11:44:18.888 | 04:59   19ms   15M  432G  64/ 68U [ActUnit] DRONE from LARVA at (170.5, 64.9)
2023-09-19 11:44:19.009 | 04:59   28ms  315M  440G  65/ 68U [Expand] Expanding to (122.5, 56.5)
2023-09-19 11:44:19.105 | 05:00   21ms  330M  440G  65/ 68U [Expand] Expanding to (122.5, 56.5)
2023-09-19 11:44:19.215 | 05:00   26ms  350M  444G  65/ 68U [Expand] Expanding to (122.5, 56.5)
2023-09-19 11:44:19.217 | 05:00   26ms    0M  444G  65/ 68U [ActUnit] DRONE from LARVA at (148.4, 56.7)
2023-09-19 11:44:19.307 | 05:00   20ms  330M  452G  66/ 68U [Expand] Expanding to (122.5, 56.5)
2023-09-19 11:44:19.415 | 05:01   26ms  330M  452G  66/ 68U [Expand] Expanding to (122.5, 56.5)
2023-09-19 11:44:19.504 | 05:01   20ms  335M  452G  66/ 68U [Expand] Expanding to (122.5, 56.5)
2023-09-19 11:44:19.613 | 05:02   25ms  340M  464G  66/ 68U [Expand] Expanding to (122.5, 56.5)
2023-09-19 11:44:19.708 | 05:02   21ms  355M  464G  66/ 68U [Expand] Expanding to (122.5, 56.5)
2023-09-19 11:44:19.835 | 05:03   29ms  380M  464G  66/ 68U [Expand] Expanding to (122.5, 56.5)
2023-09-19 11:44:19.926 | 05:03   21ms  390M  468G  66/ 68U [Expand] Expanding to (122.5, 56.5)
2023-09-19 11:44:20.034 | 05:04   25ms  400M  476G  66/ 68U [Expand] Expanding to (122.5, 56.5)
2023-09-19 11:44:20.127 | 05:04   20ms  425M  476G  66/ 68U [Expand] Expanding to (122.5, 56.5)
2023-09-19 11:44:20.242 | 05:04   25ms  425M  480G  66/ 68U [Expand] Expanding to (122.5, 56.5)
2023-09-19 11:44:20.244 | 05:04   25ms   50M  455G  66/ 68U [ActUnit] ROACH from LARVA at (170.6, 64.6)
2023-09-19 11:44:20.336 | 05:05   21ms  365M  463G  68/ 76U [Expand] Expanding to (122.5, 56.5)
2023-09-19 11:44:20.449 | 05:05   26ms  385M  463G  68/ 84U [Expand] Expanding to (122.5, 56.5)
2023-09-19 11:44:20.536 | 05:06   19ms  390M  463G  68/ 84U [Expand] Expanding to (122.5, 56.5)
2023-09-19 11:44:20.665 | 05:06   21ms  410M  475G  68/ 84U [Expand] Expanding to (122.5, 56.5)
2023-09-19 11:44:20.757 | 05:07   19ms  420M  475G  68/ 92U [Expand] Expanding to (122.5, 56.5)
2023-09-19 11:44:20.869 | 05:07   20ms  420M  475G  68/ 92U [Expand] Expanding to (122.5, 56.5)
2023-09-19 11:44:20.959 | 05:08   20ms  435M  483G  68/ 92U [Expand] Expanding to (122.5, 56.5)
2023-09-19 11:44:21.071 | 05:08   21ms  455M  487G  68/ 92U [Expand] Expanding to (122.5, 56.5)
2023-09-19 11:44:21.074 | 05:08   21ms  155M  487G  68/ 92U [Inject] injecting hatch (170.5, 67.5)
2023-09-19 11:44:21.172 | 05:08   20ms  470M  487G  68/ 92U [Expand] Expanding to (122.5, 56.5)
2023-09-19 11:44:21.288 | 05:09   25ms  485M  491G  68/ 92U [Expand] Expanding to (122.5, 56.5)
2023-09-19 11:44:21.377 | 05:09   19ms  490M  499G  68/ 92U [Expand] Expanding to (122.5, 56.5)
2023-09-19 11:44:21.380 | 05:09   19ms  115M  474G  68/ 92U [ActUnit] ROACH from LARVA at (171.4, 64.7)
2023-09-19 11:44:21.493 | 05:10   22ms  430M  474G  70/ 92U [Expand] Expanding to (122.5, 56.5)
2023-09-19 11:44:21.495 | 05:10   22ms   55M  449G  70/ 92U [ActUnit] ROACH from LARVA at (171.6, 64.6)
2023-09-19 11:44:21.584 | 05:10   20ms  365M  449G  72/ 92U [Expand] Expanding to (122.5, 56.5)
2023-09-19 11:44:21.695 | 05:11   26ms  385M  461G  72/ 92U [Expand] Expanding to (122.5, 56.5)
2023-09-19 11:44:21.697 | 05:11   26ms   10M  436G  72/ 92U [ActUnit] ROACH from LARVA at (169.5, 64.5)
2023-09-19 11:44:21.793 | 05:11   21ms  330M  436G  74/ 92U [Expand] Expanding to (122.5, 56.5)
2023-09-19 11:44:21.901 | 05:12   24ms  345M  436G  74/ 92U [Expand] Expanding to (122.5, 56.5)
2023-09-19 11:44:21.994 | 05:12   20ms  350M  448G  74/ 92U [Expand] Expanding to (122.5, 56.5)
2023-09-19 11:44:22.112 | 05:12   25ms  365M  448G  74/ 92U [Expand] Expanding to (122.5, 56.5)
2023-09-19 11:44:22.197 | 05:13   20ms  380M  448G  74/ 92U [GameAnalyzer] Income advantage is now OverwhelmingAdvantage
2023-09-19 11:44:22.203 | 05:13   20ms  380M  448G  74/ 92U [Expand] Expanding to (122.5, 56.5)
2023-09-19 11:44:22.205 | 05:13   20ms    5M  423G  74/ 92U [ActUnit] ROACH from LARVA at (148.6, 56.3)
2023-09-19 11:44:22.312 | 05:13   25ms  325M  427G  76/ 92U [Expand] Expanding to (122.5, 56.5)
2023-09-19 11:44:22.405 | 05:14   19ms  335M  435G  76/ 92U [Expand] Expanding to (122.5, 56.5)
2023-09-19 11:44:22.515 | 05:14   21ms  345M  435G  76/ 92U [Expand] Expanding to (122.5, 56.5)
2023-09-19 11:44:22.606 | 05:15   20ms  370M  435G  76/ 92U [Expand] Expanding to (122.5, 56.5)
2023-09-19 11:44:22.726 | 05:15   22ms  370M  447G  76/ 92U [Expand] Expanding to (122.5, 56.5)
2023-09-19 11:44:22.812 | 05:16   20ms  375M  447G  76/ 92U [Expand] Expanding to (122.5, 56.5)
2023-09-19 11:44:22.921 | 05:16   24ms  400M  447G  76/ 92U [Expand] Expanding to (122.5, 56.5)
2023-09-19 11:44:22.924 | 05:16   24ms   25M  422G  76/ 92U [ActUnit] ROACH from LARVA at (170.5, 64.6)
2023-09-19 11:44:23.010 | 05:16   22ms  340M  434G  78/ 92U [Expand] Expanding to (122.5, 56.5)
2023-09-19 11:44:23.129 | 05:17   26ms  360M  434G  78/ 92U [Expand] Expanding to (122.5, 56.5)
2023-09-19 11:44:23.226 | 05:17   21ms  365M  434G  78/ 92U [Expand] Expanding to (122.5, 56.5)
2023-09-19 11:44:23.347 | 05:18   26ms  380M  442G  78/ 92U [Expand] Expanding to (122.5, 56.5)
2023-09-19 11:44:23.446 | 05:18   24ms  395M  446G  78/ 92U [Expand] Expanding to (122.5, 56.5)
2023-09-19 11:44:23.449 | 05:18   24ms   95M  446G  78/ 92U [Inject] injecting hatch (148.5, 59.5)
2023-09-19 11:44:23.558 | 05:19   27ms  405M  446G  78/ 92U [Expand] Expanding to (122.5, 56.5)
2023-09-19 11:44:23.656 | 05:19   21ms  420M  450G  78/ 92U [Expand] Expanding to (122.5, 56.5)
2023-09-19 11:44:23.659 | 05:19   21ms   70M  450G  78/ 92U [ActUnit] DRONE from LARVA at (148.3, 56.7)
2023-09-19 11:44:23.779 | 05:20   27ms  380M  458G  79/ 92U [Expand] Expanding to (122.5, 56.5)
2023-09-19 11:44:23.783 | 05:20   27ms   30M  458G  79/ 92U [ActUnit] DRONE from LARVA at (147.9, 56.7)
2023-09-19 11:44:23.880 | 05:20   27ms  340M  458G  80/ 92U [Expand] Expanding to (122.5, 56.5)
2023-09-19 11:44:24.001 | 05:20   26ms  355M  458G  80/ 92U [Expand] Expanding to (122.5, 56.5)
2023-09-19 11:44:24.003 | 05:20   26ms    5M  458G  80/ 92U [ActUnit] DRONE from LARVA at (148.0, 56.7)
2023-09-19 11:44:24.105 | 05:21   22ms  330M  470G  81/ 92U [Expand] Expanding to (122.5, 56.5)
2023-09-19 11:44:24.225 | 05:21   26ms  345M  470G  81/ 92U [Expand] Expanding to (122.5, 56.5)
2023-09-19 11:44:24.326 | 05:22   25ms  350M  470G  81/ 92U [Expand] Expanding to (122.5, 56.5)
2023-09-19 11:44:24.329 | 05:22   25ms    0M  470G  81/ 92U [ActUnit] DRONE from LARVA at (148.1, 56.6)
2023-09-19 11:44:24.456 | 05:22   26ms  320M  482G  82/ 92U [Expand] Expanding to (122.5, 56.5)
2023-09-19 11:44:24.556 | 05:23   23ms  335M  482G  82/ 92U [Expand] Expanding to (122.5, 56.5)
2023-09-19 11:44:24.675 | 05:23   25ms  350M  482G  82/ 92U [Expand] Expanding to (122.5, 56.5)
2023-09-19 11:44:24.769 | 05:24   25ms  360M  486G  82/ 92U [Expand] Expanding to (122.5, 56.5)
2023-09-19 11:44:24.890 | 05:24   25ms  370M  494G  82/ 92U [Expand] Expanding to (122.5, 56.5)
2023-09-19 11:44:24.995 | 05:25   24ms  395M  494G  82/ 92U [Expand] Expanding to (122.5, 56.5)
2023-09-19 11:44:25.116 | 05:25   27ms  400M  494G  82/ 92U [Expand] Expanding to (122.5, 56.5)
2023-09-19 11:44:25.220 | 05:25   26ms  415M  506G  82/ 92U [Expand] Expanding to (122.5, 56.5)
2023-09-19 11:44:25.343 | 05:26   27ms  420M  506G  82/ 92U [Expand] Expanding to (122.5, 56.5)
2023-09-19 11:44:25.446 | 05:26   27ms  440M  506G  82/ 92U [Expand] Expanding to (122.5, 56.5)
2023-09-19 11:44:25.574 | 05:27   27ms  465M  518G  82/ 92U [Expand] Expanding to (122.5, 56.5)
2023-09-19 11:44:25.577 | 05:27   27ms  115M  518G  82/ 92U [ActUnit] DRONE from LARVA at (170.5, 64.6)
2023-09-19 11:44:25.677 | 05:27   28ms  425M  518G  83/ 92U [Expand] Expanding to (122.5, 56.5)
2023-09-19 11:44:25.795 | 05:28   27ms  445M  518G  83/ 92U [Expand] Expanding to (122.5, 56.5)
2023-09-19 11:44:25.895 | 05:28   24ms  450M  522G  83/ 92U [Expand] Expanding to (122.5, 56.5)
2023-09-19 11:44:26.022 | 05:29   28ms  465M  530G  83/ 92U [Expand] Expanding to (122.5, 56.5)
2023-09-19 11:44:26.125 | 05:29   28ms  480M  530G  83/ 92U [Expand] Expanding to (122.5, 56.5)
2023-09-19 11:44:26.251 | 05:29   28ms  495M  534G  83/ 92U [Expand] Expanding to (122.5, 56.5)
2023-09-19 11:44:26.354 | 05:30   23ms  505M  542G  83/ 92U [Expand] Expanding to (122.5, 56.5)
2023-09-19 11:44:26.478 | 05:30   27ms  515M  542G  83/ 92U [Expand] Expanding to (122.5, 56.5)
2023-09-19 11:44:26.484 | 05:30   27ms  215M  542G  83/ 92U [PlanZoneAttack] Power 24.50 is larger than required attack power 20.00 -> attack!
2023-09-19 11:44:26.485 | 05:30   27ms  215M  542G  83/ 92U [PlanZoneAttack] Attack started at 24.50 power.
2023-09-19 11:44:26.580 | 05:31   24ms  540M  542G  83/ 92U [Expand] Expanding to (122.5, 56.5)
2023-09-19 11:44:26.702 | 05:31   28ms  545M  554G  83/ 92U [Expand] Expanding to (122.5, 56.5)
2023-09-19 11:44:26.803 | 05:32   26ms  255M  554G  83/ 92U [GameAnalyzer] Income advantage is now ClearAdvantage
2023-09-19 11:44:26.809 | 05:32   26ms  105M  554G  83/ 92U [ActUnit] QUEEN from HATCHERY at (148.5, 59.5)
2023-09-19 11:44:26.920 | 05:32   31ms  125M  554G  85/ 92U [GameAnalyzer] Income advantage is now OverwhelmingAdvantage
2023-09-19 11:44:28.436 | 05:35   28ms  220M  578G  85/ 92U [ActBuilding] 1. SPIRE near (139.7, 57.6)
2023-09-19 11:44:28.908 | 05:37   29ms   55M  390G  85/ 92U [MorphOverseer] Morphing OVERLORD at (171.5, 65.1)
2023-09-19 11:44:29.029 | 05:37   28ms   35M  348G  85/ 92U [Inject] injecting hatch (170.5, 67.5)
2023-09-19 11:44:29.172 | 05:37   32ms    5M  352G  84/ 92U [ActUnit] DRONE from LARVA at (148.3, 56.8)
2023-09-19 11:44:29.718 | 05:39   69ms  335M  364G  85/ 92U [Expand] Expanding to (122.5, 56.5)
2023-09-19 11:44:29.899 | 05:39  101ms  365M  364G  85/ 92U [Expand] Expanding to (122.5, 56.5)
2023-09-19 11:44:29.901 | 05:39  101ms   15M  364G  85/ 92U [ActUnit] DRONE from LARVA at (170.6, 64.3)
2023-09-19 11:44:30.087 | 05:40   81ms  325M  364G  86/ 92U [Expand] Expanding to (122.5, 56.5)
2023-09-19 11:44:30.232 | 05:40   99ms  340M  376G  86/ 92U [Expand] Expanding to (122.5, 56.5)
2023-09-19 11:44:30.416 | 05:41   50ms    0M  376G  86/ 92U [ActUnit] DRONE from LARVA at (171.2, 64.7)
2023-09-19 11:44:30.716 | 05:41   35ms  325M  388G  87/ 92U [Expand] Expanding to (122.5, 56.5)
2023-09-19 11:44:30.854 | 05:42   97ms  345M  388G  87/ 92U [Expand] Expanding to (122.5, 56.5)
2023-09-19 11:44:31.016 | 05:42   47ms  360M  388G  87/ 92U [GameAnalyzer] Known army advantage is now ClearAdvantage
2023-09-19 11:44:31.024 | 05:42   47ms  360M  388G  87/ 92U [GameAnalyzer] Predicted army advantage is now ClearAdvantage
2023-09-19 11:44:31.030 | 05:42   47ms  360M  388G  87/ 92U [Expand] Expanding to (122.5, 56.5)
2023-09-19 11:44:31.033 | 05:42   47ms   10M  388G  87/ 92U [ActUnit] DRONE from LARVA at (169.3, 64.9)
2023-09-19 11:44:31.146 | 05:43   98ms  225M  392G  88/ 92U [ActUnit] OVERLORD from LARVA at (148.5, 56.7)
2023-09-19 11:44:31.805 | 05:45   29ms  305M  412G  87/ 92U [Expand] Expanding to (122.5, 56.5)
2023-09-19 11:44:32.608 | 05:48   28ms   90M  436G  83/ 92U [GameAnalyzer] Known army advantage is now SmallAdvantage
2023-09-19 11:44:32.609 | 05:48   28ms   90M  436G  83/ 92U [GameAnalyzer] Predicted army advantage is now SmallAdvantage
2023-09-19 11:44:32.746 | 05:48   37ms   90M  436G  83/ 92U [Inject] injecting hatch (148.5, 59.5)
2023-09-19 11:44:32.869 | 05:49   31ms  415M  440G  82/ 92U [Expand] Expanding to (122.5, 56.5)
2023-09-19 11:44:33.009 | 05:49   35ms  435M  448G  81/ 92U [Expand] Expanding to (122.5, 56.5)
2023-09-19 11:44:33.129 | 05:50   33ms  450M  448G  81/ 92U [Expand] Expanding to (122.5, 56.5)
2023-09-19 11:44:33.132 | 05:50   33ms  100M  448G  81/ 92U [ActUnit] ZERGLING from LARVA at (149.5, 56.7)
2023-09-19 11:44:33.463 | 05:50   38ms  415M  448G  81/ 92U [Expand] Expanding to (122.5, 56.5)
2023-09-19 11:44:33.465 | 05:50   38ms   90M  448G  81/ 92U [BuildGas] Building EXTRACTOR to (155.5, 62.5)
2023-09-19 11:44:33.466 | 05:50   38ms   40M  448G  81/ 92U [ActUnit] ZERGLING from LARVA at (147.3, 56.8)
2023-09-19 11:44:33.594 | 05:50   33ms  340M  460G  82/ 92U [Expand] Expanding to (122.5, 56.5)
2023-09-19 11:44:33.734 | 05:51   48ms   20M  460G  81/ 92U [ActUnit] ZERGLING from LARVA at (170.8, 64.6)
2023-09-19 11:44:33.851 | 05:51   32ms   45M  460G  82/ 92U [GameAnalyzer] Known army advantage is now SlightAdvantage
2023-09-19 11:44:33.853 | 05:51   32ms   45M  460G  82/ 92U [GameAnalyzer] Predicted army advantage is now SlightAdvantage
2023-09-19 11:44:34.002 | 05:52   53ms    5M  468G  82/ 92U [ActUnit] ZERGLING from LARVA at (147.3, 56.5)
2023-09-19 11:44:34.121 | 05:52   37ms  310M  472G  83/ 92U [Expand] Expanding to (122.5, 56.5)
2023-09-19 11:44:34.325 | 05:53   38ms  320M  472G  83/ 92U [Expand] Expanding to (122.5, 56.5)
2023-09-19 11:44:34.507 | 05:53   94ms  345M  476G  82/ 92U [GameAnalyzer] Known army advantage is now SmallAdvantage
2023-09-19 11:44:34.512 | 05:53   94ms  345M  476G  82/ 92U [GameAnalyzer] Predicted army advantage is now SmallAdvantage
2023-09-19 11:44:34.519 | 05:53   94ms  345M  476G  82/ 92U [Expand] Expanding to (122.5, 56.5)
2023-09-19 11:44:34.681 | 05:54  108ms  360M  484G  82/ 92U [Expand] Expanding to (122.5, 56.5)
2023-09-19 11:44:35.273 | 05:55   81ms  410M  496G  82/ 92U [Expand] Expanding to (122.5, 56.5)
2023-09-19 11:44:35.274 | 05:55   81ms   60M  496G  82/ 92U [ActUnit] ZERGLING from LARVA at (148.4, 56.8)
2023-09-19 11:44:35.413 | 05:55  109ms  375M  496G  83/ 92U [Expand] Expanding to (122.5, 56.5)
2023-09-19 11:44:35.605 | 05:56   47ms  390M  496G  83/ 92U [Expand] Expanding to (122.5, 56.5)
2023-09-19 11:44:35.930 | 05:57   55ms  415M  508G  83/ 92U [Expand] Expanding to (122.5, 56.5)
2023-09-19 11:44:36.101 | 05:57  100ms  435M  508G  83/ 92U [Expand] Expanding to (122.5, 56.5)
2023-09-19 11:44:36.306 | 05:58   90ms  450M  512G  83/ 92U [Expand] Expanding to (122.5, 56.5)
2023-09-19 11:44:36.440 | 05:58  109ms   15M  520G  83/ 92U [ActUnit] QUEEN from HATCHERY at (170.5, 67.5)
2023-09-19 11:44:36.612 | 05:58   41ms  325M  520G  83/ 92U [GameAnalyzer] Known army advantage is now ClearAdvantage
2023-09-19 11:44:36.613 | 05:58   41ms  325M  520G  83/ 92U [GameAnalyzer] Predicted army advantage is now ClearAdvantage
2023-09-19 11:44:36.621 | 05:58   41ms  325M  520G  83/ 92U [Expand] Expanding to (122.5, 56.5)
2023-09-19 11:44:36.801 | 05:59  114ms  350M  520G  83/ 92U [Expand] Expanding to (122.5, 56.5)
2023-09-19 11:44:37.006 | 05:59   90ms  365M  532G  83/ 92U [Expand] Expanding to (122.5, 56.5)
2023-09-19 11:44:37.383 | 06:00   83ms  385M  532G  83/ 92U [Expand] Expanding to (122.5, 56.5)
2023-09-19 11:44:37.576 | 06:01  121ms  405M  544G  83/ 92U [Expand] Expanding to (122.5, 56.5)
2023-09-19 11:44:37.774 | 06:01   88ms  430M  544G  83/100U [Expand] Expanding to (122.5, 56.5)
2023-09-19 11:44:37.776 | 06:01   88ms   80M  544G  83/100U [ActUnit] ZERGLING from LARVA at (170.4, 64.8)
2023-09-19 11:44:38.328 | 06:02  101ms  415M  556G  84/100U [Expand] Expanding to (122.5, 56.5)
2023-09-19 11:44:38.516 | 06:03   86ms  430M  556G  84/100U [Expand] Expanding to (122.5, 56.5)
2023-09-19 11:44:38.699 | 06:03  110ms  465M  560G  84/100U [Expand] Expanding to (122.5, 56.5)
2023-09-19 11:44:38.886 | 06:04   93ms  475M  568G  84/100U [Expand] Expanding to (122.5, 56.5)
2023-09-19 11:44:39.414 | 06:05   88ms  515M  580G  84/100U [Expand] Expanding to (122.5, 56.5)
2023-09-19 11:44:39.592 | 06:06   79ms  545M  580G  84/100U [Expand] Expanding to (122.5, 56.5)
2023-09-19 11:44:39.594 | 06:06   79ms  195M  580G  84/100U [ActUnit] ZERGLING from LARVA at (148.4, 56.7)
2023-09-19 11:44:39.719 | 06:06   98ms  510M  580G  85/100U [Expand] Expanding to (122.5, 56.5)
2023-09-19 11:44:39.900 | 06:06   35ms  510M  592G  85/100U [Expand] Expanding to (122.5, 56.5)
2023-09-19 11:44:39.905 | 06:06   35ms  210M  592G  85/100U [Inject] injecting hatch (170.5, 67.5)
2023-09-19 11:44:40.035 | 06:07   99ms  180M  592G  85/100U [ActUnit] ZERGLING from LARVA at (170.5, 64.6)
2023-09-19 11:44:40.229 | 06:07   46ms  115M  567G  86/100U [ActUnit] ROACH from LARVA at (171.6, 64.7)
2023-09-19 11:44:40.390 | 06:08  106ms  440M  571G  88/100U [GameAnalyzer] Known army advantage is now OverwhelmingAdvantage
2023-09-19 11:44:40.396 | 06:08  106ms  440M  571G  88/100U [GameAnalyzer] Predicted army advantage is now OverwhelmingAdvantage
2023-09-19 11:44:40.403 | 06:08  106ms  440M  571G  88/100U [Expand] Expanding to (122.5, 56.5)
2023-09-19 11:44:40.405 | 06:08  106ms   90M  571G  88/100U [ActUnit] DRONE from LARVA at (171.8, 64.5)
2023-09-19 11:44:40.594 | 06:08   86ms  410M  579G  89/100U [Expand] Expanding to (122.5, 56.5)
2023-09-19 11:44:40.711 | 06:09  104ms  415M  579G  89/100U [Expand] Expanding to (122.5, 56.5)
2023-09-19 11:44:40.824 | 06:09   29ms  425M  579G  89/100U [Expand] Expanding to (122.5, 56.5)
2023-09-19 11:44:40.955 | 06:10   34ms    0M  591G  89/100U [ActUnit] QUEEN from HATCHERY at (148.5, 59.5)
2023-09-19 11:44:41.190 | 06:10   35ms  335M  591G  91/100U [Expand] Expanding to (122.5, 56.5)
2023-09-19 11:44:41.304 | 06:11   28ms  340M  603G  91/100U [Expand] Expanding to (122.5, 56.5)
2023-09-19 11:44:41.430 | 06:11   36ms  360M  603G  91/100U [Expand] Expanding to (122.5, 56.5)
2023-09-19 11:44:41.538 | 06:12   27ms  385M  603G  91/100U [Expand] Expanding to (122.5, 56.5)
2023-09-19 11:44:41.910 | 06:13   38ms  430M  615G  91/100U [Expand] Expanding to (122.5, 56.5)
2023-09-19 11:44:41.912 | 06:13   38ms   80M  615G  91/100U [ActUnit] DRONE from LARVA at (170.3, 64.0)
2023-09-19 11:44:42.025 | 06:14   31ms  395M  619G  92/100U [Expand] Expanding to (122.5, 56.5)
2023-09-19 11:44:42.161 | 06:14   31ms  415M  627G  92/100U [Expand] Expanding to (122.5, 56.5)
2023-09-19 11:44:42.343 | 06:15   28ms  430M  627G  92/100U [Expand] Expanding to (122.5, 56.5)
2023-09-19 11:44:42.509 | 06:15  102ms  435M  627G  92/100U [Expand] Expanding to (122.5, 56.5)
2023-09-19 11:44:43.410 | 06:17   63ms  210M  651G  92/100U [Inject] injecting hatch (148.5, 59.5)
2023-09-19 11:44:44.545 | 06:20  106ms  295M  679G  92/100U [GameAnalyzer] Known army advantage is now SmallAdvantage
2023-09-19 11:44:44.550 | 06:20  106ms  295M  679G  92/100U [GameAnalyzer] Predicted army advantage is now SmallAdvantage
2023-09-19 11:44:44.733 | 06:20  108ms  310M  679G  92/100U [Expand] Expanding to (122.5, 56.5)
2023-09-19 11:44:45.444 | 06:22  116ms   25M  691G  92/100U [ActUnit] DRONE from LARVA at (147.8, 56.5)
2023-09-19 11:44:45.649 | 06:23   64ms  330M  699G  93/100U [Expand] Expanding to (122.5, 56.5)
2023-09-19 11:44:45.838 | 06:23  107ms  340M  707G  93/100U [Expand] Expanding to (122.5, 56.5)
2023-09-19 11:44:46.052 | 06:23   94ms  350M  707G  93/100U [Expand] Expanding to (122.5, 56.5)
2023-09-19 11:44:46.058 | 06:23   94ms    0M  707G  93/100U [ActUnit] DRONE from LARVA at (148.7, 56.0)
2023-09-19 11:44:46.261 | 06:24  117ms  325M  707G  94/100U [Expand] Expanding to (122.5, 56.5)
2023-09-19 11:44:46.675 | 06:25  115ms    0M  719G  94/100U [ActUnit] DRONE from LARVA at (147.0, 56.9)
2023-09-19 11:44:46.874 | 06:25   89ms  305M  723G  95/100U [Expand] Expanding to (122.5, 56.5)
2023-09-19 11:44:47.065 | 06:26  106ms  330M  735G  95/100U [Expand] Expanding to (122.5, 56.5)
2023-09-19 11:44:47.253 | 06:26   90ms  340M  735G  95/100U [Expand] Expanding to (122.5, 56.5)
2023-09-19 11:44:47.445 | 06:27  100ms  355M  739G  95/100U [Expand] Expanding to (122.5, 56.5)
2023-09-19 11:44:47.448 | 06:27  100ms    5M  739G  95/100U [ActUnit] DRONE from LARVA at (148.7, 56.7)
2023-09-19 11:44:48.021 | 06:28   86ms  250M  755G  96/100U [ActUnit] OVERLORD from LARVA at (170.9, 64.6)
2023-09-19 11:44:48.358 | 06:29   39ms  585M  767G  96/100U [Expand] Expanding to (122.5, 56.5)
2023-09-19 11:44:48.552 | 06:29  105ms  595M  771G  96/100U [Expand] Expanding to (122.5, 56.5)
2023-09-19 11:44:48.753 | 06:30   84ms  615M  771G  96/100U [Expand] Expanding to (122.5, 56.5)
2023-09-19 11:44:49.715 | 06:30  117ms  635M  783G  96/100U [Expand] Expanding to (122.5, 56.5)
2023-09-19 11:44:49.903 | 06:31   64ms  345M  783G  95/100U [GameAnalyzer] Income advantage is now ClearAdvantage
2023-09-19 11:44:49.904 | 06:31   64ms  345M  783G  95/100U [GameAnalyzer] Known army advantage is now Even
2023-09-19 11:44:49.905 | 06:31   64ms  345M  783G  95/100U [GameAnalyzer] Predicted army advantage is now Even
2023-09-19 11:44:49.915 | 06:31   64ms  345M  783G  95/100U [Expand] Expanding to (122.5, 56.5)
2023-09-19 11:44:50.091 | 06:31  107ms  350M  787G  95/100U [Expand] Expanding to (122.5, 56.5)
2023-09-19 11:44:50.299 | 06:31   85ms  665M  791G  95/100U [Expand] Expanding to (122.5, 56.5)
2023-09-19 11:44:50.440 | 06:32  109ms  695M  799G  95/100U [Expand] Expanding to (122.5, 56.5)
2023-09-19 11:44:50.636 | 06:32   47ms  705M  803G  95/100U [Expand] Expanding to (122.5, 56.5)
2023-09-19 11:44:50.826 | 06:33  105ms  725M  807G  95/100U [Expand] Expanding to (122.5, 56.5)
2023-09-19 11:44:51.002 | 06:33   95ms  425M  815G  94/100U [Expand] Expanding to (122.5, 56.5)
2023-09-19 11:44:51.004 | 06:33   95ms   75M  815G  94/100U [ActUnit] ZERGLING from LARVA at (148.6, 56.6)
2023-09-19 11:44:51.200 | 06:34   67ms  405M  819G  95/100U [Expand] Expanding to (122.5, 56.5)
2023-09-19 11:44:51.202 | 06:34   67ms   55M  819G  95/100U [ActUnit] ZERGLING from LARVA at (170.5, 64.6)
2023-09-19 11:44:51.394 | 06:34   89ms  680M  819G  96/100U [GameAnalyzer] Known army advantage is now SlightAdvantage
2023-09-19 11:44:51.401 | 06:34   89ms  680M  819G  96/100U [GameAnalyzer] Predicted army advantage is now SlightAdvantage
2023-09-19 11:44:51.410 | 06:34   89ms  680M  819G  96/100U [Expand] Expanding to (122.5, 56.5)
2023-09-19 11:44:51.591 | 06:35  119ms  690M  831G  96/100U [Expand] Expanding to (122.5, 56.5)
2023-09-19 11:44:51.718 | 06:35   83ms  705M  835G  96/100U [Expand] Expanding to (122.5, 56.5)
2023-09-19 11:44:51.861 | 06:35   39ms  705M  835G  96/100U [Expand] Expanding to (122.5, 56.5)
2023-09-19 11:44:51.864 | 06:35   39ms  405M  835G  96/100U [Inject] injecting hatch (170.5, 67.5)
2023-09-19 11:44:52.000 | 06:36   41ms  425M  843G  96/100U [Expand] Expanding to (122.5, 56.5)
2023-09-19 11:44:52.144 | 06:36   55ms  350M  847G  96/100U [ActUnit] OVERLORD from LARVA at (170.5, 64.6)
2023-09-19 11:44:52.152 | 06:36   55ms  350M  847G  96/100U [Expand] Expanding to (122.5, 56.5)
2023-09-19 11:44:52.296 | 06:37   56ms  665M  851G  96/100U [Expand] Expanding to (122.5, 56.5)
2023-09-19 11:44:52.299 | 06:37   56ms  315M  851G  96/100U [ActUnit] DRONE from LARVA at (169.5, 64.7)
2023-09-19 11:44:52.440 | 06:37   41ms  620M  855G  97/100U [Expand] Expanding to (122.5, 56.5)
2023-09-19 11:44:52.443 | 06:37   41ms  270M  855G  97/100U [ActUnit] DRONE from LARVA at (169.2, 64.6)
2023-09-19 11:44:52.582 | 06:38   45ms  580M  863G  98/100U [Expand] Expanding to (122.5, 56.5)
2023-09-19 11:44:52.717 | 06:38   50ms  605M  867G  98/100U [Expand] Expanding to (122.5, 56.5)
2023-09-19 11:44:52.858 | 06:39   41ms  330M  867G  98/100U [Expand] Expanding to (122.5, 56.5)
2023-09-19 11:44:53.002 | 06:39   58ms  340M  879G  98/100U [Expand] Expanding to (122.5, 56.5)
2023-09-19 11:44:53.139 | 06:40   48ms  655M  883G  98/100U [Expand] Expanding to (122.5, 56.5)
2023-09-19 11:44:53.288 | 06:40   40ms  670M  883G  98/100U [Expand] Expanding to (122.5, 56.5)
2023-09-19 11:44:53.422 | 06:40   41ms  695M  895G  98/100U [Expand] Expanding to (122.5, 56.5)
2023-09-19 11:44:53.573 | 06:41   41ms  705M  895G  97/100U [Expand] Expanding to (122.5, 56.5)
2023-09-19 11:44:53.712 | 06:41   40ms  420M  899G  97/100U [Expand] Expanding to (122.5, 56.5)
2023-09-19 11:44:53.863 | 06:42   49ms  420M  903G  97/100U [Expand] Expanding to (122.5, 56.5)
2023-09-19 11:44:54.005 | 06:42   43ms  760M  911G  97/100U [Expand] Expanding to (122.5, 56.5)
2023-09-19 11:44:54.166 | 06:43   48ms  775M  915G  97/100U [Expand] Expanding to (122.5, 56.5)
2023-09-19 11:44:54.302 | 06:43   40ms  780M  915G  97/100U [Expand] Expanding to (122.5, 56.5)
2023-09-19 11:44:54.445 | 06:44   45ms  795M  927G  97/100U [Expand] Expanding to (122.5, 56.5)
2023-09-19 11:44:54.589 | 06:44   44ms  510M  931G  97/100U [Expand] Expanding to (122.5, 56.5)
2023-09-19 11:44:54.591 | 06:44   44ms  160M  931G  97/100U [ActUnit] ZERGLING from LARVA at (148.6, 56.7)
2023-09-19 11:44:54.852 | 06:45   35ms  505M  943G  97/100U [Expand] Expanding to (122.5, 56.5)
2023-09-19 11:44:54.987 | 06:45   47ms  515M  943G  97/100U [Expand] Expanding to (122.5, 56.5)
2023-09-19 11:44:54.990 | 06:45   47ms  165M  943G  97/100U [ActUnit] ZERGLING from LARVA at (170.5, 64.7)
2023-09-19 11:44:55.113 | 06:46   39ms  480M  947G  98/100U [GameAnalyzer] Known army advantage is now SmallAdvantage
2023-09-19 11:44:55.114 | 06:46   39ms  480M  947G  98/100U [GameAnalyzer] Predicted army advantage is now SmallAdvantage
2023-09-19 11:44:55.126 | 06:46   39ms  480M  947G  98/100U [Expand] Expanding to (122.5, 56.5)
2023-09-19 11:44:55.273 | 06:46   55ms  505M  955G  98/108U [Expand] Expanding to (122.5, 56.5)
2023-09-19 11:44:55.276 | 06:46   55ms  205M  955G  98/108U [Inject] injecting hatch (148.5, 59.5)
2023-09-19 11:44:55.697 | 06:48   34ms  540M  967G  98/108U [Expand] Expanding to (122.5, 56.5)
2023-09-19 11:44:55.700 | 06:48   34ms  190M  967G  98/108U [ActUnit] DRONE from LARVA at (149.3, 56.8)
2023-09-19 11:44:55.848 | 06:48   43ms  500M  975G  99/108U [Expand] Expanding to (122.5, 56.5)
2023-09-19 11:44:55.851 | 06:48   43ms  150M  975G  99/108U [ActUnit] DRONE from LARVA at (148.4, 56.9)
2023-09-19 11:44:55.989 | 06:48   38ms  480M  979G 100/108U [Expand] Expanding to (122.5, 56.5)
2023-09-19 11:44:55.993 | 06:48   38ms  130M  979G 100/108U [ActUnit] DRONE from LARVA at (148.4, 56.9)
2023-09-19 11:44:56.145 | 06:49   42ms  145M  979G 101/108U [Tech] Started ZERGFLYERWEAPONSLEVEL1
2023-09-19 11:44:56.294 | 06:49   37ms  360M  891G 101/108U [Expand] Expanding to (122.5, 56.5)
2023-09-19 11:44:56.442 | 06:50   46ms  370M  895G 101/108U [Expand] Expanding to (122.5, 56.5)
2023-09-19 11:44:56.573 | 06:50   37ms  400M  895G 101/108U [Expand] Expanding to (122.5, 56.5)
2023-09-19 11:44:56.868 | 06:51   36ms  430M  907G 101/108U [Expand] Expanding to (122.5, 56.5)
2023-09-19 11:44:57.016 | 06:52   48ms  440M  911G 101/108U [Expand] Expanding to (122.5, 56.5)
2023-09-19 11:44:57.148 | 06:52   37ms  750M  915G 101/108U [Expand] Expanding to (122.5, 56.5)
2023-09-19 11:44:57.334 | 06:52   44ms  780M  923G 101/108U [Expand] Expanding to (122.5, 56.5)
2023-09-19 11:44:57.533 | 06:53   85ms  795M  927G 100/108U [Expand] Expanding to (122.5, 56.5)
2023-09-19 11:44:57.716 | 06:53  105ms  810M  927G 100/108U [Expand] Expanding to (122.5, 56.5)
2023-09-19 11:44:57.913 | 06:54   86ms  515M  939G 100/108U [Expand] Expanding to (122.5, 56.5)
2023-09-19 11:44:58.090 | 06:54  112ms  540M  943G 100/108U [Expand] Expanding to (122.5, 56.5)
2023-09-19 11:44:58.278 | 06:55   89ms  860M  943G 100/116U [Expand] Expanding to (122.5, 56.5)
2023-09-19 11:44:58.409 | 06:55  102ms  875M  955G 100/116U [Expand] Expanding to (122.5, 56.5)
2023-09-19 11:44:58.590 | 06:56   42ms  890M  955G 100/116U [Expand] Expanding to (122.5, 56.5)
2023-09-19 11:44:58.754 | 06:56  104ms  890M  959G 100/116U [Expand] Expanding to (122.5, 56.5)
2023-09-19 11:44:58.756 | 06:56  104ms  540M  959G 100/116U [ActUnit] ZERGLING from LARVA at (148.3, 56.8)
2023-09-19 11:44:58.945 | 06:56   74ms  580M  963G 101/116U [Expand] Expanding to (122.5, 56.5)
2023-09-19 11:44:58.949 | 06:56   74ms  180M  863G 101/116U [ActUnit] MUTALISK from LARVA at (170.4, 64.6)
2023-09-19 11:44:59.145 | 06:57  113ms  485M  871G 103/116U [Expand] Expanding to (122.5, 56.5)
2023-09-19 11:44:59.335 | 06:57   89ms  805M  875G 103/116U [Expand] Expanding to (122.5, 56.5)
2023-09-19 11:44:59.460 | 06:58  101ms  820M  879G 103/116U [Expand] Expanding to (122.5, 56.5)
2023-09-19 11:44:59.641 | 06:58   35ms  825M  887G 103/116U [Expand] Expanding to (122.5, 56.5)
2023-09-19 11:44:59.811 | 06:59  100ms  850M  891G 103/116U [Expand] Expanding to (122.5, 56.5)
2023-09-19 11:44:59.994 | 06:59   80ms  570M  891G 103/116U [Expand] Expanding to (122.5, 56.5)
2023-09-19 11:45:00.164 | 07:00  105ms  580M  903G 103/116U [Expand] Expanding to (122.5, 56.5)
2023-09-19 11:45:00.357 | 07:00   83ms  890M  907G 103/116U [Expand] Expanding to (122.5, 56.5)
2023-09-19 11:45:00.498 | 07:00  103ms  920M  907G 103/116U [Expand] Expanding to (122.5, 56.5)
2023-09-19 11:45:00.672 | 07:01   52ms  935M  915G 103/116U [GameAnalyzer] Income advantage is now OverwhelmingAdvantage
2023-09-19 11:45:00.685 | 07:01   52ms  935M  915G 103/116U [Expand] Expanding to (122.5, 56.5)
2023-09-19 11:45:00.862 | 07:01  101ms  945M  919G 103/116U [Expand] Expanding to (122.5, 56.5)
2023-09-19 11:45:01.061 | 07:02   92ms  660M  923G 103/116U [Expand] Expanding to (122.5, 56.5)
2023-09-19 11:45:01.186 | 07:02  111ms  675M  927G 103/116U [Expand] Expanding to (122.5, 56.5)
2023-09-19 11:45:01.365 | 07:03   41ms 1005M  935G 103/116U [GameAnalyzer] Known army advantage is now SlightAdvantage
2023-09-19 11:45:01.366 | 07:03   41ms 1005M  935G 103/116U [GameAnalyzer] Predicted army advantage is now SlightAdvantage
2023-09-19 11:45:01.376 | 07:03   41ms 1005M  935G 103/116U [Expand] Expanding to (122.5, 56.5)
2023-09-19 11:45:01.516 | 07:03  116ms 1020M  939G 103/116U [Expand] Expanding to (122.5, 56.5)
2023-09-19 11:45:01.647 | 07:04   45ms 1030M  939G 101/116U [Expand] Expanding to (122.5, 56.5)
2023-09-19 11:45:01.779 | 07:04   45ms 1040M  951G 100/116U [Expand] Expanding to (122.5, 56.5)
2023-09-19 11:45:01.904 | 07:05   44ms  760M  955G 100/116U [Expand] Expanding to (122.5, 56.5)
2023-09-19 11:45:01.907 | 07:05   44ms  460M  955G 100/116U [Inject] injecting hatch (170.5, 67.5)
2023-09-19 11:45:02.144 | 07:05   41ms  805M  963G 100/116U [Expand] Expanding to (122.5, 56.5)
2023-09-19 11:45:02.267 | 07:06   46ms  815M  967G 100/116U [Expand] Expanding to (122.5, 56.5)
2023-09-19 11:45:02.269 | 07:06   46ms  465M  967G 100/116U [ActUnit] ZERGLING from LARVA at (169.6, 64.8)
2023-09-19 11:45:02.391 | 07:06   46ms  770M  971G 101/116U [Expand] Expanding to (122.5, 56.5)
2023-09-19 11:45:02.394 | 07:06   46ms  370M  871G 101/116U [ActUnit] MUTALISK from LARVA at (170.9, 64.5)
2023-09-19 11:45:02.520 | 07:07   49ms  695M  875G 103/116U [Expand] Expanding to (122.5, 56.5)
2023-09-19 11:45:02.522 | 07:07   49ms  345M  875G 103/116U [ActUnit] ZERGLING from LARVA at (148.4, 56.5)
2023-09-19 11:45:02.642 | 07:07   45ms  275M  783G 104/116U [ActUnit] MUTALISK from LARVA at (170.9, 64.5)
2023-09-19 11:45:02.907 | 07:08   44ms  600M  787G 106/116U [Expand] Expanding to (122.5, 56.5)
2023-09-19 11:45:02.909 | 07:08   44ms  200M  687G 106/116U [ActUnit] MUTALISK from LARVA at (170.7, 64.6)
2023-09-19 11:45:03.041 | 07:09   54ms  510M  699G 107/116U [Expand] Expanding to (122.5, 56.5)
2023-09-19 11:45:03.171 | 07:09   45ms  530M  703G 107/116U [Expand] Expanding to (122.5, 56.5)
2023-09-19 11:45:03.454 | 07:10   45ms  570M  715G 107/116U [Expand] Expanding to (122.5, 56.5)
2023-09-19 11:45:03.588 | 07:10   51ms  575M  715G 107/116U [Expand] Expanding to (122.5, 56.5)
2023-09-19 11:45:03.719 | 07:11   49ms  595M  719G 107/116U [Expand] Expanding to (122.5, 56.5)
2023-09-19 11:45:04.004 | 07:12   47ms  635M  731G 107/116U [Expand] Expanding to (122.5, 56.5)
2023-09-19 11:45:04.135 | 07:12   54ms  650M  735G 107/116U [Expand] Expanding to (122.5, 56.5)
2023-09-19 11:45:04.279 | 07:13   54ms  950M  739G 107/116U [Expand] Expanding to (122.5, 56.5)
2023-09-19 11:45:04.403 | 07:13   55ms  985M  747G 106/116U [Expand] Expanding to (122.5, 56.5)
2023-09-19 11:45:04.521 | 07:13   42ms 1000M  751G 106/116U [EnemyArmyPredicter] Predicting negative free minerals for enemy: -2885
2023-09-19 11:45:04.529 | 07:13   42ms 1000M  751G 106/116U [Expand] Expanding to (122.5, 56.5)
2023-09-19 11:45:04.659 | 07:14   51ms  720M  751G 106/116U [Expand] Expanding to (122.5, 56.5)
2023-09-19 11:45:04.787 | 07:14   45ms 1025M  763G 106/116U [Expand] Expanding to (122.5, 56.5)
2023-09-19 11:45:04.913 | 07:15   55ms 1040M  763G 106/116U [Expand] Expanding to (122.5, 56.5)
2023-09-19 11:45:05.050 | 07:15   49ms 1065M  767G 106/116U [Expand] Expanding to (122.5, 56.5)
2023-09-19 11:45:05.054 | 07:15   49ms  765M  767G 106/116U [Inject] injecting hatch (148.5, 59.5)
2023-09-19 11:45:05.192 | 07:16   56ms  775M  771G 106/116U [Expand] Expanding to (122.5, 56.5)
2023-09-19 11:45:05.319 | 07:16   46ms 1095M  779G 106/116U [Expand] Expanding to (122.5, 56.5)
2023-09-19 11:45:05.450 | 07:17   57ms 1100M  783G 106/116U [Expand] Expanding to (122.5, 56.5)
2023-09-19 11:45:05.452 | 07:17   57ms  750M  783G 106/116U [ActUnit] ZERGLING from LARVA at (148.2, 56.7)
2023-09-19 11:45:05.581 | 07:17   42ms 1070M  787G 106/116U [Expand] Expanding to (122.5, 56.5)
2023-09-19 11:45:05.583 | 07:17   42ms  720M  787G 106/116U [ActUnit] ZERGLING from LARVA at (148.9, 56.9)
2023-09-19 11:45:05.709 | 07:17   49ms  740M  795G 107/116U [Expand] Expanding to (122.5, 56.5)
2023-09-19 11:45:05.712 | 07:17   49ms  390M  795G 107/116U [ActUnit] DRONE from LARVA at (148.8, 56.9)
2023-09-19 11:45:05.842 | 07:18   49ms  705M  799G 108/116U [Expand] Expanding to (122.5, 56.5)
2023-09-19 11:45:05.968 | 07:18   54ms 1020M  799G 108/116U [Expand] Expanding to (122.5, 56.5)
2023-09-19 11:45:05.971 | 07:18   54ms  670M  799G 108/116U [ActUnit] DRONE from LARVA at (148.5, 56.6)
2023-09-19 11:45:06.081 | 07:19   42ms  985M  811G 109/116U [EnemyArmyPredicter] Predicting negative free minerals for enemy: -3775
2023-09-19 11:45:06.089 | 07:19   42ms  985M  811G 109/116U [Expand] Expanding to (122.5, 56.5)
2023-09-19 11:45:06.093 | 07:19   42ms  635M  811G 109/116U [ActUnit] ZERGLING from LARVA at (170.5, 64.8)
2023-09-19 11:45:06.207 | 07:19   50ms  955M  815G 110/116U [Expand] Expanding to (122.5, 56.5)
2023-09-19 11:45:06.329 | 07:20   40ms  970M  815G 110/116U [Expand] Expanding to (122.5, 56.5)
2023-09-19 11:45:06.445 | 07:20   49ms  690M  823G 110/116U [GameAnalyzer] Known army advantage is now SmallAdvantage
2023-09-19 11:45:06.446 | 07:20   49ms  690M  823G 110/116U [GameAnalyzer] Predicted army advantage is now SmallAdvantage
2023-09-19 11:45:06.455 | 07:20   49ms  690M  823G 110/116U [Expand] Expanding to (122.5, 56.5)
2023-09-19 11:45:06.582 | 07:21   47ms  695M  827G 110/116U [Expand] Expanding to (122.5, 56.5)
2023-09-19 11:45:06.706 | 07:21   53ms 1010M  831G 110/116U [Expand] Expanding to (122.5, 56.5)
2023-09-19 11:45:06.834 | 07:21   48ms 1040M  835G 110/116U [Expand] Expanding to (122.5, 56.5)
2023-09-19 11:45:06.958 | 07:22   48ms 1045M  843G 110/116U [Expand] Expanding to (122.5, 56.5)
2023-09-19 11:45:07.088 | 07:22   45ms 1065M  847G 110/116U [Expand] Expanding to (122.5, 56.5)
2023-09-19 11:45:07.212 | 07:23   47ms  770M  847G 110/116U [Expand] Expanding to (122.5, 56.5)
2023-09-19 11:45:07.400 | 07:23   96ms  790M  859G 110/116U [Expand] Expanding to (122.5, 56.5)
2023-09-19 11:45:07.534 | 07:24   62ms 1120M  863G 110/116U [Expand] Expanding to (122.5, 56.5)
2023-09-19 11:45:07.657 | 07:24   46ms 1135M  863G 110/116U [EnemyArmyPredicter] Predicting negative free minerals for enemy: -3870
2023-09-19 11:45:07.665 | 07:24   46ms 1135M  863G 110/116U [Expand] Expanding to (122.5, 56.5)
2023-09-19 11:45:07.790 | 07:25   50ms 1145M  875G 110/116U [Expand] Expanding to (122.5, 56.5)
2023-09-19 11:45:07.921 | 07:25   45ms 1150M  875G 110/116U [Expand] Expanding to (122.5, 56.5)
2023-09-19 11:45:08.059 | 07:25   60ms  870M  879G 110/116U [Expand] Expanding to (122.5, 56.5)
2023-09-19 11:45:08.189 | 07:26   48ms  885M  883G 109/116U [Expand] Expanding to (122.5, 56.5)
2023-09-19 11:45:08.317 | 07:26   54ms 1215M  891G 109/116U [Expand] Expanding to (122.5, 56.5)
2023-09-19 11:45:08.444 | 07:27   45ms 1220M  895G 109/116U [Expand] Expanding to (122.5, 56.5)
2023-09-19 11:45:09.330 | 07:27   51ms 1230M  895G 109/116U [Expand] Expanding to (122.5, 56.5)
2023-09-19 11:45:09.452 | 07:28   41ms 1255M  907G 109/116U [Expand] Expanding to (122.5, 56.5)
2023-09-19 11:45:09.585 | 07:28   56ms  975M  911G 109/116U [Expand] Expanding to (122.5, 56.5)
2023-09-19 11:45:09.713 | 07:29   50ms  985M  911G 109/116U [Expand] Expanding to (122.5, 56.5)
2023-09-19 11:45:09.834 | 07:29   50ms 1300M  923G 109/116U [Expand] Expanding to (122.5, 56.5)
2023-09-19 11:45:09.838 | 07:29   50ms  950M  923G 109/116U [ActUnit] ZERGLING from LARVA at (148.5, 56.7)
2023-09-19 11:45:09.956 | 07:30   41ms 1270M  923G 110/116U [EnemyArmyPredicter] Predicting negative free minerals for enemy: -4000
2023-09-19 11:45:09.964 | 07:30   41ms 1270M  923G 110/116U [Expand] Expanding to (122.5, 56.5)
2023-09-19 11:45:09.967 | 07:30   41ms  920M  923G 110/116U [ActUnit] ZERGLING from LARVA at (170.5, 64.8)
2023-09-19 11:45:10.093 | 07:30   50ms 1235M  927G 111/116U [Expand] Expanding to (122.5, 56.5)
2023-09-19 11:45:10.226 | 07:30   45ms 1245M  935G 111/116U [Expand] Expanding to (122.5, 56.5)
2023-09-19 11:45:10.362 | 07:31   46ms  955M  939G 111/116U [GameAnalyzer] Known army advantage is now ClearAdvantage
2023-09-19 11:45:10.363 | 07:31   46ms  955M  939G 111/116U [GameAnalyzer] Predicted army advantage is now ClearAdvantage
2023-09-19 11:45:10.371 | 07:31   46ms  955M  939G 111/116U [Expand] Expanding to (122.5, 56.5)
2023-09-19 11:45:10.505 | 07:31   46ms  980M  943G 111/116U [Expand] Expanding to (122.5, 56.5)
2023-09-19 11:45:10.625 | 07:32   48ms 1295M  947G 111/116U [Expand] Expanding to (122.5, 56.5)
2023-09-19 11:45:10.750 | 07:32   42ms 1315M  955G 111/116U [Expand] Expanding to (122.5, 56.5)
2023-09-19 11:45:10.870 | 07:33   48ms 1325M  959G 111/116U [Expand] Expanding to (122.5, 56.5)
2023-09-19 11:45:10.989 | 07:33   41ms 1335M  959G 111/116U [Expand] Expanding to (122.5, 56.5)
2023-09-19 11:45:11.114 | 07:34   47ms 1055M  971G 111/116U [Expand] Expanding to (122.5, 56.5)
2023-09-19 11:45:11.117 | 07:34   47ms  755M  971G 111/116U [Inject] injecting hatch (170.5, 67.5)
2023-09-19 11:45:11.376 | 07:34   50ms 1090M  975G 109/116U [Expand] Expanding to (122.5, 56.5)
2023-09-19 11:45:11.379 | 07:34   50ms  740M  975G 109/116U [ActUnit] ZERGLING from LARVA at (170.5, 64.6)
2023-09-19 11:45:11.499 | 07:35   46ms 1050M  987G 110/116U [EnemyArmyPredicter] Predicting negative free minerals for enemy: -4145
2023-09-19 11:45:11.509 | 07:35   46ms 1050M  987G 110/116U [Expand] Expanding to (122.5, 56.5)
2023-09-19 11:45:11.512 | 07:35   46ms  700M  987G 110/116U [ActUnit] ZERGLING from LARVA at (169.6, 64.7)
2023-09-19 11:45:11.641 | 07:35   54ms 1015M  987G 111/116U [Expand] Expanding to (122.5, 56.5)
2023-09-19 11:45:11.644 | 07:35   54ms  665M  987G 111/116U [ActUnit] ZERGLING from LARVA at (169.6, 64.4)
2023-09-19 11:45:11.774 | 07:36   46ms  985M  991G 112/116U [Expand] Expanding to (122.5, 56.5)
2023-09-19 11:45:12.162 | 07:37   57ms 1020M 1007G 112/116U [Expand] Expanding to (122.5, 56.5)
2023-09-19 11:45:12.295 | 07:38   47ms 1040M 1007G 112/116U [Expand] Expanding to (122.5, 56.5)
2023-09-19 11:45:12.432 | 07:38   54ms 1060M 1019G 112/116U [Expand] Expanding to (122.5, 56.5)
2023-09-19 11:45:12.727 | 07:39   59ms 1085M 1023G 112/116U [Expand] Expanding to (122.5, 56.5)
2023-09-19 11:45:12.865 | 07:39   46ms 1100M 1035G 111/116U [Expand] Expanding to (122.5, 56.5)
2023-09-19 11:45:13.024 | 07:40   53ms 1115M 1035G 111/116U [Expand] Expanding to (122.5, 56.5)
2023-09-19 11:45:13.027 | 07:40   53ms  765M 1035G 111/116U [ActUnit] ZERGLING from LARVA at (148.5, 56.6)
2023-09-19 11:45:13.166 | 07:40   47ms  790M 1039G 112/116U [EnemyArmyPredicter] Predicting negative free minerals for enemy: -4231
2023-09-19 11:45:13.318 | 07:41   55ms 1095M 1043G 112/116U [Expand] Expanding to (122.5, 56.5)
2023-09-19 11:45:13.457 | 07:41   46ms 1005M 1051G 112/116U [ActUnit] OVERLORD from LARVA at (170.7, 64.8)
2023-09-19 11:45:13.468 | 07:41   46ms 1005M 1051G 112/116U [Expand] Expanding to (122.5, 56.5)
2023-09-19 11:45:13.607 | 07:42   56ms 1325M 1055G 112/116U [Expand] Expanding to (122.5, 56.5)
2023-09-19 11:45:13.752 | 07:42   44ms 1345M 1059G 112/116U [Expand] Expanding to (122.5, 56.5)
2023-09-19 11:45:13.896 | 07:42   54ms 1350M 1067G 112/116U [Expand] Expanding to (122.5, 56.5)
2023-09-19 11:45:14.048 | 07:43   46ms 1365M 1071G 112/116U [Expand] Expanding to (122.5, 56.5)
2023-09-19 11:45:14.194 | 07:43   57ms 1070M 1071G 112/116U [Expand] Expanding to (122.5, 56.5)
2023-09-19 11:45:14.333 | 07:44   46ms 1095M 1083G 112/116U [Expand] Expanding to (122.5, 56.5)
2023-09-19 11:45:14.465 | 07:44   49ms 1415M 1087G 112/116U [Expand] Expanding to (122.5, 56.5)
2023-09-19 11:45:14.468 | 07:44   49ms 1115M 1087G 112/116U [Inject] injecting hatch (148.5, 59.5)
2023-09-19 11:45:14.599 | 07:45   44ms 1430M 1087G 112/116U [Expand] Expanding to (122.5, 56.5)
2023-09-19 11:45:14.740 | 07:45   47ms 1435M 1095G 112/116U [Expand] Expanding to (122.5, 56.5)
2023-09-19 11:45:14.869 | 07:46   42ms 1440M 1099G 112/116U [EnemyArmyPredicter] Predicting negative free minerals for enemy: -4166
2023-09-19 11:45:14.873 | 07:46   42ms 1340M 1099G 112/116U [ActUnit] OVERLORD from LARVA at (147.6, 56.8)
2023-09-19 11:45:14.882 | 07:46   42ms 1340M 1099G 112/116U [Expand] Expanding to (122.5, 56.5)
2023-09-19 11:45:14.886 | 07:46   42ms  990M 1099G 112/116U [ActUnit] ZERGLING from LARVA at (148.4, 56.9)
2023-09-19 11:45:15.028 | 07:46   56ms 1025M 1103G 113/116U [Expand] Expanding to (122.5, 56.5)
2023-09-19 11:45:15.032 | 07:46   56ms  675M 1103G 113/116U [ActUnit] ZERGLING from LARVA at (147.5, 56.7)
2023-09-19 11:45:15.178 | 07:46   46ms  985M 1107G 114/116U [Expand] Expanding to (122.5, 56.5)
2023-09-19 11:45:15.319 | 07:47   56ms 1295M 1115G 114/116U [Expand] Expanding to (122.5, 56.5)
2023-09-19 11:45:15.464 | 07:47   48ms 1300M 1119G 114/116U [Expand] Expanding to (122.5, 56.5)
2023-09-19 11:45:15.605 | 07:48   57ms 1310M 1119G 114/116U [Expand] Expanding to (122.5, 56.5)
2023-09-19 11:45:15.750 | 07:48   46ms 1335M 1131G 114/116U [Expand] Expanding to (122.5, 56.5)
2023-09-19 11:45:15.897 | 07:49   56ms 1055M 1135G 114/116U [Expand] Expanding to (122.5, 56.5)
2023-09-19 11:45:16.048 | 07:49   53ms 1060M 1135G 114/116U [Expand] Expanding to (122.5, 56.5)
2023-09-19 11:45:16.185 | 07:50   60ms 1375M 1143G 114/116U [Expand] Expanding to (122.5, 56.5)
2023-09-19 11:45:16.323 | 07:50   46ms 1390M 1147G 114/116U [Expand] Expanding to (122.5, 56.5)
2023-09-19 11:45:16.459 | 07:50   52ms 1410M 1151G 113/116U [Expand] Expanding to (122.5, 56.5)
2023-09-19 11:45:16.599 | 07:51   45ms 1425M 1155G 113/116U [EnemyArmyPredicter] Predicting negative free minerals for enemy: -4252
2023-09-19 11:45:16.609 | 07:51   45ms 1425M 1155G 113/116U [Expand] Expanding to (122.5, 56.5)
2023-09-19 11:45:16.758 | 07:51   58ms 1130M 1163G 113/116U [Expand] Expanding to (122.5, 56.5)
2023-09-19 11:45:16.917 | 07:52   50ms 1140M 1167G 113/116U [Expand] Expanding to (122.5, 56.5)
2023-09-19 11:45:16.921 | 07:52   50ms  790M 1167G 113/116U [ActUnit] ZERGLING from LARVA at (170.6, 64.4)
2023-09-19 11:45:17.062 | 07:52   66ms 1415M 1167G 114/116U [Expand] Expanding to (122.5, 56.5)
2023-09-19 11:45:17.065 | 07:52   66ms 1065M 1167G 114/116U [ActUnit] ZERGLING from LARVA at (148.5, 56.9)
2023-09-19 11:45:17.214 | 07:53   49ms 1380M 1179G 115/116U [Expand] Expanding to (122.5, 56.5)
2023-09-19 11:45:17.360 | 07:53   55ms 1385M 1183G 115/116U [Expand] Expanding to (122.5, 56.5)
2023-09-19 11:45:17.505 | 07:54   48ms 1395M 1183G 115/116U [Expand] Expanding to (122.5, 56.5)
2023-09-19 11:45:17.653 | 07:54   52ms 1120M 1195G 115/116U [Expand] Expanding to (122.5, 56.5)
2023-09-19 11:45:17.947 | 07:55   60ms 1145M 1199G 115/116U [Expand] Expanding to (122.5, 56.5)
2023-09-19 11:45:18.093 | 07:55   50ms 1155M 1203G 115/116U [Expand] Expanding to (122.5, 56.5)
2023-09-19 11:45:18.234 | 07:56   55ms 1170M 1211G 115/116U [Expand] Expanding to (122.5, 56.5)
2023-09-19 11:45:18.377 | 07:56   48ms 1180M 1215G 115/116U [EnemyArmyPredicter] Predicting negative free minerals for enemy: -4538
2023-09-19 11:45:18.396 | 07:56   48ms 1180M 1215G 115/116U [Expand] Expanding to (122.5, 56.5)
2023-09-19 11:45:19.003 | 07:58   71ms 1225M 1231G 115/116U [Expand] Expanding to (122.5, 56.5)
2023-09-19 11:45:19.157 | 07:58   55ms 1240M 1231G 115/116U [Expand] Expanding to (122.5, 56.5)
2023-09-19 11:45:19.296 | 07:59   65ms 1255M 1243G 115/116U [Expand] Expanding to (122.5, 56.5)
2023-09-19 11:45:19.591 | 07:59   61ms 1280M 1247G 115/124U [Expand] Expanding to (122.5, 56.5)
2023-09-19 11:45:19.744 | 08:00   49ms 1295M 1251G 115/124U [Expand] Expanding to (122.5, 56.5)
2023-09-19 11:45:19.889 | 08:00   61ms 1310M 1259G 115/124U [Expand] Expanding to (122.5, 56.5)
2023-09-19 11:45:20.226 | 08:01  107ms 1340M 1267G 115/124U [Expand] Expanding to (122.5, 56.5)
2023-09-19 11:45:20.362 | 08:02   50ms 1355M 1275G 115/124U [EnemyArmyPredicter] Predicting negative free minerals for enemy: -5020
2023-09-19 11:45:20.365 | 08:02   50ms 1355M 1275G 115/124U [GameAnalyzer] Known army advantage is now OverwhelmingAdvantage
2023-09-19 11:45:20.366 | 08:02   50ms 1355M 1275G 115/124U [GameAnalyzer] Predicted army advantage is now OverwhelmingAdvantage
2023-09-19 11:45:20.377 | 08:02   50ms 1355M 1275G 115/124U [Expand] Expanding to (122.5, 56.5)
2023-09-19 11:45:20.521 | 08:02   63ms 1665M 1279G 115/124U [Expand] Expanding to (122.5, 56.5)
2023-09-19 11:45:20.674 | 08:03   49ms 1685M 1279G 115/124U [Expand] Expanding to (122.5, 56.5)
2023-09-19 11:45:20.678 | 08:03   49ms 1335M 1279G 115/124U [ActUnit] ZERGLING from LARVA at (148.4, 56.5)
2023-09-19 11:45:20.679 | 08:03   49ms 1335M 1279G 115/124U [Inject] injecting hatch (170.5, 67.5)
2023-09-19 11:45:20.824 | 08:03   56ms 1645M 1291G 116/124U [Expand] Expanding to (122.5, 56.5)
2023-09-19 11:45:20.827 | 08:03   56ms 1295M 1291G 116/124U [ActUnit] ZERGLING from LARVA at (170.4, 64.3)
2023-09-19 11:45:20.984 | 08:03   52ms 1605M 1295G 117/124U [Expand] Expanding to (122.5, 56.5)
2023-09-19 11:45:20.987 | 08:03   52ms 1255M 1295G 117/124U [ActUnit] ZERGLING from LARVA at (171.4, 64.8)
2023-09-19 11:45:21.143 | 08:04   69ms 1275M 1295G 118/132U [Expand] Expanding to (122.5, 56.5)
2023-09-19 11:45:21.147 | 08:04   69ms  925M 1295G 118/132U [ActUnit] ZERGLING from LARVA at (169.5, 64.7)
2023-09-19 11:45:21.299 | 08:04   55ms 1240M 1303G 119/132U [Expand] Expanding to (122.5, 56.5)
2023-09-19 11:45:21.304 | 08:04   55ms  890M 1303G 119/132U [ActUnit] ZERGLING from LARVA at (169.5, 64.7)
2023-09-19 11:45:21.452 | 08:05   70ms 1505M 1307G 120/132U [Expand] Expanding to (122.5, 56.5)
2023-09-19 11:45:21.597 | 08:05   50ms 1515M 1311G 120/132U [Expand] Expanding to (122.5, 56.5)
2023-09-19 11:45:21.741 | 08:06   59ms 1525M 1315G 120/132U [Expand] Expanding to (122.5, 56.5)
2023-09-19 11:45:21.891 | 08:06   50ms 1545M 1323G 120/132U [Expand] Expanding to (122.5, 56.5)
2023-09-19 11:45:22.037 | 08:07   59ms 1255M 1327G 120/132U [Expand] Expanding to (122.5, 56.5)
2023-09-19 11:45:22.171 | 08:07   51ms 1270M 1327G 120/132U [EnemyArmyPredicter] Predicting negative free minerals for enemy: -5155
2023-09-19 11:45:22.181 | 08:07   51ms 1270M 1327G 120/132U [Expand] Expanding to (122.5, 56.5)
2023-09-19 11:45:22.317 | 08:07   54ms 1585M 1339G 120/132U [Expand] Expanding to (122.5, 56.5)
2023-09-19 11:45:22.460 | 08:08   48ms 1600M 1343G 120/132U [Expand] Expanding to (122.5, 56.5)
2023-09-19 11:45:22.602 | 08:08   51ms 1620M 1343G 120/132U [Expand] Expanding to (122.5, 56.5)
2023-09-19 11:45:22.742 | 08:09   50ms 1635M 1355G 120/132U [Expand] Expanding to (122.5, 56.5)
2023-09-19 11:45:22.880 | 08:09   51ms 1340M 1355G 120/132U [Expand] Expanding to (122.5, 56.5)
2023-09-19 11:45:23.026 | 08:10   54ms 1345M 1359G 120/132U [Expand] Expanding to (122.5, 56.5)
2023-09-19 11:45:23.166 | 08:10   57ms 1665M 1363G 120/132U [Expand] Expanding to (122.5, 56.5)
2023-09-19 11:45:23.310 | 08:11   51ms 1685M 1371G 120/132U [Expand] Expanding to (122.5, 56.5)
2023-09-19 11:45:23.451 | 08:11   54ms 1700M 1375G 120/132U [Expand] Expanding to (122.5, 56.5)
2023-09-19 11:45:23.589 | 08:11   52ms 1710M 1375G 120/132U [Expand] Expanding to (122.5, 56.5)
2023-09-19 11:45:23.741 | 08:12   54ms 1425M 1387G 120/132U [Expand] Expanding to (122.5, 56.5)
2023-09-19 11:45:23.922 | 08:12   65ms 1440M 1391G 120/132U [EnemyArmyPredicter] Predicting negative free minerals for enemy: -4245
2023-09-19 11:45:23.933 | 08:12   65ms 1440M 1391G 120/132U [Expand] Expanding to (122.5, 56.5)
2023-09-19 11:45:24.107 | 08:13   66ms 1760M 1391G 120/132U [Expand] Expanding to (122.5, 56.5)
2023-09-19 11:45:24.290 | 08:13   67ms 1770M 1403G 120/132U [Expand] Expanding to (122.5, 56.5)
2023-09-19 11:45:24.294 | 08:13   67ms 1420M 1403G 120/132U [ActUnit] ZERGLING from LARVA at (148.3, 56.7)
2023-09-19 11:45:24.296 | 08:13   67ms 1420M 1403G 120/132U [Inject] injecting hatch (148.5, 59.5)
2023-09-19 11:45:24.467 | 08:14   68ms 1725M 1403G 121/132U [Expand] Expanding to (122.5, 56.5)
2023-09-19 11:45:24.642 | 08:14   59ms 1745M 1407G 121/132U [Expand] Expanding to (122.5, 56.5)
2023-09-19 11:45:24.648 | 08:14   59ms 1395M 1407G 121/132U [ActUnit] ZERGLING from LARVA at (149.4, 56.8)
2023-09-19 11:45:24.806 | 08:15   70ms 1415M 1415G 122/132U [Expand] Expanding to (122.5, 56.5)
2023-09-19 11:45:24.810 | 08:15   70ms 1065M 1415G 122/132U [ActUnit] ZERGLING from LARVA at (148.5, 56.6)
2023-09-19 11:45:24.978 | 08:15   60ms 1375M 1419G 123/132U [Expand] Expanding to (122.5, 56.5)
2023-09-19 11:45:24.983 | 08:15   60ms 1025M 1419G 123/132U [ActUnit] ZERGLING from LARVA at (148.9, 56.5)
2023-09-19 11:45:25.140 | 08:15   74ms 1640M 1423G 124/132U [Expand] Expanding to (122.5, 56.5)
2023-09-19 11:45:25.144 | 08:15   74ms 1290M 1423G 124/132U [ActUnit] ZERGLING from LARVA at (170.4, 64.4)
2023-09-19 11:45:25.308 | 08:16   62ms 1595M 1427G 125/132U [Expand] Expanding to (122.5, 56.5)
2023-09-19 11:45:25.466 | 08:16   70ms 1615M 1435G 125/132U [Expand] Expanding to (122.5, 56.5)
2023-09-19 11:45:25.628 | 08:17   57ms 1630M 1439G 125/132U [Expand] Expanding to (122.5, 56.5)
2023-09-19 11:45:25.802 | 08:17   72ms 1345M 1439G 125/132U [Expand] Expanding to (122.5, 56.5)
2023-09-19 11:45:25.957 | 08:18   65ms 1355M 1451G 125/132U [GameAnalyzer] Predicted army advantage is now ClearAdvantage
2023-09-19 11:45:25.973 | 08:18   65ms 1355M 1451G 125/132U [Expand] Expanding to (122.5, 56.5)
2023-09-19 11:45:26.127 | 08:18   73ms 1670M 1455G 125/132U [Expand] Expanding to (122.5, 56.5)
2023-09-19 11:45:26.281 | 08:19   56ms 1690M 1455G 125/132U [Expand] Expanding to (122.5, 56.5)
2023-09-19 11:45:26.437 | 08:19   67ms 1705M 1467G 125/132U [Expand] Expanding to (122.5, 56.5)
2023-09-19 11:45:26.598 | 08:20   55ms 1715M 1467G 125/132U [Expand] Expanding to (122.5, 56.5)
2023-09-19 11:45:26.752 | 08:20   67ms 1425M 1471G 125/132U [Expand] Expanding to (122.5, 56.5)
2023-09-19 11:45:27.075 | 08:21   69ms 1455M 1483G 125/132U [Expand] Expanding to (122.5, 56.5)
2023-09-19 11:45:27.247 | 08:21   63ms 1475M 1487G 125/132U [Expand] Expanding to (122.5, 56.5)
2023-09-19 11:45:27.414 | 08:22   75ms 1485M 1487G 125/132U [Expand] Expanding to (122.5, 56.5)
2023-09-19 11:45:27.594 | 08:22   63ms 1500M 1499G 125/132U [Expand] Expanding to (122.5, 56.5)
2023-09-19 11:45:28.081 | 08:24   61ms 1540M 1515G 125/132U [Expand] Expanding to (122.5, 56.5)
2023-09-19 11:45:28.243 | 08:24   60ms 1550M 1515G 125/132U [Expand] Expanding to (122.5, 56.5)
2023-09-19 11:45:28.401 | 08:24   61ms 1565M 1519G 125/132U [Expand] Expanding to (122.5, 56.5)
2023-09-19 11:45:28.567 | 08:25   60ms 1240M 1523G 125/132U [ActUnit] ZERGLING from LARVA at (148.4, 56.8)
2023-09-19 11:45:28.725 | 08:25   66ms 1555M 1531G 126/132U [Expand] Expanding to (122.5, 56.5)
2023-09-19 11:45:28.729 | 08:25   66ms 1205M 1531G 126/132U [ActUnit] ZERGLING from LARVA at (170.6, 64.9)
2023-09-19 11:45:28.885 | 08:26   60ms 1515M 1535G 127/132U [Expand] Expanding to (122.5, 56.5)
2023-09-19 11:45:29.055 | 08:26   64ms 1520M 1539G 127/132U [Expand] Expanding to (122.5, 56.5)
2023-09-19 11:45:29.382 | 08:27   62ms 1565M 1551G 127/132U [Expand] Expanding to (122.5, 56.5)
2023-09-19 11:45:29.566 | 08:28   60ms 1570M 1551G 127/132U [Expand] Expanding to (122.5, 56.5)
2023-09-19 11:45:29.733 | 08:28   71ms 1880M 1563G 127/132U [Expand] Expanding to (122.5, 56.5)
2023-09-19 11:45:29.912 | 08:28   63ms 1890M 1567G 127/132U [Expand] Expanding to (122.5, 56.5)
2023-09-19 11:45:30.076 | 08:29   74ms 1915M 1567G 127/132U [Expand] Expanding to (122.5, 56.5)
2023-09-19 11:45:30.253 | 08:29   58ms 1625M 1575G 127/132U [Expand] Expanding to (122.5, 56.5)
2023-09-19 11:45:30.421 | 08:30   75ms 1940M 1579G 127/132U [Expand] Expanding to (122.5, 56.5)
2023-09-19 11:45:30.571 | 08:30   56ms 1945M 1583G 127/132U [Expand] Expanding to (122.5, 56.5)
2023-09-19 11:45:30.781 | 08:31   58ms 1960M 1587G 127/132U [Expand] Expanding to (122.5, 56.5)
2023-09-19 11:45:30.948 | 08:31   60ms 1685M 1595G 127/132U [Expand] Expanding to (122.5, 56.5)
2023-09-19 11:45:31.109 | 08:32   61ms 1700M 1599G 127/132U [Expand] Expanding to (122.5, 56.5)
2023-09-19 11:45:31.115 | 08:32   61ms 1400M 1599G 127/132U [Inject] injecting hatch (170.5, 67.5)
2023-09-19 11:45:31.279 | 08:32   62ms 2010M 1599G 126/132U [Expand] Expanding to (122.5, 56.5)
2023-09-19 11:45:31.464 | 08:32   67ms 2020M 1611G 126/132U [Expand] Expanding to (122.5, 56.5)
2023-09-19 11:45:31.469 | 08:32   67ms 1670M 1611G 126/132U [ActUnit] ZERGLING from LARVA at (170.5, 64.6)
2023-09-19 11:45:31.645 | 08:33   68ms 1985M 1615G 127/132U [Expand] Expanding to (122.5, 56.5)
2023-09-19 11:45:31.648 | 08:33   68ms 1635M 1615G 127/132U [ActUnit] ZERGLING from LARVA at (171.6, 64.7)
2023-09-19 11:45:31.820 | 08:33   67ms 1860M 1615G 128/132U [ActUnit] OVERLORD from LARVA at (169.9, 64.9)
2023-09-19 11:45:31.829 | 08:33   67ms 1860M 1615G 128/132U [Expand] Expanding to (122.5, 56.5)
2023-09-19 11:45:32.024 | 08:34   68ms 1570M 1623G 128/132U [Expand] Expanding to (122.5, 56.5)
2023-09-19 11:45:32.196 | 08:34   74ms 1575M 1627G 128/132U [Expand] Expanding to (122.5, 56.5)
2023-09-19 11:45:32.373 | 08:35   62ms 1890M 1631G 128/132U [Expand] Expanding to (122.5, 56.5)
2023-09-19 11:45:32.546 | 08:35   70ms 1910M 1635G 128/132U [Expand] Expanding to (122.5, 56.5)
2023-09-19 11:45:32.704 | 08:36   58ms 1830M 1643G 128/132U [ActUnit] OVERLORD from LARVA at (148.4, 56.5)
2023-09-19 11:45:32.712 | 08:36   58ms 1830M 1643G 128/132U [Expand] Expanding to (122.5, 56.5)
2023-09-19 11:45:32.877 | 08:36   61ms 1840M 1647G 128/132U [Expand] Expanding to (122.5, 56.5)
2023-09-19 11:45:33.045 | 08:36   60ms 1545M 1647G 128/132U [Expand] Expanding to (122.5, 56.5)
2023-09-19 11:45:33.049 | 08:36   60ms 1195M 1647G 128/132U [ActUnit] ZERGLING from LARVA at (170.5, 64.9)
2023-09-19 11:45:33.214 | 08:37   67ms 1510M 1659G 129/132U [Expand] Expanding to (122.5, 56.5)
2023-09-19 11:45:33.374 | 08:37   60ms 1835M 1663G 129/132U [Expand] Expanding to (122.5, 56.5)
2023-09-19 11:45:33.526 | 08:38   59ms 1845M 1663G 129/132U [Expand] Expanding to (122.5, 56.5)
2023-09-19 11:45:33.685 | 08:38   59ms 1855M 1675G 129/132U [Expand] Expanding to (122.5, 56.5)
2023-09-19 11:45:33.837 | 08:39   60ms 1865M 1675G 129/132U [Expand] Expanding to (122.5, 56.5)
2023-09-19 11:45:34.011 | 08:39   58ms 1590M 1679G 129/132U [Expand] Expanding to (122.5, 56.5)
2023-09-19 11:45:34.186 | 08:40   65ms 1605M 1683G 129/132U [Expand] Expanding to (122.5, 56.5)
2023-09-19 11:45:34.359 | 08:40   58ms 1915M 1691G 129/132U [Expand] Expanding to (122.5, 56.5)
2023-09-19 11:45:34.528 | 08:40   61ms 1925M 1695G 129/132U [Expand] Expanding to (122.5, 56.5)
2023-09-19 11:45:34.699 | 08:41   58ms 1940M 1699G 129/132U [Expand] Expanding to (122.5, 56.5)
2023-09-19 11:45:34.874 | 08:41   61ms 1960M 1707G 129/132U [Expand] Expanding to (122.5, 56.5)
2023-09-19 11:45:35.048 | 08:42   61ms 1675M 1711G 129/132U [Expand] Expanding to (122.5, 56.5)
2023-09-19 11:45:35.240 | 08:42   72ms 1685M 1711G 129/132U [Expand] Expanding to (122.5, 56.5)
2023-09-19 11:45:35.247 | 08:42   72ms 1385M 1711G 129/132U [Inject] injecting hatch (148.5, 59.5)
2023-09-19 11:45:35.413 | 08:43   64ms 1995M 1723G 129/132U [Expand] Expanding to (122.5, 56.5)
2023-09-19 11:45:35.577 | 08:43   73ms 2000M 1723G 129/132U [Expand] Expanding to (122.5, 56.5)
2023-09-19 11:45:35.741 | 08:44   59ms 2035M 1727G 129/132U [Expand] Expanding to (122.5, 56.5)
2023-09-19 11:45:35.745 | 08:44   59ms 1685M 1727G 129/132U [ActUnit] ZERGLING from LARVA at (147.6, 56.8)
2023-09-19 11:45:35.907 | 08:44   67ms 1990M 1731G 130/132U [Expand] Expanding to (122.5, 56.5)
2023-09-19 11:45:35.911 | 08:44   67ms 1640M 1731G 130/132U [ActUnit] ZERGLING from LARVA at (147.9, 56.7)
2023-09-19 11:45:36.076 | 08:45   60ms 1650M 1739G 131/132U [Expand] Expanding to (122.5, 56.5)
2023-09-19 11:45:36.080 | 08:45   60ms 1300M 1739G 131/132U [ActUnit] ZERGLING from LARVA at (148.2, 56.6)
2023-09-19 11:45:37.158 | 08:45   58ms 1640M 1747G 132/132U [Expand] Expanding to (122.5, 56.5)
2023-09-19 11:45:37.323 | 08:46   64ms 1655M 1755G 132/132U [Expand] Expanding to (122.5, 56.5)
2023-09-19 11:45:37.495 | 08:46   61ms 1665M 1759G 131/132U [Expand] Expanding to (122.5, 56.5)
2023-09-19 11:45:37.656 | 08:47   74ms 1670M 1759G 131/132U [Expand] Expanding to (122.5, 56.5)
2023-09-19 11:45:37.816 | 08:47   58ms 1335M 1771G 131/132U [ActUnit] ZERGLING from LARVA at (170.3, 64.7)
2023-09-19 11:45:38.127 | 08:48   55ms 1670M 1775G 132/132U [Expand] Expanding to (122.5, 56.5)
2023-09-19 11:45:38.277 | 08:49   58ms 1680M 1783G 132/132U [Expand] Expanding to (122.5, 56.5)
2023-09-19 11:45:38.427 | 08:49   56ms 1690M 1787G 132/132U [Expand] Expanding to (122.5, 56.5)
2023-09-19 11:45:38.731 | 08:50   54ms 1730M 1795G 132/132U [Expand] Expanding to (122.5, 56.5)
2023-09-19 11:45:38.885 | 08:50   60ms 2040M 1803G 132/132U [Expand] Expanding to (122.5, 56.5)
2023-09-19 11:45:39.047 | 08:51   61ms 2045M 1807G 132/132U [Expand] Expanding to (122.5, 56.5)
2023-09-19 11:45:39.202 | 08:51   59ms 1765M 1807G 132/132U [Expand] Expanding to (122.5, 56.5)
2023-09-19 11:45:39.353 | 08:52   57ms 2075M 1819G 132/140U [Expand] Expanding to (122.5, 56.5)
2023-09-19 11:45:39.356 | 08:52   57ms 1725M 1819G 132/140U [ActUnit] ZERGLING from LARVA at (148.4, 56.9)
2023-09-19 11:45:39.499 | 08:52   55ms 2045M 1823G 133/140U [Expand] Expanding to (122.5, 56.5)
2023-09-19 11:45:39.650 | 08:53   53ms 2060M 1823G 133/140U [Expand] Expanding to (122.5, 56.5)
2023-09-19 11:45:39.803 | 08:53   55ms 1770M 1835G 133/140U [Expand] Expanding to (122.5, 56.5)
2023-09-19 11:45:39.954 | 08:53   55ms 2085M 1835G 133/140U [Expand] Expanding to (122.5, 56.5)
2023-09-19 11:45:40.110 | 08:54   55ms 2105M 1839G 133/148U [Expand] Expanding to (122.5, 56.5)
2023-09-19 11:45:40.265 | 08:54   58ms 2115M 1843G 133/148U [Expand] Expanding to (122.5, 56.5)
2023-09-19 11:45:40.418 | 08:55   56ms 1825M 1851G 133/148U [Expand] Expanding to (122.5, 56.5)
2023-09-19 11:45:40.576 | 08:55   56ms 1840M 1855G 133/148U [Expand] Expanding to (122.5, 56.5)
2023-09-19 11:45:40.724 | 08:56   58ms 2150M 1855G 133/148U [Expand] Expanding to (122.5, 56.5)
2023-09-19 11:45:40.875 | 08:56   53ms 2170M 1867G 133/148U [Expand] Expanding to (122.5, 56.5)
2023-09-19 11:45:41.027 | 08:57   56ms 2190M 1871G 133/148U [Expand] Expanding to (122.5, 56.5)
2023-09-19 11:45:41.181 | 08:57   53ms 2195M 1871G 133/148U [Expand] Expanding to (122.5, 56.5)
2023-09-19 11:45:41.336 | 08:57   55ms 1905M 1883G 133/148U [Expand] Expanding to (122.5, 56.5)
2023-09-19 11:45:41.489 | 08:58   54ms 1930M 1883G 133/148U [Expand] Expanding to (122.5, 56.5)
2023-09-19 11:45:41.493 | 08:58   54ms 1580M 1883G 133/148U [ActUnit] ZERGLING from LARVA at (148.5, 56.6)
2023-09-19 11:45:41.644 | 08:58   57ms 2190M 1887G 134/148U [Expand] Expanding to (122.5, 56.5)
2023-09-19 11:45:41.647 | 08:58   57ms 1840M 1887G 134/148U [ActUnit] ZERGLING from LARVA at (170.0, 64.8)
2023-09-19 11:45:41.849 | 08:59   54ms 2155M 1895G 135/148U [Expand] Expanding to (122.5, 56.5)
2023-09-19 11:45:42.049 | 08:59  109ms 2170M 1899G 135/148U [Expand] Expanding to (122.5, 56.5)
2023-09-19 11:45:42.219 | 09:00  106ms 2185M 1903G 135/148U [Expand] Expanding to (122.5, 56.5)
2023-09-19 11:45:42.437 | 09:00   65ms 1905M 1907G 135/148U [Expand] Expanding to (122.5, 56.5)
2023-09-19 11:45:42.633 | 09:01   58ms 1910M 1915G 135/148U [GameAnalyzer] Predicted army advantage is now OverwhelmingAdvantage
2023-09-19 11:45:42.648 | 09:01   58ms 1910M 1915G 135/148U [Expand] Expanding to (122.5, 56.5)
2023-09-19 11:45:42.653 | 09:01   58ms 1610M 1915G 135/148U [Inject] injecting hatch (170.5, 67.5)
2023-09-19 11:45:42.814 | 09:01  112ms 2220M 1919G 135/148U [Expand] Expanding to (122.5, 56.5)
2023-09-19 11:45:42.981 | 09:01   66ms 2235M 1919G 135/148U [Expand] Expanding to (122.5, 56.5)
2023-09-19 11:45:42.985 | 09:01   66ms 1885M 1919G 135/148U [ActUnit] ZERGLING from LARVA at (170.5, 64.6)
2023-09-19 11:45:43.183 | 09:02   71ms 2200M 1931G 136/148U [Expand] Expanding to (122.5, 56.5)
2023-09-19 11:45:43.186 | 09:02   71ms 1850M 1931G 136/148U [ActUnit] ZERGLING from LARVA at (171.6, 64.8)
2023-09-19 11:45:43.343 | 09:02  105ms 2170M 1935G 137/148U [Expand] Expanding to (122.5, 56.5)
2023-09-19 11:45:43.347 | 09:02  105ms 1820M 1935G 137/148U [ActUnit] ZERGLING from LARVA at (171.8, 64.8)
2023-09-19 11:45:43.540 | 09:03   63ms 1830M 1935G 138/148U [Expand] Expanding to (122.5, 56.5)
2023-09-19 11:45:43.699 | 09:03  109ms 1840M 1947G 138/148U [Expand] Expanding to (122.5, 56.5)
2023-09-19 11:45:43.866 | 09:04   59ms 2155M 1947G 138/148U [Expand] Expanding to (122.5, 56.5)
2023-09-19 11:45:44.082 | 09:04   72ms 2175M 1951G 138/148U [Expand] Expanding to (122.5, 56.5)
2023-09-19 11:45:44.246 | 09:05  108ms 2190M 1955G 138/148U [Expand] Expanding to (122.5, 56.5)
2023-09-19 11:45:44.410 | 09:05   66ms 2195M 1963G 138/148U [Expand] Expanding to (122.5, 56.5)
2023-09-19 11:45:44.604 | 09:05   67ms 1910M 1967G 138/148U [Expand] Expanding to (122.5, 56.5)
2023-09-19 11:45:44.809 | 09:06   98ms 1930M 1967G 138/148U [Expand] Expanding to (122.5, 56.5)
2023-09-19 11:45:45.002 | 09:06  105ms 2245M 1979G 138/148U [Expand] Expanding to (122.5, 56.5)
2023-09-19 11:45:45.223 | 09:07  102ms 2260M 1983G 138/148U [Expand] Expanding to (122.5, 56.5)
2023-09-19 11:45:45.423 | 09:07  112ms 2265M 1983G 138/148U [Expand] Expanding to (122.5, 56.5)
2023-09-19 11:45:45.621 | 09:08  101ms 2275M 1995G 138/148U [Expand] Expanding to (122.5, 56.5)
2023-09-19 11:45:45.796 | 09:08  101ms 1995M 1995G 138/148U [Expand] Expanding to (122.5, 56.5)
2023-09-19 11:45:45.966 | 09:09   67ms 2010M 1999G 138/148U [Expand] Expanding to (122.5, 56.5)
2023-09-19 11:45:45.971 | 09:09   67ms 1660M 1999G 138/148U [ActUnit] ZERGLING from LARVA at (148.5, 56.6)
2023-09-19 11:45:46.116 | 09:09   60ms 2275M 2003G 139/148U [Expand] Expanding to (122.5, 56.5)
2023-09-19 11:45:46.120 | 09:09   60ms 1925M 2003G 139/148U [ActUnit] ZERGLING from LARVA at (170.5, 64.6)
2023-09-19 11:45:46.275 | 09:10   59ms 2230M 2011G 140/148U [Expand] Expanding to (122.5, 56.5)
2023-09-19 11:45:46.449 | 09:10   66ms 2250M 2015G 140/148U [Expand] Expanding to (122.5, 56.5)
2023-09-19 11:45:46.647 | 09:10   94ms 2265M 2019G 140/148U [Expand] Expanding to (122.5, 56.5)
2023-09-19 11:45:46.844 | 09:11  105ms 1980M 2027G 140/148U [Expand] Expanding to (122.5, 56.5)
2023-09-19 11:45:47.007 | 09:11  102ms 1985M 2031G 140/148U [Expand] Expanding to (122.5, 56.5)
2023-09-19 11:45:47.013 | 09:11  102ms 1685M 2031G 140/148U [Inject] injecting hatch (148.5, 59.5)
2023-09-19 11:45:47.210 | 09:12   65ms 2300M 2031G 140/148U [Expand] Expanding to (122.5, 56.5)
2023-09-19 11:45:47.323 | INFO     | sc2.protocol:_execute:72 - Client status changed to Status.ended (was Status.in_game)
2023-09-19 11:45:47.331 | Result: Victory
2023-09-19 11:45:47.331 | Duration: 09:12
2023-09-19 11:45:47.332 | Step time min: 6
2023-09-19 11:45:47.333 | Step time avg: 35
2023-09-19 11:45:47.333 | Step time max: 128
2023-09-19 11:45:47.334 | [LostUnitsContents] My lost units minerals and gas: (1425, 75)
2023-09-19 11:45:47.334 | [LostUnitsContents] My lost units minerals by score: 1425.0
2023-09-19 11:45:47.335 | [LostUnitsContents] Enemy lost units minerals and gas: (10950, 1075)
2023-09-19 11:45:47.336 | [LostUnitsContents] Enemy lost units minerals by score: 11275.0
2023-09-19 11:45:47.336 | [GameAnalyzerEnd] Own units:
2023-09-19 11:45:47.337 | [GameAnalyzerEnd] ZERGLING          total: 116 alive:  68 dead:  48 
2023-09-19 11:45:47.338 | [GameAnalyzerEnd] DRONE             total:  61 alive:  61 dead:   0 
2023-09-19 11:45:47.338 | [GameAnalyzerEnd] CREEPTUMOR        total:  36 alive:  36 dead:   0 
2023-09-19 11:45:47.339 | [GameAnalyzerEnd] OVERLORD          total:  16 alive:  16 dead:   0 
2023-09-19 11:45:47.339 | [GameAnalyzerEnd] ROACH             total:  11 alive:   8 dead:   3 
2023-09-19 11:45:47.340 | [GameAnalyzerEnd] EGG               total:   7 alive:   7 dead:   0 
2023-09-19 11:45:47.340 | [GameAnalyzerEnd] QUEEN             total:   5 alive:   5 dead:   0 
2023-09-19 11:45:47.341 | [GameAnalyzerEnd] MUTALISK          total:   4 alive:   4 dead:   0 
2023-09-19 11:45:47.341 | [GameAnalyzerEnd] EXTRACTOR         total:   4 alive:   4 dead:   0 
2023-09-19 11:45:47.342 | [GameAnalyzerEnd] CHANGELINGMARINESHIELD total:   2 alive:   2 dead:   0 
2023-09-19 11:45:47.342 | [GameAnalyzerEnd] SPINECRAWLER      total:   1 alive:   1 dead:   0 
2023-09-19 11:45:47.343 | [GameAnalyzerEnd] OVERSEER          total:   1 alive:   1 dead:   0 
2023-09-19 11:45:47.343 | [GameAnalyzerEnd] SPIRE             total:   1 alive:   1 dead:   0 
2023-09-19 11:45:47.344 | [GameAnalyzerEnd] ROACHWARREN       total:   1 alive:   1 dead:   0 
2023-09-19 11:45:47.344 | [GameAnalyzerEnd] HATCHERY          total:   1 alive:   1 dead:   0 
2023-09-19 11:45:47.345 | [GameAnalyzerEnd] LAIR              total:   1 alive:   1 dead:   0 
2023-09-19 11:45:47.345 | [GameAnalyzerEnd] SPAWNINGPOOL      total:   1 alive:   1 dead:   0 
2023-09-19 11:45:47.346 | [GameAnalyzerEnd] Enemy units:
2023-09-19 11:45:47.346 | [GameAnalyzerEnd] MARINE            total:  66 alive:   0 dead:  66 
2023-09-19 11:45:47.347 | [GameAnalyzerEnd] SCV               total:  52 alive:   0 dead:  52 
2023-09-19 11:45:47.347 | [GameAnalyzerEnd] BARRACKS          total:  12 alive:   0 dead:  12 
2023-09-19 11:45:47.348 | [GameAnalyzerEnd] SUPPLYDEPOT       total:  10 alive:   1 dead:   9 
2023-09-19 11:45:47.349 | [GameAnalyzerEnd] MARAUDER          total:   7 alive:   0 dead:   7 
2023-09-19 11:45:47.349 | [GameAnalyzerEnd] MEDIVAC           total:   4 alive:   0 dead:   4 
2023-09-19 11:45:47.350 | [GameAnalyzerEnd] TECHLAB           total:   3 alive:   0 dead:   3 
2023-09-19 11:45:47.350 | [GameAnalyzerEnd] ORBITALCOMMAND    total:   2 alive:   0 dead:   2 
2023-09-19 11:45:47.351 | [GameAnalyzerEnd] REFINERY          total:   2 alive:   0 dead:   2 
2023-09-19 11:45:47.351 | [GameAnalyzerEnd] STARPORT          total:   1 alive:   0 dead:   1 
2023-09-19 11:45:47.352 | [GameAnalyzerEnd] FACTORY           total:   1 alive:   0 dead:   1 
2023-09-19 11:45:47.353 | [GameAnalyzerEnd] ENGINEERINGBAY    total:   1 alive:   0 dead:   1 
2023-09-19 11:45:47.353 | [GameAnalyzerEnd] Minerals max 2265 Average 480
2023-09-19 11:45:47.354 | [GameAnalyzerEnd] Vespene max 2031 Average 503
2023-09-19 11:45:47.355 | INFO     | sc2.main:_play_game:228 - Result for player 2 - Bot LadderBot(Zerg): Victory
