2023-09-18 10:39:51.085 | INFO     | sc2.protocol:_execute:72 - Client status changed to Status.in_game (was None)
2023-09-18 10:39:51.086 | INFO     | sc2.main:_play_game:221 - Player 2 - Bot LadderBot(Zerg)
2023-09-18 10:39:51.317 | 00:00    0ms   50M    0G  12/ 14U [Version] 4.10.0.75689
2023-09-18 10:39:51.318 | 00:00    0ms   50M    0G  12/ 14U [Version] 5.0.6 Balance mod recognized.
2023-09-18 10:39:51.382 | 00:00    0ms   50M    0G  12/ 14U [ZoneManager] Map set to: MapName.Unknown from name: Berlingrad AIE and hash: 3586864.
2023-09-18 10:39:51.870 | [DataManager] No BuildDetector found, enemy build data cannot be saved
2023-09-18 10:39:51.893 | [Start] My race: Zerg
2023-09-18 10:39:51.893 | [Start] Opponent race: Terran
2023-09-18 10:39:51.894 | [Start] OpponentId: 1
2023-09-18 10:39:54.148 | 00:16    7ms  210M    0G  12/ 14U [ActBuilding] 1. SPAWNINGPOOL near (111.5, 25.3)
2023-09-18 10:39:54.822 | 00:24    6ms    0M    0G  11/ 14U [ActUnit] OVERLORD from LARVA at (120.4, 21.5)
2023-09-18 10:39:55.322 | 00:29    7ms    5M    0G  11/ 14U [ActUnit] DRONE from LARVA at (121.4, 21.6)
2023-09-18 10:39:55.806 | 00:33    6ms    0M    0G  12/ 14U [ActUnit] DRONE from LARVA at (119.4, 21.8)
2023-09-18 10:39:56.295 | 00:38    8ms    0M    0G  13/ 14U [ActUnit] DRONE from LARVA at (120.4, 21.8)
2023-09-18 10:40:00.296 | 01:06   21ms  280M    0G  14/ 22U [ActUnit] ZERGLING from LARVA at (119.9, 21.4)
2023-09-18 10:40:00.369 | 01:06   22ms  230M    0G  15/ 22U [ActUnit] ZERGLING from LARVA at (120.8, 21.9)
2023-09-18 10:40:00.591 | 01:07   61ms  200M    0G  16/ 22U [ActUnit] ZERGLING from LARVA at (120.4, 21.8)
2023-09-18 10:40:03.130 | 01:18   21ms  290M    0G  17/ 22U [ActUnit] ZERGLING from LARVA at (120.3, 21.6)
2023-09-18 10:40:04.171 | 01:23   20ms  360M    0G  18/ 22U [GameAnalyzer] Known army advantage is now SlightAdvantage
2023-09-18 10:40:04.172 | 01:23   20ms  360M    0G  18/ 22U [GameAnalyzer] Predicted army advantage is now SlightAdvantage
2023-09-18 10:40:04.599 | 01:25   57ms  395M    0G  18/ 22U [PlanZoneAttack2] Power 3.00 is larger than required attack power 2.00 -> attack!
2023-09-18 10:40:04.599 | 01:25   57ms  395M    0G  18/ 22U [PlanZoneAttack2] Attack started at 3.00 power.
2023-09-18 10:40:04.803 | 01:26   21ms  400M    0G  18/ 22U [GameAnalyzer] Income advantage is now SlightDisadvantage
2023-09-18 10:40:05.241 | 01:28   14ms  360M    0G  18/ 22U [ActUnit] ZERGLING from LARVA at (120.3, 21.7)
2023-09-18 10:40:06.870 | 01:39   12ms  350M    0G  19/ 22U [ActUnit] ZERGLING from LARVA at (120.4, 21.4)
2023-09-18 10:40:07.883 | 01:46   13ms  375M    0G  20/ 22U [GameAnalyzer] Known army advantage is now SmallAdvantage
2023-09-18 10:40:07.883 | 01:46   13ms  375M    0G  20/ 22U [GameAnalyzer] Predicted army advantage is now SmallAdvantage
2023-09-18 10:40:08.533 | 01:50   14ms  340M    0G  20/ 22U [ActUnit] ZERGLING from LARVA at (120.7, 21.5)
2023-09-18 10:40:11.435 | 02:00   84ms  325M    0G  21/ 22U [ActUnit] ZERGLING from LARVA at (120.7, 21.7)
2023-09-18 10:40:14.605 | 02:11   95ms  265M    0G  22/ 22U [ActUnit] OVERLORD from LARVA at (120.6, 21.9)
2023-09-18 10:40:17.020 | 02:19   69ms  290M    0G  22/ 22U [GameAnalyzer] Income advantage is now SmallDisadvantage
2023-09-18 10:40:18.157 | 02:23   22ms  260M    0G  21/ 22U [ActUnit] ZERGLING from LARVA at (120.8, 21.8)
2023-09-18 10:40:20.241 | 02:33   31ms  245M    0G  17/ 30U [ActUnit] DRONE from LARVA at (120.7, 21.8)
2023-09-18 10:40:20.691 | 02:35   17ms  250M    0G  13/ 30U [GameAnalyzer] Known army advantage is now SlightAdvantage
2023-09-18 10:40:20.692 | 02:35   17ms  250M    0G  13/ 30U [GameAnalyzer] Predicted army advantage is now SlightAdvantage
2023-09-18 10:40:22.277 | 02:43   19ms  235M    0G   8/ 30U [ActUnit] DRONE from LARVA at (120.3, 21.5)
2023-09-18 10:40:25.127 | 02:54   16ms  230M    0G   9/ 30U [ActUnit] DRONE from LARVA at (120.4, 21.4)
2023-09-18 10:40:25.507 | 02:56   18ms  235M    0G  10/ 30U [GameAnalyzer] Income advantage is now SlightDisadvantage
2023-09-18 10:40:26.058 | 02:59   12ms  255M    0G   8/ 30U [GameAnalyzer] Known army advantage is now Even
2023-09-18 10:40:26.059 | 02:59   12ms  255M    0G   8/ 30U [GameAnalyzer] Predicted army advantage is now Even
2023-09-18 10:40:27.020 | 03:05   14ms  235M    0G   8/ 30U [ActUnit] DRONE from LARVA at (120.4, 21.9)
2023-09-18 10:40:28.301 | 03:12   11ms  280M    0G   9/ 30U [GameAnalyzer] Known army advantage is now SlightDisadvantage
2023-09-18 10:40:28.302 | 03:12   11ms  280M    0G   9/ 30U [GameAnalyzer] Predicted army advantage is now SlightDisadvantage
2023-09-18 10:40:28.854 | 03:15   14ms  250M    0G   9/ 30U [ActUnit] DRONE from LARVA at (120.5, 21.4)
2023-09-18 10:40:29.788 | 03:21   16ms  285M    0G   9/ 30U [PlanZoneAttack2] No attacking units, starting retreat
2023-09-18 10:40:30.721 | 03:26   11ms  265M    0G   9/ 30U [ActUnit] DRONE from LARVA at (120.3, 21.8)
2023-09-18 10:40:32.500 | 03:37   12ms  305M    0G  10/ 30U [ActUnit] DRONE from LARVA at (120.6, 21.4)
2023-09-18 10:40:33.178 | 03:41   11ms  345M    0G  11/ 30U [PlanZoneAttack2] Retreat stopped.
2023-09-18 10:40:35.280 | 03:48   14ms  345M    0G  11/ 30U [ActUnit] DRONE from LARVA at (120.7, 21.5)
2023-09-18 10:40:35.587 | 03:49   13ms  370M    0G  12/ 30U [GameAnalyzer] Income advantage is now Even
2023-09-18 10:40:37.184 | 03:58   14ms  410M    0G  12/ 30U [ActUnit] DRONE from LARVA at (120.3, 21.6)
2023-09-18 10:40:39.107 | 04:09   11ms  475M    0G  13/ 30U [ActUnit] DRONE from LARVA at (120.3, 21.5)
2023-09-18 10:40:40.972 | 04:20   12ms  555M    0G  14/ 30U [ActUnit] ZERGLING from LARVA at (120.4, 21.4)
2023-09-18 10:40:42.885 | 04:30   14ms  640M    0G  15/ 30U [ActUnit] ZERGLING from LARVA at (120.7, 21.5)
2023-09-18 10:40:44.752 | 04:41   12ms  735M    0G  16/ 30U [ActUnit] ZERGLING from LARVA at (120.6, 21.4)
2023-09-18 10:40:46.049 | 04:43   13ms  770M    0G  17/ 30U [GameAnalyzer] Known army advantage is now SmallDisadvantage
2023-09-18 10:40:46.050 | 04:43   13ms  770M    0G  17/ 30U [GameAnalyzer] Predicted army advantage is now SmallDisadvantage
2023-09-18 10:40:47.608 | 04:52   17ms  835M    0G  16/ 30U [ActUnit] ZERGLING from LARVA at (120.7, 21.7)
2023-09-18 10:40:47.991 | 04:54   11ms  860M    0G  16/ 30U [GameAnalyzer] Known army advantage is now SlightDisadvantage
2023-09-18 10:40:47.992 | 04:54   11ms  860M    0G  16/ 30U [GameAnalyzer] Predicted army advantage is now SlightDisadvantage
2023-09-18 10:40:49.459 | 05:03   14ms  930M    0G  15/ 30U [ActUnit] ZERGLING from LARVA at (120.4, 21.7)
2023-09-18 10:40:50.448 | 05:08   17ms 1005M    0G  16/ 30U [GameAnalyzer] Income advantage is now SmallDisadvantage
2023-09-18 10:40:51.528 | 05:13   21ms  955M    0G  14/ 30U [ActUnit] DRONE from LARVA at (120.3, 21.4)
2023-09-18 10:40:52.803 | 05:20   15ms  955M    0G  15/ 30U [GameAnalyzer] Income advantage is now SlightDisadvantage
2023-09-18 10:40:52.935 | 05:21   10ms  955M    0G  15/ 30U [GameAnalyzer] Known army advantage is now SlightAdvantage
2023-09-18 10:40:52.936 | 05:21   10ms  955M    0G  15/ 30U [GameAnalyzer] Predicted army advantage is now SlightAdvantage
2023-09-18 10:40:53.558 | 05:24   12ms  970M    0G  15/ 30U [GameAnalyzer] Income advantage is now Even
2023-09-18 10:40:53.559 | 05:24   12ms  920M    0G  15/ 30U [ActUnit] DRONE from LARVA at (120.4, 21.6)
2023-09-18 10:40:55.196 | 05:35   15ms  945M    0G  16/ 30U [ActUnit] ZERGLING from LARVA at (120.7, 21.5)
2023-09-18 10:40:57.202 | 05:45   14ms 1035M    0G  17/ 30U [ActUnit] ZERGLING from LARVA at (120.3, 21.8)
2023-09-18 10:40:58.527 | 05:52   12ms 1130M    0G  18/ 30U [PlanZoneAttack2] Power 3.00 is larger than required attack power 2.00 -> attack!
2023-09-18 10:40:58.528 | 05:52   12ms 1130M    0G  18/ 30U [PlanZoneAttack2] Attack started at 3.00 power.
2023-09-18 10:40:58.694 | 05:53   18ms 1130M    0G  18/ 30U [GameAnalyzer] Income advantage is now SmallDisadvantage
2023-09-18 10:41:00.145 | 05:56   21ms 1100M    0G  18/ 30U [ActUnit] ZERGLING from LARVA at (120.3, 21.4)
2023-09-18 10:41:02.156 | 06:07   19ms 1090M    0G  19/ 30U [ActUnit] ZERGLING from LARVA at (120.6, 21.5)
2023-09-18 10:41:03.388 | 06:14   15ms 1115M    0G  20/ 30U [GameAnalyzer] Known army advantage is now SmallAdvantage
2023-09-18 10:41:03.390 | 06:14   15ms 1115M    0G  20/ 30U [GameAnalyzer] Predicted army advantage is now SmallAdvantage
2023-09-18 10:41:04.141 | 06:18   22ms 1085M    0G  20/ 30U [ActUnit] ZERGLING from LARVA at (120.6, 21.7)
2023-09-18 10:41:05.045 | 06:22   22ms 1095M    0G  21/ 30U [GameAnalyzer] Known army advantage is now SlightAdvantage
2023-09-18 10:41:05.046 | 06:22   22ms 1095M    0G  21/ 30U [GameAnalyzer] Predicted army advantage is now SlightAdvantage
2023-09-18 10:41:05.514 | 06:24   17ms 1110M    0G  21/ 30U [GameAnalyzer] Known army advantage is now SmallAdvantage
2023-09-18 10:41:05.515 | 06:24   17ms 1110M    0G  21/ 30U [GameAnalyzer] Predicted army advantage is now SmallAdvantage
2023-09-18 10:41:06.225 | 06:28   19ms 1070M    0G  21/ 30U [ActUnit] ZERGLING from LARVA at (120.6, 21.4)
2023-09-18 10:41:08.352 | 06:39   26ms 1065M    0G  19/ 30U [ActUnit] DRONE from LARVA at (120.4, 21.9)
2023-09-18 10:41:10.490 | 06:50   19ms 1055M    0G  10/ 30U [ActUnit] DRONE from LARVA at (120.7, 21.4)
2023-09-18 10:41:10.664 | 06:51   23ms 1055M    0G  11/ 30U [GameAnalyzer] Known army advantage is now SlightAdvantage
2023-09-18 10:41:10.664 | 06:51   23ms 1055M    0G  11/ 30U [GameAnalyzer] Predicted army advantage is now SlightAdvantage
2023-09-18 10:41:12.361 | 07:00   14ms 1055M    0G   9/ 30U [ActUnit] DRONE from LARVA at (120.7, 21.6)
2023-09-18 10:41:12.686 | 07:02   18ms 1055M    0G  10/ 30U [GameAnalyzer] Income advantage is now SlightDisadvantage
2023-09-18 10:41:15.093 | 07:11   14ms 1060M    0G  10/ 30U [ActUnit] DRONE from LARVA at (120.3, 21.5)
2023-09-18 10:41:16.981 | 07:19   26ms 1110M    0G  11/ 30U [GameAnalyzer] Known army advantage is now SlightDisadvantage
2023-09-18 10:41:16.982 | 07:19   26ms 1110M    0G  11/ 30U [GameAnalyzer] Predicted army advantage is now SlightDisadvantage
2023-09-18 10:41:17.678 | 07:22   16ms 1080M    0G  10/ 30U [ActUnit] DRONE from LARVA at (120.3, 21.8)
2023-09-18 10:41:18.233 | 07:25   14ms 1105M    0G   9/ 30U [PlanZoneAttack2] No attacking units, starting retreat
2023-09-18 10:41:19.468 | 07:33   13ms 1110M    0G   9/ 30U [ActUnit] DRONE from LARVA at (120.7, 21.8)
2023-09-18 10:41:21.168 | 07:43   13ms 1145M    0G  10/ 30U [ActUnit] DRONE from LARVA at (120.6, 21.7)
2023-09-18 10:41:21.466 | 07:45   14ms 1160M    0G  11/ 30U [PlanZoneAttack2] Retreat stopped.
2023-09-18 10:41:22.929 | 07:54   12ms 1200M    0G  11/ 30U [ActUnit] DRONE from LARVA at (120.4, 21.4)
2023-09-18 10:41:23.237 | 07:56   13ms 1220M    0G  12/ 30U [GameAnalyzer] Income advantage is now Even
2023-09-18 10:41:24.840 | 08:05   12ms 1250M    0G  12/ 30U [ActUnit] DRONE from LARVA at (120.4, 21.5)
2023-09-18 10:41:27.455 | 08:15   14ms 1320M    0G  13/ 30U [ActUnit] DRONE from LARVA at (120.4, 21.5)
2023-09-18 10:41:29.191 | 08:26   15ms 1395M    0G  14/ 30U [ActUnit] ZERGLING from LARVA at (120.3, 21.7)
2023-09-18 10:41:31.142 | 08:37   13ms 1490M    0G  15/ 30U [ActUnit] ZERGLING from LARVA at (120.5, 21.9)
2023-09-18 10:41:32.965 | 08:48   16ms 1585M    0G  16/ 30U [ActUnit] ZERGLING from LARVA at (120.6, 21.4)
2023-09-18 10:41:34.769 | 08:58   19ms 1685M    0G  17/ 30U [ActUnit] ZERGLING from LARVA at (120.5, 21.4)
2023-09-18 10:41:37.556 | 09:09   14ms 1785M    0G  16/ 30U [ActUnit] ZERGLING from LARVA at (120.5, 21.9)
2023-09-18 10:41:39.449 | 09:20   18ms 1890M    0G  16/ 30U [ActUnit] ZERGLING from LARVA at (120.4, 21.4)
2023-09-18 10:41:41.288 | 09:30   14ms 1980M    0G  15/ 30U [ActUnit] ZERGLING from LARVA at (120.5, 21.9)
2023-09-18 10:41:43.114 | 09:41   12ms 2080M    0G  15/ 30U [ActUnit] ZERGLING from LARVA at (120.4, 21.4)
2023-09-18 10:41:44.153 | 09:47   18ms 2165M    0G  16/ 30U [GameAnalyzer] Income advantage is now SmallDisadvantage
2023-09-18 10:41:44.998 | 09:52   16ms 2130M    0G  15/ 30U [ActUnit] DRONE from LARVA at (120.5, 21.4)
2023-09-18 10:41:45.388 | 09:54   11ms 2140M    0G  16/ 30U [GameAnalyzer] Known army advantage is now SlightAdvantage
2023-09-18 10:41:45.389 | 09:54   11ms 2140M    0G  16/ 30U [GameAnalyzer] Predicted army advantage is now SlightAdvantage
2023-09-18 10:41:45.483 | 09:55   17ms 2140M    0G  16/ 30U [GameAnalyzer] Income advantage is now Even
2023-09-18 10:41:47.744 | 10:03   15ms 2135M    0G  16/ 30U [ActUnit] ZERGLING from LARVA at (120.6, 21.4)
2023-09-18 10:41:49.592 | 10:13   15ms 2225M    0G  17/ 30U [ActUnit] ZERGLING from LARVA at (120.7, 21.5)
2023-09-18 10:41:50.727 | 10:20   11ms 2320M    0G  18/ 30U [PlanZoneAttack2] Power 2.99 is larger than required attack power 2.00 -> attack!
2023-09-18 10:41:50.728 | 10:20   11ms 2320M    0G  18/ 30U [PlanZoneAttack2] Attack started at 2.99 power.
2023-09-18 10:41:50.878 | 10:21   16ms 2325M    0G  18/ 30U [GameAnalyzer] Income advantage is now SmallDisadvantage
2023-09-18 10:41:51.457 | 10:24   23ms 2290M    0G  18/ 30U [ActUnit] ZERGLING from LARVA at (120.6, 21.5)
2023-09-18 10:41:53.304 | 10:35   22ms 2280M    0G  19/ 30U [ActUnit] ZERGLING from LARVA at (120.4, 21.8)
2023-09-18 10:41:54.426 | 10:41   16ms 2310M    0G  20/ 30U [GameAnalyzer] Known army advantage is now SmallAdvantage
2023-09-18 10:41:54.427 | 10:41   16ms 2310M    0G  20/ 30U [GameAnalyzer] Predicted army advantage is now SmallAdvantage
2023-09-18 10:41:55.115 | 10:45   20ms 2270M    0G  20/ 30U [ActUnit] ZERGLING from LARVA at (120.3, 21.7)
2023-09-18 10:41:56.987 | 10:56   25ms 2260M    0G  21/ 30U [ActUnit] ZERGLING from LARVA at (120.4, 21.5)
2023-09-18 10:42:00.098 | 11:07   28ms 2250M    0G  19/ 30U [ActUnit] DRONE from LARVA at (120.6, 21.9)
2023-09-18 10:42:02.098 | 11:18   21ms 2245M    0G  17/ 30U [ActUnit] DRONE from LARVA at (120.4, 21.4)
2023-09-18 10:42:02.472 | 11:20   19ms 2250M    0G  16/ 30U [GameAnalyzer] Known army advantage is now SlightAdvantage
2023-09-18 10:42:02.473 | 11:20   19ms 2250M    0G  16/ 30U [GameAnalyzer] Predicted army advantage is now SlightAdvantage
2023-09-18 10:42:03.898 | 11:28   17ms 2245M    0G  10/ 30U [ActUnit] DRONE from LARVA at (120.7, 21.7)
2023-09-18 10:42:04.175 | 11:30   17ms 2245M    0G  11/ 30U [GameAnalyzer] Income advantage is now SlightDisadvantage
2023-09-18 10:42:05.699 | 11:39   15ms 2250M    0G  11/ 30U [ActUnit] DRONE from LARVA at (120.5, 21.8)
2023-09-18 10:42:07.454 | 11:50   20ms 2270M    0G  11/ 30U [ActUnit] DRONE from LARVA at (120.3, 21.4)
2023-09-18 10:42:07.819 | 11:52   13ms 2285M    0G  11/ 30U [GameAnalyzer] Known army advantage is now Even
2023-09-18 10:42:07.820 | 11:52   13ms 2285M    0G  11/ 30U [GameAnalyzer] Predicted army advantage is now Even
2023-09-18 10:42:08.037 | 11:53   15ms 2290M    0G  11/ 30U [GameAnalyzer] Known army advantage is now SlightDisadvantage
2023-09-18 10:42:08.038 | 11:53   15ms 2290M    0G  11/ 30U [GameAnalyzer] Predicted army advantage is now SlightDisadvantage
2023-09-18 10:42:08.716 | 11:58   15ms 2325M    0G   9/ 30U [PlanZoneAttack2] No attacking units, starting retreat
2023-09-18 10:42:09.107 | 12:00   14ms 2290M    0G   9/ 30U [ActUnit] DRONE from LARVA at (120.4, 21.4)
2023-09-18 10:42:11.545 | 12:11   13ms 2330M    0G  10/ 30U [ActUnit] DRONE from LARVA at (120.5, 21.4)
2023-09-18 10:42:12.501 | 12:18   10ms 2395M    0G  11/ 30U [PlanZoneAttack2] Retreat stopped.
2023-09-18 10:42:13.126 | 12:22   12ms 2380M    0G  11/ 30U [ActUnit] DRONE from LARVA at (120.7, 21.8)
2023-09-18 10:42:13.385 | 12:24   13ms 2400M    0G  12/ 30U [GameAnalyzer] Income advantage is now Even
2023-09-18 10:42:14.704 | 12:33   13ms 2440M    0G  12/ 30U [ActUnit] DRONE from LARVA at (120.3, 21.7)
2023-09-18 10:42:16.259 | 12:43   13ms 2500M    0G  13/ 30U [ActUnit] DRONE from LARVA at (120.4, 21.4)
2023-09-18 10:42:17.914 | 12:54   13ms 2585M    0G  14/ 30U [ActUnit] ZERGLING from LARVA at (120.7, 21.5)
2023-09-18 10:42:19.551 | 13:05   13ms 2660M    0G  15/ 30U [ActUnit] ZERGLING from LARVA at (120.6, 21.8)
2023-09-18 10:42:22.073 | 13:15   14ms 2765M    0G  16/ 30U [ActUnit] ZERGLING from LARVA at (120.5, 21.8)
2023-09-18 10:42:23.254 | 13:23   11ms 2860M    0G  16/ 30U [GameAnalyzer] Known army advantage is now SmallDisadvantage
2023-09-18 10:42:23.255 | 13:23   11ms 2860M    0G  16/ 30U [GameAnalyzer] Predicted army advantage is now SmallDisadvantage
2023-09-18 10:42:23.760 | 13:26   16ms 2850M    0G  15/ 30U [ActUnit] ZERGLING from LARVA at (120.7, 21.7)
2023-09-18 10:42:25.551 | 13:37   14ms 2950M    0G  15/ 30U [ActUnit] ZERGLING from LARVA at (120.3, 21.7)
2023-09-18 10:42:27.359 | 13:48   13ms 3040M    0G  15/ 30U [ActUnit] ZERGLING from LARVA at (120.6, 21.4)
2023-09-18 10:42:27.572 | 13:49   11ms 3060M    0G  16/ 30U [ActBuilding] 1. SPAWNINGPOOL near (125.4, 32.1)
2023-09-18 10:42:27.762 | 13:50   18ms 3065M    0G  16/ 30U [GameAnalyzer] Income advantage is now SmallDisadvantage
2023-09-18 10:42:27.765 | 13:50   18ms 3065M    0G  16/ 30U [ActBuilding] 1. SPAWNINGPOOL near (122.0, 33.4)
2023-09-18 10:42:27.867 | 13:50   25ms 3065M    0G  16/ 30U [ActBuilding] 1. SPAWNINGPOOL near (114.2, 31.0)
2023-09-18 10:42:27.954 | 13:51   21ms 3065M    0G  16/ 30U [ActBuilding] 1. SPAWNINGPOOL near (115.3, 31.9)
2023-09-18 10:42:28.056 | 13:51   24ms 3065M    0G  16/ 30U [ActBuilding] 1. SPAWNINGPOOL near (111.6, 25.6)
2023-09-18 10:42:28.141 | 13:52   19ms 3065M    0G  16/ 30U [ActBuilding] 1. SPAWNINGPOOL near (112.4, 20.6)
2023-09-18 10:42:28.248 | 13:52   24ms 3065M    0G  16/ 30U [ActBuilding] 1. SPAWNINGPOOL near (118.0, 33.1)
2023-09-18 10:42:28.439 | 13:53   21ms 3065M    0G  16/ 30U [ActBuilding] 1. SPAWNINGPOOL near (114.5, 31.2)
2023-09-18 10:42:28.631 | 13:54   23ms 3065M    0G  16/ 30U [ActBuilding] 1. SPAWNINGPOOL near (111.5, 23.8)
2023-09-18 10:42:28.714 | 13:54   20ms 3065M    0G  16/ 30U [ActBuilding] 1. SPAWNINGPOOL near (113.9, 30.6)
2023-09-18 10:42:28.892 | 13:55   15ms 3065M    0G  14/ 30U [ActBuilding] 1. SPAWNINGPOOL near (111.7, 22.7)
2023-09-18 10:42:29.001 | 13:56   22ms 3065M    0G  14/ 30U [ActBuilding] 1. SPAWNINGPOOL near (117.7, 33.1)
2023-09-18 10:42:29.181 | 13:57   20ms 3065M    0G  14/ 30U [ActBuilding] 1. SPAWNINGPOOL near (121.3, 33.5)
2023-09-18 10:42:29.258 | 13:57   18ms 3065M    0G  14/ 30U [ActBuilding] 1. SPAWNINGPOOL near (111.8, 26.8)
2023-09-18 10:42:29.424 | 13:58   14ms 3065M    0G  14/ 30U [ActBuilding] 1. SPAWNINGPOOL near (122.3, 33.3)
2023-09-18 10:42:29.527 | 13:58   24ms 3065M    0G  14/ 30U [ActBuilding] 1. SPAWNINGPOOL near (112.0, 21.7)
2023-09-18 10:42:29.600 | 13:59   19ms 3065M    0G  14/ 30U [ActBuilding] 1. SPAWNINGPOOL near (120.1, 33.5)
2023-09-18 10:42:29.957 | 14:01   15ms 2865M    0G  14/ 30U [GameAnalyzer] Known army advantage is now SlightDisadvantage
2023-09-18 10:42:29.959 | 14:01   15ms 2865M    0G  14/ 30U [GameAnalyzer] Predicted army advantage is now SlightDisadvantage
2023-09-18 10:42:30.278 | 14:02   14ms 2815M    0G  13/ 30U [ActUnit] DRONE from LARVA at (120.2, 21.7)
2023-09-18 10:42:31.956 | 14:06   17ms 2820M    0G  14/ 30U [GameAnalyzer] Income advantage is now Even
2023-09-18 10:42:32.535 | 14:09   15ms 2775M    0G  14/ 30U [ActUnit] DRONE from LARVA at (120.5, 21.9)
2023-09-18 10:42:33.534 | 14:11   22ms 2780M    0G  14/ 30U [GameAnalyzer] Known army advantage is now Even
2023-09-18 10:42:33.535 | 14:11   22ms 2780M    0G  14/ 30U [GameAnalyzer] Predicted army advantage is now Even
2023-09-18 10:42:35.109 | 14:17   62ms 2810M    0G  14/ 30U [GameAnalyzer] Known army advantage is now SlightAdvantage
2023-09-18 10:42:35.114 | 14:17   62ms 2810M    0G  14/ 30U [GameAnalyzer] Predicted army advantage is now SlightAdvantage
2023-09-18 10:42:35.981 | 14:20   80ms 2795M    0G  14/ 30U [ActUnit] DRONE from LARVA at (120.4, 21.8)
2023-09-18 10:42:42.599 | 14:41   82ms 3055M    0G  15/ 30U [GameAnalyzer] Income advantage is now SlightDisadvantage
2023-09-18 10:42:43.236 | 14:43   62ms 3075M    0G  15/ 30U [GameAnalyzer] Income advantage is now Even
2023-09-18 10:42:44.733 | 14:49   67ms 3075M    0G  15/ 30U [ActUnit] ZERGLING from LARVA at (120.4, 21.6)
2023-09-18 10:42:44.821 | 14:49   87ms 3030M    0G  16/ 30U [ActUnit] ZERGLING from LARVA at (120.4, 21.6)
2023-09-18 10:42:45.530 | 14:52   82ms 3010M    0G  17/ 30U [ActUnit] ZERGLING from LARVA at (120.5, 21.9)
2023-09-18 10:42:48.510 | 15:03   94ms 3065M    0G  18/ 30U [ActUnit] ZERGLING from LARVA at (120.6, 21.8)
2023-09-18 10:42:50.640 | 15:07   66ms 3105M    0G  19/ 30U [PlanZoneAttack2] Power 2.94 is larger than required attack power 2.00 -> attack!
2023-09-18 10:42:50.641 | 15:07   66ms 3105M    0G  19/ 30U [PlanZoneAttack2] Attack started at 2.94 power.
2023-09-18 10:42:50.890 | 15:08   55ms 3105M    0G  19/ 30U [GameAnalyzer] Income advantage is now SmallDisadvantage
2023-09-18 10:42:52.619 | 15:13   97ms 3075M    0G  19/ 30U [ActUnit] ZERGLING from LARVA at (120.7, 21.7)
2023-09-18 10:42:54.382 | 15:20   15ms 3110M    0G  20/ 30U [GameAnalyzer] Known army advantage is now SmallAdvantage
2023-09-18 10:42:54.383 | 15:20   15ms 3110M    0G  20/ 30U [GameAnalyzer] Predicted army advantage is now SmallAdvantage
2023-09-18 10:42:55.199 | 15:24   25ms 3120M    0G  20/ 30U [GameAnalyzer] Known army advantage is now SlightAdvantage
2023-09-18 10:42:55.200 | 15:24   25ms 3120M    0G  20/ 30U [GameAnalyzer] Predicted army advantage is now SlightAdvantage
2023-09-18 10:42:55.201 | 15:24   25ms 3070M    0G  20/ 30U [ActUnit] ZERGLING from LARVA at (120.5, 21.9)
2023-09-18 10:42:55.657 | 15:26   17ms 3080M    0G  21/ 30U [GameAnalyzer] Known army advantage is now Even
2023-09-18 10:42:55.658 | 15:26   17ms 3080M    0G  21/ 30U [GameAnalyzer] Predicted army advantage is now Even
2023-09-18 10:42:56.745 | 15:31   16ms 3100M    0G  21/ 30U [GameAnalyzer] Known army advantage is now SlightAdvantage
2023-09-18 10:42:56.746 | 15:31   16ms 3100M    0G  21/ 30U [GameAnalyzer] Predicted army advantage is now SlightAdvantage
2023-09-18 10:42:56.933 | 15:32   16ms 3105M    0G  21/ 30U [GameAnalyzer] Known army advantage is now SmallAdvantage
2023-09-18 10:42:56.935 | 15:32   16ms 3105M    0G  21/ 30U [GameAnalyzer] Predicted army advantage is now SmallAdvantage
2023-09-18 10:42:57.673 | 15:35   18ms 3070M    0G  21/ 30U [ActUnit] ZERGLING from LARVA at (120.3, 21.5)
2023-09-18 10:43:00.476 | 15:45  100ms 3060M    0G  22/ 30U [ActUnit] ZERGLING from LARVA at (120.7, 21.5)
2023-09-18 10:43:04.119 | 15:56   97ms 3055M    0G  23/ 30U [ActUnit] ZERGLING from LARVA at (120.5, 21.4)
2023-09-18 10:43:08.216 | 16:07  100ms 3050M    0G  24/ 30U [ActUnit] ZERGLING from LARVA at (120.7, 21.7)
2023-09-18 10:43:10.842 | 16:18   30ms 3045M    0G  22/ 30U [ActUnit] ZERGLING from LARVA at (120.5, 21.4)
2023-09-18 10:43:13.089 | 16:28   22ms 3040M    0G  11/ 30U [ActUnit] DRONE from LARVA at (120.5, 21.9)
2023-09-18 10:43:13.167 | 16:29   19ms 3040M    0G  11/ 30U [GameAnalyzer] Known army advantage is now SlightAdvantage
2023-09-18 10:43:13.168 | 16:29   19ms 3040M    0G  11/ 30U [GameAnalyzer] Predicted army advantage is now SlightAdvantage
2023-09-18 10:43:13.508 | 16:31   15ms 3050M    0G   9/ 30U [GameAnalyzer] Known army advantage is now SlightDisadvantage
2023-09-18 10:43:13.510 | 16:31   15ms 3050M    0G   9/ 30U [GameAnalyzer] Predicted army advantage is now SlightDisadvantage
2023-09-18 10:43:14.252 | 16:35   15ms 3070M    0G   9/ 30U [GameAnalyzer] Known army advantage is now Even
2023-09-18 10:43:14.253 | 16:35   15ms 3070M    0G   9/ 30U [GameAnalyzer] Predicted army advantage is now Even
2023-09-18 10:43:14.964 | 16:39   17ms 3040M    0G   9/ 30U [ActUnit] DRONE from LARVA at (120.5, 21.9)
2023-09-18 10:43:17.024 | 16:50   17ms 3035M    0G  10/ 30U [ActUnit] DRONE from LARVA at (120.5, 21.4)
2023-09-18 10:43:17.364 | 16:52   16ms 3045M    0G  11/ 30U [GameAnalyzer] Income advantage is now SlightDisadvantage
2023-09-18 10:43:17.432 | 16:52   16ms 3045M    0G  11/ 30U [GameAnalyzer] Known army advantage is now SlightDisadvantage
2023-09-18 10:43:17.434 | 16:52   16ms 3045M    0G  11/ 30U [GameAnalyzer] Predicted army advantage is now SlightDisadvantage
2023-09-18 10:43:18.412 | 16:57   13ms 3080M    0G  11/ 30U [GameAnalyzer] Known army advantage is now SlightAdvantage
2023-09-18 10:43:18.413 | 16:57   13ms 3080M    0G  11/ 30U [GameAnalyzer] Predicted army advantage is now SlightAdvantage
2023-09-18 10:43:18.973 | 17:00   19ms 3045M    0G  11/ 30U [ActUnit] DRONE from LARVA at (120.6, 21.5)
2023-09-18 10:43:21.852 | 17:11   16ms 3065M    0G  11/ 30U [ActUnit] DRONE from LARVA at (120.3, 21.7)
2023-09-18 10:43:22.016 | 17:12   19ms 3080M    0G  11/ 30U [GameAnalyzer] Known army advantage is now Even
2023-09-18 10:43:22.017 | 17:12   19ms 3080M    0G  11/ 30U [GameAnalyzer] Predicted army advantage is now Even
2023-09-18 10:43:22.176 | 17:13   14ms 3080M    0G  10/ 30U [GameAnalyzer] Known army advantage is now SlightDisadvantage
2023-09-18 10:43:22.176 | 17:13   14ms 3080M    0G  10/ 30U [GameAnalyzer] Predicted army advantage is now SlightDisadvantage
2023-09-18 10:43:22.246 | 17:13   15ms 3085M    0G   9/ 30U [PlanZoneAttack2] No attacking units, starting retreat
2023-09-18 10:43:23.612 | 17:22   12ms 3100M    0G   9/ 30U [ActUnit] DRONE from LARVA at (120.7, 21.8)
2023-09-18 10:43:25.291 | 17:33   13ms 3135M    0G  10/ 30U [ActUnit] DRONE from LARVA at (120.3, 21.8)
2023-09-18 10:43:25.437 | 17:34   13ms 3150M    0G  11/ 30U [PlanZoneAttack2] Retreat stopped.
2023-09-18 10:43:27.001 | 17:43   14ms 3180M    0G  11/ 30U [ActUnit] DRONE from LARVA at (120.4, 21.9)
2023-09-18 10:43:28.731 | 17:54   12ms 3225M    0G  12/ 30U [ActUnit] DRONE from LARVA at (120.7, 21.7)
2023-09-18 10:43:31.247 | 18:05   12ms 3270M    0G  13/ 30U [ActUnit] DRONE from LARVA at (120.3, 21.8)
2023-09-18 10:43:32.989 | 18:15   13ms 3325M    0G  14/ 30U [ActUnit] ZERGLING from LARVA at (120.4, 21.4)
2023-09-18 10:43:33.286 | 18:17   14ms 3340M    0G  15/ 30U [GameAnalyzer] Income advantage is now Even
2023-09-18 10:43:34.740 | 18:26   13ms 3375M    0G  15/ 30U [ActUnit] ZERGLING from LARVA at (120.3, 21.8)
2023-09-18 10:43:35.789 | 18:33   10ms 3440M    0G  16/ 30U [GameAnalyzer] Known army advantage is now Even
2023-09-18 10:43:35.790 | 18:33   10ms 3440M    0G  16/ 30U [GameAnalyzer] Predicted army advantage is now Even
2023-09-18 10:43:36.498 | 18:37   12ms 3430M    0G  16/ 30U [ActUnit] ZERGLING from LARVA at (120.7, 21.6)
2023-09-18 10:43:37.592 | 18:44   12ms 3500M    0G  17/ 30U [GameAnalyzer] Known army advantage is now SlightAdvantage
2023-09-18 10:43:37.593 | 18:44   12ms 3500M    0G  17/ 30U [GameAnalyzer] Predicted army advantage is now SlightAdvantage
2023-09-18 10:43:38.279 | 18:48   12ms 3490M    0G  17/ 30U [ActUnit] ZERGLING from LARVA at (120.7, 21.8)
2023-09-18 10:43:39.061 | 18:53   11ms 3530M    0G  18/ 30U [GameAnalyzer] Income advantage is now SlightDisadvantage
2023-09-18 10:43:39.536 | 18:55   14ms 3555M    0G  18/ 30U [GameAnalyzer] Known army advantage is now SmallDisadvantage
2023-09-18 10:43:39.537 | 18:55   14ms 3555M    0G  18/ 30U [GameAnalyzer] Predicted army advantage is now SmallDisadvantage
2023-09-18 10:43:40.138 | 18:58   19ms 3530M    0G  18/ 30U [ActUnit] ZERGLING from LARVA at (120.5, 21.4)
2023-09-18 10:43:40.549 | 19:01   16ms 3545M    0G  18/ 30U [GameAnalyzer] Known army advantage is now SlightDisadvantage
2023-09-18 10:43:40.550 | 19:01   16ms 3545M    0G  18/ 30U [GameAnalyzer] Predicted army advantage is now SlightDisadvantage
2023-09-18 10:43:42.823 | 19:09   18ms 3555M    0G  16/ 30U [ActUnit] ZERGLING from LARVA at (120.6, 21.9)
2023-09-18 10:43:44.686 | 19:20   18ms 3585M    0G  16/ 30U [ActUnit] ZERGLING from LARVA at (120.3, 21.5)
2023-09-18 10:43:46.804 | 19:30   15ms 3615M    0G  15/ 30U [ActUnit] ZERGLING from LARVA at (120.3, 21.6)
2023-09-18 10:43:49.375 | 19:41   24ms 3645M    0G  16/ 30U [ActUnit] ZERGLING from LARVA at (120.3, 21.5)
2023-09-18 10:43:51.348 | 19:52   19ms 3670M    0G  15/ 30U [ActUnit] ZERGLING from LARVA at (120.6, 21.8)
2023-09-18 10:43:53.617 | INFO     | sc2.protocol:_execute:72 - Client status changed to Status.ended (was Status.in_game)
2023-09-18 10:43:53.621 | Result: Victory
2023-09-18 10:43:53.622 | Duration: 20:00
2023-09-18 10:43:53.622 | Step time min: 6
2023-09-18 10:43:53.623 | Step time avg: 21
2023-09-18 10:43:53.623 | Step time max: 151
2023-09-18 10:43:53.624 | [LostUnitsContents] My lost units minerals and gas: (5450, 0)
2023-09-18 10:43:53.625 | [LostUnitsContents] My lost units minerals by score: 5450.0
2023-09-18 10:43:53.625 | [LostUnitsContents] Enemy lost units minerals and gas: (5500, 0)
2023-09-18 10:43:53.626 | [LostUnitsContents] Enemy lost units minerals by score: 5500.0
2023-09-18 10:43:53.627 | [GameAnalyzerEnd] Own units:
2023-09-18 10:43:53.627 | [GameAnalyzerEnd] ZERGLING          total: 120 alive:   2 dead: 118 
2023-09-18 10:43:53.628 | [GameAnalyzerEnd] DRONE             total:  59 alive:  14 dead:  45 
2023-09-18 10:43:53.628 | [GameAnalyzerEnd] OVERLORD          total:   3 alive:   3 dead:   0 
2023-09-18 10:43:53.629 | [GameAnalyzerEnd] SPAWNINGPOOL      total:   2 alive:   1 dead:   1 
2023-09-18 10:43:53.629 | [GameAnalyzerEnd] EGG               total:   1 alive:   1 dead:   0 
2023-09-18 10:43:53.630 | [GameAnalyzerEnd] HATCHERY          total:   1 alive:   1 dead:   0 
2023-09-18 10:43:53.630 | [GameAnalyzerEnd] Enemy units:
2023-09-18 10:43:53.630 | [GameAnalyzerEnd] MARINE            total:  68 alive:   5 dead:  63 
2023-09-18 10:43:53.631 | [GameAnalyzerEnd] SCV               total:  62 alive:  17 dead:  45 
2023-09-18 10:43:53.631 | [GameAnalyzerEnd] SUPPLYDEPOT       total:   1 alive:   0 dead:   1 
2023-09-18 10:43:53.632 | [GameAnalyzerEnd] Minerals max 3730 Average 1881
2023-09-18 10:43:53.632 | [GameAnalyzerEnd] Vespene max 0 Average 0
2023-09-18 10:43:53.633 | INFO     | sc2.main:_play_game:228 - Result for player 2 - Bot LadderBot(Zerg): Victory
