2023-09-19 12:21:07.204 | INFO     | sc2.protocol:_execute:72 - Client status changed to Status.in_game (was None)
2023-09-19 12:21:07.206 | INFO     | sc2.main:_play_game:221 - Player 2 - Bot LadderBot(Zerg)
2023-09-19 12:21:07.458 | 00:00    0ms   50M    0G  12/ 14U [Version] 4.10.0.75689
2023-09-19 12:21:07.459 | 00:00    0ms   50M    0G  12/ 14U [Version] 5.0.6 Balance mod recognized.
2023-09-19 12:21:07.519 | 00:00    0ms   50M    0G  12/ 14U [ZoneManager] Map set to: MapName.Unknown from name: GresvanAIE and hash: 3547936.
2023-09-19 12:21:08.225 | [DataManager] No BuildDetector found, enemy build data cannot be saved
2023-09-19 12:21:08.249 | [Start] My race: Zerg
2023-09-19 12:21:08.250 | [Start] Opponent race: Terran
2023-09-19 12:21:08.251 | [Start] OpponentId: 1
2023-09-19 12:21:10.244 | 00:16    8ms  210M    0G  12/ 14U [ActBuilding] 1. SPAWNINGPOOL near (33.7, 113.9)
2023-09-19 12:21:10.963 | 00:24    8ms    0M    0G  11/ 14U [ActUnit] OVERLORD from LARVA at (39.3, 118.6)
2023-09-19 12:21:11.413 | 00:29    7ms    0M    0G  11/ 14U [ActUnit] DRONE from LARVA at (38.0, 118.9)
2023-09-19 12:21:11.849 | 00:34    7ms    5M    0G  12/ 14U [ActUnit] DRONE from LARVA at (37.2, 118.4)
2023-09-19 12:21:12.250 | 00:38    8ms    0M    0G  13/ 14U [ActUnit] DRONE from LARVA at (39.0, 118.7)
2023-09-19 12:21:15.318 | 01:05   59ms  255M    0G  14/ 22U [ActUnit] ZERGLING from LARVA at (38.6, 118.5)
2023-09-19 12:21:15.382 | 01:06   62ms  210M    0G  15/ 22U [ActUnit] ZERGLING from LARVA at (38.3, 118.5)
2023-09-19 12:21:15.695 | 01:07   55ms  185M    0G  16/ 22U [ActUnit] ZERGLING from LARVA at (38.7, 118.5)
2023-09-19 12:21:17.400 | 01:18    6ms  280M    0G  17/ 22U [ActUnit] ZERGLING from LARVA at (38.6, 118.4)
2023-09-19 12:21:17.909 | 01:23    7ms  340M    0G  18/ 22U [GameAnalyzer] Known army advantage is now SlightAdvantage
2023-09-19 12:21:17.909 | 01:23    7ms  340M    0G  18/ 22U [GameAnalyzer] Predicted army advantage is now SlightAdvantage
2023-09-19 12:21:18.184 | 01:25    9ms  370M    0G  18/ 22U [PlanZoneAttack2] Power 3.00 is larger than required attack power 2.00 -> attack!
2023-09-19 12:21:18.185 | 01:25    9ms  370M    0G  18/ 22U [PlanZoneAttack2] Attack started at 3.00 power.
2023-09-19 12:21:18.299 | 01:26   14ms  380M    0G  18/ 22U [GameAnalyzer] Income advantage is now SlightDisadvantage
2023-09-19 12:21:18.736 | 01:29   11ms  350M    0G  18/ 22U [ActUnit] ZERGLING from LARVA at (38.4, 118.9)
2023-09-19 12:21:20.150 | 01:40   14ms  340M    0G  19/ 22U [ActUnit] ZERGLING from LARVA at (38.3, 118.6)
2023-09-19 12:21:21.043 | 01:46   15ms  360M    0G  20/ 22U [GameAnalyzer] Known army advantage is now SmallAdvantage
2023-09-19 12:21:21.044 | 01:46   15ms  360M    0G  20/ 22U [GameAnalyzer] Predicted army advantage is now SmallAdvantage
2023-09-19 12:21:21.648 | 01:50   13ms  325M    0G  20/ 22U [ActUnit] ZERGLING from LARVA at (38.3, 118.8)
2023-09-19 12:21:23.969 | 02:01   24ms  315M    0G  21/ 22U [ActUnit] ZERGLING from LARVA at (38.7, 118.8)
2023-09-19 12:21:26.377 | 02:12   64ms  255M    0G  22/ 22U [ActUnit] OVERLORD from LARVA at (38.5, 118.9)
2023-09-19 12:21:26.779 | 02:13   82ms  265M    0G  22/ 22U [GameAnalyzer] Income advantage is now SmallDisadvantage
2023-09-19 12:21:27.685 | 02:16   70ms  270M    0G  22/ 22U [GameAnalyzer] Income advantage is now ClearDisadvantage
2023-09-19 12:21:30.110 | 02:28   30ms  265M    0G  21/ 22U [ActUnit] DRONE from LARVA at (38.7, 118.2)
2023-09-19 12:21:31.062 | 02:33   17ms  235M    0G  20/ 30U [ActUnit] DRONE from LARVA at (38.6, 118.4)
2023-09-19 12:21:31.575 | 02:36   17ms  250M    0G  20/ 30U [GameAnalyzer] Income advantage is now SmallDisadvantage
2023-09-19 12:21:33.272 | 02:43   20ms  275M    0G  17/ 30U [GameAnalyzer] Income advantage is now SlightDisadvantage
2023-09-19 12:21:33.341 | 02:43   24ms  275M    0G  17/ 30U [GameAnalyzer] Income advantage is now SmallDisadvantage
2023-09-19 12:21:33.459 | 02:44   20ms  275M    0G  17/ 30U [GameAnalyzer] Income advantage is now SlightDisadvantage
2023-09-19 12:21:33.460 | 02:44   20ms  225M    0G  17/ 30U [ActUnit] DRONE from LARVA at (38.5, 118.9)
2023-09-19 12:21:33.766 | 02:46   58ms  235M    0G  18/ 30U [GameAnalyzer] Income advantage is now Even
2023-09-19 12:21:34.222 | 02:49   16ms  250M    0G  18/ 30U [GameAnalyzer] Income advantage is now SlightDisadvantage
2023-09-19 12:21:34.295 | 02:49   22ms  250M    0G  18/ 30U [GameAnalyzer] Income advantage is now Even
2023-09-19 12:21:34.721 | 02:51   56ms  260M    0G  18/ 30U [EnemyArmyPredicter] Predicting negative free minerals for enemy: -965
2023-09-19 12:21:34.901 | 02:52   65ms  270M    0G  18/ 30U [GameAnalyzer] Income advantage is now SlightAdvantage
2023-09-19 12:21:34.962 | 02:52   23ms  270M    0G  18/ 30U [GameAnalyzer] Income advantage is now Even
2023-09-19 12:21:35.066 | 02:53   21ms  275M    0G  18/ 30U [GameAnalyzer] Income advantage is now SlightAdvantage
2023-09-19 12:21:35.544 | 02:55   62ms  230M    0G  18/ 30U [ActUnit] DRONE from LARVA at (38.7, 118.6)
2023-09-19 12:21:35.985 | 02:56   22ms  235M    0G  19/ 30U [EnemyArmyPredicter] Predicting negative free minerals for enemy: -645
2023-09-19 12:21:38.801 | 03:05   42ms  250M    0G  19/ 30U [ActUnit] DRONE from LARVA at (38.6, 118.4)
2023-09-19 12:21:41.003 | 03:16   64ms  275M    0G  20/ 30U [ActUnit] DRONE from LARVA at (38.3, 118.6)
2023-09-19 12:21:43.159 | 03:27   31ms  310M    0G  21/ 30U [ActUnit] ZERGLING from LARVA at (38.7, 118.6)
2023-09-19 12:21:44.157 | 03:32   93ms  350M    0G  22/ 30U [GameAnalyzer] Income advantage is now SmallAdvantage
2023-09-19 12:21:45.639 | 03:37   62ms  360M    0G  22/ 30U [ActUnit] ZERGLING from LARVA at (38.7, 118.5)
2023-09-19 12:21:47.806 | 03:48   59ms  410M    0G  23/ 30U [ActUnit] ZERGLING from LARVA at (38.4, 118.4)
2023-09-19 12:21:49.352 | INFO     | sc2.protocol:_execute:72 - Client status changed to Status.ended (was Status.in_game)
2023-09-19 12:21:49.356 | Result: Victory
2023-09-19 12:21:49.356 | Duration: 03:55
2023-09-19 12:21:49.357 | Step time min: 6
2023-09-19 12:21:49.358 | Step time avg: 29
2023-09-19 12:21:49.358 | Step time max: 118
2023-09-19 12:21:49.359 | [LostUnitsContents] My lost units minerals and gas: (375, 0)
2023-09-19 12:21:49.360 | [LostUnitsContents] My lost units minerals by score: 375.0
2023-09-19 12:21:49.361 | [LostUnitsContents] Enemy lost units minerals and gas: (2825, 0)
2023-09-19 12:21:49.362 | [LostUnitsContents] Enemy lost units minerals by score: 2825.0
2023-09-19 12:21:49.363 | [GameAnalyzerEnd] Own units:
2023-09-19 12:21:49.363 | [GameAnalyzerEnd] DRONE             total:  20 alive:  14 dead:   6 
2023-09-19 12:21:49.364 | [GameAnalyzerEnd] ZERGLING          total:  20 alive:  17 dead:   3 
2023-09-19 12:21:49.364 | [GameAnalyzerEnd] OVERLORD          total:   3 alive:   3 dead:   0 
2023-09-19 12:21:49.365 | [GameAnalyzerEnd] HATCHERY          total:   1 alive:   1 dead:   0 
2023-09-19 12:21:49.365 | [GameAnalyzerEnd] SPAWNINGPOOL      total:   1 alive:   1 dead:   0 
2023-09-19 12:21:49.366 | [GameAnalyzerEnd] EGG               total:   1 alive:   1 dead:   0 
2023-09-19 12:21:49.367 | [GameAnalyzerEnd] Enemy units:
2023-09-19 12:21:49.368 | [GameAnalyzerEnd] SCV               total:  25 alive:   0 dead:  25 
2023-09-19 12:21:49.368 | [GameAnalyzerEnd] MARINE            total:  11 alive:   0 dead:  11 
2023-09-19 12:21:49.369 | [GameAnalyzerEnd] SUPPLYDEPOT       total:   2 alive:   1 dead:   1 
2023-09-19 12:21:49.369 | [GameAnalyzerEnd] BARRACKS          total:   2 alive:   0 dead:   2 
2023-09-19 12:21:49.370 | [GameAnalyzerEnd] COMMANDCENTER     total:   1 alive:   0 dead:   1 
2023-09-19 12:21:49.371 | [GameAnalyzerEnd] REFINERY          total:   1 alive:   0 dead:   1 
2023-09-19 12:21:49.371 | [GameAnalyzerEnd] ORBITALCOMMAND    total:   1 alive:   0 dead:   1 
2023-09-19 12:21:49.372 | [GameAnalyzerEnd] Minerals max 470 Average 257
2023-09-19 12:21:49.373 | [GameAnalyzerEnd] Vespene max 0 Average 0
2023-09-19 12:21:49.373 | INFO     | sc2.main:_play_game:228 - Result for player 2 - Bot LadderBot(Zerg): Victory
