2023-09-19 09:31:57.259 | INFO     | sc2.protocol:_execute:72 - Client status changed to Status.in_game (was None)
2023-09-19 09:31:57.260 | INFO     | sc2.main:_play_game:221 - Player 2 - Bot LadderBot(Zerg)
2023-09-19 09:31:57.507 | 00:00    0ms   50M    0G  12/ 14U [Version] 4.10.0.75689
2023-09-19 09:31:57.508 | 00:00    0ms   50M    0G  12/ 14U [Version] 5.0.6 Balance mod recognized.
2023-09-19 09:31:57.584 | 00:00    0ms   50M    0G  12/ 14U [ZoneManager] Map set to: MapName.Unknown from name: Royal BloodAIE and hash: 3249828.
2023-09-19 09:31:58.190 | [DataManager] No BuildDetector found, enemy build data cannot be saved
2023-09-19 09:31:58.213 | [Start] My race: Zerg
2023-09-19 09:31:58.214 | [Start] Opponent race: Terran
2023-09-19 09:31:58.214 | [Start] OpponentId: 1
2023-09-19 09:32:00.432 | 00:16    8ms  210M    0G  12/ 14U [ActBuilding] 1. SPAWNINGPOOL near (133.2, 126.0)
2023-09-19 09:32:01.170 | 00:24    7ms    0M    0G  11/ 14U [ActUnit] OVERLORD from LARVA at (140.5, 119.9)
2023-09-19 09:32:01.620 | 00:29    7ms    0M    0G  11/ 14U [ActUnit] DRONE from LARVA at (140.9, 119.4)
2023-09-19 09:32:02.043 | 00:33    6ms    0M    0G  12/ 14U [ActUnit] DRONE from LARVA at (140.7, 119.8)
2023-09-19 09:32:02.511 | 00:38    8ms    5M    0G  13/ 14U [ActUnit] DRONE from LARVA at (141.2, 119.2)
2023-09-19 09:32:05.635 | 01:05   24ms  270M    0G  14/ 22U [ActUnit] ZERGLING from LARVA at (141.7, 119.5)
2023-09-19 09:32:05.741 | 01:06   61ms  220M    0G  15/ 22U [ActUnit] ZERGLING from LARVA at (142.0, 119.4)
2023-09-19 09:32:06.151 | 01:07   56ms  200M    0G  16/ 22U [ActUnit] ZERGLING from LARVA at (141.6, 119.5)
2023-09-19 09:32:07.620 | 01:18    6ms  295M    0G  17/ 22U [ActUnit] ZERGLING from LARVA at (141.4, 119.9)
2023-09-19 09:32:08.127 | 01:23    7ms  350M    0G  18/ 22U [GameAnalyzer] Known army advantage is now SlightAdvantage
2023-09-19 09:32:08.128 | 01:23    7ms  350M    0G  18/ 22U [GameAnalyzer] Predicted army advantage is now SlightAdvantage
2023-09-19 09:32:08.446 | 01:25   10ms  375M    0G  18/ 22U [PlanZoneAttack2] Power 3.00 is larger than required attack power 2.00 -> attack!
2023-09-19 09:32:08.447 | 01:25   10ms  375M    0G  18/ 22U [PlanZoneAttack2] Attack started at 3.00 power.
2023-09-19 09:32:08.559 | 01:26   13ms  380M    0G  18/ 22U [GameAnalyzer] Income advantage is now SlightDisadvantage
2023-09-19 09:32:08.983 | 01:29   11ms  345M    0G  18/ 22U [ActUnit] ZERGLING from LARVA at (141.7, 119.6)
2023-09-19 09:32:10.354 | 01:40   12ms  335M    0G  19/ 22U [ActUnit] ZERGLING from LARVA at (141.4, 119.7)
2023-09-19 09:32:11.215 | 01:46   12ms  360M    0G  20/ 22U [GameAnalyzer] Known army advantage is now SmallAdvantage
2023-09-19 09:32:11.216 | 01:46   12ms  360M    0G  20/ 22U [GameAnalyzer] Predicted army advantage is now SmallAdvantage
2023-09-19 09:32:11.834 | 01:50   12ms  325M    0G  20/ 22U [ActUnit] ZERGLING from LARVA at (141.6, 119.8)
2023-09-19 09:32:14.643 | 02:01   64ms  315M    0G  21/ 22U [ActUnit] ZERGLING from LARVA at (141.6, 119.9)
2023-09-19 09:32:17.161 | 02:12   67ms  250M    0G  22/ 22U [ActUnit] OVERLORD from LARVA at (141.7, 119.8)
2023-09-19 09:32:18.416 | 02:16   57ms  260M    0G  22/ 22U [GameAnalyzer] Income advantage is now SmallDisadvantage
2023-09-19 09:32:20.232 | 02:25   30ms  245M    0G  20/ 22U [ActUnit] DRONE from LARVA at (141.7, 119.6)
2023-09-19 09:32:21.788 | 02:33   17ms  275M    0G  15/ 30U [GameAnalyzer] Known army advantage is now SlightAdvantage
2023-09-19 09:32:21.789 | 02:33   17ms  275M    0G  15/ 30U [GameAnalyzer] Predicted army advantage is now SlightAdvantage
2023-09-19 09:32:21.790 | 02:33   17ms  225M    0G  15/ 30U [ActUnit] DRONE from LARVA at (141.6, 119.6)
2023-09-19 09:32:22.249 | 02:36   16ms  235M    0G  14/ 30U [GameAnalyzer] Income advantage is now Even
2023-09-19 09:32:23.299 | 02:42   14ms  260M    0G   9/ 30U [GameAnalyzer] Known army advantage is now Even
2023-09-19 09:32:23.300 | 02:42   14ms  260M    0G   9/ 30U [GameAnalyzer] Predicted army advantage is now Even
2023-09-19 09:32:24.251 | 02:44   11ms  215M    0G   9/ 30U [ActUnit] DRONE from LARVA at (141.6, 119.4)
2023-09-19 09:32:24.522 | 02:46   11ms  225M    0G  10/ 30U [GameAnalyzer] Known army advantage is now SlightDisadvantage
2023-09-19 09:32:24.523 | 02:46   11ms  225M    0G  10/ 30U [GameAnalyzer] Predicted army advantage is now SlightDisadvantage
2023-09-19 09:32:25.832 | 02:55   12ms  225M    0G  10/ 30U [ActUnit] DRONE from LARVA at (141.4, 119.8)
2023-09-19 09:32:26.095 | 02:56   11ms  230M    0G  10/ 30U [GameAnalyzer] Known army advantage is now Even
2023-09-19 09:32:26.096 | 02:56   11ms  230M    0G  10/ 30U [GameAnalyzer] Predicted army advantage is now Even
2023-09-19 09:32:26.179 | 02:57   16ms  230M    0G  10/ 30U [GameAnalyzer] Known army advantage is now SlightDisadvantage
2023-09-19 09:32:26.180 | 02:57   16ms  230M    0G  10/ 30U [GameAnalyzer] Predicted army advantage is now SlightDisadvantage
2023-09-19 09:32:26.623 | 03:00   11ms  255M    0G   8/ 30U [PlanZoneAttack2] No attacking units, starting retreat
2023-09-19 09:32:27.334 | 03:05    9ms  240M    0G   8/ 30U [ActUnit] DRONE from LARVA at (141.3, 119.6)
2023-09-19 09:32:28.768 | 03:16    9ms  265M    0G   9/ 30U [ActUnit] DRONE from LARVA at (141.5, 119.9)
2023-09-19 09:32:29.357 | 03:20   11ms  290M    0G  10/ 30U [PlanZoneAttack2] Retreat stopped.
2023-09-19 09:32:30.254 | 03:27    9ms  295M    0G  10/ 30U [ActUnit] DRONE from LARVA at (141.4, 119.8)
2023-09-19 09:32:31.707 | 03:37   10ms  340M    0G  11/ 30U [ActUnit] DRONE from LARVA at (141.7, 119.6)
2023-09-19 09:32:33.935 | 03:48   11ms  395M    0G  12/ 30U [ActUnit] DRONE from LARVA at (141.4, 119.4)
2023-09-19 09:32:35.410 | 03:59    9ms  460M    0G  13/ 30U [ActUnit] DRONE from LARVA at (141.7, 119.7)
2023-09-19 09:32:36.875 | 04:10   10ms  540M    0G  14/ 30U [ActUnit] ZERGLING from LARVA at (141.4, 119.4)
2023-09-19 09:32:38.334 | 04:20   10ms  620M    0G  15/ 30U [ActUnit] ZERGLING from LARVA at (141.4, 119.8)
2023-09-19 09:32:39.343 | 04:27   12ms  715M    0G  16/ 30U [GameAnalyzer] Known army advantage is now SmallDisadvantage
2023-09-19 09:32:39.344 | 04:27   12ms  715M    0G  16/ 30U [GameAnalyzer] Predicted army advantage is now SmallDisadvantage
2023-09-19 09:32:39.886 | 04:31   11ms  715M    0G  15/ 30U [ActUnit] ZERGLING from LARVA at (141.6, 119.4)
2023-09-19 09:32:39.976 | 04:31   18ms  720M    0G  16/ 30U [GameAnalyzer] Income advantage is now SlightDisadvantage
2023-09-19 09:32:42.420 | 04:42   13ms  670M    0G   9/ 30U [ActUnit] DRONE from LARVA at (141.5, 119.8)
2023-09-19 09:32:42.693 | 04:43   12ms  670M    0G   9/ 30U [GameAnalyzer] Income advantage is now Even
2023-09-19 09:32:42.695 | 04:43   12ms  670M    0G   9/ 30U [GameAnalyzer] Known army advantage is now SlightDisadvantage
2023-09-19 09:32:42.695 | 04:43   12ms  670M    0G   9/ 30U [GameAnalyzer] Predicted army advantage is now SlightDisadvantage
2023-09-19 09:32:44.023 | 04:52   11ms  655M    0G   7/ 30U [ActUnit] DRONE from LARVA at (141.3, 119.6)
2023-09-19 09:32:45.615 | 05:03   10ms  655M    0G   7/ 30U [ActUnit] DRONE from LARVA at (141.4, 119.7)
2023-09-19 09:32:46.785 | 05:11   12ms  695M    0G   8/ 30U [GameAnalyzer] Income advantage is now SlightDisadvantage
2023-09-19 09:32:47.198 | 05:14   12ms  645M    0G   7/ 30U [ActUnit] DRONE from LARVA at (141.5, 119.9)
2023-09-19 09:32:48.797 | 05:25    8ms  595M    0G   1/ 30U [ActUnit] DRONE from LARVA at (141.7, 119.7)
2023-09-19 09:32:51.058 | 05:35    9ms  545M    0G   1/ 30U [ActUnit] DRONE from LARVA at (141.7, 119.5)
2023-09-19 09:32:52.612 | 05:46    9ms  500M    0G   2/ 30U [ActUnit] DRONE from LARVA at (141.6, 119.4)
2023-09-19 09:32:54.202 | 05:57   11ms  455M    0G   3/ 30U [ActUnit] DRONE from LARVA at (141.5, 119.4)
2023-09-19 09:32:54.718 | 06:00    8ms  455M    0G   3/ 30U [ActBuilding] 1. SPAWNINGPOOL near (133.1, 119.4)
2023-09-19 09:32:55.833 | 06:07    9ms  210M    0G   2/ 30U [ActUnit] DRONE from LARVA at (141.7, 119.6)
2023-09-19 09:32:57.341 | 06:18    8ms  175M    0G   3/ 30U [ActUnit] DRONE from LARVA at (141.4, 119.8)
2023-09-19 09:32:58.945 | 06:29   11ms  140M    0G   3/ 30U [ActUnit] DRONE from LARVA at (141.7, 119.6)
2023-09-19 09:33:01.234 | 06:40    9ms   95M    0G   2/ 30U [ActUnit] DRONE from LARVA at (141.4, 119.9)
2023-09-19 09:33:02.770 | 06:50    9ms   60M    0G   3/ 30U [ActUnit] DRONE from LARVA at (141.6, 119.4)
2023-09-19 09:33:04.333 | 07:01    9ms   35M    0G   4/ 30U [ActUnit] DRONE from LARVA at (141.7, 119.8)
2023-09-19 09:33:06.239 | 07:13   10ms   70M    0G   5/ 30U [GameAnalyzer] Income advantage is now Even
2023-09-19 09:33:09.948 | 07:34   12ms  165M    0G   5/ 30U [GameAnalyzer] Income advantage is now SlightDisadvantage
2023-09-19 09:33:11.539 | 07:44   10ms  170M    0G   5/ 30U [GameAnalyzer] Income advantage is now Even
2023-09-19 09:33:11.727 | 07:46    9ms  170M    0G   5/ 30U [GameAnalyzer] Known army advantage is now Even
2023-09-19 09:33:11.728 | 07:46    9ms  170M    0G   5/ 30U [GameAnalyzer] Predicted army advantage is now Even
2023-09-19 09:33:12.987 | 07:54   10ms  205M    0G   5/ 30U [ActBuilding] 1. SPAWNINGPOOL near (147.0, 115.3)
2023-09-19 09:33:13.037 | 07:55   11ms    5M    0G   5/ 30U [GameAnalyzer] Income advantage is now SlightDisadvantage
2023-09-19 09:33:14.617 | 08:05   11ms    0M    0G   4/ 30U [ActUnit] DRONE from LARVA at (141.5, 119.2)
2023-09-19 09:33:16.450 | 08:17   10ms   45M    0G   5/ 30U [GameAnalyzer] Income advantage is now Even
2023-09-19 09:33:16.576 | 08:18   10ms    0M    0G   5/ 30U [ActUnit] DRONE from LARVA at (141.7, 119.6)
2023-09-19 09:33:18.870 | 08:29    9ms    0M    0G   6/ 30U [ActUnit] DRONE from LARVA at (141.4, 119.6)
2023-09-19 09:33:20.252 | 08:39   11ms    0M    0G   7/ 30U [ActUnit] DRONE from LARVA at (141.5, 119.5)
2023-09-19 09:33:21.534 | 08:48   12ms    0M    0G   8/ 30U [ActUnit] DRONE from LARVA at (141.8, 119.9)
2023-09-19 09:33:22.552 | 08:55   12ms    0M    0G   9/ 30U [ActUnit] DRONE from LARVA at (141.5, 119.2)
2023-09-19 09:33:23.494 | 09:01   10ms    0M    0G  10/ 30U [ActUnit] DRONE from LARVA at (141.9, 119.8)
2023-09-19 09:33:24.863 | 09:07   72ms    0M    0G  11/ 30U [ActUnit] DRONE from LARVA at (141.6, 119.5)
2023-09-19 09:33:26.394 | 09:14   72ms   10M    0G  12/ 30U [ActUnit] DRONE from LARVA at (141.2, 119.9)
2023-09-19 09:33:29.314 | 09:23   75ms   55M    0G  13/ 30U [ActUnit] DRONE from LARVA at (141.7, 119.5)
2023-09-19 09:33:31.758 | 09:34   73ms  120M    0G  14/ 30U [ActUnit] ZERGLING from LARVA at (141.4, 119.8)
2023-09-19 09:33:34.008 | 09:43   58ms  235M    0G  15/ 30U [GameAnalyzer] Known army advantage is now SlightDisadvantage
2023-09-19 09:33:34.009 | 09:43   58ms  235M    0G  15/ 30U [GameAnalyzer] Predicted army advantage is now SlightDisadvantage
2023-09-19 09:33:34.294 | 09:45   74ms  205M    0G  15/ 30U [ActUnit] ZERGLING from LARVA at (141.6, 119.4)
2023-09-19 09:33:35.889 | 09:51   56ms  290M    0G  16/ 30U [GameAnalyzer] Known army advantage is now Even
2023-09-19 09:33:35.895 | 09:51   56ms  290M    0G  16/ 30U [GameAnalyzer] Predicted army advantage is now Even
2023-09-19 09:33:36.565 | 09:54   19ms  330M    0G  16/ 30U [GameAnalyzer] Known army advantage is now SlightDisadvantage
2023-09-19 09:33:36.570 | 09:54   19ms  330M    0G  16/ 30U [GameAnalyzer] Predicted army advantage is now SlightDisadvantage
2023-09-19 09:33:36.866 | 09:55   75ms  305M    0G  16/ 30U [ActUnit] ZERGLING from LARVA at (141.7, 119.6)
2023-09-19 09:33:37.892 | 10:00   60ms  360M    0G  17/ 30U [GameAnalyzer] Known army advantage is now Even
2023-09-19 09:33:37.893 | 10:00   60ms  360M    0G  17/ 30U [GameAnalyzer] Predicted army advantage is now Even
2023-09-19 09:33:38.455 | 10:02   11ms  395M    0G  17/ 30U [GameAnalyzer] Known army advantage is now SlightAdvantage
2023-09-19 09:33:38.461 | 10:02   11ms  395M    0G  17/ 30U [GameAnalyzer] Predicted army advantage is now SlightAdvantage
2023-09-19 09:33:39.267 | 10:06   58ms  390M    0G  17/ 30U [ActUnit] ZERGLING from LARVA at (141.5, 119.4)
2023-09-19 09:33:40.447 | 10:13   14ms  485M    0G  18/ 30U [PlanZoneAttack2] Power 2.80 is larger than required attack power 2.00 -> attack!
2023-09-19 09:33:40.450 | 10:13   14ms  485M    0G  18/ 30U [PlanZoneAttack2] Attack started at 2.80 power.
2023-09-19 09:33:40.586 | 10:14   19ms  490M    0G  18/ 30U [GameAnalyzer] Income advantage is now SlightDisadvantage
2023-09-19 09:33:41.352 | 10:17   72ms  455M    0G  18/ 30U [ActUnit] ZERGLING from LARVA at (141.7, 119.6)
2023-09-19 09:33:44.188 | 10:28   99ms  445M    0G  19/ 30U [ActUnit] ZERGLING from LARVA at (141.6, 119.6)
2023-09-19 09:33:46.850 | 10:34   63ms  470M    0G  20/ 30U [GameAnalyzer] Known army advantage is now SmallAdvantage
2023-09-19 09:33:46.851 | 10:34   63ms  470M    0G  20/ 30U [GameAnalyzer] Predicted army advantage is now SmallAdvantage
2023-09-19 09:33:47.988 | 10:38   88ms  435M    0G  20/ 30U [ActUnit] ZERGLING from LARVA at (141.5, 119.7)
2023-09-19 09:33:50.783 | 10:49   28ms  425M    0G  21/ 30U [ActUnit] ZERGLING from LARVA at (141.5, 119.9)
2023-09-19 09:33:51.061 | 10:50   69ms  430M    0G  22/ 30U [GameAnalyzer] Income advantage is now SmallDisadvantage
2023-09-19 09:33:51.208 | 10:51   21ms  435M    0G  22/ 30U [GameAnalyzer] Income advantage is now SlightDisadvantage
2023-09-19 09:33:52.741 | 11:00   31ms  415M    0G  20/ 30U [ActUnit] DRONE from LARVA at (141.4, 119.7)
2023-09-19 09:33:52.923 | 11:01   26ms  420M    0G  19/ 30U [GameAnalyzer] Income advantage is now SmallDisadvantage
2023-09-19 09:33:53.276 | 11:02   22ms  425M    0G  18/ 30U [GameAnalyzer] Income advantage is now SlightDisadvantage
2023-09-19 09:33:53.943 | 11:06   23ms  435M    0G  16/ 30U [GameAnalyzer] Known army advantage is now SlightAdvantage
2023-09-19 09:33:53.944 | 11:06   23ms  435M    0G  16/ 30U [GameAnalyzer] Predicted army advantage is now SlightAdvantage
2023-09-19 09:33:54.020 | 11:06   20ms  440M    0G  16/ 30U [GameAnalyzer] Known army advantage is now SmallAdvantage
2023-09-19 09:33:54.021 | 11:06   20ms  440M    0G  16/ 30U [GameAnalyzer] Predicted army advantage is now SmallAdvantage
2023-09-19 09:33:54.645 | 11:10   18ms  450M    0G  16/ 30U [GameAnalyzer] Income advantage is now Even
2023-09-19 09:33:54.734 | 11:10   24ms  450M    0G  16/ 30U [GameAnalyzer] Income advantage is now SlightDisadvantage
2023-09-19 09:33:54.735 | 11:10   24ms  400M    0G  16/ 30U [ActUnit] DRONE from LARVA at (141.3, 119.6)
2023-09-19 09:33:55.064 | 11:12   20ms  410M    0G  16/ 30U [GameAnalyzer] Income advantage is now Even
2023-09-19 09:33:56.215 | 11:17   83ms  430M    0G  11/ 30U [GameAnalyzer] Known army advantage is now SlightAdvantage
2023-09-19 09:33:56.221 | 11:17   83ms  430M    0G  11/ 30U [GameAnalyzer] Predicted army advantage is now SlightAdvantage
2023-09-19 09:33:57.368 | 11:21   78ms  400M    0G  11/ 30U [ActUnit] DRONE from LARVA at (141.3, 119.7)
2023-09-19 09:33:59.843 | 11:32   72ms  405M    0G  10/ 30U [ActUnit] DRONE from LARVA at (141.4, 119.7)
2023-09-19 09:34:00.064 | 11:33   75ms  420M    0G  11/ 30U [GameAnalyzer] Known army advantage is now Even
2023-09-19 09:34:00.070 | 11:33   75ms  420M    0G  11/ 30U [GameAnalyzer] Predicted army advantage is now Even
2023-09-19 09:34:00.304 | 11:34   91ms  420M    0G  11/ 30U [GameAnalyzer] Income advantage is now SlightAdvantage
2023-09-19 09:34:00.735 | 11:36   13ms  435M    0G  11/ 30U [GameAnalyzer] Known army advantage is now SlightAdvantage
2023-09-19 09:34:00.737 | 11:36   13ms  435M    0G  11/ 30U [GameAnalyzer] Predicted army advantage is now SlightAdvantage
2023-09-19 09:34:01.747 | 11:40   57ms  465M    0G   9/ 30U [GameAnalyzer] Known army advantage is now Even
2023-09-19 09:34:01.753 | 11:40   57ms  465M    0G   9/ 30U [GameAnalyzer] Predicted army advantage is now Even
2023-09-19 09:34:01.992 | 11:41   59ms  470M    0G   9/ 30U [GameAnalyzer] Known army advantage is now SlightDisadvantage
2023-09-19 09:34:01.993 | 11:41   59ms  470M    0G   9/ 30U [GameAnalyzer] Predicted army advantage is now SlightDisadvantage
2023-09-19 09:34:02.291 | 11:43   74ms  430M    0G   9/ 30U [ActUnit] DRONE from LARVA at (141.6, 119.6)
2023-09-19 09:34:03.946 | 11:52   67ms  490M    0G   9/ 30U [PlanZoneAttack2] No attacking units, starting retreat
2023-09-19 09:34:05.163 | 11:53   68ms  455M    0G   9/ 30U [ActUnit] DRONE from LARVA at (141.3, 119.5)
2023-09-19 09:34:07.470 | 12:04   72ms  490M    0G  10/ 30U [ActUnit] DRONE from LARVA at (141.5, 119.9)
2023-09-19 09:34:09.183 | 12:12   31ms  555M    0G  11/ 30U [PlanZoneAttack2] Retreat stopped.
2023-09-19 09:34:09.901 | 12:15   73ms  545M    0G  11/ 30U [ActUnit] DRONE from LARVA at (141.3, 119.7)
2023-09-19 09:34:12.181 | 12:25   66ms  595M    0G  12/ 30U [ActUnit] DRONE from LARVA at (141.5, 119.9)
2023-09-19 09:34:12.602 | 12:27   69ms  615M    0G  13/ 30U [GameAnalyzer] Income advantage is now SmallAdvantage
2023-09-19 09:34:14.554 | 12:36   69ms  665M    0G  13/ 30U [ActUnit] DRONE from LARVA at (141.5, 119.4)
2023-09-19 09:34:16.982 | 12:47   63ms  735M    0G  14/ 30U [ActUnit] ZERGLING from LARVA at (141.5, 119.4)
2023-09-19 09:34:20.204 | 12:58   71ms  825M    0G  15/ 30U [ActUnit] ZERGLING from LARVA at (141.3, 119.6)
2023-09-19 09:34:21.669 | 13:04   12ms  910M    0G  16/ 30U [GameAnalyzer] Known army advantage is now Even
2023-09-19 09:34:21.670 | 13:04   12ms  910M    0G  16/ 30U [GameAnalyzer] Predicted army advantage is now Even
2023-09-19 09:34:22.582 | 13:08   73ms  910M    0G  16/ 30U [ActUnit] ZERGLING from LARVA at (141.7, 119.7)
2023-09-19 09:34:24.199 | 13:15   59ms 1010M    0G  17/ 30U [GameAnalyzer] Known army advantage is now SlightAdvantage
2023-09-19 09:34:24.202 | 13:15   59ms 1010M    0G  17/ 30U [GameAnalyzer] Predicted army advantage is now SlightAdvantage
2023-09-19 09:34:25.218 | 13:19   73ms 1010M    0G  17/ 30U [ActUnit] ZERGLING from LARVA at (141.5, 119.4)
2023-09-19 09:34:26.816 | 13:26   54ms 1095M    0G  18/ 30U [PlanZoneAttack2] Power 3.00 is larger than required attack power 2.00 -> attack!
2023-09-19 09:34:26.817 | 13:26   54ms 1095M    0G  18/ 30U [PlanZoneAttack2] Attack started at 3.00 power.
2023-09-19 09:34:27.048 | 13:27   63ms 1115M    0G  18/ 30U [GameAnalyzer] Income advantage is now Even
2023-09-19 09:34:27.838 | 13:30   74ms 1085M    0G  18/ 30U [ActUnit] ZERGLING from LARVA at (141.5, 119.4)
2023-09-19 09:34:30.633 | 13:40   83ms 1070M    0G  19/ 30U [ActUnit] ZERGLING from LARVA at (141.7, 119.6)
2023-09-19 09:34:31.466 | 13:45   14ms 1090M    0G  18/ 30U [GameAnalyzer] Known army advantage is now SmallDisadvantage
2023-09-19 09:34:31.467 | 13:45   14ms 1090M    0G  18/ 30U [GameAnalyzer] Predicted army advantage is now SmallDisadvantage
2023-09-19 09:34:33.159 | 13:50   16ms 1110M    0G  15/ 30U [GameAnalyzer] Known army advantage is now ClearDisadvantage
2023-09-19 09:34:33.161 | 13:50   16ms 1110M    0G  15/ 30U [GameAnalyzer] Predicted army advantage is now ClearDisadvantage
2023-09-19 09:34:33.413 | 13:51   20ms 1060M    0G  13/ 30U [ActUnit] DRONE from LARVA at (141.4, 119.5)
2023-09-19 09:34:34.093 | 13:55   12ms 1080M    0G   9/ 30U [GameAnalyzer] Known army advantage is now SmallDisadvantage
2023-09-19 09:34:34.094 | 13:55   12ms 1080M    0G   9/ 30U [GameAnalyzer] Predicted army advantage is now SmallDisadvantage
2023-09-19 09:34:35.164 | 14:02   18ms 1055M    0G   8/ 30U [ActUnit] DRONE from LARVA at (141.6, 119.8)
2023-09-19 09:34:37.001 | 14:13   15ms 1050M    0G   8/ 30U [ActUnit] DRONE from LARVA at (141.3, 119.6)
2023-09-19 09:34:37.356 | 14:15   11ms 1060M    0G   7/ 30U [PlanZoneAttack2] No attacking units, starting retreat
2023-09-19 09:34:38.606 | 14:23   12ms 1055M    0G   7/ 30U [ActUnit] DRONE from LARVA at (141.5, 119.9)
2023-09-19 09:34:38.864 | 14:25   11ms 1070M    0G   8/ 30U [GameAnalyzer] Income advantage is now SlightAdvantage
2023-09-19 09:34:40.169 | 14:34   14ms 1070M    0G   8/ 30U [ActUnit] DRONE from LARVA at (141.3, 119.7)
2023-09-19 09:34:40.305 | 14:35   13ms 1080M    0G   9/ 30U [PlanZoneAttack2] Retreat stopped.
2023-09-19 09:34:42.471 | 14:45   12ms 1105M    0G   9/ 30U [ActUnit] DRONE from LARVA at (141.3, 119.5)
2023-09-19 09:34:43.595 | 14:51   16ms 1145M    0G  10/ 30U [GameAnalyzer] Income advantage is now Even
2023-09-19 09:34:44.367 | 14:55   16ms 1095M    0G   7/ 30U [ActUnit] DRONE from LARVA at (141.7, 119.8)
2023-09-19 09:34:44.970 | 15:00    8ms 1095M    0G   3/ 30U [GameAnalyzer] Known army advantage is now ClearDisadvantage
2023-09-19 09:34:44.971 | 15:00    8ms 1095M    0G   3/ 30U [GameAnalyzer] Predicted army advantage is now ClearDisadvantage
2023-09-19 09:34:46.041 | 15:06   12ms 1055M    0G   3/ 30U [ActUnit] DRONE from LARVA at (141.5, 119.4)
2023-09-19 09:34:47.697 | 15:17   13ms 1010M    0G   2/ 30U [ActUnit] DRONE from LARVA at (141.4, 119.4)
2023-09-19 09:34:49.382 | 15:28   10ms  960M    0G   1/ 30U [ActUnit] DRONE from LARVA at (141.4, 119.5)
2023-09-19 09:34:49.799 | 15:30   11ms  960M    0G   1/ 24U [GameAnalyzer] Income advantage is now SmallDisadvantage
2023-09-19 09:34:50.907 | 15:37    8ms  960M    0G   1/ 24U [GameAnalyzer] Known army advantage is now SmallDisadvantage
2023-09-19 09:34:50.908 | 15:37    8ms  960M    0G   1/ 24U [GameAnalyzer] Predicted army advantage is now SmallDisadvantage
2023-09-19 09:34:56.560 | INFO     | sc2.protocol:_execute:72 - Client status changed to Status.ended (was Status.in_game)
2023-09-19 09:34:56.563 | Result: Defeat
2023-09-19 09:34:56.564 | Duration: 16:07
2023-09-19 09:34:56.564 | Step time min: 6
2023-09-19 09:34:56.565 | Step time avg: 26
2023-09-19 09:34:56.565 | Step time max: 123
2023-09-19 09:34:56.566 | [LostUnitsContents] My lost units minerals and gas: (5400, 0)
2023-09-19 09:34:56.567 | [LostUnitsContents] My lost units minerals by score: 5400.0
2023-09-19 09:34:56.567 | [LostUnitsContents] Enemy lost units minerals and gas: (3150, 0)
2023-09-19 09:34:56.568 | [LostUnitsContents] Enemy lost units minerals by score: 3250.0
2023-09-19 09:34:56.568 | [GameAnalyzerEnd] Own units:
2023-09-19 09:34:56.569 | [GameAnalyzerEnd] DRONE             total:  66 alive:   0 dead:  66 
2023-09-19 09:34:56.570 | [GameAnalyzerEnd] ZERGLING          total:  50 alive:   0 dead:  50 
2023-09-19 09:34:56.571 | [GameAnalyzerEnd] SPAWNINGPOOL      total:   3 alive:   1 dead:   2 
2023-09-19 09:34:56.571 | [GameAnalyzerEnd] OVERLORD          total:   3 alive:   3 dead:   0 
2023-09-19 09:34:56.572 | [GameAnalyzerEnd] HATCHERY          total:   1 alive:   0 dead:   1 
2023-09-19 09:34:56.572 | [GameAnalyzerEnd] Enemy units:
2023-09-19 09:34:56.573 | [GameAnalyzerEnd] MARINE            total:  38 alive:  10 dead:  28 
2023-09-19 09:34:56.573 | [GameAnalyzerEnd] SCV               total:  36 alive:   1 dead:  35 
2023-09-19 09:34:56.574 | [GameAnalyzerEnd] BARRACKS          total:   2 alive:   2 dead:   0 
2023-09-19 09:34:56.574 | [GameAnalyzerEnd] SUPPLYDEPOT       total:   1 alive:   1 dead:   0 
2023-09-19 09:34:56.575 | [GameAnalyzerEnd] ORBITALCOMMAND    total:   1 alive:   1 dead:   0 
2023-09-19 09:34:56.576 | [GameAnalyzerEnd] Minerals max 1155 Average 467
2023-09-19 09:34:56.577 | [GameAnalyzerEnd] Vespene max 0 Average 0
2023-09-19 09:34:56.577 | INFO     | sc2.main:_play_game:228 - Result for player 2 - Bot LadderBot(Zerg): Defeat
