2023-09-18 15:44:09.337 | INFO     | sc2.protocol:_execute:72 - Client status changed to Status.in_game (was None)
2023-09-18 15:44:09.338 | INFO     | sc2.main:_play_game:221 - Player 2 - Bot LadderBot(Zerg)
2023-09-18 15:44:09.598 | 00:00    0ms   50M    0G  12/ 14U [Version] 4.10.0.75689
2023-09-18 15:44:09.598 | 00:00    0ms   50M    0G  12/ 14U [Version] 5.0.6 Balance mod recognized.
2023-09-18 15:44:09.676 | 00:00    0ms   50M    0G  12/ 14U [ZoneManager] Map set to: MapName.Unknown from name: Royal BloodAIE and hash: 3249828.
2023-09-18 15:44:10.280 | [DataManager] No BuildDetector found, enemy build data cannot be saved
2023-09-18 15:44:10.303 | [Start] My race: Zerg
2023-09-18 15:44:10.304 | [Start] Opponent race: Terran
2023-09-18 15:44:10.305 | [Start] OpponentId: 1
2023-09-18 15:44:12.557 | 00:16    7ms  210M    0G  12/ 14U [ActBuilding] 1. SPAWNINGPOOL near (37.0, 40.6)
2023-09-18 15:44:13.405 | 00:25    6ms    0M    0G  11/ 14U [ActUnit] OVERLORD from LARVA at (41.0, 30.5)
2023-09-18 15:44:13.844 | 00:29    6ms    0M    0G  11/ 14U [ActUnit] DRONE from LARVA at (43.9, 31.2)
2023-09-18 15:44:14.277 | 00:33    6ms    0M    0G  12/ 14U [ActUnit] DRONE from LARVA at (41.4, 30.3)
2023-09-18 15:44:14.750 | 00:38    7ms    0M    0G  13/ 14U [ActUnit] DRONE from LARVA at (42.5, 30.3)
2023-09-18 15:44:18.163 | 01:05   16ms  260M    0G  14/ 22U [ActUnit] ZERGLING from LARVA at (42.4, 30.9)
2023-09-18 15:44:18.278 | 01:06   38ms  230M    0G  15/ 22U [ActUnit] ZERGLING from LARVA at (42.5, 30.2)
2023-09-18 15:44:18.769 | 01:08   61ms  210M    0G  16/ 22U [ActUnit] ZERGLING from LARVA at (42.7, 30.8)
2023-09-18 15:44:21.074 | 01:19   61ms  290M    0G  17/ 22U [ActUnit] ZERGLING from LARVA at (42.5, 30.4)
2023-09-18 15:44:21.936 | 01:23   15ms  350M    0G  18/ 22U [GameAnalyzer] Known army advantage is now SlightAdvantage
2023-09-18 15:44:21.937 | 01:23   15ms  350M    0G  18/ 22U [GameAnalyzer] Predicted army advantage is now SlightAdvantage
2023-09-18 15:44:22.437 | 01:25   10ms  390M    0G  18/ 22U [PlanZoneAttack2] Power 3.00 is larger than required attack power 2.00 -> attack!
2023-09-18 15:44:22.438 | 01:25   10ms  390M    0G  18/ 22U [PlanZoneAttack2] Attack started at 3.00 power.
2023-09-18 15:44:22.554 | 01:26   12ms  390M    0G  18/ 22U [GameAnalyzer] Income advantage is now SlightDisadvantage
2023-09-18 15:44:22.996 | 01:29   12ms  355M    0G  18/ 22U [ActUnit] ZERGLING from LARVA at (42.3, 30.5)
2023-09-18 15:44:24.513 | 01:40   14ms  345M    0G  19/ 22U [ActUnit] ZERGLING from LARVA at (42.6, 30.8)
2023-09-18 15:44:25.406 | 01:47   12ms  365M    0G  20/ 22U [GameAnalyzer] Known army advantage is now SmallAdvantage
2023-09-18 15:44:25.407 | 01:47   12ms  365M    0G  20/ 22U [GameAnalyzer] Predicted army advantage is now SmallAdvantage
2023-09-18 15:44:26.081 | 01:51   16ms  335M    0G  20/ 22U [ActUnit] ZERGLING from LARVA at (42.6, 30.8)
2023-09-18 15:44:29.307 | 02:01   88ms  320M    0G  21/ 22U [ActUnit] ZERGLING from LARVA at (42.7, 30.7)
2023-09-18 15:44:32.078 | 02:12   84ms  255M    0G  22/ 22U [ActUnit] OVERLORD from LARVA at (42.5, 30.4)
2023-09-18 15:44:33.594 | 02:17   82ms  275M    0G  22/ 22U [GameAnalyzer] Income advantage is now SmallDisadvantage
2023-09-18 15:44:34.707 | 02:23   26ms  245M    0G  21/ 22U [ActUnit] ZERGLING from LARVA at (42.3, 30.8)
2023-09-18 15:44:36.814 | 02:34   26ms  235M    0G  16/ 30U [ActUnit] DRONE from LARVA at (42.7, 30.6)
2023-09-18 15:44:37.388 | 02:37   17ms  245M    0G  15/ 30U [GameAnalyzer] Known army advantage is now SlightAdvantage
2023-09-18 15:44:37.389 | 02:37   17ms  245M    0G  15/ 30U [GameAnalyzer] Predicted army advantage is now SlightAdvantage
2023-09-18 15:44:39.311 | 02:44   98ms  225M    0G  10/ 30U [ActUnit] DRONE from LARVA at (42.6, 30.7)
2023-09-18 15:44:43.176 | 02:55   85ms  220M    0G  10/ 30U [ActUnit] DRONE from LARVA at (42.5, 30.8)
2023-09-18 15:44:43.309 | 02:55   71ms  220M    0G  11/ 30U [GameAnalyzer] Known army advantage is now Even
2023-09-18 15:44:43.315 | 02:55   71ms  220M    0G  11/ 30U [GameAnalyzer] Predicted army advantage is now Even
2023-09-18 15:44:43.554 | 02:56   64ms  220M    0G  10/ 30U [GameAnalyzer] Known army advantage is now SlightAdvantage
2023-09-18 15:44:43.559 | 02:56   64ms  220M    0G  10/ 30U [GameAnalyzer] Predicted army advantage is now SlightAdvantage
2023-09-18 15:44:43.665 | 02:57   87ms  225M    0G  10/ 30U [GameAnalyzer] Income advantage is now SlightDisadvantage
2023-09-18 15:44:45.587 | 03:06   77ms  225M    0G   9/ 30U [ActUnit] DRONE from LARVA at (42.7, 30.6)
2023-09-18 15:44:45.937 | 03:07   62ms  230M    0G   9/ 30U [GameAnalyzer] Known army advantage is now Even
2023-09-18 15:44:45.939 | 03:07   62ms  230M    0G   9/ 30U [GameAnalyzer] Predicted army advantage is now Even
2023-09-18 15:44:48.327 | 03:16   78ms  235M    0G   9/ 30U [ActUnit] DRONE from LARVA at (42.4, 30.7)
2023-09-18 15:44:48.683 | 03:18   63ms  245M    0G  10/ 30U [GameAnalyzer] Known army advantage is now SlightDisadvantage
2023-09-18 15:44:48.684 | 03:18   63ms  245M    0G  10/ 30U [GameAnalyzer] Predicted army advantage is now SlightDisadvantage
2023-09-18 15:44:49.352 | 03:20   64ms  270M    0G   9/ 30U [PlanZoneAttack2] No attacking units, starting retreat
2023-09-18 15:44:51.119 | 03:27  100ms  265M    0G   9/ 30U [ActUnit] DRONE from LARVA at (42.5, 30.9)
2023-09-18 15:44:53.748 | 03:38   73ms  305M    0G  10/ 30U [ActUnit] DRONE from LARVA at (42.7, 30.7)
2023-09-18 15:44:54.366 | 03:40   74ms  330M    0G  11/ 30U [PlanZoneAttack2] Retreat stopped.
2023-09-18 15:44:57.164 | 03:49   57ms  355M    0G  11/ 30U [ActUnit] DRONE from LARVA at (42.3, 30.7)
2023-09-18 15:44:57.692 | 03:50   83ms  370M    0G  12/ 30U [GameAnalyzer] Income advantage is now Even
2023-09-18 15:44:59.749 | 03:59   63ms  410M    0G  12/ 30U [ActUnit] DRONE from LARVA at (42.5, 30.4)
2023-09-18 15:45:02.364 | 04:10   75ms  475M    0G  13/ 30U [ActUnit] DRONE from LARVA at (42.5, 30.4)
2023-09-18 15:45:04.857 | 04:21   83ms  540M    0G  14/ 30U [ActUnit] ZERGLING from LARVA at (42.6, 30.4)
2023-09-18 15:45:07.397 | 04:31   73ms  635M    0G  15/ 30U [ActUnit] ZERGLING from LARVA at (42.7, 30.6)
2023-09-18 15:45:09.068 | 04:38   59ms  720M    0G  16/ 30U [GameAnalyzer] Known army advantage is now Even
2023-09-18 15:45:09.069 | 04:38   59ms  720M    0G  16/ 30U [GameAnalyzer] Predicted army advantage is now Even
2023-09-18 15:45:10.973 | 04:42   70ms  725M    0G  16/ 30U [ActUnit] ZERGLING from LARVA at (42.7, 30.7)
2023-09-18 15:45:12.587 | 04:49   32ms  810M    0G  17/ 30U [GameAnalyzer] Known army advantage is now SlightAdvantage
2023-09-18 15:45:12.589 | 04:49   32ms  810M    0G  17/ 30U [GameAnalyzer] Predicted army advantage is now SlightAdvantage
2023-09-18 15:45:13.678 | 04:53   75ms  815M    0G  17/ 30U [ActUnit] ZERGLING from LARVA at (42.4, 30.4)
2023-09-18 15:45:15.291 | 05:00   56ms  905M    0G  18/ 30U [GameAnalyzer] Known army advantage is now Even
2023-09-18 15:45:15.295 | 05:00   56ms  905M    0G  18/ 30U [GameAnalyzer] Predicted army advantage is now Even
2023-09-18 15:45:16.364 | 05:04   70ms  910M    0G  18/ 30U [ActUnit] ZERGLING from LARVA at (42.5, 30.4)
2023-09-18 15:45:16.747 | 05:05   59ms  930M    0G  19/ 30U [GameAnalyzer] Known army advantage is now SlightDisadvantage
2023-09-18 15:45:16.752 | 05:05   59ms  930M    0G  19/ 30U [GameAnalyzer] Predicted army advantage is now SlightDisadvantage
2023-09-18 15:45:17.791 | 05:10   14ms 1000M    0G  19/ 30U [GameAnalyzer] Known army advantage is now SmallDisadvantage
2023-09-18 15:45:17.792 | 05:10   14ms 1000M    0G  19/ 30U [GameAnalyzer] Predicted army advantage is now SmallDisadvantage
2023-09-18 15:45:18.481 | 05:14   16ms  995M    0G  18/ 30U [ActUnit] ZERGLING from LARVA at (42.3, 30.7)
2023-09-18 15:45:20.203 | 05:25   15ms 1085M    0G  16/ 30U [ActUnit] ZERGLING from LARVA at (42.5, 30.4)
2023-09-18 15:45:21.919 | 05:36   12ms 1180M    0G  15/ 30U [ActUnit] ZERGLING from LARVA at (42.3, 30.6)
2023-09-18 15:45:22.122 | 05:37   11ms 1215M    0G  16/ 30U [GameAnalyzer] Known army advantage is now ClearDisadvantage
2023-09-18 15:45:22.123 | 05:37   11ms 1215M    0G  16/ 30U [GameAnalyzer] Predicted army advantage is now ClearDisadvantage
2023-09-18 15:45:24.591 | 05:46   12ms 1275M    0G  15/ 30U [ActUnit] ZERGLING from LARVA at (42.3, 30.8)
2023-09-18 15:45:26.078 | 05:55   20ms 1390M    0G  15/ 30U [GameAnalyzer] Income advantage is now SmallDisadvantage
2023-09-18 15:45:26.428 | 05:57   19ms 1340M    0G  14/ 30U [ActUnit] DRONE from LARVA at (42.6, 30.4)
2023-09-18 15:45:28.278 | 06:08   11ms 1290M    0G   1/ 30U [ActUnit] DRONE from LARVA at (42.7, 30.7)
2023-09-18 15:45:29.987 | 06:19   11ms 1240M    0G   1/ 30U [ActUnit] DRONE from LARVA at (42.3, 30.5)
2023-09-18 15:45:31.721 | 06:29   12ms 1190M    0G   1/ 30U [ActUnit] DRONE from LARVA at (42.3, 30.8)
2023-09-18 15:45:32.021 | 06:31   11ms 1190M    0G   2/ 24U [GameAnalyzer] Income advantage is now ClearDisadvantage
2023-09-18 15:45:38.549 | INFO     | sc2.protocol:_execute:72 - Client status changed to Status.ended (was Status.in_game)
2023-09-18 15:45:38.552 | Result: Defeat
2023-09-18 15:45:38.552 | Duration: 07:05
2023-09-18 15:45:38.553 | Step time min: 6
2023-09-18 15:45:38.554 | Step time avg: 36
2023-09-18 15:45:38.554 | Step time max: 144
2023-09-18 15:45:38.555 | [LostUnitsContents] My lost units minerals and gas: (2650, 0)
2023-09-18 15:45:38.555 | [LostUnitsContents] My lost units minerals by score: 2650.0
2023-09-18 15:45:38.556 | [LostUnitsContents] Enemy lost units minerals and gas: (1550, 0)
2023-09-18 15:45:38.557 | [LostUnitsContents] Enemy lost units minerals by score: 1550.0
2023-09-18 15:45:38.558 | [GameAnalyzerEnd] Own units:
2023-09-18 15:45:38.558 | [GameAnalyzerEnd] ZERGLING          total:  36 alive:   0 dead:  36 
2023-09-18 15:45:38.559 | [GameAnalyzerEnd] DRONE             total:  28 alive:   0 dead:  28 
2023-09-18 15:45:38.560 | [GameAnalyzerEnd] OVERLORD          total:   3 alive:   3 dead:   0 
2023-09-18 15:45:38.560 | [GameAnalyzerEnd] SPAWNINGPOOL      total:   1 alive:   1 dead:   0 
2023-09-18 15:45:38.561 | [GameAnalyzerEnd] HATCHERY          total:   1 alive:   0 dead:   1 
2023-09-18 15:45:38.561 | [GameAnalyzerEnd] Enemy units:
2023-09-18 15:45:38.562 | [GameAnalyzerEnd] SCV               total:  24 alive:   5 dead:  19 
2023-09-18 15:45:38.563 | [GameAnalyzerEnd] MARINE            total:  24 alive:  12 dead:  12 
2023-09-18 15:45:38.563 | [GameAnalyzerEnd] SUPPLYDEPOT       total:   1 alive:   1 dead:   0 
2023-09-18 15:45:38.564 | [GameAnalyzerEnd] Minerals max 1390 Average 588
2023-09-18 15:45:38.564 | [GameAnalyzerEnd] Vespene max 0 Average 0
2023-09-18 15:45:38.565 | INFO     | sc2.main:_play_game:228 - Result for player 2 - Bot LadderBot(Zerg): Defeat
