2023-09-18 15:01:25.283 | INFO     | sc2.protocol:_execute:72 - Client status changed to Status.in_game (was None)
2023-09-18 15:01:25.284 | INFO     | sc2.main:_play_game:221 - Player 2 - Bot LadderBot(Zerg)
2023-09-18 15:01:25.511 | 00:00    0ms   50M    0G  12/ 14U [Version] 4.10.0.75689
2023-09-18 15:01:25.512 | 00:00    0ms   50M    0G  12/ 14U [Version] 5.0.6 Balance mod recognized.
2023-09-18 15:01:25.579 | 00:00    0ms   50M    0G  12/ 14U [ZoneManager] Map set to: MapName.Unknown from name: InfestationStationAIE and hash: 3102896.
2023-09-18 15:01:26.140 | [DataManager] No BuildDetector found, enemy build data cannot be saved
2023-09-18 15:01:26.160 | [Start] My race: Zerg
2023-09-18 15:01:26.161 | [Start] Opponent race: Terran
2023-09-18 15:01:26.162 | [Start] OpponentId: 1
2023-09-18 15:01:28.296 | 00:16    8ms  205M    0G  12/ 14U [ActBuilding] 1. SPAWNINGPOOL near (135.4, 123.0)
2023-09-18 15:01:29.168 | 00:26    8ms    0M    0G  11/ 14U [ActUnit] OVERLORD from LARVA at (133.5, 128.7)
2023-09-18 15:01:29.498 | 00:29    7ms    0M    0G  11/ 14U [ActUnit] DRONE from LARVA at (133.1, 128.6)
2023-09-18 15:01:29.943 | 00:34    7ms    0M    0G  12/ 14U [ActUnit] DRONE from LARVA at (131.3, 128.9)
2023-09-18 15:01:30.351 | 00:39    6ms    0M    0G  13/ 14U [ActUnit] DRONE from LARVA at (132.4, 128.4)
2023-09-18 15:01:33.913 | 01:06   57ms  270M    0G  14/ 22U [ActUnit] ZERGLING from LARVA at (132.5, 128.8)
2023-09-18 15:01:33.978 | 01:06   64ms  230M    0G  15/ 22U [ActUnit] ZERGLING from LARVA at (132.5, 128.8)
2023-09-18 15:01:34.488 | 01:09   56ms  205M    0G  16/ 22U [ActUnit] ZERGLING from LARVA at (132.4, 128.4)
2023-09-18 15:01:35.647 | 01:20    7ms  300M    0G  17/ 22U [ActUnit] ZERGLING from LARVA at (132.4, 128.4)
2023-09-18 15:01:36.030 | 01:23    7ms  355M    0G  18/ 22U [GameAnalyzer] Known army advantage is now SlightAdvantage
2023-09-18 15:01:36.031 | 01:23    7ms  355M    0G  18/ 22U [GameAnalyzer] Predicted army advantage is now SlightAdvantage
2023-09-18 15:01:36.407 | 01:27    9ms  395M    0G  18/ 22U [PlanZoneAttack2] Power 3.00 is larger than required attack power 2.00 -> attack!
2023-09-18 15:01:36.407 | 01:27    9ms  395M    0G  18/ 22U [PlanZoneAttack2] Attack started at 3.00 power.
2023-09-18 15:01:36.530 | 01:27   15ms  395M    0G  18/ 22U [GameAnalyzer] Income advantage is now SlightDisadvantage
2023-09-18 15:01:36.958 | 01:31   12ms  365M    0G  18/ 22U [ActUnit] ZERGLING from LARVA at (132.7, 128.6)
2023-09-18 15:01:38.431 | 01:41   12ms  355M    0G  19/ 22U [ActUnit] ZERGLING from LARVA at (132.6, 128.9)
2023-09-18 15:01:39.321 | 01:48   13ms  375M    0G  20/ 22U [GameAnalyzer] Known army advantage is now SmallAdvantage
2023-09-18 15:01:39.322 | 01:48   13ms  375M    0G  20/ 22U [GameAnalyzer] Predicted army advantage is now SmallAdvantage
2023-09-18 15:01:40.097 | 01:52   64ms  345M    0G  20/ 22U [ActUnit] ZERGLING from LARVA at (132.7, 128.7)
2023-09-18 15:01:42.604 | 02:03   68ms  335M    0G  21/ 22U [ActUnit] ZERGLING from LARVA at (132.6, 128.4)
2023-09-18 15:01:42.689 | 02:03   89ms  335M    0G  22/ 22U [GameAnalyzer] Income advantage is now SmallDisadvantage
2023-09-18 15:01:43.785 | 02:09   22ms  355M    0G  21/ 22U [GameAnalyzer] Known army advantage is now SlightAdvantage
2023-09-18 15:01:43.786 | 02:09   22ms  355M    0G  21/ 22U [GameAnalyzer] Predicted army advantage is now SlightAdvantage
2023-09-18 15:01:43.878 | 02:09   30ms  355M    0G  21/ 22U [GameAnalyzer] Known army advantage is now SmallAdvantage
2023-09-18 15:01:43.879 | 02:09   30ms  355M    0G  21/ 22U [GameAnalyzer] Predicted army advantage is now SmallAdvantage
2023-09-18 15:01:44.645 | 02:13   20ms  325M    0G  19/ 22U [ActUnit] DRONE from LARVA at (132.4, 128.8)
2023-09-18 15:01:44.978 | 02:15   19ms  325M    0G  18/ 22U [GameAnalyzer] Known army advantage is now SlightAdvantage
2023-09-18 15:01:44.979 | 02:15   19ms  325M    0G  18/ 22U [GameAnalyzer] Predicted army advantage is now SlightAdvantage
2023-09-18 15:01:45.850 | 02:20   23ms  345M    0G  15/ 22U [GameAnalyzer] Known army advantage is now SmallAdvantage
2023-09-18 15:01:45.851 | 02:20   23ms  345M    0G  15/ 22U [GameAnalyzer] Predicted army advantage is now SmallAdvantage
2023-09-18 15:01:46.552 | 02:24   18ms  315M    0G  11/ 22U [ActUnit] DRONE from LARVA at (132.6, 128.9)
2023-09-18 15:01:46.635 | 02:25   22ms  315M    0G  11/ 22U [GameAnalyzer] Known army advantage is now SlightAdvantage
2023-09-18 15:01:46.636 | 02:25   22ms  315M    0G  11/ 22U [GameAnalyzer] Predicted army advantage is now SlightAdvantage
2023-09-18 15:01:48.324 | 02:35   11ms  305M    0G   9/ 22U [ActUnit] DRONE from LARVA at (132.3, 128.8)
2023-09-18 15:01:48.607 | 02:37   12ms  310M    0G  10/ 22U [GameAnalyzer] Income advantage is now SlightDisadvantage
2023-09-18 15:01:50.789 | 02:46   11ms  310M    0G  10/ 22U [ActUnit] DRONE from LARVA at (132.3, 128.8)
2023-09-18 15:01:51.712 | 02:51   12ms  340M    0G  10/ 22U [GameAnalyzer] Known army advantage is now Even
2023-09-18 15:01:51.713 | 02:51   12ms  340M    0G  10/ 22U [GameAnalyzer] Predicted army advantage is now Even
2023-09-18 15:01:52.379 | 02:56   17ms  370M    0G  10/ 22U [GameAnalyzer] Known army advantage is now SlightDisadvantage
2023-09-18 15:01:52.380 | 02:56   17ms  370M    0G  10/ 22U [GameAnalyzer] Predicted army advantage is now SlightDisadvantage
2023-09-18 15:01:52.437 | 02:56   14ms  320M    0G  10/ 22U [ActUnit] DRONE from LARVA at (132.3, 128.8)
2023-09-18 15:01:53.094 | 03:00   12ms  350M    0G   9/ 22U [PlanZoneAttack2] No attacking units, starting retreat
2023-09-18 15:01:53.970 | 03:07    9ms  345M    0G   9/ 22U [ActUnit] DRONE from LARVA at (132.3, 128.6)
2023-09-18 15:01:55.403 | 03:18    9ms  380M    0G  10/ 22U [ActUnit] DRONE from LARVA at (132.6, 128.8)
2023-09-18 15:01:55.761 | 03:20    9ms  405M    0G  11/ 22U [PlanZoneAttack2] Retreat stopped.
2023-09-18 15:01:56.829 | 03:28    9ms  425M    0G  11/ 22U [ActUnit] DRONE from LARVA at (132.7, 128.6)
2023-09-18 15:01:57.070 | 03:30    9ms  440M    0G  12/ 22U [GameAnalyzer] Income advantage is now Even
2023-09-18 15:01:58.282 | 03:39    9ms  490M    0G  12/ 22U [ActUnit] DRONE from LARVA at (132.6, 128.8)
2023-09-18 15:02:00.576 | 03:50   10ms  550M    0G  13/ 22U [ActUnit] DRONE from LARVA at (132.7, 128.7)
2023-09-18 15:02:02.071 | 04:01   10ms  620M    0G  14/ 22U [ActUnit] ZERGLING from LARVA at (132.4, 128.4)
2023-09-18 15:02:03.534 | 04:11    9ms  710M    0G  15/ 22U [ActUnit] ZERGLING from LARVA at (132.3, 128.6)
2023-09-18 15:02:04.727 | 04:19   14ms  805M    0G  16/ 22U [GameAnalyzer] Income advantage is now SmallDisadvantage
2023-09-18 15:02:05.187 | 04:22   14ms  805M    0G  16/ 22U [GameAnalyzer] Known army advantage is now SmallDisadvantage
2023-09-18 15:02:05.188 | 04:22   14ms  805M    0G  16/ 22U [GameAnalyzer] Predicted army advantage is now SmallDisadvantage
2023-09-18 15:02:05.189 | 04:22   14ms  755M    0G  16/ 22U [ActUnit] ZERGLING from LARVA at (132.6, 128.8)
2023-09-18 15:02:06.078 | 04:27   15ms  755M    0G  15/ 22U [GameAnalyzer] Known army advantage is now SlightDisadvantage
2023-09-18 15:02:06.079 | 04:27   15ms  755M    0G  15/ 22U [GameAnalyzer] Predicted army advantage is now SlightDisadvantage
2023-09-18 15:02:06.971 | 04:33   13ms  705M    0G  14/ 22U [ActUnit] DRONE from LARVA at (132.3, 128.5)
2023-09-18 15:02:07.335 | 04:35   14ms  710M    0G  15/ 22U [GameAnalyzer] Income advantage is now SlightDisadvantage
2023-09-18 15:02:07.828 | 04:38   11ms  710M    0G  15/ 22U [GameAnalyzer] Known army advantage is now Even
2023-09-18 15:02:07.830 | 04:38   11ms  710M    0G  15/ 22U [GameAnalyzer] Predicted army advantage is now Even
2023-09-18 15:02:07.911 | 04:39   17ms  715M    0G  15/ 22U [GameAnalyzer] Income advantage is now Even
2023-09-18 15:02:08.043 | 04:39   16ms  725M    0G  15/ 22U [GameAnalyzer] Known army advantage is now SlightAdvantage
2023-09-18 15:02:08.044 | 04:39   16ms  725M    0G  15/ 22U [GameAnalyzer] Predicted army advantage is now SlightAdvantage
2023-09-18 15:02:08.486 | 04:43    9ms  690M    0G  15/ 22U [ActUnit] DRONE from LARVA at (132.7, 128.6)
2023-09-18 15:02:10.852 | 04:54   12ms  755M    0G  16/ 22U [ActUnit] ZERGLING from LARVA at (132.7, 128.5)
2023-09-18 15:02:12.396 | 05:05   11ms  845M    0G  17/ 22U [ActUnit] ZERGLING from LARVA at (132.7, 128.5)
2023-09-18 15:02:13.383 | 05:12   15ms  935M    0G  18/ 22U [PlanZoneAttack2] Power 2.88 is larger than required attack power 2.00 -> attack!
2023-09-18 15:02:13.384 | 05:12   15ms  935M    0G  18/ 22U [PlanZoneAttack2] Attack started at 2.88 power.
2023-09-18 15:02:13.511 | 05:12   18ms  945M    0G  18/ 22U [GameAnalyzer] Income advantage is now SmallDisadvantage
2023-09-18 15:02:13.975 | 05:16   13ms  915M    0G  18/ 22U [ActUnit] ZERGLING from LARVA at (132.7, 128.7)
2023-09-18 15:02:15.545 | 05:26   14ms  905M    0G  19/ 22U [ActUnit] ZERGLING from LARVA at (132.7, 128.6)
2023-09-18 15:02:16.604 | 05:33   21ms  925M    0G  20/ 22U [GameAnalyzer] Known army advantage is now SmallAdvantage
2023-09-18 15:02:16.605 | 05:33   21ms  925M    0G  20/ 22U [GameAnalyzer] Predicted army advantage is now SmallAdvantage
2023-09-18 15:02:16.674 | 05:33   18ms  925M    0G  20/ 22U [GameAnalyzer] Known army advantage is now SlightAdvantage
2023-09-18 15:02:16.675 | 05:33   18ms  925M    0G  20/ 22U [GameAnalyzer] Predicted army advantage is now SlightAdvantage
2023-09-18 15:02:17.301 | 05:37   16ms  895M    0G  20/ 22U [ActUnit] ZERGLING from LARVA at (132.3, 128.8)
2023-09-18 15:02:18.324 | 05:44   15ms  915M    0G  21/ 22U [GameAnalyzer] Known army advantage is now SmallAdvantage
2023-09-18 15:02:18.325 | 05:44   15ms  915M    0G  21/ 22U [GameAnalyzer] Predicted army advantage is now SmallAdvantage
2023-09-18 15:02:18.871 | 05:48   15ms  885M    0G  21/ 22U [ActUnit] ZERGLING from LARVA at (132.7, 128.7)
2023-09-18 15:02:20.792 | 05:58   25ms  865M    0G  21/ 22U [ActUnit] ZERGLING from LARVA at (132.7, 128.7)
2023-09-18 15:02:23.591 | 06:09   17ms  855M    0G  12/ 22U [ActUnit] DRONE from LARVA at (132.6, 128.8)
2023-09-18 15:02:24.137 | 06:12   24ms  870M    0G  11/ 22U [GameAnalyzer] Known army advantage is now SlightAdvantage
2023-09-18 15:02:24.138 | 06:12   24ms  870M    0G  11/ 22U [GameAnalyzer] Predicted army advantage is now SlightAdvantage
2023-09-18 15:02:24.348 | 06:14   16ms  875M    0G  10/ 22U [GameAnalyzer] Income advantage is now SlightDisadvantage
2023-09-18 15:02:24.428 | 06:14   20ms  875M    0G  10/ 22U [GameAnalyzer] Income advantage is now SmallDisadvantage
2023-09-18 15:02:25.430 | 06:20   15ms  845M    0G   9/ 22U [ActUnit] DRONE from LARVA at (132.3, 128.5)
2023-09-18 15:02:25.715 | 06:22   14ms  855M    0G  10/ 22U [GameAnalyzer] Income advantage is now SlightDisadvantage
2023-09-18 15:02:27.043 | 06:31   13ms  840M    0G  10/ 22U [ActUnit] DRONE from LARVA at (132.6, 128.4)
2023-09-18 15:02:28.696 | 06:41   14ms  845M    0G  11/ 22U [ActUnit] DRONE from LARVA at (132.3, 128.6)
2023-09-18 15:02:30.380 | 06:52   13ms  860M    0G  11/ 22U [ActUnit] DRONE from LARVA at (132.4, 128.4)
2023-09-18 15:02:30.892 | 06:56   15ms  890M    0G  12/ 22U [GameAnalyzer] Income advantage is now Even
2023-09-18 15:02:30.948 | 06:56   17ms  890M    0G  12/ 22U [GameAnalyzer] Income advantage is now SlightDisadvantage
2023-09-18 15:02:31.003 | 06:57   17ms  895M    0G  12/ 22U [GameAnalyzer] Income advantage is now Even
2023-09-18 15:02:31.791 | 07:03   16ms  885M    0G  12/ 22U [ActUnit] DRONE from LARVA at (132.6, 128.4)
2023-09-18 15:02:32.226 | 07:05   62ms  890M    0G  13/ 22U [GameAnalyzer] Income advantage is now SlightAdvantage
2023-09-18 15:02:32.332 | 07:05   75ms  890M    0G  13/ 22U [GameAnalyzer] Income advantage is now Even
2023-09-18 15:02:32.549 | 07:06   76ms  910M    0G  13/ 22U [GameAnalyzer] Income advantage is now SlightAdvantage
2023-09-18 15:02:35.009 | 07:13   19ms  915M    0G  12/ 22U [ActUnit] DRONE from LARVA at (132.3, 128.8)
2023-09-18 15:02:35.229 | 07:14   61ms  925M    0G  13/ 22U [GameAnalyzer] Known army advantage is now Even
2023-09-18 15:02:35.234 | 07:14   61ms  925M    0G  13/ 22U [GameAnalyzer] Predicted army advantage is now Even
2023-09-18 15:02:35.705 | 07:17   75ms  945M    0G  12/ 22U [GameAnalyzer] Known army advantage is now SlightDisadvantage
2023-09-18 15:02:35.707 | 07:17   75ms  945M    0G  12/ 22U [GameAnalyzer] Predicted army advantage is now SlightDisadvantage
2023-09-18 15:02:35.925 | 07:17   78ms  955M    0G  11/ 22U [PlanZoneAttack2] No attacking units, starting retreat
2023-09-18 15:02:37.440 | 07:24   56ms  965M    0G  11/ 22U [ActUnit] DRONE from LARVA at (132.3, 128.6)
2023-09-18 15:02:39.778 | 07:35   58ms 1020M    0G  12/ 22U [ActUnit] DRONE from LARVA at (132.3, 128.7)
2023-09-18 15:02:40.406 | 07:38   57ms 1040M    0G  13/ 22U [PlanZoneAttack2] Retreat stopped.
2023-09-18 15:02:42.117 | 07:46   25ms 1085M    0G  13/ 22U [ActUnit] DRONE from LARVA at (132.5, 128.7)
2023-09-18 15:02:42.499 | 07:47   58ms 1100M    0G  14/ 22U [GameAnalyzer] Income advantage is now SmallAdvantage
2023-09-18 15:02:44.377 | 07:56   62ms 1155M    0G  14/ 22U [ActUnit] ZERGLING from LARVA at (132.3, 128.6)
2023-09-18 15:02:46.786 | 08:07   58ms 1245M    0G  15/ 22U [ActUnit] ZERGLING from LARVA at (132.7, 128.8)
2023-09-18 15:02:49.128 | 08:14   72ms 1320M    0G  16/ 22U [GameAnalyzer] Known army advantage is now Even
2023-09-18 15:02:49.134 | 08:14   72ms 1320M    0G  16/ 22U [GameAnalyzer] Predicted army advantage is now Even
2023-09-18 15:02:49.878 | 08:18   20ms 1335M    0G  16/ 22U [ActUnit] ZERGLING from LARVA at (132.4, 128.8)
2023-09-18 15:02:51.342 | 08:24   71ms 1425M    0G  17/ 22U [GameAnalyzer] Known army advantage is now SlightAdvantage
2023-09-18 15:02:51.349 | 08:24   71ms 1425M    0G  17/ 22U [GameAnalyzer] Predicted army advantage is now SlightAdvantage
2023-09-18 15:02:52.271 | 08:28   19ms 1435M    0G  17/ 22U [ActUnit] ZERGLING from LARVA at (132.5, 128.9)
2023-09-18 15:02:53.641 | 08:35   71ms 1520M    0G  18/ 22U [PlanZoneAttack2] Power 3.00 is larger than required attack power 2.00 -> attack!
2023-09-18 15:02:53.643 | 08:35   71ms 1520M    0G  18/ 22U [PlanZoneAttack2] Attack started at 3.00 power.
2023-09-18 15:02:53.861 | 08:36   81ms 1525M    0G  18/ 22U [GameAnalyzer] Income advantage is now Even
2023-09-18 15:02:54.619 | 08:39   65ms 1495M    0G  18/ 22U [ActUnit] ZERGLING from LARVA at (132.3, 128.5)
2023-09-18 15:02:55.751 | 08:45   58ms 1510M    0G  19/ 22U [GameAnalyzer] Known army advantage is now Even
2023-09-18 15:02:55.756 | 08:45   58ms 1510M    0G  19/ 22U [GameAnalyzer] Predicted army advantage is now Even
2023-09-18 15:02:55.975 | 08:45   62ms 1515M    0G  19/ 22U [GameAnalyzer] Known army advantage is now SlightDisadvantage
2023-09-18 15:02:55.976 | 08:45   62ms 1515M    0G  19/ 22U [GameAnalyzer] Predicted army advantage is now SlightDisadvantage
2023-09-18 15:02:56.035 | 08:46   72ms 1515M    0G  19/ 22U [GameAnalyzer] Known army advantage is now SlightAdvantage
2023-09-18 15:02:56.041 | 08:46   72ms 1515M    0G  19/ 22U [GameAnalyzer] Predicted army advantage is now SlightAdvantage
2023-09-18 15:02:56.416 | 08:47   65ms 1515M    0G  19/ 22U [GameAnalyzer] Known army advantage is now Even
2023-09-18 15:02:56.421 | 08:47   65ms 1515M    0G  19/ 22U [GameAnalyzer] Predicted army advantage is now Even
2023-09-18 15:02:56.700 | 08:49   16ms 1525M    0G  18/ 22U [GameAnalyzer] Known army advantage is now SlightDisadvantage
2023-09-18 15:02:56.702 | 08:49   16ms 1525M    0G  18/ 22U [GameAnalyzer] Predicted army advantage is now SlightDisadvantage
2023-09-18 15:02:56.846 | 08:50   14ms 1530M    0G  17/ 22U [GameAnalyzer] Known army advantage is now SmallDisadvantage
2023-09-18 15:02:56.847 | 08:50   14ms 1530M    0G  17/ 22U [GameAnalyzer] Predicted army advantage is now SmallDisadvantage
2023-09-18 15:02:56.848 | 08:50   14ms 1480M    0G  17/ 22U [ActUnit] ZERGLING from LARVA at (132.7, 128.7)
2023-09-18 15:02:58.885 | 09:01   63ms 1515M    0G  11/ 22U [GameAnalyzer] Known army advantage is now SlightDisadvantage
2023-09-18 15:02:58.889 | 09:01   63ms 1515M    0G  11/ 22U [GameAnalyzer] Predicted army advantage is now SlightDisadvantage
2023-09-18 15:02:58.890 | 09:01   63ms 1465M    0G  11/ 22U [ActUnit] DRONE from LARVA at (132.6, 128.4)
2023-09-18 15:03:00.058 | 09:06   60ms 1485M    0G  11/ 22U [GameAnalyzer] Known army advantage is now SlightAdvantage
2023-09-18 15:03:00.059 | 09:06   60ms 1485M    0G  11/ 22U [GameAnalyzer] Predicted army advantage is now SlightAdvantage
2023-09-18 15:03:01.220 | 09:11   62ms 1455M    0G  11/ 22U [ActUnit] DRONE from LARVA at (132.3, 128.7)
2023-09-18 15:03:04.558 | 09:22   62ms 1450M    0G  10/ 22U [ActUnit] DRONE from LARVA at (132.4, 128.8)
2023-09-18 15:03:06.967 | 09:33   13ms 1500M    0G  10/ 22U [GameAnalyzer] Known army advantage is now Even
2023-09-18 15:03:06.968 | 09:33   13ms 1500M    0G  10/ 22U [GameAnalyzer] Predicted army advantage is now Even
2023-09-18 15:03:06.969 | 09:33   13ms 1450M    0G  10/ 22U [ActUnit] DRONE from LARVA at (132.7, 128.8)
2023-09-18 15:03:07.307 | 09:35   18ms 1460M    0G  10/ 22U [GameAnalyzer] Known army advantage is now SlightDisadvantage
2023-09-18 15:03:07.308 | 09:35   18ms 1460M    0G  10/ 22U [GameAnalyzer] Predicted army advantage is now SlightDisadvantage
2023-09-18 15:03:08.511 | 09:43   12ms 1465M    0G   9/ 22U [ActUnit] DRONE from LARVA at (132.6, 128.4)
2023-09-18 15:03:08.737 | 09:44   57ms 1475M    0G   9/ 22U [PlanZoneAttack2] No attacking units, starting retreat
2023-09-18 15:03:10.929 | 09:54   58ms 1485M    0G   9/ 22U [ActUnit] DRONE from LARVA at (132.4, 128.8)
2023-09-18 15:03:13.302 | 10:04   71ms 1570M    0G  10/ 22U [PlanZoneAttack2] Retreat stopped.
2023-09-18 15:03:13.413 | 10:05   60ms 1520M    0G  10/ 22U [ActUnit] DRONE from LARVA at (132.3, 128.5)
2023-09-18 15:03:16.573 | 10:16   15ms 1570M    0G  11/ 22U [ActUnit] DRONE from LARVA at (132.5, 128.4)
2023-09-18 15:03:18.984 | 10:26   58ms 1625M    0G  12/ 22U [ActUnit] DRONE from LARVA at (132.3, 128.7)
2023-09-18 15:03:21.383 | 10:37   58ms 1685M    0G  13/ 22U [ActUnit] DRONE from LARVA at (132.3, 128.5)
2023-09-18 15:03:21.850 | 10:39   59ms 1700M    0G  14/ 22U [GameAnalyzer] Income advantage is now SlightAdvantage
2023-09-18 15:03:23.781 | 10:48   58ms 1755M    0G  14/ 22U [ActUnit] ZERGLING from LARVA at (132.3, 128.5)
2023-09-18 15:03:26.230 | 10:58   67ms 1830M    0G  15/ 22U [ActUnit] ZERGLING from LARVA at (132.3, 128.8)
2023-09-18 15:03:29.532 | 11:09   59ms 1910M    0G  16/ 22U [ActUnit] ZERGLING from LARVA at (132.4, 128.4)
2023-09-18 15:03:31.142 | 11:16   70ms 1985M    0G  17/ 22U [GameAnalyzer] Known army advantage is now Even
2023-09-18 15:03:31.148 | 11:16   70ms 1985M    0G  17/ 22U [GameAnalyzer] Predicted army advantage is now Even
2023-09-18 15:03:32.153 | 11:20   60ms 1990M    0G  17/ 22U [ActUnit] ZERGLING from LARVA at (132.6, 128.4)
2023-09-18 15:03:32.961 | 11:25   19ms 2055M    0G  18/ 22U [GameAnalyzer] Known army advantage is now SlightDisadvantage
2023-09-18 15:03:32.962 | 11:25   19ms 2055M    0G  18/ 22U [GameAnalyzer] Predicted army advantage is now SlightDisadvantage
2023-09-18 15:03:33.016 | 11:25   14ms 2060M    0G  18/ 22U [GameAnalyzer] Known army advantage is now SmallDisadvantage
2023-09-18 15:03:33.017 | 11:25   14ms 2060M    0G  18/ 22U [GameAnalyzer] Predicted army advantage is now SmallDisadvantage
2023-09-18 15:03:33.792 | 11:31   12ms 2130M    0G  17/ 22U [GameAnalyzer] Known army advantage is now SlightDisadvantage
2023-09-18 15:03:33.794 | 11:31   12ms 2130M    0G  17/ 22U [GameAnalyzer] Predicted army advantage is now SlightDisadvantage
2023-09-18 15:03:33.795 | 11:31   12ms 2080M    0G  17/ 22U [ActUnit] ZERGLING from LARVA at (132.4, 128.4)
2023-09-18 15:03:35.274 | 11:41   12ms 2175M    0G  17/ 22U [ActUnit] ZERGLING from LARVA at (132.5, 128.4)
2023-09-18 15:03:36.778 | 11:52   12ms 2255M    0G  15/ 22U [ActUnit] ZERGLING from LARVA at (132.7, 128.5)
2023-09-18 15:03:37.358 | 11:56   16ms 2305M    0G  16/ 22U [GameAnalyzer] Income advantage is now SlightDisadvantage
2023-09-18 15:03:38.548 | 12:03   15ms 2305M    0G  15/ 22U [GameAnalyzer] Known army advantage is now Even
2023-09-18 15:03:38.549 | 12:03   15ms 2305M    0G  15/ 22U [GameAnalyzer] Predicted army advantage is now Even
2023-09-18 15:03:38.550 | 12:03   15ms 2255M    0G  15/ 22U [ActUnit] DRONE from LARVA at (132.3, 128.6)
2023-09-18 15:03:38.808 | 12:04   62ms 2255M    0G  16/ 22U [GameAnalyzer] Income advantage is now SlightAdvantage
2023-09-18 15:03:40.752 | 12:08   59ms 2255M    0G  16/ 22U [GameAnalyzer] Known army advantage is now SlightAdvantage
2023-09-18 15:03:40.754 | 12:08   59ms 2255M    0G  16/ 22U [GameAnalyzer] Predicted army advantage is now SlightAdvantage
2023-09-18 15:03:42.129 | 12:13   58ms 2255M    0G  16/ 22U [ActUnit] ZERGLING from LARVA at (132.6, 128.4)
2023-09-18 15:03:44.668 | 12:24   30ms 2335M    0G  17/ 22U [ActUnit] ZERGLING from LARVA at (132.4, 128.8)
2023-09-18 15:03:46.374 | 12:31   76ms 2410M    0G  18/ 22U [PlanZoneAttack2] Power 2.90 is larger than required attack power 2.00 -> attack!
2023-09-18 15:03:46.377 | 12:31   76ms 2410M    0G  18/ 22U [PlanZoneAttack2] Attack started at 2.90 power.
2023-09-18 15:03:46.627 | 12:32   86ms 2415M    0G  18/ 22U [GameAnalyzer] Income advantage is now Even
2023-09-18 15:03:47.456 | 12:35   60ms 2385M    0G  18/ 22U [ActUnit] ZERGLING from LARVA at (132.5, 128.9)
2023-09-18 15:03:50.168 | 12:46   19ms 2375M    0G  19/ 22U [ActUnit] ZERGLING from LARVA at (132.7, 128.5)
2023-09-18 15:03:52.974 | 12:56   70ms 2360M    0G  19/ 22U [ActUnit] ZERGLING from LARVA at (132.6, 128.8)
2023-09-18 15:03:55.468 | 13:07   22ms 2345M    0G  20/ 22U [ActUnit] ZERGLING from LARVA at (132.5, 128.8)
2023-09-18 15:03:56.210 | 13:10   68ms 2355M    0G  21/ 22U [GameAnalyzer] Income advantage is now SlightDisadvantage
2023-09-18 15:03:56.563 | 13:12   20ms 2365M    0G  21/ 22U [EnemyArmyPredicter] Predicting negative free minerals for enemy: -2660
2023-09-18 15:03:56.779 | 13:14   22ms 2370M    0G  21/ 22U [GameAnalyzer] Known army advantage is now SmallAdvantage
2023-09-18 15:03:56.780 | 13:14   22ms 2370M    0G  21/ 22U [GameAnalyzer] Predicted army advantage is now SmallAdvantage
2023-09-18 15:03:56.998 | 13:15   21ms 2375M    0G  20/ 22U [GameAnalyzer] Income advantage is now Even
2023-09-18 15:03:57.087 | 13:15   23ms 2375M    0G  20/ 22U [GameAnalyzer] Income advantage is now SlightDisadvantage
2023-09-18 15:03:57.480 | 13:18   20ms 2385M    0G  20/ 22U [EnemyArmyPredicter] Predicting negative free minerals for enemy: -2050
2023-09-18 15:03:57.482 | 13:18   20ms 2335M    0G  20/ 22U [ActUnit] DRONE from LARVA at (132.6, 128.9)
2023-09-18 15:03:57.644 | 13:19   20ms 2340M    0G  20/ 22U [GameAnalyzer] Income advantage is now Even
2023-09-18 15:03:58.603 | 13:19   26ms 2340M    0G  20/ 22U [GameAnalyzer] Income advantage is now SlightDisadvantage
2023-09-18 15:03:59.077 | 13:22   20ms 2350M    0G  16/ 22U [GameAnalyzer] Income advantage is now Even
2023-09-18 15:03:59.288 | 13:23   17ms 2355M    0G  16/ 22U [EnemyArmyPredicter] Predicting negative free minerals for enemy: -50
2023-09-18 15:04:00.175 | 13:28   15ms 2375M    0G  12/ 22U [EnemyArmyPredicter] Predicting negative free minerals for enemy: -36
2023-09-18 15:04:00.177 | 13:28   15ms 2325M    0G  12/ 22U [ActUnit] DRONE from LARVA at (132.7, 128.7)
2023-09-18 15:04:02.504 | 13:39   62ms 2370M    0G  12/ 22U [EnemyArmyPredicter] Predicting negative free minerals for enemy: -7
2023-09-18 15:04:02.506 | 13:39   62ms 2320M    0G  12/ 22U [ActUnit] DRONE from LARVA at (132.7, 128.5)
2023-09-18 15:04:03.711 | 13:45   22ms 2345M    0G  13/ 22U [GameAnalyzer] Income advantage is now SlightAdvantage
2023-09-18 15:04:04.632 | 13:50   60ms 2325M    0G  13/ 22U [ActUnit] DRONE from LARVA at (132.3, 128.8)
2023-09-18 15:04:05.793 | 13:55   63ms 2355M    0G  14/ 22U [GameAnalyzer] Predicted army advantage is now SlightAdvantage
2023-09-18 15:04:06.588 | 13:58   96ms 2375M    0G  14/ 22U [GameAnalyzer] Known army advantage is now SlightAdvantage
2023-09-18 15:04:07.080 | 14:01   64ms 2340M    0G  14/ 22U [ActUnit] DRONE from LARVA at (132.7, 128.7)
2023-09-18 15:04:07.464 | 14:03   21ms 2360M    0G  15/ 22U [GameAnalyzer] Known army advantage is now SmallAdvantage
2023-09-18 15:04:07.465 | 14:03   21ms 2360M    0G  15/ 22U [GameAnalyzer] Predicted army advantage is now SmallAdvantage
2023-09-18 15:04:07.719 | 14:05   66ms 2360M    0G  15/ 22U [GameAnalyzer] Known army advantage is now SlightAdvantage
2023-09-18 15:04:07.725 | 14:05   66ms 2360M    0G  15/ 22U [GameAnalyzer] Predicted army advantage is now SlightAdvantage
2023-09-18 15:04:07.829 | 14:05   41ms 2370M    0G  15/ 22U [GameAnalyzer] Known army advantage is now SmallAdvantage
2023-09-18 15:04:07.834 | 14:05   41ms 2370M    0G  15/ 22U [GameAnalyzer] Predicted army advantage is now SmallAdvantage
2023-09-18 15:04:07.947 | 14:06   16ms 2375M    0G  15/ 22U [GameAnalyzer] Known army advantage is now SlightAdvantage
2023-09-18 15:04:07.949 | 14:06   16ms 2375M    0G  15/ 22U [GameAnalyzer] Predicted army advantage is now SlightAdvantage
2023-09-18 15:04:08.005 | 14:06   18ms 2385M    0G  15/ 22U [GameAnalyzer] Known army advantage is now SmallAdvantage
2023-09-18 15:04:08.006 | 14:06   18ms 2385M    0G  15/ 22U [GameAnalyzer] Predicted army advantage is now SmallAdvantage
2023-09-18 15:04:08.993 | 14:11   79ms 2420M    0G  15/ 22U [GameAnalyzer] Known army advantage is now SlightAdvantage
2023-09-18 15:04:09.000 | 14:11   79ms 2420M    0G  15/ 22U [GameAnalyzer] Predicted army advantage is now SlightAdvantage
2023-09-18 15:04:09.128 | 14:11   69ms 2420M    0G  15/ 22U [GameAnalyzer] Known army advantage is now SmallAdvantage
2023-09-18 15:04:09.129 | 14:11   69ms 2420M    0G  15/ 22U [GameAnalyzer] Predicted army advantage is now SmallAdvantage
2023-09-18 15:04:09.130 | 14:11   69ms 2370M    0G  15/ 22U [ActUnit] DRONE from LARVA at (132.6, 128.9)
2023-09-18 15:04:09.232 | 14:12   89ms 2370M    0G  16/ 22U [GameAnalyzer] Known army advantage is now SlightAdvantage
2023-09-18 15:04:09.233 | 14:12   89ms 2370M    0G  16/ 22U [GameAnalyzer] Predicted army advantage is now SlightAdvantage
2023-09-18 15:04:11.531 | 14:22   64ms 2405M    0G  15/ 22U [ActUnit] DRONE from LARVA at (132.6, 128.9)
2023-09-18 15:04:13.892 | 14:33   63ms 2455M    0G  16/ 22U [ActUnit] DRONE from LARVA at (132.4, 128.8)
2023-09-18 15:04:14.362 | 14:35   63ms 2470M    0G  17/ 22U [GameAnalyzer] Income advantage is now SmallAdvantage
2023-09-18 15:04:15.205 | 14:40   42ms 2520M    0G  17/ 22U [GameAnalyzer] Income advantage is now ClearAdvantage
2023-09-18 15:04:15.815 | 14:43   21ms 2510M    0G  17/ 22U [ActUnit] DRONE from LARVA at (132.5, 128.9)
2023-09-18 15:04:17.970 | 14:54   14ms 2570M    0G  18/ 22U [ActUnit] DRONE from LARVA at (132.6, 128.8)
2023-09-18 15:04:19.651 | 15:05   29ms 2645M    0G  19/ 22U [ActUnit] ZERGLING from LARVA at (132.7, 128.5)
2023-09-18 15:04:20.191 | INFO     | sc2.protocol:_execute:72 - Client status changed to Status.ended (was Status.in_game)
2023-09-18 15:04:20.196 | Result: Victory
2023-09-18 15:04:20.196 | Duration: 15:07
2023-09-18 15:04:20.197 | Step time min: 6
2023-09-18 15:04:20.197 | Step time avg: 35
2023-09-18 15:04:20.198 | Step time max: 124
2023-09-18 15:04:20.199 | [LostUnitsContents] My lost units minerals and gas: (3775, 0)
2023-09-18 15:04:20.199 | [LostUnitsContents] My lost units minerals by score: 3775.0
2023-09-18 15:04:20.200 | [LostUnitsContents] Enemy lost units minerals and gas: (5950, 0)
2023-09-18 15:04:20.200 | [LostUnitsContents] Enemy lost units minerals by score: 6550.0
2023-09-18 15:04:20.201 | [GameAnalyzerEnd] Own units:
2023-09-18 15:04:20.201 | [GameAnalyzerEnd] ZERGLING          total:  74 alive:   9 dead:  65 
2023-09-18 15:04:20.202 | [GameAnalyzerEnd] DRONE             total:  57 alive:  14 dead:  43 
2023-09-18 15:04:20.202 | [GameAnalyzerEnd] OVERLORD          total:   2 alive:   2 dead:   0 
2023-09-18 15:04:20.203 | [GameAnalyzerEnd] SPAWNINGPOOL      total:   1 alive:   1 dead:   0 
2023-09-18 15:04:20.203 | [GameAnalyzerEnd] EGG               total:   1 alive:   1 dead:   0 
2023-09-18 15:04:20.204 | [GameAnalyzerEnd] HATCHERY          total:   1 alive:   1 dead:   0 
2023-09-18 15:04:20.204 | [GameAnalyzerEnd] Enemy units:
2023-09-18 15:04:20.205 | [GameAnalyzerEnd] MARINE            total:  56 alive:   0 dead:  56 
2023-09-18 15:04:20.205 | [GameAnalyzerEnd] SCV               total:  54 alive:   0 dead:  54 
2023-09-18 15:04:20.206 | [GameAnalyzerEnd] SUPPLYDEPOT       total:   2 alive:   2 dead:   0 
2023-09-18 15:04:20.207 | [GameAnalyzerEnd] BARRACKS          total:   2 alive:   0 dead:   2 
2023-09-18 15:04:20.207 | [GameAnalyzerEnd] REFINERY          total:   1 alive:   1 dead:   0 
2023-09-18 15:04:20.208 | [GameAnalyzerEnd] ORBITALCOMMAND    total:   1 alive:   0 dead:   1 
2023-09-18 15:04:20.209 | [GameAnalyzerEnd] Minerals max 2695 Average 1256
2023-09-18 15:04:20.209 | [GameAnalyzerEnd] Vespene max 0 Average 0
2023-09-18 15:04:20.210 | INFO     | sc2.main:_play_game:228 - Result for player 2 - Bot LadderBot(Zerg): Victory
