2023-09-18 18:08:25.541 | INFO     | sc2.protocol:_execute:72 - Client status changed to Status.in_game (was None)
2023-09-18 18:08:25.542 | INFO     | sc2.main:_play_game:221 - Player 2 - Bot LadderBot(Protoss)
2023-09-18 18:08:25.779 | 00:00    0ms    0M    0G  12/ 15U [Version] 4.10.0.75689
2023-09-18 18:08:25.780 | 00:00    0ms    0M    0G  12/ 15U [Version] 5.0.6 Balance mod recognized.
2023-09-18 18:08:25.850 | 00:00    0ms    0M    0G  12/ 15U [ZoneManager] Map set to: MapName.Unknown from name: InfestationStationAIE and hash: 3102896.
2023-09-18 18:08:26.419 | [DataManager] No BuildDetector found, enemy build data cannot be saved
2023-09-18 18:08:26.443 | [Start] My race: Protoss
2023-09-18 18:08:26.444 | [Start] Opponent race: Terran
2023-09-18 18:08:26.445 | [Start] OpponentId: 1
2023-09-18 18:08:28.131 | 00:12    5ms   55M    0G  13/ 15U [ActUnit] PROBE from NEXUS at (43.5, 40.5)
2023-09-18 18:08:29.309 | 00:25    5ms   60M    0G  14/ 15U [ActUnit] PROBE from NEXUS at (43.5, 40.5)
2023-09-18 18:08:30.478 | 00:37    6ms  155M    0G  15/ 23U [ActUnit] PROBE from NEXUS at (43.5, 40.5)
2023-09-18 18:08:30.522 | 00:37    8ms  100M    0G  16/ 23U [BuildGas] Building ASSIMILATOR to (36.5, 43.5)
2023-09-18 18:08:30.660 | 00:39    7ms  110M    0G  16/ 23U [ChronoUnit] Chrono NEXUSTRAIN_PROBE
2023-09-18 18:08:31.372 | 00:46    6ms    5M    0G  16/ 23U [ActUnit] PROBE from NEXUS at (43.5, 40.5)
2023-09-18 18:08:32.216 | 00:54    8ms   70M    0G  17/ 23U [ActUnit] PROBE from NEXUS at (43.5, 40.5)
2023-09-18 18:08:33.722 | 01:03   62ms  195M    0G  18/ 23U [ChronoUnit] Chrono NEXUSTRAIN_PROBE
2023-09-18 18:08:33.904 | 01:04   24ms  155M    4G  18/ 23U [ActUnit] PROBE from NEXUS at (43.5, 40.5)
2023-09-18 18:08:35.784 | 01:13   57ms  275M   24G  19/ 23U [GameAnalyzer] Income advantage is now SlightAdvantage
2023-09-18 18:08:35.786 | 01:13   57ms  225M   24G  19/ 23U [ActUnit] PROBE from NEXUS at (43.5, 40.5)
2023-09-18 18:08:38.541 | 01:25   62ms  405M   56G  20/ 23U [Expand] Expanding to (69.5, 34.5)
2023-09-18 18:08:39.765 | 01:32    8ms  110M   80G  20/ 23U [GameAnalyzer] Income advantage is now SmallAdvantage
2023-09-18 18:08:40.435 | 01:38    9ms    0M   96G  20/ 23U [ActUnit] PROBE from NEXUS at (43.5, 40.5)
2023-09-18 18:08:40.960 | 01:43    8ms    0M  108G  21/ 23U [BuildGas] Building ASSIMILATOR to (40.5, 47.5)
2023-09-18 18:08:42.053 | 01:51    8ms   65M  128G  21/ 23U [ActUnit] PROBE from NEXUS at (43.5, 40.5)
2023-09-18 18:08:44.184 | 02:05   11ms  130M  168G  22/ 23U [ActUnit] PROBE from NEXUS at (43.5, 40.5)
2023-09-18 18:08:44.450 | 02:07   12ms  155M  172G  23/ 23U [ChronoUnit] Chrono NEXUSTRAIN_PROBE
2023-09-18 18:08:45.297 | 02:13   10ms  250M  192G  23/ 23U [Tech] Started WARPGATERESEARCH
2023-09-18 18:08:45.697 | 02:15    9ms  115M  108G  23/ 31U [ProtossUnit] STALKER from GATEWAY at (52.5, 44.5)
2023-09-18 18:08:45.698 | 02:15    9ms   65M  108G  23/ 31U [ActUnit] PROBE from NEXUS at (43.5, 40.5)
2023-09-18 18:08:47.045 | 02:24   12ms  140M  152G  26/ 31U [ActUnit] PROBE from NEXUS at (43.5, 40.5)
2023-09-18 18:08:48.879 | 02:35   11ms  125M  112G  27/ 31U [ActUnit] PROBE from NEXUS at (43.5, 40.5)
2023-09-18 18:08:51.132 | 02:44   10ms  150M  160G  28/ 46U [ChronoUnit] Chrono NEXUSTRAIN_PROBE
2023-09-18 18:08:51.433 | 02:46   11ms  175M  168G  28/ 46U [GameAnalyzer] Known army advantage is now SlightAdvantage
2023-09-18 18:08:51.434 | 02:46   11ms  175M  168G  28/ 46U [GameAnalyzer] Predicted army advantage is now SlightAdvantage
2023-09-18 18:08:51.437 | 02:46   11ms   50M  118G  28/ 46U [ProtossUnit] STALKER from GATEWAY at (52.5, 44.5)
2023-09-18 18:08:51.439 | 02:46   11ms    0M  118G  28/ 46U [ActUnit] PROBE from NEXUS at (69.5, 34.5)
2023-09-18 18:08:51.602 | 02:46   12ms   20M  126G  31/ 46U [GameAnalyzer] Income advantage is now ClearAdvantage
2023-09-18 18:08:51.996 | 02:49   13ms    0M  138G  31/ 46U [ActUnit] PROBE from NEXUS at (43.5, 40.5)
2023-09-18 18:08:53.893 | 03:00   10ms    0M   98G  32/ 54U [ActUnit] PROBE from NEXUS at (43.5, 40.5)
2023-09-18 18:08:54.492 | 03:03   10ms    0M  118G  33/ 54U [ActUnit] PROBE from NEXUS at (69.5, 34.5)
2023-09-18 18:08:55.608 | 03:10   11ms  140M  154G  34/ 54U [ChronoUnit] Chrono NEXUSTRAIN_PROBE
2023-09-18 18:08:55.668 | 03:11   11ms  100M  154G  34/ 54U [ActUnit] PROBE from NEXUS at (43.5, 40.5)
2023-09-18 18:08:55.765 | 03:11   13ms  115M  162G  35/ 54U [Tech] Started CHARGE
2023-09-18 18:08:56.280 | 03:14   10ms    5M   78G  35/ 54U [ActUnit] PROBE from NEXUS at (69.5, 34.5)
2023-09-18 18:08:57.004 | 03:18   13ms    5M   98G  36/ 54U [ProtossUnit] ZEALOT from GATEWAY at (52.5, 44.5)
2023-09-18 18:08:57.803 | 03:23   14ms   50M  122G  38/ 54U [ActUnit] PROBE from NEXUS at (69.5, 34.5)
2023-09-18 18:08:57.866 | 03:23   13ms   15M  126G  39/ 54U [ActUnit] PROBE from NEXUS at (43.5, 40.5)
2023-09-18 18:08:59.446 | 03:32   10ms   10M  174G  40/ 54U [ActUnit] PROBE from NEXUS at (69.5, 34.5)
2023-09-18 18:09:00.068 | 03:36   12ms   40M  190G  41/ 54U [ActUnit] PROBE from NEXUS at (43.5, 40.5)
2023-09-18 18:09:02.877 | 03:45   65ms  215M  238G  42/ 54U [ActUnit] PROBE from NEXUS at (69.5, 34.5)
2023-09-18 18:09:03.154 | 03:45   64ms  230M  246G  43/ 54U [GameAnalyzer] Known army advantage is now SmallAdvantage
2023-09-18 18:09:03.161 | 03:45   64ms  230M  246G  43/ 54U [GameAnalyzer] Predicted army advantage is now SmallAdvantage
2023-09-18 18:09:03.696 | 03:47   68ms   10M  154G  43/ 54U [ActUnit] IMMORTAL from ROBOTICSFACILITY at (55.5, 47.5)
2023-09-18 18:09:03.821 | 03:48   80ms   25M  158G  47/ 54U [ChronoUnit] Chrono ROBOTICSFACILITYTRAIN_IMMORTAL
2023-09-18 18:09:04.238 | 03:49   66ms   10M  166G  47/ 54U [ActUnit] PROBE from NEXUS at (43.5, 40.5)
2023-09-18 18:09:06.114 | 03:55   68ms   75M  202G  48/ 54U [GameAnalyzer] Known army advantage is now SlightDisadvantage
2023-09-18 18:09:06.119 | 03:55   68ms   75M  202G  48/ 54U [GameAnalyzer] Predicted army advantage is now SlightDisadvantage
2023-09-18 18:09:06.692 | 03:57   71ms   65M  210G  48/ 54U [ActUnit] PROBE from NEXUS at (69.5, 34.5)
2023-09-18 18:09:06.963 | 03:58   68ms   90M  214G  49/ 54U [GameAnalyzer] Known army advantage is now SmallDisadvantage
2023-09-18 18:09:06.968 | 03:58   68ms   90M  214G  49/ 54U [GameAnalyzer] Predicted army advantage is now SmallDisadvantage
2023-09-18 18:09:07.804 | 04:01   73ms  165M  226G  49/ 54U [GameAnalyzer] Known army advantage is now SlightDisadvantage
2023-09-18 18:09:07.805 | 04:01   73ms  165M  226G  49/ 54U [GameAnalyzer] Predicted army advantage is now SlightDisadvantage
2023-09-18 18:09:08.078 | 04:01   73ms   40M  234G  51/ 54U [ActUnit] PROBE from NEXUS at (43.5, 40.5)
2023-09-18 18:09:09.058 | 04:05   20ms  125M  250G  52/ 54U [GameAnalyzer] Known army advantage is now Even
2023-09-18 18:09:09.064 | 04:05   20ms  125M  250G  52/ 54U [GameAnalyzer] Predicted army advantage is now Even
2023-09-18 18:09:10.352 | 04:10   67ms   65M  274G  52/ 54U [ActUnit] PROBE from NEXUS at (69.5, 34.5)
2023-09-18 18:09:11.606 | 04:14   96ms  175M  298G  53/ 54U [ChronoUnit] Chrono ROBOTICSFACILITYTRAIN_IMMORTAL
2023-09-18 18:09:12.019 | 04:15   69ms    0M  306G  53/ 62U [ActUnit] PROBE from NEXUS at (43.5, 40.5)
2023-09-18 18:09:12.305 | 04:16   69ms   30M  310G  54/ 62U [GameAnalyzer] Known army advantage is now SmallAdvantage
2023-09-18 18:09:12.307 | 04:16   69ms   30M  310G  54/ 62U [GameAnalyzer] Predicted army advantage is now SmallAdvantage
2023-09-18 18:09:12.313 | 04:16   69ms    5M  235G  54/ 62U [ActUnit] OBSERVER from ROBOTICSFACILITY at (55.5, 47.5)
2023-09-18 18:09:12.589 | 04:17   75ms   25M  239G  55/ 62U [GameAnalyzer] Known army advantage is now ClearAdvantage
2023-09-18 18:09:12.591 | 04:17   75ms   25M  239G  55/ 62U [GameAnalyzer] Predicted army advantage is now ClearAdvantage
2023-09-18 18:09:14.246 | 04:22   67ms   25M  271G  55/ 62U [ActUnit] PROBE from NEXUS at (69.5, 34.5)
2023-09-18 18:09:14.520 | 04:23   66ms   75M  279G  54/ 62U [GameAnalyzer] Known army advantage is now SmallAdvantage
2023-09-18 18:09:14.527 | 04:23   66ms   75M  279G  54/ 62U [GameAnalyzer] Predicted army advantage is now SmallAdvantage
2023-09-18 18:09:15.633 | 04:27   68ms   25M  299G  54/ 62U [ActUnit] PROBE from NEXUS at (43.5, 40.5)
2023-09-18 18:09:16.545 | 04:30   97ms   35M  315G  57/ 62U [GameAnalyzer] Known army advantage is now ClearAdvantage
2023-09-18 18:09:16.546 | 04:30   97ms   35M  315G  57/ 62U [GameAnalyzer] Predicted army advantage is now ClearAdvantage
2023-09-18 18:09:17.292 | 04:33   66ms  105M  327G  57/ 62U [GameAnalyzer] Known army advantage is now SmallAdvantage
2023-09-18 18:09:17.298 | 04:33   66ms  105M  327G  57/ 62U [GameAnalyzer] Predicted army advantage is now SmallAdvantage
2023-09-18 18:09:17.591 | 04:34   70ms  135M  335G  57/ 62U [GameAnalyzer] Known army advantage is now ClearAdvantage
2023-09-18 18:09:17.597 | 04:34   70ms  135M  335G  57/ 62U [GameAnalyzer] Predicted army advantage is now ClearAdvantage
2023-09-18 18:09:19.942 | 04:39   64ms    5M  259G  57/ 62U [ActUnit] IMMORTAL from ROBOTICSFACILITY at (55.5, 47.5)
2023-09-18 18:09:20.556 | 04:41   71ms    5M  271G  61/ 62U [BuildGas] Building ASSIMILATOR to (72.5, 27.5)
2023-09-18 18:09:22.619 | 04:51   16ms   15M  323G  65/ 70U [ChronoUnit] Chrono ROBOTICSFACILITYTRAIN_IMMORTAL
2023-09-18 18:09:26.716 | 05:11   17ms  165M  247G  69/ 78U [GameAnalyzer] Known army advantage is now OverwhelmingAdvantage
2023-09-18 18:09:26.717 | 05:11   17ms  165M  247G  69/ 78U [GameAnalyzer] Predicted army advantage is now OverwhelmingAdvantage
2023-09-18 18:09:27.460 | 05:15   18ms    5M  175G  69/ 78U [ActUnit] IMMORTAL from ROBOTICSFACILITY at (55.5, 47.5)
2023-09-18 18:09:28.010 | 05:17   17ms   70M  195G  73/ 78U [ChronoUnit] Chrono ROBOTICSFACILITYTRAIN_IMMORTAL
2023-09-18 18:09:30.924 | 05:32   16ms  410M  311G  73/ 86U [Expand] Expanding to (99.5, 33.5)
2023-09-18 18:09:33.516 | 05:37   71ms  160M  355G  73/ 86U [GameAnalyzer] Known army advantage is now ClearAdvantage
2023-09-18 18:09:33.517 | 05:37   71ms  160M  355G  73/ 86U [GameAnalyzer] Predicted army advantage is now ClearAdvantage
2023-09-18 18:09:34.801 | 05:41   75ms  265M  383G  73/ 94U [GameAnalyzer] Income advantage is now OverwhelmingAdvantage
2023-09-18 18:09:34.811 | 05:41   75ms  215M  383G  73/ 94U [ActUnit] PROBE from NEXUS at (43.5, 40.5)
2023-09-18 18:09:34.970 | 05:41   94ms  170M  387G  74/ 94U [ActUnit] PROBE from NEXUS at (69.5, 34.5)
2023-09-18 18:09:36.359 | 05:45   64ms    5M  319G  75/ 94U [ActUnit] IMMORTAL from ROBOTICSFACILITY at (55.5, 47.5)
2023-09-18 18:09:37.388 | 05:48   77ms  100M  339G  79/ 94U [GameAnalyzer] Known army advantage is now SmallAdvantage
2023-09-18 18:09:37.393 | 05:48   77ms  100M  339G  79/ 94U [GameAnalyzer] Predicted army advantage is now SmallAdvantage
2023-09-18 18:09:38.361 | 05:50   42ms   45M  359G  79/ 94U [TheAttack] Power 26.22 is larger than required attack power 4.00 -> attack!
2023-09-18 18:09:38.362 | 05:50   42ms   45M  359G  79/ 94U [TheAttack] Attack started at 26.22 power.
2023-09-18 18:09:39.223 | 05:53   33ms   75M  375G  79/ 94U [ActUnit] PROBE from NEXUS at (43.5, 40.5)
2023-09-18 18:09:39.378 | 05:54   85ms   30M  375G  80/ 94U [ActUnit] PROBE from NEXUS at (69.5, 34.5)
2023-09-18 18:09:39.549 | 05:54   75ms   35M  379G  81/ 94U [ChronoUnit] Chrono ROBOTICSFACILITYTRAIN_IMMORTAL
2023-09-18 18:09:40.277 | 05:56   90ms   85M  399G  81/ 94U [GameAnalyzer] Known army advantage is now ClearAdvantage
2023-09-18 18:09:40.278 | 05:56   90ms   85M  399G  81/ 94U [GameAnalyzer] Predicted army advantage is now ClearAdvantage
2023-09-18 18:09:42.592 | 06:04   24ms   15M  363G  81/ 94U [ActUnit] IMMORTAL from ROBOTICSFACILITY at (51.5, 36.5)
2023-09-18 18:09:42.919 | 06:06   19ms    0M  371G  85/ 94U [ActUnit] PROBE from NEXUS at (43.5, 40.5)
2023-09-18 18:09:43.277 | 06:07   24ms    0M  383G  86/ 94U [ActUnit] PROBE from NEXUS at (69.5, 34.5)
2023-09-18 18:09:45.511 | 06:15   23ms   40M  443G  89/102U [GameAnalyzer] Income advantage is now ClearAdvantage
2023-09-18 18:09:45.512 | 06:15   23ms   40M  443G  89/102U [GameAnalyzer] Known army advantage is now Even
2023-09-18 18:09:45.513 | 06:15   23ms   40M  443G  89/102U [GameAnalyzer] Predicted army advantage is now Even
2023-09-18 18:09:46.506 | 06:18   28ms   90M  479G  87/102U [ActUnit] PROBE from NEXUS at (43.5, 40.5)
2023-09-18 18:09:46.897 | 06:19   30ms  110M  487G  86/102U [ActUnit] PROBE from NEXUS at (69.5, 34.5)
2023-09-18 18:09:47.257 | 06:21   27ms  140M  499G  87/102U [ChronoUnit] Chrono ROBOTICSFACILITYTRAIN_IMMORTAL
2023-09-18 18:09:48.324 | 06:25   31ms    5M  427G  87/102U [ActUnit] IMMORTAL from ROBOTICSFACILITY at (55.5, 47.5)
2023-09-18 18:09:48.426 | 06:25   28ms   10M  435G  91/102U [GameAnalyzer] Known army advantage is now ClearAdvantage
2023-09-18 18:09:48.427 | 06:25   28ms   10M  435G  91/102U [GameAnalyzer] Predicted army advantage is now ClearAdvantage
2023-09-18 18:09:49.850 | 06:31   24ms   95M  475G  93/102U [GameAnalyzer] Predicted army advantage is now SmallAdvantage
2023-09-18 18:09:49.855 | 06:31   24ms   45M  475G  93/102U [ActUnit] PROBE from NEXUS at (43.5, 40.5)
2023-09-18 18:09:50.217 | 06:32   34ms   35M  487G  94/102U [ActUnit] PROBE from NEXUS at (69.5, 34.5)
2023-09-18 18:09:52.281 | 06:36   29ms   95M  523G  95/110U [GameAnalyzer] Predicted army advantage is now ClearAdvantage
2023-09-18 18:09:53.073 | 06:40   27ms  185M  547G  95/110U [GameAnalyzer] Income advantage is now OverwhelmingAdvantage
2023-09-18 18:09:53.828 | 06:42   27ms    5M  471G  93/110U [ActUnit] IMMORTAL from ROBOTICSFACILITY at (51.5, 36.5)
2023-09-18 18:09:54.068 | 06:43   30ms    0M  479G  97/110U [ActUnit] PROBE from NEXUS at (43.5, 40.5)
2023-09-18 18:09:54.689 | 06:45   30ms   65M  495G  94/110U [GameAnalyzer] Predicted army advantage is now SmallAdvantage
2023-09-18 18:09:54.693 | 06:45   30ms   15M  495G  94/110U [ActUnit] PROBE from NEXUS at (69.5, 34.5)
2023-09-18 18:09:55.032 | 06:47   25ms   65M  507G  95/110U [GameAnalyzer] Known army advantage is now OverwhelmingAdvantage
2023-09-18 18:09:55.033 | 06:47   25ms   65M  507G  95/110U [GameAnalyzer] Predicted army advantage is now ClearAdvantage
2023-09-18 18:09:56.180 | 06:51   30ms   90M  543G  95/110U [GameAnalyzer] Predicted army advantage is now SmallAdvantage
2023-09-18 18:09:56.400 | 06:52   32ms  125M  555G  95/125U [GameAnalyzer] Predicted army advantage is now ClearAdvantage
2023-09-18 18:09:56.403 | 06:52   32ms  125M  555G  95/125U [ChronoUnit] Chrono ROBOTICSFACILITYTRAIN_IMMORTAL
2023-09-18 18:09:57.705 | 06:57   29ms   85M  595G  99/133U [GameAnalyzer] Known army advantage is now ClearAdvantage
2023-09-18 18:09:57.820 | 06:58   37ms   95M  603G  99/133U [ChronoUnit] Chrono ROBOTICSFACILITYTRAIN_IMMORTAL
2023-09-18 18:09:58.922 | 07:02   32ms  100M  639G 101/133U [GameAnalyzer] Known army advantage is now SmallAdvantage
2023-09-18 18:09:58.923 | 07:02   32ms  100M  639G 101/133U [GameAnalyzer] Predicted army advantage is now SmallAdvantage
2023-09-18 18:10:00.371 | 07:08   37ms    0M  579G 101/133U [ActUnit] IMMORTAL from ROBOTICSFACILITY at (55.5, 47.5)
2023-09-18 18:10:02.977 | 07:17   37ms    0M  559G 107/133U [ActUnit] IMMORTAL from ROBOTICSFACILITY at (51.5, 36.5)
2023-09-18 18:10:03.337 | 07:19   37ms   40M  571G 111/133U [EnemyArmyPredicter] Predicting negative free minerals for enemy: -3745
2023-09-18 18:10:04.822 | 07:24   37ms   70M  615G 111/133U [EnemyArmyPredicter] Predicting negative free minerals for enemy: -4035
2023-09-18 18:10:04.825 | 07:24   37ms   70M  615G 111/133U [ChronoUnit] Chrono ROBOTICSFACILITYTRAIN_IMMORTAL
2023-09-18 18:10:06.307 | 07:30   36ms  190M  655G 113/133U [EnemyArmyPredicter] Predicting negative free minerals for enemy: -4071
2023-09-18 18:10:06.309 | 07:30   36ms  190M  655G 113/133U [GameAnalyzer] Known army advantage is now Even
2023-09-18 18:10:06.310 | 07:30   36ms  190M  655G 113/133U [GameAnalyzer] Predicted army advantage is now Even
2023-09-18 18:10:08.580 | 07:35   32ms  215M  703G 115/133U [EnemyArmyPredicter] Predicting negative free minerals for enemy: -4181
2023-09-18 18:10:08.581 | 07:35   32ms  215M  703G 115/133U [GameAnalyzer] Known army advantage is now SmallAdvantage
2023-09-18 18:10:08.582 | 07:35   32ms  215M  703G 115/133U [GameAnalyzer] Predicted army advantage is now SmallAdvantage
2023-09-18 18:10:09.034 | 07:37   35ms    5M  615G 115/133U [ActUnit] IMMORTAL from ROBOTICSFACILITY at (55.5, 47.5)
2023-09-18 18:10:09.712 | 07:39   36ms  115M  639G 119/133U [GameAnalyzer] Known army advantage is now ClearAdvantage
2023-09-18 18:10:09.714 | 07:39   36ms  115M  639G 119/133U [GameAnalyzer] Predicted army advantage is now ClearAdvantage
2023-09-18 18:10:09.934 | 07:40   33ms  145M  643G 119/133U [EnemyArmyPredicter] Predicting negative free minerals for enemy: -3700
2023-09-18 18:10:12.691 | 07:51   39ms  175M  735G 125/133U [GameAnalyzer] Known army advantage is now OverwhelmingAdvantage
2023-09-18 18:10:12.692 | 07:51   39ms  175M  735G 125/133U [GameAnalyzer] Predicted army advantage is now OverwhelmingAdvantage
2023-09-18 18:10:13.785 | 07:55   37ms  265M  771G 127/141U [ChronoUnit] Chrono ROBOTICSFACILITYTRAIN_IMMORTAL
2023-09-18 18:10:14.217 | 07:57   36ms   70M  683G 127/141U [ActUnit] IMMORTAL from ROBOTICSFACILITY at (51.5, 36.5)
2023-09-18 18:10:15.179 | 08:01   39ms  115M  719G 131/141U [ChronoUnit] Chrono ROBOTICSFACILITYTRAIN_IMMORTAL
2023-09-18 18:10:18.636 | 08:13   95ms    0M  711G 137/149U [ActUnit] IMMORTAL from ROBOTICSFACILITY at (55.5, 47.5)
2023-09-18 18:10:21.674 | INFO     | sc2.protocol:_execute:72 - Client status changed to Status.ended (was Status.in_game)
2023-09-18 18:10:21.679 | Result: Victory
2023-09-18 18:10:21.680 | Duration: 08:23
2023-09-18 18:10:21.681 | Step time min: 5
2023-09-18 18:10:21.681 | Step time avg: 32
2023-09-18 18:10:21.682 | Step time max: 129
2023-09-18 18:10:21.682 | [LostUnitsContents] My lost units minerals and gas: (1050, 100)
2023-09-18 18:10:21.683 | [LostUnitsContents] My lost units minerals by score: 1050.0
2023-09-18 18:10:21.684 | [LostUnitsContents] Enemy lost units minerals and gas: (10200, 1425)
2023-09-18 18:10:21.684 | [LostUnitsContents] Enemy lost units minerals by score: 10325.0
2023-09-18 18:10:21.686 | [GameAnalyzerEnd] Own units:
2023-09-18 18:10:21.687 | [GameAnalyzerEnd] PROBE             total:  53 alive:  53 dead:   0 
2023-09-18 18:10:21.687 | [GameAnalyzerEnd] ZEALOT            total:  26 alive:  18 dead:   8 
2023-09-18 18:10:21.688 | [GameAnalyzerEnd] PYLON             total:  15 alive:  15 dead:   0 
2023-09-18 18:10:21.689 | [GameAnalyzerEnd] IMMORTAL          total:  10 alive:  10 dead:   0 
2023-09-18 18:10:21.689 | [GameAnalyzerEnd] STALKER           total:   4 alive:   2 dead:   2 
2023-09-18 18:10:21.690 | [GameAnalyzerEnd] WARPGATE          total:   4 alive:   4 dead:   0 
2023-09-18 18:10:21.691 | [GameAnalyzerEnd] ASSIMILATOR       total:   3 alive:   3 dead:   0 
2023-09-18 18:10:21.691 | [GameAnalyzerEnd] NEXUS             total:   3 alive:   3 dead:   0 
2023-09-18 18:10:21.692 | [GameAnalyzerEnd] ROBOTICSFACILITY  total:   2 alive:   2 dead:   0 
2023-09-18 18:10:21.692 | [GameAnalyzerEnd] OBSERVER          total:   1 alive:   1 dead:   0 
2023-09-18 18:10:21.693 | [GameAnalyzerEnd] TWILIGHTCOUNCIL   total:   1 alive:   1 dead:   0 
2023-09-18 18:10:21.694 | [GameAnalyzerEnd] CYBERNETICSCORE   total:   1 alive:   1 dead:   0 
2023-09-18 18:10:21.694 | [GameAnalyzerEnd] Enemy units:
2023-09-18 18:10:21.695 | [GameAnalyzerEnd] SCV               total:  50 alive:   0 dead:  50 
2023-09-18 18:10:21.695 | [GameAnalyzerEnd] MARINE            total:  48 alive:   0 dead:  48 
2023-09-18 18:10:21.696 | [GameAnalyzerEnd] BARRACKS          total:  11 alive:   1 dead:  10 
2023-09-18 18:10:21.697 | [GameAnalyzerEnd] MARAUDER          total:   9 alive:   0 dead:   9 
2023-09-18 18:10:21.698 | [GameAnalyzerEnd] SUPPLYDEPOT       total:   9 alive:   0 dead:   9 
2023-09-18 18:10:21.699 | [GameAnalyzerEnd] MEDIVAC           total:   5 alive:   0 dead:   5 
2023-09-18 18:10:21.699 | [GameAnalyzerEnd] TECHLAB           total:   5 alive:   0 dead:   5 
2023-09-18 18:10:21.700 | [GameAnalyzerEnd] ORBITALCOMMAND    total:   2 alive:   0 dead:   2 
2023-09-18 18:10:21.701 | [GameAnalyzerEnd] REFINERY          total:   2 alive:   0 dead:   2 
2023-09-18 18:10:21.701 | [GameAnalyzerEnd] FACTORY           total:   1 alive:   0 dead:   1 
2023-09-18 18:10:21.702 | [GameAnalyzerEnd] STARPORT          total:   1 alive:   0 dead:   1 
2023-09-18 18:10:21.703 | [GameAnalyzerEnd] ENGINEERINGBAY    total:   1 alive:   0 dead:   1 
2023-09-18 18:10:21.704 | [GameAnalyzerEnd] Minerals max 410 Average 112
2023-09-18 18:10:21.705 | [GameAnalyzerEnd] Vespene max 807 Average 287
2023-09-18 18:10:21.705 | INFO     | sc2.main:_play_game:228 - Result for player 2 - Bot LadderBot(Protoss): Victory
