2023-09-17 20:15:52.524 | INFO     | sc2.protocol:_execute:72 - Client status changed to Status.in_game (was None)
2023-09-17 20:15:52.525 | INFO     | sc2.main:_play_game:221 - Player 2 - Bot LadderBot(Protoss)
2023-09-17 20:15:52.741 | 00:00    0ms    0M    0G  12/ 15U [Version] 4.10.0.75689
2023-09-17 20:15:52.742 | 00:00    0ms    0M    0G  12/ 15U [Version] 5.0.6 Balance mod recognized.
2023-09-17 20:15:52.804 | 00:00    0ms    0M    0G  12/ 15U [ZoneManager] Map set to: MapName.Unknown from name: Berlingrad AIE and hash: 3586864.
2023-09-17 20:15:53.266 | [DataManager] No BuildDetector found, enemy build data cannot be saved
2023-09-17 20:15:53.289 | [Start] My race: Protoss
2023-09-17 20:15:53.290 | [Start] Opponent race: Terran
2023-09-17 20:15:53.290 | [Start] OpponentId: 1
2023-09-17 20:15:54.921 | 00:12    5ms   65M    0G  13/ 15U [ActUnit] PROBE from NEXUS at (120.5, 24.5)
2023-09-17 20:15:55.949 | 00:25    6ms   60M    0G  14/ 15U [ActUnit] PROBE from NEXUS at (120.5, 24.5)
2023-09-17 20:15:57.104 | 00:39    6ms  195M    0G  15/ 23U [ActUnit] PROBE from NEXUS at (120.5, 24.5)
2023-09-17 20:15:57.144 | 00:39    8ms  125M    0G  16/ 23U [BuildGas] Building ASSIMILATOR to (127.5, 27.5)
2023-09-17 20:15:57.263 | 00:41    6ms  145M    0G  16/ 23U [ChronoUnit] Chrono NEXUSTRAIN_PROBE
2023-09-17 20:15:57.869 | 00:48    6ms   35M    0G  16/ 23U [ActUnit] PROBE from NEXUS at (120.5, 24.5)
2023-09-17 20:15:58.603 | 00:56    7ms   95M    0G  17/ 23U [ActUnit] PROBE from NEXUS at (120.5, 24.5)
2023-09-17 20:15:59.802 | 01:03   59ms  195M    0G  18/ 23U [ChronoUnit] Chrono NEXUSTRAIN_PROBE
2023-09-17 20:16:00.268 | 01:06   55ms  170M    4G  18/ 23U [ActUnit] PROBE from NEXUS at (120.5, 24.5)
2023-09-17 20:16:02.011 | 01:14   38ms  300M   28G  19/ 23U [GameAnalyzer] Income advantage is now SlightAdvantage
2023-09-17 20:16:02.018 | 01:14   38ms  250M   28G  19/ 23U [ActUnit] PROBE from NEXUS at (120.5, 24.5)
2023-09-17 20:16:03.858 | 01:25   55ms  400M   56G  20/ 23U [Expand] Expanding to (123.5, 48.5)
2023-09-17 20:16:04.937 | 01:33    7ms  120M   80G  20/ 23U [GameAnalyzer] Income advantage is now SmallAdvantage
2023-09-17 20:16:05.535 | 01:39    7ms    0M   92G  20/ 23U [ActUnit] PROBE from NEXUS at (120.5, 24.5)
2023-09-17 20:16:06.051 | 01:44    8ms    0M  108G  21/ 23U [BuildGas] Building ASSIMILATOR to (116.5, 17.5)
2023-09-17 20:16:07.018 | 01:51    7ms   60M  128G  21/ 23U [ActUnit] PROBE from NEXUS at (120.5, 24.5)
2023-09-17 20:16:09.056 | 02:05    8ms  130M  164G  22/ 23U [ActUnit] PROBE from NEXUS at (120.5, 24.5)
2023-09-17 20:16:09.274 | 02:07    9ms  135M  168G  23/ 23U [ChronoUnit] Chrono NEXUSTRAIN_PROBE
2023-09-17 20:16:10.604 | 02:16    8ms    5M  162G  23/ 31U [ProtossUnit] STALKER from GATEWAY at (103.5, 30.5)
2023-09-17 20:16:11.003 | 02:19    8ms   50M  178G  25/ 31U [Tech] Started WARPGATERESEARCH
2023-09-17 20:16:12.652 | 02:30    9ms  125M  188G  25/ 31U [ActUnit] PROBE from NEXUS at (120.5, 24.5)
2023-09-17 20:16:15.551 | 02:44   10ms  125M  164G  26/ 31U [ActUnit] PROBE from NEXUS at (120.5, 24.5)
2023-09-17 20:16:15.604 | 02:45   10ms  145M  168G  27/ 46U [ChronoUnit] Chrono NEXUSTRAIN_PROBE
2023-09-17 20:16:15.886 | 02:46    9ms  165M  176G  27/ 46U [GameAnalyzer] Known army advantage is now SlightAdvantage
2023-09-17 20:16:15.887 | 02:46    9ms  165M  176G  27/ 46U [GameAnalyzer] Predicted army advantage is now SlightAdvantage
2023-09-17 20:16:15.890 | 02:46    9ms   40M  126G  27/ 46U [ProtossUnit] STALKER from GATEWAY at (103.5, 30.5)
2023-09-17 20:16:16.000 | 02:47   71ms    0M  130G  29/ 46U [ActUnit] PROBE from NEXUS at (123.5, 48.5)
2023-09-17 20:16:16.880 | 02:53    9ms   80M  162G  30/ 46U [GameAnalyzer] Income advantage is now ClearAdvantage
2023-09-17 20:16:16.884 | 02:53    9ms   30M  162G  30/ 46U [ActUnit] PROBE from NEXUS at (120.5, 24.5)
2023-09-17 20:16:17.913 | 02:59   10ms   90M  198G  31/ 46U [ActUnit] PROBE from NEXUS at (123.5, 48.5)
2023-09-17 20:16:18.191 | 03:01   11ms   75M  206G  32/ 46U [ActUnit] PROBE from NEXUS at (120.5, 24.5)
2023-09-17 20:16:19.581 | 03:10   10ms   80M  154G  33/ 46U [ChronoUnit] Chrono NEXUSTRAIN_PROBE
2023-09-17 20:16:19.788 | 03:11   10ms   60M  162G  33/ 46U [ActUnit] PROBE from NEXUS at (123.5, 48.5)
2023-09-17 20:16:19.873 | 03:12   12ms   25M  166G  34/ 46U [ActUnit] PROBE from NEXUS at (120.5, 24.5)
2023-09-17 20:16:20.657 | 03:17   10ms   10M  190G  35/ 46U [ProtossUnit] ZEALOT from GATEWAY at (103.5, 33.5)
2023-09-17 20:16:21.202 | 03:20   12ms   25M  206G  37/ 46U [ActUnit] PROBE from NEXUS at (123.5, 48.5)
2023-09-17 20:16:21.699 | 03:23   10ms  105M  222G  38/ 46U [Tech] Started CHARGE
2023-09-17 20:16:22.141 | 03:26   10ms   10M  138G  38/ 46U [ActUnit] PROBE from NEXUS at (120.5, 24.5)
2023-09-17 20:16:22.592 | 03:28   10ms   20M  154G  39/ 46U [ActUnit] PROBE from NEXUS at (123.5, 48.5)
2023-09-17 20:16:23.710 | 03:34   65ms   50M  182G  40/ 46U [GameAnalyzer] Known army advantage is now SmallDisadvantage
2023-09-17 20:16:23.716 | 03:34   65ms   50M  182G  40/ 46U [GameAnalyzer] Predicted army advantage is now SmallDisadvantage
2023-09-17 20:16:24.482 | 03:36   65ms    0M  194G  40/ 46U [ProtossUnit] ZEALOT from GATEWAY at (103.5, 30.5)
2023-09-17 20:16:25.144 | 03:39   84ms   10M  210G  42/ 46U [ActUnit] PROBE from NEXUS at (120.5, 24.5)
2023-09-17 20:16:25.268 | 03:39   67ms   20M  210G  43/ 46U [GameAnalyzer] Known army advantage is now SlightDisadvantage
2023-09-17 20:16:25.274 | 03:39   67ms   20M  210G  43/ 46U [GameAnalyzer] Predicted army advantage is now SlightDisadvantage
2023-09-17 20:16:25.753 | 03:41   24ms   10M  218G  43/ 46U [ActUnit] PROBE from NEXUS at (123.5, 48.5)
2023-09-17 20:16:27.519 | 03:44   85ms   80M  238G  44/ 46U [GameAnalyzer] Known army advantage is now Even
2023-09-17 20:16:27.521 | 03:44   85ms   80M  238G  44/ 46U [GameAnalyzer] Predicted army advantage is now Even
2023-09-17 20:16:27.806 | 03:45   78ms    5M  242G  44/ 46U [ProtossUnit] ZEALOT from GATEWAY at (103.5, 33.5)
2023-09-17 20:16:30.052 | 03:53   63ms  190M  282G  44/ 46U [GameAnalyzer] Known army advantage is now SlightDisadvantage
2023-09-17 20:16:30.053 | 03:53   63ms  190M  282G  44/ 46U [GameAnalyzer] Predicted army advantage is now SlightDisadvantage
2023-09-17 20:16:30.056 | 03:53   63ms  140M  282G  44/ 46U [ActUnit] PROBE from NEXUS at (120.5, 24.5)
2023-09-17 20:16:30.572 | 03:54   65ms  135M  290G  45/ 46U [ActUnit] PROBE from NEXUS at (123.5, 48.5)
2023-09-17 20:16:30.857 | 03:55   65ms  155M  298G  46/ 54U [GameAnalyzer] Known army advantage is now SmallDisadvantage
2023-09-17 20:16:30.862 | 03:55   65ms  155M  298G  46/ 54U [GameAnalyzer] Predicted army advantage is now SmallDisadvantage
2023-09-17 20:16:32.331 | 04:01   27ms  205M  330G  44/ 54U [GameAnalyzer] Known army advantage is now Even
2023-09-17 20:16:32.337 | 04:01   27ms  205M  330G  44/ 54U [GameAnalyzer] Predicted army advantage is now Even
2023-09-17 20:16:33.185 | 04:04   61ms  285M  346G  44/ 54U [GameAnalyzer] Known army advantage is now SlightAdvantage
2023-09-17 20:16:33.192 | 04:04   61ms  285M  346G  44/ 54U [GameAnalyzer] Predicted army advantage is now SlightAdvantage
2023-09-17 20:16:33.195 | 04:04   61ms   10M  246G  44/ 54U [ActUnit] IMMORTAL from ROBOTICSFACILITY at (103.5, 22.5)
2023-09-17 20:16:33.327 | 04:04   72ms   20M  246G  48/ 54U [ChronoUnit] Chrono ROBOTICSFACILITYTRAIN_IMMORTAL
2023-09-17 20:16:33.691 | 04:05   84ms   10M  254G  48/ 54U [ActUnit] PROBE from NEXUS at (120.5, 24.5)
2023-09-17 20:16:33.823 | 04:06   29ms   25M  254G  49/ 54U [GameAnalyzer] Known army advantage is now Even
2023-09-17 20:16:33.825 | 04:06   29ms   25M  254G  49/ 54U [GameAnalyzer] Predicted army advantage is now Even
2023-09-17 20:16:34.104 | 04:07   65ms    5M  262G  49/ 54U [ActUnit] PROBE from NEXUS at (123.5, 48.5)
2023-09-17 20:16:35.461 | 04:11   66ms  120M  286G  50/ 54U [GameAnalyzer] Known army advantage is now SlightDisadvantage
2023-09-17 20:16:35.462 | 04:11   66ms  120M  286G  50/ 54U [GameAnalyzer] Predicted army advantage is now SlightDisadvantage
2023-09-17 20:16:35.741 | 04:12   74ms   20M  240G  52/ 54U [GameAnalyzer] Known army advantage is now SmallAdvantage
2023-09-17 20:16:35.746 | 04:12   74ms   20M  240G  52/ 54U [GameAnalyzer] Predicted army advantage is now SmallAdvantage
2023-09-17 20:16:36.029 | 04:13   73ms   45M  244G  52/ 54U [GameAnalyzer] Known army advantage is now SlightAdvantage
2023-09-17 20:16:36.034 | 04:13   73ms   45M  244G  52/ 54U [GameAnalyzer] Predicted army advantage is now SlightAdvantage
2023-09-17 20:16:36.781 | 04:16   19ms   15M  260G  52/ 54U [GameAnalyzer] Known army advantage is now SmallAdvantage
2023-09-17 20:16:36.782 | 04:16   19ms   15M  260G  52/ 54U [GameAnalyzer] Predicted army advantage is now SmallAdvantage
2023-09-17 20:16:37.465 | 04:18   84ms   35M  268G  52/ 62U [ActUnit] PROBE from NEXUS at (120.5, 24.5)
2023-09-17 20:16:37.751 | 04:19   14ms   40M  276G  53/ 62U [ActUnit] PROBE from NEXUS at (123.5, 48.5)
2023-09-17 20:16:38.673 | 04:24   17ms   75M  308G  56/ 62U [ChronoUnit] Chrono ROBOTICSFACILITYTRAIN_IMMORTAL
2023-09-17 20:16:39.911 | 04:30   17ms  110M  340G  56/ 62U [GameAnalyzer] Known army advantage is now ClearAdvantage
2023-09-17 20:16:39.912 | 04:30   17ms  110M  340G  56/ 62U [GameAnalyzer] Predicted army advantage is now ClearAdvantage
2023-09-17 20:16:39.915 | 04:30   17ms   60M  340G  56/ 62U [ActUnit] PROBE from NEXUS at (120.5, 24.5)
2023-09-17 20:16:39.917 | 04:30   17ms   35M  265G  56/ 62U [ActUnit] OBSERVER from ROBOTICSFACILITY at (103.5, 22.5)
2023-09-17 20:16:40.150 | 04:32   13ms   20M  273G  58/ 62U [ActUnit] PROBE from NEXUS at (123.5, 48.5)
2023-09-17 20:16:40.496 | 04:34   14ms    0M  281G  59/ 62U [BuildGas] Building ASSIMILATOR to (130.5, 51.5)
2023-09-17 20:16:45.069 | 04:52   15ms    5M  281G  63/ 70U [ActUnit] IMMORTAL from ROBOTICSFACILITY at (103.5, 22.5)
2023-09-17 20:16:45.172 | 04:53   18ms   15M  285G  67/ 70U [ChronoUnit] Chrono ROBOTICSFACILITYTRAIN_IMMORTAL
2023-09-17 20:16:48.848 | 05:10   18ms  400M  397G  67/ 78U [Expand] Expanding to (126.5, 78.5)
2023-09-17 20:16:50.487 | 05:17   16ms   20M  457G  69/ 78U [ChronoUnit] Chrono ROBOTICSFACILITYTRAIN_IMMORTAL
2023-09-17 20:16:51.186 | 05:20   20ms  120M  481G  69/ 78U [GameAnalyzer] Income advantage is now OverwhelmingAdvantage
2023-09-17 20:16:51.187 | 05:20   20ms  120M  481G  69/ 78U [GameAnalyzer] Known army advantage is now OverwhelmingAdvantage
2023-09-17 20:16:51.187 | 05:20   20ms  120M  481G  69/ 78U [GameAnalyzer] Predicted army advantage is now OverwhelmingAdvantage
2023-09-17 20:16:51.190 | 05:20   20ms   70M  481G  69/ 78U [ActUnit] PROBE from NEXUS at (120.5, 24.5)
2023-09-17 20:16:51.275 | 05:21   19ms   30M  489G  70/ 78U [ActUnit] PROBE from NEXUS at (123.5, 48.5)
2023-09-17 20:16:53.435 | 05:29   92ms   10M  453G  71/ 78U [ActUnit] IMMORTAL from ROBOTICSFACILITY at (103.5, 22.5)
2023-09-17 20:16:54.177 | 05:32   64ms   90M  473G  75/ 78U [GameAnalyzer] Known army advantage is now ClearAdvantage
2023-09-17 20:16:54.178 | 05:32   64ms   90M  473G  75/ 78U [GameAnalyzer] Predicted army advantage is now ClearAdvantage
2023-09-17 20:16:55.108 | 05:34   71ms    5M  497G  75/ 78U [ActUnit] PROBE from NEXUS at (120.5, 24.5)
2023-09-17 20:16:55.566 | 05:36   87ms    5M  509G  76/ 78U [ActUnit] PROBE from NEXUS at (123.5, 48.5)
2023-09-17 20:16:56.050 | 05:37   72ms   45M  513G  77/ 78U [GameAnalyzer] Known army advantage is now OverwhelmingAdvantage
2023-09-17 20:16:56.051 | 05:37   72ms   45M  513G  77/ 78U [GameAnalyzer] Predicted army advantage is now OverwhelmingAdvantage
2023-09-17 20:16:59.745 | 05:47   18ms   10M  597G  83/ 86U [ActUnit] PROBE from NEXUS at (120.5, 24.5)
2023-09-17 20:17:00.165 | 05:49   19ms    5M  609G  84/ 86U [ActUnit] PROBE from NEXUS at (123.5, 48.5)
2023-09-17 20:17:01.565 | 05:55   19ms   15M  661G  87/ 94U [ChronoUnit] Chrono ROBOTICSFACILITYTRAIN_IMMORTAL
2023-09-17 20:17:02.546 | 05:59   17ms   95M  697G  87/ 94U [ActUnit] PROBE from NEXUS at (120.5, 24.5)
2023-09-17 20:17:02.970 | 06:01   17ms   10M  717G  88/ 94U [ActUnit] PROBE from NEXUS at (123.5, 48.5)
2023-09-17 20:17:03.091 | 06:02   21ms   15M  717G  89/ 94U [TheAttack] Power 34.04 is larger than required attack power 4.00 -> attack!
2023-09-17 20:17:03.092 | 06:02   21ms   15M  717G  89/ 94U [TheAttack] Attack started at 34.04 power.
2023-09-17 20:17:05.006 | 06:09   21ms    5M  677G  89/ 94U [ActUnit] IMMORTAL from ROBOTICSFACILITY at (103.5, 22.5)
2023-09-17 20:17:05.694 | 06:12   20ms   35M  701G  93/102U [ActUnit] PROBE from NEXUS at (120.5, 24.5)
2023-09-17 20:17:06.131 | 06:14   23ms   55M  713G  94/102U [ActUnit] PROBE from NEXUS at (123.5, 48.5)
2023-09-17 20:17:08.256 | 06:20   77ms   65M  765G  97/102U [GameAnalyzer] Known army advantage is now SmallAdvantage
2023-09-17 20:17:08.260 | 06:20   77ms   65M  765G  97/102U [GameAnalyzer] Predicted army advantage is now SmallAdvantage
2023-09-17 20:17:08.579 | 06:21   71ms   95M  773G  97/110U [ChronoUnit] Chrono ROBOTICSFACILITYTRAIN_IMMORTAL
2023-09-17 20:17:10.151 | 06:25   34ms   50M  809G 101/110U [GameAnalyzer] Known army advantage is now Even
2023-09-17 20:17:10.156 | 06:25   34ms   50M  809G 101/110U [GameAnalyzer] Predicted army advantage is now Even
2023-09-17 20:17:10.161 | 06:25   34ms    0M  809G 101/110U [ActUnit] PROBE from NEXUS at (120.5, 24.5)
2023-09-17 20:17:10.836 | 06:27   81ms   25M  821G 102/110U [ActUnit] PROBE from NEXUS at (123.5, 48.5)
2023-09-17 20:17:12.122 | 06:31   79ms   20M  849G 105/110U [GameAnalyzer] Known army advantage is now SmallAdvantage
2023-09-17 20:17:12.123 | 06:31   79ms   20M  849G 105/110U [GameAnalyzer] Predicted army advantage is now SmallAdvantage
2023-09-17 20:17:16.582 | 06:41   24ms  195M  841G 105/133U [GameAnalyzer] Known army advantage is now OverwhelmingAdvantage
2023-09-17 20:17:16.583 | 06:41   24ms  195M  841G 105/133U [GameAnalyzer] Predicted army advantage is now OverwhelmingAdvantage
2023-09-17 20:17:17.347 | 06:44   95ms  270M  857G 105/133U [GameAnalyzer] Income advantage is now ClearAdvantage
2023-09-17 20:17:17.470 | 06:44   29ms   15M  761G 105/133U [ActUnit] IMMORTAL from ROBOTICSFACILITY at (103.5, 22.5)
2023-09-17 20:17:17.593 | 06:44   42ms   25M  765G 109/133U [ChronoUnit] Chrono ROBOTICSFACILITYTRAIN_IMMORTAL
2023-09-17 20:17:18.242 | 06:47   34ms   85M  781G 109/133U [GameAnalyzer] Known army advantage is now SmallAdvantage
2023-09-17 20:17:18.244 | 06:47   34ms   85M  781G 109/133U [GameAnalyzer] Predicted army advantage is now SmallAdvantage
2023-09-17 20:17:19.945 | 06:52   41ms  305M  829G 107/133U [GameAnalyzer] Income advantage is now OverwhelmingAdvantage
2023-09-17 20:17:20.070 | 06:53   40ms  310M  833G 107/133U [GameAnalyzer] Income advantage is now ClearAdvantage
2023-09-17 20:17:20.202 | 06:53   40ms  335M  837G 107/133U [GameAnalyzer] Income advantage is now OverwhelmingAdvantage
2023-09-17 20:17:23.386 | 07:05   31ms  390M  929G 113/133U [ChronoUnit] Chrono ROBOTICSFACILITYTRAIN_IMMORTAL
2023-09-17 20:17:25.059 | 07:11   31ms  395M  877G 111/133U [ActUnit] IMMORTAL from ROBOTICSFACILITY at (103.5, 22.5)
2023-09-17 20:17:27.273 | 07:19   37ms  435M  945G 119/133U [GameAnalyzer] Known army advantage is now OverwhelmingAdvantage
2023-09-17 20:17:27.274 | 07:19   37ms  435M  945G 119/133U [GameAnalyzer] Predicted army advantage is now OverwhelmingAdvantage
2023-09-17 20:17:28.555 | 07:24   39ms   60M  885G 123/133U [ActUnit] IMMORTAL from ROBOTICSFACILITY at (106.5, 22.5)
2023-09-17 20:17:28.678 | 07:24   41ms   90M  885G 127/133U [EnemyArmyPredicter] Predicting negative free minerals for enemy: -334
2023-09-17 20:17:28.681 | 07:24   41ms   90M  885G 127/133U [ChronoUnit] Chrono ROBOTICSFACILITYTRAIN_IMMORTAL
2023-09-17 20:17:30.103 | 07:30   35ms  325M  933G 127/133U [EnemyArmyPredicter] Predicting negative free minerals for enemy: -1475
2023-09-17 20:17:31.675 | 07:35   50ms  470M  977G 129/133U [ChronoUnit] Chrono ROBOTICSFACILITYTRAIN_IMMORTAL
2023-09-17 20:17:33.110 | 07:41   46ms   35M  921G 135/141U [ActUnit] IMMORTAL from ROBOTICSFACILITY at (103.5, 22.5)
2023-09-17 20:17:37.003 | 07:53   34ms  200M  925G 139/149U [ActUnit] IMMORTAL from ROBOTICSFACILITY at (106.5, 22.5)
2023-09-17 20:17:39.009 | 08:02   37ms  385M  997G 145/157U [ChronoUnit] Chrono ROBOTICSFACILITYTRAIN_IMMORTAL
2023-09-17 20:17:40.751 | 08:09   40ms   95M  953G 147/165U [ActUnit] IMMORTAL from ROBOTICSFACILITY at (103.5, 22.5)
2023-09-17 20:17:42.814 | INFO     | sc2.protocol:_execute:72 - Client status changed to Status.ended (was Status.in_game)
2023-09-17 20:17:42.819 | Result: Victory
2023-09-17 20:17:42.819 | Duration: 08:16
2023-09-17 20:17:42.820 | Step time min: 5
2023-09-17 20:17:42.821 | Step time avg: 30
2023-09-17 20:17:42.822 | Step time max: 113
2023-09-17 20:17:42.822 | [LostUnitsContents] My lost units minerals and gas: (725, 50)
2023-09-17 20:17:42.823 | [LostUnitsContents] My lost units minerals by score: 725.0
2023-09-17 20:17:42.823 | [LostUnitsContents] Enemy lost units minerals and gas: (10925, 1350)
2023-09-17 20:17:42.824 | [LostUnitsContents] Enemy lost units minerals by score: 10975.0
2023-09-17 20:17:42.825 | [GameAnalyzerEnd] Own units:
2023-09-17 20:17:42.825 | [GameAnalyzerEnd] PROBE             total:  53 alive:  53 dead:   0 
2023-09-17 20:17:42.826 | [GameAnalyzerEnd] ZEALOT            total:  33 alive:  27 dead:   6 
2023-09-17 20:17:42.827 | [GameAnalyzerEnd] PYLON             total:  16 alive:  16 dead:   0 
2023-09-17 20:17:42.828 | [GameAnalyzerEnd] IMMORTAL          total:   8 alive:   8 dead:   0 
2023-09-17 20:17:42.828 | [GameAnalyzerEnd] WARPGATE          total:   4 alive:   4 dead:   0 
2023-09-17 20:17:42.829 | [GameAnalyzerEnd] ASSIMILATOR       total:   3 alive:   3 dead:   0 
2023-09-17 20:17:42.830 | [GameAnalyzerEnd] NEXUS             total:   3 alive:   3 dead:   0 
2023-09-17 20:17:42.830 | [GameAnalyzerEnd] STALKER           total:   3 alive:   2 dead:   1 
2023-09-17 20:17:42.831 | [GameAnalyzerEnd] ROBOTICSFACILITY  total:   2 alive:   2 dead:   0 
2023-09-17 20:17:42.831 | [GameAnalyzerEnd] OBSERVER          total:   1 alive:   1 dead:   0 
2023-09-17 20:17:42.832 | [GameAnalyzerEnd] TWILIGHTCOUNCIL   total:   1 alive:   1 dead:   0 
2023-09-17 20:17:42.832 | [GameAnalyzerEnd] CYBERNETICSCORE   total:   1 alive:   1 dead:   0 
2023-09-17 20:17:42.833 | [GameAnalyzerEnd] Enemy units:
2023-09-17 20:17:42.834 | [GameAnalyzerEnd] MARINE            total:  60 alive:   0 dead:  60 
2023-09-17 20:17:42.834 | [GameAnalyzerEnd] SCV               total:  49 alive:   0 dead:  49 
2023-09-17 20:17:42.835 | [GameAnalyzerEnd] SUPPLYDEPOT       total:  11 alive:   2 dead:   9 
2023-09-17 20:17:42.835 | [GameAnalyzerEnd] BARRACKS          total:  11 alive:   0 dead:  11 
2023-09-17 20:17:42.836 | [GameAnalyzerEnd] MARAUDER          total:  10 alive:   0 dead:  10 
2023-09-17 20:17:42.837 | [GameAnalyzerEnd] TECHLAB           total:   6 alive:   0 dead:   6 
2023-09-17 20:17:42.837 | [GameAnalyzerEnd] MEDIVAC           total:   3 alive:   0 dead:   3 
2023-09-17 20:17:42.838 | [GameAnalyzerEnd] ORBITALCOMMAND    total:   2 alive:   0 dead:   2 
2023-09-17 20:17:42.838 | [GameAnalyzerEnd] REFINERY          total:   2 alive:   0 dead:   2 
2023-09-17 20:17:42.839 | [GameAnalyzerEnd] STARPORT          total:   1 alive:   0 dead:   1 
2023-09-17 20:17:42.839 | [GameAnalyzerEnd] FACTORY           total:   1 alive:   0 dead:   1 
2023-09-17 20:17:42.840 | [GameAnalyzerEnd] ENGINEERINGBAY    total:   1 alive:   0 dead:   1 
2023-09-17 20:17:42.841 | [GameAnalyzerEnd] Minerals max 670 Average 140
2023-09-17 20:17:42.841 | [GameAnalyzerEnd] Vespene max 1045 Average 398
2023-09-17 20:17:42.842 | INFO     | sc2.main:_play_game:228 - Result for player 2 - Bot LadderBot(Protoss): Victory
