Terran VS Terran on GresvanAIE
0: OnGameStart | MicroMachine v1.18.2
0: onStart | PROXY_CYCLONES (0-0), EARLY_EXPAND (13-1), STANDARD (2-0), WORKER_RUSH (0-0), PROXY_MARAUDERS (0-0), FAST_PF (0-0)
0: onStart | Chosen strategy: STANDARD
0: [ERROR] : No position found of Missile Turret | 0x00000015
224: monitorUnitActions | Actions (total, APM, last frame): 122, 122, 0
448: monitorUnitActions | Actions (total, APM, last frame): 225, 225, 0
672: drawProductionInformation | Production Information

Barracks                     [-50] (B)
SCV                          [-60] (B)
Refinery                     [-70] (B)



672: drawProductionInformation | Free Mineral:     140
Free Gas:         0
Gas Worker Target:3
Mineral income:   811
Gas income:       0

672: drawProductionInformation | Being built:      
TERRAN_SUPPLYDEPOT UnderConstruction, Builder: TERRAN_SCV (38, 106.375), Building: TERRAN_SUPPLYDEPOT (38, 107)

672: monitorUnitActions | Actions (total, APM, last frame): 335, 335, 0
892: fixBuildOrderDeadlock | TERRAN_STARPORT needs a requirement: TERRAN_FACTORY
892: fixBuildOrderDeadlock | SiegeTank needs a requirement: TERRAN_FACTORYTECHLAB
896: monitorUnitActions | Actions (total, APM, last frame): 459, 459, 0
1120: monitorUnitActions | Actions (total, APM, last frame): 573, 573, 0
1344: drawProductionInformation | Production Information

OrbitalCommand               [10]
TERRAN_SCV                   [1]
CommandCenter                [0]
Reaper                       [0]
BansheeCloak                 [0]
Banshee                      [0]
SiegeTank                    [0]
TERRAN_STARPORTTECHLAB       [0]
TERRAN_STARPORT              [0]
TERRAN_FACTORY               [0]
TERRAN_FACTORYTECHLAB        [0]
TERRAN_REFINERY              [-20]



1344: drawProductionInformation | Free Mineral:     45
Free Gas:         0
Gas Worker Target:3
Mineral income:   867
Gas income:       0

1344: drawProductionInformation | Being built:      
TERRAN_BARRACKS UnderConstruction, Builder: TERRAN_SCV (34.375, 105.375), Building: TERRAN_BARRACKS (35.5, 106.5)
TERRAN_REFINERY UnderConstruction, Builder: TERRAN_SCV (45.5, 123.375), Building: TERRAN_REFINERY (45.5, 124.5)
TERRAN_REFINERY UnderConstruction, Builder: TERRAN_SCV (41.375, 129.625), Building: TERRAN_REFINERY (42.5, 128.5)
TERRAN_BUNKER Assigned, Builder: TERRAN_SCV (38.7612, 124.62)

1344: monitorUnitActions | Actions (total, APM, last frame): 761, 761, 0
1568: monitorUnitActions | Actions (total, APM, last frame): 975, 853, 0
1792: monitorUnitActions | Actions (total, APM, last frame): 1165, 940, 0
2016: drawProductionInformation | Production Information

TERRAN_SCV                   [1]
Reaper                       [0]
CommandCenter                [0]
BansheeCloak                 [0]
Banshee                      [0]
SiegeTank                    [0]
TERRAN_STARPORTTECHLAB       [0]
TERRAN_STARPORT              [0]
TERRAN_FACTORY               [0]
TERRAN_FACTORYTECHLAB        [0]
TERRAN_REFINERY              [-20]



2016: drawProductionInformation | Free Mineral:     100
Free Gas:         50
Gas Worker Target:3
Mineral income:   587
Gas income:       246

2016: drawProductionInformation | Being built:      
TERRAN_BUNKER UnderConstruction, Builder: TERRAN_SCV (43.625, 123.375), Building: TERRAN_BUNKER (42.5, 124.5)

2016: monitorUnitActions | Actions (total, APM, last frame): 1264, 929, 0
2240: monitorUnitActions | Actions (total, APM, last frame): 1395, 936, 0
2464: monitorUnitActions | Actions (total, APM, last frame): 1494, 921, 0
2688: drawProductionInformation | Production Information

TERRAN_SCV                   [1]
BansheeCloak                 [0]
Banshee                      [0]
SiegeTank                    [0]
TERRAN_STARPORTTECHLAB       [0]
TERRAN_STARPORT              [0]
TERRAN_FACTORYTECHLAB        [0]
Marine                       [-1]
TERRAN_REFINERY              [-20]
CommandCenter                [-30]



2688: drawProductionInformation | Free Mineral:     50
Free Gas:         68
Gas Worker Target:3
Mineral income:   755
Gas income:       358

2688: drawProductionInformation | Being built:      
TERRAN_FACTORY UnderConstruction, Builder: TERRAN_SCV (37.3835, 115.496), Building: TERRAN_FACTORY (38.5, 115.5)
TERRAN_SUPPLYDEPOT UnderConstruction, Builder: TERRAN_SCV (34.375, 104), Building: TERRAN_SUPPLYDEPOT (35, 104)

2688: monitorUnitActions | Actions (total, APM, last frame): 1723, 962, 0
2912: monitorUnitActions | Actions (total, APM, last frame): 1958, 983, 0
3136: monitorUnitActions | Actions (total, APM, last frame): 2233, 1068, 4
3184: constructAssignedBuildings | TERRAN_FACTORY at (38.5, 115.5) was given the command BUILD_TECHLAB_FACTORY
3360: drawProductionInformation | Production Information

TERRAN_SCV                   [1]
BansheeCloak                 [0]
Banshee                      [0]
SiegeTank                    [0]
TERRAN_STARPORTTECHLAB       [0]
Marine                       [-1]
TERRAN_REFINERY              [-20]
CommandCenter                [-30]



3360: drawProductionInformation | Free Mineral:     160
Free Gas:         103
Gas Worker Target:3
Mineral income:   1203
Gas income:       313

3360: drawProductionInformation | Being built:      
TERRAN_STARPORT UnderConstruction, Builder: TERRAN_SCV (48.625, 129.5), Building: TERRAN_STARPORT (47.5, 129.5)
TERRAN_FACTORYTECHLAB UnderConstruction, Builder: TERRAN_FACTORY (38.5, 115.5), Building: TERRAN_FACTORYTECHLAB (41, 115)
TERRAN_SUPPLYDEPOT UnderConstruction, Builder: TERRAN_SCV (38.625, 118.625), Building: TERRAN_SUPPLYDEPOT (38, 118)

3360: monitorUnitActions | Actions (total, APM, last frame): 2554, 1290, 0
3584: monitorUnitActions | Actions (total, APM, last frame): 2876, 1481, 0
3683: updateAttackSquads | MainAttackSquad new order = Retreat (41.9966, 119.557) Keep retreating
3808: monitorUnitActions | Actions (total, APM, last frame): 3216, 1722, 2
4032: drawProductionInformation | Production Information

TERRAN_SCV                   [1]
Cyclone                      [0]
BansheeCloak                 [0]
Banshee                      [0]
TERRAN_STARPORTTECHLAB       [0]
Marine                       [-1]
TERRAN_REFINERY              [-20]



4032: drawProductionInformation | Free Mineral:     -350
Free Gas:         142
Gas Worker Target:3
Mineral income:   1119
Gas income:       313

4032: drawProductionInformation | Being built:      
TERRAN_STARPORT UnderConstruction, Builder: TERRAN_SCV (46.4263, 129.475), Building: TERRAN_STARPORT (47.5, 129.5)
TERRAN_COMMANDCENTER Assigned, Builder: TERRAN_SCV (38.3892, 98.1052)

4032: monitorUnitActions | Actions (total, APM, last frame): 3576, 1853, 0
4140: constructAssignedBuildings | TERRAN_STARPORT at (47.5, 129.5) was given the command BUILD_TECHLAB_STARPORT
4256: monitorUnitActions | Actions (total, APM, last frame): 3917, 1959, 0
4307: ExecuteTankMorphLogic | Tank 4348968962 at (38.5, 113.125) with 175hp is sieging because it is close to its retreat location
4480: monitorUnitActions | Actions (total, APM, last frame): 4277, 2048, 0
4542: create | starting upgrade BansheeCloak
4704: drawProductionInformation | Production Information

TERRAN_SCV                   [1]
Banshee                      [0]
Cyclone                      [0]
Marine                       [-1]
TERRAN_REFINERY              [-20]
CommandCenter                [-40]



4704: drawProductionInformation | Free Mineral:     -40
Free Gas:         81
Gas Worker Target:2
Mineral income:   1147
Gas income:       335

4704: drawProductionInformation | Being built:      
TERRAN_COMMANDCENTER UnderConstruction, Builder: TERRAN_SCV (34.5, 113.375), Building: TERRAN_COMMANDCENTER (34.5, 115.5)
TERRAN_SUPPLYDEPOT Assigned, Builder: TERRAN_SCV (36.2087, 97.2886)
BansheeCloak

4704: monitorUnitActions | Actions (total, APM, last frame): 4680, 2126, 1
4928: monitorUnitActions | Actions (total, APM, last frame): 5024, 2148, 0
5152: monitorUnitActions | Actions (total, APM, last frame): 5425, 2211, 0
5347: [ERROR] : Could not find an escape path | 
5376: drawProductionInformation | Production Information

TERRAN_SCV                   [1]
SiegeTank                    [0]
Banshee                      [0]
Marine                       [-1]
TERRAN_REFINERY              [-20]
CommandCenter                [-40]



5376: drawProductionInformation | Free Mineral:     275
Free Gas:         141
Gas Worker Target:3
Mineral income:   1119
Gas income:       335

5376: drawProductionInformation | Being built:      
TERRAN_COMMANDCENTER UnderConstruction, Builder: TERRAN_SCV (36.625, 117.625), Building: TERRAN_COMMANDCENTER (34.5, 115.5)
TERRAN_SUPPLYDEPOT UnderConstruction, Builder: TERRAN_SCV (42, 118.625), Building: TERRAN_SUPPLYDEPOT (42, 118)
BansheeCloak

5376: monitorUnitActions | Actions (total, APM, last frame): 6018, 2442, 1
5600: monitorUnitActions | Actions (total, APM, last frame): 6392, 2475, 4
5824: monitorUnitActions | Actions (total, APM, last frame): 6787, 2510, 1
6048: drawProductionInformation | Production Information

OrbitalCommand               [11]
SiegeTank                    [0]
Banshee                      [0]
Marine                       [-1]
TERRAN_REFINERY              [-20]
CommandCenter                [-40]



6048: drawProductionInformation | Free Mineral:     275
Free Gas:         76
Gas Worker Target:3
Mineral income:   1315
Gas income:       313

6048: drawProductionInformation | Being built:      
TERRAN_SUPPLYDEPOT UnderConstruction, Builder: TERRAN_SCV (42.625, 133.625), Building: TERRAN_SUPPLYDEPOT (42, 133)
BansheeCloak

6048: monitorUnitActions | Actions (total, APM, last frame): 7164, 2485, 0
6168: updateAttackSquads | MainAttackSquad new order = Retreat (40.1415, 87.8448) Keep retreating
6212: ExecuteTankMorphLogic | Tank 4348968962 at (38.4858, 112.844) with 175hp is unsieging because it has no target
6272: monitorUnitActions | Actions (total, APM, last frame): 7772, 2748, 10
6286: validateUpgradesProgress | upgrade finished BansheeCloak
6496: monitorUnitActions | Actions (total, APM, last frame): 8685, 3260, 3
6548: [CRITICAL ERROR] : Producer of type TERRAN_STARPORTTECHLAB cannot activate its ability to produce BansheeCloak | 0x10000000
6600: [CRITICAL ERROR] : Producer of type TERRAN_STARPORTTECHLAB cannot activate its ability to produce BansheeCloak | 0x10000000
6672: updateAttackSquads | MainAttackSquad new order = Retreat (40.4882, 64.1932) Keep retreating
6720: drawProductionInformation | Production Information

OrbitalCommand               [11]
TERRAN_SCV                   [1]
StarportTechLab              [1]
Banshee                      [0]
TerranShipWeaponsLevel1      [0]
BansheeSpeed                 [0]
BansheeCloak                 [0]
SiegeTank                    [0]
Marine                       [-1]
TERRAN_REFINERY              [-20]



6720: drawProductionInformation | Free Mineral:     110
Free Gas:         40
Gas Worker Target:3
Mineral income:   1147
Gas income:       335

6720: drawProductionInformation | Being built:      
TERRAN_COMMANDCENTER UnderConstruction, Builder: TERRAN_SCV (38.625, 89.5), Building: TERRAN_COMMANDCENTER (36.5, 89.5)
TERRAN_STARPORT UnderConstruction, Builder: TERRAN_SCV (51.625, 120.375), Building: TERRAN_STARPORT (50.5, 121.5)

6720: updateAttackSquads | MainAttackSquad new order = Attack (160.018, 73.6687) 
6720: monitorUnitActions | Actions (total, APM, last frame): 9675, 3658, 0
6885: ExecuteTankMorphLogic | Tank 4369940483 at (66.0686, 90.5171) with 175hp is sieging because it is in siege range of a TERRAN_MARINE at (77.3347, 85.9307)
6890: ExecuteTankMorphLogic | Tank 4348968962 at (63.3867, 91.2439) with 175hp is sieging because it is in siege range of a TERRAN_MARINE at (76.6738, 86.1685)
6944: monitorUnitActions | Actions (total, APM, last frame): 10304, 3916, 1
6992: [CRITICAL ERROR] : Producer of type TERRAN_STARPORTTECHLAB cannot activate its ability to produce BansheeCloak | 0x10000000
7091: ExecuteTankMorphLogic | Tank 4348968962 at (63.6633, 91.2566) with 175hp is unsieging because it has no target
7091: ExecuteTankMorphLogic | Tank 4369940483 at (66.3223, 90.4792) with 175hp is unsieging because it has no target
7168: monitorUnitActions | Actions (total, APM, last frame): 10861, 4075, 3
7392: drawProductionInformation | Production Information

TERRAN_SCV                   [1]
StarportTechLab              [1]
TERRAN_ARMORY                [0]
SiegeTank                    [0]
Banshee                      [0]
TerranShipWeaponsLevel1      [0]
BansheeSpeed                 [0]
BansheeCloak                 [0]
Marine                       [-1]
TERRAN_REFINERY              [-90]



7392: drawProductionInformation | Free Mineral:     -130
Free Gas:         79
Gas Worker Target:3
Mineral income:   1707
Gas income:       335

7392: drawProductionInformation | Being built:      
TERRAN_COMMANDCENTER UnderConstruction, Builder: TERRAN_SCV (36.5, 87.375), Building: TERRAN_COMMANDCENTER (36.5, 89.5)
TERRAN_REFINERY UnderConstruction, Builder: TERRAN_SCV (29.5381, 87.584), Building: TERRAN_REFINERY (29.5, 86.5)
TERRAN_REFINERY Assigned, Builder: TERRAN_SCV (36.7546, 82.4604)
TERRAN_REFINERY Assigned, Builder: TERRAN_SCV (48.5708, 79.3198)
TERRAN_REFINERY Assigned, Builder: TERRAN_SCV (31.5771, 67.1216)

7392: monitorUnitActions | Actions (total, APM, last frame): 11387, 4223, 1
7468: constructAssignedBuildings | TERRAN_STARPORT at (50.5, 121.5) was given the command BUILD_TECHLAB_STARPORT
7616: monitorUnitActions | Actions (total, APM, last frame): 12091, 4329, 0
7777: ExecuteTankMorphLogic | Tank 4369940483 at (147.314, 73.501) with 175hp is sieging because it is in siege range of a TERRAN_ORBITALCOMMAND at (163.5, 74.5)
7807: ExecuteTankMorphLogic | Tank 4348968962 at (147.294, 75.0625) with 175hp is sieging because it is in siege range of a TERRAN_ORBITALCOMMAND at (163.5, 74.5)
7812: fixBuildOrderDeadlock | Battlecruiser needs a requirement: TERRAN_FUSIONCORE
7840: monitorUnitActions | Actions (total, APM, last frame): 13060, 4378, 6
7892: updateAttackSquads | MainAttackSquad new order = Attack (160.272, 44.9104) 
7947: ExecuteTankMorphLogic | Tank 4348968962 at (147.57, 75.1165) with 175hp is unsieging because it has no target
7947: ExecuteTankMorphLogic | Tank 4369940483 at (147.596, 73.501) with 175hp is unsieging because it has no target
7966: [CRITICAL ERROR] : Producer of type TERRAN_STARPORTTECHLAB cannot activate its ability to produce BansheeCloak | 0x10000000
8064: drawProductionInformation | Production Information

TERRAN_SCV                   [1]
Battlecruiser                [1]
Banshee                      [0]
TERRAN_FUSIONCORE            [0]
TERRAN_ARMORY                [0]
SiegeTank                    [0]
TerranShipWeaponsLevel1      [0]
BansheeSpeed                 [0]
BansheeCloak                 [0]
Marine                       [-1]
TERRAN_REFINERY              [-90]



8064: drawProductionInformation | Free Mineral:     35
Free Gas:         54
Gas Worker Target:3
Mineral income:   1567
Gas income:       537

8064: drawProductionInformation | Being built:      
TERRAN_BUNKER UnderConstruction, Builder: TERRAN_SCV (36.5, 69.625), Building: TERRAN_BUNKER (36.5, 68.5)

8064: monitorUnitActions | Actions (total, APM, last frame): 14139, 4464, 4
8077: ExecuteTankMorphLogic | Tank 4348968962 at (154.603, 69.7622) with 175hp is sieging because it is in siege range of a TERRAN_SUPPLYDEPOTLOWERED at (162, 57)
8105: ExecuteTankMorphLogic | Tank 4369940483 at (156.308, 70.5254) with 175hp is sieging because it is in siege range of a TERRAN_SUPPLYDEPOTLOWERED at (162, 57)
8158: [CRITICAL ERROR] : Producer of type TERRAN_STARPORTTECHLAB cannot activate its ability to produce BansheeCloak | 0x10000000
8160: [CRITICAL ERROR] : Producer of type TERRAN_STARPORTTECHLAB cannot activate its ability to produce BansheeCloak | 0x10000000
8213: ExecuteTankMorphLogic | Tank 4348968962 at (154.836, 69.6064) with 175hp is unsieging because it has no target
8226: ExecuteTankMorphLogic | Tank 4369940483 at (156.484, 70.3118) with 175hp is unsieging because it has no target
8288: monitorUnitActions | Actions (total, APM, last frame): 14953, 4650, 5
8324: ExecuteTankMorphLogic | Tank 4348968962 at (158.196, 63.6721) with 175hp is sieging because it is in siege range of a TERRAN_BARRACKS at (156.5, 48.5)
8339: ExecuteTankMorphLogic | Tank 4369940483 at (156.751, 63.7959) with 175hp is sieging because it is in siege range of a TERRAN_BARRACKS at (156.5, 48.5)
8486: [CRITICAL ERROR] : Producer of type TERRAN_STARPORTTECHLAB cannot activate its ability to produce BansheeCloak | 0x10000000
8512: monitorUnitActions | Actions (total, APM, last frame): 15656, 4798, 1
8520: [CRITICAL ERROR] : Producer of type TERRAN_STARPORTTECHLAB cannot activate its ability to produce BansheeCloak | 0x10000000
8650: [CRITICAL ERROR] : Producer of type TERRAN_STARPORTTECHLAB cannot activate its ability to produce BansheeCloak | 0x10000000
8736: drawProductionInformation | Production Information

TERRAN_SCV                   [1]
Battlecruiser                [1]
Banshee                      [0]
TERRAN_ARMORY                [0]
SiegeTank                    [0]
TerranShipWeaponsLevel1      [0]
BansheeSpeed                 [0]
BansheeCloak                 [0]
Marine                       [-1]
TERRAN_REFINERY              [-90]



8736: drawProductionInformation | Free Mineral:     120
Free Gas:         256
Gas Worker Target:2
Mineral income:   1987
Gas income:       963

8736: drawProductionInformation | Being built:      
TERRAN_FUSIONCORE UnderConstruction, Builder: TERRAN_SCV (32.625, 114.375), Building: TERRAN_FUSIONCORE (31.5, 115.5)
TERRAN_BUNKER UnderConstruction, Builder: TERRAN_SCV (32.7144, 85.0522), Building: TERRAN_BUNKER (33.5, 85.5)

8736: monitorUnitActions | Actions (total, APM, last frame): 16310, 4924, 3
8853: ExecuteTankMorphLogic | Tank 4370989078 at (155.105, 63.6523) with 175hp is sieging because it is in siege range of a TERRAN_BARRACKS at (156.5, 48.5)
8960: monitorUnitActions | Actions (total, APM, last frame): 17094, 5003, 6
9006: ExecuteTankMorphLogic | Tank 4348968962 at (158.403, 63.4814) with 175hp is unsieging because it has no target
9006: ExecuteTankMorphLogic | Tank 4369940483 at (156.745, 63.5146) with 175hp is unsieging because it has no target
9006: ExecuteTankMorphLogic | Tank 4370989078 at (155.144, 63.374) with 175hp is unsieging because it has no target
9143: ExecuteTankMorphLogic | Tank 4348968962 at (166.14, 55.8508) with 175hp is sieging because it is in siege range of a TERRAN_SUPPLYDEPOTLOWERED at (171, 42)
9162: ExecuteTankMorphLogic | Tank 4369940483 at (164.704, 55.28) with 175hp is sieging because it is in siege range of a TERRAN_SUPPLYDEPOTLOWERED at (171, 42)
9184: monitorUnitActions | Actions (total, APM, last frame): 18092, 5038, 1
9194: ExecuteTankMorphLogic | Tank 4370989078 at (163.108, 54.3569) with 175hp is sieging because it is in siege range of a TERRAN_SUPPLYDEPOTLOWERED at (171, 42)
9232: [CRITICAL ERROR] : Producer of type TERRAN_STARPORTTECHLAB cannot activate its ability to produce BansheeCloak | 0x10000000
9344: ExecuteTankMorphLogic | Tank 4348968962 at (166.339, 55.6528) with 175hp is unsieging because it has no target
9344: ExecuteTankMorphLogic | Tank 4369940483 at (164.663, 55.002) with 175hp is unsieging because it has no target
9344: ExecuteTankMorphLogic | Tank 4370989078 at (163.228, 54.1035) with 175hp is unsieging because it has no target
9408: drawProductionInformation | Production Information

TERRAN_SCV                   [1]
StarportTechLab              [1]
FactoryTechLab               [1]
Battlecruiser                [1]
BattlecruiserEnableSpecializations [0]
SiegeTank                    [0]
TerranShipWeaponsLevel1      [0]
Marine                       [-1]
TERRAN_REFINERY              [-90]



9408: drawProductionInformation | Free Mineral:     85
Free Gas:         159
Gas Worker Target:3
Mineral income:   2575
Gas income:       940

9408: drawProductionInformation | Being built:      
TERRAN_ARMORY UnderConstruction, Builder: TERRAN_SCV (47.625, 114.375), Building: TERRAN_ARMORY (46.5, 115.5)
TERRAN_FACTORY UnderConstruction, Builder: TERRAN_SCV (42.5, 109.375), Building: TERRAN_FACTORY (42.5, 110.5)
TERRAN_STARPORT UnderConstruction, Builder: TERRAN_SCV (50.375, 117.625), Building: TERRAN_STARPORT (51.5, 116.5)
TERRAN_SUPPLYDEPOT UnderConstruction, Builder: TERRAN_SCV (33.375, 118), Building: TERRAN_SUPPLYDEPOT (34, 118)
TERRAN_SUPPLYDEPOT UnderConstruction, Builder: TERRAN_SCV (36.625, 116), Building: TERRAN_SUPPLYDEPOT (36, 116)

9408: monitorUnitActions | Actions (total, APM, last frame): 18951, 4816, 3
9461: ExecuteTankMorphLogic | Tank 4370989078 at (157.218, 49.509) with 175hp is sieging because it is in siege range of a TERRAN_SUPPLYDEPOTLOWERED at (143, 46)
9502: ExecuteTankMorphLogic | Tank 4348968962 at (156.715, 51.1948) with 175hp is sieging because it is in siege range of a TERRAN_SUPPLYDEPOTLOWERED at (143, 46)
9532: ExecuteTankMorphLogic | Tank 4369940483 at (155.99, 52.8013) with 175hp is sieging because it is in siege range of a TERRAN_SUPPLYDEPOTLOWERED at (143, 46)
9581: CheckGameResult | Opponent (1) got a result 1
9581: CheckGameResult | We (2) got a result 0
