Terran VS Terran on Royal BloodAIE
0: OnGameStart | MicroMachine v1.18.2
0: onStart | PROXY_CYCLONES (0-0), EARLY_EXPAND (13-1), STANDARD (9-0), WORKER_RUSH (0-0), PROXY_MARAUDERS (0-0), FAST_PF (0-0)
0: onStart | Chosen strategy: STANDARD
224: monitorUnitActions | Actions (total, APM, last frame): 121, 121, 0
448: monitorUnitActions | Actions (total, APM, last frame): 227, 227, 0
672: drawProductionInformation | Production Information

Barracks                     [-50] (B)
SCV                          [-60] (B)
Refinery                     [-70] (B)



672: drawProductionInformation | Free Mineral:     140
Free Gas:         0
Gas Worker Target:3
Mineral income:   811
Gas income:       0

672: drawProductionInformation | Being built:      
TERRAN_SUPPLYDEPOT UnderConstruction, Builder: TERRAN_SCV (124.625, 118.375), Building: TERRAN_SUPPLYDEPOT (124, 119)

672: monitorUnitActions | Actions (total, APM, last frame): 335, 335, 0
886: fixBuildOrderDeadlock | TERRAN_STARPORT needs a requirement: TERRAN_FACTORY
886: fixBuildOrderDeadlock | SiegeTank needs a requirement: TERRAN_FACTORYTECHLAB
896: monitorUnitActions | Actions (total, APM, last frame): 455, 455, 0
984: CancelBuilding | Cancel building TERRAN_REFINERY : invalid or blocked location
1120: monitorUnitActions | Actions (total, APM, last frame): 586, 586, 0
1344: drawProductionInformation | Production Information

OrbitalCommand               [10]
TERRAN_SCV                   [1]
CommandCenter                [0]
Reaper                       [0]
BansheeCloak                 [0]
Banshee                      [0]
SiegeTank                    [0]
TERRAN_STARPORTTECHLAB       [0]
TERRAN_STARPORT              [0]
TERRAN_FACTORY               [0]
TERRAN_FACTORYTECHLAB        [0]
TERRAN_REFINERY              [-20]



1344: drawProductionInformation | Free Mineral:     220
Free Gas:         0
Gas Worker Target:3
Mineral income:   867
Gas income:       0

1344: drawProductionInformation | Being built:      
TERRAN_BARRACKS UnderConstruction, Builder: TERRAN_SCV (126.5, 118.375), Building: TERRAN_BARRACKS (126.5, 119.5)
TERRAN_REFINERY UnderConstruction, Builder: TERRAN_SCV (147.375, 119.5), Building: TERRAN_REFINERY (148.5, 119.5)
TERRAN_REFINERY UnderConstruction, Builder: TERRAN_SCV (137.5, 128.375), Building: TERRAN_REFINERY (137.5, 129.5)

1344: monitorUnitActions | Actions (total, APM, last frame): 701, 701, 0
1568: monitorUnitActions | Actions (total, APM, last frame): 817, 696, 0
1792: monitorUnitActions | Actions (total, APM, last frame): 905, 678, 0
2016: drawProductionInformation | Production Information

TERRAN_SCV                   [1]
Reaper                       [0]
CommandCenter                [0]
BansheeCloak                 [0]
Banshee                      [0]
SiegeTank                    [0]
TERRAN_STARPORTTECHLAB       [0]
TERRAN_STARPORT              [0]
TERRAN_FACTORY               [0]
TERRAN_FACTORYTECHLAB        [0]
TERRAN_REFINERY              [-20]



2016: drawProductionInformation | Free Mineral:     255
Free Gas:         66
Gas Worker Target:3
Mineral income:   755
Gas income:       313

2016: drawProductionInformation | Being built:      

2016: monitorUnitActions | Actions (total, APM, last frame): 1017, 682, 0
2240: monitorUnitActions | Actions (total, APM, last frame): 1176, 721, 0
2464: monitorUnitActions | Actions (total, APM, last frame): 1270, 684, 0
2688: drawProductionInformation | Production Information

TERRAN_SCV                   [1]
BansheeCloak                 [0]
Banshee                      [0]
SiegeTank                    [0]
TERRAN_STARPORTTECHLAB       [0]
TERRAN_STARPORT              [0]
TERRAN_FACTORYTECHLAB        [0]
Marine                       [-1]
TERRAN_REFINERY              [-20]
CommandCenter                [-30]



2688: drawProductionInformation | Free Mineral:     240
Free Gas:         76
Gas Worker Target:3
Mineral income:   531
Gas income:       313

2688: drawProductionInformation | Being built:      
TERRAN_FACTORY UnderConstruction, Builder: TERRAN_SCV (140.375, 115.5), Building: TERRAN_FACTORY (141.5, 115.5)
TERRAN_SUPPLYDEPOT UnderConstruction, Builder: TERRAN_SCV (126.375, 122.625), Building: TERRAN_SUPPLYDEPOT (127, 122)

2688: monitorUnitActions | Actions (total, APM, last frame): 1391, 690, 0
2912: monitorUnitActions | Actions (total, APM, last frame): 1508, 691, 0
3130: constructAssignedBuildings | TERRAN_FACTORY at (141.5, 115.5) was given the command BUILD_TECHLAB_FACTORY
3136: monitorUnitActions | Actions (total, APM, last frame): 1660, 755, 0
3360: drawProductionInformation | Production Information

TERRAN_SCV                   [1]
BansheeCloak                 [0]
Banshee                      [0]
SiegeTank                    [0]
TERRAN_STARPORTTECHLAB       [0]
Marine                       [-1]
TERRAN_REFINERY              [-20]
CommandCenter                [-30]



3360: drawProductionInformation | Free Mineral:     315
Free Gas:         119
Gas Worker Target:3
Mineral income:   1119
Gas income:       358

3360: drawProductionInformation | Being built:      
TERRAN_STARPORT UnderConstruction, Builder: TERRAN_SCV (147.375, 113.375), Building: TERRAN_STARPORT (148.5, 114.5)
TERRAN_FACTORYTECHLAB UnderConstruction, Builder: TERRAN_FACTORY (141.5, 115.5), Building: TERRAN_FACTORYTECHLAB (144, 115)
TERRAN_SUPPLYDEPOT UnderConstruction, Builder: TERRAN_SCV (140.375, 118.625), Building: TERRAN_SUPPLYDEPOT (141, 118)

3360: monitorUnitActions | Actions (total, APM, last frame): 1829, 812, 0
3584: monitorUnitActions | Actions (total, APM, last frame): 2013, 837, 0
3661: updateAttackSquads | MainAttackSquad new order = Retreat (138.245, 120.175) Keep retreating
3808: monitorUnitActions | Actions (total, APM, last frame): 2223, 953, 1
3988: constructAssignedBuildings | TERRAN_STARPORT at (148.5, 114.5) was given the command BUILD_TECHLAB_STARPORT
4032: drawProductionInformation | Production Information

TERRAN_SCV                   [1]
Cyclone                      [0]
BansheeCloak                 [0]
Banshee                      [0]
Marine                       [-1]
TERRAN_REFINERY              [-20]
CommandCenter                [-30]



4032: drawProductionInformation | Free Mineral:     375
Free Gas:         129
Gas Worker Target:3
Mineral income:   1147
Gas income:       313

4032: drawProductionInformation | Being built:      
TERRAN_SUPPLYDEPOT UnderConstruction, Builder: TERRAN_SCV (136, 121.375), Building: TERRAN_SUPPLYDEPOT (136, 122)
TERRAN_STARPORTTECHLAB UnderConstruction, Builder: TERRAN_STARPORT (148.5, 114.5), Building: TERRAN_STARPORTTECHLAB (151, 114)

4032: monitorUnitActions | Actions (total, APM, last frame): 2479, 1088, 0
4049: updateAttackSquads | Cancel offensive (-92.26%, 1 ally supply vs 3 enemy supply)
4253: updateAttackSquads | Relaunch offensive (82.08%, 5 ally supply vs 3 enemy supply)
4253: updateAttackSquads | MainAttackSquad new order = Attack (67.7509, 29.9896) 
4256: monitorUnitActions | Actions (total, APM, last frame): 2714, 1206, 1
4345: updateAttackSquads | MainAttackSquad new order = Retreat (138.245, 120.175) Keep retreating
4390: create | starting upgrade BansheeCloak
4459: ExecuteTankMorphLogic | Tank 4359454724 at (130.449, 114.974) with 175hp is sieging because it is close to its retreat location
4480: monitorUnitActions | Actions (total, APM, last frame): 2975, 1315, 0
4704: drawProductionInformation | Production Information

TERRAN_SCV                   [1]
Banshee                      [0]
Cyclone                      [0]
Marine                       [-1]
TERRAN_REFINERY              [-20]
CommandCenter                [-40]



4704: drawProductionInformation | Free Mineral:     30
Free Gas:         73
Gas Worker Target:2
Mineral income:   1231
Gas income:       246

4704: drawProductionInformation | Being built:      
TERRAN_COMMANDCENTER UnderConstruction, Builder: TERRAN_SCV (130.375, 120.727), Building: TERRAN_COMMANDCENTER (132.5, 122.5)
TERRAN_SUPPLYDEPOT Assigned, Builder: TERRAN_SCV (121.919, 126.425)
BansheeCloak

4704: monitorUnitActions | Actions (total, APM, last frame): 3224, 1395, 0
4928: monitorUnitActions | Actions (total, APM, last frame): 3429, 1416, 0
5152: monitorUnitActions | Actions (total, APM, last frame): 3705, 1483, 1
5376: drawProductionInformation | Production Information

TERRAN_SCV                   [1]
SiegeTank                    [0]
Banshee                      [0]
Marine                       [-1]
TERRAN_REFINERY              [-20]
CommandCenter                [-40]



5376: drawProductionInformation | Free Mineral:     175
Free Gas:         101
Gas Worker Target:3
Mineral income:   1259
Gas income:       291

5376: drawProductionInformation | Being built:      
TERRAN_COMMANDCENTER UnderConstruction, Builder: TERRAN_SCV (132.5, 124.625), Building: TERRAN_COMMANDCENTER (132.5, 122.5)
TERRAN_SUPPLYDEPOT UnderConstruction, Builder: TERRAN_SCV (153.925, 124.252), Building: TERRAN_SUPPLYDEPOT (155, 124)
BansheeCloak

5376: monitorUnitActions | Actions (total, APM, last frame): 4143, 1664, 1
5600: monitorUnitActions | Actions (total, APM, last frame): 4453, 1740, 0
5824: monitorUnitActions | Actions (total, APM, last frame): 4682, 1707, 0
6048: drawProductionInformation | Production Information

OrbitalCommand               [11]
TERRAN_SCV                   [1]
SiegeTank                    [0]
Banshee                      [0]
Marine                       [-1]
TERRAN_REFINERY              [-20]
CommandCenter                [-40]



6048: drawProductionInformation | Free Mineral:     265
Free Gas:         40
Gas Worker Target:3
Mineral income:   1483
Gas income:       313

6048: drawProductionInformation | Being built:      
TERRAN_SUPPLYDEPOT UnderConstruction, Builder: TERRAN_SCV (138, 119.625), Building: TERRAN_SUPPLYDEPOT (138, 119)
BansheeCloak

6048: monitorUnitActions | Actions (total, APM, last frame): 4949, 1725, 0
6134: validateUpgradesProgress | upgrade finished BansheeCloak
6272: monitorUnitActions | Actions (total, APM, last frame): 5348, 1919, 2
6290: [CRITICAL ERROR] : Producer of type TERRAN_STARPORTTECHLAB cannot activate its ability to produce BansheeCloak | 0x10000000
6295: ExecuteTankMorphLogic | Tank 4359454724 at (130.449, 114.974) with 175hp is unsieging because it has no target
6312: updateAttackSquads | MainAttackSquad new order = Retreat (112.003, 126.557) Keep retreating
6390: [CRITICAL ERROR] : Producer of type TERRAN_STARPORTTECHLAB cannot activate its ability to produce BansheeCloak | 0x10000000
6481: ExecuteTankMorphLogic | Tank 4359454724 at (121.812, 116.971) with 175hp is sieging because it is close to its retreat location
6496: monitorUnitActions | Actions (total, APM, last frame): 5706, 2002, 0
6708: [CRITICAL ERROR] : Producer of type TERRAN_STARPORTTECHLAB cannot activate its ability to produce BansheeCloak | 0x10000000
6720: drawProductionInformation | Production Information

TERRAN_SCV                   [1]
StarportTechLab              [1]
TerranShipWeaponsLevel1      [0]
BansheeSpeed                 [0]
BansheeCloak                 [0]
SiegeTank                    [0]
Banshee                      [0]
Marine                       [-1]
CommandCenter                [-70]



6720: drawProductionInformation | Free Mineral:     130
Free Gas:         4
Gas Worker Target:3
Mineral income:   1539
Gas income:       335

6720: drawProductionInformation | Being built:      
TERRAN_REFINERY UnderConstruction, Builder: TERRAN_SCV (112.5, 134.375), Building: TERRAN_REFINERY (112.5, 135.5)
TERRAN_REFINERY UnderConstruction, Builder: TERRAN_SCV (108.5, 132.625), Building: TERRAN_REFINERY (108.5, 131.5)
TERRAN_BUNKER UnderConstruction, Builder: TERRAN_SCV (110.375, 132.625), Building: TERRAN_BUNKER (111.5, 131.5)
TERRAN_STARPORT UnderConstruction, Builder: TERRAN_SCV (141.5, 111.625), Building: TERRAN_STARPORT (141.5, 110.5)

6720: updateAttackSquads | MainAttackSquad new order = Attack (67.7509, 29.9896) 
6720: ExecuteTankMorphLogic | Tank 4359454724 at (121.812, 117.16) with 175hp is unsieging because it has no target
6720: monitorUnitActions | Actions (total, APM, last frame): 5955, 1813, 0
6883: ExecuteTankMorphLogic | Tank 4364959752 at (106.659, 112.94) with 175hp is sieging because it is in siege range of a TERRAN_MARINE at (97.0737, 102.437)
6944: monitorUnitActions | Actions (total, APM, last frame): 6357, 1904, 0
7005: ExecuteTankMorphLogic | Tank 4364959752 at (106.43, 112.777) with 175hp is unsieging because it has no target
7038: [CRITICAL ERROR] : Producer of type TERRAN_STARPORTTECHLAB cannot activate its ability to produce BansheeCloak | 0x10000000
7080: [CRITICAL ERROR] : Producer of type TERRAN_STARPORTTECHLAB cannot activate its ability to produce BansheeCloak | 0x10000000
7104: ExecuteTankMorphLogic | Tank 4359454724 at (94.5232, 102.182) with 175hp is sieging because it is in siege range of a TERRAN_MARINE at (87.6599, 89.7769)
7168: monitorUnitActions | Actions (total, APM, last frame): 6768, 2086, 0
7225: ExecuteTankMorphLogic | Tank 4359454724 at (94.3877, 101.936) with 175hp is unsieging because it has no target
7304: [CRITICAL ERROR] : Producer of type TERRAN_STARPORTTECHLAB cannot activate its ability to produce BansheeCloak | 0x10000000
7320: [CRITICAL ERROR] : Producer of type TERRAN_STARPORTTECHLAB cannot activate its ability to produce BansheeCloak | 0x10000000
7338: constructAssignedBuildings | TERRAN_BARRACKS at (126.5, 119.5) was given the command BUILD_TECHLAB
7392: drawProductionInformation | Production Information

TERRAN_SCV                   [1]
StarportTechLab              [1]
Banshee                      [0]
TerranInfantryWeaponsLevel1  [0]
TERRAN_ARMORY                [0]
SiegeTank                    [0]
Stimpack                     [0]
TerranShipWeaponsLevel1      [0]
BansheeSpeed                 [0]
BansheeCloak                 [0]
Marine                       [-1]
CommandCenter                [-80]



7392: drawProductionInformation | Free Mineral:     -15
Free Gas:         22
Gas Worker Target:3
Mineral income:   1903
Gas income:       627

7392: drawProductionInformation | Being built:      
TERRAN_STARPORT UnderConstruction, Builder: TERRAN_SCV (140.375, 111.625), Building: TERRAN_STARPORT (141.5, 110.5)
TERRAN_BARRACKSTECHLAB UnderConstruction, Builder: TERRAN_BARRACKS (126.5, 119.5), Building: TERRAN_BARRACKSTECHLAB (129, 119)
TERRAN_ENGINEERINGBAY UnderConstruction, Builder: TERRAN_SCV (132.708, 125.461), Building: TERRAN_ENGINEERINGBAY (132.5, 126.5)
TERRAN_SUPPLYDEPOT Assigned, Builder: TERRAN_SCV (140.989, 127.627)

7392: monitorUnitActions | Actions (total, APM, last frame): 7138, 2189, 1
7418: constructAssignedBuildings | TERRAN_STARPORT at (141.5, 110.5) was given the command BUILD_TECHLAB_STARPORT
7602: [CRITICAL ERROR] : Producer of type TERRAN_STARPORTTECHLAB cannot activate its ability to produce BansheeCloak | 0x10000000
7616: monitorUnitActions | Actions (total, APM, last frame): 7972, 2626, 3
7679: ExecuteTankMorphLogic | Tank 4364959752 at (75.9658, 41.8816) with 175hp is sieging because it is in siege range of a TERRAN_COMMANDCENTER at (68.5, 27.5)
7680: [CRITICAL ERROR] : Producer of type TERRAN_STARPORTTECHLAB cannot activate its ability to produce BansheeCloak | 0x10000000
7700: create | starting upgrade BansheeSpeed
7776: ExecuteTankMorphLogic | Tank 4359454724 at (77.3018, 41.1169) with 175hp is sieging because it is in siege range of a TERRAN_COMMANDCENTER at (68.5, 27.5)
7796: updateAttackSquads | MainAttackSquad new order = Attack (43.9206, 35.3047) 
7840: monitorUnitActions | Actions (total, APM, last frame): 9181, 3475, 6
7851: ExecuteTankMorphLogic | Tank 4364959752 at (75.7915, 41.6646) with 175hp is unsieging because it has no target
7897: ExecuteTankMorphLogic | Tank 4359454724 at (77.2087, 40.8523) with 175hp is unsieging because it has no target
7965: ExecuteTankMorphLogic | Tank 4364959752 at (71.4082, 36.7939) with 175hp is sieging because it is in siege range of a TERRAN_SUPPLYDEPOTLOWERED at (57, 34)
8018: ExecuteTankMorphLogic | Tank 4359454724 at (71.6787, 34.7898) with 175hp is sieging because it is in siege range of a TERRAN_SUPPLYDEPOTLOWERED at (57, 34)
8064: drawProductionInformation | Production Information

TERRAN_SCV                   [1]
Banshee                      [0]
ShieldWall                   [0]
TerranInfantryWeaponsLevel1  [0]
TERRAN_ARMORY                [0]
SiegeTank                    [0]
Stimpack                     [0]
TerranShipWeaponsLevel1      [0]
BansheeCloak                 [0]
Marine                       [-1]
CommandCenter                [-80]



8064: drawProductionInformation | Free Mineral:     395
Free Gas:         79
Gas Worker Target:3
Mineral income:   2211
Gas income:       649

8064: drawProductionInformation | Being built:      
TERRAN_SUPPLYDEPOT UnderConstruction, Builder: TERRAN_SCV (136, 124.625), Building: TERRAN_SUPPLYDEPOT (136, 124)
BansheeSpeed

8064: monitorUnitActions | Actions (total, APM, last frame): 10494, 4539, 5
8128: [CRITICAL ERROR] : Producer of type TERRAN_STARPORTTECHLAB cannot activate its ability to produce BansheeCloak | 0x10000000
8148: ExecuteTankMorphLogic | Tank 4359454724 at (71.4854, 34.5862) with 175hp is unsieging because it has no target
8148: ExecuteTankMorphLogic | Tank 4364959752 at (71.1758, 36.6362) with 175hp is unsieging because it has no target
8160: [CRITICAL ERROR] : Producer of type TERRAN_STARPORTTECHLAB cannot activate its ability to produce BansheeCloak | 0x10000000
8235: ExecuteTankMorphLogic | Tank 4359454724 at (68.645, 32.1387) with 175hp is sieging because it is in siege range of a TERRAN_SUPPLYDEPOTLOWERED at (54, 34)
8235: ExecuteTankMorphLogic | Tank 4364959752 at (68.7742, 34.1411) with 175hp is sieging because it is in siege range of a TERRAN_SUPPLYDEPOTLOWERED at (54, 34)
8288: monitorUnitActions | Actions (total, APM, last frame): 11816, 5459, 2
8368: ExecuteTankMorphLogic | Tank 4359454724 at (68.376, 32.0579) with 175hp is unsieging because it has no target
8368: ExecuteTankMorphLogic | Tank 4364959752 at (68.6013, 33.9199) with 175hp is unsieging because it has no target
8468: ExecuteTankMorphLogic | Tank 4359454724 at (63.7563, 31.2126) with 175hp is sieging because it is in siege range of a TERRAN_BARRACKS at (48.5, 32.5)
8512: monitorUnitActions | Actions (total, APM, last frame): 13146, 6378, 7
8687: ExecuteTankMorphLogic | Tank 4359454724 at (63.5161, 31.3325) with 175hp is unsieging because it has no target
8736: drawProductionInformation | Production Information

TERRAN_SCV                   [1]
Banshee                      [0]
SiegeTank                    [0]
ShieldWall                   [0]
TerranInfantryWeaponsLevel1  [0]
Stimpack                     [0]
TerranShipWeaponsLevel1      [0]
BansheeCloak                 [0]
Marine                       [-1]
TERRAN_REFINERY              [-90]



8736: drawProductionInformation | Free Mineral:     255
Free Gas:         78
Gas Worker Target:3
Mineral income:   2603
Gas income:       649

8736: drawProductionInformation | Being built:      
TERRAN_COMMANDCENTER UnderConstruction, Builder: TERRAN_SCV (86.625, 127.375), Building: TERRAN_COMMANDCENTER (84.5, 129.5)
TERRAN_ARMORY UnderConstruction, Builder: TERRAN_SCV (134.625, 117.5), Building: TERRAN_ARMORY (133.5, 117.5)
TERRAN_SUPPLYDEPOT UnderConstruction, Builder: TERRAN_SCV (135.375, 120), Building: TERRAN_SUPPLYDEPOT (136, 120)
BansheeSpeed

8736: monitorUnitActions | Actions (total, APM, last frame): 14547, 7410, 3
8754: ExecuteTankMorphLogic | Tank 4359454724 at (63.248, 31.417) with 175hp is sieging because it is in siege range of a TERRAN_BARRACKS at (48.5, 35.5)
8790: [ERROR] : Unit can't create upgrade, but should be able. Upgrade: TerranInfantryWeaponsLevel1 UnitType: TERRAN_ENGINEERINGBAY | 0x00000005
8790: create | starting upgrade TerranInfantryWeaponsLevel1
8806: ExecuteTankMorphLogic | Tank 4364959752 at (62.5195, 29.3381) with 175hp is sieging because it is in siege range of a TERRAN_BARRACKS at (48.5, 35.5)
8960: monitorUnitActions | Actions (total, APM, last frame): 15965, 7996, 2
9032: ExecuteTankMorphLogic | Tank 4359454724 at (63.0586, 31.6243) with 175hp is unsieging because it has no target
9032: ExecuteTankMorphLogic | Tank 4364959752 at (62.2979, 29.1736) with 175hp is unsieging because it has no target
9113: ExecuteTankMorphLogic | Tank 4359454724 at (61.27, 33.1443) with 175hp is sieging because it is in siege range of a TERRAN_BARRACKS at (48.5, 41.5)
9184: monitorUnitActions | Actions (total, APM, last frame): 17557, 8382, 6
9194: [CRITICAL ERROR] : Producer of type TERRAN_STARPORTTECHLAB cannot activate its ability to produce BansheeCloak | 0x10000000
9240: [CRITICAL ERROR] : Producer of type TERRAN_STARPORTTECHLAB cannot activate its ability to produce BansheeCloak | 0x10000000
9339: ExecuteTankMorphLogic | Tank 4359454724 at (61.0469, 33.3152) with 175hp is unsieging because it has no target
9408: drawProductionInformation | Production Information

TERRAN_SCV                   [1]
SiegeTank                    [0]
Banshee                      [0]
ShieldWall                   [0]
Stimpack                     [0]
TerranShipWeaponsLevel1      [0]
BansheeCloak                 [0]
Marine                       [-1]
TERRAN_REFINERY              [-90]



9408: drawProductionInformation | Free Mineral:     455
Free Gas:         73
Gas Worker Target:3
Mineral income:   2323
Gas income:       627

9408: drawProductionInformation | Being built:      
TERRAN_COMMANDCENTER UnderConstruction, Builder: TERRAN_SCV (86.2405, 127.566), Building: TERRAN_COMMANDCENTER (84.5, 129.5)
TERRAN_ARMORY UnderConstruction, Builder: TERRAN_SCV (134.625, 117.5), Building: TERRAN_ARMORY (133.5, 117.5)
TERRAN_SUPPLYDEPOT UnderConstruction, Builder: TERRAN_SCV (139, 116.375), Building: TERRAN_SUPPLYDEPOT (139, 117)
TERRAN_SUPPLYDEPOT Assigned, Builder: TERRAN_SCV (108.941, 121.712)
BansheeSpeed

9408: monitorUnitActions | Actions (total, APM, last frame): 19198, 8709, 7
9434: ExecuteTankMorphLogic | Tank 4359454724 at (57.8699, 36.2209) with 175hp is sieging because it is in siege range of a TERRAN_FACTORY at (43.5, 41.5)
9450: create | starting upgrade Stimpack
9457: ExecuteTankMorphLogic | Tank 4364959752 at (57.1145, 34.4912) with 175hp is sieging because it is in siege range of a TERRAN_FACTORY at (43.5, 41.5)
9508: ExecuteTankMorphLogic | Tank 4366008322 at (58.3555, 38.0935) with 175hp is sieging because it is in siege range of a TERRAN_FACTORY at (43.5, 41.5)
9632: monitorUnitActions | Actions (total, APM, last frame): 20855, 9041, 6
9632: CheckGameResult | Opponent (1) got a result 1
9632: CheckGameResult | We (2) got a result 0
