Terran VS Terran on GoldenauraAIE
0: OnGameStart | MicroMachine v1.18.2
0: onStart | PROXY_CYCLONES (0-0), EARLY_EXPAND (13-1), STANDARD (0-0), WORKER_RUSH (0-0), PROXY_MARAUDERS (0-0), FAST_PF (0-0)
0: onStart | Chosen strategy: STANDARD
0: [ERROR] : No position found of Missile Turret | 0x00000015
224: monitorUnitActions | Actions (total, APM, last frame): 126, 126, 0
448: monitorUnitActions | Actions (total, APM, last frame): 231, 231, 0
672: drawProductionInformation | Production Information

Barracks                     [-50] (B)
SCV                          [-60] (B)
Refinery                     [-70] (B)



672: drawProductionInformation | Free Mineral:     125
Free Gas:         0
Gas Worker Target:3
Mineral income:   755
Gas income:       0

672: drawProductionInformation | Being built:      
TERRAN_SUPPLYDEPOT UnderConstruction, Builder: TERRAN_SCV (74.375, 151.375), Building: TERRAN_SUPPLYDEPOT (75, 152)

672: monitorUnitActions | Actions (total, APM, last frame): 339, 339, 0
894: fixBuildOrderDeadlock | TERRAN_STARPORT needs a requirement: TERRAN_FACTORY
894: fixBuildOrderDeadlock | SiegeTank needs a requirement: TERRAN_FACTORYTECHLAB
896: monitorUnitActions | Actions (total, APM, last frame): 464, 464, 0
1120: monitorUnitActions | Actions (total, APM, last frame): 574, 574, 0
1344: drawProductionInformation | Production Information

OrbitalCommand               [10]
TERRAN_SCV                   [1]
CommandCenter                [0]
Reaper                       [0]
BansheeCloak                 [0]
Banshee                      [0]
SiegeTank                    [0]
TERRAN_STARPORTTECHLAB       [0]
TERRAN_STARPORT              [0]
TERRAN_FACTORY               [0]
TERRAN_FACTORYTECHLAB        [0]
TERRAN_REFINERY              [-20]



1344: drawProductionInformation | Free Mineral:     120
Free Gas:         0
Gas Worker Target:3
Mineral income:   755
Gas income:       0

1344: drawProductionInformation | Being built:      
TERRAN_BARRACKS UnderConstruction, Builder: TERRAN_SCV (73.375, 155.625), Building: TERRAN_BARRACKS (74.5, 154.5)
TERRAN_REFINERY UnderConstruction, Builder: TERRAN_SCV (72.5, 176.625), Building: TERRAN_REFINERY (72.5, 175.5)
TERRAN_REFINERY UnderConstruction, Builder: TERRAN_SCV (62.5, 164.375), Building: TERRAN_REFINERY (62.5, 165.5)

1344: monitorUnitActions | Actions (total, APM, last frame): 682, 682, 0
1568: monitorUnitActions | Actions (total, APM, last frame): 789, 663, 0
1792: monitorUnitActions | Actions (total, APM, last frame): 873, 642, 0
2016: drawProductionInformation | Production Information

TERRAN_SCV                   [1]
Reaper                       [0]
CommandCenter                [0]
BansheeCloak                 [0]
Banshee                      [0]
SiegeTank                    [0]
TERRAN_STARPORTTECHLAB       [0]
TERRAN_STARPORT              [0]
TERRAN_FACTORY               [0]
TERRAN_FACTORYTECHLAB        [0]
TERRAN_REFINERY              [-20]



2016: drawProductionInformation | Free Mineral:     140
Free Gas:         66
Gas Worker Target:3
Mineral income:   699
Gas income:       313

2016: drawProductionInformation | Being built:      

2016: monitorUnitActions | Actions (total, APM, last frame): 980, 641, 0
2240: monitorUnitActions | Actions (total, APM, last frame): 1119, 655, 0
2464: monitorUnitActions | Actions (total, APM, last frame): 1211, 637, 0
2688: drawProductionInformation | Production Information

TERRAN_SCV                   [1]
BansheeCloak                 [0]
Banshee                      [0]
SiegeTank                    [0]
TERRAN_STARPORTTECHLAB       [0]
TERRAN_STARPORT              [0]
TERRAN_FACTORYTECHLAB        [0]
Marine                       [-1]
TERRAN_REFINERY              [-20]
CommandCenter                [-30]



2688: drawProductionInformation | Free Mineral:     130
Free Gas:         80
Gas Worker Target:3
Mineral income:   559
Gas income:       335

2688: drawProductionInformation | Being built:      
TERRAN_FACTORY UnderConstruction, Builder: TERRAN_SCV (77.625, 167.375), Building: TERRAN_FACTORY (76.5, 168.5)
TERRAN_SUPPLYDEPOT UnderConstruction, Builder: TERRAN_SCV (72.625, 155.625), Building: TERRAN_SUPPLYDEPOT (72, 155)

2688: monitorUnitActions | Actions (total, APM, last frame): 1319, 637, 0
2912: monitorUnitActions | Actions (total, APM, last frame): 1430, 641, 0
3120: constructAssignedBuildings | TERRAN_FACTORY at (76.5, 168.5) was given the command BUILD_TECHLAB_FACTORY
3136: monitorUnitActions | Actions (total, APM, last frame): 1581, 708, 0
3360: drawProductionInformation | Production Information

TERRAN_SCV                   [1]
BansheeCloak                 [0]
Banshee                      [0]
SiegeTank                    [0]
TERRAN_STARPORTTECHLAB       [0]
Marine                       [-1]
TERRAN_REFINERY              [-20]
CommandCenter                [-30]



3360: drawProductionInformation | Free Mineral:     195
Free Gas:         119
Gas Worker Target:3
Mineral income:   1119
Gas income:       335

3360: drawProductionInformation | Being built:      
TERRAN_STARPORT UnderConstruction, Builder: TERRAN_SCV (78.625, 173.5), Building: TERRAN_STARPORT (77.5, 173.5)
TERRAN_FACTORYTECHLAB UnderConstruction, Builder: TERRAN_FACTORY (76.5, 168.5), Building: TERRAN_FACTORYTECHLAB (79, 168)
TERRAN_SUPPLYDEPOT UnderConstruction, Builder: TERRAN_SCV (68.375, 163.375), Building: TERRAN_SUPPLYDEPOT (69, 164)

3360: monitorUnitActions | Actions (total, APM, last frame): 1733, 753, 0
3584: monitorUnitActions | Actions (total, APM, last frame): 1902, 783, 0
3659: updateAttackSquads | MainAttackSquad new order = Retreat (73.1415, 166.845) Keep retreating
3808: monitorUnitActions | Actions (total, APM, last frame): 2144, 933, 0
3978: constructAssignedBuildings | TERRAN_STARPORT at (77.5, 173.5) was given the command BUILD_TECHLAB_STARPORT
4032: drawProductionInformation | Production Information

TERRAN_SCV                   [1]
Cyclone                      [0]
BansheeCloak                 [0]
Banshee                      [0]
Marine                       [-1]
TERRAN_REFINERY              [-20]
CommandCenter                [-30]



4032: drawProductionInformation | Free Mineral:     250
Free Gas:         129
Gas Worker Target:3
Mineral income:   1119
Gas income:       313

4032: drawProductionInformation | Being built:      
TERRAN_SUPPLYDEPOT UnderConstruction, Builder: TERRAN_SCV (74, 168.625), Building: TERRAN_SUPPLYDEPOT (74, 168)
TERRAN_STARPORTTECHLAB UnderConstruction, Builder: TERRAN_STARPORT (77.5, 173.5), Building: TERRAN_STARPORTTECHLAB (80, 173)

4032: monitorUnitActions | Actions (total, APM, last frame): 2411, 1092, 1
4256: monitorUnitActions | Actions (total, APM, last frame): 2661, 1231, 0
4366: ExecuteTankMorphLogic | Tank 4362600449 at (79.1448, 157.087) with 175hp is sieging because it is close to its retreat location
4458: create | starting upgrade BansheeCloak
4480: monitorUnitActions | Actions (total, APM, last frame): 2929, 1348, 1
4704: drawProductionInformation | Production Information

TERRAN_SCV                   [1]
Cyclone                      [0]
Banshee                      [0]
Marine                       [-1]
TERRAN_REFINERY              [-20]
CommandCenter                [-40]



4704: drawProductionInformation | Free Mineral:     140
Free Gas:         177
Gas Worker Target:2
Mineral income:   1343
Gas income:       223

4704: drawProductionInformation | Being built:      
TERRAN_COMMANDCENTER UnderConstruction, Builder: TERRAN_SCV (69.5, 158.375), Building: TERRAN_COMMANDCENTER (69.5, 160.5)
BansheeCloak

4704: monitorUnitActions | Actions (total, APM, last frame): 3185, 1452, 1
4928: monitorUnitActions | Actions (total, APM, last frame): 3387, 1485, 0
5152: monitorUnitActions | Actions (total, APM, last frame): 3592, 1448, 0
5376: drawProductionInformation | Production Information

TERRAN_SCV                   [1]
SiegeTank                    [0]
Banshee                      [0]
TERRAN_REFINERY              [-20]
CommandCenter                [-40]



5376: drawProductionInformation | Free Mineral:     65
Free Gas:         105
Gas Worker Target:3
Mineral income:   1399
Gas income:       246

5376: drawProductionInformation | Being built:      
TERRAN_COMMANDCENTER UnderConstruction, Builder: TERRAN_SCV (67.375, 160.5), Building: TERRAN_COMMANDCENTER (69.5, 160.5)
TERRAN_SUPPLYDEPOT UnderConstruction, Builder: TERRAN_SCV (64.9114, 176.303), Building: TERRAN_SUPPLYDEPOT (64, 177)
BansheeCloak

5376: monitorUnitActions | Actions (total, APM, last frame): 3842, 1432, 1
5600: monitorUnitActions | Actions (total, APM, last frame): 4056, 1395, 0
5824: monitorUnitActions | Actions (total, APM, last frame): 4314, 1386, 2
5934: [ERROR] : Could not find an escape path | 
6048: drawProductionInformation | Production Information

OrbitalCommand               [11]
TERRAN_SCV                   [1]
SiegeTank                    [0]
Banshee                      [0]
Marine                       [-1]
TERRAN_REFINERY              [-20]
CommandCenter                [-40]



6048: drawProductionInformation | Free Mineral:     70
Free Gas:         40
Gas Worker Target:3
Mineral income:   1259
Gas income:       313

6048: drawProductionInformation | Being built:      
TERRAN_SUPPLYDEPOT UnderConstruction, Builder: TERRAN_SCV (66.625, 176.375), Building: TERRAN_SUPPLYDEPOT (66, 177)
BansheeCloak

6048: monitorUnitActions | Actions (total, APM, last frame): 4967, 1783, 0
6202: validateUpgradesProgress | upgrade finished BansheeCloak
6272: monitorUnitActions | Actions (total, APM, last frame): 5375, 1988, 1
6284: [CRITICAL ERROR] : Producer of type TERRAN_STARPORTTECHLAB cannot activate its ability to produce BansheeCloak | 0x10000000
6334: ExecuteTankMorphLogic | Tank 4362600449 at (79.1448, 157.087) with 175hp is unsieging because it has no target
6336: CancelBuilding | Cancel building TERRAN_REFINERY : invalid or blocked location
6336: updateAttackSquads | MainAttackSquad new order = Retreat (64.9966, 144.557) Keep retreating
6360: [CRITICAL ERROR] : Producer of type TERRAN_STARPORTTECHLAB cannot activate its ability to produce BansheeCloak | 0x10000000
6480: [CRITICAL ERROR] : Producer of type TERRAN_STARPORTTECHLAB cannot activate its ability to produce BansheeCloak | 0x10000000
6496: monitorUnitActions | Actions (total, APM, last frame): 5786, 2194, 1
6515: ExecuteTankMorphLogic | Tank 4362600449 at (77.3259, 149.812) with 175hp is sieging because it is close to its retreat location
6524: create | starting upgrade BansheeSpeed
6720: drawProductionInformation | Production Information

TERRAN_SCV                   [1]
TerranShipWeaponsLevel1      [0]
BansheeCloak                 [0]
Medivac                      [0]
SiegeTank                    [0]
Banshee                      [0]
Marine                       [-1]
CommandCenter                [-40]



6720: drawProductionInformation | Free Mineral:     218
Free Gas:         54
Gas Worker Target:3
Mineral income:   1567
Gas income:       335

6720: drawProductionInformation | Being built:      
TERRAN_REFINERY UnderConstruction, Builder: TERRAN_SCV (63.375, 154.625), Building: TERRAN_REFINERY (64.5, 153.5)
BansheeSpeed

6720: updateAttackSquads | MainAttackSquad new order = Attack (167.366, 68.4366) 
6720: ExecuteTankMorphLogic | Tank 4362600449 at (77.3701, 149.812) with 175hp is unsieging because it has no target
6720: monitorUnitActions | Actions (total, APM, last frame): 6113, 2272, 1
6893: ExecuteTankMorphLogic | Tank 4344250372 at (80.1428, 131.757) with 175hp is sieging because it is in siege range of a TERRAN_MARINE at (92.6333, 124.916)
6944: monitorUnitActions | Actions (total, APM, last frame): 6458, 2402, 1
7031: ExecuteTankMorphLogic | Tank 4362600449 at (81.113, 129.533) with 175hp is sieging because it is in siege range of a TERRAN_MARINE at (94.1184, 124.025)
7063: ExecuteTankMorphLogic | Tank 4344250372 at (80.3596, 131.58) with 175hp is unsieging because it has no target
7152: ExecuteTankMorphLogic | Tank 4362600449 at (81.3933, 129.51) with 175hp is unsieging because it has no target
7168: monitorUnitActions | Actions (total, APM, last frame): 6919, 2607, 0
7179: updateAttackSquads | MainAttackSquad new order = Attack (145.366, 60.4366) 
7388: constructAssignedBuildings | TERRAN_BARRACKS at (74.5, 154.5) was given the command BUILD_TECHLAB
7392: drawProductionInformation | Production Information

TERRAN_SCV                   [1]
TERRAN_ENGINEERINGBAY        [0]
TerranInfantryWeaponsLevel1  [0]
TERRAN_ARMORY                [0]
SiegeTank                    [0]
Stimpack                     [0]
TerranShipWeaponsLevel1      [0]
BansheeCloak                 [0]
Banshee                      [0]
Marine                       [-1]
Starport                     [-60]



7392: drawProductionInformation | Free Mineral:     158
Free Gas:         24
Gas Worker Target:3
Mineral income:   1959
Gas income:       492

7392: drawProductionInformation | Being built:      
TERRAN_COMMANDCENTER UnderConstruction, Builder: TERRAN_SCV (55.375, 123.625), Building: TERRAN_COMMANDCENTER (57.5, 121.5)
TERRAN_BARRACKSTECHLAB UnderConstruction, Builder: TERRAN_BARRACKS (74.5, 154.5), Building: TERRAN_BARRACKSTECHLAB (77, 154)
BansheeSpeed

7392: monitorUnitActions | Actions (total, APM, last frame): 7380, 2413, 1
7616: monitorUnitActions | Actions (total, APM, last frame): 8243, 2869, 7
7760: ExecuteTankMorphLogic | Tank 4344250372 at (138.116, 71.9038) with 175hp is sieging because it is in siege range of a TERRAN_ORBITALCOMMAND at (148.5, 59.5)
7840: monitorUnitActions | Actions (total, APM, last frame): 9891, 4106, 7
7870: ExecuteTankMorphLogic | Tank 4362600449 at (132.557, 62.168) with 175hp is sieging because it is in siege range of a TERRAN_ORBITALCOMMAND at (148.5, 59.5)
8046: updateAttackSquads | MainAttackSquad new order = Attack (167.366, 68.4366) 
8064: drawProductionInformation | Production Information

TERRAN_SCV                   [1]
Banshee                      [0]
ShieldWall                   [0]
TerranInfantryWeaponsLevel1  [0]
SiegeTank                    [0]
Stimpack                     [0]
TerranShipWeaponsLevel1      [0]
BansheeCloak                 [0]
Marine                       [-1]



8064: drawProductionInformation | Free Mineral:     73
Free Gas:         -36
Gas Worker Target:3
Mineral income:   2071
Gas income:       470

8064: drawProductionInformation | Being built:      
TERRAN_COMMANDCENTER UnderConstruction, Builder: TERRAN_SCV (59.625, 119.375), Building: TERRAN_COMMANDCENTER (57.5, 121.5)
TERRAN_ARMORY UnderConstruction, Builder: TERRAN_SCV (76.5, 164.625), Building: TERRAN_ARMORY (76.5, 163.5)
TERRAN_SUPPLYDEPOT UnderConstruction, Builder: TERRAN_SCV (67.374, 163.749), Building: TERRAN_SUPPLYDEPOT (67, 164)
TERRAN_REFINERY Assigned, Builder: TERRAN_SCV (55.6028, 144.891)
TERRAN_STARPORT Assigned, Builder: TERRAN_SCV (72.4392, 171.364)
BansheeSpeed

8064: monitorUnitActions | Actions (total, APM, last frame): 11239, 5127, 7
8101: ExecuteTankMorphLogic | Tank 4362600449 at (132.838, 62.1533) with 175hp is unsieging because it has no target
8101: ExecuteTankMorphLogic | Tank 4344250372 at (138.23, 71.6489) with 175hp is unsieging because it has no target
8205: ExecuteTankMorphLogic | Tank 4344250372 at (142.488, 67.8718) with 175hp is sieging because it is in siege range of a TERRAN_SUPPLYDEPOTLOWERED at (157, 70)
8245: ExecuteTankMorphLogic | Tank 4362600449 at (142.922, 65.731) with 175hp is sieging because it is in siege range of a TERRAN_SUPPLYDEPOTLOWERED at (157, 70)
8288: monitorUnitActions | Actions (total, APM, last frame): 12850, 6393, 4
8339: ExecuteTankMorphLogic | Tank 4344250372 at (142.75, 67.7712) with 175hp is unsieging because it has no target
8366: ExecuteTankMorphLogic | Tank 4362600449 at (143.11, 65.9404) with 175hp is unsieging because it has no target
8433: ExecuteTankMorphLogic | Tank 4344250372 at (147.234, 67.4526) with 175hp is sieging because it is in siege range of a TERRAN_BARRACKS at (162.5, 66.5)
8463: ExecuteTankMorphLogic | Tank 4362600449 at (147.275, 65.6338) with 175hp is sieging because it is in siege range of a TERRAN_BARRACKS at (162.5, 66.5)
8512: monitorUnitActions | Actions (total, APM, last frame): 14342, 7423, 6
8650: ExecuteTankMorphLogic | Tank 4362600449 at (147.554, 65.603) with 175hp is unsieging because it has no target
8714: ExecuteTankMorphLogic | Tank 4362600449 at (147.695, 65.5957) with 175hp is sieging because it is in siege range of a TERRAN_BARRACKS at (162.5, 69.5)
8736: drawProductionInformation | Production Information

TERRAN_SCV                   [1]
StarportTechLab              [1]
SiegeTank                    [0]
Banshee                      [0]
ShieldWall                   [0]
TerranInfantryWeaponsLevel1  [0]
Stimpack                     [0]
TerranShipWeaponsLevel1      [0]
BansheeCloak                 [0]
Marine                       [-1]
CommandCenter                [-80]



8736: drawProductionInformation | Free Mineral:     603
Free Gas:         99
Gas Worker Target:3
Mineral income:   2379
Gas income:       559

8736: drawProductionInformation | Being built:      
TERRAN_COMMANDCENTER UnderConstruction, Builder: TERRAN_SCV (55.375, 119.375), Building: TERRAN_COMMANDCENTER (57.5, 121.5)
TERRAN_STARPORT UnderConstruction, Builder: TERRAN_SCV (82.375, 169.625), Building: TERRAN_STARPORT (83.5, 168.5)
BansheeSpeed

8736: monitorUnitActions | Actions (total, APM, last frame): 15824, 8445, 5
8738: [ERROR] : Unit can't create upgrade, but should be able. Upgrade: TerranInfantryWeaponsLevel1 UnitType: TERRAN_ENGINEERINGBAY | 0x00000005
8738: create | starting upgrade TerranInfantryWeaponsLevel1
8866: ExecuteTankMorphLogic | Tank 4362600449 at (147.976, 65.5811) with 175hp is unsieging because it has no target
8866: ExecuteTankMorphLogic | Tank 4344250372 at (147.514, 67.4292) with 175hp is unsieging because it has no target
8902: fixBuildOrderDeadlock | Battlecruiser needs a requirement: TERRAN_FUSIONCORE
8952: CheckGameResult | Opponent (1) got a result 1
8952: CheckGameResult | We (2) got a result 0
