Terran VS Terran on GoldenauraAIE
0: OnGameStart | MicroMachine v1.18.2
0: onStart | PROXY_CYCLONES (0-0), EARLY_EXPAND (13-1), STANDARD (6-0), WORKER_RUSH (0-0), PROXY_MARAUDERS (0-0), FAST_PF (0-0)
0: onStart | Chosen strategy: STANDARD
0: [ERROR] : No position found of Missile Turret | 0x00000015
224: monitorUnitActions | Actions (total, APM, last frame): 122, 122, 0
448: monitorUnitActions | Actions (total, APM, last frame): 227, 227, 0
672: drawProductionInformation | Production Information

Barracks                     [-50] (B)
SCV                          [-60] (B)
Refinery                     [-70] (B)



672: drawProductionInformation | Free Mineral:     135
Free Gas:         0
Gas Worker Target:3
Mineral income:   811
Gas income:       0

672: drawProductionInformation | Being built:      
TERRAN_SUPPLYDEPOT UnderConstruction, Builder: TERRAN_SCV (153.375, 73.625), Building: TERRAN_SUPPLYDEPOT (154, 73)

672: monitorUnitActions | Actions (total, APM, last frame): 336, 336, 0
888: CancelBuilding | Cancel building TERRAN_REFINERY : invalid or blocked location
888: fixBuildOrderDeadlock | TERRAN_STARPORT needs a requirement: TERRAN_FACTORY
888: fixBuildOrderDeadlock | SiegeTank needs a requirement: TERRAN_FACTORYTECHLAB
896: monitorUnitActions | Actions (total, APM, last frame): 466, 466, 0
1120: monitorUnitActions | Actions (total, APM, last frame): 651, 651, 0
1344: drawProductionInformation | Production Information

OrbitalCommand               [10]
TERRAN_SCV                   [1]
CommandCenter                [0]
Reaper                       [0]
BansheeCloak                 [0]
Banshee                      [0]
SiegeTank                    [0]
TERRAN_STARPORTTECHLAB       [0]
TERRAN_STARPORT              [0]
TERRAN_FACTORY               [0]
TERRAN_FACTORYTECHLAB        [0]
TERRAN_REFINERY              [-20]



1344: drawProductionInformation | Free Mineral:     190
Free Gas:         0
Gas Worker Target:3
Mineral income:   839
Gas income:       0

1344: drawProductionInformation | Being built:      
TERRAN_BARRACKS UnderConstruction, Builder: TERRAN_SCV (157.625, 73.625), Building: TERRAN_BARRACKS (156.5, 72.5)
TERRAN_REFINERY UnderConstruction, Builder: TERRAN_SCV (168.625, 60.5), Building: TERRAN_REFINERY (167.5, 60.5)
TERRAN_REFINERY UnderConstruction, Builder: TERRAN_SCV (176.375, 69.375), Building: TERRAN_REFINERY (177.5, 70.5)

1344: monitorUnitActions | Actions (total, APM, last frame): 764, 764, 0
1568: monitorUnitActions | Actions (total, APM, last frame): 882, 760, 0
1792: monitorUnitActions | Actions (total, APM, last frame): 967, 740, 0
2016: drawProductionInformation | Production Information

TERRAN_SCV                   [1]
Reaper                       [0]
CommandCenter                [0]
BansheeCloak                 [0]
Banshee                      [0]
SiegeTank                    [0]
TERRAN_STARPORTTECHLAB       [0]
TERRAN_STARPORT              [0]
TERRAN_FACTORY               [0]
TERRAN_FACTORYTECHLAB        [0]
TERRAN_REFINERY              [-20]



2016: drawProductionInformation | Free Mineral:     235
Free Gas:         58
Gas Worker Target:3
Mineral income:   727
Gas income:       358

2016: drawProductionInformation | Being built:      

2016: monitorUnitActions | Actions (total, APM, last frame): 1080, 744, 0
2240: monitorUnitActions | Actions (total, APM, last frame): 1219, 753, 0
2464: monitorUnitActions | Actions (total, APM, last frame): 1311, 660, 0
2688: drawProductionInformation | Production Information

TERRAN_SCV                   [1]
BansheeCloak                 [0]
Banshee                      [0]
SiegeTank                    [0]
TERRAN_STARPORTTECHLAB       [0]
TERRAN_STARPORT              [0]
TERRAN_FACTORYTECHLAB        [0]
Marine                       [-1]
TERRAN_REFINERY              [-20]
CommandCenter                [-30]



2688: drawProductionInformation | Free Mineral:     225
Free Gas:         68
Gas Worker Target:3
Mineral income:   587
Gas income:       313

2688: drawProductionInformation | Being built:      
TERRAN_FACTORY UnderConstruction, Builder: TERRAN_SCV (169.375, 74.4902), Building: TERRAN_FACTORY (170.5, 74.5)
TERRAN_SUPPLYDEPOT UnderConstruction, Builder: TERRAN_SCV (157.625, 69.375), Building: TERRAN_SUPPLYDEPOT (157, 70)

2688: monitorUnitActions | Actions (total, APM, last frame): 1422, 658, 0
2912: monitorUnitActions | Actions (total, APM, last frame): 1538, 656, 0
3136: monitorUnitActions | Actions (total, APM, last frame): 1689, 722, 0
3176: constructAssignedBuildings | TERRAN_FACTORY at (170.5, 74.5) was given the command BUILD_TECHLAB_FACTORY
3360: drawProductionInformation | Production Information

TERRAN_SCV                   [1]
BansheeCloak                 [0]
Banshee                      [0]
SiegeTank                    [0]
TERRAN_STARPORTTECHLAB       [0]
Marine                       [-1]
TERRAN_REFINERY              [-20]
CommandCenter                [-30]



3360: drawProductionInformation | Free Mineral:     290
Free Gas:         103
Gas Worker Target:3
Mineral income:   1091
Gas income:       313

3360: drawProductionInformation | Being built:      
TERRAN_STARPORT UnderConstruction, Builder: TERRAN_SCV (174.625, 79.5), Building: TERRAN_STARPORT (173.5, 79.5)
TERRAN_FACTORYTECHLAB UnderConstruction, Builder: TERRAN_FACTORY (170.5, 74.5), Building: TERRAN_FACTORYTECHLAB (173, 74)
TERRAN_SUPPLYDEPOT UnderConstruction, Builder: TERRAN_SCV (166, 66.375), Building: TERRAN_SUPPLYDEPOT (166, 67)

3360: monitorUnitActions | Actions (total, APM, last frame): 1866, 786, 0
3584: monitorUnitActions | Actions (total, APM, last frame): 2041, 822, 0
3675: updateAttackSquads | Cancel offensive (-97.60%, 1 ally supply vs 5 enemy supply)
3675: updateAttackSquads | MainAttackSquad new order = Retreat (167.672, 70.3284) Lose attack simulation
3808: monitorUnitActions | Actions (total, APM, last frame): 2247, 936, 1
4032: drawProductionInformation | Production Information

TERRAN_SCV                   [1]
Cyclone                      [0]
BansheeCloak                 [0]
Banshee                      [0]
TERRAN_STARPORTTECHLAB       [0]
Marine                       [-1]
TERRAN_REFINERY              [-20]
CommandCenter                [-30]



4032: drawProductionInformation | Free Mineral:     385
Free Gas:         146
Gas Worker Target:3
Mineral income:   1119
Gas income:       358

4032: drawProductionInformation | Being built:      
TERRAN_STARPORT UnderConstruction, Builder: TERRAN_SCV (173.5, 79.7363), Building: TERRAN_STARPORT (173.5, 79.5)
TERRAN_SUPPLYDEPOT UnderConstruction, Builder: TERRAN_SCV (170, 71.375), Building: TERRAN_SUPPLYDEPOT (170, 72)

4032: monitorUnitActions | Actions (total, APM, last frame): 2500, 1078, 1
4054: constructAssignedBuildings | TERRAN_STARPORT at (173.5, 79.5) was given the command BUILD_TECHLAB_STARPORT
4256: monitorUnitActions | Actions (total, APM, last frame): 2772, 1234, 0
4420: ExecuteTankMorphLogic | Tank 4355260419 at (159.087, 77.1448) with 175hp is sieging because it is close to its retreat location
4456: create | starting upgrade BansheeCloak
4480: monitorUnitActions | Actions (total, APM, last frame): 3056, 1367, 1
4704: drawProductionInformation | Production Information

TERRAN_SCV                   [1]
Banshee                      [0]
Cyclone                      [0]
Marine                       [-1]
TERRAN_REFINERY              [-20]
CommandCenter                [-40]



4704: drawProductionInformation | Free Mineral:     -25
Free Gas:         65
Gas Worker Target:2
Mineral income:   1147
Gas income:       223

4704: drawProductionInformation | Being built:      
TERRAN_COMMANDCENTER UnderConstruction, Builder: TERRAN_SCV (162.525, 65.375), Building: TERRAN_COMMANDCENTER (162.5, 67.5)
TERRAN_SUPPLYDEPOT Assigned, Builder: TERRAN_SCV (168.543, 65.1819)
BansheeCloak

4704: monitorUnitActions | Actions (total, APM, last frame): 3408, 1542, 0
4928: monitorUnitActions | Actions (total, APM, last frame): 3803, 1762, 4
5152: monitorUnitActions | Actions (total, APM, last frame): 4099, 1853, 1
5376: drawProductionInformation | Production Information

TERRAN_SCV                   [1]
SiegeTank                    [0]
Banshee                      [0]
Marine                       [-1]
TERRAN_REFINERY              [-20]
CommandCenter                [-40]



5376: drawProductionInformation | Free Mineral:     -5
Free Gas:         93
Gas Worker Target:3
Mineral income:   1259
Gas income:       268

5376: drawProductionInformation | Being built:      
TERRAN_COMMANDCENTER UnderConstruction, Builder: TERRAN_SCV (160.375, 65.375), Building: TERRAN_COMMANDCENTER (162.5, 67.5)
TERRAN_SUPPLYDEPOT UnderConstruction, Builder: TERRAN_SCV (178.375, 62), Building: TERRAN_SUPPLYDEPOT (179, 62)
TERRAN_SUPPLYDEPOT Assigned, Builder: TERRAN_SCV (172.272, 69.7581)
BansheeCloak

5376: monitorUnitActions | Actions (total, APM, last frame): 4370, 1871, 1
5600: monitorUnitActions | Actions (total, APM, last frame): 4644, 1872, 0
5824: monitorUnitActions | Actions (total, APM, last frame): 4832, 1777, 0
6048: drawProductionInformation | Production Information

OrbitalCommand               [11]
TERRAN_SCV                   [1]
SiegeTank                    [0]
Banshee                      [0]
Marine                       [-1]
TERRAN_REFINERY              [-20]
CommandCenter                [-40]



6048: drawProductionInformation | Free Mineral:     25
Free Gas:         28
Gas Worker Target:3
Mineral income:   1203
Gas income:       313

6048: drawProductionInformation | Being built:      
TERRAN_SUPPLYDEPOT Assigned, Builder: TERRAN_SCV (151.74, 67.8918)
BansheeCloak

6048: monitorUnitActions | Actions (total, APM, last frame): 5055, 1647, 0
6200: validateUpgradesProgress | upgrade finished BansheeCloak
6272: monitorUnitActions | Actions (total, APM, last frame): 5360, 1561, 1
6322: [CRITICAL ERROR] : Producer of type TERRAN_STARPORTTECHLAB cannot activate its ability to produce BansheeCloak | 0x10000000
6354: ExecuteTankMorphLogic | Tank 4355260419 at (159.087, 77.1448) with 175hp is unsieging because it has no target
6360: [CRITICAL ERROR] : Producer of type TERRAN_STARPORTTECHLAB cannot activate its ability to produce BansheeCloak | 0x10000000
6360: updateAttackSquads | MainAttackSquad new order = Retreat (145.672, 62.3284) Keep retreating
6496: monitorUnitActions | Actions (total, APM, last frame): 5882, 1784, 3
6619: ExecuteTankMorphLogic | Tank 4355260419 at (152.382, 73.7747) with 175hp is sieging because it is close to its retreat location
6720: drawProductionInformation | Production Information

TERRAN_SCV                   [1]
StarportTechLab              [1]
TerranShipWeaponsLevel1      [0]
BansheeSpeed                 [0]
BansheeCloak                 [0]
Medivac                      [0]
SiegeTank                    [0]
Banshee                      [0]
Marine                       [-1]
CommandCenter                [-70]



6720: drawProductionInformation | Free Mineral:     165
Free Gas:         96
Gas Worker Target:3
Mineral income:   1427
Gas income:       358

6720: drawProductionInformation | Being built:      
TERRAN_REFINERY UnderConstruction, Builder: TERRAN_SCV (156.625, 63.625), Building: TERRAN_REFINERY (155.5, 62.5)
TERRAN_REFINERY UnderConstruction, Builder: TERRAN_SCV (146.625, 52.5), Building: TERRAN_REFINERY (145.5, 52.5)
TERRAN_STARPORT UnderConstruction, Builder: TERRAN_SCV (164.625, 75.625), Building: TERRAN_STARPORT (163.5, 74.5)

6720: updateAttackSquads | Relaunch offensive (92.26%, 14 ally supply vs 6 enemy supply)
6720: updateAttackSquads | MainAttackSquad new order = Attack (62.7204, 143.542) 
6720: monitorUnitActions | Actions (total, APM, last frame): 6138, 1769, 0
6740: ExecuteTankMorphLogic | Tank 4355260419 at (152.397, 73.752) with 175hp is unsieging because it has no target
6748: [CRITICAL ERROR] : Producer of type TERRAN_STARPORTTECHLAB cannot activate its ability to produce BansheeCloak | 0x10000000
6944: monitorUnitActions | Actions (total, APM, last frame): 6427, 1783, 1
6954: ExecuteTankMorphLogic | Tank 4364173314 at (132.172, 80.3286) with 175hp is sieging because it is in siege range of a TERRAN_MARINE at (126.62, 93.4087)
7062: [CRITICAL ERROR] : Producer of type TERRAN_STARPORTTECHLAB cannot activate its ability to produce BansheeCloak | 0x10000000
7074: ExecuteTankMorphLogic | Tank 4355260419 at (128.767, 83.9141) with 175hp is sieging because it is in siege range of a TERRAN_MARINE at (125.822, 97.844)
7076: ExecuteTankMorphLogic | Tank 4364173314 at (132.035, 80.5737) with 175hp is unsieging because it has no target
7080: [CRITICAL ERROR] : Producer of type TERRAN_STARPORTTECHLAB cannot activate its ability to produce BansheeCloak | 0x10000000
7133: ExecuteTankMorphLogic | Tank 4364173314 at (132.035, 80.5737) with 175hp is sieging because it is in siege range of a TERRAN_MARINE at (126.143, 93.345)
7168: monitorUnitActions | Actions (total, APM, last frame): 7092, 2260, 7
7174: updateAttackSquads | MainAttackSquad new order = Attack (70.7204, 165.542) 
7194: constructAssignedBuildings | TERRAN_STARPORT at (163.5, 74.5) was given the command BUILD_TECHLAB_STARPORT
7262: ExecuteTankMorphLogic | Tank 4355260419 at (128.659, 84.1733) with 175hp is unsieging because it has no target
7262: ExecuteTankMorphLogic | Tank 4364173314 at (132.035, 80.5737) with 175hp is unsieging because it has no target
7358: constructAssignedBuildings | TERRAN_BARRACKS at (156.5, 72.5) was given the command BUILD_TECHLAB
7392: drawProductionInformation | Production Information

TERRAN_SCV                   [1]
TERRAN_ARMORY                [0]
SiegeTank                    [0]
Stimpack                     [0]
TerranShipWeaponsLevel1      [0]
BansheeSpeed                 [0]
BansheeCloak                 [0]
Banshee                      [0]
Marine                       [-1]
CommandCenter                [-80]



7392: drawProductionInformation | Free Mineral:     280
Free Gas:         81
Gas Worker Target:3
Mineral income:   1455
Gas income:       627

7392: drawProductionInformation | Being built:      
TERRAN_STARPORTTECHLAB UnderConstruction, Builder: TERRAN_STARPORT (163.5, 74.5), Building: TERRAN_STARPORTTECHLAB (166, 74)
TERRAN_BARRACKSTECHLAB UnderConstruction, Builder: TERRAN_BARRACKS (156.5, 72.5), Building: TERRAN_BARRACKSTECHLAB (159, 72)

7392: monitorUnitActions | Actions (total, APM, last frame): 7406, 2351, 3
7438: [CRITICAL ERROR] : Producer of type TERRAN_STARPORTTECHLAB cannot activate its ability to produce BansheeCloak | 0x10000000
7616: monitorUnitActions | Actions (total, APM, last frame): 7835, 2476, 1
7840: monitorUnitActions | Actions (total, APM, last frame): 8686, 2807, 5
7950: ExecuteTankMorphLogic | Tank 4355260419 at (69.9033, 140.386) with 175hp is sieging because it is in siege range of a TERRAN_SUPPLYDEPOTLOWERED at (72, 155)
7997: ExecuteTankMorphLogic | Tank 4364173314 at (68.1875, 140.742) with 175hp is sieging because it is in siege range of a TERRAN_SUPPLYDEPOTLOWERED at (72, 155)
8038: [CRITICAL ERROR] : Producer of type TERRAN_STARPORTTECHLAB cannot activate its ability to produce BansheeCloak | 0x10000000
8040: [CRITICAL ERROR] : Producer of type TERRAN_STARPORTTECHLAB cannot activate its ability to produce BansheeCloak | 0x10000000
8064: drawProductionInformation | Production Information

TERRAN_SCV                   [1]
Banshee                      [0]
SiegeTank                    [0]
Stimpack                     [0]
TerranShipWeaponsLevel1      [0]
BansheeSpeed                 [0]
BansheeCloak                 [0]
Marine                       [-1]



8064: drawProductionInformation | Free Mineral:     75
Free Gas:         105
Gas Worker Target:3
Mineral income:   2043
Gas income:       627

8064: drawProductionInformation | Being built:      
TERRAN_SUPPLYDEPOT UnderConstruction, Builder: TERRAN_SCV (163.375, 66.375), Building: TERRAN_SUPPLYDEPOT (164, 67)
TERRAN_ARMORY UnderConstruction, Builder: TERRAN_SCV (168.5, 80.625), Building: TERRAN_ARMORY (168.5, 79.5)
TERRAN_COMMANDCENTER Assigned, Builder: TERRAN_SCV (148.8, 55.894)

8064: monitorUnitActions | Actions (total, APM, last frame): 9760, 3622, 2
8097: ExecuteTankMorphLogic | Tank 4355260419 at (69.8047, 140.649) with 175hp is unsieging because it has no target
8118: ExecuteTankMorphLogic | Tank 4364173314 at (68.1875, 141.02) with 175hp is unsieging because it has no target
8165: ExecuteTankMorphLogic | Tank 4355260419 at (69.9438, 141.304) with 175hp is sieging because it is in siege range of a TERRAN_SUPPLYDEPOTLOWERED at (70, 156)
8189: ExecuteTankMorphLogic | Tank 4364173314 at (68.2205, 141.441) with 175hp is sieging because it is in siege range of a TERRAN_SUPPLYDEPOTLOWERED at (70, 156)
8226: [CRITICAL ERROR] : Producer of type TERRAN_STARPORTTECHLAB cannot activate its ability to produce BansheeCloak | 0x10000000
8288: monitorUnitActions | Actions (total, APM, last frame): 10741, 4315, 3
8298: ExecuteTankMorphLogic | Tank 4355260419 at (69.8809, 141.578) with 175hp is unsieging because it has no target
8310: ExecuteTankMorphLogic | Tank 4364173314 at (68.2581, 141.719) with 175hp is unsieging because it has no target
8362: [CRITICAL ERROR] : Producer of type TERRAN_BARRACKSTECHLAB cannot activate its ability to produce Stimpack | 0x10000000
8388: [ERROR] : Unit can't create upgrade, but should be able. Upgrade: Stimpack UnitType: TERRAN_BARRACKSTECHLAB | 0x00000005
8388: create | starting upgrade Stimpack
8390: validateUpgradesProgress | upgrade failed to start Stimpack. Unit has no order
8400: [CRITICAL ERROR] : Producer of type TERRAN_STARPORTTECHLAB cannot activate its ability to produce BansheeCloak | 0x10000000
8401: ExecuteTankMorphLogic | Tank 4355260419 at (69.4468, 147.315) with 175hp is sieging because it is in siege range of a TERRAN_BARRACKS at (71.5, 162.5)
8418: ExecuteTankMorphLogic | Tank 4364173314 at (67.761, 147.221) with 175hp is sieging because it is in siege range of a TERRAN_BARRACKS at (66.5, 162.5)
8512: monitorUnitActions | Actions (total, APM, last frame): 11698, 4613, 2
8540: [CRITICAL ERROR] : Producer of type TERRAN_STARPORTTECHLAB cannot activate its ability to produce BansheeCloak | 0x10000000
8607: ExecuteTankMorphLogic | Tank 4364173314 at (67.7888, 147.5) with 175hp is unsieging because it has no target
8669: ExecuteTankMorphLogic | Tank 4364173314 at (67.8091, 147.639) with 175hp is sieging because it is in siege range of a TERRAN_BARRACKS at (71.5, 162.5)
8726: [CRITICAL ERROR] : Producer of type TERRAN_STARPORTTECHLAB cannot activate its ability to produce BansheeCloak | 0x10000000
8736: drawProductionInformation | Production Information

TERRAN_SCV                   [1]
Banshee                      [0]
SiegeTank                    [0]
TerranShipWeaponsLevel1      [0]
BansheeSpeed                 [0]
BansheeCloak                 [0]
Marine                       [-1]
TERRAN_REFINERY              [-90]



8736: drawProductionInformation | Free Mineral:     105
Free Gas:         112
Gas Worker Target:3
Mineral income:   1931
Gas income:       694

8736: drawProductionInformation | Being built:      
TERRAN_ARMORY UnderConstruction, Builder: TERRAN_SCV (168.5, 78.375), Building: TERRAN_ARMORY (168.5, 79.5)
TERRAN_COMMANDCENTER UnderConstruction, Builder: TERRAN_SCV (125.625, 53.375), Building: TERRAN_COMMANDCENTER (123.5, 55.5)
TERRAN_SUPPLYDEPOT UnderConstruction, Builder: TERRAN_SCV (172.625, 71.375), Building: TERRAN_SUPPLYDEPOT (172, 72)
TERRAN_SUPPLYDEPOT UnderConstruction, Builder: TERRAN_SCV (167.177, 71.1768), Building: TERRAN_SUPPLYDEPOT (167, 71)

8736: monitorUnitActions | Actions (total, APM, last frame): 12829, 5426, 1
8760: [CRITICAL ERROR] : Producer of type TERRAN_STARPORTTECHLAB cannot activate its ability to produce BansheeCloak | 0x10000000
8803: ExecuteTankMorphLogic | Tank 4355260419 at (69.3367, 147.53) with 175hp is unsieging because it has no target
8803: ExecuteTankMorphLogic | Tank 4364173314 at (67.8135, 147.917) with 175hp is unsieging because it has no target
8870: create | starting upgrade BansheeSpeed
8960: monitorUnitActions | Actions (total, APM, last frame): 14053, 6219, 2
8987: ExecuteTankMorphLogic | Tank 4355260419 at (71.502, 163.287) with 175hp is sieging because it is in siege range of a TERRAN_SUPPLYDEPOTLOWERED at (72, 178)
9005: ExecuteTankMorphLogic | Tank 4364173314 at (73.0708, 163.266) with 175hp is sieging because it is in siege range of a TERRAN_SUPPLYDEPOTLOWERED at (72, 178)
9019: ExecuteTankMorphLogic | Tank 4356571141 at (69.8384, 163.517) with 175hp is sieging because it is in siege range of a TERRAN_SUPPLYDEPOTLOWERED at (72, 178)
9028: [CRITICAL ERROR] : Producer of type TERRAN_STARPORTTECHLAB cannot activate its ability to produce BansheeCloak | 0x10000000
9067: CheckGameResult | Opponent (1) got a result 1
9067: CheckGameResult | We (2) got a result 0
