Terran VS Terran on Dragon ScalesAIE
0: OnGameStart | MicroMachine v1.18.2
0: onStart | PROXY_CYCLONES (0-0), EARLY_EXPAND (12-0), STANDARD (0-0), WORKER_RUSH (0-0), PROXY_MARAUDERS (0-0), FAST_PF (0-0)
0: onStart | Chosen strategy: EARLY_EXPAND
0: [ERROR] : No position found of Missile Turret | 0x00000015
224: monitorUnitActions | Actions (total, APM, last frame): 126, 126, 0
448: monitorUnitActions | Actions (total, APM, last frame): 234, 234, 0
672: drawProductionInformation | Production Information

Barracks                     [-50] (B)
SCV                          [-60] (B)
Refinery                     [-70] (B)



672: drawProductionInformation | Free Mineral:     140
Free Gas:         0
Gas Worker Target:3
Mineral income:   839
Gas income:       0

672: drawProductionInformation | Being built:      
TERRAN_SUPPLYDEPOT UnderConstruction, Builder: TERRAN_SCV (151.375, 62.375), Building: TERRAN_SUPPLYDEPOT (152, 63)

672: monitorUnitActions | Actions (total, APM, last frame): 340, 340, 0
896: monitorUnitActions | Actions (total, APM, last frame): 460, 460, 0
898: fixBuildOrderDeadlock | TERRAN_STARPORT needs a requirement: TERRAN_FACTORY
898: fixBuildOrderDeadlock | SiegeTank needs a requirement: TERRAN_FACTORYTECHLAB
1120: monitorUnitActions | Actions (total, APM, last frame): 577, 577, 0
1344: drawProductionInformation | Production Information

OrbitalCommand               [10]
TERRAN_SCV                   [1]
CommandCenter                [0]
Reaper                       [0]
BansheeCloak                 [0]
Banshee                      [0]
SiegeTank                    [0]
TERRAN_STARPORTTECHLAB       [0]
TERRAN_STARPORT              [0]
TERRAN_FACTORY               [0]
TERRAN_FACTORYTECHLAB        [0]
TERRAN_REFINERY              [-10]



1344: drawProductionInformation | Free Mineral:     230
Free Gas:         0
Gas Worker Target:3
Mineral income:   923
Gas income:       0

1344: drawProductionInformation | Being built:      
TERRAN_BARRACKS UnderConstruction, Builder: TERRAN_SCV (153.375, 63.625), Building: TERRAN_BARRACKS (154.5, 62.5)
TERRAN_REFINERY UnderConstruction, Builder: TERRAN_SCV (178.5, 61.625), Building: TERRAN_REFINERY (178.5, 60.5)

1344: monitorUnitActions | Actions (total, APM, last frame): 693, 693, 0
1568: monitorUnitActions | Actions (total, APM, last frame): 807, 681, 0
1792: monitorUnitActions | Actions (total, APM, last frame): 915, 681, 0
2016: drawProductionInformation | Production Information

OrbitalCommand               [10]
TERRAN_SCV                   [1]
Reaper                       [0]
BansheeCloak                 [0]
Banshee                      [0]
SiegeTank                    [0]
TERRAN_STARPORTTECHLAB       [0]
TERRAN_STARPORT              [0]
TERRAN_FACTORY               [0]
TERRAN_FACTORYTECHLAB        [0]
TERRAN_REFINERY              [-10]
Barracks                     [-20]



2016: drawProductionInformation | Free Mineral:     75
Free Gas:         18
Gas Worker Target:3
Mineral income:   895
Gas income:       156

2016: drawProductionInformation | Being built:      
TERRAN_COMMANDCENTER UnderConstruction, Builder: TERRAN_SCV (173.291, 62.8303), Building: TERRAN_COMMANDCENTER (171.5, 63.5)

2016: monitorUnitActions | Actions (total, APM, last frame): 1044, 704, 0
2240: monitorUnitActions | Actions (total, APM, last frame): 1176, 716, 0
2401: CheckGameResult | Opponent (1) got a result 1
2401: CheckGameResult | We (2) got a result 0
