2023-09-18 10:11:06.025 | INFO     | sc2.protocol:_execute:72 - Client status changed to Status.in_game (was None)
2023-09-18 10:11:06.026 | INFO     | sc2.main:_play_game:221 - Player 2 - Bot LadderBot(Zerg)
2023-09-18 10:11:06.276 | 00:00    0ms    0M    0G  12/ 14U [Version] 4.10.0.75689
2023-09-18 10:11:06.277 | 00:00    0ms    0M    0G  12/ 14U [Version] 5.0.6 Balance mod recognized.
2023-09-18 10:11:06.340 | 00:00    0ms    0M    0G  12/ 14U [ZoneManager] Map set to: MapName.Unknown from name: GresvanAIE and hash: 3547936.
2023-09-18 10:11:07.024 | [DataManager] No BuildDetector found, enemy build data cannot be saved
2023-09-18 10:11:07.053 | [Start] My race: Zerg
2023-09-18 10:11:07.054 | [Start] Opponent race: Terran
2023-09-18 10:11:07.054 | [Start] OpponentId: 1
2023-09-18 10:11:07.123 | 00:00    0ms    0M    0G  12/ 14U [ActUnit] DRONE from LARVA at (39.4, 118.8)
2023-09-18 10:11:08.266 | 00:07    7ms    5M    0G  13/ 14U [ActUnit] DRONE from LARVA at (39.5, 118.7)
2023-09-18 10:11:09.158 | 00:16    8ms   15M    0G  14/ 14U [ActUnit] OVERLORD from LARVA at (38.3, 118.3)
2023-09-18 10:11:10.924 | 00:34    7ms  195M    0G  14/ 22U [ActUnit] DRONE from LARVA at (38.8, 118.5)
2023-09-18 10:11:10.968 | 00:35    9ms  150M    0G  15/ 22U [ActUnit] DRONE from LARVA at (38.7, 118.9)
2023-09-18 10:11:11.063 | 00:35   57ms  105M    0G  16/ 22U [ActUnit] DRONE from LARVA at (38.7, 118.9)
2023-09-18 10:11:12.077 | 00:45    8ms  205M    0G  17/ 22U [ActUnit] DRONE from LARVA at (38.5, 118.8)
2023-09-18 10:11:12.811 | 00:53    9ms  300M    0G  18/ 22U [Expand] Expanding to (36.5, 89.5)
2023-09-18 10:11:13.175 | 00:56    9ms    0M    0G  18/ 22U [ActUnit] DRONE from LARVA at (38.7, 118.7)
2023-09-18 10:11:14.228 | 01:02   61ms   85M    0G  18/ 22U [GameAnalyzer] Income advantage is now SmallAdvantage
2023-09-18 10:11:15.419 | 01:07   61ms   70M    0G  18/ 22U [ActUnit] OVERLORD from LARVA at (38.5, 118.4)
2023-09-18 10:11:17.293 | 01:18    9ms  185M    0G  18/ 22U [ActUnit] DRONE from LARVA at (38.3, 118.8)
2023-09-18 10:11:18.161 | 01:25   10ms  300M    0G  19/ 22U [Expand] Expanding to (36.5, 64.5)
2023-09-18 10:11:18.578 | 01:28    9ms    0M    0G  19/ 30U [ActUnit] DRONE from LARVA at (38.3, 118.7)
2023-09-18 10:11:19.821 | 01:39    9ms  125M    0G  20/ 30U [ActUnit] DRONE from LARVA at (38.3, 118.6)
2023-09-18 10:11:20.177 | 01:42    8ms  185M    0G  20/ 30U [GameAnalyzer] Income advantage is now ClearAdvantage
2023-09-18 10:11:21.170 | 01:50   11ms  250M    0G  20/ 30U [ActUnit] DRONE from LARVA at (38.7, 118.6)
2023-09-18 10:11:21.593 | 01:52   12ms  300M    0G  21/ 30U [Expand] Expanding to (62.5, 99.5)
2023-09-18 10:11:22.850 | 02:00   10ms   75M    0G  21/ 30U [ActUnit] DRONE from LARVA at (38.3, 118.8)
2023-09-18 10:11:24.513 | 02:11   12ms  200M    0G  21/ 30U [ActUnit] DRONE from LARVA at (38.3, 118.4)
2023-09-18 10:11:24.793 | 02:13   11ms  185M    0G  22/ 36U [ActUnit] DRONE from LARVA at (36.4, 86.6)
2023-09-18 10:11:26.095 | 02:21   10ms  300M    0G  23/ 36U [Expand] Expanding to (65.5, 72.5)
2023-09-18 10:11:26.556 | 02:24   13ms    5M    0G  23/ 36U [ActUnit] DRONE from LARVA at (38.6, 118.1)
2023-09-18 10:11:26.919 | 02:26   10ms    0M    0G  24/ 36U [ActUnit] DRONE from LARVA at (36.9, 86.7)
2023-09-18 10:11:27.774 | 02:31   12ms   90M    0G  24/ 36U [GameAnalyzer] Income advantage is now OverwhelmingAdvantage
2023-09-18 10:11:28.172 | 02:33   16ms   65M    0G  24/ 36U [ActUnit] DRONE from LARVA at (38.6, 118.4)
2023-09-18 10:11:28.516 | 02:34   13ms   55M    0G  25/ 36U [ActUnit] DRONE from LARVA at (36.5, 86.5)
2023-09-18 10:11:31.028 | 02:43   11ms  195M    0G  26/ 36U [ActUnit] DRONE from LARVA at (38.4, 118.4)
2023-09-18 10:11:31.350 | 02:45   11ms  195M    0G  27/ 36U [ActUnit] DRONE from LARVA at (36.6, 86.7)
2023-09-18 10:11:32.375 | 02:50   15ms  305M    0G  28/ 36U [Expand] Expanding to (54.5, 39.5)
2023-09-18 10:11:32.962 | 02:54   10ms   30M    0G  28/ 42U [ActUnit] DRONE from LARVA at (36.5, 61.7)
2023-09-18 10:11:33.133 | 02:55   10ms    0M    0G  29/ 42U [ActUnit] DRONE from LARVA at (39.0, 118.4)
2023-09-18 10:11:33.670 | 02:57   82ms    0M    0G  30/ 42U [ActUnit] DRONE from LARVA at (36.4, 86.9)
2023-09-18 10:11:35.086 | 03:02   65ms  110M    0G  31/ 42U [GameAnalyzer] Known army advantage is now SlightDisadvantage
2023-09-18 10:11:35.091 | 03:02   65ms  110M    0G  31/ 42U [GameAnalyzer] Predicted army advantage is now SlightDisadvantage
2023-09-18 10:11:35.877 | 03:04   63ms  130M    0G  31/ 42U [ActUnit] DRONE from LARVA at (36.4, 61.6)
2023-09-18 10:11:36.001 | 03:05   79ms   80M    0G  32/ 42U [ActUnit] DRONE from LARVA at (38.6, 118.8)
2023-09-18 10:11:36.423 | 03:07   80ms   65M    0G  33/ 42U [ActUnit] DRONE from LARVA at (36.4, 86.7)
2023-09-18 10:11:38.844 | 03:15   63ms  230M    0G  33/ 42U [ActUnit] DRONE from LARVA at (36.6, 61.6)
2023-09-18 10:11:38.978 | 03:15   79ms  185M    0G  34/ 42U [ActUnit] DRONE from LARVA at (38.3, 118.5)
2023-09-18 10:11:39.390 | 03:17   64ms  175M    0G  35/ 48U [ActUnit] DRONE from LARVA at (62.4, 96.9)
2023-09-18 10:11:39.523 | 03:17   80ms  135M    0G  36/ 48U [ActUnit] DRONE from LARVA at (36.4, 86.7)
2023-09-18 10:11:41.218 | 03:23   66ms  285M    0G  37/ 48U [GameAnalyzer] Known army advantage is now SmallDisadvantage
2023-09-18 10:11:41.219 | 03:23   66ms  285M    0G  37/ 48U [GameAnalyzer] Predicted army advantage is now SmallDisadvantage
2023-09-18 10:11:41.506 | 03:24   72ms  325M    0G  37/ 48U [Expand] Expanding to (80.5, 124.5)
2023-09-18 10:11:42.023 | 03:26   64ms   15M    0G  37/ 48U [ActUnit] DRONE from LARVA at (36.4, 61.7)
2023-09-18 10:11:42.417 | 03:27   82ms    0M    0G  38/ 48U [ActUnit] DRONE from LARVA at (38.8, 118.3)
2023-09-18 10:11:42.968 | 03:29   79ms    5M    0G  39/ 48U [ActUnit] DRONE from LARVA at (36.1, 86.9)
2023-09-18 10:11:43.536 | 03:31   78ms    5M    0G  39/ 48U [ActUnit] DRONE from LARVA at (62.6, 96.7)
2023-09-18 10:11:45.267 | 03:36   66ms  120M    0G  40/ 48U [ActUnit] DRONE from LARVA at (36.5, 61.6)
2023-09-18 10:11:45.398 | 03:37   71ms   70M    0G  41/ 48U [ActUnit] DRONE from LARVA at (38.7, 118.7)
2023-09-18 10:11:45.804 | 03:38   64ms   85M    0G  42/ 48U [ActUnit] DRONE from LARVA at (62.5, 96.4)
2023-09-18 10:11:45.933 | 03:39   84ms  340M    0G  42/ 48U [ActUnit] DRONE from LARVA at (36.6, 86.6)
2023-09-18 10:11:45.938 | 03:39   84ms  340M    0G  42/ 48U [Expand] Expanding to (80.5, 124.5)
2023-09-18 10:11:47.838 | 03:42   85ms   85M    0G  43/ 54U [ActUnit] DRONE from LARVA at (65.5, 69.8)
2023-09-18 10:11:49.262 | 03:47   67ms  195M    0G  43/ 54U [ActUnit] DRONE from LARVA at (36.5, 61.7)
2023-09-18 10:11:49.396 | 03:48   84ms  165M    0G  44/ 54U [ActUnit] DRONE from LARVA at (38.3, 118.7)
2023-09-18 10:11:49.795 | 03:49   67ms  160M    0G  45/ 54U [ActUnit] DRONE from LARVA at (62.5, 96.9)
2023-09-18 10:11:49.890 | 03:49   77ms  130M    0G  46/ 54U [ActUnit] DRONE from LARVA at (36.5, 86.5)
2023-09-18 10:11:50.982 | 03:53   82ms  190M    0G  47/ 54U [ActUnit] DRONE from LARVA at (65.6, 69.6)
2023-09-18 10:11:51.890 | 03:56   66ms  300M    0G  47/ 54U [Expand] Expanding to (80.5, 124.5)
2023-09-18 10:11:52.384 | 03:58   22ms   20M    0G  47/ 54U [ActUnit] DRONE from LARVA at (36.4, 61.7)
2023-09-18 10:11:52.821 | 03:59   87ms    0M    0G  48/ 54U [ActUnit] DRONE from LARVA at (38.3, 118.9)
2023-09-18 10:11:53.128 | 04:00   81ms    5M    0G  49/ 54U [ActUnit] DRONE from LARVA at (62.8, 96.2)
2023-09-18 10:11:53.590 | 04:01   68ms    0M    0G  49/ 54U [ActUnit] DRONE from LARVA at (36.3, 86.4)
2023-09-18 10:11:54.319 | 04:04   85ms   25M    0G  49/ 54U [ActUnit] DRONE from LARVA at (65.5, 69.5)
2023-09-18 10:11:54.479 | 04:04   62ms  335M    0G  50/ 54U [Expand] Expanding to (82.5, 39.5)
2023-09-18 10:11:55.771 | 04:09   17ms  170M    0G  49/ 54U [ActUnit] DRONE from LARVA at (36.5, 61.6)
2023-09-18 10:11:55.885 | 04:09   21ms   75M    0G  50/ 54U [ActUnit] OVERLORD from LARVA at (38.3, 118.7)
2023-09-18 10:11:56.172 | 04:10   17ms   65M    0G  50/ 54U [ActUnit] DRONE from LARVA at (62.4, 96.4)
2023-09-18 10:11:56.286 | 04:11   21ms   30M    0G  51/ 54U [ActUnit] DRONE from LARVA at (36.4, 86.6)
2023-09-18 10:11:56.374 | 04:11   19ms   50M    0G  52/ 54U [GameAnalyzer] Known army advantage is now ClearDisadvantage
2023-09-18 10:11:56.376 | 04:11   19ms   50M    0G  52/ 54U [GameAnalyzer] Predicted army advantage is now ClearDisadvantage
2023-09-18 10:11:57.083 | 04:14   24ms  130M    0G  52/ 54U [ActUnit] DRONE from LARVA at (65.6, 69.6)
2023-09-18 10:11:57.986 | 04:18   18ms  245M    0G  51/ 60U [ActUnit] DRONE from LARVA at (54.6, 36.6)
2023-09-18 10:11:58.177 | 04:19   17ms  230M    0G  52/ 60U [ActUnit] DRONE from LARVA at (36.5, 61.6)
2023-09-18 10:11:58.300 | 04:20   22ms  205M    0G  53/ 60U [ActUnit] DRONE from LARVA at (38.4, 118.6)
2023-09-18 10:11:58.593 | 04:21   18ms  190M    0G  54/ 60U [ActUnit] DRONE from LARVA at (62.7, 96.5)
2023-09-18 10:11:58.716 | 04:22   23ms  165M    0G  55/ 60U [ActUnit] DRONE from LARVA at (36.6, 86.7)
2023-09-18 10:11:59.422 | 04:25   18ms  310M    0G  56/ 60U [Expand] Expanding to (117.5, 124.5)
2023-09-18 10:11:59.734 | 04:26   25ms    0M    0G  56/ 60U [ActUnit] DRONE from LARVA at (65.3, 69.9)
2023-09-18 10:12:00.431 | 04:29   18ms   85M    0G  57/ 68U [ActUnit] DRONE from LARVA at (54.6, 36.5)
2023-09-18 10:12:00.632 | 04:30   18ms   70M    0G  58/ 68U [ActUnit] DRONE from LARVA at (36.5, 61.6)
2023-09-18 10:12:00.744 | 04:30   27ms   60M    0G  59/ 68U [ActUnit] DRONE from LARVA at (38.7, 118.7)
2023-09-18 10:12:01.036 | 04:32   18ms   40M    0G  60/ 68U [ActUnit] DRONE from LARVA at (62.3, 96.8)
2023-09-18 10:12:01.152 | 04:32   25ms    5M    0G  61/ 68U [ActUnit] DRONE from LARVA at (36.4, 86.6)
2023-09-18 10:12:01.986 | 04:36   25ms  140M    0G  62/ 68U [ActUnit] DRONE from LARVA at (65.4, 69.7)
2023-09-18 10:12:03.992 | 04:39   26ms  300M    0G  63/ 68U [Expand] Expanding to (117.5, 124.5)
2023-09-18 10:12:04.208 | 04:40   22ms    0M    0G  61/ 68U [ActUnit] DRONE from LARVA at (54.1, 36.8)
2023-09-18 10:12:04.509 | 04:42   19ms    5M    0G  62/ 68U [ActUnit] DRONE from LARVA at (36.6, 61.5)
2023-09-18 10:12:05.099 | 04:44   26ms   10M    0G  63/ 62U [ActUnit] OVERLORD from LARVA at (38.6, 118.0)
2023-09-18 10:12:05.594 | 04:46   23ms   10M    0G  63/ 62U [ActUnit] OVERLORD from LARVA at (36.3, 86.4)
2023-09-18 10:12:06.628 | 04:50   21ms  210M    0G  62/ 62U [ActBuilding] 1. SPAWNINGPOOL near (47.3, 119.5)
2023-09-18 10:12:06.751 | 04:50   27ms    5M    0G  62/ 62U [BuildGas] Building EXTRACTOR to (47.5, 36.5)
2023-09-18 10:12:07.062 | 04:51   20ms    0M    0G  61/ 62U [ActUnit] DRONE from LARVA at (62.7, 96.7)
2023-09-18 10:12:07.187 | 04:52   25ms    0M    0G  62/ 62U [BuildGas] Building EXTRACTOR to (39.5, 71.5)
2023-09-18 10:12:07.511 | 04:53   21ms   40M    0G  61/ 62U [ActUnit] DRONE from LARVA at (36.8, 61.1)
2023-09-18 10:12:07.751 | 04:54   22ms   25M    0G  61/ 62U [ActUnit] DRONE from LARVA at (54.1, 36.5)
2023-09-18 10:12:09.840 | 05:02   23ms  715M    0G  62/ 62U [Expand] Expanding to (65.5, 72.5)
2023-09-18 10:12:09.940 | 05:02   22ms  405M    0G  62/ 70U [ActUnit] DRONE from LARVA at (38.4, 118.0)
2023-09-18 10:12:09.945 | 05:02   22ms  405M    0G  62/ 70U [Expand] Expanding to (65.5, 72.5)
2023-09-18 10:12:10.084 | 05:03   26ms  100M    0G  63/ 70U [ActUnit] DRONE from LARVA at (36.1, 61.5)
2023-09-18 10:12:10.185 | 05:03   24ms   65M    0G  64/ 70U [ActUnit] DRONE from LARVA at (36.2, 86.6)
2023-09-18 10:12:10.320 | 05:04   24ms   25M    0G  65/ 70U [ActUnit] DRONE from LARVA at (38.5, 118.4)
2023-09-18 10:12:10.421 | 05:04   22ms    5M    0G  66/ 78U [ActUnit] DRONE from LARVA at (54.4, 36.8)
2023-09-18 10:12:10.797 | 05:05   22ms    0M    0G  66/ 78U [ActUnit] DRONE from LARVA at (62.3, 96.5)
2023-09-18 10:12:11.164 | 05:07   20ms   20M    0G  66/ 78U [ActUnit] DRONE from LARVA at (63.0, 96.9)
2023-09-18 10:12:11.308 | 05:07   25ms   15M    0G  67/ 78U [ActUnit] DRONE from LARVA at (36.7, 86.5)
2023-09-18 10:12:12.833 | 05:12   22ms  485M    0G  66/ 72U [ActUnit] DRONE from LARVA at (54.5, 36.5)
2023-09-18 10:12:13.128 | 05:13   21ms  480M    0G  67/ 78U [ActUnit] DRONE from LARVA at (36.4, 61.6)
2023-09-18 10:12:13.294 | 05:13   25ms  445M    0G  68/ 78U [ActUnit] DRONE from LARVA at (38.3, 118.8)
2023-09-18 10:12:13.421 | 05:14   24ms  420M    0G  69/ 78U [ActUnit] DRONE from LARVA at (80.9, 121.1)
2023-09-18 10:12:13.891 | 05:15   23ms  400M    0G  69/ 78U [ActUnit] DRONE from LARVA at (36.4, 86.5)
2023-09-18 10:12:16.195 | 05:23   21ms  685M    0G  69/ 78U [ActUnit] DRONE from LARVA at (54.4, 36.6)
2023-09-18 10:12:16.465 | 05:24   21ms  690M    0G  70/ 78U [ActUnit] DRONE from LARVA at (36.5, 61.7)
2023-09-18 10:12:16.636 | 05:24   27ms  660M    0G  71/ 78U [ActUnit] DRONE from LARVA at (80.6, 121.8)
2023-09-18 10:12:16.755 | 05:25   23ms  630M    0G  72/ 78U [ActUnit] DRONE from LARVA at (37.9, 118.6)
2023-09-18 10:12:17.197 | 05:26   24ms  670M    4G  73/ 78U [ActUnit] DRONE from LARVA at (36.6, 86.7)
2023-09-18 10:12:17.320 | 05:26   24ms  670M    4G  74/ 78U [GameAnalyzer] Known army advantage is now OverwhelmingDisadvantage
2023-09-18 10:12:17.321 | 05:26   24ms  670M    4G  74/ 78U [GameAnalyzer] Predicted army advantage is now OverwhelmingDisadvantage
2023-09-18 10:12:17.329 | 05:26   24ms  670M    4G  74/ 78U [Expand] Expanding to (62.5, 99.5)
2023-09-18 10:12:17.479 | 05:27   31ms  685M    4G  74/ 78U [Expand] Expanding to (62.5, 99.5)
2023-09-18 10:12:17.600 | 05:27   23ms  400M    4G  74/ 78U [Expand] Expanding to (62.5, 99.5)
2023-09-18 10:12:17.875 | 05:28   22ms  110M   12G  73/ 84U [ActUnit] DRONE from LARVA at (82.5, 36.6)
2023-09-18 10:12:18.036 | 05:29   25ms  425M   12G  74/ 84U [Expand] Expanding to (119.5, 39.5)
2023-09-18 10:12:19.312 | 05:33   23ms  320M   28G  73/ 84U [Expand] Expanding to (119.5, 39.5)
2023-09-18 10:12:19.573 | 05:33   22ms   30M   32G  73/ 84U [ActUnit] DRONE from LARVA at (54.4, 36.7)
2023-09-18 10:12:19.848 | 05:34   22ms   15M   32G  74/ 84U [ActUnit] DRONE from LARVA at (80.5, 121.6)
2023-09-18 10:12:20.121 | 05:35   22ms   35M   36G  75/ 84U [ActUnit] DRONE from LARVA at (36.2, 61.7)
2023-09-18 10:12:20.273 | 05:36   27ms    0M   36G  76/ 84U [ActUnit] DRONE from LARVA at (38.4, 118.9)
2023-09-18 10:12:20.278 | 05:36   27ms    0M   36G  76/ 84U [PlanCancelBuilding] Cancelled HATCHERY at (65.5, 72.5) with 51.93701171875 health
2023-09-18 10:12:20.562 | 05:37   28ms  215M   44G  77/ 84U [ActUnit] DRONE from LARVA at (36.6, 86.5)
2023-09-18 10:12:22.032 | 05:39   23ms  265M   48G  78/ 84U [ActUnit] DRONE from LARVA at (82.5, 36.6)
2023-09-18 10:12:23.366 | 05:43   24ms  355M   72G  77/ 84U [ActUnit] QUEEN from HATCHERY at (54.5, 39.5)
2023-09-18 10:12:23.602 | 05:44   22ms  355M   76G  79/ 84U [ActUnit] DRONE from LARVA at (54.4, 36.6)
2023-09-18 10:12:23.859 | 05:45   24ms  330M   84G  80/ 84U [ActUnit] OVERLORD from LARVA at (36.4, 61.6)
2023-09-18 10:12:23.861 | 05:45   24ms  280M   84G  80/ 84U [ActUnit] DRONE from LARVA at (80.5, 121.6)
2023-09-18 10:12:24.001 | 05:45   29ms  205M   84G  81/ 84U [ActUnit] OVERLORD from LARVA at (38.7, 118.7)
2023-09-18 10:12:24.509 | 05:47   31ms  240M   96G  81/ 84U [ActUnit] DRONE from LARVA at (36.6, 86.5)
2023-09-18 10:12:24.782 | 05:48   34ms  295M  100G  82/ 84U [Tech] Started ZERGLINGMOVEMENTSPEED
2023-09-18 10:12:25.153 | 05:50   25ms  530M    8G  81/ 84U [ActUnit] DRONE from LARVA at (82.5, 36.6)
2023-09-18 10:12:25.158 | 05:50   25ms  380M    8G  81/ 84U [ActUnit] QUEEN from HATCHERY at (80.5, 124.5)
2023-09-18 10:12:25.752 | 05:52   29ms  465M   20G  84/ 90U [ActUnit] DRONE from LARVA at (117.5, 121.6)
2023-09-18 10:12:25.993 | 05:53   32ms  365M   24G  85/ 90U [ActUnit] QUEEN from HATCHERY at (36.5, 64.5)
2023-09-18 10:12:26.622 | 05:55   25ms  440M   36G  87/ 90U [ActUnit] DRONE from LARVA at (54.4, 36.6)
2023-09-18 10:12:26.628 | 05:55   25ms  440M   36G  87/ 90U [Expand] Expanding to (65.5, 72.5)
2023-09-18 10:12:26.860 | 05:56   24ms  155M   40G  88/ 90U [ActUnit] DRONE from LARVA at (36.4, 61.6)
2023-09-18 10:12:26.996 | 05:56   33ms  140M   44G  89/ 90U [ActUnit] DRONE from LARVA at (38.3, 118.7)
2023-09-18 10:12:27.584 | 05:58   25ms  225M   56G  89/ 90U [ActUnit] DRONE from LARVA at (36.2, 86.4)
2023-09-18 10:12:28.111 | 06:00   26ms  315M   64G  90/ 90U [Expand] Expanding to (145.5, 124.5)
2023-09-18 10:12:29.010 | 06:03   31ms  210M   80G  90/ 98U [ActUnit] DRONE from LARVA at (117.7, 121.7)
2023-09-18 10:12:29.127 | 06:04   26ms  185M   84G  91/106U [ActUnit] DRONE from LARVA at (79.8, 121.5)
2023-09-18 10:12:29.263 | 06:04   38ms  150M   88G  92/106U [ActUnit] DRONE from LARVA at (82.2, 36.5)
2023-09-18 10:12:29.631 | 06:06   26ms  170M   96G  93/106U [ActUnit] DRONE from LARVA at (54.6, 36.7)
2023-09-18 10:12:29.887 | 06:06   25ms  200M  100G  94/106U [ActUnit] DRONE from LARVA at (36.5, 61.6)
2023-09-18 10:12:30.027 | 06:07   35ms  185M  100G  95/106U [ActUnit] DRONE from LARVA at (38.5, 118.4)
2023-09-18 10:12:30.144 | 06:07   26ms  160M  104G  96/106U [ActUnit] DRONE from LARVA at (80.3, 121.4)
2023-09-18 10:12:30.539 | 06:09   29ms  220M  112G  97/106U [ActUnit] DRONE from LARVA at (36.4, 86.6)
2023-09-18 10:12:31.038 | 06:10   28ms  315M  120G  98/106U [Expand] Expanding to (145.5, 124.5)
2023-09-18 10:12:31.291 | 06:11   29ms   20M  124G  98/106U [ActUnit] DRONE from LARVA at (82.6, 36.3)
2023-09-18 10:12:31.821 | 06:13   29ms  115M  136G  99/106U [ActUnit] DRONE from LARVA at (117.5, 121.6)
2023-09-18 10:12:32.731 | 06:16   28ms  250M  152G  99/106U [ActUnit] DRONE from LARVA at (54.4, 36.5)
2023-09-18 10:12:32.998 | 06:17   27ms  275M  156G 100/106U [ActUnit] DRONE from LARVA at (36.4, 61.7)
2023-09-18 10:12:33.162 | 06:18   40ms  260M  160G 100/106U [ActUnit] DRONE from LARVA at (80.8, 121.7)
2023-09-18 10:12:33.290 | 06:18   29ms  250M  160G 101/106U [ActUnit] DRONE from LARVA at (38.9, 118.9)
2023-09-18 10:12:33.440 | 06:19   36ms  570M  164G 102/106U [Expand] Expanding to (134.5, 91.5)
2023-09-18 10:12:33.441 | 06:19   36ms  270M  164G 102/106U [ActBuilding] 1. EVOLUTIONCHAMBER near (38.4, 98.3)
2023-09-18 10:12:33.714 | 06:19   39ms  165M  168G 102/106U [ActUnit] OVERLORD from LARVA at (36.6, 86.7)
2023-09-18 10:12:33.720 | 06:19   39ms  165M  168G 102/106U [Inject] injecting hatch (54.5, 39.5)
2023-09-18 10:12:34.386 | 06:22   28ms  245M  180G 101/106U [ActUnit] DRONE from LARVA at (82.5, 36.6)
2023-09-18 10:12:34.672 | 06:23   29ms  320M  184G 102/106U [Expand] Expanding to (134.5, 91.5)
2023-09-18 10:12:35.077 | 06:24   39ms   10M  192G 102/106U [ActUnit] OVERLORD from LARVA at (117.5, 121.6)
2023-09-18 10:12:35.636 | 06:26   35ms  135M  204G 102/106U [PlanCancelBuilding] Cancelled HATCHERY at (65.5, 72.5) with 15.990234375 health
2023-09-18 10:12:35.637 | 06:26   35ms  135M  204G 102/106U [Inject] injecting hatch (36.5, 89.5)
2023-09-18 10:12:35.765 | 06:26   32ms  390M  204G 103/106U [ActBuilding] 2. EVOLUTIONCHAMBER near (38.1, 80.6)
2023-09-18 10:12:35.907 | 06:27   37ms  415M  208G 103/106U [ActBuilding] 2. EVOLUTIONCHAMBER near (45.2, 67.0)
2023-09-18 10:12:36.027 | 06:27   34ms  305M  212G 102/106U [ActUnit] DRONE from LARVA at (54.4, 36.5)
2023-09-18 10:12:36.294 | 06:28   29ms  340M  216G 102/106U [ActUnit] DRONE from LARVA at (36.5, 61.6)
2023-09-18 10:12:36.443 | 06:28   36ms  310M  216G 103/106U [ActUnit] DRONE from LARVA at (38.3, 118.7)
2023-09-18 10:12:36.576 | 06:29   32ms  295M  220G 103/106U [ActUnit] DRONE from LARVA at (80.7, 121.9)
2023-09-18 10:12:36.583 | 06:29   32ms  295M  220G 103/106U [Inject] injecting hatch (36.5, 64.5)
2023-09-18 10:12:36.731 | 06:29   35ms  485M  224G 104/106U [ActUnit] QUEEN from HATCHERY at (54.5, 39.5)
2023-09-18 10:12:37.125 | 06:31   31ms  540M  232G 105/106U [ActUnit] DRONE from LARVA at (36.5, 86.1)
2023-09-18 10:12:38.022 | 06:33   35ms  635M  240G 105/106U [ActUnit] DRONE from LARVA at (82.3, 36.4)
2023-09-18 10:12:40.397 | 06:38   30ms  950M  268G 106/114U [ActUnit] DRONE from LARVA at (54.4, 36.6)
2023-09-18 10:12:40.405 | 06:38   30ms  800M  268G 106/114U [ActUnit] QUEEN from HATCHERY at (117.5, 124.5)
2023-09-18 10:12:40.553 | 06:38   40ms  790M  272G 109/114U [ActUnit] DRONE from LARVA at (117.4, 121.9)
2023-09-18 10:12:40.681 | 06:39   32ms  730M  272G 110/114U [ActUnit] OVERLORD from LARVA at (36.6, 61.7)
2023-09-18 10:12:40.683 | 06:39   32ms  680M  272G 110/114U [ActUnit] ZERGLING from LARVA at (80.5, 121.6)
2023-09-18 10:12:40.829 | 06:39   39ms  610M  276G 111/114U [ActUnit] OVERLORD from LARVA at (38.3, 118.8)
2023-09-18 10:12:41.387 | 06:41   42ms  720M  288G 111/114U [ActUnit] ZERGLING from LARVA at (36.4, 86.6)
2023-09-18 10:12:42.101 | 06:43   29ms  820M  296G 112/122U [ActUnit] ZERGLING from LARVA at (82.5, 36.6)
2023-09-18 10:12:42.791 | 06:45   38ms  945M  312G 113/122U [ActUnit] ZERGLING from LARVA at (117.5, 121.6)
2023-09-18 10:12:42.798 | 06:45   38ms  945M  312G 113/122U [Tech] Started ZERGMELEEWEAPONSLEVEL1
2023-09-18 10:12:43.715 | 06:48   30ms 1040M  228G 114/122U [ActUnit] ZERGLING from LARVA at (54.5, 36.7)
2023-09-18 10:12:43.981 | 06:49   29ms 1070M  232G 115/122U [ActUnit] ZERGLING from LARVA at (36.4, 61.6)
2023-09-18 10:12:44.126 | 06:50   46ms 1055M  236G 116/122U [ActUnit] ZERGLING from LARVA at (38.6, 118.4)
2023-09-18 10:12:44.255 | 06:50   31ms 1030M  236G 117/122U [ActUnit] ZERGLING from LARVA at (54.5, 36.8)
2023-09-18 10:12:44.411 | 06:51   39ms 1015M  240G 118/122U [ActUnit] ZERGLING from LARVA at (54.5, 36.8)
2023-09-18 10:12:44.541 | 06:51   33ms  995M  240G 119/122U [ActUnit] ZERGLING from LARVA at (80.6, 121.4)
2023-09-18 10:12:44.549 | 06:51   33ms  995M  240G 119/122U [Inject] injecting hatch (54.5, 39.5)
2023-09-18 10:12:44.685 | 06:52   41ms 1015M  244G 120/122U [ActUnit] ZERGLING from LARVA at (36.4, 86.7)
2023-09-18 10:12:44.813 | 06:52   33ms 1005M  244G 121/122U [ActUnit] ZERGLING from LARVA at (54.1, 36.9)
2023-09-18 10:12:45.523 | 06:54   44ms 1110M  260G 122/128U [ActUnit] ZERGLING from LARVA at (119.5, 36.6)
2023-09-18 10:12:45.650 | 06:55   31ms 1110M  260G 123/128U [ActUnit] ZERGLING from LARVA at (82.1, 36.7)
2023-09-18 10:12:45.931 | 06:56   31ms 1160M  264G 124/128U [Tech] Started ZERGGROUNDARMORSLEVEL1
2023-09-18 10:12:46.073 | 06:56   45ms 1000M  118G 124/128U [ActUnit] ZERGLING from LARVA at (117.5, 121.6)
2023-09-18 10:12:46.217 | 06:56   32ms  875M   22G 125/128U [BuildGas] Building EXTRACTOR to (35.5, 71.5)
2023-09-18 10:12:46.955 | 06:59   39ms 1060M   34G 124/144U [Inject] injecting hatch (38.5, 121.5)
2023-09-18 10:12:47.080 | 06:59   34ms 1040M   34G 124/144U [ActUnit] DRONE from LARVA at (37.4, 61.9)
2023-09-18 10:12:47.266 | 07:00   38ms 1030M   38G 125/144U [ActUnit] ZERGLING from LARVA at (35.4, 62.0)
2023-09-18 10:12:47.399 | 07:00   32ms 1010M   42G 126/144U [ActUnit] ZERGLING from LARVA at (80.5, 121.6)
2023-09-18 10:12:47.553 | 07:00   36ms  995M   42G 127/144U [ActUnit] ZERGLING from LARVA at (35.4, 62.0)
2023-09-18 10:12:47.560 | 07:00   36ms  995M   42G 127/144U [Inject] injecting hatch (36.5, 64.5)
2023-09-18 10:12:47.698 | 07:01   33ms  980M   46G 128/144U [ActUnit] ZERGLING from LARVA at (54.3, 36.5)
2023-09-18 10:12:47.863 | 07:01   41ms  975M   46G 129/144U [ActUnit] ZERGLING from LARVA at (36.4, 61.4)
2023-09-18 10:12:48.002 | 07:02   33ms  955M   50G 129/144U [ActUnit] DRONE from LARVA at (37.9, 118.9)
2023-09-18 10:12:48.159 | 07:02   45ms  955M   50G 129/144U [ActUnit] DRONE from LARVA at (36.5, 86.8)
2023-09-18 10:12:48.881 | 07:05   32ms 1075M   66G 130/144U [ActUnit] ZERGLING from LARVA at (82.5, 36.6)
2023-09-18 10:12:49.042 | 07:05   38ms 1075M   66G 131/144U [ActUnit] ZERGLING from LARVA at (119.5, 36.6)
2023-09-18 10:12:49.194 | 07:05   35ms 1110M   70G 132/144U [Inject] injecting hatch (119.5, 39.5)
2023-09-18 10:12:49.616 | 07:07   36ms 1185M   74G 132/144U [ActUnit] ZERGLING from LARVA at (117.5, 121.6)
2023-09-18 10:12:49.912 | 07:08   36ms 1255M   82G 133/144U [GameAnalyzer] Known army advantage is now ClearDisadvantage
2023-09-18 10:12:49.913 | 07:08   36ms 1255M   82G 133/144U [GameAnalyzer] Predicted army advantage is now ClearDisadvantage
2023-09-18 10:12:50.927 | 07:11   33ms 1500M   98G 133/144U [ActUnit] ZERGLING from LARVA at (80.5, 121.6)
2023-09-18 10:12:51.090 | 07:11   39ms 1470M  102G 134/144U [ActUnit] ZERGLING from LARVA at (54.5, 36.6)
2023-09-18 10:12:51.229 | 07:12   34ms 1460M  102G 135/144U [ActUnit] ZERGLING from LARVA at (38.4, 118.8)
2023-09-18 10:12:51.390 | 07:12   42ms 1440M  106G 136/144U [ActUnit] ZERGLING from LARVA at (36.3, 61.6)
2023-09-18 10:12:51.704 | 07:13   37ms 1480M  110G 137/144U [ActUnit] ZERGLING from LARVA at (36.4, 86.8)
2023-09-18 10:12:52.006 | 07:14   41ms 1580M  114G 138/144U [GameAnalyzer] Known army advantage is now SmallDisadvantage
2023-09-18 10:12:52.007 | 07:14   41ms 1580M  114G 138/144U [GameAnalyzer] Predicted army advantage is now SmallDisadvantage
2023-09-18 10:12:52.014 | 07:14   41ms 1580M  114G 138/144U [Inject] injecting hatch (117.5, 124.5)
2023-09-18 10:12:52.318 | 07:15   46ms 1610M  122G 138/144U [BuildGas] Building EXTRACTOR to (75.5, 42.5)
2023-09-18 10:12:52.457 | 07:15   36ms 1605M  122G 138/144U [ActUnit] ZERGLING from LARVA at (82.5, 36.6)
2023-09-18 10:12:52.610 | 07:16   46ms 1595M  126G 139/144U [ActUnit] ZERGLING from LARVA at (119.5, 36.6)
2023-09-18 10:12:53.204 | 07:17   49ms 1625M  134G 140/144U [ActUnit] OVERLORD from LARVA at (117.5, 121.6)
2023-09-18 10:12:54.508 | 07:21   96ms 1870M  154G 140/144U [ActUnit] OVERLORD from LARVA at (54.5, 36.6)
2023-09-18 10:12:54.657 | 07:21   39ms 1870M  154G 140/144U [ActUnit] ZERGLING from LARVA at (53.6, 36.8)
2023-09-18 10:12:54.818 | 07:22   46ms 1840M  158G 141/144U [ActUnit] ZERGLING from LARVA at (38.4, 118.8)
2023-09-18 10:12:54.970 | 07:22   39ms 1805M  162G 142/144U [ActUnit] ZERGLING from LARVA at (53.7, 36.9)
2023-09-18 10:12:55.142 | 07:23   47ms 1810M  162G 143/144U [ActUnit] ZERGLING from LARVA at (36.6, 61.4)
2023-09-18 10:12:55.150 | 07:23   47ms 1810M  162G 143/144U [Inject] injecting hatch (54.5, 39.5)
2023-09-18 10:12:55.317 | 07:23   39ms 1820M  166G 144/144U [Expand] Expanding to (62.5, 99.5)
2023-09-18 10:12:55.504 | 07:24   61ms 1565M  170G 144/144U [Expand] Expanding to (62.5, 99.5)
2023-09-18 10:12:55.659 | 07:24   40ms 1310M  170G 144/144U [GameAnalyzer] Known army advantage is now SlightDisadvantage
2023-09-18 10:12:55.661 | 07:24   40ms 1310M  170G 144/144U [GameAnalyzer] Predicted army advantage is now SlightDisadvantage
2023-09-18 10:12:55.671 | 07:24   40ms 1310M  170G 144/144U [Expand] Expanding to (62.5, 99.5)
2023-09-18 10:12:55.830 | 07:25   50ms 1055M  174G 144/144U [Expand] Expanding to (62.5, 99.5)
2023-09-18 10:12:55.986 | 07:25   40ms  815M  178G 144/144U [Expand] Expanding to (62.5, 99.5)
2023-09-18 10:12:56.175 | 07:25   49ms  545M  178G 144/144U [Expand] Expanding to (62.5, 99.5)
2023-09-18 10:12:56.534 | 07:26   44ms  310M  182G 144/144U [Expand] Expanding to (62.5, 99.5)
2023-09-18 10:12:56.856 | 07:27   45ms   25M  186G 144/150U [ActUnit] ZERGLING from LARVA at (36.3, 86.4)
2023-09-18 10:12:57.017 | 07:28   36ms    5M  190G 145/150U [ActUnit] ZERGLING from LARVA at (54.8, 36.7)
2023-09-18 10:12:57.329 | 07:29   35ms   20M  194G 145/150U [ActUnit] DRONE from LARVA at (117.6, 121.9)
2023-09-18 10:12:57.647 | 07:30   38ms  100M  202G 146/150U [GameAnalyzer] Known army advantage is now Even
2023-09-18 10:12:57.648 | 07:30   38ms  100M  202G 146/150U [GameAnalyzer] Predicted army advantage is now Even
2023-09-18 10:12:57.652 | 07:30   38ms   50M  202G 146/150U [ActUnit] ZERGLING from LARVA at (37.8, 86.6)
2023-09-18 10:12:57.822 | 07:30   55ms   35M  202G 147/150U [ActUnit] ZERGLING from LARVA at (80.5, 121.9)
2023-09-18 10:12:57.972 | 07:30   39ms   35M  206G 147/150U [ActUnit] DRONE from LARVA at (145.7, 121.5)
2023-09-18 10:12:58.122 | 07:31   44ms   25M  206G 148/150U [ActUnit] ZERGLING from LARVA at (82.6, 36.9)
2023-09-18 10:12:58.268 | 07:31   38ms  300M  210G 149/150U [ActUnit] ZERGLING from LARVA at (36.0, 61.2)
2023-09-18 10:12:58.280 | 07:31   38ms  300M  210G 149/150U [Expand] Expanding to (65.5, 72.5)
2023-09-18 10:12:58.429 | 07:32   52ms  330M  210G 150/150U [Expand] Expanding to (65.5, 72.5)
2023-09-18 10:12:58.579 | 07:32   40ms   60M  214G 150/150U [Inject] injecting hatch (36.5, 89.5)
2023-09-18 10:12:58.877 | 07:33   38ms  425M  218G 150/150U [Expand] Expanding to (65.5, 72.5)
2023-09-18 10:13:00.185 | 07:34   54ms  535M  226G 150/150U [Expand] Expanding to (65.5, 72.5)
2023-09-18 10:13:00.343 | 07:35   40ms  565M  230G 150/150U [Expand] Expanding to (65.5, 72.5)
2023-09-18 10:13:00.492 | 07:35   56ms  620M  230G 150/150U [Expand] Expanding to (65.5, 72.5)
2023-09-18 10:13:00.637 | 07:36   41ms  295M  234G 150/158U [ActUnit] ZERGLING from LARVA at (79.9, 121.8)
2023-09-18 10:13:00.996 | 07:36   48ms  295M  234G 151/158U [ActUnit] ZERGLING from LARVA at (35.8, 61.9)
2023-09-18 10:13:01.145 | 07:37   38ms  270M  238G 152/158U [ActUnit] ZERGLING from LARVA at (35.8, 61.9)
2023-09-18 10:13:01.303 | 07:37   42ms  250M  242G 153/158U [ActUnit] ZERGLING from LARVA at (82.2, 36.7)
2023-09-18 10:13:01.460 | 07:38   38ms  165M  242G 154/158U [ActUnit] OVERLORD from LARVA at (36.0, 61.9)
2023-09-18 10:13:01.462 | 07:38   38ms  115M  242G 154/158U [ActUnit] ZERGLING from LARVA at (120.0, 36.2)
2023-09-18 10:13:01.640 | 07:38   51ms   75M  246G 155/158U [ActUnit] OVERLORD from LARVA at (54.3, 36.7)
2023-09-18 10:13:01.641 | 07:38   51ms   25M  246G 155/158U [ActUnit] ZERGLING from LARVA at (36.6, 86.9)
2023-09-18 10:13:01.793 | 07:38   41ms   15M  250G 156/158U [ActUnit] ZERGLING from LARVA at (145.8, 121.9)
2023-09-18 10:13:01.956 | 07:39   52ms   35M  250G 157/158U [Inject] injecting hatch (38.5, 121.5)
2023-09-18 10:13:02.109 | 07:39   41ms   35M  254G 157/166U [ActUnit] ZERGLING from LARVA at (118.8, 36.7)
2023-09-18 10:13:02.285 | 07:40   43ms   15M  254G 158/166U [ActUnit] ZERGLING from LARVA at (117.6, 121.6)
2023-09-18 10:13:02.443 | 07:40   37ms    5M  262G 159/166U [ActUnit] ZERGLING from LARVA at (36.0, 86.3)
2023-09-18 10:13:02.761 | 07:41   38ms   20M  266G 160/166U [ActUnit] ZERGLING from LARVA at (38.8, 118.7)
2023-09-18 10:13:02.920 | 07:42   45ms   20M  274G 161/166U [ActUnit] ZERGLING from LARVA at (38.4, 118.2)
2023-09-18 10:13:03.233 | 07:42   52ms   30M  278G 162/166U [ActUnit] ZERGLING from LARVA at (38.7, 118.5)
2023-09-18 10:13:03.392 | 07:43   41ms   10M  282G 163/166U [ActUnit] ZERGLING from LARVA at (80.5, 121.6)
2023-09-18 10:13:03.564 | 07:43   52ms    5M  286G 164/166U [ActUnit] ZERGLING from LARVA at (39.0, 118.9)
2023-09-18 10:13:03.900 | 07:44   50ms   35M  298G 164/166U [ActUnit] DRONE from LARVA at (117.3, 121.5)
2023-09-18 10:13:04.062 | 07:45   41ms  325M  298G 165/166U [ActUnit] ZERGLING from LARVA at (116.8, 121.9)
2023-09-18 10:13:04.420 | 07:46   42ms  980M  306G 166/166U [Inject] injecting hatch (80.5, 124.5)
2023-09-18 10:13:07.232 | 07:53   52ms 2210M  370G 166/166U [GameAnalyzer] Known army advantage is now SlightAdvantage
2023-09-18 10:13:07.233 | 07:53   52ms 2210M  370G 166/166U [GameAnalyzer] Predicted army advantage is now SlightAdvantage
2023-09-18 10:13:07.761 | 07:55   46ms 2325M  378G 166/166U [Inject] injecting hatch (82.5, 39.5)
2023-09-18 10:13:08.282 | 07:56   51ms 2355M  386G 166/174U [ActUnit] ZERGLING from LARVA at (83.2, 36.5)
2023-09-18 10:13:08.456 | 07:56   44ms 2330M  394G 167/182U [ActUnit] ZERGLING from LARVA at (36.7, 61.9)
2023-09-18 10:13:08.628 | 07:57   56ms 2310M  394G 168/182U [ActUnit] ZERGLING from LARVA at (54.0, 36.8)
2023-09-18 10:13:08.803 | 07:57   43ms 2295M  398G 169/182U [ActUnit] ZERGLING from LARVA at (117.6, 121.8)
2023-09-18 10:13:08.978 | 07:58   56ms 2285M  406G 170/182U [ActUnit] ZERGLING from LARVA at (117.6, 121.8)
2023-09-18 10:13:09.149 | 07:58   44ms 2295M  406G 171/182U [ActUnit] ZERGLING from LARVA at (55.2, 36.8)
2023-09-18 10:13:09.335 | 07:59   48ms 2295M  410G 172/182U [ActUnit] ZERGLING from LARVA at (37.0, 61.9)
2023-09-18 10:13:09.507 | 07:59   44ms 2270M  418G 173/182U [ActUnit] ZERGLING from LARVA at (38.4, 118.7)
2023-09-18 10:13:09.682 | 07:59   52ms 2250M  418G 174/182U [ActUnit] ZERGLING from LARVA at (145.0, 121.4)
2023-09-18 10:13:09.855 | 08:00   44ms 2235M  422G 175/182U [ActUnit] ZERGLING from LARVA at (36.4, 86.7)
2023-09-18 10:13:10.054 | 08:00   51ms 2215M  426G 176/182U [ActUnit] ZERGLING from LARVA at (37.0, 86.2)
2023-09-18 10:13:10.218 | 08:01   44ms 2190M  430G 177/182U [ActUnit] ZERGLING from LARVA at (145.6, 121.8)
2023-09-18 10:13:10.397 | 08:01   51ms 2115M  430G 178/182U [ActUnit] OVERLORD from LARVA at (119.1, 36.5)
2023-09-18 10:13:10.399 | 08:01   51ms 2065M  430G 178/182U [ActUnit] ZERGLING from LARVA at (55.3, 36.9)
2023-09-18 10:13:10.573 | 08:02   48ms 2000M  434G 179/182U [ActUnit] OVERLORD from LARVA at (54.8, 36.6)
2023-09-18 10:13:10.575 | 08:02   48ms 1950M  434G 179/182U [ActUnit] ZERGLING from LARVA at (38.1, 118.9)
2023-09-18 10:13:10.749 | 08:02   55ms 1910M  442G 180/182U [ActUnit] ZERGLING from LARVA at (117.4, 121.9)
2023-09-18 10:13:10.757 | 08:02   55ms 1910M  442G 180/182U [Inject] injecting hatch (119.5, 39.5)
2023-09-18 10:13:10.917 | 08:03   49ms 1915M  442G 181/182U [ActUnit] ZERGLING from LARVA at (36.4, 86.9)
2023-09-18 10:13:11.463 | 08:04   58ms 2040M  454G 182/182U [Inject] injecting hatch (36.5, 64.5)
2023-09-18 10:13:13.021 | 08:08   47ms 2350M  490G 182/182U [Inject] injecting hatch (38.5, 121.5)
2023-09-18 10:13:16.983 | 08:17   55ms 3130M  570G 182/182U [Inject] injecting hatch (145.5, 124.5)
2023-09-18 10:13:17.878 | 08:20   50ms 3250M  590G 182/190U [ActUnit] ZERGLING from LARVA at (54.9, 36.6)
2023-09-18 10:13:18.058 | 08:20   54ms 3245M  598G 183/198U [ActUnit] ZERGLING from LARVA at (145.0, 121.6)
2023-09-18 10:13:18.232 | 08:20   50ms 3250M  598G 184/198U [ActUnit] ZERGLING from LARVA at (37.6, 118.3)
2023-09-18 10:13:18.421 | 08:21   61ms 3245M  602G 185/198U [ActUnit] ZERGLING from LARVA at (83.7, 36.9)
2023-09-18 10:13:18.600 | 08:21   48ms 3225M  610G 186/198U [ActUnit] ZERGLING from LARVA at (81.6, 122.0)
2023-09-18 10:13:18.776 | 08:22   60ms 3190M  618G 187/198U [ActUnit] ZERGLING from LARVA at (36.4, 61.4)
2023-09-18 10:13:18.953 | 08:22   48ms 3195M  622G 188/198U [ActUnit] ZERGLING from LARVA at (80.4, 121.6)
2023-09-18 10:13:19.131 | 08:23   55ms 3190M  630G 189/198U [ActUnit] ZERGLING from LARVA at (36.2, 86.1)
2023-09-18 10:13:19.308 | 08:23   49ms 3185M  630G 190/198U [ActUnit] ZERGLING from LARVA at (39.6, 119.0)
2023-09-18 10:13:19.480 | 08:24   61ms 3160M  634G 191/198U [ActUnit] ZERGLING from LARVA at (120.0, 36.9)
2023-09-18 10:13:19.492 | 08:24   61ms 3160M  634G 191/198U [PlanZoneAttack] Supply is 191 -> attack!
2023-09-18 10:13:19.494 | 08:24   61ms 3160M  634G 191/198U [PlanZoneAttack] Attack started at 72.00 power.
2023-09-18 10:13:19.670 | 08:24   50ms 3135M  642G 192/198U [ActUnit] ZERGLING from LARVA at (81.5, 121.9)
2023-09-18 10:13:19.913 | 08:24   76ms 3095M  646G 193/198U [ActUnit] ZERGLING from LARVA at (83.7, 36.2)
2023-09-18 10:13:20.135 | 08:25   65ms 3055M  650G 194/198U [ActUnit] OVERLORD from LARVA at (117.4, 121.7)
2023-09-18 10:13:20.137 | 08:25   65ms 3005M  650G 194/198U [ActUnit] ZERGLING from LARVA at (145.8, 121.4)
2023-09-18 10:13:20.362 | 08:25   81ms 2950M  650G 195/198U [ActUnit] OVERLORD from LARVA at (39.6, 119.0)
2023-09-18 10:13:20.364 | 08:25   81ms 2900M  650G 195/198U [ActUnit] ZERGLING from LARVA at (54.5, 36.2)
2023-09-18 10:13:20.588 | 08:26   71ms 2860M  662G 196/198U [ActUnit] OVERLORD from LARVA at (38.0, 86.5)
2023-09-18 10:13:20.590 | 08:26   71ms 2810M  662G 196/198U [ActUnit] ZERGLING from LARVA at (37.7, 118.3)
2023-09-18 10:13:20.832 | 08:26   79ms 2800M  662G 197/198U [ActUnit] ZERGLING from LARVA at (38.0, 86.5)
2023-09-18 10:13:20.841 | 08:26   79ms 2800M  662G 197/198U [Inject] injecting hatch (54.5, 39.5)
2023-09-18 10:13:23.703 | 08:31  147ms 3195M  714G 198/198U [Inject] injecting hatch (119.5, 39.5)
2023-09-18 10:13:24.786 | 08:32  101ms 3200M  726G 192/198U [ActUnit] ZERGLING from LARVA at (82.7, 36.9)
2023-09-18 10:13:25.063 | 08:32   81ms 3210M  726G 191/198U [ActUnit] ZERGLING from LARVA at (55.0, 36.6)
2023-09-18 10:13:25.360 | 08:32   90ms 3185M  730G 190/198U [ActUnit] ZERGLING from LARVA at (118.3, 36.8)
2023-09-18 10:13:25.637 | 08:33   73ms 3155M  742G 189/198U [ActUnit] ZERGLING from LARVA at (36.9, 61.3)
2023-09-18 10:13:25.903 | 08:33   82ms 3145M  742G 190/198U [ActUnit] ZERGLING from LARVA at (117.7, 121.9)
2023-09-18 10:13:26.171 | 08:34   82ms 3175M  746G 191/198U [GameAnalyzer] Known army advantage is now SmallDisadvantage
2023-09-18 10:13:26.173 | 08:34   82ms 3175M  746G 191/198U [GameAnalyzer] Predicted army advantage is now SmallDisadvantage
2023-09-18 10:13:26.175 | 08:34   82ms 3125M  746G 191/198U [ActUnit] ZERGLING from LARVA at (37.4, 86.9)
2023-09-18 10:13:26.491 | 08:34   99ms 3135M  754G 188/198U [ActUnit] ZERGLING from LARVA at (119.5, 36.2)
2023-09-18 10:13:26.501 | 08:34   99ms 3135M  754G 188/198U [Inject] injecting hatch (80.5, 124.5)
2023-09-18 10:13:26.782 | 08:35   85ms 3125M  758G 189/198U [ActUnit] ZERGLING from LARVA at (119.0, 36.6)
2023-09-18 10:13:27.069 | 08:35   92ms 3100M  758G 188/198U [ActUnit] ZERGLING from LARVA at (81.7, 122.1)
2023-09-18 10:13:27.353 | 08:36   82ms 3075M  762G 186/198U [ActUnit] ZERGLING from LARVA at (82.3, 36.8)
2023-09-18 10:13:27.363 | 08:36   82ms 3075M  762G 186/198U [Inject] injecting hatch (36.5, 89.5)
2023-09-18 10:13:27.630 | 08:36   90ms 3055M  774G 187/198U [ActUnit] ZERGLING from LARVA at (36.4, 61.9)
2023-09-18 10:13:27.905 | 08:36   91ms 3060M  774G 187/198U [ActUnit] ZERGLING from LARVA at (79.5, 121.8)
2023-09-18 10:13:28.203 | 08:37   91ms 3075M  778G 183/198U [ActUnit] ZERGLING from LARVA at (54.2, 36.8)
2023-09-18 10:13:28.479 | 08:37   81ms 3070M  790G 183/198U [ActUnit] ZERGLING from LARVA at (119.2, 36.5)
2023-09-18 10:13:28.782 | 08:38   97ms 3055M  790G 181/198U [ActUnit] ZERGLING from LARVA at (83.0, 36.9)
2023-09-18 10:13:29.068 | 08:38   84ms 3020M  794G 180/198U [ActUnit] ZERGLING from LARVA at (120.4, 36.9)
2023-09-18 10:13:29.360 | 08:39  100ms 3000M  802G 178/198U [ActUnit] ZERGLING from LARVA at (36.4, 86.5)
2023-09-18 10:13:29.640 | 08:39   77ms 3050M  806G 176/198U [GameAnalyzer] Known army advantage is now ClearDisadvantage
2023-09-18 10:13:29.642 | 08:39   77ms 3050M  806G 176/198U [GameAnalyzer] Predicted army advantage is now ClearDisadvantage
2023-09-18 10:13:29.644 | 08:39   77ms 3000M  806G 176/198U [ActUnit] ZERGLING from LARVA at (117.0, 121.9)
2023-09-18 10:13:29.906 | 08:40   83ms 3000M  810G 176/200U [ActUnit] ZERGLING from LARVA at (38.0, 118.7)
2023-09-18 10:13:30.159 | 08:40   72ms 2990M  810G 177/200U [ActUnit] ZERGLING from LARVA at (38.5, 118.3)
2023-09-18 10:13:30.169 | 08:40   72ms 2990M  810G 177/200U [Tech] Started ZERGMELEEWEAPONSLEVEL2
2023-09-18 10:13:30.423 | 08:40   87ms 2850M  672G 178/200U [GameAnalyzer] Known army advantage is now SmallDisadvantage
2023-09-18 10:13:30.424 | 08:40   87ms 2850M  672G 178/200U [GameAnalyzer] Predicted army advantage is now SmallDisadvantage
2023-09-18 10:13:30.425 | 08:40   87ms 2800M  672G 178/200U [ActUnit] ZERGLING from LARVA at (79.7, 121.7)
2023-09-18 10:13:30.718 | 08:41   94ms 2785M  672G 179/200U [ActUnit] ZERGLING from LARVA at (62.2, 96.4)
2023-09-18 10:13:31.017 | 08:41  130ms 2780M  676G 180/200U [ActUnit] ZERGLING from LARVA at (81.8, 36.6)
2023-09-18 10:13:31.299 | 08:42  106ms 2770M  688G 181/200U [ActUnit] ZERGLING from LARVA at (79.4, 122.0)
2023-09-18 10:13:31.628 | 08:42  119ms 2785M  688G 179/200U [ActUnit] ZERGLING from LARVA at (36.4, 86.4)
2023-09-18 10:13:31.949 | 08:43  102ms 2825M  692G 176/200U [GameAnalyzer] Known army advantage is now ClearDisadvantage
2023-09-18 10:13:31.951 | 08:43  102ms 2825M  692G 176/200U [GameAnalyzer] Predicted army advantage is now ClearDisadvantage
2023-09-18 10:13:31.954 | 08:43  102ms 2775M  692G 176/200U [ActUnit] ZERGLING from LARVA at (39.3, 118.6)
2023-09-18 10:13:32.241 | 08:43  120ms 2755M  704G 177/200U [ActUnit] ZERGLING from LARVA at (145.7, 121.0)
2023-09-18 10:13:32.529 | 08:44  103ms 2795M  704G 178/200U [GameAnalyzer] Known army advantage is now SmallDisadvantage
2023-09-18 10:13:32.530 | 08:44  103ms 2795M  704G 178/200U [GameAnalyzer] Predicted army advantage is now SmallDisadvantage
2023-09-18 10:13:32.532 | 08:44  103ms 2745M  704G 178/200U [ActUnit] ZERGLING from LARVA at (39.6, 118.4)
2023-09-18 10:13:32.817 | 08:44  115ms 2785M  708G 178/200U [GameAnalyzer] Known army advantage is now ClearDisadvantage
2023-09-18 10:13:32.818 | 08:44  115ms 2785M  708G 178/200U [GameAnalyzer] Predicted army advantage is now ClearDisadvantage
2023-09-18 10:13:32.820 | 08:44  115ms 2735M  708G 178/200U [ActUnit] ZERGLING from LARVA at (118.4, 36.5)
2023-09-18 10:13:32.883 | 08:44  115ms 2735M  708G 178/200U [PlanZoneAttack] Retreat started at 23.98 own local power against 108.56 enemy local power.
2023-09-18 10:13:33.137 | 08:45  100ms 2725M  712G 175/200U [ActUnit] ZERGLING from LARVA at (145.7, 121.2)
2023-09-18 10:13:33.405 | 08:45   89ms 2720M  720G 175/200U [ActUnit] ZERGLING from LARVA at (117.2, 121.8)
2023-09-18 10:13:33.870 | 08:45   71ms 2690M  720G 170/200U [ActUnit] ZERGLING from LARVA at (54.2, 36.2)
2023-09-18 10:13:34.123 | 08:46   82ms 2675M  724G 170/200U [ActUnit] ZERGLING from LARVA at (36.4, 61.8)
2023-09-18 10:13:34.421 | 08:46   67ms 2710M  736G 167/200U [GameAnalyzer] Known army advantage is now OverwhelmingDisadvantage
2023-09-18 10:13:34.422 | 08:46   67ms 2710M  736G 167/200U [GameAnalyzer] Predicted army advantage is now OverwhelmingDisadvantage
2023-09-18 10:13:34.424 | 08:46   67ms 2660M  736G 167/200U [ActUnit] ZERGLING from LARVA at (82.4, 36.2)
2023-09-18 10:13:34.667 | 08:47  124ms 2640M  736G 162/200U [ActUnit] ZERGLING from LARVA at (119.2, 36.7)
2023-09-18 10:13:34.903 | 08:47   56ms 2640M  740G 161/200U [ActUnit] ZERGLING from LARVA at (38.4, 118.7)
2023-09-18 10:13:35.097 | 08:48   60ms 2635M  752G 162/200U [ActUnit] ZERGLING from LARVA at (82.3, 36.4)
2023-09-18 10:13:35.294 | 08:48   53ms 2650M  752G 163/200U [ActUnit] ZERGLING from LARVA at (36.5, 61.6)
2023-09-18 10:13:35.472 | 08:49   63ms 2635M  756G 164/200U [ActUnit] ZERGLING from LARVA at (37.6, 61.9)
2023-09-18 10:13:35.660 | 08:49   52ms 2620M  764G 165/200U [ActUnit] ZERGLING from LARVA at (37.6, 61.9)
2023-09-18 10:13:35.671 | 08:49   52ms 2620M  764G 165/200U [Inject] injecting hatch (117.5, 124.5)
2023-09-18 10:13:35.854 | 08:49   67ms 2600M  768G 166/200U [ActUnit] ZERGLING from LARVA at (80.7, 121.6)
2023-09-18 10:13:36.240 | 08:50   67ms 2625M  772G 167/200U [ActUnit] ZERGLING from LARVA at (62.5, 96.6)
2023-09-18 10:13:36.248 | 08:50   67ms 2625M  772G 167/200U [Tech] Started ZERGGROUNDARMORSLEVEL2
2023-09-18 10:13:36.448 | 08:51   52ms 2430M  559G 168/200U [ActBuilding] 1. INFESTATIONPIT near (74.3, 74.6)
2023-09-18 10:13:36.734 | 08:51  138ms 2430M  559G 168/200U [ActUnit] ZERGLING from LARVA at (36.5, 86.6)
2023-09-18 10:13:36.742 | 08:51  138ms 2430M  559G 168/200U [ActBuilding] 1. INFESTATIONPIT near (82.8, 48.5)
2023-09-18 10:13:37.123 | 08:52   59ms 2395M  475G 169/200U [GameAnalyzer] Known army advantage is now ClearDisadvantage
2023-09-18 10:13:37.124 | 08:52   59ms 2395M  475G 169/200U [GameAnalyzer] Predicted army advantage is now ClearDisadvantage
2023-09-18 10:13:37.126 | 08:52   59ms 2345M  475G 169/200U [ActUnit] ZERGLING from LARVA at (36.5, 61.6)
2023-09-18 10:13:37.327 | 08:53   52ms 2320M  475G 170/200U [ActUnit] ZERGLING from LARVA at (145.5, 121.6)
2023-09-18 10:13:38.539 | 08:55   47ms 2500M  507G 169/200U [ActUnit] DRONE from LARVA at (82.7, 36.6)
2023-09-18 10:13:38.742 | 08:56   66ms 2505M  507G 170/200U [ActUnit] ZERGLING from LARVA at (119.6, 36.1)
2023-09-18 10:13:38.937 | 08:56   50ms 2515M  511G 171/200U [ActUnit] ZERGLING from LARVA at (54.5, 36.8)
2023-09-18 10:13:39.131 | 08:57   59ms 2490M  523G 172/200U [ActUnit] ZERGLING from LARVA at (65.4, 69.1)
2023-09-18 10:13:39.329 | 08:57   50ms 2465M  523G 173/200U [ActUnit] ZERGLING from LARVA at (116.9, 121.8)
2023-09-18 10:13:39.341 | 08:57   50ms 2465M  523G 173/200U [Expand] Expanding to (134.5, 91.5)
2023-09-18 10:13:39.552 | 08:57   68ms 2205M  527G 171/200U [Expand] Expanding to (134.5, 91.5)
2023-09-18 10:13:39.743 | 08:58   49ms 1885M  539G 171/200U [ActUnit] ZERGLING from LARVA at (38.4, 118.6)
2023-09-18 10:13:39.755 | 08:58   49ms 1885M  539G 171/200U [Expand] Expanding to (134.5, 91.5)
2023-09-18 10:13:39.757 | 08:58   49ms 1585M  539G 171/200U [Inject] injecting hatch (82.5, 39.5)
2023-09-18 10:13:39.940 | 08:58   65ms 1630M  539G 172/200U [Expand] Expanding to (134.5, 91.5)
2023-09-18 10:13:40.142 | 08:59   50ms 1400M  543G 172/200U [Expand] Expanding to (134.5, 91.5)
2023-09-18 10:13:40.338 | 08:59   65ms 1130M  547G 172/200U [Expand] Expanding to (134.5, 91.5)
2023-09-18 10:13:40.527 | 09:00   48ms  850M  555G 172/200U [Expand] Expanding to (134.5, 91.5)
2023-09-18 10:13:40.712 | 09:00   55ms  530M  555G 172/200U [ActUnit] ZERGLING from LARVA at (80.5, 121.8)
2023-09-18 10:13:40.720 | 09:00   55ms  530M  555G 172/200U [Expand] Expanding to (134.5, 91.5)
2023-09-18 10:13:40.721 | 09:00   55ms  230M  555G 172/200U [Inject] injecting hatch (119.5, 39.5)
2023-09-18 10:13:40.902 | 09:01   48ms  280M  559G 173/200U [GameAnalyzer] Known army advantage is now SmallDisadvantage
2023-09-18 10:13:40.904 | 09:01   48ms  280M  559G 173/200U [GameAnalyzer] Predicted army advantage is now SmallDisadvantage
2023-09-18 10:13:41.117 | 09:01   58ms  275M  571G 173/200U [ActUnit] ZERGLING from LARVA at (62.5, 96.7)
2023-09-18 10:13:41.302 | 09:01   47ms  245M  571G 174/200U [ActUnit] ZERGLING from LARVA at (119.4, 36.7)
2023-09-18 10:13:41.496 | 09:02   56ms  225M  575G 175/200U [ActUnit] ZERGLING from LARVA at (118.8, 36.9)
2023-09-18 10:13:41.683 | 09:02   50ms  220M  587G 176/200U [ActUnit] ZERGLING from LARVA at (120.1, 36.6)
2023-09-18 10:13:41.874 | 09:03   53ms  205M  587G 177/200U [ActUnit] ZERGLING from LARVA at (36.3, 86.5)
2023-09-18 10:13:42.071 | 09:03   47ms  180M  591G 178/200U [ActUnit] ZERGLING from LARVA at (145.5, 121.6)
2023-09-18 10:13:42.276 | 09:04   61ms  160M  599G 179/200U [ActUnit] ZERGLING from LARVA at (36.9, 61.2)
2023-09-18 10:13:42.480 | 09:04   47ms  210M  603G 180/200U [PlanZoneAttack] Retreat stopped.
2023-09-18 10:13:43.080 | 09:05   56ms  310M  619G 180/200U [Expand] Expanding to (134.5, 91.5)
2023-09-18 10:13:43.478 | 09:06   55ms   30M  623G 180/200U [ActUnit] ZERGLING from LARVA at (54.5, 36.7)
2023-09-18 10:13:43.666 | 09:07   48ms   15M  635G 181/200U [ActUnit] ZERGLING from LARVA at (52.8, 37.2)
2023-09-18 10:13:43.853 | 09:07   56ms   10M  635G 182/200U [ActUnit] ZERGLING from LARVA at (52.7, 37.5)
2023-09-18 10:13:43.861 | 09:07   56ms   10M  635G 182/200U [Inject] injecting hatch (62.5, 99.5)
2023-09-18 10:13:44.252 | 09:08   51ms   20M  647G 183/200U [ActUnit] ZERGLING from LARVA at (82.1, 36.6)
2023-09-18 10:13:44.604 | 09:09   60ms   10M  655G 184/200U [ActUnit] ZERGLING from LARVA at (119.1, 36.5)
2023-09-18 10:13:44.772 | 09:10   48ms    0M  655G 185/200U [ActUnit] ZERGLING from LARVA at (117.5, 121.4)
2023-09-18 10:13:45.000 | 09:10   54ms   20M  667G 186/200U [ActUnit] ZERGLING from LARVA at (38.8, 118.9)
2023-09-18 10:13:45.445 | 09:11  117ms   30M  671G 187/200U [ActUnit] ZERGLING from LARVA at (65.9, 69.8)
2023-09-18 10:13:45.639 | 09:11   48ms  290M  683G 187/200U [ActUnit] DRONE from LARVA at (80.1, 121.6)
2023-09-18 10:13:45.834 | 09:12   59ms 1210M  683G 188/200U [ActUnit] ZERGLING from LARVA at (62.5, 96.6)
2023-09-18 10:13:45.843 | 09:12   59ms 1210M  683G 188/200U [Expand] Expanding to (163.5, 99.5)
2023-09-18 10:13:46.030 | 09:12   52ms 1495M  687G 189/200U [ActUnit] ZERGLING from LARVA at (53.4, 36.7)
2023-09-18 10:13:46.039 | 09:12   52ms 1495M  687G 189/200U [Expand] Expanding to (163.5, 99.5)
2023-09-18 10:13:46.246 | 09:13   65ms 1475M  699G 190/200U [ActUnit] ZERGLING from LARVA at (36.5, 86.6)
2023-09-18 10:13:46.253 | 09:13   65ms 1475M  699G 190/200U [Expand] Expanding to (163.5, 99.5)
2023-09-18 10:13:46.436 | 09:13   52ms 1145M  699G 191/200U [ActUnit] ZERGLING from LARVA at (145.5, 121.6)
2023-09-18 10:13:46.446 | 09:13   52ms 1145M  699G 191/200U [Expand] Expanding to (163.5, 99.5)
2023-09-18 10:13:46.453 | 09:13   52ms  845M  699G 191/200U [PlanZoneAttack] Supply is 191 -> attack!
2023-09-18 10:13:46.456 | 09:13   52ms  845M  699G 191/200U [PlanZoneAttack] Attack started at 58.00 power.
2023-09-18 10:13:46.623 | 09:14   72ms  880M  703G 192/200U [GameAnalyzer] Known army advantage is now SlightDisadvantage
2023-09-18 10:13:46.624 | 09:14   72ms  880M  703G 192/200U [GameAnalyzer] Predicted army advantage is now SlightDisadvantage
2023-09-18 10:13:46.625 | 09:14   72ms  830M  703G 192/200U [ActUnit] ZERGLING from LARVA at (144.6, 121.7)
2023-09-18 10:13:46.633 | 09:14   72ms  830M  703G 192/200U [Expand] Expanding to (163.5, 99.5)
2023-09-18 10:13:46.846 | 09:14   70ms  485M  707G 193/200U [ActUnit] ZERGLING from LARVA at (36.4, 61.9)
2023-09-18 10:13:46.856 | 09:14   70ms  485M  707G 193/200U [Expand] Expanding to (163.5, 99.5)
2023-09-18 10:13:47.096 | 09:14   83ms  155M  715G 194/200U [ActUnit] ZERGLING from LARVA at (147.0, 121.9)
2023-09-18 10:13:47.332 | 09:15   65ms  165M  715G 195/200U [ActUnit] ZERGLING from LARVA at (145.5, 121.6)
2023-09-18 10:13:47.569 | 09:15   71ms  525M  719G 196/200U [Expand] Expanding to (163.5, 99.5)
2023-09-18 10:13:48.507 | 09:17   63ms  285M  735G 196/200U [ActUnit] ZERGLING from LARVA at (117.6, 121.6)
2023-09-18 10:13:48.756 | 09:17   77ms  270M  747G 197/200U [ActUnit] ZERGLING from LARVA at (65.5, 69.6)
2023-09-18 10:13:48.999 | 09:18   67ms  250M  747G 198/200U [ActUnit] ZERGLING from LARVA at (119.6, 36.7)
2023-09-18 10:13:49.253 | 09:18   76ms  220M  751G 199/200U [ActUnit] ZERGLING from LARVA at (54.3, 36.7)
2023-09-18 10:13:50.029 | 09:19   66ms  305M  763G 200/200U [Expand] Expanding to (163.5, 99.5)
2023-09-18 10:13:50.836 | 09:21   88ms  130M  779G 200/200U [Inject] injecting hatch (145.5, 124.5)
2023-09-18 10:13:51.947 | 09:22   97ms  215M  799G 199/200U [ActUnit] DRONE from LARVA at (36.5, 86.2)
2023-09-18 10:13:52.252 | 09:23   88ms  560M  807G 200/200U [Expand] Expanding to (137.5, 64.5)
2023-09-18 10:13:52.590 | 09:23  112ms  525M  811G 199/200U [ActUnit] ZERGLING from LARVA at (35.5, 86.4)
2023-09-18 10:13:52.599 | 09:23  112ms  525M  811G 199/200U [Expand] Expanding to (137.5, 64.5)
2023-09-18 10:13:52.919 | 09:24   95ms 1105M  815G 197/200U [ActUnit] ZERGLING from LARVA at (82.6, 36.5)
2023-09-18 10:13:52.930 | 09:24   95ms 1105M  815G 197/200U [Expand] Expanding to (137.5, 64.5)
2023-09-18 10:13:53.236 | 09:24  105ms 1380M  815G 197/200U [ActUnit] ZERGLING from LARVA at (37.9, 118.8)
2023-09-18 10:13:53.245 | 09:24  105ms 1380M  815G 197/200U [Expand] Expanding to (137.5, 64.5)
2023-09-18 10:13:53.546 | 09:25   94ms 1060M  827G 197/200U [ActUnit] ZERGLING from LARVA at (80.5, 121.4)
2023-09-18 10:13:53.557 | 09:25   94ms 1060M  827G 197/200U [Expand] Expanding to (137.5, 64.5)
2023-09-18 10:13:53.854 | 09:25  106ms  740M  827G 198/200U [ActUnit] ZERGLING from LARVA at (36.6, 61.5)
2023-09-18 10:13:53.863 | 09:25  106ms  740M  827G 198/200U [Expand] Expanding to (137.5, 64.5)
2023-09-18 10:13:54.229 | 09:26   93ms  430M  831G 198/200U [ActUnit] ZERGLING from LARVA at (62.4, 96.6)
2023-09-18 10:13:54.240 | 09:26   93ms  430M  831G 198/200U [Expand] Expanding to (137.5, 64.5)
2023-09-18 10:13:54.531 | 09:26  166ms  195M  843G 197/200U [GameAnalyzer] Known army advantage is now SmallDisadvantage
2023-09-18 10:13:54.532 | 09:26  166ms  195M  843G 197/200U [GameAnalyzer] Predicted army advantage is now SmallDisadvantage
2023-09-18 10:13:54.534 | 09:26  166ms  145M  843G 197/200U [ActUnit] ZERGLING from LARVA at (145.2, 121.6)
2023-09-18 10:13:54.843 | 09:26   85ms  130M  843G 197/200U [ActUnit] ZERGLING from LARVA at (35.6, 86.9)
2023-09-18 10:13:55.167 | 09:27  108ms  415M  847G 194/200U [ActUnit] ZERGLING from LARVA at (36.5, 86.6)
2023-09-18 10:13:55.176 | 09:27  108ms  415M  847G 194/200U [Expand] Expanding to (137.5, 64.5)
2023-09-18 10:13:55.440 | 09:27   75ms   75M  859G 193/200U [ActUnit] DRONE from LARVA at (117.4, 121.6)
2023-09-18 10:13:55.710 | 09:28   85ms   70M  859G 194/200U [ActUnit] ZERGLING from LARVA at (82.4, 36.8)
2023-09-18 10:13:55.989 | 09:28   74ms   50M  863G 195/200U [ActUnit] ZERGLING from LARVA at (119.5, 36.7)
2023-09-18 10:13:56.268 | 09:29   85ms   10M  867G 196/200U [ActUnit] ZERGLING from LARVA at (54.7, 36.7)
2023-09-18 10:13:56.561 | 09:29   75ms   45M  875G 197/200U [Inject] injecting hatch (119.5, 39.5)
2023-09-18 10:13:57.709 | 09:30   91ms   25M  875G 196/200U [ActUnit] ZERGLING from LARVA at (118.5, 121.6)
2023-09-18 10:13:57.718 | 09:30   91ms   25M  875G 196/200U [Inject] injecting hatch (54.5, 39.5)
2023-09-18 10:13:58.331 | 09:30   91ms   45M  891G 196/200U [ActUnit] ZERGLING from LARVA at (119.5, 36.9)
2023-09-18 10:13:58.619 | 09:31   79ms   25M  891G 195/200U [ActUnit] ZERGLING from LARVA at (120.9, 36.8)
2023-09-18 10:13:58.922 | 09:31   85ms   20M  895G 196/200U [ActUnit] ZERGLING from LARVA at (65.8, 69.9)
2023-09-18 10:13:59.206 | 09:32   77ms   15M  907G 196/200U [ActUnit] ZERGLING from LARVA at (117.3, 121.6)
2023-09-18 10:13:59.785 | 09:33   81ms   15M  911G 197/200U [ActUnit] ZERGLING from LARVA at (38.5, 118.6)
2023-09-18 10:14:00.344 | 09:34   73ms   20M  923G 197/200U [ActUnit] ZERGLING from LARVA at (118.1, 121.6)
2023-09-18 10:14:00.605 | 09:34   85ms    0M  923G 197/200U [ActUnit] ZERGLING from LARVA at (80.5, 121.8)
2023-09-18 10:14:01.151 | 09:35   83ms   10M  939G 198/200U [ActUnit] ZERGLING from LARVA at (119.8, 36.6)
2023-09-18 10:14:01.160 | 09:35   83ms   10M  939G 198/200U [Inject] injecting hatch (80.5, 124.5)
2023-09-18 10:14:01.750 | 09:36   95ms   30M  943G 199/200U [ActUnit] ZERGLING from LARVA at (62.5, 96.9)
2023-09-18 10:14:02.927 | 09:38  102ms  420M  971G 199/200U [ActUnit] DRONE from LARVA at (79.4, 121.5)
2023-09-18 10:14:02.936 | 09:38  102ms  420M  971G 199/200U [Expand] Expanding to (163.5, 74.5)
2023-09-18 10:14:03.432 | 09:38   88ms  385M  971G 199/200U [ActUnit] ZERGLING from LARVA at (37.0, 61.8)
2023-09-18 10:14:03.447 | 09:38   88ms  385M  971G 199/200U [Expand] Expanding to (163.5, 74.5)
2023-09-18 10:14:03.823 | 09:39  114ms  715M  971G 200/200U [Expand] Expanding to (163.5, 74.5)
2023-09-18 10:14:04.129 | 09:39  152ms  810M  825G 199/200U [ActUnit] ZERGLING from LARVA at (82.4, 36.7)
2023-09-18 10:14:04.139 | 09:39  152ms  810M  825G 199/200U [Expand] Expanding to (163.5, 74.5)
2023-09-18 10:14:04.142 | 09:39  152ms  510M  825G 199/200U [Inject] injecting hatch (65.5, 72.5)
2023-09-18 10:14:04.450 | 09:39  111ms  525M  837G 200/200U [Expand] Expanding to (163.5, 74.5)
2023-09-18 10:14:05.063 | 09:40  105ms  255M  841G 199/200U [ActUnit] ZERGLING from LARVA at (117.3, 121.9)
2023-09-18 10:14:05.382 | 09:41  100ms  240M  853G 199/200U [ActUnit] ZERGLING from LARVA at (83.6, 36.7)
2023-09-18 10:14:05.724 | 09:41  108ms  220M  853G 199/200U [ActUnit] ZERGLING from LARVA at (36.5, 86.2)
2023-09-18 10:14:06.355 | 09:42  114ms  280M  869G 200/200U [Inject] injecting hatch (38.5, 121.5)
2023-09-18 10:14:06.684 | 09:43  114ms  260M  869G 199/200U [ActUnit] ZERGLING from LARVA at (144.8, 121.7)
2023-09-18 10:14:07.354 | 09:43  116ms  320M  877G 200/200U [Expand] Expanding to (163.5, 74.5)
2023-09-18 10:14:07.723 | 09:44  130ms    5M  885G 199/200U [ActUnit] ZERGLING from LARVA at (54.5, 36.0)
2023-09-18 10:14:08.384 | 09:45  122ms   30M  889G 198/200U [ActUnit] DRONE from LARVA at (38.5, 118.1)
2023-09-18 10:14:08.712 | 09:45  118ms   10M  901G 199/200U [ActUnit] ZERGLING from LARVA at (62.5, 96.6)
2023-09-18 10:14:09.373 | 09:46  114ms   30M  905G 199/200U [ActUnit] ZERGLING from LARVA at (80.1, 121.3)
2023-09-18 10:14:10.021 | 09:47  124ms   30M  917G 199/200U [ActUnit] DRONE from LARVA at (79.9, 121.5)
2023-09-18 10:14:10.667 | 09:48  125ms  685M  929G 200/200U [GameAnalyzer] Known army advantage is now SlightDisadvantage
2023-09-18 10:14:11.691 | 09:49  148ms 1340M  937G 199/200U [ActUnit] ZERGLING from LARVA at (61.3, 97.1)
2023-09-18 10:14:12.362 | 09:50  135ms 1365M  949G 199/200U [ActUnit] ZERGLING from LARVA at (81.8, 36.8)
2023-09-18 10:14:13.118 | 09:51  199ms 1390M  965G 198/200U [ActUnit] ZERGLING from LARVA at (81.8, 36.8)
2023-09-18 10:14:13.462 | 09:51  131ms 1370M  965G 198/200U [ActUnit] ZERGLING from LARVA at (37.0, 61.9)
2023-09-18 10:14:13.789 | 09:52  131ms 1340M  969G 199/200U [ActUnit] ZERGLING from LARVA at (119.4, 36.8)
2023-09-18 10:14:14.140 | 09:52  128ms 1360M  977G 200/200U [Inject] injecting hatch (117.5, 124.5)
2023-09-18 10:14:14.475 | 09:53  134ms 1340M  981G 198/200U [ActUnit] DRONE from LARVA at (38.6, 118.8)
2023-09-18 10:14:14.813 | 09:53  131ms 1340M  985G 199/200U [ActUnit] ZERGLING from LARVA at (62.2, 96.3)
2023-09-18 10:14:15.533 | 09:54  132ms 1350M  997G 199/200U [ActUnit] ZERGLING from LARVA at (145.7, 121.4)
2023-09-18 10:14:17.645 | 09:57  128ms 1805M 1029G 199/200U [ActUnit] ZERGLING from LARVA at (54.9, 36.0)
2023-09-18 10:14:18.871 | 09:58  127ms 1905M 1037G 200/200U [Inject] injecting hatch (119.5, 39.5)
2023-09-18 10:14:20.238 | 10:00  130ms 1990M 1061G 198/200U [ActUnit] DRONE from LARVA at (80.5, 121.2)
2023-09-18 10:14:20.577 | 10:00  115ms 2005M 1061G 199/200U [ActUnit] ZERGLING from LARVA at (145.6, 121.4)
2023-09-18 10:14:21.922 | 10:02  109ms 2065M 1081G 199/200U [ActUnit] DRONE from LARVA at (119.3, 36.7)
2023-09-18 10:14:23.934 | 10:05  101ms 2260M 1109G 200/200U [GameAnalyzer] Predicted army advantage is now SlightDisadvantage
2023-09-18 10:14:24.953 | 10:06  113ms 2350M 1125G 199/200U [ActUnit] ZERGLING from LARVA at (146.7, 122.0)
2023-09-18 10:14:25.284 | 10:07   99ms 2320M 1129G 198/200U [ActUnit] ZERGLING from LARVA at (65.7, 69.9)
2023-09-18 10:14:25.291 | 10:07   99ms 2170M 1129G 198/200U [ActUnit] QUEEN from HATCHERY at (119.5, 39.5)
2023-09-18 10:14:25.601 | 10:07  112ms 2315M 1137G 199/200U [ActUnit] ZERGLING from LARVA at (120.4, 36.1)
2023-09-18 10:14:28.546 | 10:11  107ms 2645M 1177G 200/200U [Inject] injecting hatch (82.5, 39.5)
2023-09-18 10:14:29.199 | 10:12  101ms 2715M 1189G 200/200U [Inject] injecting hatch (62.5, 99.5)
2023-09-18 10:14:29.518 | 10:12  111ms 2695M 1193G 199/200U [ActUnit] ZERGLING from LARVA at (82.7, 36.1)
2023-09-18 10:14:30.602 | 10:14   96ms 2740M 1205G 199/200U [ActUnit] ZERGLING from LARVA at (53.0, 36.6)
2023-09-18 10:14:32.917 | 10:17  116ms 3020M 1241G 200/200U [ActBuilding] 1. INFESTATIONPIT near (127.0, 44.4)
2023-09-18 10:14:33.840 | 10:18   93ms 2970M 1153G 199/200U [ActUnit] DRONE from LARVA at (36.4, 61.4)
2023-09-18 10:14:34.669 | 10:19   88ms 2985M 1169G 199/200U [ActUnit] ZERGLING from LARVA at (117.8, 121.9)
2023-09-18 10:14:35.855 | 10:21   79ms 3145M 1185G 200/200U [GameAnalyzer] Known army advantage is now Even
2023-09-18 10:14:37.979 | 10:24  154ms 3400M 1217G 200/200U [GameAnalyzer] Predicted army advantage is now Even
2023-09-18 10:14:37.991 | 10:24  154ms 3400M 1217G 200/200U [Inject] injecting hatch (134.5, 91.5)
2023-09-18 10:14:38.282 | 10:25   83ms 3390M 1221G 199/200U [ActUnit] ZERGLING from LARVA at (146.2, 121.9)
2023-09-18 10:14:39.434 | 10:26   74ms 3540M 1249G 200/200U [GameAnalyzer] Predicted army advantage is now SlightDisadvantage
2023-09-18 10:14:40.021 | 10:27   72ms 3625M 1253G 200/200U [Inject] injecting hatch (119.5, 39.5)
2023-09-18 10:14:41.656 | 10:29   88ms 3725M 1265G 200/200U [GameAnalyzer] Predicted army advantage is now Even
2023-09-18 10:14:42.289 | INFO     | sc2.protocol:_execute:72 - Client status changed to Status.ended (was Status.in_game)
2023-09-18 10:14:42.298 | Result: Victory
2023-09-18 10:14:42.299 | Duration: 10:29
2023-09-18 10:14:42.300 | Step time min: 6
2023-09-18 10:14:42.300 | Step time avg: 44
2023-09-18 10:14:42.301 | Step time max: 199
2023-09-18 10:14:42.302 | [LostUnitsContents] My lost units minerals and gas: (9725.0, 100.0)
2023-09-18 10:14:42.303 | [LostUnitsContents] My lost units minerals by score: 9000.0
2023-09-18 10:14:42.304 | [LostUnitsContents] Enemy lost units minerals and gas: (9625, 525)
2023-09-18 10:14:42.304 | [LostUnitsContents] Enemy lost units minerals by score: 10275.0
2023-09-18 10:14:42.305 | [GameAnalyzerEnd] Own units:
2023-09-18 10:14:42.306 | [GameAnalyzerEnd] ZERGLING          total: 418 alive: 176 dead: 242 
2023-09-18 10:14:42.306 | [GameAnalyzerEnd] DRONE             total: 124 alive:  95 dead:  29 
2023-09-18 10:14:42.307 | [GameAnalyzerEnd] LARVA             total:  31 alive:  31 dead:   0 
2023-09-18 10:14:42.307 | [GameAnalyzerEnd] OVERLORD          total:  21 alive:  21 dead:   0 
2023-09-18 10:14:42.308 | [GameAnalyzerEnd] HATCHERY          total:  20 alive:  13 dead:   7 
2023-09-18 10:14:42.309 | [GameAnalyzerEnd] EGG               total:   5 alive:   5 dead:   0 
2023-09-18 10:14:42.309 | [GameAnalyzerEnd] QUEEN             total:   5 alive:   4 dead:   1 
2023-09-18 10:14:42.310 | [GameAnalyzerEnd] EXTRACTOR         total:   4 alive:   4 dead:   0 
2023-09-18 10:14:42.310 | [GameAnalyzerEnd] INFESTATIONPIT    total:   2 alive:   1 dead:   1 
2023-09-18 10:14:42.311 | [GameAnalyzerEnd] EVOLUTIONCHAMBER  total:   2 alive:   2 dead:   0 
2023-09-18 10:14:42.312 | [GameAnalyzerEnd] SPAWNINGPOOL      total:   1 alive:   1 dead:   0 
2023-09-18 10:14:42.312 | [GameAnalyzerEnd] LAIR              total:   1 alive:   1 dead:   0 
2023-09-18 10:14:42.313 | [GameAnalyzerEnd] Enemy units:
2023-09-18 10:14:42.313 | [GameAnalyzerEnd] MARINE            total: 125 alive:  84 dead:  41 
2023-09-18 10:14:42.314 | [GameAnalyzerEnd] SCV               total:  46 alive:   0 dead:  46 
2023-09-18 10:14:42.315 | [GameAnalyzerEnd] SUPPLYDEPOT       total:  24 alive:   1 dead:  23 
2023-09-18 10:14:42.315 | [GameAnalyzerEnd] MARAUDER          total:  14 alive:   9 dead:   5 
2023-09-18 10:14:42.316 | [GameAnalyzerEnd] MEDIVAC           total:   9 alive:   9 dead:   0 
2023-09-18 10:14:42.317 | [GameAnalyzerEnd] BARRACKS          total:   9 alive:   0 dead:   9 
2023-09-18 10:14:42.317 | [GameAnalyzerEnd] ORBITALCOMMAND    total:   2 alive:   0 dead:   2 
2023-09-18 10:14:42.318 | [GameAnalyzerEnd] TECHLAB           total:   2 alive:   0 dead:   2 
2023-09-18 10:14:42.319 | [GameAnalyzerEnd] REFINERY          total:   2 alive:   0 dead:   2 
2023-09-18 10:14:42.320 | [GameAnalyzerEnd] ENGINEERINGBAY    total:   1 alive:   0 dead:   1 
2023-09-18 10:14:42.321 | [GameAnalyzerEnd] FACTORY           total:   1 alive:   0 dead:   1 
2023-09-18 10:14:42.321 | [GameAnalyzerEnd] STARPORT          total:   1 alive:   0 dead:   1 
2023-09-18 10:14:42.322 | [GameAnalyzerEnd] Minerals max 3755 Average 710
2023-09-18 10:14:42.323 | [GameAnalyzerEnd] Vespene max 1269 Average 233
2023-09-18 10:14:42.323 | INFO     | sc2.main:_play_game:228 - Result for player 2 - Bot LadderBot(Zerg): Victory
