2023-09-18 12:50:00.426 | INFO     | sc2.protocol:_execute:72 - Client status changed to Status.in_game (was None)
2023-09-18 12:50:00.427 | INFO     | sc2.main:_play_game:221 - Player 2 - Bot LadderBot(Zerg)
2023-09-18 12:50:00.682 | 00:00    0ms    0M    0G  12/ 14U [Version] 4.10.0.75689
2023-09-18 12:50:00.683 | 00:00    0ms    0M    0G  12/ 14U [Version] 5.0.6 Balance mod recognized.
2023-09-18 12:50:00.754 | 00:00    0ms    0M    0G  12/ 14U [ZoneManager] Map set to: MapName.Unknown from name: Ancient CisternAIE and hash: 3831388.
2023-09-18 12:50:01.301 | [DataManager] No BuildDetector found, enemy build data cannot be saved
2023-09-18 12:50:01.330 | [Start] My race: Zerg
2023-09-18 12:50:01.331 | [Start] Opponent race: Terran
2023-09-18 12:50:01.331 | [Start] OpponentId: 1
2023-09-18 12:50:01.393 | 00:00    0ms    0M    0G  12/ 14U [ActUnit] DRONE from LARVA at (30.6, 23.8)
2023-09-18 12:50:02.680 | 00:07    9ms   10M    0G  13/ 14U [ActUnit] DRONE from LARVA at (30.5, 23.1)
2023-09-18 12:50:03.519 | 00:16    8ms   10M    0G  14/ 14U [ActUnit] OVERLORD from LARVA at (32.1, 23.7)
2023-09-18 12:50:05.220 | 00:34    7ms  200M    0G  14/ 22U [ActUnit] DRONE from LARVA at (31.2, 23.0)
2023-09-18 12:50:05.265 | 00:35   11ms  155M    0G  15/ 22U [ActUnit] DRONE from LARVA at (31.3, 23.7)
2023-09-18 12:50:05.358 | 00:35   58ms  105M    0G  16/ 22U [ActUnit] DRONE from LARVA at (31.2, 23.7)
2023-09-18 12:50:06.319 | 00:45    8ms  195M    0G  17/ 22U [ActUnit] DRONE from LARVA at (31.6, 23.4)
2023-09-18 12:50:07.108 | 00:54    9ms  300M    0G  18/ 22U [Expand] Expanding to (28.5, 50.5)
2023-09-18 12:50:07.380 | 00:56    9ms    0M    0G  18/ 22U [ActUnit] DRONE from LARVA at (31.5, 23.9)
2023-09-18 12:50:08.433 | 01:02   25ms   70M    0G  18/ 22U [GameAnalyzer] Income advantage is now SmallAdvantage
2023-09-18 12:50:09.646 | 01:07   20ms   55M    0G  18/ 22U [ActUnit] OVERLORD from LARVA at (31.3, 23.7)
2023-09-18 12:50:11.973 | 01:18   60ms  170M    0G  18/ 22U [ActUnit] DRONE from LARVA at (31.5, 23.4)
2023-09-18 12:50:13.433 | 01:25   24ms  300M    0G  19/ 30U [Expand] Expanding to (28.5, 79.5)
2023-09-18 12:50:14.110 | 01:29    9ms    0M    0G  19/ 30U [ActUnit] DRONE from LARVA at (31.4, 23.8)
2023-09-18 12:50:15.335 | 01:39   10ms  110M    0G  20/ 30U [ActUnit] DRONE from LARVA at (31.4, 23.7)
2023-09-18 12:50:15.555 | 01:41   10ms  140M    0G  20/ 30U [GameAnalyzer] Income advantage is now ClearAdvantage
2023-09-18 12:50:16.695 | 01:50    9ms  235M    0G  20/ 30U [ActUnit] DRONE from LARVA at (31.7, 23.5)
2023-09-18 12:50:17.314 | 01:54    9ms  300M    0G  21/ 30U [Expand] Expanding to (61.5, 45.5)
2023-09-18 12:50:18.348 | 02:00   12ms   70M    0G  21/ 30U [ActUnit] DRONE from LARVA at (31.5, 23.4)
2023-09-18 12:50:20.001 | 02:11   12ms  180M    0G  21/ 30U [ActUnit] DRONE from LARVA at (31.6, 23.4)
2023-09-18 12:50:20.268 | 02:13   10ms  170M    0G  22/ 36U [ActUnit] DRONE from LARVA at (28.4, 47.6)
2023-09-18 12:50:21.716 | 02:22   14ms  265M    0G  23/ 36U [ActUnit] DRONE from LARVA at (31.4, 23.9)
2023-09-18 12:50:22.027 | 02:24   15ms  235M    0G  24/ 36U [ActUnit] DRONE from LARVA at (28.6, 47.6)
2023-09-18 12:50:22.554 | 02:27   10ms  315M    0G  25/ 36U [Expand] Expanding to (28.5, 110.5)
2023-09-18 12:50:23.595 | 02:33   76ms   70M    0G  25/ 36U [ActUnit] DRONE from LARVA at (31.5, 23.9)
2023-09-18 12:50:23.895 | 02:34   14ms   50M    0G  26/ 36U [ActUnit] DRONE from LARVA at (28.6, 47.6)
2023-09-18 12:50:24.262 | 02:37   11ms  100M    0G  27/ 36U [GameAnalyzer] Income advantage is now OverwhelmingAdvantage
2023-09-18 12:50:25.409 | 02:43   12ms  185M    0G  27/ 36U [ActUnit] DRONE from LARVA at (31.3, 23.5)
2023-09-18 12:50:26.578 | 02:45   12ms  185M    0G  27/ 36U [ActUnit] DRONE from LARVA at (28.5, 47.6)
2023-09-18 12:50:27.499 | 02:51   10ms  305M    0G  28/ 36U [Expand] Expanding to (85.5, 49.5)
2023-09-18 12:50:27.944 | 02:54   10ms    5M    0G  28/ 42U [ActUnit] DRONE from LARVA at (28.7, 76.8)
2023-09-18 12:50:28.184 | 02:55   12ms   10M    0G  29/ 42U [ActUnit] DRONE from LARVA at (31.4, 23.0)
2023-09-18 12:50:28.685 | 02:58   10ms    5M    0G  30/ 42U [ActUnit] DRONE from LARVA at (28.7, 47.6)
2023-09-18 12:50:29.502 | 03:03   17ms   75M    0G  31/ 42U [ActUnit] DRONE from LARVA at (28.6, 76.7)
2023-09-18 12:50:29.800 | 03:05   15ms   75M    0G  31/ 42U [ActUnit] DRONE from LARVA at (31.3, 23.8)
2023-09-18 12:50:30.098 | 03:07   13ms   75M    0G  32/ 42U [ActUnit] DRONE from LARVA at (28.4, 47.6)
2023-09-18 12:50:31.388 | 03:14   76ms  200M    0G  33/ 42U [ActUnit] DRONE from LARVA at (28.6, 76.6)
2023-09-18 12:50:31.939 | 03:15   86ms  195M    0G  34/ 42U [ActUnit] DRONE from LARVA at (31.6, 23.4)
2023-09-18 12:50:32.449 | 03:17   80ms  175M    0G  35/ 42U [ActUnit] DRONE from LARVA at (28.6, 47.6)
2023-09-18 12:50:33.693 | 03:22   83ms  245M    0G  36/ 48U [ActUnit] DRONE from LARVA at (61.5, 42.6)
2023-09-18 12:50:34.469 | 03:24   82ms  265M    0G  37/ 48U [ActUnit] DRONE from LARVA at (28.4, 76.6)
2023-09-18 12:50:34.734 | 03:25   66ms  305M    0G  38/ 48U [Expand] Expanding to (87.5, 25.5)
2023-09-18 12:50:35.357 | 03:28   72ms   20M    0G  38/ 48U [ActUnit] DRONE from LARVA at (31.3, 23.9)
2023-09-18 12:50:35.856 | 03:29   32ms    0M    0G  39/ 48U [ActUnit] DRONE from LARVA at (28.7, 47.6)
2023-09-18 12:50:36.865 | 03:32   76ms   60M    0G  40/ 48U [ActUnit] DRONE from LARVA at (61.5, 42.6)
2023-09-18 12:50:37.275 | 03:34   59ms   80M    0G  41/ 48U [GameAnalyzer] Known army advantage is now SlightDisadvantage
2023-09-18 12:50:37.276 | 03:34   59ms   80M    0G  41/ 48U [GameAnalyzer] Predicted army advantage is now SlightDisadvantage
2023-09-18 12:50:37.679 | 03:35   77ms   75M    0G  41/ 48U [ActUnit] DRONE from LARVA at (28.5, 76.6)
2023-09-18 12:50:38.192 | 03:37   63ms   70M    0G  42/ 48U [ActUnit] DRONE from LARVA at (31.3, 23.8)
2023-09-18 12:50:38.745 | 03:39   84ms   95M    0G  43/ 48U [ActUnit] DRONE from LARVA at (28.5, 47.6)
2023-09-18 12:50:40.924 | 03:43   74ms  135M    0G  44/ 48U [ActUnit] OVERLORD from LARVA at (61.5, 42.6)
2023-09-18 12:50:41.375 | 03:45   67ms  175M    0G  44/ 48U [GameAnalyzer] Known army advantage is now SmallDisadvantage
2023-09-18 12:50:41.379 | 03:45   67ms  175M    0G  44/ 48U [GameAnalyzer] Predicted army advantage is now SmallDisadvantage
2023-09-18 12:50:41.757 | 03:46   69ms  165M    0G  44/ 48U [ActUnit] DRONE from LARVA at (28.4, 76.6)
2023-09-18 12:50:42.365 | 03:48  107ms  175M    0G  45/ 48U [ActUnit] DRONE from LARVA at (31.3, 23.5)
2023-09-18 12:50:42.678 | 03:49  102ms  225M    0G  46/ 48U [PlanCancelBuilding] Cancelled HATCHERY at (85.5, 49.5) with 95.7744140625 health
2023-09-18 12:50:42.838 | 03:49   72ms  470M    0G  47/ 48U [ActBuilding] 1. SPAWNINGPOOL near (34.7, 34.9)
2023-09-18 12:50:42.973 | 03:49   89ms  430M    0G  47/ 48U [ActUnit] DRONE from LARVA at (28.5, 47.6)
2023-09-18 12:50:42.980 | 03:49   89ms  430M    0G  47/ 48U [ActBuilding] 1. SPAWNINGPOOL near (34.9, 34.9)
2023-09-18 12:50:43.131 | 03:50   74ms  215M    0G  48/ 48U [BuildGas] Building EXTRACTOR to (54.5, 48.5)
2023-09-18 12:50:43.511 | 03:51   81ms  235M    0G  45/ 48U [BuildGas] Building EXTRACTOR to (21.5, 53.5)
2023-09-18 12:50:44.324 | 03:54   74ms  285M    0G  44/ 48U [ActUnit] DRONE from LARVA at (61.5, 42.6)
2023-09-18 12:50:44.814 | 03:56   79ms  285M    0G  44/ 54U [ActUnit] DRONE from LARVA at (28.5, 107.6)
2023-09-18 12:50:45.104 | 03:57   96ms  260M    0G  45/ 54U [ActUnit] DRONE from LARVA at (28.6, 76.6)
2023-09-18 12:50:45.664 | 03:58   81ms  280M    0G  46/ 54U [ActUnit] DRONE from LARVA at (31.6, 23.4)
2023-09-18 12:50:45.822 | 03:59   71ms  300M    0G  47/ 54U [Expand] Expanding to (85.5, 49.5)
2023-09-18 12:50:46.372 | 04:01   68ms   10M    0G  47/ 54U [ActUnit] DRONE from LARVA at (28.6, 47.5)
2023-09-18 12:50:47.403 | 04:05   26ms  405M    0G  47/ 62U [ActUnit] DRONE from LARVA at (61.5, 42.6)
2023-09-18 12:50:47.407 | 04:05   26ms  405M    0G  47/ 62U [Expand] Expanding to (85.5, 49.5)
2023-09-18 12:50:47.685 | 04:06   18ms  155M    0G  48/ 62U [GameAnalyzer] Known army advantage is now ClearDisadvantage
2023-09-18 12:50:47.686 | 04:06   18ms  155M    0G  48/ 62U [GameAnalyzer] Predicted army advantage is now ClearDisadvantage
2023-09-18 12:50:47.803 | 04:06   23ms  115M    0G  48/ 62U [ActUnit] DRONE from LARVA at (28.5, 107.6)
2023-09-18 12:50:47.998 | 04:07   23ms   95M    0G  49/ 62U [ActUnit] DRONE from LARVA at (28.5, 76.7)
2023-09-18 12:50:48.211 | 04:08   22ms  420M    0G  49/ 62U [Expand] Expanding to (85.5, 49.5)
2023-09-18 12:50:48.297 | 04:09   17ms  440M    0G  49/ 62U [Expand] Expanding to (85.5, 49.5)
2023-09-18 12:50:48.466 | 04:09   24ms  110M    0G  49/ 62U [ActUnit] DRONE from LARVA at (31.4, 23.5)
2023-09-18 12:50:48.899 | 04:11   23ms  425M    0G  49/ 62U [ActUnit] DRONE from LARVA at (28.5, 47.6)
2023-09-18 12:50:48.903 | 04:11   23ms  425M    0G  49/ 62U [Expand] Expanding to (85.5, 49.5)
2023-09-18 12:50:49.391 | 04:13   17ms  510M    0G  49/ 62U [Expand] Expanding to (85.5, 49.5)
2023-09-18 12:50:49.497 | 04:14   24ms  520M    0G  49/ 62U [Expand] Expanding to (85.5, 49.5)
2023-09-18 12:50:49.589 | 04:14   18ms  550M    0G  48/ 62U [Expand] Expanding to (85.5, 49.5)
2023-09-18 12:50:49.886 | 04:15   22ms  245M    0G  48/ 62U [ActUnit] DRONE from LARVA at (61.5, 42.6)
2023-09-18 12:50:50.077 | 04:16   20ms  575M    0G  48/ 62U [Expand] Expanding to (85.5, 49.5)
2023-09-18 12:50:50.277 | 04:17   19ms  250M    0G  48/ 62U [ActUnit] DRONE from LARVA at (28.5, 107.6)
2023-09-18 12:50:50.482 | 04:18   22ms  235M    0G  49/ 62U [ActUnit] DRONE from LARVA at (28.4, 76.6)
2023-09-18 12:50:50.885 | 04:20   19ms  240M    0G  50/ 62U [ActUnit] DRONE from LARVA at (31.7, 23.7)
2023-09-18 12:50:51.161 | 04:21   16ms  305M    0G  51/ 62U [Expand] Expanding to (85.5, 49.5)
2023-09-18 12:50:51.578 | 04:23   18ms   10M    0G  51/ 62U [ActUnit] DRONE from LARVA at (28.3, 47.9)
2023-09-18 12:50:52.357 | 04:26   21ms   90M    0G  51/ 62U [ActUnit] DRONE from LARVA at (61.5, 42.6)
2023-09-18 12:50:52.797 | 04:28   26ms   85M    0G  52/ 62U [ActUnit] DRONE from LARVA at (28.5, 107.6)
2023-09-18 12:50:52.996 | 04:29   25ms   75M    0G  53/ 62U [ActUnit] DRONE from LARVA at (28.6, 76.7)
2023-09-18 12:50:53.434 | 04:30   21ms   70M    4G  54/ 62U [ActUnit] DRONE from LARVA at (31.6, 23.4)
2023-09-18 12:50:53.967 | 04:32   74ms  120M    8G  55/ 62U [ActUnit] DRONE from LARVA at (28.4, 47.6)
2023-09-18 12:50:54.240 | 04:33   39ms  440M    8G  55/ 62U [Expand] Expanding to (30.5, 142.5)
2023-09-18 12:50:55.116 | 04:37   27ms  245M   20G  55/ 62U [ActUnit] DRONE from LARVA at (61.5, 42.6)
2023-09-18 12:50:55.589 | 04:39   22ms  250M   28G  56/ 62U [ActUnit] DRONE from LARVA at (28.5, 107.6)
2023-09-18 12:50:55.821 | 04:39   23ms  230M   32G  57/ 62U [ActUnit] DRONE from LARVA at (28.4, 76.6)
2023-09-18 12:50:57.239 | 04:41   25ms  195M   36G  58/ 62U [ActUnit] OVERLORD from LARVA at (31.3, 23.5)
2023-09-18 12:50:57.243 | 04:41   25ms  195M   36G  58/ 62U [PlanCancelBuilding] Cancelled HATCHERY at (85.5, 49.5) with 88.052734375 health
2023-09-18 12:50:57.736 | 04:43   22ms  405M   44G  58/ 62U [ActUnit] OVERLORD from LARVA at (28.4, 47.6)
2023-09-18 12:50:58.526 | 04:46   21ms  375M   56G  57/ 62U [ActUnit] QUEEN from HATCHERY at (28.5, 110.5)
2023-09-18 12:50:58.854 | 04:47   27ms  380M   60G  59/ 62U [ActUnit] DRONE from LARVA at (61.5, 42.6)
2023-09-18 12:50:59.284 | 04:49   23ms  400M   68G  60/ 62U [ActUnit] DRONE from LARVA at (28.5, 107.6)
2023-09-18 12:50:59.501 | 04:50   28ms  380M   72G  61/ 62U [ActUnit] DRONE from LARVA at (28.4, 76.6)
2023-09-18 12:51:00.380 | 04:54   27ms  555M   88G  62/ 62U [Expand] Expanding to (85.5, 49.5)
2023-09-18 12:51:00.706 | 04:55   20ms  300M   92G  62/ 62U [Expand] Expanding to (85.5, 49.5)
2023-09-18 12:51:01.100 | 04:56   22ms  320M  100G  61/ 62U [ActUnit] DRONE from LARVA at (31.4, 23.9)
2023-09-18 12:51:01.105 | 04:56   22ms  320M  100G  61/ 62U [Expand] Expanding to (85.5, 49.5)
2023-09-18 12:51:01.359 | 04:57   22ms  300M  108G  61/ 62U [ActUnit] DRONE from LARVA at (28.0, 47.6)
2023-09-18 12:51:01.363 | 04:57   22ms  300M  108G  61/ 62U [Expand] Expanding to (85.5, 49.5)
2023-09-18 12:51:01.725 | 04:59   20ms   20M  112G  60/ 62U [ActUnit] DRONE from LARVA at (61.4, 42.4)
2023-09-18 12:51:01.867 | 04:59   23ms  335M  112G  60/ 62U [Expand] Expanding to (85.5, 49.5)
2023-09-18 12:51:02.111 | 05:00   21ms  620M  116G  58/ 70U [ActUnit] DRONE from LARVA at (28.5, 107.6)
2023-09-18 12:51:02.115 | 05:00   21ms  620M  116G  58/ 70U [Expand] Expanding to (85.5, 49.5)
2023-09-18 12:51:02.116 | 05:00   21ms  320M  116G  58/ 70U [Tech] Started ZERGLINGMOVEMENTSPEED
2023-09-18 12:51:02.222 | 05:00   24ms  550M   16G  59/ 70U [Expand] Expanding to (85.5, 49.5)
2023-09-18 12:51:02.356 | 05:01   23ms  215M   16G  59/ 70U [ActUnit] DRONE from LARVA at (28.5, 76.7)
2023-09-18 12:51:02.611 | 05:02   23ms  485M   20G  59/ 84U [ActUnit] DRONE from LARVA at (87.5, 22.6)
2023-09-18 12:51:02.615 | 05:02   23ms  485M   20G  59/ 84U [Expand] Expanding to (85.5, 49.5)
2023-09-18 12:51:02.730 | 05:02   23ms  495M   20G  60/ 84U [Expand] Expanding to (85.5, 49.5)
2023-09-18 12:51:02.896 | 05:03   23ms  180M   20G  60/ 84U [ActUnit] DRONE from LARVA at (31.4, 23.8)
2023-09-18 12:51:03.421 | 05:04   21ms  195M   28G  61/ 84U [ActUnit] DRONE from LARVA at (28.5, 47.7)
2023-09-18 12:51:05.274 | 05:11   27ms  415M   44G  62/ 78U [ActUnit] DRONE from LARVA at (28.5, 107.6)
2023-09-18 12:51:05.529 | 05:12   22ms  390M   48G  63/ 78U [ActUnit] DRONE from LARVA at (28.4, 76.6)
2023-09-18 12:51:05.782 | 05:12   23ms  375M   48G  63/ 78U [ActUnit] DRONE from LARVA at (87.5, 22.6)
2023-09-18 12:51:06.035 | 05:13   22ms  365M   52G  64/ 78U [ActUnit] DRONE from LARVA at (31.6, 23.9)
2023-09-18 12:51:06.549 | 05:15   26ms  400M   56G  65/ 78U [ActUnit] DRONE from LARVA at (28.6, 47.6)
2023-09-18 12:51:07.199 | 05:17   21ms  495M   60G  66/ 78U [Expand] Expanding to (61.5, 45.5)
2023-09-18 12:51:08.183 | 05:20   71ms  305M   68G  66/ 78U [Expand] Expanding to (61.5, 45.5)
2023-09-18 12:51:08.710 | 05:21   80ms   20M   72G  65/ 78U [ActUnit] DRONE from LARVA at (28.5, 107.6)
2023-09-18 12:51:08.894 | 05:22   72ms  345M   72G  66/ 78U [Expand] Expanding to (129.5, 27.5)
2023-09-18 12:51:09.003 | 05:22   89ms   20M   76G  66/ 78U [ActUnit] DRONE from LARVA at (28.6, 76.6)
2023-09-18 12:51:09.008 | 05:22   89ms   20M   76G  66/ 78U [Inject] injecting hatch (31.5, 26.5)
2023-09-18 12:51:09.316 | 05:23   22ms   25M   76G  67/ 78U [PlanCancelBuilding] Cancelled HATCHERY at (85.5, 49.5) with 105.14501953125 health
2023-09-18 12:51:09.460 | 05:23   25ms  215M   76G  68/ 78U [ActUnit] DRONE from LARVA at (87.5, 22.6)
2023-09-18 12:51:09.714 | 05:24   23ms  205M   80G  69/ 78U [ActUnit] DRONE from LARVA at (31.4, 23.4)
2023-09-18 12:51:10.244 | 05:26   26ms  250M   84G  69/ 78U [ActUnit] DRONE from LARVA at (28.4, 47.6)
2023-09-18 12:51:10.351 | 05:26   24ms  270M   84G  70/ 78U [GameAnalyzer] Known army advantage is now OverwhelmingDisadvantage
2023-09-18 12:51:10.352 | 05:26   24ms  270M   84G  70/ 78U [GameAnalyzer] Predicted army advantage is now OverwhelmingDisadvantage
2023-09-18 12:51:11.817 | 05:32   21ms  370M  100G  70/ 78U [ActUnit] QUEEN from HATCHERY at (87.5, 25.5)
2023-09-18 12:51:11.954 | 05:32   26ms  345M  100G  72/ 78U [ActUnit] DRONE from LARVA at (28.5, 107.6)
2023-09-18 12:51:12.210 | 05:33   26ms  340M  104G  73/ 78U [ActUnit] DRONE from LARVA at (28.4, 76.6)
2023-09-18 12:51:12.464 | 05:34   27ms  265M  108G  74/ 78U [ActUnit] OVERLORD from LARVA at (87.5, 22.6)
2023-09-18 12:51:12.739 | 05:35   27ms  205M  108G  74/ 78U [ActUnit] OVERLORD from LARVA at (31.3, 23.5)
2023-09-18 12:51:13.233 | 05:37   26ms  250M  116G  72/ 78U [ActUnit] DRONE from LARVA at (28.5, 47.7)
2023-09-18 12:51:13.478 | 05:37   31ms  305M  120G  73/ 78U [Expand] Expanding to (85.5, 49.5)
2023-09-18 12:51:15.081 | 05:40   30ms  115M  128G  72/ 78U [PlanCancelBuilding] Cancelled HATCHERY at (61.5, 45.5) with 83.4111328125 health
2023-09-18 12:51:15.199 | 05:41   23ms  360M  128G  73/ 78U [ActBuilding] 1. EVOLUTIONCHAMBER near (33.9, 43.3)
2023-09-18 12:51:15.329 | 05:41   40ms  385M  128G  71/ 78U [ActBuilding] 1. EVOLUTIONCHAMBER near (28.3, 34.9)
2023-09-18 12:51:15.441 | 05:41   26ms  340M  132G  71/ 78U [ActBuilding] 2. EVOLUTIONCHAMBER near (24.9, 135.4)
2023-09-18 12:51:15.826 | 05:43   24ms  290M  136G  69/ 78U [ActUnit] DRONE from LARVA at (28.5, 107.6)
2023-09-18 12:51:16.070 | 05:44   28ms  275M  136G  70/ 78U [ActUnit] DRONE from LARVA at (28.5, 76.6)
2023-09-18 12:51:16.311 | 05:45   28ms  260M  140G  71/ 78U [ActUnit] DRONE from LARVA at (87.5, 22.6)
2023-09-18 12:51:16.584 | 05:45   25ms  255M  144G  69/ 78U [ActUnit] DRONE from LARVA at (31.7, 23.4)
2023-09-18 12:51:16.832 | 05:46   25ms  280M  144G  68/ 78U [BuildGas] Building EXTRACTOR to (21.5, 113.5)
2023-09-18 12:51:17.065 | 05:47   29ms  280M  148G  68/ 78U [ActUnit] DRONE from LARVA at (28.5, 47.6)
2023-09-18 12:51:18.351 | 05:52   23ms  360M  160G  67/ 86U [ActUnit] QUEEN from HATCHERY at (31.5, 26.5)
2023-09-18 12:51:18.710 | 05:54   24ms  405M  164G  69/ 94U [ActUnit] DRONE from LARVA at (28.5, 107.6)
2023-09-18 12:51:18.820 | 05:54   25ms  425M  164G  70/ 94U [Expand] Expanding to (61.5, 45.5)
2023-09-18 12:51:18.949 | 05:54   24ms  375M  168G  69/ 94U [ActUnit] DRONE from LARVA at (28.5, 76.6)
2023-09-18 12:51:18.954 | 05:54   24ms  375M  168G  69/ 94U [Expand] Expanding to (61.5, 45.5)
2023-09-18 12:51:19.187 | 05:55   27ms   50M  168G  70/ 94U [ActUnit] DRONE from LARVA at (87.5, 22.7)
2023-09-18 12:51:19.290 | 05:56   24ms   35M  172G  71/100U [ActUnit] DRONE from LARVA at (30.4, 139.6)
2023-09-18 12:51:19.420 | 05:56   25ms   20M  172G  72/100U [ActUnit] DRONE from LARVA at (31.4, 23.8)
2023-09-18 12:51:19.903 | 05:58   23ms   55M  176G  72/100U [ActUnit] DRONE from LARVA at (28.5, 47.7)
2023-09-18 12:51:19.908 | 05:58   23ms   55M  176G  72/100U [Inject] injecting hatch (87.5, 25.5)
2023-09-18 12:51:21.313 | 06:03   28ms  320M  192G  72/100U [Expand] Expanding to (72.5, 144.5)
2023-09-18 12:51:21.575 | 06:04   24ms   10M  192G  72/100U [ActUnit] DRONE from LARVA at (28.5, 107.6)
2023-09-18 12:51:21.824 | 06:05   26ms    5M  196G  73/100U [ActUnit] DRONE from LARVA at (28.5, 76.7)
2023-09-18 12:51:22.165 | 06:06   23ms    0M  200G  74/100U [ActUnit] DRONE from LARVA at (30.4, 139.6)
2023-09-18 12:51:22.411 | 06:07   24ms    5M  200G  75/100U [ActUnit] DRONE from LARVA at (87.6, 22.6)
2023-09-18 12:51:22.676 | 06:08   25ms   10M  204G  75/100U [ActUnit] DRONE from LARVA at (31.9, 23.9)
2023-09-18 12:51:23.065 | 06:10   30ms   35M  208G  76/100U [ActUnit] DRONE from LARVA at (28.2, 47.9)
2023-09-18 12:51:24.686 | 06:15   33ms  245M  224G  77/100U [ActUnit] DRONE from LARVA at (28.5, 107.6)
2023-09-18 12:51:24.945 | 06:16   27ms  225M  224G  78/100U [ActUnit] DRONE from LARVA at (28.6, 76.6)
2023-09-18 12:51:25.206 | 06:17   26ms  195M  228G  79/100U [ActUnit] DRONE from LARVA at (87.5, 22.6)
2023-09-18 12:51:25.211 | 06:17   26ms  195M  228G  79/100U [PlanCancelBuilding] Cancelled HATCHERY at (85.5, 49.5) with 77.470703125 health
2023-09-18 12:51:25.324 | 06:17   26ms  395M  228G  81/100U [ActUnit] DRONE from LARVA at (30.6, 139.6)
2023-09-18 12:51:25.330 | 06:17   26ms  395M  228G  81/100U [Tech] Started ZERGMELEEWEAPONSLEVEL1
2023-09-18 12:51:25.473 | 06:18   33ms  275M  128G  81/100U [ActUnit] DRONE from LARVA at (31.4, 23.8)
2023-09-18 12:51:25.991 | 06:19   30ms  300M  136G  81/100U [ActUnit] DRONE from LARVA at (28.6, 47.6)
2023-09-18 12:51:27.243 | 06:24   29ms  360M  148G  82/100U [ActUnit] QUEEN from HATCHERY at (28.5, 50.5)
2023-09-18 12:51:27.758 | 06:26   29ms  405M  152G  84/100U [ActUnit] DRONE from LARVA at (28.5, 107.6)
2023-09-18 12:51:27.763 | 06:26   29ms  405M  152G  84/100U [Tech] Started ZERGGROUNDARMORSLEVEL1
2023-09-18 12:51:27.878 | 06:26   30ms  235M    2G  85/100U [ActUnit] DRONE from LARVA at (31.3, 23.5)
2023-09-18 12:51:28.020 | 06:27   33ms  200M    2G  86/100U [ActUnit] DRONE from LARVA at (30.9, 23.7)
2023-09-18 12:51:28.143 | 06:27   26ms  175M    6G  87/100U [ActUnit] DRONE from LARVA at (28.5, 76.3)
2023-09-18 12:51:28.285 | 06:27   31ms  155M    6G  88/100U [ActUnit] DRONE from LARVA at (31.0, 23.6)
2023-09-18 12:51:28.404 | 06:28   26ms  115M    6G  89/100U [ActUnit] DRONE from LARVA at (30.5, 139.5)
2023-09-18 12:51:28.544 | 06:28   31ms   95M   10G  90/100U [ActUnit] DRONE from LARVA at (87.6, 22.7)
2023-09-18 12:51:28.550 | 06:28   31ms   95M   10G  90/100U [Inject] injecting hatch (31.5, 26.5)
2023-09-18 12:51:28.825 | 06:29   30ms  100M   10G  91/100U [ActUnit] DRONE from LARVA at (31.5, 23.7)
2023-09-18 12:51:29.096 | 06:30   29ms   85M   14G  92/100U [ActUnit] DRONE from LARVA at (28.5, 47.7)
2023-09-18 12:51:31.788 | 06:36   29ms  380M   30G  93/100U [ActUnit] DRONE from LARVA at (28.5, 107.6)
2023-09-18 12:51:32.050 | 06:37   30ms  390M   34G  94/100U [ActUnit] DRONE from LARVA at (28.6, 76.6)
2023-09-18 12:51:32.297 | 06:38   31ms  390M   38G  95/100U [ActUnit] DRONE from LARVA at (87.5, 22.6)
2023-09-18 12:51:32.416 | 06:39   27ms  315M   42G  96/100U [ActUnit] OVERLORD from LARVA at (30.4, 139.6)
2023-09-18 12:51:32.878 | 06:40   37ms  295M   50G  96/100U [ActUnit] OVERLORD from LARVA at (31.5, 23.6)
2023-09-18 12:51:33.135 | 06:41   32ms  295M   50G  96/100U [ActUnit] DRONE from LARVA at (28.5, 47.7)
2023-09-18 12:51:34.168 | 06:44   33ms  375M   74G  97/100U [ActUnit] QUEEN from HATCHERY at (31.5, 26.5)
2023-09-18 12:51:34.807 | 06:47   28ms  470M   82G  99/106U [ActUnit] DRONE from LARVA at (129.5, 24.6)
2023-09-18 12:51:34.815 | 06:47   28ms  470M   82G  99/106U [Inject] injecting hatch (129.5, 27.5)
2023-09-18 12:51:34.951 | 06:47   38ms  435M   86G 100/106U [ActUnit] DRONE from LARVA at (28.5, 107.6)
2023-09-18 12:51:35.209 | 06:48   32ms  455M   90G 101/106U [ActUnit] DRONE from LARVA at (28.5, 76.7)
2023-09-18 12:51:35.495 | 06:49   39ms  450M   98G 102/106U [ActUnit] DRONE from LARVA at (87.5, 22.6)
2023-09-18 12:51:35.623 | 06:49   31ms  440M   98G 103/106U [ActUnit] DRONE from LARVA at (30.4, 139.7)
2023-09-18 12:51:36.045 | 06:51   33ms  475M  106G 104/106U [ActUnit] DRONE from LARVA at (31.6, 23.6)
2023-09-18 12:51:36.317 | 06:52   33ms  465M  110G 104/106U [ActUnit] DRONE from LARVA at (28.4, 47.7)
2023-09-18 12:51:36.869 | 06:53   40ms  410M   22G 104/106U [BuildGas] Building EXTRACTOR to (33.5, 149.5)
2023-09-18 12:51:38.010 | 06:57   28ms  810M  142G 103/114U [ActUnit] DRONE from LARVA at (129.5, 24.6)
2023-09-18 12:51:38.153 | 06:58   35ms  785M  146G 104/114U [ActUnit] DRONE from LARVA at (28.5, 107.6)
2023-09-18 12:51:38.425 | 06:59   41ms  775M  150G 105/122U [ActUnit] DRONE from LARVA at (28.5, 76.6)
2023-09-18 12:51:38.560 | 06:59   30ms  770M  154G 106/122U [ActUnit] DRONE from LARVA at (30.8, 23.6)
2023-09-18 12:51:38.704 | 07:00   45ms  750M  154G 107/122U [ActUnit] DRONE from LARVA at (31.0, 23.5)
2023-09-18 12:51:38.833 | 07:00   31ms  735M  158G 108/122U [ActUnit] DRONE from LARVA at (87.7, 22.9)
2023-09-18 12:51:38.841 | 07:00   31ms  585M   58G 108/122U [Inject] injecting hatch (31.5, 26.5)
2023-09-18 12:51:38.842 | 07:00   31ms  585M   58G 108/122U [Inject] injecting hatch (28.5, 79.5)
2023-09-18 12:51:38.971 | 07:00   42ms  705M  158G 109/122U [ActUnit] DRONE from LARVA at (31.0, 23.5)
2023-09-18 12:51:39.097 | 07:01   31ms  680M  162G 110/122U [ActUnit] ZERGLING from LARVA at (30.7, 139.6)
2023-09-18 12:51:39.505 | 07:02   42ms  740M  170G 111/122U [ActUnit] ZERGLING from LARVA at (28.5, 47.7)
2023-09-18 12:51:39.793 | 07:03   43ms  740M  174G 111/122U [ActUnit] DRONE from LARVA at (31.5, 23.4)
2023-09-18 12:51:41.267 | 07:08   30ms 1025M  202G 111/122U [ActUnit] DRONE from LARVA at (129.5, 24.6)
2023-09-18 12:51:41.423 | 07:09   44ms 1025M  202G 112/122U [ActUnit] ZERGLING from LARVA at (28.5, 107.6)
2023-09-18 12:51:41.711 | 07:09   34ms 1015M  206G 113/122U [ActUnit] ZERGLING from LARVA at (28.4, 76.6)
2023-09-18 12:51:41.982 | 07:10   43ms 1040M  214G 114/122U [ActUnit] ZERGLING from LARVA at (87.5, 22.6)
2023-09-18 12:51:42.114 | 07:11   32ms 1015M  214G 115/122U [ActUnit] ZERGLING from LARVA at (30.6, 139.5)
2023-09-18 12:51:42.831 | 07:13   46ms 1145M  226G 116/122U [ActUnit] ZERGLING from LARVA at (28.5, 47.7)
2023-09-18 12:51:42.975 | 07:13   32ms 1035M  130G 117/122U [Inject] injecting hatch (87.5, 25.5)
2023-09-18 12:51:43.117 | 07:14   44ms 1160M  234G 117/122U [ActUnit] ZERGLING from LARVA at (31.6, 23.5)
2023-09-18 12:51:43.590 | 07:15   38ms 1155M  238G 117/128U [ActUnit] DRONE from LARVA at (61.5, 42.6)
2023-09-18 12:51:43.715 | 07:15   32ms 1135M  238G 118/128U [ActUnit] ZERGLING from LARVA at (86.8, 22.4)
2023-09-18 12:51:43.724 | 07:15   32ms  985M  138G 118/128U [Inject] injecting hatch (61.5, 45.5)
2023-09-18 12:51:43.860 | 07:16   42ms 1110M  242G 119/128U [ActUnit] ZERGLING from LARVA at (86.9, 22.3)
2023-09-18 12:51:43.988 | 07:16   33ms 1115M  242G 120/128U [ActUnit] ZERGLING from LARVA at (86.9, 22.3)
2023-09-18 12:51:44.852 | 07:19   32ms 1260M  258G 120/128U [ActUnit] DRONE from LARVA at (129.5, 24.6)
2023-09-18 12:51:45.003 | 07:19   41ms 1220M  262G 121/128U [ActUnit] ZERGLING from LARVA at (28.5, 107.6)
2023-09-18 12:51:45.283 | 07:20   45ms 1230M  266G 122/128U [ActUnit] ZERGLING from LARVA at (28.5, 76.6)
2023-09-18 12:51:45.718 | 07:21   32ms 1135M  174G 123/128U [ActUnit] ZERGLING from LARVA at (30.4, 139.7)
2023-09-18 12:51:45.883 | 07:22   50ms 1145M  174G 122/128U [BuildGas] Building EXTRACTOR to (26.5, 57.5)
2023-09-18 12:51:46.183 | 07:23   40ms 1165M  182G 121/128U [ActUnit] DRONE from LARVA at (87.5, 22.8)
2023-09-18 12:51:46.482 | 07:24   46ms 1185M  186G 122/128U [ActUnit] DRONE from LARVA at (28.6, 47.7)
2023-09-18 12:51:46.776 | 07:25   37ms 1185M  190G 122/128U [ActUnit] DRONE from LARVA at (31.3, 23.7)
2023-09-18 12:51:46.783 | 07:25   37ms 1185M  190G 122/128U [Expand] Expanding to (85.5, 49.5)
2023-09-18 12:51:46.928 | 07:25   33ms  915M  194G 123/128U [Expand] Expanding to (85.5, 49.5)
2023-09-18 12:51:47.069 | 07:25   44ms  600M  194G 123/128U [ActUnit] DRONE from LARVA at (61.5, 42.6)
2023-09-18 12:51:47.076 | 07:25   44ms  600M  194G 123/128U [Expand] Expanding to (85.5, 49.5)
2023-09-18 12:51:48.137 | 07:29   32ms  675M  214G 120/128U [ActUnit] QUEEN from HATCHERY at (61.5, 45.5)
2023-09-18 12:51:48.425 | 07:30   31ms  700M  218G 122/128U [ActUnit] DRONE from LARVA at (129.5, 24.6)
2023-09-18 12:51:48.601 | 07:30   38ms  670M  218G 123/134U [ActUnit] DRONE from LARVA at (72.6, 141.6)
2023-09-18 12:51:48.747 | 07:30   33ms  660M  222G 124/134U [ActUnit] ZERGLING from LARVA at (31.6, 23.9)
2023-09-18 12:51:48.913 | 07:31   42ms  635M  222G 121/134U [ActUnit] DRONE from LARVA at (31.0, 23.9)
2023-09-18 12:51:48.920 | 07:31   42ms  635M  222G 121/134U [Expand] Expanding to (74.5, 120.5)
2023-09-18 12:51:49.061 | 07:31   34ms  315M  226G 122/134U [ActUnit] DRONE from LARVA at (28.1, 76.7)
2023-09-18 12:51:49.069 | 07:31   34ms  315M  226G 122/134U [Expand] Expanding to (74.5, 120.5)
2023-09-18 12:51:49.214 | 07:32   43ms  285M  230G 123/134U [ActUnit] DRONE from LARVA at (28.7, 107.5)
2023-09-18 12:51:49.221 | 07:32   43ms  285M  230G 123/134U [Inject] injecting hatch (31.5, 26.5)
2023-09-18 12:51:49.221 | 07:32   43ms  285M  230G 123/134U [Inject] injecting hatch (72.5, 144.5)
2023-09-18 12:51:49.368 | 07:32   35ms  280M  230G 123/134U [ActUnit] DRONE from LARVA at (31.0, 23.9)
2023-09-18 12:51:49.523 | 07:33   45ms  265M  234G 124/134U [ActUnit] DRONE from LARVA at (30.3, 139.6)
2023-09-18 12:51:49.531 | 07:33   45ms  265M  234G 124/134U [Inject] injecting hatch (28.5, 50.5)
2023-09-18 12:51:49.686 | 07:33   36ms  300M  238G 125/134U [Expand] Expanding to (74.5, 120.5)
2023-09-18 12:51:49.829 | 07:34   47ms   30M  238G 125/134U [GameAnalyzer] Known army advantage is now ClearDisadvantage
2023-09-18 12:51:49.830 | 07:34   47ms   30M  238G 125/134U [GameAnalyzer] Predicted army advantage is now ClearDisadvantage
2023-09-18 12:51:49.970 | 07:34   34ms  305M  242G 125/134U [ActUnit] ZERGLING from LARVA at (87.5, 22.9)
2023-09-18 12:51:49.981 | 07:34   34ms  305M  242G 125/134U [Expand] Expanding to (74.5, 120.5)
2023-09-18 12:51:51.179 | 07:35   32ms  130M  246G 124/128U [ActUnit] OVERLORD from LARVA at (28.4, 47.6)
2023-09-18 12:51:51.675 | 07:36   49ms  130M  254G 124/128U [ActUnit] OVERLORD from LARVA at (31.5, 23.6)
2023-09-18 12:51:52.931 | 07:40   41ms  380M  274G 123/128U [Inject] injecting hatch (129.5, 27.5)
2023-09-18 12:51:53.065 | 07:40   36ms  360M  274G 123/128U [ActUnit] DRONE from LARVA at (128.6, 24.8)
2023-09-18 12:51:53.233 | 07:41   40ms  350M  278G 124/128U [ActUnit] ZERGLING from LARVA at (28.5, 107.6)
2023-09-18 12:51:53.385 | 07:41   36ms  325M  278G 125/128U [ActUnit] ZERGLING from LARVA at (72.4, 141.9)
2023-09-18 12:51:53.545 | 07:42   45ms  290M  282G 126/128U [ActUnit] ZERGLING from LARVA at (127.9, 25.2)
2023-09-18 12:51:53.696 | 07:42   37ms  270M  286G 127/128U [ActUnit] ZERGLING from LARVA at (28.5, 76.9)
2023-09-18 12:51:53.861 | 07:42   50ms  305M  286G 128/128U [Inject] injecting hatch (87.5, 25.5)
2023-09-18 12:51:54.342 | 07:44   36ms  395M  294G 128/128U [PlanCancelBuilding] Cancelled HATCHERY at (85.5, 49.5) with 15.068359375 health
2023-09-18 12:51:55.110 | 07:46   47ms  840M  306G 127/128U [ActUnit] DRONE from LARVA at (30.8, 139.9)
2023-09-18 12:51:56.261 | 07:49   37ms 1285M  322G 127/128U [ActUnit] DRONE from LARVA at (28.3, 47.3)
2023-09-18 12:51:57.366 | 07:52   50ms 1510M  342G 128/128U [Inject] injecting hatch (28.5, 79.5)
2023-09-18 12:51:57.673 | 07:53   42ms 1515M  346G 128/136U [ActUnit] ZERGLING from LARVA at (28.8, 76.5)
2023-09-18 12:51:57.680 | 07:53   42ms 1365M  346G 128/136U [ActUnit] QUEEN from HATCHERY at (30.5, 142.5)
2023-09-18 12:51:57.819 | 07:54   39ms 1365M  346G 131/136U [ActUnit] ZERGLING from LARVA at (27.5, 76.4)
2023-09-18 12:51:57.991 | 07:54   42ms 1290M  350G 132/136U [ActUnit] OVERLORD from LARVA at (29.1, 107.4)
2023-09-18 12:51:57.993 | 07:54   42ms 1240M  350G 132/136U [ActUnit] ZERGLING from LARVA at (30.3, 139.4)
2023-09-18 12:51:58.136 | 07:55   40ms 1215M  354G 133/144U [ActUnit] ZERGLING from LARVA at (88.9, 23.2)
2023-09-18 12:51:58.315 | 07:55   41ms 1210M  354G 134/144U [ActUnit] ZERGLING from LARVA at (129.8, 24.5)
2023-09-18 12:51:58.467 | 07:55   37ms 1210M  358G 135/144U [ActUnit] ZERGLING from LARVA at (31.6, 23.8)
2023-09-18 12:51:58.628 | 07:56   50ms 1185M  358G 136/144U [ActUnit] ZERGLING from LARVA at (72.4, 141.6)
2023-09-18 12:51:58.774 | 07:56   37ms 1165M  362G 137/144U [ActUnit] ZERGLING from LARVA at (128.0, 25.0)
2023-09-18 12:51:58.933 | 07:57   47ms 1155M  366G 137/144U [ActUnit] DRONE from LARVA at (27.2, 76.7)
2023-09-18 12:51:59.077 | 07:57   37ms 1135M  366G 138/144U [ActUnit] ZERGLING from LARVA at (28.7, 47.5)
2023-09-18 12:51:59.246 | 07:58   45ms 1115M  370G 139/144U [ActUnit] ZERGLING from LARVA at (88.9, 22.7)
2023-09-18 12:51:59.393 | 07:58   37ms 1030M  374G 140/144U [ActUnit] OVERLORD from LARVA at (129.2, 24.9)
2023-09-18 12:51:59.395 | 07:58   37ms  980M  374G 140/144U [ActUnit] ZERGLING from LARVA at (86.5, 22.8)
2023-09-18 12:51:59.558 | 07:59   45ms  960M  374G 141/144U [ActUnit] ZERGLING from LARVA at (87.9, 22.7)
2023-09-18 12:51:59.711 | 07:59   40ms  955M  378G 142/144U [ActUnit] ZERGLING from LARVA at (31.9, 23.6)
2023-09-18 12:52:00.672 | 08:02   39ms 1110M  394G 143/144U [ActUnit] ZERGLING from LARVA at (31.5, 23.6)
2023-09-18 12:52:00.843 | 08:02   46ms 1110M  398G 143/144U [ActUnit] DRONE from LARVA at (30.6, 23.8)
2023-09-18 12:52:01.320 | 08:03   39ms 1180M  406G 144/144U [Inject] injecting hatch (31.5, 26.5)
2023-09-18 12:52:03.180 | 08:09   39ms 1595M  446G 144/144U [Inject] injecting hatch (129.5, 27.5)
2023-09-18 12:52:04.294 | 08:12   43ms 1850M  474G 144/144U [Tech] Started ZERGMELEEWEAPONSLEVEL2
2023-09-18 12:52:04.445 | 08:12   42ms 1850M  478G 144/152U [ActUnit] ZERGLING from LARVA at (128.8, 24.7)
2023-09-18 12:52:04.457 | 08:12   42ms 1850M  478G 144/152U [Tech] Started ZERGMELEEWEAPONSLEVEL2
2023-09-18 12:52:04.621 | 08:13   54ms 1870M  486G 145/152U [GameAnalyzer] Known army advantage is now SmallDisadvantage
2023-09-18 12:52:04.622 | 08:13   54ms 1870M  486G 145/152U [GameAnalyzer] Predicted army advantage is now SmallDisadvantage
2023-09-18 12:52:04.623 | 08:13   54ms 1820M  486G 145/152U [ActUnit] ZERGLING from LARVA at (129.7, 24.8)
2023-09-18 12:52:04.630 | 08:13   54ms 1820M  486G 145/152U [Tech] Started ZERGMELEEWEAPONSLEVEL2
2023-09-18 12:52:04.776 | 08:13   42ms 1810M  486G 146/152U [ActUnit] ZERGLING from LARVA at (130.8, 24.2)
2023-09-18 12:52:04.785 | 08:13   42ms 1810M  486G 146/152U [Tech] Started ZERGMELEEWEAPONSLEVEL2
2023-09-18 12:52:04.934 | 08:14   49ms 1780M  490G 147/152U [ActUnit] ZERGLING from LARVA at (30.0, 139.5)
2023-09-18 12:52:04.941 | 08:14   49ms 1780M  490G 147/152U [Tech] Started ZERGMELEEWEAPONSLEVEL2
2023-09-18 12:52:05.085 | 08:14   40ms 1720M  494G 148/152U [ActUnit] OVERLORD from LARVA at (72.0, 141.6)
2023-09-18 12:52:05.086 | 08:14   40ms 1670M  494G 148/152U [ActUnit] ZERGLING from LARVA at (72.4, 141.7)
2023-09-18 12:52:05.094 | 08:14   40ms 1670M  494G 148/152U [Tech] Started ZERGMELEEWEAPONSLEVEL2
2023-09-18 12:52:05.258 | 08:15   48ms 1600M  498G 149/152U [ActUnit] OVERLORD from LARVA at (86.9, 22.7)
2023-09-18 12:52:05.259 | 08:15   48ms 1550M  498G 149/152U [ActUnit] ZERGLING from LARVA at (28.1, 107.4)
2023-09-18 12:52:05.266 | 08:15   48ms 1550M  498G 149/152U [Tech] Started ZERGMELEEWEAPONSLEVEL2
2023-09-18 12:52:05.417 | 08:15   45ms 1530M  498G 150/152U [ActUnit] ZERGLING from LARVA at (30.5, 139.7)
2023-09-18 12:52:05.425 | 08:15   45ms 1530M  498G 150/152U [Tech] Started ZERGMELEEWEAPONSLEVEL2
2023-09-18 12:52:05.600 | 08:15   53ms 1515M  506G 151/152U [ActUnit] ZERGLING from LARVA at (28.8, 47.7)
2023-09-18 12:52:05.607 | 08:15   53ms 1515M  506G 151/152U [Tech] Started ZERGMELEEWEAPONSLEVEL2
2023-09-18 12:52:05.767 | 08:16   44ms 1535M  514G 152/152U [Tech] Started ZERGMELEEWEAPONSLEVEL2
2023-09-18 12:52:05.984 | 08:16   51ms 1530M  514G 152/160U [ActUnit] ZERGLING from LARVA at (28.7, 107.3)
2023-09-18 12:52:05.991 | 08:16   51ms 1530M  514G 152/160U [Tech] Started ZERGMELEEWEAPONSLEVEL2
2023-09-18 12:52:06.148 | 08:17   41ms 1525M  518G 153/160U [ActUnit] ZERGLING from LARVA at (28.5, 76.7)
2023-09-18 12:52:06.157 | 08:17   41ms 1525M  518G 153/160U [Tech] Started ZERGMELEEWEAPONSLEVEL2
2023-09-18 12:52:06.307 | 08:17   52ms 1530M  526G 154/160U [ActUnit] ZERGLING from LARVA at (30.5, 23.4)
2023-09-18 12:52:06.314 | 08:17   52ms 1530M  526G 154/160U [Tech] Started ZERGMELEEWEAPONSLEVEL2
2023-09-18 12:52:06.472 | 08:18   42ms 1515M  526G 154/160U [ActUnit] DRONE from LARVA at (28.5, 76.3)
2023-09-18 12:52:06.481 | 08:18   42ms 1515M  526G 154/160U [Tech] Started ZERGMELEEWEAPONSLEVEL2
2023-09-18 12:52:06.641 | 08:18   51ms 1510M  530G 155/160U [ActUnit] ZERGLING from LARVA at (27.3, 48.1)
2023-09-18 12:52:06.648 | 08:18   51ms 1510M  530G 155/160U [Tech] Started ZERGMELEEWEAPONSLEVEL2
2023-09-18 12:52:06.797 | 08:19   42ms 1340M  384G 156/160U [ActUnit] ZERGLING from LARVA at (30.1, 23.3)
2023-09-18 12:52:06.958 | 08:19   52ms 1305M  392G 157/160U [ActUnit] ZERGLING from LARVA at (28.2, 47.7)
2023-09-18 12:52:07.124 | 08:20   44ms 1300M  392G 158/160U [ActUnit] ZERGLING from LARVA at (128.8, 24.6)
2023-09-18 12:52:07.283 | 08:20   54ms 1280M  400G 158/160U [ActUnit] DRONE from LARVA at (87.7, 22.8)
2023-09-18 12:52:07.455 | 08:20   43ms 1250M  404G 159/160U [ActUnit] ZERGLING from LARVA at (28.7, 47.9)
2023-09-18 12:52:07.465 | 08:20   43ms 1250M  404G 159/160U [Tech] Started ZERGGROUNDARMORSLEVEL2
2023-09-18 12:52:07.826 | 08:21   54ms 1050M  179G 160/160U [ActBuilding] 1. INFESTATIONPIT near (40.4, 27.9)
2023-09-18 12:52:08.641 | 08:23   43ms 1180M  107G 160/160U [Inject] injecting hatch (30.5, 142.5)
2023-09-18 12:52:08.953 | 08:24   43ms 1180M  119G 159/160U [ActUnit] DRONE from LARVA at (28.6, 107.4)
2023-09-18 12:52:08.966 | 08:24   43ms 1180M  119G 159/160U [Inject] injecting hatch (28.5, 50.5)
2023-09-18 12:52:10.942 | 08:29   44ms 1610M  175G 160/160U [Inject] injecting hatch (28.5, 110.5)
2023-09-18 12:52:11.796 | 08:32   58ms 1760M  199G 160/160U [Inject] injecting hatch (87.5, 25.5)
2023-09-18 12:52:13.028 | 08:32   53ms 1835M  211G 160/168U [GameAnalyzer] Known army advantage is now SlightDisadvantage
2023-09-18 12:52:13.029 | 08:32   53ms 1835M  211G 160/168U [GameAnalyzer] Predicted army advantage is now SlightDisadvantage
2023-09-18 12:52:13.031 | 08:32   53ms 1785M  211G 160/168U [ActUnit] ZERGLING from LARVA at (72.1, 141.6)
2023-09-18 12:52:13.201 | 08:33   45ms 1785M  215G 161/176U [ActUnit] ZERGLING from LARVA at (129.7, 24.5)
2023-09-18 12:52:13.391 | 08:33   50ms 1775M  219G 162/176U [ActUnit] ZERGLING from LARVA at (86.7, 22.9)
2023-09-18 12:52:13.559 | 08:34   44ms 1765M  227G 163/176U [ActUnit] ZERGLING from LARVA at (31.6, 23.7)
2023-09-18 12:52:13.732 | 08:34   54ms 1755M  227G 164/176U [ActUnit] ZERGLING from LARVA at (31.6, 23.7)
2023-09-18 12:52:13.898 | 08:35   46ms 1725M  235G 165/176U [ActUnit] ZERGLING from LARVA at (28.6, 107.4)
2023-09-18 12:52:14.070 | 08:35   50ms 1695M  239G 166/176U [ActUnit] ZERGLING from LARVA at (72.5, 141.9)
2023-09-18 12:52:14.078 | 08:35   50ms 1695M  239G 166/176U [Inject] injecting hatch (31.5, 26.5)
2023-09-18 12:52:14.244 | 08:36   46ms 1680M  243G 167/176U [ActUnit] ZERGLING from LARVA at (28.4, 47.9)
2023-09-18 12:52:14.407 | 08:36   54ms 1670M  247G 168/176U [ActUnit] ZERGLING from LARVA at (31.7, 23.6)
2023-09-18 12:52:14.584 | 08:36   44ms 1670M  255G 169/176U [ActUnit] ZERGLING from LARVA at (27.8, 76.7)
2023-09-18 12:52:14.745 | 08:37   57ms 1645M  259G 170/176U [ActUnit] ZERGLING from LARVA at (31.7, 23.6)
2023-09-18 12:52:14.909 | 08:37   45ms 1620M  263G 171/176U [ActUnit] ZERGLING from LARVA at (129.4, 24.7)
2023-09-18 12:52:15.093 | 08:38   55ms 1570M  267G 172/176U [ActUnit] OVERLORD from LARVA at (30.3, 139.3)
2023-09-18 12:52:15.095 | 08:38   55ms 1520M  267G 172/176U [ActUnit] ZERGLING from LARVA at (31.8, 23.4)
2023-09-18 12:52:15.261 | 08:38   49ms 1465M  275G 173/176U [ActUnit] OVERLORD from LARVA at (87.6, 22.7)
2023-09-18 12:52:15.263 | 08:38   49ms 1415M  275G 173/176U [ActUnit] ZERGLING from LARVA at (88.4, 22.9)
2023-09-18 12:52:15.436 | 08:39   57ms 1420M  279G 174/176U [ActUnit] ZERGLING from LARVA at (28.4, 76.8)
2023-09-18 12:52:15.614 | 08:39   47ms 1400M  283G 175/176U [ActUnit] ZERGLING from LARVA at (86.1, 23.2)
2023-09-18 12:52:15.790 | 08:40   60ms 1430M  287G 176/176U [Expand] Expanding to (61.5, 45.5)
2023-09-18 12:52:15.965 | 08:40   47ms 1140M  291G 176/176U [Expand] Expanding to (61.5, 45.5)
2023-09-18 12:52:16.165 | 08:40   53ms  875M  295G 176/176U [Expand] Expanding to (61.5, 45.5)
2023-09-18 12:52:16.335 | 08:41   48ms  635M  303G 176/176U [Expand] Expanding to (61.5, 45.5)
2023-09-18 12:52:16.513 | 08:41   55ms  375M  307G 176/176U [Expand] Expanding to (61.5, 45.5)
2023-09-18 12:52:17.367 | 08:44   47ms  180M  331G 175/176U [ActUnit] DRONE from LARVA at (29.3, 76.4)
2023-09-18 12:52:19.831 | 08:50   47ms 1265M  399G 176/176U [Inject] injecting hatch (72.5, 144.5)
2023-09-18 12:52:20.539 | 08:52   47ms 1405M  419G 176/176U [GameAnalyzer] Known army advantage is now Even
2023-09-18 12:52:20.541 | 08:52   47ms 1405M  419G 176/176U [GameAnalyzer] Predicted army advantage is now Even
2023-09-18 12:52:21.785 | 08:55   55ms 2240M  451G 176/176U [Expand] Expanding to (85.5, 49.5)
2023-09-18 12:52:21.969 | 08:55   50ms 1990M  455G 176/176U [Expand] Expanding to (85.5, 49.5)
2023-09-18 12:52:22.131 | 08:56   66ms 1730M  463G 176/176U [Expand] Expanding to (85.5, 49.5)
2023-09-18 12:52:22.133 | 08:56   66ms 1430M  463G 176/176U [Inject] injecting hatch (28.5, 79.5)
2023-09-18 12:52:22.294 | 08:56   51ms 1425M  467G 176/184U [ActUnit] ZERGLING from LARVA at (88.0, 22.9)
2023-09-18 12:52:22.304 | 08:56   51ms 1425M  467G 176/184U [Expand] Expanding to (85.5, 49.5)
2023-09-18 12:52:22.496 | 08:57   59ms 1385M  471G 177/192U [ActUnit] ZERGLING from LARVA at (29.0, 47.6)
2023-09-18 12:52:22.504 | 08:57   59ms 1385M  471G 177/192U [Expand] Expanding to (85.5, 49.5)
2023-09-18 12:52:22.685 | 08:57   48ms 1075M  479G 178/192U [ActUnit] ZERGLING from LARVA at (73.6, 142.0)
2023-09-18 12:52:22.694 | 08:57   48ms 1075M  479G 178/192U [Expand] Expanding to (85.5, 49.5)
2023-09-18 12:52:22.863 | 08:57   61ms  780M  483G 178/192U [ActUnit] DRONE from LARVA at (28.8, 107.9)
2023-09-18 12:52:23.042 | 08:58   47ms  745M  487G 179/192U [ActUnit] ZERGLING from LARVA at (28.4, 76.3)
2023-09-18 12:52:23.220 | 08:58   63ms  730M  491G 180/192U [ActUnit] ZERGLING from LARVA at (87.9, 22.7)
2023-09-18 12:52:23.229 | 08:58   63ms  730M  491G 180/192U [Inject] injecting hatch (129.5, 27.5)
2023-09-18 12:52:23.410 | 08:59   48ms  700M  495G 181/192U [ActUnit] ZERGLING from LARVA at (129.6, 24.4)
2023-09-18 12:52:23.613 | 08:59   60ms  690M  499G 182/192U [ActUnit] ZERGLING from LARVA at (30.1, 139.0)
2023-09-18 12:52:23.789 | 09:00   47ms  660M  503G 183/192U [ActUnit] ZERGLING from LARVA at (31.3, 23.9)
2023-09-18 12:52:24.000 | 09:00   56ms  460M  361G 184/192U [ActUnit] ZERGLING from LARVA at (28.8, 76.7)
2023-09-18 12:52:24.171 | 09:01   50ms  460M  365G 185/192U [ActUnit] ZERGLING from LARVA at (72.7, 141.8)
2023-09-18 12:52:24.342 | 09:01   54ms  740M  369G 186/192U [ActUnit] ZERGLING from LARVA at (28.9, 76.7)
2023-09-18 12:52:24.516 | 09:01   48ms  700M  377G 187/192U [ActUnit] ZERGLING from LARVA at (128.9, 24.4)
2023-09-18 12:52:24.686 | 09:02   54ms  650M  381G 188/192U [ActUnit] OVERLORD from LARVA at (30.4, 139.9)
2023-09-18 12:52:24.688 | 09:02   54ms  600M  381G 188/192U [ActUnit] ZERGLING from LARVA at (129.5, 24.4)
2023-09-18 12:52:24.862 | 09:02   52ms  520M  385G 189/192U [ActUnit] OVERLORD from LARVA at (28.6, 47.2)
2023-09-18 12:52:24.865 | 09:02   52ms  470M  385G 189/192U [ActUnit] ZERGLING from LARVA at (31.8, 23.8)
2023-09-18 12:52:25.037 | 09:03   59ms  425M  389G 190/192U [ActUnit] OVERLORD from LARVA at (128.2, 24.6)
2023-09-18 12:52:25.039 | 09:03   59ms  375M  389G 190/192U [ActUnit] ZERGLING from LARVA at (28.9, 107.9)
2023-09-18 12:52:25.221 | 09:03   51ms  365M  397G 191/192U [ActUnit] ZERGLING from LARVA at (73.3, 141.8)
2023-09-18 12:52:25.235 | 09:03   51ms  365M  397G 191/192U [PlanZoneAttack] Supply is 191 -> attack!
2023-09-18 12:52:25.237 | 09:03   51ms  365M  397G 191/192U [PlanZoneAttack] Attack started at 66.00 power.
2023-09-18 12:52:27.015 | 09:07   66ms 1515M  433G 192/192U [Inject] injecting hatch (31.5, 26.5)
2023-09-18 12:52:29.657 | 09:11   79ms 1860M  481G 191/192U [GameAnalyzer] Known army advantage is now SlightDisadvantage
2023-09-18 12:52:29.658 | 09:11   79ms 1860M  481G 191/192U [GameAnalyzer] Predicted army advantage is now SlightDisadvantage
2023-09-18 12:52:29.665 | 09:11   79ms 1810M  481G 191/192U [ActUnit] ZERGLING from LARVA at (32.7, 23.9)
2023-09-18 12:52:29.967 | 09:12   87ms 1810M  489G 189/192U [ActUnit] ZERGLING from LARVA at (128.3, 25.0)
2023-09-18 12:52:30.264 | 09:12   94ms 1785M  493G 188/192U [ActUnit] ZERGLING from LARVA at (29.6, 48.0)
2023-09-18 12:52:30.274 | 09:12   94ms 1785M  493G 188/192U [Inject] injecting hatch (30.5, 142.5)
2023-09-18 12:52:30.546 | 09:13   96ms 1775M  497G 189/192U [ActUnit] ZERGLING from LARVA at (28.8, 107.9)
2023-09-18 12:52:30.823 | 09:13   96ms 1770M  501G 190/192U [ActUnit] ZERGLING from LARVA at (73.9, 142.3)
2023-09-18 12:52:30.835 | 09:13   96ms 1770M  501G 190/192U [Expand] Expanding to (74.5, 120.5)
2023-09-18 12:52:31.114 | 09:14  105ms 1450M  505G 191/192U [ActUnit] ZERGLING from LARVA at (72.4, 141.1)
2023-09-18 12:52:31.124 | 09:14  105ms 1450M  505G 191/192U [Expand] Expanding to (74.5, 120.5)
2023-09-18 12:52:31.411 | 09:14   98ms 1120M  509G 191/192U [ActUnit] ZERGLING from LARVA at (27.6, 47.8)
2023-09-18 12:52:31.422 | 09:14   98ms 1120M  509G 191/192U [Expand] Expanding to (74.5, 120.5)
2023-09-18 12:52:31.746 | 09:14  103ms  800M  513G 189/192U [ActUnit] ZERGLING from LARVA at (29.4, 139.7)
2023-09-18 12:52:31.756 | 09:14  103ms  800M  513G 189/192U [Expand] Expanding to (74.5, 120.5)
2023-09-18 12:52:32.052 | 09:15   95ms  485M  521G 190/192U [ActUnit] ZERGLING from LARVA at (87.2, 22.9)
2023-09-18 12:52:32.062 | 09:15   95ms  485M  521G 190/192U [Expand] Expanding to (74.5, 120.5)
2023-09-18 12:52:32.349 | 09:15  101ms  195M  525G 190/192U [ActUnit] ZERGLING from LARVA at (28.2, 76.1)
2023-09-18 12:52:32.634 | 09:16   91ms  170M  529G 191/192U [ActUnit] ZERGLING from LARVA at (29.5, 139.5)
2023-09-18 12:52:33.789 | 09:18   97ms  320M  549G 192/192U [Expand] Expanding to (74.5, 120.5)
2023-09-18 12:52:34.407 | 09:18   96ms   35M  557G 187/192U [ActUnit] ZERGLING from LARVA at (29.9, 23.9)
2023-09-18 12:52:34.757 | 09:19   93ms    0M  565G 188/192U [ActUnit] ZERGLING from LARVA at (28.3, 47.9)
2023-09-18 12:52:35.341 | 09:20   96ms   10M  573G 189/192U [ActUnit] ZERGLING from LARVA at (28.7, 107.6)
2023-09-18 12:52:35.625 | 09:20   95ms   10M  577G 190/200U [ActUnit] ZERGLING from LARVA at (129.5, 24.8)
2023-09-18 12:52:36.241 | 09:21   86ms   30M  589G 188/200U [ActUnit] ZERGLING from LARVA at (32.7, 23.3)
2023-09-18 12:52:36.573 | 09:22   87ms   30M  593G 187/200U [ActUnit] ZERGLING from LARVA at (72.9, 141.5)
2023-09-18 12:52:36.584 | 09:22   87ms   30M  593G 187/200U [Inject] injecting hatch (87.5, 25.5)
2023-09-18 12:52:36.860 | 09:22   86ms   55M  597G 188/200U [GameAnalyzer] Known army advantage is now SmallDisadvantage
2023-09-18 12:52:36.862 | 09:22   86ms   55M  597G 188/200U [GameAnalyzer] Predicted army advantage is now SmallDisadvantage
2023-09-18 12:52:36.864 | 09:22   86ms    5M  597G 188/200U [ActUnit] ZERGLING from LARVA at (27.3, 108.1)
2023-09-18 12:52:37.453 | 09:23   99ms  310M  609G 188/200U [ActUnit] DRONE from LARVA at (29.9, 139.9)
2023-09-18 12:52:37.464 | 09:23   99ms  310M  609G 188/200U [Expand] Expanding to (74.5, 120.5)
2023-09-18 12:52:37.785 | 09:23  105ms  290M  613G 189/200U [ActUnit] ZERGLING from LARVA at (28.8, 47.7)
2023-09-18 12:52:38.105 | 09:24  104ms  875M  617G 189/200U [ActUnit] ZERGLING from LARVA at (129.6, 24.1)
2023-09-18 12:52:38.114 | 09:24  104ms  875M  617G 189/200U [Expand] Expanding to (74.5, 120.5)
2023-09-18 12:52:38.437 | 09:24  114ms  855M  621G 190/200U [ActUnit] ZERGLING from LARVA at (27.9, 107.8)
2023-09-18 12:52:38.448 | 09:24  114ms  855M  621G 190/200U [Expand] Expanding to (74.5, 120.5)
2023-09-18 12:52:38.749 | 09:25  110ms  830M  625G 190/200U [ActUnit] ZERGLING from LARVA at (87.9, 22.9)
2023-09-18 12:52:38.760 | 09:25  110ms  830M  625G 190/200U [Expand] Expanding to (74.5, 120.5)
2023-09-18 12:52:39.057 | 09:25  112ms  830M  633G 190/200U [ActUnit] DRONE from LARVA at (29.6, 139.9)
2023-09-18 12:52:39.067 | 09:25  112ms  830M  633G 190/200U [Expand] Expanding to (74.5, 120.5)
2023-09-18 12:52:39.365 | 09:26  105ms  825M  637G 191/200U [ActUnit] ZERGLING from LARVA at (87.3, 22.5)
2023-09-18 12:52:39.377 | 09:26  105ms  825M  637G 191/200U [Expand] Expanding to (74.5, 120.5)
2023-09-18 12:52:39.681 | 09:26  106ms  805M  641G 190/200U [ActUnit] ZERGLING from LARVA at (30.7, 139.4)
2023-09-18 12:52:39.691 | 09:26  106ms  805M  641G 190/200U [Expand] Expanding to (74.5, 120.5)
2023-09-18 12:52:39.986 | 09:26   98ms  795M  649G 191/200U [ActUnit] ZERGLING from LARVA at (27.4, 47.6)
2023-09-18 12:52:39.998 | 09:26   98ms  795M  649G 191/200U [Expand] Expanding to (74.5, 120.5)
2023-09-18 12:52:40.302 | 09:27  104ms  805M  653G 191/200U [ActUnit] ZERGLING from LARVA at (30.5, 23.1)
2023-09-18 12:52:40.313 | 09:27  104ms  805M  653G 191/200U [Expand] Expanding to (74.5, 120.5)
2023-09-18 12:52:40.607 | 09:27   99ms  475M  657G 192/200U [ActUnit] ZERGLING from LARVA at (28.5, 76.2)
2023-09-18 12:52:40.622 | 09:27   99ms  475M  657G 192/200U [Expand] Expanding to (74.5, 120.5)
2023-09-18 12:52:40.624 | 09:27   99ms  175M  657G 192/200U [Inject] injecting hatch (28.5, 50.5)
2023-09-18 12:52:40.942 | 09:28  106ms  435M  661G 193/200U [ActUnit] ZERGLING from LARVA at (72.6, 141.5)
2023-09-18 12:52:40.952 | 09:28  106ms  435M  661G 193/200U [Expand] Expanding to (74.5, 120.5)
2023-09-18 12:52:41.247 | 09:28   93ms  415M  665G 193/200U [ActUnit] ZERGLING from LARVA at (87.2, 22.4)
2023-09-18 12:52:41.259 | 09:28   93ms  415M  665G 193/200U [Expand] Expanding to (74.5, 120.5)
2023-09-18 12:52:41.561 | 09:29  100ms  100M  669G 194/200U [ActUnit] ZERGLING from LARVA at (28.4, 107.9)
2023-09-18 12:52:41.862 | 09:29   95ms  680M  673G 194/200U [ActUnit] ZERGLING from LARVA at (87.9, 22.2)
2023-09-18 12:52:42.161 | 09:30   98ms  985M  681G 193/200U [ActUnit] DRONE from LARVA at (129.6, 24.9)
2023-09-18 12:52:42.453 | 09:30   94ms  960M  685G 193/200U [ActUnit] DRONE from LARVA at (31.6, 23.0)
2023-09-18 12:52:43.590 | 09:30   98ms  935M  689G 194/200U [ActUnit] ZERGLING from LARVA at (28.3, 47.2)
2023-09-18 12:52:44.215 | 09:31   99ms  965M  701G 194/200U [ActUnit] ZERGLING from LARVA at (30.5, 139.6)
2023-09-18 12:52:45.214 | 09:33  148ms 1025M  717G 193/200U [ActUnit] ZERGLING from LARVA at (28.6, 76.8)
2023-09-18 12:52:45.226 | 09:33  148ms 1025M  717G 193/200U [Inject] injecting hatch (28.5, 110.5)
2023-09-18 12:52:46.346 | 09:34  105ms 1355M  729G 193/200U [ActUnit] ZERGLING from LARVA at (28.5, 107.5)
2023-09-18 12:52:46.639 | 09:35   98ms 1365M  733G 193/200U [ActUnit] ZERGLING from LARVA at (87.5, 22.6)
2023-09-18 12:52:48.187 | 09:37  103ms 1490M  761G 190/200U [ActUnit] DRONE from LARVA at (31.5, 23.6)
2023-09-18 12:52:48.494 | 09:37   94ms 1755M  765G 189/200U [ActUnit] DRONE from LARVA at (30.6, 23.7)
2023-09-18 12:52:48.791 | 09:38  102ms 1755M  769G 189/200U [ActUnit] ZERGLING from LARVA at (29.2, 76.9)
2023-09-18 12:52:49.083 | 09:38   96ms 1730M  773G 190/200U [ActUnit] ZERGLING from LARVA at (30.4, 23.3)
2023-09-18 12:52:49.399 | 09:39  105ms 1690M  777G 190/200U [ActUnit] ZERGLING from LARVA at (27.5, 76.9)
2023-09-18 12:52:49.408 | 09:39  105ms 1690M  777G 190/200U [Inject] injecting hatch (31.5, 26.5)
2023-09-18 12:52:49.698 | 09:39   96ms 1680M  781G 190/200U [ActUnit] ZERGLING from LARVA at (72.6, 141.5)
2023-09-18 12:52:49.709 | 09:39   96ms 1680M  781G 190/200U [Inject] injecting hatch (72.5, 144.5)
2023-09-18 12:52:50.011 | 09:39  114ms 1670M  785G 190/200U [ActUnit] ZERGLING from LARVA at (29.3, 76.9)
2023-09-18 12:52:50.304 | 09:40   94ms 1675M  793G 191/200U [ActUnit] ZERGLING from LARVA at (129.7, 24.6)
2023-09-18 12:52:50.636 | 09:40  106ms 1635M  797G 191/200U [ActUnit] ZERGLING from LARVA at (72.5, 141.6)
2023-09-18 12:52:50.920 | 09:41   91ms 1625M  801G 192/200U [ActUnit] ZERGLING from LARVA at (28.7, 47.4)
2023-09-18 12:52:51.212 | 09:41   97ms 1610M  809G 192/200U [ActUnit] ZERGLING from LARVA at (71.8, 141.9)
2023-09-18 12:52:51.495 | 09:42   91ms 1595M  813G 193/200U [ActUnit] ZERGLING from LARVA at (31.9, 23.9)
2023-09-18 12:52:51.818 | 09:42  105ms 1590M  817G 193/200U [ActUnit] ZERGLING from LARVA at (72.3, 141.0)
2023-09-18 12:52:52.112 | 09:43   95ms 1575M  821G 193/200U [ActUnit] ZERGLING from LARVA at (30.5, 139.9)
2023-09-18 12:52:53.618 | 09:45  104ms 1700M  845G 191/200U [ActUnit] ZERGLING from LARVA at (28.5, 107.5)
2023-09-18 12:52:53.910 | 09:45   96ms 1675M  849G 191/200U [ActUnit] ZERGLING from LARVA at (28.3, 76.9)
2023-09-18 12:52:54.208 | 09:46  102ms 1660M  857G 192/200U [ActUnit] ZERGLING from LARVA at (87.8, 22.7)
2023-09-18 12:52:56.960 | 09:50  100ms 1935M  897G 188/200U [ActUnit] ZERGLING from LARVA at (130.4, 24.8)
2023-09-18 12:52:56.975 | 09:50  100ms 1935M  897G 188/200U [Inject] injecting hatch (129.5, 27.5)
2023-09-18 12:52:57.255 | 09:50  105ms 1905M  905G 188/200U [ActUnit] ZERGLING from LARVA at (129.6, 24.8)
2023-09-18 12:52:57.546 | 09:51  102ms 1905M  909G 189/200U [ActUnit] ZERGLING from LARVA at (128.7, 24.4)
2023-09-18 12:52:57.848 | 09:51  107ms 1900M  913G 189/200U [ActUnit] ZERGLING from LARVA at (72.8, 141.9)
2023-09-18 12:52:58.134 | 09:51   97ms 1880M  917G 189/200U [ActUnit] ZERGLING from LARVA at (31.5, 23.6)
2023-09-18 12:52:58.433 | 09:52  102ms 1860M  925G 189/200U [ActUnit] ZERGLING from LARVA at (28.8, 47.4)
2023-09-18 12:52:58.723 | 09:52   98ms 1830M  929G 190/200U [ActUnit] ZERGLING from LARVA at (129.2, 24.2)
2023-09-18 12:52:59.041 | 09:53   99ms 1805M  933G 190/200U [ActUnit] ZERGLING from LARVA at (30.5, 139.6)
2023-09-18 12:53:00.554 | 09:55   91ms 1965M  957G 189/200U [ActUnit] ZERGLING from LARVA at (61.4, 42.6)
2023-09-18 12:53:00.861 | 09:55  106ms 1940M  961G 190/200U [ActUnit] ZERGLING from LARVA at (28.5, 76.9)
2023-09-18 12:53:01.157 | 09:56   95ms 1970M  969G 190/200U [ActUnit] ZERGLING from LARVA at (28.7, 107.6)
2023-09-18 12:53:01.453 | 09:56  101ms 1925M  973G 191/200U [ActUnit] ZERGLING from LARVA at (87.5, 22.3)
2023-09-18 12:53:02.259 | 09:57   97ms 1980M  981G 191/200U [Expand] Expanding to (74.5, 120.5)
2023-09-18 12:53:02.543 | 09:58   99ms 1655M  985G 190/200U [ActUnit] ZERGLING from LARVA at (31.5, 139.8)
2023-09-18 12:53:02.837 | 09:58  104ms 1650M  989G 191/200U [ActUnit] ZERGLING from LARVA at (31.6, 139.9)
2023-09-18 12:53:03.115 | 09:59   95ms 1660M  993G 192/200U [ActUnit] ZERGLING from LARVA at (29.2, 139.9)
2023-09-18 12:53:03.440 | 09:59  100ms 1725M 1001G 193/200U [Inject] injecting hatch (28.5, 79.5)
2023-09-18 12:53:03.724 | 10:00   95ms 1755M 1005G 192/200U [GameAnalyzer] Known army advantage is now SlightDisadvantage
2023-09-18 12:53:04.606 | 10:01   96ms 1795M 1021G 192/200U [ActUnit] ZERGLING from LARVA at (72.5, 141.6)
2023-09-18 12:53:05.549 | 10:02   90ms 1840M 1037G 192/200U [ActUnit] ZERGLING from LARVA at (28.3, 47.4)
2023-09-18 12:53:05.849 | 10:03  157ms 1825M 1037G 193/200U [ActUnit] ZERGLING from LARVA at (31.8, 23.5)
2023-09-18 12:53:06.152 | 10:03   99ms 1810M 1045G 194/200U [ActUnit] ZERGLING from LARVA at (129.9, 24.8)
2023-09-18 12:53:07.118 | 10:04  112ms 1955M 1057G 195/200U [Inject] injecting hatch (30.5, 142.5)
2023-09-18 12:53:07.411 | 10:05  103ms 1935M 1065G 195/200U [ActUnit] ZERGLING from LARVA at (30.6, 139.5)
2023-09-18 12:53:08.043 | 10:06  102ms 1970M 1073G 196/200U [ActUnit] ZERGLING from LARVA at (61.6, 42.7)
2023-09-18 12:53:08.384 | 10:06  109ms 1935M 1077G 197/200U [ActUnit] ZERGLING from LARVA at (28.7, 107.6)
2023-09-18 12:53:08.682 | 10:07  101ms 1940M 1085G 198/200U [ActUnit] ZERGLING from LARVA at (87.5, 22.6)
2023-09-18 12:53:08.988 | 10:07  107ms 1910M 1089G 199/200U [ActUnit] ZERGLING from LARVA at (28.5, 75.9)
2023-09-18 12:53:09.607 | 10:08  104ms 1975M 1097G 200/200U [Inject] injecting hatch (72.5, 144.5)
2023-09-18 12:53:10.219 | 10:09  112ms 2060M 1105G 200/200U [GameAnalyzer] Predicted army advantage is now SlightDisadvantage
2023-09-18 12:53:10.534 | 10:09  109ms 2055M 1113G 199/200U [ActUnit] DRONE from LARVA at (27.9, 47.6)
2023-09-18 12:53:11.183 | 10:10  107ms 2145M 1121G 200/200U [Inject] injecting hatch (61.5, 45.5)
2023-09-18 12:53:12.125 | 10:12  114ms 2230M 1137G 200/200U [Tech] Started ZERGLINGATTACKSPEED
2023-09-18 12:53:12.435 | 10:12  111ms 2040M  941G 200/200U [BuildGas] Building EXTRACTOR to (35.5, 19.5)
2023-09-18 12:53:13.065 | 10:13  112ms 2115M  949G 200/200U [GameAnalyzer] Known army advantage is now Even
2023-09-18 12:53:13.714 | 10:14  117ms 2145M  961G 199/200U [ActUnit] ZERGLING from LARVA at (29.9, 47.7)
2023-09-18 12:53:13.729 | 10:14  117ms 2120M  961G 199/200U [BuildGas] Building EXTRACTOR to (54.5, 48.5)
2023-09-18 12:53:14.060 | 10:14  128ms 2145M  965G 200/200U [ActBuilding] 1. ULTRALISKCAVERN near (78.1, 137.5)
2023-09-18 12:53:14.722 | 10:15  127ms 2035M  777G 199/200U [ActUnit] ZERGLING from LARVA at (32.5, 23.5)
2023-09-18 12:53:16.974 | 10:18  105ms 2230M  809G 199/200U [ActUnit] ZERGLING from LARVA at (31.1, 23.7)
2023-09-18 12:53:19.158 | 10:21  117ms 2465M  845G 200/200U [Inject] injecting hatch (87.5, 25.5)
2023-09-18 12:53:20.598 | 10:23  124ms 2565M  861G 199/200U [ActUnit] ZERGLING from LARVA at (62.0, 42.6)
2023-09-18 12:53:22.228 | 10:25  106ms 2750M  889G 200/200U [Expand] Expanding to (85.5, 49.5)
2023-09-18 12:53:22.535 | 10:26  109ms 2425M  893G 199/200U [ActUnit] ZERGLING from LARVA at (29.5, 107.9)
2023-09-18 12:53:22.546 | 10:26  109ms 2425M  893G 199/200U [Expand] Expanding to (85.5, 49.5)
2023-09-18 12:53:22.871 | 10:26  108ms 2145M  897G 200/200U [Expand] Expanding to (85.5, 49.5)
2023-09-18 12:53:23.178 | 10:27  108ms 1890M  901G 200/200U [Expand] Expanding to (85.5, 49.5)
2023-09-18 12:53:23.488 | 10:27  106ms 1620M  905G 200/200U [Expand] Expanding to (85.5, 49.5)
2023-09-18 12:53:23.799 | 10:28  114ms 1365M  909G 200/200U [Expand] Expanding to (85.5, 49.5)
2023-09-18 12:53:24.171 | 10:28  110ms 1110M  913G 200/200U [Expand] Expanding to (85.5, 49.5)
2023-09-18 12:53:25.248 | 10:29  168ms  835M  921G 200/200U [Expand] Expanding to (85.5, 49.5)
2023-09-18 12:53:25.558 | 10:29  107ms  525M  925G 199/200U [ActUnit] ZERGLING from LARVA at (88.5, 22.9)
2023-09-18 12:53:25.584 | 10:29  107ms  525M  925G 199/200U [Expand] Expanding to (85.5, 49.5)
2023-09-18 12:53:26.488 | 10:30   99ms  315M  941G 200/200U [Expand] Expanding to (85.5, 49.5)
2023-09-18 12:53:27.367 | 10:32   99ms  130M  957G 200/200U [GameAnalyzer] Predicted army advantage is now Even
2023-09-18 12:53:28.313 | 10:33  101ms  225M  969G 200/200U [Inject] injecting hatch (28.5, 50.5)
2023-09-18 12:53:29.227 | 10:34   96ms  305M  985G 200/200U [Expand] Expanding to (85.5, 49.5)
2023-09-18 12:53:30.462 | 10:36   95ms  140M 1005G 200/200U [Inject] injecting hatch (28.5, 110.5)
2023-09-18 12:53:31.077 | 10:37   91ms  210M 1013G 200/200U [Inject] injecting hatch (72.5, 144.5)
2023-09-18 12:53:32.138 | 10:38  157ms  310M 1025G 200/200U [Expand] Expanding to (85.5, 49.5)
2023-09-18 12:53:34.286 | 10:41  206ms 1300M 1061G 199/200U [ActUnit] ZERGLING from LARVA at (27.4, 107.7)
2023-09-18 12:53:34.299 | 10:41  206ms 1300M 1061G 199/200U [Expand] Expanding to (131.5, 59.5)
2023-09-18 12:53:34.301 | 10:41  206ms 1000M 1061G 199/200U [Tech] Started ZERGMELEEWEAPONSLEVEL3
2023-09-18 12:53:34.644 | 10:41  147ms 1440M  865G 200/200U [Expand] Expanding to (131.5, 59.5)
2023-09-18 12:53:34.646 | 10:41  147ms 1140M  865G 200/200U [Tech] Started ZERGGROUNDARMORSLEVEL3
2023-09-18 12:53:35.017 | 10:42  153ms 1465M  569G 200/200U [Expand] Expanding to (131.5, 59.5)
2023-09-18 12:53:35.399 | 10:42  143ms 1495M  573G 200/200U [Expand] Expanding to (131.5, 59.5)
2023-09-18 12:53:35.726 | 10:43  172ms 1225M  577G 200/200U [Expand] Expanding to (131.5, 59.5)
2023-09-18 12:53:36.071 | 10:43  115ms  945M  585G 200/200U [Expand] Expanding to (131.5, 59.5)
2023-09-18 12:53:36.423 | 10:44  158ms  665M  589G 200/200U [Expand] Expanding to (131.5, 59.5)
2023-09-18 12:53:36.778 | 10:44  145ms  395M  593G 200/200U [Expand] Expanding to (131.5, 59.5)
2023-09-18 12:53:38.537 | INFO     | sc2.protocol:_execute:72 - Client status changed to Status.ended (was Status.in_game)
2023-09-18 12:53:38.548 | Result: Victory
2023-09-18 12:53:38.549 | Duration: 10:46
2023-09-18 12:53:38.549 | Step time min: 7
2023-09-18 12:53:38.550 | Step time avg: 43
2023-09-18 12:53:38.550 | Step time max: 206
2023-09-18 12:53:38.551 | [LostUnitsContents] My lost units minerals and gas: (8575.0, 0.0)
2023-09-18 12:53:38.552 | [LostUnitsContents] My lost units minerals by score: 7025.0
2023-09-18 12:53:38.553 | [LostUnitsContents] Enemy lost units minerals and gas: (9500, 575)
2023-09-18 12:53:38.553 | [LostUnitsContents] Enemy lost units minerals by score: 10025.0
2023-09-18 12:53:38.554 | [GameAnalyzerEnd] Own units:
2023-09-18 12:53:38.555 | [GameAnalyzerEnd] ZERGLING          total: 324 alive: 183 dead: 141 
2023-09-18 12:53:38.556 | [GameAnalyzerEnd] DRONE             total: 149 alive:  91 dead:  58 
2023-09-18 12:53:38.556 | [GameAnalyzerEnd] LARVA             total:  34 alive:  34 dead:   0 
2023-09-18 12:53:38.557 | [GameAnalyzerEnd] OVERLORD          total:  21 alive:  21 dead:   0 
2023-09-18 12:53:38.558 | [GameAnalyzerEnd] HATCHERY          total:  20 alive:  10 dead:  10 
2023-09-18 12:53:38.558 | [GameAnalyzerEnd] EXTRACTOR         total:   7 alive:   6 dead:   1 
2023-09-18 12:53:38.559 | [GameAnalyzerEnd] QUEEN             total:   6 alive:   5 dead:   1 
2023-09-18 12:53:38.559 | [GameAnalyzerEnd] EGG               total:   2 alive:   2 dead:   0 
2023-09-18 12:53:38.560 | [GameAnalyzerEnd] EVOLUTIONCHAMBER  total:   2 alive:   2 dead:   0 
2023-09-18 12:53:38.561 | [GameAnalyzerEnd] SPAWNINGPOOL      total:   1 alive:   1 dead:   0 
2023-09-18 12:53:38.561 | [GameAnalyzerEnd] ULTRALISKCAVERN   total:   1 alive:   1 dead:   0 
2023-09-18 12:53:38.562 | [GameAnalyzerEnd] HIVE              total:   1 alive:   1 dead:   0 
2023-09-18 12:53:38.562 | [GameAnalyzerEnd] INFESTATIONPIT    total:   1 alive:   1 dead:   0 
2023-09-18 12:53:38.563 | [GameAnalyzerEnd] Enemy units:
2023-09-18 12:53:38.564 | [GameAnalyzerEnd] MARINE            total: 115 alive:  80 dead:  35 
2023-09-18 12:53:38.564 | [GameAnalyzerEnd] SCV               total:  46 alive:   0 dead:  46 
2023-09-18 12:53:38.565 | [GameAnalyzerEnd] SUPPLYDEPOT       total:  22 alive:   1 dead:  21 
2023-09-18 12:53:38.565 | [GameAnalyzerEnd] BARRACKS          total:  12 alive:   0 dead:  12 
2023-09-18 12:53:38.566 | [GameAnalyzerEnd] MARAUDER          total:  10 alive:   7 dead:   3 
2023-09-18 12:53:38.567 | [GameAnalyzerEnd] MEDIVAC           total:   6 alive:   6 dead:   0 
2023-09-18 12:53:38.568 | [GameAnalyzerEnd] TECHLAB           total:   3 alive:   0 dead:   3 
2023-09-18 12:53:38.568 | [GameAnalyzerEnd] ORBITALCOMMAND    total:   2 alive:   0 dead:   2 
2023-09-18 12:53:38.569 | [GameAnalyzerEnd] REFINERY          total:   2 alive:   0 dead:   2 
2023-09-18 12:53:38.569 | [GameAnalyzerEnd] STARPORT          total:   1 alive:   0 dead:   1 
2023-09-18 12:53:38.570 | [GameAnalyzerEnd] ENGINEERINGBAY    total:   1 alive:   0 dead:   1 
2023-09-18 12:53:38.571 | [GameAnalyzerEnd] FACTORY           total:   1 alive:   0 dead:   1 
2023-09-18 12:53:38.571 | [GameAnalyzerEnd] Minerals max 2700 Average 562
2023-09-18 12:53:38.572 | [GameAnalyzerEnd] Vespene max 1137 Average 208
2023-09-18 12:53:38.573 | INFO     | sc2.main:_play_game:228 - Result for player 2 - Bot LadderBot(Zerg): Victory
