2023-09-18 17:16:34.054 | INFO     | sc2.protocol:_execute:72 - Client status changed to Status.in_game (was None)
2023-09-18 17:16:34.056 | INFO     | sc2.main:_play_game:221 - Player 2 - Bot LadderBot(Zerg)
2023-09-18 17:16:34.311 | 00:00    0ms    0M    0G  12/ 14U [Version] 4.10.0.75689
2023-09-18 17:16:34.312 | 00:00    0ms    0M    0G  12/ 14U [Version] 5.0.6 Balance mod recognized.
2023-09-18 17:16:34.374 | 00:00    0ms    0M    0G  12/ 14U [ZoneManager] Map set to: MapName.Unknown from name: GresvanAIE and hash: 3547936.
2023-09-18 17:16:35.069 | [DataManager] No BuildDetector found, enemy build data cannot be saved
2023-09-18 17:16:35.099 | [Start] My race: Zerg
2023-09-18 17:16:35.100 | [Start] Opponent race: Terran
2023-09-18 17:16:35.100 | [Start] OpponentId: 1
2023-09-18 17:16:35.177 | 00:00    0ms    0M    0G  12/ 14U [ActUnit] DRONE from LARVA at (37.6, 118.8)
2023-09-18 17:16:36.332 | 00:07    7ms    0M    0G  13/ 14U [ActUnit] DRONE from LARVA at (38.1, 118.4)
2023-09-18 17:16:37.281 | 00:16    8ms   15M    0G  14/ 14U [ActUnit] OVERLORD from LARVA at (38.2, 118.9)
2023-09-18 17:16:39.123 | 00:34    7ms  190M    0G  14/ 22U [ActUnit] DRONE from LARVA at (38.4, 118.3)
2023-09-18 17:16:39.170 | 00:35   10ms  150M    0G  15/ 22U [ActUnit] DRONE from LARVA at (38.2, 118.6)
2023-09-18 17:16:39.267 | 00:35   58ms  110M    0G  16/ 22U [ActUnit] DRONE from LARVA at (38.0, 118.8)
2023-09-18 17:16:40.269 | 00:45    9ms  195M    0G  17/ 22U [ActUnit] DRONE from LARVA at (38.3, 118.5)
2023-09-18 17:16:41.028 | 00:53    8ms  305M    0G  18/ 22U [Expand] Expanding to (36.5, 89.5)
2023-09-18 17:16:41.404 | 00:57    9ms    0M    0G  18/ 22U [ActUnit] DRONE from LARVA at (38.2, 118.8)
2023-09-18 17:16:42.274 | 01:02   17ms   90M    0G  18/ 22U [GameAnalyzer] Income advantage is now SmallAdvantage
2023-09-18 17:16:43.207 | 01:07   62ms   50M    0G  18/ 22U [ActUnit] OVERLORD from LARVA at (38.3, 118.6)
2023-09-18 17:16:45.003 | 01:18   10ms  170M    0G  18/ 22U [ActUnit] DRONE from LARVA at (38.6, 118.8)
2023-09-18 17:16:46.000 | 01:26   10ms  305M    0G  19/ 30U [Expand] Expanding to (36.5, 64.5)
2023-09-18 17:16:46.402 | 01:29    8ms    0M    0G  19/ 30U [ActUnit] DRONE from LARVA at (38.1, 118.7)
2023-09-18 17:16:47.738 | 01:39   11ms  110M    0G  20/ 30U [ActUnit] DRONE from LARVA at (38.4, 118.9)
2023-09-18 17:16:48.167 | 01:43   10ms  180M    0G  20/ 30U [GameAnalyzer] Income advantage is now ClearAdvantage
2023-09-18 17:16:49.176 | 01:50   12ms  245M    0G  20/ 30U [ActUnit] DRONE from LARVA at (38.6, 118.8)
2023-09-18 17:16:49.779 | 01:54    9ms  300M    0G  21/ 30U [Expand] Expanding to (62.5, 99.5)
2023-09-18 17:16:50.849 | 02:00   14ms   55M    0G  21/ 30U [ActUnit] DRONE from LARVA at (38.6, 118.4)
2023-09-18 17:16:52.643 | 02:11   11ms  175M    0G  21/ 30U [ActUnit] DRONE from LARVA at (38.7, 118.4)
2023-09-18 17:16:53.110 | 02:14   13ms  165M    0G  22/ 36U [ActUnit] DRONE from LARVA at (36.4, 86.5)
2023-09-18 17:16:54.532 | 02:22   11ms  250M    0G  23/ 36U [ActUnit] DRONE from LARVA at (38.7, 118.8)
2023-09-18 17:16:55.002 | 02:25   12ms  245M    0G  24/ 36U [ActUnit] DRONE from LARVA at (36.5, 86.5)
2023-09-18 17:16:55.526 | 02:28   10ms  300M    0G  25/ 36U [Expand] Expanding to (65.5, 72.5)
2023-09-18 17:16:56.402 | 02:33   13ms   50M    0G  25/ 36U [ActUnit] DRONE from LARVA at (38.4, 118.8)
2023-09-18 17:16:56.917 | 02:35   13ms   55M    0G  26/ 36U [ActUnit] DRONE from LARVA at (36.6, 86.7)
2023-09-18 17:16:57.238 | 02:37   13ms   90M    0G  26/ 36U [GameAnalyzer] Income advantage is now OverwhelmingAdvantage
2023-09-18 17:16:59.186 | 02:43   13ms  185M    0G  26/ 36U [ActUnit] DRONE from LARVA at (38.6, 118.4)
2023-09-18 17:16:59.676 | 02:46   11ms  170M    0G  27/ 36U [ActUnit] DRONE from LARVA at (36.6, 86.5)
2023-09-18 17:17:00.671 | 02:52   10ms  310M    0G  28/ 36U [Expand] Expanding to (54.5, 39.5)
2023-09-18 17:17:01.086 | 02:54   12ms   15M    0G  28/ 42U [ActUnit] DRONE from LARVA at (38.3, 118.7)
2023-09-18 17:17:01.475 | 02:56   11ms    0M    0G  29/ 42U [ActUnit] DRONE from LARVA at (36.4, 60.9)
2023-09-18 17:17:01.741 | 02:58   14ms    0M    0G  30/ 42U [ActUnit] DRONE from LARVA at (36.1, 86.9)
2023-09-18 17:17:03.032 | 03:05   15ms  115M    0G  30/ 42U [ActUnit] DRONE from LARVA at (38.6, 118.9)
2023-09-18 17:17:03.095 | 03:05   13ms   65M    0G  31/ 42U [ActUnit] DRONE from LARVA at (36.2, 61.8)
2023-09-18 17:17:03.582 | 03:07   13ms   70M    0G  32/ 42U [ActUnit] DRONE from LARVA at (36.7, 86.7)
2023-09-18 17:17:05.045 | 03:15   15ms  225M    0G  33/ 42U [ActUnit] DRONE from LARVA at (36.5, 61.6)
2023-09-18 17:17:05.111 | 03:16   12ms  185M    0G  34/ 42U [ActUnit] DRONE from LARVA at (38.9, 118.2)
2023-09-18 17:17:05.544 | 03:18   20ms  190M    0G  35/ 42U [ActUnit] DRONE from LARVA at (36.3, 86.6)
2023-09-18 17:17:05.710 | 03:19   13ms  160M    0G  36/ 48U [ActUnit] DRONE from LARVA at (62.4, 96.8)
2023-09-18 17:17:06.941 | 03:23   70ms  265M    0G  37/ 48U [GameAnalyzer] Known army advantage is now SlightDisadvantage
2023-09-18 17:17:06.941 | 03:23   70ms  265M    0G  37/ 48U [GameAnalyzer] Predicted army advantage is now SlightDisadvantage
2023-09-18 17:17:07.207 | 03:24   71ms  305M    0G  37/ 48U [Expand] Expanding to (80.5, 124.5)
2023-09-18 17:17:07.848 | 03:26   83ms   20M    0G  37/ 48U [ActUnit] DRONE from LARVA at (36.5, 61.6)
2023-09-18 17:17:08.394 | 03:28   86ms    5M    0G  38/ 48U [ActUnit] DRONE from LARVA at (38.7, 118.9)
2023-09-18 17:17:08.540 | 03:28   69ms   20M    0G  39/ 48U [GameAnalyzer] Known army advantage is now SmallDisadvantage
2023-09-18 17:17:08.541 | 03:28   69ms   20M    0G  39/ 48U [GameAnalyzer] Predicted army advantage is now SmallDisadvantage
2023-09-18 17:17:08.794 | 03:29   64ms    5M    0G  39/ 48U [ActUnit] DRONE from LARVA at (36.1, 86.3)
2023-09-18 17:17:09.232 | 03:31   28ms    5M    0G  40/ 48U [ActUnit] DRONE from LARVA at (62.7, 96.9)
2023-09-18 17:17:10.958 | 03:37   83ms  135M    0G  40/ 48U [ActUnit] DRONE from LARVA at (38.3, 118.5)
2023-09-18 17:17:11.104 | 03:37   71ms   95M    0G  41/ 48U [ActUnit] DRONE from LARVA at (36.8, 61.8)
2023-09-18 17:17:11.811 | 03:40   79ms  420M    0G  41/ 48U [ActUnit] DRONE from LARVA at (36.4, 86.8)
2023-09-18 17:17:11.817 | 03:40   79ms  420M    0G  41/ 48U [Expand] Expanding to (80.5, 124.5)
2023-09-18 17:17:12.102 | 03:40   89ms   90M    0G  42/ 48U [ActUnit] DRONE from LARVA at (62.7, 96.5)
2023-09-18 17:17:14.999 | 03:47   34ms  305M    0G  42/ 48U [Expand] Expanding to (82.5, 39.5)
2023-09-18 17:17:15.378 | 03:49   92ms    5M    0G  42/ 54U [ActUnit] DRONE from LARVA at (36.6, 61.9)
2023-09-18 17:17:15.908 | 03:50   83ms   25M    0G  43/ 54U [ActUnit] DRONE from LARVA at (38.3, 118.3)
2023-09-18 17:17:16.331 | 03:52   68ms   10M    0G  44/ 54U [ActUnit] DRONE from LARVA at (62.4, 96.4)
2023-09-18 17:17:16.727 | 03:53   82ms    5M    0G  45/ 54U [ActUnit] DRONE from LARVA at (36.7, 86.3)
2023-09-18 17:17:17.423 | 03:55   29ms   15M    0G  45/ 54U [ActUnit] DRONE from LARVA at (65.8, 69.9)
2023-09-18 17:17:18.440 | 03:58   81ms   90M    0G  46/ 54U [ActUnit] DRONE from LARVA at (38.5, 118.9)
2023-09-18 17:17:18.591 | 03:59   69ms   50M    0G  47/ 54U [ActUnit] DRONE from LARVA at (36.2, 61.6)
2023-09-18 17:17:18.729 | 03:59   87ms    5M    0G  48/ 54U [ActUnit] DRONE from LARVA at (65.5, 69.6)
2023-09-18 17:17:19.220 | 04:01   84ms   20M    0G  48/ 54U [ActUnit] DRONE from LARVA at (36.3, 86.6)
2023-09-18 17:17:19.441 | 04:02   77ms   10M    0G  48/ 54U [ActUnit] DRONE from LARVA at (62.5, 96.9)
2023-09-18 17:17:21.016 | 04:09   19ms  210M    0G  49/ 54U [ActUnit] DRONE from LARVA at (38.5, 118.8)
2023-09-18 17:17:21.101 | 04:10   18ms  115M    0G  50/ 54U [ActUnit] OVERLORD from LARVA at (36.6, 61.5)
2023-09-18 17:17:21.206 | 04:10   25ms   80M    0G  50/ 54U [ActUnit] DRONE from LARVA at (65.5, 69.6)
2023-09-18 17:17:21.504 | 04:11   19ms  130M    0G  51/ 54U [GameAnalyzer] Known army advantage is now ClearDisadvantage
2023-09-18 17:17:21.505 | 04:11   19ms  130M    0G  51/ 54U [GameAnalyzer] Predicted army advantage is now ClearDisadvantage
2023-09-18 17:17:21.626 | 04:12   22ms   95M    0G  51/ 54U [ActUnit] DRONE from LARVA at (36.7, 86.7)
2023-09-18 17:17:21.823 | 04:13   20ms   85M    0G  52/ 54U [ActUnit] DRONE from LARVA at (62.3, 96.5)
2023-09-18 17:17:22.234 | 04:14   20ms   95M    0G  52/ 60U [ActUnit] DRONE from LARVA at (54.4, 36.6)
2023-09-18 17:17:23.488 | 04:20   19ms  260M    0G  52/ 60U [ActUnit] DRONE from LARVA at (36.5, 61.6)
2023-09-18 17:17:23.577 | 04:20   19ms  215M    0G  53/ 60U [ActUnit] DRONE from LARVA at (38.5, 118.4)
2023-09-18 17:17:23.684 | 04:21   25ms  195M    0G  54/ 60U [ActUnit] DRONE from LARVA at (65.5, 69.6)
2023-09-18 17:17:24.092 | 04:22   23ms  220M    0G  55/ 60U [ActUnit] DRONE from LARVA at (36.5, 86.8)
2023-09-18 17:17:24.305 | 04:23   24ms  200M    0G  56/ 60U [ActUnit] DRONE from LARVA at (62.3, 96.6)
2023-09-18 17:17:24.718 | 04:25   23ms  230M    0G  56/ 60U [ActUnit] DRONE from LARVA at (54.4, 36.6)
2023-09-18 17:17:25.006 | 04:26   18ms  300M    0G  57/ 60U [Expand] Expanding to (117.5, 124.5)
2023-09-18 17:17:25.940 | 04:30   24ms  110M    0G  56/ 68U [ActUnit] DRONE from LARVA at (38.7, 118.6)
2023-09-18 17:17:26.031 | 04:31   19ms   90M    0G  57/ 68U [ActUnit] DRONE from LARVA at (36.8, 61.8)
2023-09-18 17:17:26.149 | 04:31   22ms   40M    0G  58/ 68U [ActUnit] DRONE from LARVA at (65.5, 69.6)
2023-09-18 17:17:26.582 | 04:33   25ms   80M    0G  59/ 68U [ActUnit] DRONE from LARVA at (36.5, 86.5)
2023-09-18 17:17:26.792 | 04:34   25ms   65M    0G  60/ 68U [ActUnit] DRONE from LARVA at (62.7, 96.5)
2023-09-18 17:17:27.217 | 04:36   26ms  105M    0G  60/ 68U [ActUnit] DRONE from LARVA at (54.4, 36.7)
2023-09-18 17:17:27.806 | 04:38   20ms  210M    0G  61/ 62U [ActBuilding] 1. SPAWNINGPOOL near (36.3, 112.8)
2023-09-18 17:17:27.930 | 04:39   29ms    0M    0G  61/ 62U [BuildGas] Building EXTRACTOR to (29.5, 86.5)
2023-09-18 17:17:29.140 | 04:40   19ms   15M    0G  59/ 62U [BuildGas] Building EXTRACTOR to (50.5, 32.5)
2023-09-18 17:17:29.529 | 04:41   21ms   40M    0G  58/ 62U [ActUnit] DRONE from LARVA at (38.4, 118.9)
2023-09-18 17:17:29.629 | 04:42   20ms   10M    0G  59/ 62U [ActUnit] DRONE from LARVA at (36.5, 61.9)
2023-09-18 17:17:30.242 | 04:44   21ms   10M    0G  59/ 62U [ActUnit] OVERLORD from LARVA at (36.4, 86.5)
2023-09-18 17:17:30.469 | 04:45   21ms   10M    0G  59/ 62U [ActUnit] DRONE from LARVA at (62.7, 96.5)
2023-09-18 17:17:30.938 | 04:47   21ms   45M    0G  59/ 62U [ActUnit] DRONE from LARVA at (54.5, 36.6)
2023-09-18 17:17:32.330 | 04:52   21ms  180M    0G  59/ 62U [ActUnit] OVERLORD from LARVA at (38.7, 118.7)
2023-09-18 17:17:32.332 | 04:52   21ms  130M    0G  59/ 62U [ActUnit] DRONE from LARVA at (36.5, 61.6)
2023-09-18 17:17:33.083 | 04:55   21ms  225M    0G  60/ 62U [ActUnit] DRONE from LARVA at (36.5, 86.5)
2023-09-18 17:17:33.340 | 04:55   21ms  205M    0G  60/ 62U [ActUnit] DRONE from LARVA at (62.7, 96.5)
2023-09-18 17:17:33.851 | 04:57   21ms  240M    0G  61/ 62U [ActUnit] DRONE from LARVA at (54.5, 36.7)
2023-09-18 17:17:34.231 | 04:59   21ms  225M    0G  61/ 68U [ActUnit] DRONE from LARVA at (80.5, 121.6)
2023-09-18 17:17:34.497 | 05:00   20ms  300M    0G  62/ 68U [Expand] Expanding to (65.5, 72.5)
2023-09-18 17:17:35.650 | 05:03   22ms   50M    0G  61/ 76U [ActUnit] DRONE from LARVA at (36.5, 61.6)
2023-09-18 17:17:35.768 | 05:03   22ms   20M    0G  61/ 76U [ActUnit] DRONE from LARVA at (38.4, 118.8)
2023-09-18 17:17:36.479 | 05:05   22ms   75M    0G  62/ 76U [ActUnit] DRONE from LARVA at (36.6, 86.8)
2023-09-18 17:17:36.755 | 05:06   24ms   35M    0G  62/ 76U [ActUnit] DRONE from LARVA at (62.3, 96.7)
2023-09-18 17:17:37.295 | 05:08   22ms   55M    0G  63/ 76U [ActUnit] DRONE from LARVA at (54.5, 36.7)
2023-09-18 17:17:37.683 | 05:09   21ms   80M    0G  64/ 76U [ActUnit] DRONE from LARVA at (80.5, 121.6)
2023-09-18 17:17:38.737 | 05:13   21ms  160M    0G  63/ 90U [ActUnit] DRONE from LARVA at (82.5, 36.6)
2023-09-18 17:17:38.886 | 05:13   26ms  120M    0G  64/ 90U [ActUnit] DRONE from LARVA at (36.5, 61.6)
2023-09-18 17:17:38.996 | 05:14   21ms   95M    0G  65/ 90U [ActUnit] DRONE from LARVA at (39.1, 118.8)
2023-09-18 17:17:39.626 | 05:16   24ms  145M    0G  66/ 90U [ActUnit] DRONE from LARVA at (36.6, 86.5)
2023-09-18 17:17:39.868 | 05:17   23ms  130M    4G  67/ 90U [ActUnit] DRONE from LARVA at (62.7, 96.7)
2023-09-18 17:17:40.374 | 05:19   23ms  155M    8G  68/ 90U [ActUnit] DRONE from LARVA at (54.5, 36.7)
2023-09-18 17:17:40.744 | 05:20   20ms  175M   12G  69/ 90U [ActUnit] DRONE from LARVA at (80.5, 121.6)
2023-09-18 17:17:41.679 | 05:23   24ms  320M   20G  70/ 90U [Expand] Expanding to (119.5, 39.5)
2023-09-18 17:17:41.940 | 05:24   26ms   35M   24G  70/ 90U [ActUnit] DRONE from LARVA at (36.5, 61.6)
2023-09-18 17:17:42.211 | 05:25   25ms   15M   28G  70/ 90U [ActUnit] DRONE from LARVA at (82.9, 36.3)
2023-09-18 17:17:42.481 | 05:26   24ms   15M   32G  71/ 90U [ActUnit] DRONE from LARVA at (38.6, 118.8)
2023-09-18 17:17:42.485 | 05:26   24ms   15M   32G  71/ 90U [PlanCancelBuilding] Cancelled HATCHERY at (65.5, 72.5) with 56.509765625 health
2023-09-18 17:17:42.750 | 05:27   25ms  205M   32G  72/ 90U [ActUnit] DRONE from LARVA at (36.5, 86.8)
2023-09-18 17:17:43.005 | 05:28   24ms  180M   32G  73/ 90U [ActUnit] DRONE from LARVA at (62.5, 96.4)
2023-09-18 17:17:43.521 | 05:29   24ms  230M   40G  74/ 90U [ActUnit] DRONE from LARVA at (54.5, 36.6)
2023-09-18 17:17:43.881 | 05:31   22ms  245M   48G  75/ 90U [ActUnit] DRONE from LARVA at (80.5, 121.6)
2023-09-18 17:17:44.894 | 05:34   22ms  355M   64G  74/ 90U [ActUnit] DRONE from LARVA at (82.5, 36.6)
2023-09-18 17:17:45.043 | 05:35   26ms  325M   64G  75/ 90U [ActUnit] DRONE from LARVA at (38.3, 118.5)
2023-09-18 17:17:45.158 | 05:35   24ms  300M   68G  76/ 90U [ActUnit] DRONE from LARVA at (36.5, 61.3)
2023-09-18 17:17:45.408 | 05:36   23ms  335M   72G  77/ 90U [Expand] Expanding to (65.5, 72.5)
2023-09-18 17:17:46.639 | 05:37   27ms   55M   80G  76/ 90U [ActUnit] DRONE from LARVA at (36.4, 86.7)
2023-09-18 17:17:46.905 | 05:38   25ms   55M   84G  76/ 90U [ActUnit] DRONE from LARVA at (62.4, 96.4)
2023-09-18 17:17:47.167 | 05:39   26ms   85M   88G  76/ 90U [PlanCancelBuilding] Cancelled HATCHERY at (65.5, 72.5) with 115.218505859375 health
2023-09-18 17:17:47.290 | 05:40   25ms  350M   88G  77/ 90U [Expand] Expanding to (65.5, 72.5)
2023-09-18 17:17:47.427 | 05:40   28ms   30M   92G  76/ 90U [ActUnit] DRONE from LARVA at (54.5, 36.6)
2023-09-18 17:17:47.817 | 05:41   24ms   25M  100G  76/ 90U [ActUnit] DRONE from LARVA at (80.5, 121.6)
2023-09-18 17:17:48.086 | 05:42   22ms   75M  104G  77/ 90U [GameAnalyzer] Known army advantage is now OverwhelmingDisadvantage
2023-09-18 17:17:48.088 | 05:42   22ms   75M  104G  77/ 90U [GameAnalyzer] Predicted army advantage is now OverwhelmingDisadvantage
2023-09-18 17:17:48.487 | 05:44   25ms  160M  112G  77/ 90U [PlanCancelBuilding] Cancelled HATCHERY at (65.5, 72.5) with 109.462646484375 health
2023-09-18 17:17:48.607 | 05:44   25ms  390M  112G  78/ 90U [Expand] Expanding to (65.5, 72.5)
2023-09-18 17:17:48.864 | 05:45   24ms   95M  120G  77/ 90U [ActUnit] DRONE from LARVA at (82.5, 36.6)
2023-09-18 17:17:49.006 | 05:45   30ms   75M  120G  78/ 90U [ActUnit] DRONE from LARVA at (38.3, 118.7)
2023-09-18 17:17:49.121 | 05:46   25ms   40M  124G  79/ 90U [ActUnit] DRONE from LARVA at (36.3, 61.4)
2023-09-18 17:17:49.396 | 05:47   23ms   65M  128G  80/ 90U [PlanCancelBuilding] Cancelled HATCHERY at (65.5, 72.5) with 108.783447265625 health
2023-09-18 17:17:49.537 | 05:47   28ms  330M  132G  81/ 90U [Tech] Started ZERGLINGMOVEMENTSPEED
2023-09-18 17:17:49.798 | 05:48   27ms  260M   36G  80/ 90U [ActUnit] DRONE from LARVA at (36.6, 86.8)
2023-09-18 17:17:50.616 | 05:51   29ms  290M   52G  81/ 84U [ActUnit] OVERLORD from LARVA at (54.5, 36.6)
2023-09-18 17:17:51.028 | 05:52   25ms  245M   56G  81/ 84U [ActUnit] OVERLORD from LARVA at (80.5, 121.6)
2023-09-18 17:17:51.623 | 05:54   26ms  290M   68G  80/ 90U [ActUnit] DRONE from LARVA at (117.5, 121.6)
2023-09-18 17:17:52.136 | 05:56   24ms  335M   76G  79/ 90U [ActUnit] DRONE from LARVA at (82.5, 36.6)
2023-09-18 17:17:52.284 | 05:56   29ms  305M   80G  80/ 90U [ActUnit] DRONE from LARVA at (38.3, 118.8)
2023-09-18 17:17:52.402 | 05:57   25ms  285M   80G  81/ 90U [ActUnit] DRONE from LARVA at (36.7, 61.4)
2023-09-18 17:17:53.047 | 05:59   31ms  390M   92G  82/ 90U [ActUnit] DRONE from LARVA at (36.3, 86.6)
2023-09-18 17:17:53.888 | 06:02   95ms  475M  108G  83/ 90U [ActUnit] DRONE from LARVA at (54.4, 36.6)
2023-09-18 17:17:54.085 | 06:02   81ms  365M  112G  84/ 90U [ActUnit] QUEEN from HATCHERY at (54.5, 39.5)
2023-09-18 17:17:54.269 | 06:02   93ms  385M  112G  86/ 90U [Expand] Expanding to (62.5, 99.5)
2023-09-18 17:17:54.443 | 06:03   78ms   70M  116G  86/ 90U [ActUnit] DRONE from LARVA at (80.5, 121.6)
2023-09-18 17:17:55.196 | 06:05   78ms  120M  124G  85/ 90U [ActUnit] DRONE from LARVA at (117.5, 121.6)
2023-09-18 17:17:55.900 | 06:06   76ms  150M  136G  86/ 90U [ActUnit] DRONE from LARVA at (82.5, 36.6)
2023-09-18 17:17:56.048 | 06:07   97ms  120M  136G  87/ 90U [ActUnit] DRONE from LARVA at (38.7, 118.7)
2023-09-18 17:17:56.232 | 06:07   61ms  105M  140G  88/ 90U [ActUnit] DRONE from LARVA at (36.2, 61.5)
2023-09-18 17:17:57.149 | 06:10   99ms  180M  152G  89/ 98U [ActUnit] DRONE from LARVA at (36.6, 86.7)
2023-09-18 17:17:57.998 | 06:12   75ms  315M  164G  90/106U [Expand] Expanding to (65.5, 72.5)
2023-09-18 17:17:58.255 | 06:13   24ms   25M  168G  90/106U [ActUnit] DRONE from LARVA at (54.7, 36.3)
2023-09-18 17:17:58.505 | 06:14   24ms   45M  172G  91/106U [ActUnit] DRONE from LARVA at (80.5, 121.6)
2023-09-18 17:17:59.028 | 06:15   24ms  110M  184G  92/106U [ActUnit] DRONE from LARVA at (117.5, 121.6)
2023-09-18 17:17:59.520 | 06:17   25ms  165M  192G  93/106U [ActUnit] DRONE from LARVA at (82.5, 36.6)
2023-09-18 17:17:59.661 | 06:18   33ms  145M  196G  94/106U [ActUnit] DRONE from LARVA at (36.5, 61.6)
2023-09-18 17:17:59.778 | 06:18   27ms  105M  200G  95/106U [ActUnit] DRONE from LARVA at (38.7, 118.5)
2023-09-18 17:18:00.429 | 06:20   31ms  195M  212G  95/106U [ActUnit] DRONE from LARVA at (36.3, 86.7)
2023-09-18 17:18:00.967 | 06:22   36ms  320M  220G  95/106U [Expand] Expanding to (145.5, 124.5)
2023-09-18 17:18:01.099 | 06:23   29ms  350M  224G  95/106U [Expand] Expanding to (145.5, 124.5)
2023-09-18 17:18:01.240 | 06:23   35ms    5M  224G  95/106U [ActUnit] DRONE from LARVA at (54.4, 36.6)
2023-09-18 17:18:01.627 | 06:24   30ms   55M  232G  96/106U [ActUnit] DRONE from LARVA at (80.5, 121.6)
2023-09-18 17:18:02.149 | 06:26   29ms  115M  240G  96/106U [ActUnit] DRONE from LARVA at (117.5, 121.6)
2023-09-18 17:18:02.696 | 06:28   29ms  185M  252G  97/106U [ActUnit] DRONE from LARVA at (82.5, 36.6)
2023-09-18 17:18:02.854 | 06:28   43ms  155M  256G  98/106U [ActUnit] DRONE from LARVA at (36.5, 61.6)
2023-09-18 17:18:02.987 | 06:29   31ms  125M  256G  99/106U [ActUnit] DRONE from LARVA at (38.5, 118.9)
2023-09-18 17:18:02.996 | 06:29   31ms  125M  256G  99/106U [PlanCancelBuilding] Cancelled HATCHERY at (62.5, 99.5) with 110.101318359375 health
2023-09-18 17:18:03.136 | 06:29   40ms  390M  260G 101/106U [ActBuilding] 1. EVOLUTIONCHAMBER near (39.1, 73.1)
2023-09-18 17:18:03.282 | 06:30   44ms  420M  260G 101/106U [ActBuilding] 1. EVOLUTIONCHAMBER near (39.7, 97.9)
2023-09-18 17:18:03.430 | 06:30   42ms  445M  264G 100/106U [ActBuilding] 1. EVOLUTIONCHAMBER near (38.0, 98.4)
2023-09-18 17:18:03.567 | 06:31   34ms  475M  268G  98/106U [ActBuilding] 1. EVOLUTIONCHAMBER near (45.8, 126.7)
2023-09-18 17:18:03.703 | 06:31   42ms  380M  268G  97/106U [ActUnit] DRONE from LARVA at (36.6, 86.8)
2023-09-18 17:18:03.709 | 06:31   42ms  380M  268G  97/106U [ActBuilding] 2. EVOLUTIONCHAMBER near (123.5, 47.6)
2023-09-18 17:18:03.879 | 06:31   76ms  415M  272G  98/106U [ActBuilding] 2. EVOLUTIONCHAMBER near (113.8, 46.5)
2023-09-18 17:18:04.043 | 06:32   86ms  450M  272G  98/106U [ActBuilding] 2. EVOLUTIONCHAMBER near (91.1, 42.1)
2023-09-18 17:18:04.572 | 06:34   37ms  450M  284G  97/106U [ActUnit] DRONE from LARVA at (54.5, 36.7)
2023-09-18 17:18:05.066 | 06:35   79ms  470M  292G  98/106U [ActUnit] DRONE from LARVA at (80.5, 121.6)
2023-09-18 17:18:05.074 | 06:35   79ms  470M  292G  98/106U [Expand] Expanding to (62.5, 99.5)
2023-09-18 17:18:06.618 | 06:37   81ms  260M  300G  97/106U [ActUnit] DRONE from LARVA at (117.5, 121.6)
2023-09-18 17:18:07.010 | 06:38   82ms  305M  304G  98/106U [Expand] Expanding to (134.5, 91.5)
2023-09-18 17:18:07.195 | 06:38   95ms   25M  308G  98/106U [Inject] injecting hatch (36.5, 89.5)
2023-09-18 17:18:07.373 | 06:39   84ms   20M  308G  98/106U [ActUnit] DRONE from LARVA at (82.5, 36.6)
2023-09-18 17:18:07.757 | 06:40   78ms    5M  316G  99/106U [ActUnit] DRONE from LARVA at (36.8, 61.5)
2023-09-18 17:18:08.109 | 06:40   79ms   15M  320G 100/106U [ActUnit] DRONE from LARVA at (38.4, 118.5)
2023-09-18 17:18:08.655 | 06:42  106ms   80M  328G 101/106U [ActUnit] DRONE from LARVA at (36.4, 86.8)
2023-09-18 17:18:09.780 | 06:44   99ms  145M  340G 102/106U [ActUnit] OVERLORD from LARVA at (54.5, 36.6)
2023-09-18 17:18:10.374 | 06:46   80ms  130M  348G 102/106U [ActUnit] OVERLORD from LARVA at (80.5, 121.6)
2023-09-18 17:18:10.975 | 06:48   41ms  210M  360G 101/106U [ActUnit] DRONE from LARVA at (117.5, 121.6)
2023-09-18 17:18:11.431 | 06:49   33ms  310M  364G 101/106U [Expand] Expanding to (163.5, 99.5)
2023-09-18 17:18:11.556 | 06:49   31ms    0M  368G 101/106U [ActUnit] DRONE from LARVA at (82.5, 36.6)
2023-09-18 17:18:11.978 | 06:51   32ms   35M  376G 102/112U [ActUnit] ZERGLING from LARVA at (36.9, 61.5)
2023-09-18 17:18:12.106 | 06:51   30ms   10M  376G 103/112U [ActUnit] ZERGLING from LARVA at (120.0, 36.6)
2023-09-18 17:18:12.390 | 06:52   28ms   45M  384G 104/112U [ActUnit] ZERGLING from LARVA at (38.8, 118.8)
2023-09-18 17:18:12.539 | 06:52   37ms   25M  384G 105/112U [ActUnit] ZERGLING from LARVA at (36.6, 86.5)
2023-09-18 17:18:13.571 | 06:55   33ms  140M  400G 106/112U [ActUnit] ZERGLING from LARVA at (54.4, 36.6)
2023-09-18 17:18:13.978 | 06:56   31ms  200M  408G 107/112U [ActUnit] ZERGLING from LARVA at (80.5, 121.6)
2023-09-18 17:18:14.540 | 06:58   30ms  275M  416G 106/112U [ActUnit] DRONE from LARVA at (117.5, 121.6)
2023-09-18 17:18:14.682 | 06:59   43ms  305M  420G 107/112U [Expand] Expanding to (163.5, 99.5)
2023-09-18 17:18:15.079 | 07:00   30ms   35M  428G 107/112U [ActUnit] DRONE from LARVA at (82.5, 36.6)
2023-09-18 17:18:15.221 | 07:00   38ms   25M  428G 108/112U [ActUnit] ZERGLING from LARVA at (38.3, 118.6)
2023-09-18 17:18:15.345 | 07:01   32ms   10M  432G 109/112U [ActUnit] ZERGLING from LARVA at (36.8, 61.8)
2023-09-18 17:18:15.539 | 07:01   36ms   15M  432G 110/112U [ActUnit] ZERGLING from LARVA at (119.0, 36.4)
2023-09-18 17:18:16.080 | 07:03   39ms   85M  444G 110/120U [ActUnit] DRONE from LARVA at (36.4, 86.7)
2023-09-18 17:18:16.891 | 07:06   35ms  210M  456G 111/128U [ActUnit] ZERGLING from LARVA at (54.4, 36.6)
2023-09-18 17:18:17.181 | 07:07   37ms  315M  464G 112/128U [Expand] Expanding to (137.5, 64.5)
2023-09-18 17:18:17.447 | 07:08   37ms   15M  468G 112/128U [ActUnit] ZERGLING from LARVA at (80.4, 121.9)
2023-09-18 17:18:17.871 | 07:09   31ms   90M  476G 113/128U [ActUnit] ZERGLING from LARVA at (117.5, 121.6)
2023-09-18 17:18:18.152 | 07:10   31ms  145M  480G 114/128U [Inject] injecting hatch (54.5, 39.5)
2023-09-18 17:18:18.430 | 07:11   32ms  180M  484G 114/128U [ActUnit] ZERGLING from LARVA at (82.5, 36.6)
2023-09-18 17:18:18.590 | 07:11   41ms  165M  488G 115/128U [ActUnit] ZERGLING from LARVA at (119.5, 36.8)
2023-09-18 17:18:18.719 | 07:12   34ms  145M  488G 116/128U [ActUnit] ZERGLING from LARVA at (36.3, 61.7)
2023-09-18 17:18:18.875 | 07:12   40ms  125M  492G 117/128U [ActUnit] ZERGLING from LARVA at (38.6, 118.2)
2023-09-18 17:18:19.028 | 07:13   33ms  455M  496G 118/128U [Expand] Expanding to (137.5, 64.5)
2023-09-18 17:18:19.029 | 07:13   33ms  155M  496G 118/128U [Tech] Started ZERGMELEEWEAPONSLEVEL1
2023-09-18 17:18:19.169 | 07:13   47ms  395M  396G 118/128U [Expand] Expanding to (137.5, 64.5)
2023-09-18 17:18:19.456 | 07:14   35ms   95M  400G 117/128U [ActUnit] DRONE from LARVA at (36.5, 86.8)
2023-09-18 17:18:20.172 | 07:16   32ms  305M  412G 117/128U [Expand] Expanding to (163.5, 74.5)
2023-09-18 17:18:20.605 | 07:17   40ms   30M  420G 117/128U [ActUnit] DRONE from LARVA at (54.7, 36.1)
2023-09-18 17:18:20.745 | 07:18   33ms   20M  424G 118/128U [ActUnit] ZERGLING from LARVA at (80.5, 121.6)
2023-09-18 17:18:21.033 | 07:19   32ms   90M  428G 119/128U [GameAnalyzer] Known army advantage is now ClearDisadvantage
2023-09-18 17:18:21.033 | 07:19   32ms   90M  428G 119/128U [GameAnalyzer] Predicted army advantage is now ClearDisadvantage
2023-09-18 17:18:21.331 | 07:20   32ms  100M  432G 119/128U [ActUnit] ZERGLING from LARVA at (117.5, 121.6)
2023-09-18 17:18:21.663 | 07:21   32ms  210M  436G 120/128U [Tech] Started ZERGGROUNDARMORSLEVEL1
2023-09-18 17:18:21.837 | 07:21   41ms  215M  190G 120/128U [BuildGas] Building EXTRACTOR to (115.5, 32.5)
2023-09-18 17:18:21.981 | 07:21   36ms  185M  194G 120/128U [ActUnit] ZERGLING from LARVA at (82.5, 36.6)
2023-09-18 17:18:22.148 | 07:22   41ms  165M  194G 121/128U [ActUnit] ZERGLING from LARVA at (119.6, 36.5)
2023-09-18 17:18:22.294 | 07:22   36ms  435M  198G 120/128U [ActUnit] DRONE from LARVA at (38.4, 118.5)
2023-09-18 17:18:22.307 | 07:22   36ms  410M  198G 120/128U [BuildGas] Building EXTRACTOR to (124.5, 121.5)
2023-09-18 17:18:22.465 | 07:23   50ms  405M  198G 121/128U [ActUnit] DRONE from LARVA at (36.4, 61.9)
2023-09-18 17:18:22.934 | 07:24   33ms  495M  206G 121/128U [GameAnalyzer] Known army advantage is now OverwhelmingDisadvantage
2023-09-18 17:18:22.935 | 07:24   33ms  495M  206G 121/128U [GameAnalyzer] Predicted army advantage is now OverwhelmingDisadvantage
2023-09-18 17:18:23.092 | 07:25   43ms  490M  210G 121/128U [ActUnit] DRONE from LARVA at (36.7, 86.7)
2023-09-18 17:18:23.244 | 07:25   35ms  370M  210G 122/128U [ActUnit] QUEEN from HATCHERY at (54.5, 39.5)
2023-09-18 17:18:23.704 | 07:26   48ms  490M  218G 124/128U [GameAnalyzer] Known army advantage is now ClearDisadvantage
2023-09-18 17:18:23.705 | 07:26   48ms  490M  218G 124/128U [GameAnalyzer] Predicted army advantage is now ClearDisadvantage
2023-09-18 17:18:23.860 | 07:27   38ms  395M  222G 124/128U [ActUnit] QUEEN from HATCHERY at (36.5, 64.5)
2023-09-18 17:18:24.029 | 07:27   43ms  315M  222G 126/128U [ActUnit] OVERLORD from LARVA at (54.4, 36.6)
2023-09-18 17:18:24.501 | 07:29   36ms  315M  230G 125/128U [ActUnit] OVERLORD from LARVA at (80.5, 121.6)
2023-09-18 17:18:25.128 | 07:30   36ms  415M  242G 125/128U [ActUnit] DRONE from LARVA at (117.5, 121.6)
2023-09-18 17:18:25.295 | 07:31   45ms  445M  242G 126/128U [PlanCancelBuilding] Cancelled HATCHERY at (137.5, 64.5) with 82.61767578125 health
2023-09-18 17:18:25.442 | 07:31   37ms  655M  246G 127/134U [ActUnit] ZERGLING from LARVA at (65.6, 69.7)
2023-09-18 17:18:25.454 | 07:31   37ms  505M  246G 127/134U [ActUnit] QUEEN from HATCHERY at (117.5, 124.5)
2023-09-18 17:18:25.604 | 07:32   48ms  390M  250G 130/134U [ActUnit] QUEEN from HATCHERY at (82.5, 39.5)
2023-09-18 17:18:25.757 | 07:32   38ms  375M  250G 132/134U [ActUnit] ZERGLING from LARVA at (82.5, 36.6)
2023-09-18 17:18:25.929 | 07:33   42ms  380M  254G 133/134U [ActUnit] ZERGLING from LARVA at (38.6, 118.5)
2023-09-18 17:18:27.089 | 07:34   52ms  370M  258G 133/134U [ActUnit] ZERGLING from LARVA at (119.5, 36.3)
2023-09-18 17:18:30.051 | 07:42   52ms 1020M  302G 134/134U [Inject] injecting hatch (117.5, 124.5)
2023-09-18 17:18:30.375 | 07:42   47ms 1065M  306G 134/140U [ActUnit] ZERGLING from LARVA at (35.4, 86.1)
2023-09-18 17:18:30.531 | 07:43   39ms 1055M  310G 135/140U [ActUnit] ZERGLING from LARVA at (54.8, 36.5)
2023-09-18 17:18:30.709 | 07:43   48ms 1035M  310G 136/140U [ActUnit] ZERGLING from LARVA at (82.3, 36.8)
2023-09-18 17:18:30.861 | 07:44   41ms 1020M  314G 137/140U [ActUnit] ZERGLING from LARVA at (36.2, 61.7)
2023-09-18 17:18:31.026 | 07:44   56ms 1005M  318G 138/140U [ActUnit] ZERGLING from LARVA at (35.4, 87.0)
2023-09-18 17:18:31.182 | 07:45   41ms  980M  318G 139/140U [ActUnit] ZERGLING from LARVA at (119.8, 36.9)
2023-09-18 17:18:31.503 | 07:46   40ms  995M  322G 140/148U [ActUnit] ZERGLING from LARVA at (36.8, 86.1)
2023-09-18 17:18:31.672 | 07:46   46ms  985M  326G 141/148U [ActUnit] ZERGLING from LARVA at (145.6, 121.9)
2023-09-18 17:18:31.822 | 07:46   39ms  975M  330G 142/148U [ActUnit] ZERGLING from LARVA at (36.8, 86.1)
2023-09-18 17:18:31.981 | 07:47   46ms  965M  330G 143/156U [ActUnit] ZERGLING from LARVA at (38.4, 118.6)
2023-09-18 17:18:32.144 | 07:47   39ms  965M  334G 144/156U [ActUnit] ZERGLING from LARVA at (117.0, 121.6)
2023-09-18 17:18:32.330 | 07:48   51ms  930M  334G 145/156U [ActUnit] ZERGLING from LARVA at (36.4, 61.7)
2023-09-18 17:18:32.491 | 07:48   42ms  925M  338G 146/162U [ActUnit] ZERGLING from LARVA at (80.8, 121.4)
2023-09-18 17:18:32.660 | 07:49   47ms  900M  342G 147/162U [ActUnit] ZERGLING from LARVA at (62.0, 96.9)
2023-09-18 17:18:32.823 | 07:49   42ms  890M  342G 148/162U [ActUnit] ZERGLING from LARVA at (65.7, 69.2)
2023-09-18 17:18:32.986 | 07:50   45ms  905M  346G 149/162U [GameAnalyzer] Known army advantage is now SmallDisadvantage
2023-09-18 17:18:32.987 | 07:50   45ms  905M  346G 149/162U [GameAnalyzer] Predicted army advantage is now SmallDisadvantage
2023-09-18 17:18:32.989 | 07:50   45ms  855M  346G 149/162U [ActUnit] ZERGLING from LARVA at (54.7, 36.8)
2023-09-18 17:18:33.152 | 07:50   42ms  850M  346G 150/162U [ActUnit] ZERGLING from LARVA at (80.5, 121.6)
2023-09-18 17:18:34.014 | 07:52   40ms  945M  358G 151/162U [ActUnit] ZERGLING from LARVA at (117.5, 121.6)
2023-09-18 17:18:34.345 | 07:53   42ms  960M  362G 152/162U [ActUnit] ZERGLING from LARVA at (65.6, 69.6)
2023-09-18 17:18:34.508 | 07:53   49ms  935M  366G 153/162U [ActUnit] ZERGLING from LARVA at (145.5, 121.6)
2023-09-18 17:18:34.668 | 07:54   42ms  920M  366G 154/162U [ActUnit] ZERGLING from LARVA at (82.5, 36.6)
2023-09-18 17:18:34.840 | 07:54   49ms  925M  370G 154/162U [ActUnit] DRONE from LARVA at (119.5, 36.5)
2023-09-18 17:18:35.000 | 07:55   41ms  885M  370G 155/162U [ActUnit] ZERGLING from LARVA at (36.7, 61.6)
2023-09-18 17:18:35.190 | 07:55   49ms  925M  374G 156/162U [GameAnalyzer] Known army advantage is now ClearDisadvantage
2023-09-18 17:18:35.191 | 07:55   49ms  925M  374G 156/162U [GameAnalyzer] Predicted army advantage is now ClearDisadvantage
2023-09-18 17:18:35.192 | 07:55   49ms  875M  374G 156/162U [ActUnit] ZERGLING from LARVA at (38.6, 118.4)
2023-09-18 17:18:35.533 | 07:56   54ms  890M  378G 154/162U [ActUnit] DRONE from LARVA at (36.7, 86.7)
2023-09-18 17:18:35.541 | 07:56   54ms  740M  378G 154/162U [ActUnit] QUEEN from HATCHERY at (62.5, 99.5)
2023-09-18 17:18:36.524 | 07:59   57ms  885M  394G 157/168U [ActUnit] ZERGLING from LARVA at (134.5, 88.6)
2023-09-18 17:18:36.677 | 07:59   42ms  870M  398G 158/168U [ActUnit] ZERGLING from LARVA at (62.4, 96.5)
2023-09-18 17:18:36.862 | 07:59   46ms  850M  398G 159/168U [ActUnit] ZERGLING from LARVA at (54.5, 36.6)
2023-09-18 17:18:37.349 | 08:01   42ms  900M  406G 160/168U [ActUnit] ZERGLING from LARVA at (80.5, 121.6)
2023-09-18 17:18:37.535 | 08:01   48ms  940M  414G 161/168U [GameAnalyzer] Known army advantage is now SmallDisadvantage
2023-09-18 17:18:37.536 | 08:01   48ms  940M  414G 161/168U [GameAnalyzer] Predicted army advantage is now SmallDisadvantage
2023-09-18 17:18:37.545 | 08:01   48ms  940M  414G 161/168U [Inject] injecting hatch (36.5, 64.5)
2023-09-18 17:18:38.056 | 08:03   40ms  980M  418G 161/168U [ActUnit] ZERGLING from LARVA at (117.5, 121.6)
2023-09-18 17:18:38.248 | 08:03   50ms 1005M  422G 162/168U [Inject] injecting hatch (117.5, 124.5)
2023-09-18 17:18:38.407 | 08:03   42ms 1005M  426G 162/168U [ActUnit] ZERGLING from LARVA at (65.4, 69.6)
2023-09-18 17:18:38.609 | 08:04   56ms  970M  426G 163/168U [ActUnit] ZERGLING from LARVA at (145.5, 121.6)
2023-09-18 17:18:38.780 | 08:04   42ms  900M  430G 164/168U [ActUnit] OVERLORD from LARVA at (54.9, 36.4)
2023-09-18 17:18:38.782 | 08:04   42ms  850M  430G 164/168U [ActUnit] ZERGLING from LARVA at (53.3, 37.1)
2023-09-18 17:18:38.953 | 08:05   54ms  790M  430G 165/168U [ActUnit] OVERLORD from LARVA at (38.7, 118.5)
2023-09-18 17:18:38.955 | 08:05   54ms  740M  430G 165/168U [ActUnit] ZERGLING from LARVA at (36.5, 61.6)
2023-09-18 17:18:39.125 | 08:05   46ms  740M  438G 166/168U [ActUnit] ZERGLING from LARVA at (119.9, 36.8)
2023-09-18 17:18:39.305 | 08:06   56ms  760M  442G 167/168U [GameAnalyzer] Known army advantage is now SlightDisadvantage
2023-09-18 17:18:39.306 | 08:06   56ms  760M  442G 167/168U [GameAnalyzer] Predicted army advantage is now SlightDisadvantage
2023-09-18 17:18:39.311 | 08:06   56ms  710M  442G 167/168U [ActUnit] ZERGLING from LARVA at (53.4, 36.9)
2023-09-18 17:18:40.027 | 08:07   60ms  845M  450G 168/168U [Inject] injecting hatch (145.5, 124.5)
2023-09-18 17:18:40.205 | 08:08   46ms  870M  454G 168/168U [Inject] injecting hatch (82.5, 39.5)
2023-09-18 17:18:41.165 | 08:10   50ms 1055M  470G 168/168U [GameAnalyzer] Known army advantage is now Even
2023-09-18 17:18:41.166 | 08:10   50ms 1055M  470G 168/168U [GameAnalyzer] Predicted army advantage is now Even
2023-09-18 17:18:42.609 | 08:14   56ms 1285M  494G 168/174U [ActUnit] ZERGLING from LARVA at (54.7, 36.7)
2023-09-18 17:18:42.791 | 08:14   47ms 1275M  494G 169/174U [ActUnit] ZERGLING from LARVA at (82.5, 36.9)
2023-09-18 17:18:42.973 | 08:15   55ms 1275M  498G 170/174U [ActUnit] ZERGLING from LARVA at (134.6, 88.9)
2023-09-18 17:18:43.146 | 08:15   48ms 1255M  498G 171/174U [ActUnit] ZERGLING from LARVA at (163.0, 96.9)
2023-09-18 17:18:43.337 | 08:15   54ms 1245M  502G 172/174U [ActUnit] ZERGLING from LARVA at (117.3, 121.0)
2023-09-18 17:18:43.515 | 08:16   49ms 1225M  506G 173/174U [ActUnit] ZERGLING from LARVA at (38.8, 118.6)
2023-09-18 17:18:43.902 | 08:17   49ms 1250M  510G 173/174U [ActUnit] DRONE from LARVA at (62.6, 96.9)
2023-09-18 17:18:44.245 | 08:18   48ms 1295M  518G 174/174U [GameAnalyzer] Known army advantage is now SlightDisadvantage
2023-09-18 17:18:44.246 | 08:18   48ms 1295M  518G 174/174U [GameAnalyzer] Predicted army advantage is now SlightDisadvantage
2023-09-18 17:18:45.129 | 08:20   60ms 1500M  530G 174/174U [GameAnalyzer] Known army advantage is now Even
2023-09-18 17:18:45.130 | 08:20   60ms 1500M  530G 174/174U [GameAnalyzer] Predicted army advantage is now Even
2023-09-18 17:18:46.217 | 08:23   64ms 1640M  558G 174/182U [ActUnit] ZERGLING from LARVA at (36.4, 86.9)
2023-09-18 17:18:46.391 | 08:23   48ms 1620M  558G 175/190U [ActUnit] ZERGLING from LARVA at (36.7, 86.8)
2023-09-18 17:18:46.590 | 08:24   60ms 1620M  562G 176/190U [ActUnit] ZERGLING from LARVA at (119.4, 36.4)
2023-09-18 17:18:46.775 | 08:24   49ms 1615M  566G 177/190U [ActUnit] ZERGLING from LARVA at (134.6, 88.5)
2023-09-18 17:18:46.955 | 08:24   62ms 1620M  574G 178/190U [ActUnit] ZERGLING from LARVA at (54.1, 36.9)
2023-09-18 17:18:47.136 | 08:25   49ms 1610M  578G 179/190U [ActUnit] ZERGLING from LARVA at (82.3, 36.3)
2023-09-18 17:18:47.322 | 08:25   57ms 1590M  582G 180/190U [ActUnit] ZERGLING from LARVA at (62.1, 96.2)
2023-09-18 17:18:47.508 | 08:26   49ms 1565M  590G 181/190U [ActUnit] ZERGLING from LARVA at (36.6, 61.5)
2023-09-18 17:18:47.694 | 08:26   58ms 1545M  590G 182/190U [ActUnit] ZERGLING from LARVA at (82.7, 36.4)
2023-09-18 17:18:47.869 | 08:27   54ms 1530M  594G 183/190U [ActUnit] ZERGLING from LARVA at (80.7, 121.6)
2023-09-18 17:18:48.057 | 08:27   59ms 1510M  598G 184/190U [ActUnit] ZERGLING from LARVA at (119.3, 36.9)
2023-09-18 17:18:48.245 | 08:28   50ms 1495M  602G 185/190U [ActUnit] ZERGLING from LARVA at (38.0, 118.7)
2023-09-18 17:18:48.444 | 08:28   58ms 1430M  610G 186/190U [ActUnit] OVERLORD from LARVA at (36.5, 61.2)
2023-09-18 17:18:48.446 | 08:28   58ms 1380M  610G 186/190U [ActUnit] ZERGLING from LARVA at (164.0, 96.9)
2023-09-18 17:18:48.624 | 08:28   52ms 1325M  614G 187/190U [ActUnit] OVERLORD from LARVA at (117.9, 121.6)
2023-09-18 17:18:48.626 | 08:28   52ms 1275M  614G 187/190U [ActUnit] ZERGLING from LARVA at (36.7, 86.5)
2023-09-18 17:18:48.810 | 08:29   58ms 1300M  618G 188/190U [ActUnit] ZERGLING from LARVA at (65.6, 69.5)
2023-09-18 17:18:49.003 | 08:29   55ms 1275M  622G 189/190U [ActUnit] ZERGLING from LARVA at (145.8, 121.8)
2023-09-18 17:18:51.111 | 08:32   51ms 1465M  650G 190/190U [Inject] injecting hatch (62.5, 99.5)
2023-09-18 17:18:51.543 | 08:33   51ms 1540M  662G 190/190U [Inject] injecting hatch (54.5, 39.5)
2023-09-18 17:18:54.184 | 08:39   52ms 2125M  730G 190/190U [Inject] injecting hatch (134.5, 91.5)
2023-09-18 17:18:54.389 | 08:40   68ms 2155M  734G 190/190U [Inject] injecting hatch (82.5, 39.5)
2023-09-18 17:18:57.248 | 08:46   54ms 2650M  806G 190/198U [ActUnit] ZERGLING from LARVA at (65.2, 69.2)
2023-09-18 17:18:57.457 | 08:47   65ms 2640M  810G 191/200U [ActUnit] ZERGLING from LARVA at (146.7, 122.1)
2023-09-18 17:18:57.470 | 08:47   65ms 2640M  810G 191/200U [PlanZoneAttack] Supply is 191 -> attack!
2023-09-18 17:18:57.472 | 08:47   65ms 2640M  810G 191/200U [PlanZoneAttack] Attack started at 79.50 power.
2023-09-18 17:18:57.651 | 08:47   55ms 2630M  818G 192/200U [ActUnit] ZERGLING from LARVA at (54.6, 36.9)
2023-09-18 17:18:57.885 | 08:48   79ms 2610M  822G 193/200U [ActUnit] ZERGLING from LARVA at (82.4, 36.5)
2023-09-18 17:18:58.128 | 08:48   70ms 2625M  826G 194/200U [ActUnit] ZERGLING from LARVA at (118.4, 121.9)
2023-09-18 17:18:58.373 | 08:49   83ms 2630M  834G 195/200U [ActUnit] ZERGLING from LARVA at (80.4, 121.5)
2023-09-18 17:18:58.620 | 08:49   74ms 2605M  834G 196/200U [ActUnit] ZERGLING from LARVA at (146.7, 122.1)
2023-09-18 17:18:58.909 | 08:49   90ms 2595M  842G 197/200U [ActUnit] ZERGLING from LARVA at (83.5, 36.9)
2023-09-18 17:18:59.171 | 08:50   78ms 2585M  846G 198/200U [ActUnit] ZERGLING from LARVA at (164.8, 96.9)
2023-09-18 17:18:59.427 | 08:50   88ms 2590M  850G 199/200U [ActUnit] ZERGLING from LARVA at (80.1, 121.5)
2023-09-18 17:18:59.436 | 08:50   88ms 2590M  850G 199/200U [Expand] Expanding to (137.5, 64.5)
2023-09-18 17:19:00.519 | 08:52   78ms 2360M  870G 199/200U [ActUnit] ZERGLING from LARVA at (119.6, 36.4)
2023-09-18 17:19:01.630 | 08:54   85ms 2475M  890G 199/200U [ActUnit] ZERGLING from LARVA at (36.0, 61.5)
2023-09-18 17:19:01.917 | 08:54   85ms 2455M  894G 199/200U [ActUnit] ZERGLING from LARVA at (65.0, 69.8)
2023-09-18 17:19:02.518 | 08:55   93ms 2540M  902G 200/200U [GameAnalyzer] Known army advantage is now SlightDisadvantage
2023-09-18 17:19:02.519 | 08:55   93ms 2540M  902G 200/200U [GameAnalyzer] Predicted army advantage is now SlightDisadvantage
2023-09-18 17:19:02.852 | 08:56  110ms 2530M  906G 196/200U [ActUnit] ZERGLING from LARVA at (38.6, 118.9)
2023-09-18 17:19:03.156 | 08:56   97ms 2510M  914G 196/200U [ActUnit] ZERGLING from LARVA at (35.4, 61.8)
2023-09-18 17:19:03.167 | 08:56   97ms 2510M  914G 196/200U [Inject] injecting hatch (145.5, 124.5)
2023-09-18 17:19:03.502 | 08:57  114ms 2555M  918G 192/200U [GameAnalyzer] Known army advantage is now SmallDisadvantage
2023-09-18 17:19:03.503 | 08:57  114ms 2555M  918G 192/200U [GameAnalyzer] Predicted army advantage is now SmallDisadvantage
2023-09-18 17:19:03.505 | 08:57  114ms 2505M  918G 192/200U [ActUnit] ZERGLING from LARVA at (144.5, 121.7)
2023-09-18 17:19:03.795 | 08:57   99ms 2490M  922G 192/200U [ActUnit] ZERGLING from LARVA at (62.3, 96.4)
2023-09-18 17:19:04.083 | 08:57  101ms 2475M  930G 193/200U [ActUnit] ZERGLING from LARVA at (117.6, 121.8)
2023-09-18 17:19:04.378 | 08:58   98ms 2470M  934G 194/200U [ActUnit] ZERGLING from LARVA at (146.2, 121.5)
2023-09-18 17:19:04.737 | 08:58  123ms 2455M  938G 190/200U [ActUnit] ZERGLING from LARVA at (54.8, 36.6)
2023-09-18 17:19:05.063 | 08:59  120ms 2455M  946G 188/200U [ActUnit] ZERGLING from LARVA at (119.6, 36.5)
2023-09-18 17:19:05.382 | 08:59  123ms 2430M  946G 186/200U [ActUnit] DRONE from LARVA at (38.7, 118.2)
2023-09-18 17:19:05.696 | 09:00  110ms 2410M  950G 187/200U [ActUnit] ZERGLING from LARVA at (119.2, 36.9)
2023-09-18 17:19:06.065 | 09:00  124ms 2400M  958G 183/200U [ActUnit] ZERGLING from LARVA at (36.8, 86.5)
2023-09-18 17:19:06.389 | 09:01  110ms 2440M  962G 180/200U [GameAnalyzer] Known army advantage is now ClearDisadvantage
2023-09-18 17:19:06.391 | 09:01  110ms 2440M  962G 180/200U [GameAnalyzer] Predicted army advantage is now ClearDisadvantage
2023-09-18 17:19:06.393 | 09:01  110ms 2390M  962G 180/200U [ActUnit] ZERGLING from LARVA at (163.8, 96.6)
2023-09-18 17:19:06.732 | 09:01  138ms 2375M  966G 178/200U [ActUnit] ZERGLING from LARVA at (36.8, 86.5)
2023-09-18 17:19:06.739 | 09:01  138ms 2375M  966G 178/200U [PlanCancelBuilding] Cancelled HATCHERY at (137.5, 64.5) with 105.974365234375 health
2023-09-18 17:19:07.045 | 09:01  109ms 2590M  970G 174/200U [ActUnit] ZERGLING from LARVA at (134.3, 88.5)
2023-09-18 17:19:07.363 | 09:02  112ms 2595M  978G 171/200U [ActUnit] ZERGLING from LARVA at (117.0, 121.8)
2023-09-18 17:19:07.657 | 09:02   86ms 2595M  982G 167/200U [ActUnit] ZERGLING from LARVA at (80.6, 121.5)
2023-09-18 17:19:08.122 | 09:03   89ms 2575M  986G 168/200U [ActUnit] ZERGLING from LARVA at (65.9, 69.5)
2023-09-18 17:19:08.375 | 09:03   75ms 2610M  994G 167/200U [GameAnalyzer] Known army advantage is now OverwhelmingDisadvantage
2023-09-18 17:19:08.376 | 09:03   75ms 2610M  994G 167/200U [GameAnalyzer] Predicted army advantage is now OverwhelmingDisadvantage
2023-09-18 17:19:08.378 | 09:03   75ms 2560M  994G 167/200U [ActUnit] ZERGLING from LARVA at (134.6, 88.9)
2023-09-18 17:19:08.670 | 09:04   85ms 2540M  994G 163/200U [ActUnit] ZERGLING from LARVA at (144.3, 121.5)
2023-09-18 17:19:08.678 | 09:04   85ms 2540M  994G 163/200U [Inject] injecting hatch (38.5, 121.5)
2023-09-18 17:19:08.900 | 09:04   64ms 2525M  998G 163/200U [ActUnit] ZERGLING from LARVA at (144.4, 121.9)
2023-09-18 17:19:09.160 | 09:05   78ms 2525M 1006G 161/200U [ActUnit] ZERGLING from LARVA at (80.4, 121.5)
2023-09-18 17:19:09.224 | 09:05   78ms 2525M 1006G 161/200U [Inject] injecting hatch (36.5, 64.5)
2023-09-18 17:19:09.456 | 09:05  115ms 2495M 1010G 161/200U [ActUnit] ZERGLING from LARVA at (62.5, 96.8)
2023-09-18 17:19:09.685 | 09:05   68ms 2485M 1014G 161/200U [ActUnit] ZERGLING from LARVA at (82.3, 36.8)
2023-09-18 17:19:09.904 | 09:06   54ms 2470M 1018G 162/200U [ActUnit] ZERGLING from LARVA at (54.4, 36.4)
2023-09-18 17:19:10.129 | 09:06   71ms 2445M 1026G 163/200U [ActUnit] ZERGLING from LARVA at (36.3, 86.7)
2023-09-18 17:19:10.353 | 09:07   59ms 2450M 1030G 164/200U [ActUnit] ZERGLING from LARVA at (36.8, 61.5)
2023-09-18 17:19:10.597 | 09:07   72ms 2470M 1034G 164/200U [ActUnit] ZERGLING from LARVA at (63.2, 96.9)
2023-09-18 17:19:10.606 | 09:07   72ms 2470M 1034G 164/200U [Tech] Started ZERGMELEEWEAPONSLEVEL2
2023-09-18 17:19:10.815 | 09:08   60ms 2310M  892G 165/200U [ActUnit] ZERGLING from LARVA at (62.1, 96.9)
2023-09-18 17:19:11.034 | 09:08   67ms 2295M  892G 165/200U [ActUnit] ZERGLING from LARVA at (36.3, 61.0)
2023-09-18 17:19:11.249 | 09:09   57ms 2270M  896G 166/200U [ActUnit] ZERGLING from LARVA at (163.6, 96.4)
2023-09-18 17:19:11.492 | 09:09   68ms 2240M  904G 167/200U [ActUnit] ZERGLING from LARVA at (163.6, 96.4)
2023-09-18 17:19:11.706 | 09:10   58ms 2235M  908G 168/200U [ActUnit] ZERGLING from LARVA at (63.2, 96.8)
2023-09-18 17:19:11.908 | 09:10   61ms 2225M  912G 168/200U [ActUnit] ZERGLING from LARVA at (82.8, 36.5)
2023-09-18 17:19:12.121 | 09:10   57ms 2205M  916G 169/200U [ActUnit] ZERGLING from LARVA at (80.7, 121.7)
2023-09-18 17:19:12.339 | 09:11   66ms 2185M  924G 170/200U [ActUnit] ZERGLING from LARVA at (37.9, 118.5)
2023-09-18 17:19:12.348 | 09:11   66ms 2185M  924G 170/200U [Inject] injecting hatch (163.5, 99.5)
2023-09-18 17:19:12.560 | 09:11   56ms 2180M  928G 171/200U [ActUnit] ZERGLING from LARVA at (65.9, 69.9)
2023-09-18 17:19:12.573 | 09:11   56ms 2180M  928G 171/200U [Inject] injecting hatch (82.5, 39.5)
2023-09-18 17:19:12.797 | 09:12   76ms 2165M  932G 172/200U [ActUnit] ZERGLING from LARVA at (39.0, 118.6)
2023-09-18 17:19:13.019 | 09:12   62ms 2175M  940G 172/200U [ActUnit] ZERGLING from LARVA at (83.6, 36.6)
2023-09-18 17:19:13.247 | 09:13   64ms 2200M  944G 173/200U [ActUnit] ZERGLING from LARVA at (134.1, 88.5)
2023-09-18 17:19:13.473 | 09:13   57ms 2175M  948G 174/200U [ActUnit] ZERGLING from LARVA at (53.7, 36.7)
2023-09-18 17:19:13.726 | 09:14   72ms 2200M  952G 175/200U [GameAnalyzer] Known army advantage is now ClearDisadvantage
2023-09-18 17:19:13.727 | 09:14   72ms 2200M  952G 175/200U [GameAnalyzer] Predicted army advantage is now ClearDisadvantage
2023-09-18 17:19:13.729 | 09:14   72ms 2150M  952G 175/200U [ActUnit] ZERGLING from LARVA at (119.3, 36.8)
2023-09-18 17:19:13.960 | 09:14   63ms 2120M  956G 176/200U [ActUnit] ZERGLING from LARVA at (36.8, 86.9)
2023-09-18 17:19:14.207 | 09:14   81ms 2105M  960G 177/200U [ActUnit] ZERGLING from LARVA at (83.2, 36.4)
2023-09-18 17:19:14.441 | 09:15   69ms 2095M  968G 178/200U [ActUnit] ZERGLING from LARVA at (117.3, 121.9)
2023-09-18 17:19:14.703 | 09:15   73ms 2095M  972G 178/200U [ActUnit] ZERGLING from LARVA at (62.2, 96.5)
2023-09-18 17:19:14.713 | 09:15   73ms 2095M  972G 178/200U [Tech] Started ZERGGROUNDARMORSLEVEL2
2023-09-18 17:19:14.954 | 09:16   70ms 1835M  751G 178/200U [ActUnit] ZERGLING from LARVA at (54.2, 36.2)
2023-09-18 17:19:14.964 | 09:16   70ms 1835M  751G 178/200U [ActBuilding] 1. INFESTATIONPIT near (42.3, 71.4)
2023-09-18 17:19:15.204 | 09:16   93ms 1715M  655G 179/200U [ActUnit] ZERGLING from LARVA at (65.6, 69.5)
2023-09-18 17:19:15.448 | 09:17   69ms 1715M  663G 180/200U [ActUnit] ZERGLING from LARVA at (54.5, 36.1)
2023-09-18 17:19:15.678 | 09:17   81ms 1710M  667G 181/200U [ActUnit] ZERGLING from LARVA at (82.6, 36.9)
2023-09-18 17:19:15.915 | 09:18   69ms 1720M  671G 182/200U [ActUnit] ZERGLING from LARVA at (54.0, 36.6)
2023-09-18 17:19:16.162 | 09:18   79ms 1730M  679G 183/200U [ActUnit] ZERGLING from LARVA at (134.8, 88.8)
2023-09-18 17:19:16.405 | 09:18   68ms 1705M  679G 184/200U [ActUnit] ZERGLING from LARVA at (117.4, 121.5)
2023-09-18 17:19:16.650 | 09:19   83ms 1685M  683G 185/200U [ActUnit] ZERGLING from LARVA at (145.5, 121.9)
2023-09-18 17:19:16.915 | 09:19   75ms 1665M  691G 184/200U [ActUnit] DRONE from LARVA at (81.9, 36.6)
2023-09-18 17:19:17.151 | 09:20   80ms 1645M  695G 185/200U [ActUnit] ZERGLING from LARVA at (63.2, 96.6)
2023-09-18 17:19:17.398 | 09:20   73ms 1640M  699G 185/200U [ActUnit] ZERGLING from LARVA at (38.1, 118.8)
2023-09-18 17:19:17.644 | 09:21   79ms 1610M  703G 186/200U [ActUnit] ZERGLING from LARVA at (145.7, 121.9)
2023-09-18 17:19:17.882 | 09:21   76ms 1600M  711G 187/200U [ActUnit] ZERGLING from LARVA at (119.1, 36.5)
2023-09-18 17:19:18.126 | 09:22   87ms 1595M  715G 188/200U [ActUnit] ZERGLING from LARVA at (36.1, 61.2)
2023-09-18 17:19:18.377 | 09:22   76ms 1580M  719G 189/200U [ActUnit] ZERGLING from LARVA at (163.6, 96.9)
2023-09-18 17:19:18.630 | 09:22   88ms 1590M  727G 188/200U [ActUnit] ZERGLING from LARVA at (37.6, 61.9)
2023-09-18 17:19:18.872 | 09:23   77ms 1580M  727G 188/200U [ActUnit] ZERGLING from LARVA at (80.3, 121.0)
2023-09-18 17:19:19.127 | 09:23   84ms 1575M  731G 189/200U [ActUnit] ZERGLING from LARVA at (54.5, 36.2)
2023-09-18 17:19:19.136 | 09:23   84ms 1575M  731G 189/200U [Inject] injecting hatch (117.5, 124.5)
2023-09-18 17:19:19.371 | 09:24   77ms 1570M  739G 190/200U [ActUnit] ZERGLING from LARVA at (135.9, 88.7)
2023-09-18 17:19:19.625 | 09:24   94ms 1550M  743G 190/200U [ActUnit] ZERGLING from LARVA at (133.0, 89.1)
2023-09-18 17:19:19.934 | 09:25  139ms 1540M  747G 190/200U [ActUnit] ZERGLING from LARVA at (116.6, 121.8)
2023-09-18 17:19:20.204 | 09:25   88ms 1505M  755G 190/200U [ActUnit] ZERGLING from LARVA at (133.4, 89.0)
2023-09-18 17:19:20.462 | 09:26   80ms 1490M  759G 190/200U [ActUnit] ZERGLING from LARVA at (36.6, 86.5)
2023-09-18 17:19:20.715 | 09:26   90ms 1465M  763G 191/200U [ActUnit] ZERGLING from LARVA at (64.8, 69.6)
2023-09-18 17:19:20.967 | 09:26   80ms 1465M  767G 191/200U [ActUnit] ZERGLING from LARVA at (134.0, 88.7)
2023-09-18 17:19:21.254 | 09:27  100ms 1460M  775G 191/200U [ActUnit] ZERGLING from LARVA at (82.6, 36.9)
2023-09-18 17:19:21.528 | 09:27   79ms 1460M  779G 192/200U [ActUnit] ZERGLING from LARVA at (63.0, 96.6)
2023-09-18 17:19:21.781 | 09:28   92ms 1445M  783G 192/200U [ActUnit] ZERGLING from LARVA at (117.3, 121.9)
2023-09-18 17:19:22.037 | 09:28   80ms 1420M  787G 192/200U [ActUnit] ZERGLING from LARVA at (117.0, 121.8)
2023-09-18 17:19:22.321 | 09:29   98ms 1435M  791G 193/200U [ActUnit] ZERGLING from LARVA at (163.5, 96.6)
2023-09-18 17:19:22.594 | 09:29   83ms 1425M  795G 193/200U [ActUnit] ZERGLING from LARVA at (36.6, 61.6)
2023-09-18 17:19:23.653 | 09:30  100ms 1430M  803G 194/200U [ActUnit] ZERGLING from LARVA at (145.4, 121.8)
2023-09-18 17:19:23.904 | 09:30   82ms 1395M  807G 194/200U [ActUnit] ZERGLING from LARVA at (65.3, 69.4)
2023-09-18 17:19:24.191 | 09:30  100ms 1370M  811G 195/200U [ActUnit] ZERGLING from LARVA at (118.0, 121.9)
2023-09-18 17:19:24.444 | 09:31   83ms 1345M  815G 196/200U [ActUnit] ZERGLING from LARVA at (119.1, 36.2)
2023-09-18 17:19:24.711 | 09:31   94ms 1340M  823G 195/200U [ActUnit] ZERGLING from LARVA at (38.6, 118.2)
2023-09-18 17:19:25.180 | 09:32   84ms 1320M  827G 195/200U [ActUnit] ZERGLING from LARVA at (80.7, 121.8)
2023-09-18 17:19:25.449 | 09:32   94ms 1350M  831G 195/200U [ActUnit] ZERGLING from LARVA at (54.6, 36.6)
2023-09-18 17:19:25.458 | 09:32   94ms 1350M  831G 195/200U [Expand] Expanding to (137.5, 64.5)
2023-09-18 17:19:25.713 | 09:33   88ms 1065M  839G 196/200U [GameAnalyzer] Known army advantage is now SmallDisadvantage
2023-09-18 17:19:25.717 | 09:33   88ms 1015M  839G 196/200U [ActUnit] ZERGLING from LARVA at (36.7, 86.7)
2023-09-18 17:19:25.726 | 09:33   88ms 1015M  839G 196/200U [Expand] Expanding to (137.5, 64.5)
2023-09-18 17:19:25.987 | 09:33   99ms  695M  839G 196/200U [ActUnit] ZERGLING from LARVA at (82.5, 36.6)
2023-09-18 17:19:25.996 | 09:33   99ms  695M  839G 196/200U [Expand] Expanding to (137.5, 64.5)
2023-09-18 17:19:26.272 | 09:34   91ms  445M  843G 197/200U [Expand] Expanding to (137.5, 64.5)
2023-09-18 17:19:27.168 | 09:35  118ms  275M  859G 192/200U [GameAnalyzer] Known army advantage is now ClearDisadvantage
2023-09-18 17:19:27.455 | 09:35   85ms  295M  863G 189/200U [Inject] injecting hatch (62.5, 99.5)
2023-09-18 17:19:27.746 | 09:36   84ms  335M  871G 189/200U [Expand] Expanding to (137.5, 64.5)
2023-09-18 17:19:27.992 | 09:36   82ms    5M  875G 189/200U [ActUnit] ZERGLING from LARVA at (62.5, 96.8)
2023-09-18 17:19:28.007 | 09:36   82ms    5M  875G 189/200U [Inject] injecting hatch (54.5, 39.5)
2023-09-18 17:19:28.255 | 09:37   95ms   10M  879G 190/200U [ActUnit] ZERGLING from LARVA at (134.7, 88.8)
2023-09-18 17:19:28.509 | 09:37   81ms   40M  887G 191/200U [GameAnalyzer] Known army advantage is now SmallDisadvantage
2023-09-18 17:19:29.077 | 09:38   82ms  125M  891G 189/200U [Inject] injecting hatch (80.5, 124.5)
2023-09-18 17:19:29.325 | 09:39   99ms   80M  899G 188/200U [ActUnit] ZERGLING from LARVA at (145.4, 121.8)
2023-09-18 17:19:29.592 | 09:39   86ms   95M  903G 188/200U [ActUnit] ZERGLING from LARVA at (145.3, 121.9)
2023-09-18 17:19:29.950 | 09:39   94ms   80M  907G 188/200U [ActUnit] ZERGLING from LARVA at (36.3, 61.8)
2023-09-18 17:19:30.221 | 09:40   89ms   70M  911G 188/200U [ActUnit] ZERGLING from LARVA at (145.3, 121.9)
2023-09-18 17:19:30.511 | 09:40  102ms   50M  919G 188/200U [ActUnit] ZERGLING from LARVA at (163.7, 96.9)
2023-09-18 17:19:30.777 | 09:41   89ms   40M  923G 189/200U [ActUnit] ZERGLING from LARVA at (65.8, 69.9)
2023-09-18 17:19:31.090 | 09:41  110ms    5M  927G 188/200U [ActUnit] ZERGLING from LARVA at (145.5, 121.6)
2023-09-18 17:19:31.378 | 09:42   89ms    5M  935G 187/200U [ActUnit] ZERGLING from LARVA at (117.9, 121.1)
2023-09-18 17:19:31.944 | 09:43   80ms   25M  943G 188/200U [ActUnit] ZERGLING from LARVA at (81.8, 36.9)
2023-09-18 17:19:31.956 | 09:43   80ms   25M  943G 188/200U [Inject] injecting hatch (134.5, 91.5)
2023-09-18 17:19:32.202 | 09:43   95ms   20M  951G 189/200U [ActUnit] ZERGLING from LARVA at (80.7, 121.2)
2023-09-18 17:19:32.211 | 09:43   95ms   20M  951G 189/200U [Inject] injecting hatch (82.5, 39.5)
2023-09-18 17:19:32.466 | 09:43   86ms   40M  951G 189/200U [GameAnalyzer] Predicted army advantage is now SmallDisadvantage
2023-09-18 17:19:32.749 | 09:44   95ms   35M  955G 189/200U [ActUnit] ZERGLING from LARVA at (38.9, 118.2)
2023-09-18 17:19:32.997 | 09:44   85ms   25M  963G 190/200U [ActUnit] ZERGLING from LARVA at (83.1, 36.8)
2023-09-18 17:19:33.300 | 09:45   92ms   15M  967G 190/200U [ActUnit] ZERGLING from LARVA at (36.3, 61.6)
2023-09-18 17:19:33.857 | 09:46  103ms   35M  975G 191/200U [ActUnit] ZERGLING from LARVA at (83.2, 36.5)
2023-09-18 17:19:34.139 | 09:46   95ms   25M  983G 191/200U [ActUnit] DRONE from LARVA at (36.7, 86.9)
2023-09-18 17:19:34.445 | 09:47  112ms  615M  987G 192/200U [ActUnit] ZERGLING from LARVA at (37.5, 61.9)
2023-09-18 17:19:34.455 | 09:47  112ms  615M  987G 192/200U [Expand] Expanding to (163.5, 74.5)
2023-09-18 17:19:34.750 | 09:47  108ms  895M  991G 193/200U [ActUnit] ZERGLING from LARVA at (119.7, 36.9)
2023-09-18 17:19:34.761 | 09:47  108ms  895M  991G 193/200U [Expand] Expanding to (163.5, 74.5)
2023-09-18 17:19:35.101 | 09:47  117ms  575M  999G 191/200U [ActUnit] ZERGLING from LARVA at (54.1, 36.8)
2023-09-18 17:19:35.110 | 09:47  117ms  575M  999G 191/200U [Expand] Expanding to (163.5, 74.5)
2023-09-18 17:19:35.408 | 09:48  113ms  260M  999G 192/200U [ActUnit] ZERGLING from LARVA at (133.8, 88.5)
2023-09-18 17:19:35.729 | 09:48  126ms  240M 1003G 191/200U [ActUnit] ZERGLING from LARVA at (62.5, 96.8)
2023-09-18 17:19:36.027 | 09:49  103ms  295M 1011G 192/200U [EnemyArmyPredicter] Predicting negative free minerals for enemy: -3420
2023-09-18 17:19:36.031 | 09:49  103ms  245M 1011G 192/200U [ActUnit] ZERGLING from LARVA at (83.0, 36.2)
2023-09-18 17:19:36.368 | 09:49  121ms  230M 1015G 192/200U [ActUnit] ZERGLING from LARVA at (36.1, 61.3)
2023-09-18 17:19:36.681 | 09:50  107ms  205M 1019G 193/200U [ActUnit] ZERGLING from LARVA at (163.5, 96.6)
2023-09-18 17:19:36.985 | 09:50  113ms  200M 1023G 193/200U [ActUnit] ZERGLING from LARVA at (162.7, 96.8)
2023-09-18 17:19:37.278 | 09:51  103ms  175M 1031G 194/200U [ActUnit] ZERGLING from LARVA at (163.0, 96.7)
2023-09-18 17:19:37.605 | 09:51  125ms  180M 1035G 194/200U [ActUnit] ZERGLING from LARVA at (117.4, 121.6)
2023-09-18 17:19:37.918 | 09:51  117ms  170M 1039G 195/200U [ActUnit] ZERGLING from LARVA at (163.5, 96.8)
2023-09-18 17:19:38.229 | 09:52  115ms  145M 1047G 195/200U [ActUnit] ZERGLING from LARVA at (119.3, 36.5)
2023-09-18 17:19:38.538 | 09:52  107ms  135M 1047G 195/200U [ActUnit] ZERGLING from LARVA at (65.6, 69.1)
2023-09-18 17:19:38.895 | 09:53  175ms  100M 1051G 196/200U [ActUnit] ZERGLING from LARVA at (145.2, 121.4)
2023-09-18 17:19:39.207 | 09:53  105ms   90M 1059G 197/200U [ActUnit] ZERGLING from LARVA at (54.5, 36.5)
2023-09-18 17:19:39.567 | 09:54  114ms   90M 1063G 196/200U [ActUnit] ZERGLING from LARVA at (36.6, 61.7)
2023-09-18 17:19:40.108 | 09:54  106ms  125M 1067G 197/200U [GameAnalyzer] Predicted army advantage is now ClearDisadvantage
2023-09-18 17:19:40.111 | 09:54  106ms   75M 1067G 197/200U [ActUnit] ZERGLING from LARVA at (80.8, 121.4)
2023-09-18 17:19:40.415 | 09:55  113ms  350M 1071G 197/200U [ActUnit] DRONE from LARVA at (37.5, 118.9)
2023-09-18 17:19:40.729 | 09:55  106ms  345M 1079G 197/200U [ActUnit] ZERGLING from LARVA at (39.7, 119.0)
2023-09-18 17:19:41.053 | 09:55  118ms  120M  933G 198/200U [ActUnit] ZERGLING from LARVA at (37.8, 118.9)
2023-09-18 17:19:41.353 | 09:56  103ms  120M  937G 199/200U [ActUnit] ZERGLING from LARVA at (38.3, 118.6)
2023-09-18 17:19:41.650 | 09:56  119ms  460M  945G 200/200U [GameAnalyzer] Predicted army advantage is now SmallDisadvantage
2023-09-18 17:19:44.137 | 10:00  119ms  695M  981G 199/200U [ActUnit] ZERGLING from LARVA at (36.9, 86.2)
2023-09-18 17:19:45.369 | 10:02  132ms  790M 1001G 199/200U [ActUnit] ZERGLING from LARVA at (62.6, 96.5)
2023-09-18 17:19:46.630 | 10:04  127ms  905M 1021G 199/200U [ActUnit] ZERGLING from LARVA at (36.7, 61.9)
2023-09-18 17:19:47.542 | 10:05  100ms 1000M 1033G 200/200U [GameAnalyzer] Known army advantage is now SlightDisadvantage
2023-09-18 17:19:49.120 | 10:07  108ms 1200M 1057G 200/200U [Inject] injecting hatch (38.5, 121.5)
2023-09-18 17:19:49.729 | 10:08  106ms 1275M 1069G 200/200U [Inject] injecting hatch (36.5, 64.5)
2023-09-18 17:19:50.918 | 10:10  110ms 1420M 1089G 200/200U [Inject] injecting hatch (117.5, 124.5)
2023-09-18 17:19:51.212 | 10:10   95ms 1455M 1093G 200/200U [GameAnalyzer] Predicted army advantage is now SlightDisadvantage
2023-09-18 17:19:53.085 | 10:13  107ms 1640M 1121G 199/200U [ActUnit] ZERGLING from LARVA at (82.2, 36.5)
2023-09-18 17:19:53.423 | 10:13  110ms 1635M 1125G 198/200U [ActUnit] ZERGLING from LARVA at (36.3, 86.6)
2023-09-18 17:19:53.732 | 10:14  104ms 1625M 1133G 198/200U [ActUnit] ZERGLING from LARVA at (163.2, 96.0)
2023-09-18 17:19:54.027 | 10:14  106ms 1620M 1137G 199/200U [ActUnit] ZERGLING from LARVA at (116.8, 121.6)
2023-09-18 17:19:54.036 | 10:14  106ms 1620M 1137G 199/200U [Inject] injecting hatch (145.5, 124.5)
2023-09-18 17:19:54.337 | 10:15  101ms 1645M 1141G 200/200U [Inject] injecting hatch (82.5, 39.5)
2023-09-18 17:19:54.645 | 10:15  110ms 1625M 1145G 199/200U [ActUnit] ZERGLING from LARVA at (118.6, 122.0)
2023-09-18 17:19:54.947 | 10:16   97ms 1620M 1153G 199/200U [ActUnit] ZERGLING from LARVA at (117.0, 121.2)
2023-09-18 17:19:55.234 | 10:16  105ms 1610M 1157G 199/200U [ActUnit] ZERGLING from LARVA at (54.6, 36.9)
2023-09-18 17:19:57.015 | 10:19   95ms 1780M 1185G 199/200U [ActUnit] ZERGLING from LARVA at (119.8, 36.8)
2023-09-18 17:19:59.012 | 10:21   94ms 1975M 1217G 199/200U [ActUnit] ZERGLING from LARVA at (80.3, 121.1)
2023-09-18 17:20:06.024 | INFO     | sc2.protocol:_execute:72 - Client status changed to Status.ended (was Status.in_game)
2023-09-18 17:20:06.034 | Result: Victory
2023-09-18 17:20:06.035 | Duration: 10:30
2023-09-18 17:20:06.035 | Step time min: 7
2023-09-18 17:20:06.036 | Step time avg: 42
2023-09-18 17:20:06.037 | Step time max: 175
2023-09-18 17:20:06.038 | [LostUnitsContents] My lost units minerals and gas: (10387.5, 0.0)
2023-09-18 17:20:06.038 | [LostUnitsContents] My lost units minerals by score: 7900.0
2023-09-18 17:20:06.039 | [LostUnitsContents] Enemy lost units minerals and gas: (9325, 625)
2023-09-18 17:20:06.040 | [LostUnitsContents] Enemy lost units minerals by score: 9825.0
2023-09-18 17:20:06.041 | [GameAnalyzerEnd] Own units:
2023-09-18 17:20:06.042 | [GameAnalyzerEnd] ZERGLING          total: 434 alive: 163 dead: 271 
2023-09-18 17:20:06.042 | [GameAnalyzerEnd] DRONE             total: 139 alive:  96 dead:  43 
2023-09-18 17:20:06.043 | [GameAnalyzerEnd] LARVA             total:  41 alive:  41 dead:   0 
2023-09-18 17:20:06.044 | [GameAnalyzerEnd] HATCHERY          total:  23 alive:  14 dead:   9 
2023-09-18 17:20:06.044 | [GameAnalyzerEnd] OVERLORD          total:  16 alive:  16 dead:   0 
2023-09-18 17:20:06.045 | [GameAnalyzerEnd] EGG               total:   8 alive:   8 dead:   0 
2023-09-18 17:20:06.046 | [GameAnalyzerEnd] QUEEN             total:   6 alive:   5 dead:   1 
2023-09-18 17:20:06.046 | [GameAnalyzerEnd] EXTRACTOR         total:   4 alive:   4 dead:   0 
2023-09-18 17:20:06.047 | [GameAnalyzerEnd] EVOLUTIONCHAMBER  total:   2 alive:   2 dead:   0 
2023-09-18 17:20:06.048 | [GameAnalyzerEnd] INFESTATIONPIT    total:   1 alive:   1 dead:   0 
2023-09-18 17:20:06.048 | [GameAnalyzerEnd] SPAWNINGPOOL      total:   1 alive:   1 dead:   0 
2023-09-18 17:20:06.049 | [GameAnalyzerEnd] LAIR              total:   1 alive:   1 dead:   0 
2023-09-18 17:20:06.050 | [GameAnalyzerEnd] Enemy units:
2023-09-18 17:20:06.050 | [GameAnalyzerEnd] MARINE            total: 110 alive:  71 dead:  39 
2023-09-18 17:20:06.051 | [GameAnalyzerEnd] SCV               total:  47 alive:   0 dead:  47 
2023-09-18 17:20:06.052 | [GameAnalyzerEnd] SUPPLYDEPOT       total:  24 alive:   2 dead:  22 
2023-09-18 17:20:06.052 | [GameAnalyzerEnd] MARAUDER          total:  17 alive:  16 dead:   1 
2023-09-18 17:20:06.053 | [GameAnalyzerEnd] BARRACKS          total:   9 alive:   0 dead:   9 
2023-09-18 17:20:06.054 | [GameAnalyzerEnd] MEDIVAC           total:   7 alive:   7 dead:   0 
2023-09-18 17:20:06.055 | [GameAnalyzerEnd] TECHLAB           total:   4 alive:   0 dead:   4 
2023-09-18 17:20:06.055 | [GameAnalyzerEnd] ORBITALCOMMAND    total:   2 alive:   0 dead:   2 
2023-09-18 17:20:06.056 | [GameAnalyzerEnd] REFINERY          total:   2 alive:   0 dead:   2 
2023-09-18 17:20:06.057 | [GameAnalyzerEnd] ENGINEERINGBAY    total:   1 alive:   0 dead:   1 
2023-09-18 17:20:06.057 | [GameAnalyzerEnd] FACTORY           total:   1 alive:   0 dead:   1 
2023-09-18 17:20:06.058 | [GameAnalyzerEnd] STARPORT          total:   1 alive:   0 dead:   1 
2023-09-18 17:20:06.058 | [GameAnalyzerEnd] Minerals max 2735 Average 521
2023-09-18 17:20:06.059 | [GameAnalyzerEnd] Vespene max 1313 Average 265
2023-09-18 17:20:06.060 | INFO     | sc2.main:_play_game:228 - Result for player 2 - Bot LadderBot(Zerg): Victory
