2023-09-18 11:34:49.839 | INFO     | sc2.protocol:_execute:72 - Client status changed to Status.in_game (was None)
2023-09-18 11:34:49.841 | INFO     | sc2.main:_play_game:221 - Player 2 - Bot LadderBot(Zerg)
2023-09-18 11:34:50.089 | 00:00    0ms    0M    0G  12/ 14U [Version] 4.10.0.75689
2023-09-18 11:34:50.090 | 00:00    0ms    0M    0G  12/ 14U [Version] 5.0.6 Balance mod recognized.
2023-09-18 11:34:50.153 | 00:00    0ms    0M    0G  12/ 14U [ZoneManager] Map set to: MapName.Unknown from name: GresvanAIE and hash: 3547936.
2023-09-18 11:34:50.864 | [DataManager] No BuildDetector found, enemy build data cannot be saved
2023-09-18 11:34:50.898 | [Start] My race: Zerg
2023-09-18 11:34:50.899 | [Start] Opponent race: Terran
2023-09-18 11:34:50.900 | [Start] OpponentId: 1
2023-09-18 11:34:50.969 | 00:00    0ms    0M    0G  12/ 14U [ActUnit] DRONE from LARVA at (160.6, 39.8)
2023-09-18 11:34:51.994 | 00:07    8ms    5M    0G  13/ 14U [ActUnit] DRONE from LARVA at (160.8, 39.7)
2023-09-18 11:34:52.813 | 00:16    7ms    0M    0G  14/ 14U [ActUnit] OVERLORD from LARVA at (160.9, 39.8)
2023-09-18 11:34:54.599 | 00:34    9ms  195M    0G  14/ 22U [ActUnit] DRONE from LARVA at (161.4, 39.9)
2023-09-18 11:34:54.646 | 00:34    8ms  150M    0G  15/ 22U [ActUnit] DRONE from LARVA at (161.5, 39.5)
2023-09-18 11:34:54.694 | 00:35   10ms  105M    0G  16/ 22U [ActUnit] DRONE from LARVA at (161.5, 39.5)
2023-09-18 11:34:55.801 | 00:45    8ms  195M    0G  17/ 22U [ActUnit] DRONE from LARVA at (161.6, 39.5)
2023-09-18 11:34:56.581 | 00:53    9ms  305M    0G  18/ 22U [Expand] Expanding to (163.5, 74.5)
2023-09-18 11:34:56.888 | 00:56    8ms    5M    0G  18/ 22U [ActUnit] DRONE from LARVA at (161.3, 39.6)
2023-09-18 11:34:57.903 | 01:02   61ms   90M    0G  18/ 22U [GameAnalyzer] Income advantage is now SmallAdvantage
2023-09-18 11:34:58.902 | 01:06   58ms   65M    0G  18/ 22U [ActUnit] OVERLORD from LARVA at (161.5, 39.8)
2023-09-18 11:35:01.074 | 01:17   59ms  190M    0G  18/ 22U [ActUnit] DRONE from LARVA at (161.5, 39.4)
2023-09-18 11:35:02.528 | 01:24   22ms  300M    0G  19/ 22U [Expand] Expanding to (137.5, 64.5)
2023-09-18 11:35:03.367 | 01:28    8ms    5M    0G  19/ 30U [ActUnit] DRONE from LARVA at (161.5, 39.9)
2023-09-18 11:35:04.663 | 01:38   10ms  175M    0G  19/ 30U [GameAnalyzer] Income advantage is now ClearAdvantage
2023-09-18 11:35:04.722 | 01:39    9ms  135M    0G  19/ 30U [ActUnit] DRONE from LARVA at (161.7, 39.5)
2023-09-18 11:35:05.901 | 01:48    8ms  300M    0G  20/ 30U [Expand] Expanding to (163.5, 99.5)
2023-09-18 11:35:06.388 | 01:52   11ms    0M    0G  20/ 30U [ActUnit] DRONE from LARVA at (161.5, 39.9)
2023-09-18 11:35:07.719 | 02:00   10ms   85M    0G  21/ 30U [ActUnit] DRONE from LARVA at (161.3, 39.8)
2023-09-18 11:35:09.307 | 02:11   10ms  200M    0G  21/ 30U [ActUnit] DRONE from LARVA at (161.3, 39.7)
2023-09-18 11:35:09.680 | 02:13   10ms  190M    0G  22/ 36U [ActUnit] DRONE from LARVA at (163.6, 71.6)
2023-09-18 11:35:10.886 | 02:20   13ms  305M    0G  23/ 36U [Expand] Expanding to (134.5, 91.5)
2023-09-18 11:35:11.404 | 02:23   10ms    5M    0G  23/ 36U [ActUnit] DRONE from LARVA at (161.4, 39.7)
2023-09-18 11:35:11.796 | 02:25   12ms    5M    0G  24/ 36U [ActUnit] DRONE from LARVA at (163.6, 71.5)
2023-09-18 11:35:12.528 | 02:30   13ms   80M    0G  24/ 36U [GameAnalyzer] Income advantage is now OverwhelmingAdvantage
2023-09-18 11:35:12.884 | 02:32    9ms   85M    0G  24/ 36U [ActUnit] DRONE from LARVA at (161.5, 39.4)
2023-09-18 11:35:13.294 | 02:34   11ms   70M    0G  25/ 36U [ActUnit] DRONE from LARVA at (163.5, 71.8)
2023-09-18 11:35:14.765 | 02:43    9ms  200M    0G  26/ 36U [ActUnit] DRONE from LARVA at (161.4, 39.8)
2023-09-18 11:35:16.021 | 02:45   13ms  195M    0G  27/ 36U [ActUnit] DRONE from LARVA at (163.6, 71.6)
2023-09-18 11:35:16.878 | 02:50   12ms  250M    0G  28/ 42U [ActUnit] DRONE from LARVA at (137.5, 61.6)
2023-09-18 11:35:17.217 | 02:51   12ms  305M    0G  29/ 42U [Expand] Expanding to (145.5, 124.5)
2023-09-18 11:35:17.748 | 02:54   13ms   10M    0G  29/ 42U [ActUnit] DRONE from LARVA at (161.1, 39.6)
2023-09-18 11:35:18.112 | 02:56   14ms    0M    0G  30/ 42U [ActUnit] DRONE from LARVA at (163.4, 71.7)
2023-09-18 11:35:19.231 | 03:00   80ms   45M    0G  31/ 42U [ActUnit] DRONE from LARVA at (137.5, 61.6)
2023-09-18 11:35:19.584 | 03:02   33ms   85M    0G  32/ 42U [GameAnalyzer] Known army advantage is now SlightDisadvantage
2023-09-18 11:35:19.585 | 03:02   33ms   85M    0G  32/ 42U [GameAnalyzer] Predicted army advantage is now SlightDisadvantage
2023-09-18 11:35:20.376 | 03:04   63ms   95M    0G  32/ 42U [ActUnit] DRONE from LARVA at (161.6, 39.9)
2023-09-18 11:35:21.050 | 03:07   82ms   95M    0G  32/ 42U [ActUnit] DRONE from LARVA at (163.4, 71.7)
2023-09-18 11:35:22.346 | 03:11   86ms  170M    0G  33/ 42U [ActUnit] DRONE from LARVA at (137.5, 61.6)
2023-09-18 11:35:23.517 | 03:15   29ms  220M    0G  34/ 42U [ActUnit] DRONE from LARVA at (161.4, 39.5)
2023-09-18 11:35:24.004 | 03:17   20ms  215M    0G  35/ 48U [ActUnit] DRONE from LARVA at (163.5, 96.6)
2023-09-18 11:35:24.137 | 03:17   84ms  185M    0G  36/ 48U [ActUnit] DRONE from LARVA at (163.6, 71.5)
2023-09-18 11:35:24.279 | 03:18   46ms  215M    0G  37/ 48U [GameAnalyzer] Known army advantage is now SmallDisadvantage
2023-09-18 11:35:24.285 | 03:18   46ms  215M    0G  37/ 48U [GameAnalyzer] Predicted army advantage is now SmallDisadvantage
2023-09-18 11:35:25.394 | 03:22   83ms  245M    0G  36/ 48U [ActUnit] DRONE from LARVA at (137.5, 61.6)
2023-09-18 11:35:26.010 | 03:24   32ms  300M    0G  37/ 48U [Expand] Expanding to (119.5, 39.5)
2023-09-18 11:35:26.660 | 03:26   99ms    5M    0G  37/ 48U [ActUnit] DRONE from LARVA at (161.2, 39.1)
2023-09-18 11:35:27.195 | 03:28   84ms    0M    0G  38/ 48U [ActUnit] DRONE from LARVA at (163.6, 96.5)
2023-09-18 11:35:27.686 | 03:30   79ms    0M    0G  39/ 48U [ActUnit] DRONE from LARVA at (164.0, 71.1)
2023-09-18 11:35:28.541 | 03:32   92ms    0M    0G  39/ 48U [ActUnit] DRONE from LARVA at (137.5, 61.6)
2023-09-18 11:35:29.704 | 03:36   68ms   85M    0G  40/ 48U [ActUnit] DRONE from LARVA at (161.7, 39.8)
2023-09-18 11:35:30.275 | 03:38   65ms   70M    0G  40/ 48U [ActUnit] DRONE from LARVA at (163.5, 96.6)
2023-09-18 11:35:30.412 | 03:39   85ms   40M    0G  41/ 48U [ActUnit] DRONE from LARVA at (163.4, 71.7)
2023-09-18 11:35:31.259 | 03:41   99ms   90M    0G  42/ 54U [ActUnit] DRONE from LARVA at (134.5, 88.6)
2023-09-18 11:35:32.637 | 03:43   70ms   90M    0G  43/ 54U [ActUnit] DRONE from LARVA at (137.5, 61.6)
2023-09-18 11:35:33.762 | 03:47   18ms  175M    0G  43/ 54U [ActUnit] DRONE from LARVA at (161.3, 39.8)
2023-09-18 11:35:34.253 | 03:49   28ms  175M    0G  44/ 54U [ActUnit] DRONE from LARVA at (163.5, 96.6)
2023-09-18 11:35:34.411 | 03:49   83ms  150M    0G  45/ 54U [ActUnit] DRONE from LARVA at (163.6, 71.6)
2023-09-18 11:35:35.092 | 03:51  100ms  210M    0G  46/ 48U [ActBuilding] 1. SPAWNINGPOOL near (153.1, 39.3)
2023-09-18 11:35:35.248 | 03:52   74ms  235M    0G  46/ 48U [ActBuilding] 1. SPAWNINGPOOL near (159.0, 51.1)
2023-09-18 11:35:35.389 | 03:52   87ms   15M    0G  46/ 48U [BuildGas] Building EXTRACTOR to (127.5, 93.5)
2023-09-18 11:35:35.682 | 03:53   86ms    5M    0G  46/ 48U [ActUnit] DRONE from LARVA at (134.4, 88.5)
2023-09-18 11:35:36.092 | 03:54   26ms   15M    0G  45/ 48U [BuildGas] Building EXTRACTOR to (170.5, 77.5)
2023-09-18 11:35:37.107 | 03:58   18ms   90M    0G  43/ 48U [ActUnit] DRONE from LARVA at (161.4, 39.9)
2023-09-18 11:35:37.653 | 04:00   69ms   60M    0G  44/ 48U [ActUnit] OVERLORD from LARVA at (163.5, 96.6)
2023-09-18 11:35:37.762 | 04:00  109ms   20M    0G  44/ 48U [ActUnit] DRONE from LARVA at (163.6, 71.7)
2023-09-18 11:35:38.596 | 04:03   89ms   50M    0G  45/ 48U [ActUnit] DRONE from LARVA at (134.5, 88.6)
2023-09-18 11:35:40.353 | 04:09   20ms  220M    0G  46/ 48U [ActUnit] DRONE from LARVA at (161.7, 39.5)
2023-09-18 11:35:40.941 | 04:10   46ms  240M    0G  47/ 48U [ActUnit] DRONE from LARVA at (163.5, 96.6)
2023-09-18 11:35:41.752 | 04:13   46ms  345M    0G  48/ 48U [Expand] Expanding to (137.5, 64.5)
2023-09-18 11:35:41.846 | 04:14   84ms  355M    0G  48/ 48U [Expand] Expanding to (137.5, 64.5)
2023-09-18 11:35:42.904 | 04:17   73ms  175M    0G  48/ 48U [GameAnalyzer] Known army advantage is now ClearDisadvantage
2023-09-18 11:35:42.909 | 04:17   73ms  175M    0G  48/ 48U [GameAnalyzer] Predicted army advantage is now ClearDisadvantage
2023-09-18 11:35:43.090 | 04:18   18ms  160M    0G  48/ 54U [ActUnit] DRONE from LARVA at (163.4, 71.9)
2023-09-18 11:35:43.205 | 04:18   25ms  120M    0G  47/ 62U [ActUnit] DRONE from LARVA at (145.5, 121.1)
2023-09-18 11:35:43.290 | 04:18   19ms  100M    0G  48/ 62U [ActUnit] DRONE from LARVA at (134.3, 88.3)
2023-09-18 11:35:43.487 | 04:19   18ms   70M    0G  48/ 62U [ActUnit] DRONE from LARVA at (161.5, 39.4)
2023-09-18 11:35:43.999 | 04:21   46ms   65M    0G  49/ 62U [ActUnit] DRONE from LARVA at (163.5, 96.6)
2023-09-18 11:35:44.153 | 04:22   97ms   45M    0G  50/ 62U [ActUnit] DRONE from LARVA at (163.6, 71.6)
2023-09-18 11:35:45.148 | 04:24   90ms  100M    0G  51/ 62U [ActUnit] DRONE from LARVA at (134.5, 88.6)
2023-09-18 11:35:46.052 | 04:28   20ms  195M    0G  52/ 62U [ActUnit] DRONE from LARVA at (145.7, 121.5)
2023-09-18 11:35:46.470 | 04:30   18ms  210M    0G  53/ 62U [ActUnit] DRONE from LARVA at (161.7, 39.7)
2023-09-18 11:35:47.088 | 04:32   72ms  245M    0G  54/ 62U [ActUnit] DRONE from LARVA at (163.5, 96.6)
2023-09-18 11:35:47.266 | 04:32   91ms  200M    0G  55/ 62U [ActUnit] DRONE from LARVA at (163.6, 71.6)
2023-09-18 11:35:47.826 | 04:35   20ms  300M    0G  56/ 62U [Expand] Expanding to (117.5, 124.5)
2023-09-18 11:35:48.175 | 04:36   20ms    0M    0G  56/ 62U [ActUnit] DRONE from LARVA at (135.1, 88.8)
2023-09-18 11:35:49.009 | 04:39   18ms   80M    8G  56/ 62U [ActUnit] DRONE from LARVA at (145.4, 121.8)
2023-09-18 11:35:50.402 | 04:41   18ms  110M   12G  57/ 62U [ActUnit] DRONE from LARVA at (161.7, 39.5)
2023-09-18 11:35:50.856 | 04:43   19ms   85M   16G  58/ 62U [ActUnit] OVERLORD from LARVA at (163.5, 96.6)
2023-09-18 11:35:50.981 | 04:43   26ms   60M   16G  57/ 68U [ActUnit] DRONE from LARVA at (163.5, 71.5)
2023-09-18 11:35:51.080 | 04:43   20ms   30M   16G  58/ 68U [ActUnit] DRONE from LARVA at (119.2, 36.7)
2023-09-18 11:35:51.681 | 04:46   22ms   70M   20G  59/ 68U [ActUnit] DRONE from LARVA at (134.5, 88.6)
2023-09-18 11:35:52.799 | 04:50   20ms  185M   32G  60/ 68U [ActUnit] DRONE from LARVA at (145.7, 121.8)
2023-09-18 11:35:53.326 | 04:51   25ms  230M   36G  61/ 68U [ActUnit] DRONE from LARVA at (161.6, 39.9)
2023-09-18 11:35:53.847 | 04:53   21ms  265M   40G  62/ 68U [ActUnit] DRONE from LARVA at (163.5, 96.6)
2023-09-18 11:35:54.011 | 04:54   24ms  230M   44G  63/ 68U [ActUnit] DRONE from LARVA at (163.6, 71.8)
2023-09-18 11:35:54.135 | 04:54   22ms  140M   44G  64/ 68U [ActUnit] OVERLORD from LARVA at (119.5, 36.3)
2023-09-18 11:35:54.848 | 04:56   23ms  205M   48G  64/ 68U [ActUnit] DRONE from LARVA at (134.5, 88.6)
2023-09-18 11:35:55.249 | 04:58   22ms  225M   52G  65/ 62U [BuildGas] Building EXTRACTOR to (154.5, 39.5)
2023-09-18 11:35:56.253 | 05:01   22ms  330M   60G  64/ 70U [ActUnit] DRONE from LARVA at (145.9, 121.4)
2023-09-18 11:35:56.647 | 05:02   21ms  340M   64G  64/ 70U [ActUnit] DRONE from LARVA at (161.3, 39.5)
2023-09-18 11:35:57.178 | 05:04   21ms  365M   72G  65/ 70U [ActUnit] DRONE from LARVA at (163.5, 96.6)
2023-09-18 11:35:57.336 | 05:04   26ms  300M   72G  66/ 70U [ActUnit] OVERLORD from LARVA at (119.5, 36.6)
2023-09-18 11:35:57.338 | 05:04   26ms  250M   72G  66/ 70U [ActUnit] DRONE from LARVA at (163.5, 71.5)
2023-09-18 11:35:59.108 | 05:10   23ms  370M   88G  66/ 70U [ActUnit] QUEEN from HATCHERY at (163.5, 74.5)
2023-09-18 11:35:59.458 | 05:11   20ms  390M   88G  67/ 70U [ActUnit] DRONE from LARVA at (145.3, 121.7)
2023-09-18 11:35:59.949 | 05:13   20ms  410M   96G  68/ 78U [ActUnit] DRONE from LARVA at (161.4, 39.8)
2023-09-18 11:36:00.344 | 05:14   23ms  485M  100G  69/ 78U [Tech] Started ZERGLINGMOVEMENTSPEED
2023-09-18 11:36:00.452 | 05:15   23ms  360M    0G  69/ 78U [ActUnit] DRONE from LARVA at (163.5, 96.6)
2023-09-18 11:36:00.590 | 05:15   25ms  335M    0G  70/ 78U [ActUnit] DRONE from LARVA at (119.5, 36.6)
2023-09-18 11:36:00.702 | 05:16   22ms  315M    4G  71/ 78U [ActUnit] DRONE from LARVA at (163.1, 71.5)
2023-09-18 11:36:01.879 | 05:20   23ms  375M   12G  72/ 78U [ActUnit] QUEEN from HATCHERY at (163.5, 99.5)
2023-09-18 11:36:02.304 | 05:21   21ms  455M   16G  74/ 78U [Expand] Expanding to (134.5, 91.5)
2023-09-18 11:36:02.573 | 05:22   66ms  105M   20G  74/ 78U [ActUnit] OVERLORD from LARVA at (145.7, 121.5)
2023-09-18 11:36:03.175 | 05:24   22ms  125M   24G  72/ 86U [ActUnit] DRONE from LARVA at (161.5, 39.9)
2023-09-18 11:36:03.684 | 05:25   22ms  185M   28G  73/ 86U [ActUnit] DRONE from LARVA at (163.5, 96.6)
2023-09-18 11:36:03.824 | 05:26   27ms  155M   28G  74/ 86U [ActUnit] DRONE from LARVA at (163.6, 71.6)
2023-09-18 11:36:03.940 | 05:26   26ms  120M   32G  75/ 86U [ActUnit] DRONE from LARVA at (119.8, 36.8)
2023-09-18 11:36:04.834 | 05:29   27ms  265M   40G  76/ 92U [ActUnit] DRONE from LARVA at (137.5, 61.6)
2023-09-18 11:36:05.087 | 05:30   26ms  305M   40G  77/ 92U [Expand] Expanding to (82.5, 39.5)
2023-09-18 11:36:05.455 | 05:32   24ms   85M   44G  77/ 92U [GameAnalyzer] Known army advantage is now OverwhelmingDisadvantage
2023-09-18 11:36:05.456 | 05:32   24ms   85M   44G  77/ 92U [GameAnalyzer] Predicted army advantage is now OverwhelmingDisadvantage
2023-09-18 11:36:05.690 | 05:33   23ms  105M   48G  77/ 92U [ActUnit] DRONE from LARVA at (145.7, 121.7)
2023-09-18 11:36:06.194 | 05:34   23ms  155M   56G  77/ 92U [ActUnit] DRONE from LARVA at (161.3, 39.8)
2023-09-18 11:36:06.704 | 05:36   23ms  185M   60G  78/ 92U [ActUnit] DRONE from LARVA at (163.5, 96.6)
2023-09-18 11:36:06.845 | 05:37   28ms  165M   64G  79/ 92U [ActUnit] DRONE from LARVA at (119.5, 36.6)
2023-09-18 11:36:06.850 | 05:37   28ms  165M   64G  79/ 92U [PlanCancelBuilding] Cancelled HATCHERY at (134.5, 91.5) with 98.094970703125 health
2023-09-18 11:36:06.964 | 05:37   27ms  355M   64G  81/ 92U [ActUnit] DRONE from LARVA at (163.2, 71.8)
2023-09-18 11:36:08.451 | 05:39   29ms  355M   76G  82/ 92U [ActUnit] QUEEN from HATCHERY at (137.5, 64.5)
2023-09-18 11:36:08.705 | 05:40   27ms  340M   76G  82/100U [ActUnit] DRONE from LARVA at (137.5, 61.6)
2023-09-18 11:36:09.576 | 05:43   23ms  480M   88G  83/100U [ActUnit] DRONE from LARVA at (145.6, 121.8)
2023-09-18 11:36:09.722 | 05:44   27ms  360M   92G  83/100U [ActUnit] QUEEN from HATCHERY at (119.5, 39.5)
2023-09-18 11:36:09.832 | 05:44   24ms  385M   92G  85/100U [Expand] Expanding to (134.5, 91.5)
2023-09-18 11:36:10.075 | 05:45   23ms   70M   92G  85/100U [ActUnit] DRONE from LARVA at (161.3, 39.5)
2023-09-18 11:36:10.344 | 05:46   23ms  105M  100G  86/100U [Inject] injecting hatch (161.5, 42.5)
2023-09-18 11:36:10.600 | 05:47   23ms  120M  104G  86/100U [ActUnit] DRONE from LARVA at (163.5, 96.6)
2023-09-18 11:36:10.754 | 05:47   31ms   95M  104G  87/100U [ActUnit] DRONE from LARVA at (163.6, 71.5)
2023-09-18 11:36:10.874 | 05:48   25ms   90M  104G  88/100U [ActUnit] DRONE from LARVA at (119.2, 36.6)
2023-09-18 11:36:11.831 | 05:51   28ms  210M  120G  88/100U [ActUnit] DRONE from LARVA at (137.5, 61.6)
2023-09-18 11:36:12.404 | 05:53   82ms  325M  132G  87/100U [Expand] Expanding to (80.5, 124.5)
2023-09-18 11:36:12.535 | 05:53   25ms  350M  132G  87/100U [Expand] Expanding to (80.5, 124.5)
2023-09-18 11:36:12.796 | 05:54   24ms   40M  140G  87/100U [ActUnit] DRONE from LARVA at (145.3, 121.6)
2023-09-18 11:36:12.952 | 05:54   30ms   25M  140G  88/106U [ActUnit] DRONE from LARVA at (117.3, 121.7)
2023-09-18 11:36:13.340 | 05:56   25ms   40M  148G  89/106U [ActUnit] DRONE from LARVA at (161.5, 39.4)
2023-09-18 11:36:13.347 | 05:56   25ms   40M  148G  89/106U [Inject] injecting hatch (117.5, 124.5)
2023-09-18 11:36:13.872 | 05:58   24ms   90M  156G  89/106U [ActUnit] DRONE from LARVA at (163.5, 96.6)
2023-09-18 11:36:14.027 | 05:58   32ms   55M  160G  90/106U [ActUnit] DRONE from LARVA at (163.4, 71.7)
2023-09-18 11:36:14.152 | 05:58   25ms   45M  164G  91/106U [ActUnit] DRONE from LARVA at (119.7, 36.4)
2023-09-18 11:36:15.074 | 06:02   29ms  175M  180G  90/106U [ActUnit] DRONE from LARVA at (137.5, 61.6)
2023-09-18 11:36:15.717 | 06:04   26ms  300M  188G  91/106U [Expand] Expanding to (80.5, 124.5)
2023-09-18 11:36:15.967 | 06:05   24ms  165M  196G  88/100U [ActUnit] DRONE from LARVA at (145.6, 121.7)
2023-09-18 11:36:15.975 | 06:05   24ms  165M  196G  88/100U [ActBuilding] 1. EVOLUTIONCHAMBER near (159.5, 66.5)
2023-09-18 11:36:16.108 | 06:05   41ms   55M  196G  89/100U [ActUnit] DRONE from LARVA at (117.3, 121.7)
2023-09-18 11:36:16.241 | 06:06   27ms   75M  200G  90/100U [ActBuilding] 2. EVOLUTIONCHAMBER near (154.9, 102.1)
2023-09-18 11:36:16.536 | 06:06   24ms   20M  204G  89/100U [ActUnit] DRONE from LARVA at (161.7, 39.8)
2023-09-18 11:36:17.072 | 06:08   24ms   65M  216G  90/100U [ActUnit] DRONE from LARVA at (163.5, 96.6)
2023-09-18 11:36:17.214 | 06:09   33ms   30M  220G  91/100U [ActUnit] DRONE from LARVA at (163.4, 71.7)
2023-09-18 11:36:17.331 | 06:09   26ms   15M  220G  92/100U [ActUnit] DRONE from LARVA at (119.7, 36.4)
2023-09-18 11:36:19.164 | 06:15   25ms  330M  252G  90/100U [ActUnit] DRONE from LARVA at (145.7, 121.7)
2023-09-18 11:36:19.311 | 06:16   34ms  320M  256G  91/100U [ActUnit] DRONE from LARVA at (117.6, 121.4)
2023-09-18 11:36:19.698 | 06:17   26ms  365M  264G  92/100U [ActUnit] DRONE from LARVA at (161.7, 39.7)
2023-09-18 11:36:19.849 | 06:18   36ms  385M  268G  93/100U [Inject] injecting hatch (163.5, 74.5)
2023-09-18 11:36:20.215 | 06:19   25ms  415M  276G  93/100U [ActUnit] DRONE from LARVA at (163.5, 96.6)
2023-09-18 11:36:20.360 | 06:19   33ms  385M  276G  94/100U [ActUnit] DRONE from LARVA at (119.5, 36.6)
2023-09-18 11:36:20.490 | 06:20   29ms  345M  276G  95/100U [ActUnit] DRONE from LARVA at (163.6, 71.2)
2023-09-18 11:36:20.496 | 06:20   29ms  345M  276G  95/100U [Inject] injecting hatch (119.5, 39.5)
2023-09-18 11:36:21.032 | 06:22   28ms  650M  288G  95/100U [ActUnit] QUEEN from HATCHERY at (163.5, 74.5)
2023-09-18 11:36:21.179 | 06:22   33ms  515M  292G  97/100U [ActUnit] QUEEN from HATCHERY at (145.5, 124.5)
2023-09-18 11:36:22.382 | 06:26   28ms  670M  312G  98/100U [ActUnit] OVERLORD from LARVA at (145.3, 121.7)
2023-09-18 11:36:22.524 | 06:27   36ms  610M  316G  98/100U [ActUnit] OVERLORD from LARVA at (162.4, 39.8)
2023-09-18 11:36:22.525 | 06:27   36ms  560M  316G  98/100U [ActUnit] DRONE from LARVA at (117.7, 121.8)
2023-09-18 11:36:22.662 | 06:27   30ms  530M  316G  99/100U [ActUnit] DRONE from LARVA at (162.1, 39.6)
2023-09-18 11:36:22.821 | 06:27   36ms  560M  320G 100/100U [PlanCancelBuilding] Cancelled HATCHERY at (134.5, 91.5) with 41.927734375 health
2023-09-18 11:36:23.385 | 06:29   33ms  900M  328G 100/100U [Expand] Expanding to (137.5, 64.5)
2023-09-18 11:36:23.386 | 06:29   33ms  600M  328G 100/100U [Inject] injecting hatch (145.5, 124.5)
2023-09-18 11:36:23.519 | 06:30   30ms  645M  332G 100/100U [Expand] Expanding to (137.5, 64.5)
2023-09-18 11:36:23.663 | 06:30   35ms  370M  332G 100/100U [Expand] Expanding to (137.5, 64.5)
2023-09-18 11:36:24.068 | 06:31   30ms  105M  340G  99/100U [ActUnit] DRONE from LARVA at (119.8, 36.9)
2023-09-18 11:36:24.074 | 06:31   30ms  105M  340G  99/100U [Tech] Started ZERGMELEEWEAPONSLEVEL1
2023-09-18 11:36:25.055 | 06:35   32ms  220M  256G 100/100U [Tech] Started ZERGGROUNDARMORSLEVEL1
2023-09-18 11:36:25.463 | 06:36   29ms  720M  114G  99/100U [ActUnit] DRONE from LARVA at (163.0, 71.4)
2023-09-18 11:36:26.597 | 06:37   33ms  585M   22G 100/100U [BuildGas] Building EXTRACTOR to (160.5, 92.5)
2023-09-18 11:36:27.293 | 06:39   34ms  725M   30G  98/100U [ActUnit] DRONE from LARVA at (163.0, 96.8)
2023-09-18 11:36:27.434 | 06:40   29ms  700M   34G  99/100U [ActUnit] DRONE from LARVA at (161.4, 39.8)
2023-09-18 11:36:28.283 | 06:42   29ms  815M   50G  99/100U [ActUnit] DRONE from LARVA at (145.5, 121.9)
2023-09-18 11:36:28.987 | 06:44   34ms  935M   62G 100/108U [ActUnit] DRONE from LARVA at (119.0, 36.4)
2023-09-18 11:36:29.116 | 06:45   31ms  925M   62G 101/116U [ActUnit] DRONE from LARVA at (117.4, 121.5)
2023-09-18 11:36:29.267 | 06:45   37ms  905M   66G 102/116U [ActUnit] DRONE from LARVA at (163.1, 71.1)
2023-09-18 11:36:29.273 | 06:45   37ms  905M   66G 102/116U [PlanCancelBuilding] Cancelled HATCHERY at (137.5, 64.5) with 69.094970703125 health
2023-09-18 11:36:29.401 | 06:46   30ms 1110M   70G 104/116U [ActUnit] DRONE from LARVA at (160.8, 39.9)
2023-09-18 11:36:29.543 | 06:46   37ms 1080M   70G 105/116U [ActUnit] DRONE from LARVA at (162.1, 39.9)
2023-09-18 11:36:29.679 | 06:47   32ms 1055M   74G 105/116U [ActUnit] DRONE from LARVA at (164.1, 96.9)
2023-09-18 11:36:29.952 | 06:48   28ms 1075M   78G 106/116U [ActUnit] DRONE from LARVA at (145.7, 121.7)
2023-09-18 11:36:30.096 | 06:48   35ms 1065M   82G 107/116U [ActUnit] DRONE from LARVA at (117.7, 121.6)
2023-09-18 11:36:30.531 | 06:49   28ms 1165M   86G 108/116U [Inject] injecting hatch (163.5, 99.5)
2023-09-18 11:36:30.797 | 06:50   28ms 1180M   94G 107/116U [ActUnit] DRONE from LARVA at (118.6, 36.8)
2023-09-18 11:36:30.929 | 06:51   36ms 1160M   94G 108/116U [ActUnit] DRONE from LARVA at (161.4, 39.9)
2023-09-18 11:36:31.057 | 06:51   29ms 1130M   98G 109/116U [ActUnit] DRONE from LARVA at (163.5, 96.6)
2023-09-18 11:36:31.201 | 06:52   37ms 1110M  102G 110/122U [ActUnit] ZERGLING from LARVA at (82.5, 36.6)
2023-09-18 11:36:31.207 | 06:52   37ms 1110M  102G 110/122U [Inject] injecting hatch (82.5, 39.5)
2023-09-18 11:36:31.335 | 06:52   33ms 1100M  102G 111/122U [ActUnit] ZERGLING from LARVA at (117.9, 36.6)
2023-09-18 11:36:31.501 | 06:52   36ms 1090M  106G 112/122U [ActUnit] ZERGLING from LARVA at (164.1, 71.7)
2023-09-18 11:36:31.633 | 06:53   32ms 1065M  110G 113/122U [ActUnit] ZERGLING from LARVA at (118.2, 36.7)
2023-09-18 11:36:31.791 | 06:53   35ms 1050M  110G 114/122U [ActUnit] ZERGLING from LARVA at (119.3, 36.8)
2023-09-18 11:36:32.498 | 06:56   30ms 1200M  122G 114/122U [BuildGas] Building EXTRACTOR to (164.5, 92.5)
2023-09-18 11:36:33.039 | 06:57   29ms 1275M  134G 113/122U [ActUnit] DRONE from LARVA at (118.4, 121.9)
2023-09-18 11:36:33.192 | 06:58   39ms 1280M  134G 114/122U [ActUnit] DRONE from LARVA at (116.9, 121.7)
2023-09-18 11:36:33.199 | 06:58   39ms 1280M  134G 114/122U [Inject] injecting hatch (161.5, 42.5)
2023-09-18 11:36:33.331 | 06:58   32ms 1240M  134G 115/122U [ActUnit] ZERGLING from LARVA at (145.3, 121.7)
2023-09-18 11:36:33.678 | 06:59   34ms 1205M  138G 116/122U [ActUnit] ZERGLING from LARVA at (163.2, 71.5)
2023-09-18 11:36:33.861 | 06:59   85ms 1230M  142G 117/122U [ActUnit] ZERGLING from LARVA at (117.1, 121.7)
2023-09-18 11:36:33.868 | 06:59   85ms 1230M  142G 117/122U [Inject] injecting hatch (117.5, 124.5)
2023-09-18 11:36:34.035 | 07:00   35ms 1205M  142G 117/122U [ActUnit] DRONE from LARVA at (117.5, 121.6)
2023-09-18 11:36:34.169 | 07:00   32ms 1130M  146G 118/122U [ActUnit] OVERLORD from LARVA at (162.8, 71.9)
2023-09-18 11:36:34.170 | 07:00   32ms 1080M  146G 118/122U [ActUnit] ZERGLING from LARVA at (164.4, 71.4)
2023-09-18 11:36:34.618 | 07:01   38ms 1080M  154G 119/122U [ActUnit] OVERLORD from LARVA at (161.3, 39.5)
2023-09-18 11:36:34.752 | 07:02   35ms 1065M  158G 119/122U [ActUnit] ZERGLING from LARVA at (163.5, 96.6)
2023-09-18 11:36:34.927 | 07:02   38ms 1050M  158G 120/122U [ActUnit] ZERGLING from LARVA at (82.5, 36.6)
2023-09-18 11:36:35.374 | 07:04   32ms 1085M  166G 121/122U [ActUnit] ZERGLING from LARVA at (119.6, 36.7)
2023-09-18 11:36:36.767 | 07:08   37ms 1340M  190G 121/122U [ActUnit] DRONE from LARVA at (163.2, 71.7)
2023-09-18 11:36:37.528 | 07:10   34ms 1490M  198G 122/122U [Inject] injecting hatch (145.5, 124.5)
2023-09-18 11:36:37.714 | 07:10   40ms 1525M  202G 122/122U [GameAnalyzer] Known army advantage is now ClearDisadvantage
2023-09-18 11:36:37.714 | 07:10   40ms 1525M  202G 122/122U [GameAnalyzer] Predicted army advantage is now ClearDisadvantage
2023-09-18 11:36:38.370 | 07:12   44ms 1625M  214G 121/122U [ActUnit] DRONE from LARVA at (117.9, 121.2)
2023-09-18 11:36:40.605 | 07:18   36ms 2060M  250G 122/130U [ActUnit] ZERGLING from LARVA at (146.7, 122.1)
2023-09-18 11:36:40.757 | 07:19   35ms 2035M  250G 123/130U [ActUnit] ZERGLING from LARVA at (145.7, 121.9)
2023-09-18 11:36:40.919 | 07:19   49ms 2015M  254G 124/130U [ActUnit] ZERGLING from LARVA at (144.7, 121.7)
2023-09-18 11:36:41.068 | 07:20   35ms 1980M  258G 125/138U [ActUnit] ZERGLING from LARVA at (163.4, 96.4)
2023-09-18 11:36:41.237 | 07:20   37ms 1975M  258G 126/138U [ActUnit] ZERGLING from LARVA at (82.5, 36.1)
2023-09-18 11:36:41.389 | 07:21   35ms 1975M  262G 127/138U [ActUnit] ZERGLING from LARVA at (163.4, 71.9)
2023-09-18 11:36:41.583 | 07:21   43ms 1960M  270G 128/138U [ActUnit] ZERGLING from LARVA at (117.5, 121.6)
2023-09-18 11:36:41.590 | 07:21   43ms 1960M  270G 128/138U [Inject] injecting hatch (163.5, 74.5)
2023-09-18 11:36:41.735 | 07:21   35ms 1940M  270G 129/144U [ActUnit] ZERGLING from LARVA at (144.2, 122.0)
2023-09-18 11:36:41.919 | 07:22   40ms 1935M  274G 130/144U [ActUnit] ZERGLING from LARVA at (162.0, 39.6)
2023-09-18 11:36:42.066 | 07:22   35ms 1925M  282G 131/144U [ActUnit] ZERGLING from LARVA at (119.5, 36.4)
2023-09-18 11:36:42.234 | 07:23   37ms 1895M  282G 132/144U [ActUnit] ZERGLING from LARVA at (161.3, 39.7)
2023-09-18 11:36:42.382 | 07:23   34ms 1880M  282G 133/144U [ActUnit] ZERGLING from LARVA at (80.7, 121.3)
2023-09-18 11:36:42.394 | 07:23   34ms 1880M  282G 133/144U [Inject] injecting hatch (119.5, 39.5)
2023-09-18 11:36:42.565 | 07:24   43ms 1865M  290G 134/144U [ActUnit] ZERGLING from LARVA at (163.2, 96.8)
2023-09-18 11:36:42.718 | 07:24   36ms 1845M  294G 135/144U [ActUnit] ZERGLING from LARVA at (82.6, 36.9)
2023-09-18 11:36:43.061 | 07:25   40ms 1855M  298G 136/144U [ActUnit] ZERGLING from LARVA at (163.4, 71.5)
2023-09-18 11:36:43.248 | 07:25   41ms 1830M  306G 137/144U [ActUnit] ZERGLING from LARVA at (119.3, 36.2)
2023-09-18 11:36:44.404 | 07:29   34ms 2060M  330G 138/144U [ActUnit] ZERGLING from LARVA at (145.6, 121.7)
2023-09-18 11:36:45.231 | 07:31   36ms 2235M  350G 138/144U [Inject] injecting hatch (80.5, 124.5)
2023-09-18 11:36:45.539 | 07:32   40ms 2270M  354G 138/144U [ActUnit] DRONE from LARVA at (117.5, 121.6)
2023-09-18 11:36:45.694 | 07:32   35ms 2240M  358G 139/144U [ActUnit] ZERGLING from LARVA at (80.5, 121.6)
2023-09-18 11:36:46.202 | 07:34   47ms 2260M  370G 140/144U [ActUnit] OVERLORD from LARVA at (161.3, 39.5)
2023-09-18 11:36:46.364 | 07:34   37ms 2185M  378G 140/144U [ActUnit] OVERLORD from LARVA at (162.6, 96.8)
2023-09-18 11:36:47.392 | 07:34   43ms 2180M  382G 140/144U [ActUnit] ZERGLING from LARVA at (82.5, 36.6)
2023-09-18 11:36:47.547 | 07:35   38ms 2165M  382G 141/144U [ActUnit] ZERGLING from LARVA at (164.4, 96.8)
2023-09-18 11:36:47.712 | 07:35   45ms 2170M  390G 142/144U [ActUnit] ZERGLING from LARVA at (164.7, 97.0)
2023-09-18 11:36:47.867 | 07:36   38ms 2130M  394G 143/144U [ActUnit] ZERGLING from LARVA at (119.6, 36.7)
2023-09-18 11:36:48.375 | 07:37   49ms 2230M  410G 144/144U [GameAnalyzer] Known army advantage is now SmallDisadvantage
2023-09-18 11:36:48.376 | 07:37   49ms 2230M  410G 144/144U [GameAnalyzer] Predicted army advantage is now SmallDisadvantage
2023-09-18 11:36:48.558 | 07:38   40ms 2255M  410G 144/144U [Inject] injecting hatch (161.5, 42.5)
2023-09-18 11:36:49.076 | 07:39   52ms 2375M  426G 144/144U [Inject] injecting hatch (145.5, 124.5)
2023-09-18 11:36:49.572 | 07:40   38ms 2490M  438G 144/144U [Expand] Expanding to (137.5, 64.5)
2023-09-18 11:36:49.750 | 07:41   47ms 2220M  438G 144/144U [Expand] Expanding to (137.5, 64.5)
2023-09-18 11:36:49.908 | 07:41   39ms 1945M  446G 144/144U [Expand] Expanding to (137.5, 64.5)
2023-09-18 11:36:50.077 | 07:42   48ms 1665M  454G 144/144U [Expand] Expanding to (137.5, 64.5)
2023-09-18 11:36:50.249 | 07:42   44ms 1400M  454G 144/144U [Expand] Expanding to (137.5, 64.5)
2023-09-18 11:36:50.422 | 07:42   51ms 1085M  454G 143/144U [ActUnit] ZERGLING from LARVA at (163.0, 39.8)
2023-09-18 11:36:50.430 | 07:42   51ms 1085M  454G 143/144U [Expand] Expanding to (137.5, 64.5)
2023-09-18 11:36:50.587 | 07:43   43ms  830M  466G 144/144U [GameAnalyzer] Known army advantage is now SlightDisadvantage
2023-09-18 11:36:50.588 | 07:43   43ms  830M  466G 144/144U [GameAnalyzer] Predicted army advantage is now SlightDisadvantage
2023-09-18 11:36:50.599 | 07:43   43ms  830M  466G 144/144U [Expand] Expanding to (137.5, 64.5)
2023-09-18 11:36:50.763 | 07:43   53ms  555M  470G 143/144U [GameAnalyzer] Known army advantage is now SmallDisadvantage
2023-09-18 11:36:50.764 | 07:43   53ms  555M  470G 143/144U [GameAnalyzer] Predicted army advantage is now SmallDisadvantage
2023-09-18 11:36:50.768 | 07:43   53ms  505M  470G 143/144U [ActUnit] ZERGLING from LARVA at (145.9, 121.7)
2023-09-18 11:36:50.775 | 07:43   53ms  505M  470G 143/144U [Expand] Expanding to (137.5, 64.5)
2023-09-18 11:36:51.097 | 07:44   55ms  300M  478G 144/144U [Expand] Expanding to (137.5, 64.5)
2023-09-18 11:36:51.253 | 07:45   41ms  270M  486G 143/144U [ActUnit] DRONE from LARVA at (162.2, 39.2)
2023-09-18 11:36:51.424 | 07:45   49ms  305M  486G 144/144U [Expand] Expanding to (134.5, 91.5)
2023-09-18 11:36:51.762 | 07:46   53ms  360M  502G 144/144U [Expand] Expanding to (134.5, 91.5)
2023-09-18 11:36:51.925 | 07:46   41ms  395M  502G 144/144U [Expand] Expanding to (134.5, 91.5)
2023-09-18 11:36:52.234 | 07:47   38ms  695M  518G 143/144U [ActUnit] DRONE from LARVA at (144.4, 121.6)
2023-09-18 11:36:52.243 | 07:47   38ms  695M  518G 143/144U [Expand] Expanding to (134.5, 91.5)
2023-09-18 11:36:52.415 | 07:48   51ms  440M  518G 144/144U [Expand] Expanding to (134.5, 91.5)
2023-09-18 11:36:53.062 | 07:50   50ms  600M  534G 144/144U [Expand] Expanding to (134.5, 91.5)
2023-09-18 11:36:53.219 | 07:50   41ms  330M  546G 144/144U [Expand] Expanding to (134.5, 91.5)
2023-09-18 11:36:53.557 | 07:51   37ms  670M  550G 144/144U [Expand] Expanding to (134.5, 91.5)
2023-09-18 11:36:53.703 | 07:51   56ms  695M  558G 144/144U [Expand] Expanding to (134.5, 91.5)
2023-09-18 11:36:53.850 | 07:52   40ms  390M  566G 144/152U [ActUnit] ZERGLING from LARVA at (143.6, 122.7)
2023-09-18 11:36:53.857 | 07:52   40ms  390M  566G 144/152U [Expand] Expanding to (134.5, 91.5)
2023-09-18 11:36:54.020 | 07:52   43ms   65M  566G 145/160U [ActUnit] ZERGLING from LARVA at (82.7, 36.9)
2023-09-18 11:36:54.173 | 07:53   38ms   60M  566G 146/160U [ActUnit] ZERGLING from LARVA at (161.0, 39.6)
2023-09-18 11:36:54.184 | 07:53   38ms   60M  566G 146/160U [Inject] injecting hatch (163.5, 99.5)
2023-09-18 11:36:54.336 | 07:53   52ms   40M  578G 147/160U [ActUnit] ZERGLING from LARVA at (163.8, 71.8)
2023-09-18 11:36:54.491 | 07:54   38ms   10M  582G 148/160U [ActUnit] ZERGLING from LARVA at (161.3, 39.3)
2023-09-18 11:36:54.668 | 07:54   43ms   15M  582G 149/160U [ActUnit] ZERGLING from LARVA at (83.4, 36.9)
2023-09-18 11:36:54.821 | 07:55   37ms    0M  594G 150/160U [ActUnit] ZERGLING from LARVA at (116.9, 121.9)
2023-09-18 11:36:54.998 | 07:55   45ms    0M  598G 150/160U [ActUnit] DRONE from LARVA at (119.7, 36.9)
2023-09-18 11:36:55.005 | 07:55   45ms    0M  598G 150/160U [Inject] injecting hatch (82.5, 39.5)
2023-09-18 11:36:55.150 | 07:55   37ms  270M  598G 151/160U [ActUnit] ZERGLING from LARVA at (81.8, 36.2)
2023-09-18 11:36:55.312 | 07:56   45ms  240M  606G 152/160U [ActUnit] ZERGLING from LARVA at (163.1, 71.6)
2023-09-18 11:36:55.468 | 07:56   38ms  495M  614G 153/160U [ActUnit] ZERGLING from LARVA at (162.3, 97.0)
2023-09-18 11:36:55.476 | 07:56   38ms  495M  614G 153/160U [Expand] Expanding to (54.5, 39.5)
2023-09-18 11:36:55.628 | 07:57   50ms  785M  614G 154/160U [ActUnit] ZERGLING from LARVA at (118.2, 121.9)
2023-09-18 11:36:55.635 | 07:57   50ms  785M  614G 154/160U [Expand] Expanding to (54.5, 39.5)
2023-09-18 11:36:55.789 | 07:57   40ms  490M  614G 155/160U [ActUnit] ZERGLING from LARVA at (80.7, 121.4)
2023-09-18 11:36:55.799 | 07:57   40ms  490M  614G 155/160U [Expand] Expanding to (54.5, 39.5)
2023-09-18 11:36:55.951 | 07:58   52ms  125M  626G 156/160U [ActUnit] OVERLORD from LARVA at (163.7, 96.1)
2023-09-18 11:36:55.953 | 07:58   52ms   75M  626G 156/160U [ActUnit] ZERGLING from LARVA at (80.2, 121.6)
2023-09-18 11:36:56.110 | 07:58   42ms  610M  630G 157/160U [ActUnit] OVERLORD from LARVA at (144.0, 122.3)
2023-09-18 11:36:56.113 | 07:58   42ms  560M  630G 157/160U [ActUnit] ZERGLING from LARVA at (119.5, 36.9)
2023-09-18 11:36:56.121 | 07:58   42ms  560M  630G 157/160U [Expand] Expanding to (54.5, 39.5)
2023-09-18 11:36:56.288 | 07:59   57ms  235M  630G 158/160U [ActUnit] ZERGLING from LARVA at (164.0, 96.6)
2023-09-18 11:36:56.448 | 07:59   41ms  515M  642G 159/160U [ActUnit] ZERGLING from LARVA at (117.7, 121.5)
2023-09-18 11:36:56.457 | 07:59   41ms  515M  642G 159/160U [Expand] Expanding to (54.5, 39.5)
2023-09-18 11:36:56.772 | 08:00   40ms  595M  646G 160/160U [GameAnalyzer] Known army advantage is now SlightDisadvantage
2023-09-18 11:36:56.773 | 08:00   40ms  595M  646G 160/160U [GameAnalyzer] Predicted army advantage is now SlightDisadvantage
2023-09-18 11:36:56.784 | 08:00   40ms  595M  646G 160/160U [Expand] Expanding to (54.5, 39.5)
2023-09-18 11:36:56.941 | 08:00   51ms  630M  658G 160/160U [Expand] Expanding to (54.5, 39.5)
2023-09-18 11:36:57.158 | 08:01   42ms  350M  662G 160/160U [Expand] Expanding to (54.5, 39.5)
2023-09-18 11:36:57.478 | 08:02   39ms   95M  666G 160/160U [Inject] injecting hatch (117.5, 124.5)
2023-09-18 11:36:58.153 | 08:03   40ms  175M  690G 159/160U [ActUnit] DRONE from LARVA at (83.0, 36.4)
2023-09-18 11:36:58.324 | 08:04   51ms  160M  694G 158/160U [ActUnit] DRONE from LARVA at (145.8, 121.4)
2023-09-18 11:36:58.484 | 08:04   40ms  145M  694G 159/160U [ActUnit] DRONE from LARVA at (163.0, 71.2)
2023-09-18 11:36:58.656 | 08:05   44ms  110M  706G 159/160U [ActUnit] DRONE from LARVA at (80.7, 121.3)
2023-09-18 11:36:58.820 | 08:05   40ms  100M  710G 159/160U [ActUnit] DRONE from LARVA at (163.7, 71.6)
2023-09-18 11:36:59.502 | 08:07   43ms  195M  726G 160/160U [Inject] injecting hatch (161.5, 42.5)
2023-09-18 11:36:59.651 | 08:07   39ms  210M  726G 160/160U [GameAnalyzer] Known army advantage is now SmallDisadvantage
2023-09-18 11:36:59.652 | 08:07   39ms  210M  726G 160/160U [GameAnalyzer] Predicted army advantage is now SmallDisadvantage
2023-09-18 11:36:59.837 | 08:07   48ms  795M  726G 159/160U [ActUnit] DRONE from LARVA at (118.6, 36.8)
2023-09-18 11:36:59.844 | 08:07   48ms  795M  726G 159/160U [Expand] Expanding to (65.5, 72.5)
2023-09-18 11:37:00.004 | 08:08   41ms  820M  738G 160/160U [Expand] Expanding to (65.5, 72.5)
2023-09-18 11:37:00.173 | 08:08   48ms  570M  742G 160/160U [Expand] Expanding to (65.5, 72.5)
2023-09-18 11:37:00.338 | 08:09   42ms  600M  742G 160/160U [Expand] Expanding to (65.5, 72.5)
2023-09-18 11:37:00.506 | 08:09   53ms  640M  754G 160/160U [Expand] Expanding to (65.5, 72.5)
2023-09-18 11:37:00.662 | 08:10   42ms  655M  758G 160/160U [GameAnalyzer] Known army advantage is now SlightDisadvantage
2023-09-18 11:37:00.664 | 08:10   42ms  655M  758G 160/160U [GameAnalyzer] Predicted army advantage is now SlightDisadvantage
2023-09-18 11:37:00.676 | 08:10   42ms  655M  758G 160/160U [Expand] Expanding to (65.5, 72.5)
2023-09-18 11:37:00.838 | 08:10   52ms  365M  758G 160/160U [Expand] Expanding to (65.5, 72.5)
2023-09-18 11:37:01.171 | 08:11   52ms  435M  774G 160/160U [Expand] Expanding to (65.5, 72.5)
2023-09-18 11:37:02.222 | 08:14   46ms  325M  802G 160/160U [Expand] Expanding to (65.5, 72.5)
2023-09-18 11:37:03.071 | 08:16   42ms  115M  822G 160/168U [ActUnit] ZERGLING from LARVA at (119.1, 36.7)
2023-09-18 11:37:03.267 | 08:16   57ms  105M  826G 161/176U [ActUnit] ZERGLING from LARVA at (117.9, 121.9)
2023-09-18 11:37:03.274 | 08:16   57ms  105M  826G 161/176U [Inject] injecting hatch (80.5, 124.5)
2023-09-18 11:37:03.435 | 08:17   43ms   90M  838G 162/176U [ActUnit] ZERGLING from LARVA at (145.4, 121.5)
2023-09-18 11:37:03.632 | 08:17   48ms   70M  838G 163/176U [ActUnit] ZERGLING from LARVA at (163.9, 71.8)
2023-09-18 11:37:03.804 | 08:18   41ms   45M  838G 164/176U [ActUnit] ZERGLING from LARVA at (160.3, 40.1)
2023-09-18 11:37:03.980 | 08:18   51ms   15M  850G 165/176U [ActUnit] ZERGLING from LARVA at (82.3, 36.9)
2023-09-18 11:37:04.310 | 08:19   56ms   20M  854G 166/176U [ActUnit] ZERGLING from LARVA at (145.3, 121.7)
2023-09-18 11:37:04.479 | 08:20   40ms    5M  866G 167/176U [ActUnit] ZERGLING from LARVA at (162.6, 40.0)
2023-09-18 11:37:04.837 | 08:20   40ms   15M  870G 168/176U [ActUnit] ZERGLING from LARVA at (80.6, 121.7)
2023-09-18 11:37:05.008 | 08:21   45ms    0M  878G 169/176U [ActUnit] ZERGLING from LARVA at (162.6, 40.0)
2023-09-18 11:37:05.349 | 08:22   46ms    5M  886G 170/176U [ActUnit] ZERGLING from LARVA at (163.3, 71.4)
2023-09-18 11:37:05.519 | 08:22   41ms    0M  886G 171/176U [ActUnit] ZERGLING from LARVA at (163.3, 71.4)
2023-09-18 11:37:05.701 | 08:23   53ms  265M  898G 171/176U [ActUnit] DRONE from LARVA at (80.5, 121.5)
2023-09-18 11:37:05.869 | 08:23   42ms  815M  902G 172/176U [ActUnit] OVERLORD from LARVA at (144.5, 121.6)
2023-09-18 11:37:05.871 | 08:23   42ms  765M  902G 172/176U [ActUnit] ZERGLING from LARVA at (145.1, 121.5)
2023-09-18 11:37:05.883 | 08:23   42ms  765M  902G 172/176U [Expand] Expanding to (62.5, 99.5)
2023-09-18 11:37:06.048 | 08:24   60ms 1575M  902G 173/176U [ActUnit] OVERLORD from LARVA at (161.6, 39.9)
2023-09-18 11:37:06.050 | 08:24   60ms 1525M  902G 173/176U [ActUnit] ZERGLING from LARVA at (81.2, 121.6)
2023-09-18 11:37:06.057 | 08:24   60ms 1525M  902G 173/176U [Expand] Expanding to (62.5, 99.5)
2023-09-18 11:37:06.228 | 08:24   47ms 1195M  914G 174/176U [ActUnit] ZERGLING from LARVA at (119.0, 36.6)
2023-09-18 11:37:06.237 | 08:24   47ms 1195M  914G 174/176U [Expand] Expanding to (62.5, 99.5)
2023-09-18 11:37:06.407 | 08:24   54ms  885M  918G 175/176U [ActUnit] ZERGLING from LARVA at (163.4, 96.9)
2023-09-18 11:37:06.415 | 08:24   54ms  885M  918G 175/176U [Expand] Expanding to (62.5, 99.5)
2023-09-18 11:37:06.417 | 08:24   54ms  585M  918G 175/176U [Inject] injecting hatch (163.5, 74.5)
2023-09-18 11:37:06.597 | 08:25   50ms  600M  918G 176/176U [Expand] Expanding to (62.5, 99.5)
2023-09-18 11:37:06.766 | 08:25   61ms  365M  926G 176/176U [Expand] Expanding to (62.5, 99.5)
2023-09-18 11:37:07.284 | 08:27   43ms  145M  934G 176/176U [Inject] injecting hatch (119.5, 39.5)
2023-09-18 11:37:07.457 | 08:27   51ms  165M  946G 176/176U [Tech] Started ZERGMELEEWEAPONSLEVEL2
2023-09-18 11:37:07.815 | 08:28   60ms   55M  800G 175/176U [ActUnit] DRONE from LARVA at (82.3, 36.8)
2023-09-18 11:37:08.000 | 08:28   45ms  330M  812G 175/176U [ActUnit] DRONE from LARVA at (81.6, 121.9)
2023-09-18 11:37:08.213 | 08:29   50ms  360M  816G 176/176U [Expand] Expanding to (62.5, 99.5)
2023-09-18 11:37:08.784 | 08:30   45ms  390M  832G 175/176U [ActUnit] DRONE from LARVA at (163.6, 71.9)
2023-09-18 11:37:08.792 | 08:30   45ms  390M  832G 175/176U [Expand] Expanding to (62.5, 99.5)
2023-09-18 11:37:08.974 | 08:31   58ms   75M  832G 175/176U [ActUnit] DRONE from LARVA at (163.3, 96.5)
2023-09-18 11:37:09.495 | 08:32   45ms  420M  848G 174/176U [ActUnit] DRONE from LARVA at (145.5, 121.7)
2023-09-18 11:37:09.503 | 08:32   45ms  420M  848G 174/176U [Expand] Expanding to (36.5, 64.5)
2023-09-18 11:37:10.487 | 08:32   54ms  390M  848G 175/176U [ActUnit] DRONE from LARVA at (117.5, 121.9)
2023-09-18 11:37:10.494 | 08:32   54ms  390M  848G 175/176U [Expand] Expanding to (36.5, 64.5)
2023-09-18 11:37:10.672 | 08:33   47ms  690M  860G 175/176U [ActUnit] DRONE from LARVA at (163.2, 96.6)
2023-09-18 11:37:10.684 | 08:33   47ms  690M  860G 175/176U [Expand] Expanding to (36.5, 64.5)
2023-09-18 11:37:10.685 | 08:33   47ms  390M  860G 175/176U [Tech] Started ZERGGROUNDARMORSLEVEL2
2023-09-18 11:37:10.873 | 08:33   64ms  190M  639G 176/176U [Inject] injecting hatch (145.5, 124.5)
2023-09-18 11:37:11.246 | 08:34   55ms  520M  651G 175/176U [ActUnit] DRONE from LARVA at (119.3, 36.6)
2023-09-18 11:37:11.253 | 08:34   55ms  520M  651G 175/176U [Expand] Expanding to (36.5, 64.5)
2023-09-18 11:37:11.254 | 08:34   55ms  220M  651G 175/176U [ActBuilding] 1. INFESTATIONPIT near (76.5, 116.4)
2023-09-18 11:37:11.644 | 08:35   58ms  415M  555G 175/176U [ActUnit] DRONE from LARVA at (79.8, 121.7)
2023-09-18 11:37:11.651 | 08:35   58ms  415M  555G 175/176U [Expand] Expanding to (36.5, 64.5)
2023-09-18 11:37:11.829 | 08:36   47ms  430M  563G 176/176U [Expand] Expanding to (36.5, 64.5)
2023-09-18 11:37:11.831 | 08:36   47ms  130M  563G 176/176U [Inject] injecting hatch (161.5, 42.5)
2023-09-18 11:37:12.183 | 08:36   45ms  160M  571G 175/176U [ActUnit] DRONE from LARVA at (117.7, 121.4)
2023-09-18 11:37:12.937 | 08:38   48ms  565M  587G 176/176U [Expand] Expanding to (36.5, 64.5)
2023-09-18 11:37:12.938 | 08:38   48ms  265M  587G 176/176U [PlanCancelBuilding] Cancelled HATCHERY at (62.5, 99.5) with 121.4814453125 health
2023-09-18 11:37:14.179 | 08:41   57ms 1000M  619G 175/184U [GameAnalyzer] Known army advantage is now Even
2023-09-18 11:37:14.180 | 08:41   57ms 1000M  619G 175/184U [GameAnalyzer] Predicted army advantage is now Even
2023-09-18 11:37:14.182 | 08:41   57ms  950M  619G 175/184U [ActUnit] DRONE from LARVA at (162.2, 96.5)
2023-09-18 11:37:14.363 | 08:42   47ms  945M  631G 176/192U [ActUnit] ZERGLING from LARVA at (82.7, 36.4)
2023-09-18 11:37:14.568 | 08:42   56ms  945M  635G 177/192U [ActUnit] ZERGLING from LARVA at (117.2, 121.5)
2023-09-18 11:37:14.748 | 08:43   46ms  920M  635G 178/192U [ActUnit] ZERGLING from LARVA at (117.5, 121.4)
2023-09-18 11:37:14.931 | 08:43   58ms  885M  647G 179/192U [ActUnit] ZERGLING from LARVA at (161.6, 39.3)
2023-09-18 11:37:15.100 | 08:44   46ms  870M  651G 180/192U [ActUnit] ZERGLING from LARVA at (118.2, 121.6)
2023-09-18 11:37:15.305 | 08:44   53ms  860M  651G 181/192U [ActUnit] ZERGLING from LARVA at (80.1, 121.7)
2023-09-18 11:37:15.476 | 08:45   46ms  890M  663G 182/192U [GameAnalyzer] Known army advantage is now SlightDisadvantage
2023-09-18 11:37:15.477 | 08:45   46ms  890M  663G 182/192U [GameAnalyzer] Predicted army advantage is now SlightDisadvantage
2023-09-18 11:37:15.479 | 08:45   46ms  840M  663G 182/192U [ActUnit] ZERGLING from LARVA at (161.8, 39.4)
2023-09-18 11:37:15.660 | 08:45   56ms  810M  667G 183/192U [ActUnit] ZERGLING from LARVA at (162.9, 40.2)
2023-09-18 11:37:15.837 | 08:45   46ms  800M  667G 184/192U [ActUnit] ZERGLING from LARVA at (81.4, 36.8)
2023-09-18 11:37:15.850 | 08:45   46ms  800M  667G 184/192U [Inject] injecting hatch (80.5, 124.5)
2023-09-18 11:37:16.039 | 08:46   63ms  760M  667G 185/192U [ActUnit] ZERGLING from LARVA at (119.4, 35.9)
2023-09-18 11:37:16.220 | 08:46   46ms  745M  683G 186/192U [ActUnit] ZERGLING from LARVA at (164.7, 96.2)
2023-09-18 11:37:16.402 | 08:47   62ms  725M  683G 187/192U [ActUnit] ZERGLING from LARVA at (117.4, 121.8)
2023-09-18 11:37:16.582 | 08:47   50ms  670M  683G 188/192U [ActUnit] OVERLORD from LARVA at (163.4, 71.2)
2023-09-18 11:37:16.585 | 08:47   50ms  620M  683G 188/192U [ActUnit] ZERGLING from LARVA at (79.8, 121.4)
2023-09-18 11:37:16.780 | 08:48   60ms  560M  695G 188/192U [ActUnit] OVERLORD from LARVA at (82.8, 36.6)
2023-09-18 11:37:16.781 | 08:48   60ms  510M  695G 188/192U [ActUnit] DRONE from LARVA at (117.4, 121.8)
2023-09-18 11:37:16.971 | 08:48   52ms  740M  699G 189/192U [ActUnit] OVERLORD from LARVA at (81.3, 121.1)
2023-09-18 11:37:16.973 | 08:48   52ms  690M  699G 189/192U [ActUnit] ZERGLING from LARVA at (120.7, 36.7)
2023-09-18 11:37:17.164 | 08:49   64ms  660M  699G 190/192U [ActUnit] ZERGLING from LARVA at (163.4, 96.8)
2023-09-18 11:37:17.370 | 08:49   54ms  640M  711G 191/192U [ActUnit] ZERGLING from LARVA at (119.7, 36.5)
2023-09-18 11:37:17.384 | 08:49   54ms  640M  711G 191/192U [PlanZoneAttack] Supply is 191 -> attack!
2023-09-18 11:37:17.386 | 08:49   54ms  640M  711G 191/192U [PlanZoneAttack] Attack started at 66.00 power.
2023-09-18 11:37:18.388 | 08:51   68ms 1000M  731G 191/192U [ActUnit] DRONE from LARVA at (163.9, 96.8)
2023-09-18 11:37:18.808 | 08:51   76ms 1055M  731G 192/192U [Expand] Expanding to (62.5, 99.5)
2023-09-18 11:37:19.040 | 08:52   70ms  790M  731G 192/192U [Expand] Expanding to (62.5, 99.5)
2023-09-18 11:37:19.274 | 08:52   79ms  510M  743G 192/192U [Expand] Expanding to (62.5, 99.5)
2023-09-18 11:37:19.971 | 08:53   65ms  335M  759G 192/192U [Expand] Expanding to (62.5, 99.5)
2023-09-18 11:37:21.243 | 08:56   86ms  115M  779G 191/192U [ActUnit] DRONE from LARVA at (117.4, 121.4)
2023-09-18 11:37:21.508 | 08:56   75ms  105M  779G 190/198U [ActUnit] DRONE from LARVA at (137.3, 61.4)
2023-09-18 11:37:21.519 | 08:56   75ms  105M  779G 190/198U [Inject] injecting hatch (163.5, 99.5)
2023-09-18 11:37:21.783 | 08:57   88ms  100M  795G 190/198U [ActUnit] ZERGLING from LARVA at (80.7, 121.9)
2023-09-18 11:37:22.058 | 08:57   79ms   75M  795G 189/198U [ActUnit] ZERGLING from LARVA at (161.9, 39.6)
2023-09-18 11:37:22.343 | 08:57   97ms   40M  795G 188/198U [ActUnit] ZERGLING from LARVA at (81.8, 36.5)
2023-09-18 11:37:22.633 | 08:58   91ms   70M  807G 186/198U [GameAnalyzer] Known army advantage is now SmallDisadvantage
2023-09-18 11:37:22.635 | 08:58   91ms   70M  807G 186/198U [GameAnalyzer] Predicted army advantage is now SmallDisadvantage
2023-09-18 11:37:22.638 | 08:58   91ms   20M  807G 186/198U [ActUnit] ZERGLING from LARVA at (161.9, 39.6)
2023-09-18 11:37:22.960 | 08:58  119ms    5M  811G 182/198U [ActUnit] ZERGLING from LARVA at (146.1, 121.4)
2023-09-18 11:37:22.969 | 08:58  119ms    5M  811G 182/198U [Inject] injecting hatch (82.5, 39.5)
2023-09-18 11:37:23.238 | 08:59   80ms   10M  811G 181/198U [ActUnit] ZERGLING from LARVA at (145.8, 121.9)
2023-09-18 11:37:23.795 | 09:00   75ms   10M  827G 177/198U [ActUnit] ZERGLING from LARVA at (163.2, 71.8)
2023-09-18 11:37:24.350 | 09:01   80ms   10M  831G 177/198U [ActUnit] ZERGLING from LARVA at (160.5, 39.4)
2023-09-18 11:37:24.644 | 09:01  114ms   20M  843G 177/198U [ActUnit] ZERGLING from LARVA at (163.5, 71.4)
2023-09-18 11:37:24.927 | 09:01   87ms    0M  843G 178/198U [ActUnit] ZERGLING from LARVA at (82.0, 36.8)
2023-09-18 11:37:25.245 | 09:02  108ms   30M  843G 172/198U [GameAnalyzer] Known army advantage is now ClearDisadvantage
2023-09-18 11:37:25.246 | 09:02  108ms   30M  843G 172/198U [GameAnalyzer] Predicted army advantage is now ClearDisadvantage
2023-09-18 11:37:25.534 | 09:02   77ms  605M  855G 170/198U [ActUnit] DRONE from LARVA at (80.2, 121.6)
2023-09-18 11:37:25.817 | 09:03   93ms  595M  859G 167/198U [ActUnit] ZERGLING from LARVA at (81.9, 36.9)
2023-09-18 11:37:26.084 | 09:03   74ms  855M  859G 166/198U [ActUnit] ZERGLING from LARVA at (163.3, 96.4)
2023-09-18 11:37:26.370 | 09:04   81ms  850M  871G 166/198U [ActUnit] ZERGLING from LARVA at (119.8, 36.5)
2023-09-18 11:37:26.623 | 09:04   68ms  840M  875G 166/198U [ActUnit] ZERGLING from LARVA at (145.8, 121.4)
2023-09-18 11:37:26.941 | 09:05   85ms  870M  875G 167/198U [Inject] injecting hatch (161.5, 42.5)
2023-09-18 11:37:27.189 | 09:05   65ms  890M  883G 167/198U [Inject] injecting hatch (117.5, 124.5)
2023-09-18 11:37:27.423 | 09:05   85ms  860M  891G 166/200U [ActUnit] ZERGLING from LARVA at (161.5, 39.6)
2023-09-18 11:37:27.674 | 09:06   65ms  860M  891G 167/200U [ActUnit] ZERGLING from LARVA at (162.2, 39.7)
2023-09-18 11:37:27.928 | 09:06   86ms  900M  891G 168/200U [GameAnalyzer] Known army advantage is now SmallDisadvantage
2023-09-18 11:37:27.930 | 09:06   86ms  850M  891G 168/200U [ActUnit] ZERGLING from LARVA at (80.2, 121.9)
2023-09-18 11:37:28.178 | 09:07   67ms  825M  903G 169/200U [ActUnit] ZERGLING from LARVA at (160.1, 39.6)
2023-09-18 11:37:28.454 | 09:07   89ms  805M  907G 170/200U [ActUnit] ZERGLING from LARVA at (117.6, 121.2)
2023-09-18 11:37:28.697 | 09:08   67ms  805M  907G 171/200U [ActUnit] ZERGLING from LARVA at (137.3, 61.3)
2023-09-18 11:37:28.971 | 09:08   80ms  775M  919G 172/200U [ActUnit] ZERGLING from LARVA at (163.3, 96.4)
2023-09-18 11:37:29.213 | 09:09   65ms  800M  923G 173/200U [GameAnalyzer] Known army advantage is now ClearDisadvantage
2023-09-18 11:37:29.215 | 09:09   65ms  750M  923G 173/200U [ActUnit] ZERGLING from LARVA at (161.5, 39.6)
2023-09-18 11:37:29.450 | 09:09   74ms  730M  923G 174/200U [ActUnit] ZERGLING from LARVA at (134.3, 88.6)
2023-09-18 11:37:29.692 | 09:10   64ms  705M  931G 175/200U [ActUnit] ZERGLING from LARVA at (162.5, 71.6)
2023-09-18 11:37:29.929 | 09:10   72ms  700M  939G 176/200U [ActUnit] ZERGLING from LARVA at (163.7, 71.9)
2023-09-18 11:37:30.174 | 09:10   64ms  695M  939G 176/200U [ActUnit] ZERGLING from LARVA at (119.8, 36.6)
2023-09-18 11:37:30.434 | 09:11   73ms  670M  939G 177/200U [ActUnit] ZERGLING from LARVA at (164.0, 71.9)
2023-09-18 11:37:30.690 | 09:11   66ms  635M  951G 178/200U [ActUnit] ZERGLING from LARVA at (120.3, 36.4)
2023-09-18 11:37:30.973 | 09:12   70ms  620M  955G 178/200U [ActUnit] ZERGLING from LARVA at (120.3, 36.4)
2023-09-18 11:37:31.222 | 09:12   63ms  610M  955G 178/200U [ActUnit] ZERGLING from LARVA at (82.5, 36.6)
2023-09-18 11:37:31.720 | 09:13   60ms  435M  821G 178/200U [ActUnit] ZERGLING from LARVA at (163.4, 71.7)
2023-09-18 11:37:31.955 | 09:14   71ms  410M  821G 179/200U [ActUnit] ZERGLING from LARVA at (146.4, 121.8)
2023-09-18 11:37:32.252 | 09:14   58ms  380M  833G 180/200U [ActUnit] ZERGLING from LARVA at (144.6, 121.9)
2023-09-18 11:37:32.520 | 09:14   73ms  355M  837G 181/200U [ActUnit] ZERGLING from LARVA at (146.3, 121.6)
2023-09-18 11:37:32.527 | 09:14   73ms  355M  837G 181/200U [Inject] injecting hatch (80.5, 124.5)
2023-09-18 11:37:33.010 | 09:15   68ms  405M  841G 181/200U [ActUnit] ZERGLING from LARVA at (80.5, 121.6)
2023-09-18 11:37:33.260 | 09:16   60ms  395M  853G 182/200U [ActUnit] ZERGLING from LARVA at (81.6, 121.8)
2023-09-18 11:37:33.504 | 09:16   67ms  360M  853G 183/200U [ActUnit] ZERGLING from LARVA at (79.7, 121.9)
2023-09-18 11:37:33.513 | 09:16   67ms  360M  853G 183/200U [Expand] Expanding to (36.5, 89.5)
2023-09-18 11:37:33.973 | 09:17   72ms   75M  865G 183/200U [ActUnit] ZERGLING from LARVA at (117.6, 121.4)
2023-09-18 11:37:34.213 | 09:18   68ms   75M  869G 184/200U [ActUnit] ZERGLING from LARVA at (137.7, 61.6)
2023-09-18 11:37:34.466 | 09:18   81ms  105M  869G 185/200U [GameAnalyzer] Known army advantage is now SmallDisadvantage
2023-09-18 11:37:34.468 | 09:18   81ms   55M  869G 185/200U [ActUnit] ZERGLING from LARVA at (134.4, 88.4)
2023-09-18 11:37:34.712 | 09:18   70ms   40M  881G 186/200U [ActUnit] ZERGLING from LARVA at (80.7, 121.5)
2023-09-18 11:37:34.967 | 09:19   83ms   10M  885G 187/200U [ActUnit] ZERGLING from LARVA at (54.5, 36.6)
2023-09-18 11:37:35.295 | 09:19   68ms    0M  885G 188/200U [ActUnit] ZERGLING from LARVA at (163.8, 96.1)
2023-09-18 11:37:35.990 | 09:20   69ms   30M  901G 189/200U [ActUnit] ZERGLING from LARVA at (161.9, 39.9)
2023-09-18 11:37:36.844 | 09:22   94ms   90M  913G 188/200U [ActUnit] ZERGLING from LARVA at (119.7, 36.8)
2023-09-18 11:37:37.700 | 09:23   71ms  200M  929G 188/200U [GameAnalyzer] Predicted army advantage is now SmallDisadvantage
2023-09-18 11:37:37.702 | 09:23   71ms  150M  929G 188/200U [ActUnit] ZERGLING from LARVA at (82.5, 36.6)
2023-09-18 11:37:38.269 | 09:24   80ms  160M  933G 189/200U [ActUnit] ZERGLING from LARVA at (163.4, 71.6)
2023-09-18 11:37:38.888 | 09:25  140ms  195M  949G 189/200U [ActUnit] DRONE from LARVA at (145.7, 121.8)
2023-09-18 11:37:40.779 | 09:27  106ms  420M  977G 186/200U [GameAnalyzer] Predicted army advantage is now ClearDisadvantage
2023-09-18 11:37:41.080 | 09:28  115ms  395M  981G 185/200U [ActUnit] DRONE from LARVA at (134.5, 88.6)
2023-09-18 11:37:41.087 | 09:28  115ms  395M  981G 185/200U [Inject] injecting hatch (134.5, 91.5)
2023-09-18 11:37:41.386 | 09:28  106ms  365M  981G 186/200U [ActUnit] ZERGLING from LARVA at (137.7, 61.6)
2023-09-18 11:37:41.728 | 09:29  131ms  365M  993G 186/200U [ActUnit] ZERGLING from LARVA at (80.6, 121.7)
2023-09-18 11:37:42.023 | 09:29  102ms  410M  997G 187/200U [GameAnalyzer] Predicted army advantage is now SmallDisadvantage
2023-09-18 11:37:42.025 | 09:29  102ms  360M  997G 187/200U [ActUnit] ZERGLING from LARVA at (117.6, 121.6)
2023-09-18 11:37:42.320 | 09:30  111ms  355M  997G 188/200U [ActUnit] ZERGLING from LARVA at (54.5, 36.7)
2023-09-18 11:37:42.619 | 09:30  103ms  395M  997G 188/200U [GameAnalyzer] Predicted army advantage is now ClearDisadvantage
2023-09-18 11:37:42.621 | 09:30  103ms  345M  997G 188/200U [ActUnit] ZERGLING from LARVA at (161.5, 39.6)
2023-09-18 11:37:42.630 | 09:30  103ms  345M  997G 188/200U [Inject] injecting hatch (54.5, 39.5)
2023-09-18 11:37:43.764 | 09:30  116ms  385M 1013G 189/200U [GameAnalyzer] Predicted army advantage is now SmallDisadvantage
2023-09-18 11:37:43.766 | 09:30  116ms  335M 1013G 189/200U [ActUnit] ZERGLING from LARVA at (163.3, 96.1)
2023-09-18 11:37:44.984 | 09:32  111ms  430M 1029G 188/200U [ActUnit] ZERGLING from LARVA at (119.6, 36.9)
2023-09-18 11:37:45.840 | 09:34   92ms  470M 1045G 188/200U [ActUnit] ZERGLING from LARVA at (82.5, 36.7)
2023-09-18 11:37:46.120 | 09:34  104ms  455M 1045G 188/200U [ActUnit] ZERGLING from LARVA at (65.5, 69.6)
2023-09-18 11:37:46.396 | 09:35   91ms  460M 1053G 188/200U [ActUnit] ZERGLING from LARVA at (161.5, 39.6)
2023-09-18 11:37:46.681 | 09:35  104ms  450M 1061G 189/200U [ActUnit] ZERGLING from LARVA at (162.6, 39.6)
2023-09-18 11:37:46.966 | 09:35   94ms  430M 1061G 189/200U [ActUnit] ZERGLING from LARVA at (163.5, 71.9)
2023-09-18 11:37:47.268 | 09:36  105ms  435M 1061G 190/200U [ActUnit] ZERGLING from LARVA at (145.4, 121.5)
2023-09-18 11:37:47.546 | 09:36   92ms  400M 1073G 191/200U [ActUnit] ZERGLING from LARVA at (162.7, 39.6)
2023-09-18 11:37:47.557 | 09:36   92ms  400M 1073G 191/200U [Inject] injecting hatch (119.5, 39.5)
2023-09-18 11:37:47.910 | 09:37  108ms  425M 1077G 191/200U [Inject] injecting hatch (145.5, 124.5)
2023-09-18 11:37:49.016 | 09:39   98ms  535M 1093G 190/200U [ActUnit] ZERGLING from LARVA at (134.5, 88.6)
2023-09-18 11:37:49.294 | 09:39   89ms  515M 1105G 190/200U [ActUnit] ZERGLING from LARVA at (80.3, 121.6)
2023-09-18 11:37:49.569 | 09:39   98ms  500M 1109G 191/200U [ActUnit] ZERGLING from LARVA at (138.0, 61.9)
2023-09-18 11:37:49.846 | 09:40   92ms  505M 1109G 192/200U [ActUnit] ZERGLING from LARVA at (117.2, 121.3)
2023-09-18 11:37:50.121 | 09:40  100ms  500M 1109G 193/200U [ActUnit] ZERGLING from LARVA at (163.6, 96.7)
2023-09-18 11:37:50.430 | 09:41  101ms  470M 1125G 193/200U [ActUnit] ZERGLING from LARVA at (162.6, 96.9)
2023-09-18 11:37:50.753 | 09:41  114ms  460M 1125G 193/200U [ActUnit] ZERGLING from LARVA at (54.3, 36.8)
2023-09-18 11:37:51.069 | 09:42  103ms  445M 1125G 193/200U [ActUnit] ZERGLING from LARVA at (162.5, 96.9)
2023-09-18 11:37:51.355 | 09:42  105ms  430M 1137G 194/200U [ActUnit] ZERGLING from LARVA at (82.2, 36.7)
2023-09-18 11:37:51.652 | 09:43  104ms  420M 1141G 195/200U [ActUnit] ZERGLING from LARVA at (83.5, 36.9)
2023-09-18 11:37:52.158 | 09:43  112ms  400M 1141G 196/200U [ActUnit] ZERGLING from LARVA at (161.9, 39.3)
2023-09-18 11:37:52.447 | 09:43   97ms  390M 1153G 197/200U [ActUnit] ZERGLING from LARVA at (119.4, 36.9)
2023-09-18 11:37:52.460 | 09:43   97ms  390M 1153G 197/200U [Inject] injecting hatch (80.5, 124.5)
2023-09-18 11:37:52.744 | 09:44  114ms  390M 1157G 198/200U [ActUnit] ZERGLING from LARVA at (83.7, 37.1)
2023-09-18 11:37:53.022 | 09:44   95ms  370M 1157G 197/200U [ActUnit] ZERGLING from LARVA at (80.5, 121.6)
2023-09-18 11:37:53.326 | 09:45  113ms  350M 1161G 198/200U [ActUnit] ZERGLING from LARVA at (81.3, 121.9)
2023-09-18 11:37:53.613 | 09:45  103ms  345M 1173G 198/200U [ActUnit] ZERGLING from LARVA at (117.6, 121.6)
2023-09-18 11:37:53.914 | 09:46  118ms  325M 1173G 199/200U [ActUnit] ZERGLING from LARVA at (116.4, 121.7)
2023-09-18 11:37:54.542 | 09:47  113ms  360M 1185G 199/200U [ActUnit] ZERGLING from LARVA at (145.1, 121.8)
2023-09-18 11:37:54.848 | 09:47  108ms  345M 1189G 199/200U [ActUnit] ZERGLING from LARVA at (82.6, 36.9)
2023-09-18 11:37:56.091 | 09:49  106ms  430M 1205G 199/200U [ActUnit] ZERGLING from LARVA at (65.8, 69.4)
2023-09-18 11:37:57.720 | 09:51  115ms  560M 1233G 199/200U [ActUnit] ZERGLING from LARVA at (80.7, 121.9)
2023-09-18 11:37:58.369 | 09:52  142ms  595M 1237G 199/200U [ActUnit] ZERGLING from LARVA at (163.6, 96.6)
2023-09-18 11:37:59.023 | 09:53  131ms  620M 1253G 199/200U [ActUnit] ZERGLING from LARVA at (117.9, 121.3)
2023-09-18 11:37:59.654 | 09:54  117ms  690M 1261G 200/200U [GameAnalyzer] Known army advantage is now SlightDisadvantage
2023-09-18 11:38:01.192 | 09:56  107ms  810M 1285G 199/200U [ActUnit] ZERGLING from LARVA at (163.9, 71.9)
2023-09-18 11:38:05.395 | 10:02  125ms 1290M 1349G 200/200U [GameAnalyzer] Predicted army advantage is now SlightDisadvantage
2023-09-18 11:38:05.408 | 10:02  125ms 1290M 1349G 200/200U [Inject] injecting hatch (65.5, 72.5)
2023-09-18 11:38:07.067 | 10:04  103ms 1480M 1373G 200/200U [GameAnalyzer] Known army advantage is now Even
2023-09-18 11:38:09.646 | 10:08  113ms 1705M 1413G 199/200U [ActUnit] ZERGLING from LARVA at (82.6, 36.9)
2023-09-18 11:38:10.141 | 10:08  119ms 1740M 1413G 200/200U [Inject] injecting hatch (161.5, 42.5)
2023-09-18 11:38:10.464 | 10:08  112ms 1795M 1421G 200/200U [Inject] injecting hatch (117.5, 124.5)
2023-09-18 11:38:10.765 | 10:09  121ms 1795M 1429G 199/200U [ActUnit] DRONE from LARVA at (80.0, 121.9)
2023-09-18 11:38:13.486 | 10:12  121ms 2070M 1461G 200/200U [Inject] injecting hatch (80.5, 124.5)
2023-09-18 11:38:16.907 | 10:17  133ms 2365M 1509G 199/200U [ActUnit] ZERGLING from LARVA at (137.8, 61.7)
2023-09-18 11:38:20.154 | 10:21  112ms 2685M 1557G 199/200U [ActUnit] DRONE from LARVA at (161.8, 39.4)
2023-09-18 11:38:20.477 | 10:22   94ms 2680M 1569G 199/200U [ActUnit] DRONE from LARVA at (53.7, 36.2)
2023-09-18 11:38:22.152 | 10:24  169ms 2890M 1589G 200/200U [Tech] Started ZERGLINGATTACKSPEED
2023-09-18 11:38:22.470 | 10:25   96ms 2700M 1389G 200/200U [BuildGas] Building EXTRACTOR to (157.5, 35.5)
2023-09-18 11:38:23.742 | 10:26   88ms 2780M 1417G 199/200U [ActUnit] ZERGLING from LARVA at (119.3, 36.4)
2023-09-18 11:38:23.756 | 10:26   88ms 2755M 1417G 199/200U [BuildGas] Building EXTRACTOR to (113.5, 131.5)
2023-09-18 11:38:24.066 | 10:27  103ms 2785M 1421G 200/200U [ActBuilding] 1. ULTRALISKCAVERN near (55.5, 48.4)
2023-09-18 11:38:25.016 | 10:28   87ms 2695M 1237G 199/200U [ActUnit] ZERGLING from LARVA at (146.1, 121.2)
2023-09-18 11:38:28.530 | 10:32   79ms 2990M 1269G 200/200U [GameAnalyzer] Predicted army advantage is now Even
2023-09-18 11:38:29.757 | 10:33   75ms 3150M 1293G 200/200U [Inject] injecting hatch (54.5, 39.5)
2023-09-18 11:38:30.386 | 10:34   74ms 3190M 1301G 199/200U [ActUnit] ZERGLING from LARVA at (145.9, 121.9)
2023-09-18 11:38:31.191 | INFO     | sc2.protocol:_execute:72 - Client status changed to Status.ended (was Status.in_game)
2023-09-18 11:38:31.203 | Result: Victory
2023-09-18 11:38:31.204 | Duration: 10:35
2023-09-18 11:38:31.204 | Step time min: 7
2023-09-18 11:38:31.205 | Step time avg: 45
2023-09-18 11:38:31.205 | Step time max: 193
2023-09-18 11:38:31.206 | [LostUnitsContents] My lost units minerals and gas: (8750.0, 0.0)
2023-09-18 11:38:31.207 | [LostUnitsContents] My lost units minerals by score: 7350.0
2023-09-18 11:38:31.207 | [LostUnitsContents] Enemy lost units minerals and gas: (9225, 800)
2023-09-18 11:38:31.208 | [LostUnitsContents] Enemy lost units minerals by score: 9475.0
2023-09-18 11:38:31.209 | [GameAnalyzerEnd] Own units:
2023-09-18 11:38:31.209 | [GameAnalyzerEnd] ZERGLING          total: 340 alive: 183 dead: 157 
2023-09-18 11:38:31.210 | [GameAnalyzerEnd] DRONE             total: 151 alive:  94 dead:  57 
2023-09-18 11:38:31.210 | [GameAnalyzerEnd] LARVA             total:  44 alive:  44 dead:   0 
2023-09-18 11:38:31.211 | [GameAnalyzerEnd] OVERLORD          total:  21 alive:  21 dead:   0 
2023-09-18 11:38:31.211 | [GameAnalyzerEnd] HATCHERY          total:  21 alive:  13 dead:   8 
2023-09-18 11:38:31.212 | [GameAnalyzerEnd] EXTRACTOR         total:   7 alive:   6 dead:   1 
2023-09-18 11:38:31.212 | [GameAnalyzerEnd] QUEEN             total:   5 alive:   4 dead:   1 
2023-09-18 11:38:31.213 | [GameAnalyzerEnd] EGG               total:   3 alive:   3 dead:   0 
2023-09-18 11:38:31.213 | [GameAnalyzerEnd] EVOLUTIONCHAMBER  total:   2 alive:   2 dead:   0 
2023-09-18 11:38:31.214 | [GameAnalyzerEnd] SPAWNINGPOOL      total:   1 alive:   1 dead:   0 
2023-09-18 11:38:31.214 | [GameAnalyzerEnd] ULTRALISKCAVERN   total:   1 alive:   1 dead:   0 
2023-09-18 11:38:31.215 | [GameAnalyzerEnd] INFESTATIONPIT    total:   1 alive:   1 dead:   0 
2023-09-18 11:38:31.216 | [GameAnalyzerEnd] HIVE              total:   1 alive:   1 dead:   0 
2023-09-18 11:38:31.216 | [GameAnalyzerEnd] Enemy units:
2023-09-18 11:38:31.217 | [GameAnalyzerEnd] MARINE            total: 115 alive:  86 dead:  29 
2023-09-18 11:38:31.218 | [GameAnalyzerEnd] SCV               total:  45 alive:   0 dead:  45 
2023-09-18 11:38:31.218 | [GameAnalyzerEnd] SUPPLYDEPOT       total:  22 alive:   1 dead:  21 
2023-09-18 11:38:31.219 | [GameAnalyzerEnd] BARRACKS          total:  13 alive:   1 dead:  12 
2023-09-18 11:38:31.220 | [GameAnalyzerEnd] MARAUDER          total:   7 alive:   7 dead:   0 
2023-09-18 11:38:31.221 | [GameAnalyzerEnd] TECHLAB           total:   6 alive:   0 dead:   6 
2023-09-18 11:38:31.221 | [GameAnalyzerEnd] MEDIVAC           total:   4 alive:   4 dead:   0 
2023-09-18 11:38:31.222 | [GameAnalyzerEnd] ORBITALCOMMAND    total:   2 alive:   0 dead:   2 
2023-09-18 11:38:31.223 | [GameAnalyzerEnd] REFINERY          total:   2 alive:   0 dead:   2 
2023-09-18 11:38:31.223 | [GameAnalyzerEnd] ENGINEERINGBAY    total:   1 alive:   0 dead:   1 
2023-09-18 11:38:31.224 | [GameAnalyzerEnd] FACTORY           total:   1 alive:   0 dead:   1 
2023-09-18 11:38:31.225 | [GameAnalyzerEnd] STARPORT          total:   1 alive:   0 dead:   1 
2023-09-18 11:38:31.225 | [GameAnalyzerEnd] Minerals max 3240 Average 496
2023-09-18 11:38:31.226 | [GameAnalyzerEnd] Vespene max 1589 Average 306
2023-09-18 11:38:31.226 | INFO     | sc2.main:_play_game:228 - Result for player 2 - Bot LadderBot(Zerg): Victory
