2023-09-18 15:49:05.340 | INFO     | sc2.protocol:_execute:72 - Client status changed to Status.in_game (was None)
2023-09-18 15:49:05.341 | INFO     | sc2.main:_play_game:221 - Player 2 - Bot LadderBot(Zerg)
2023-09-18 15:49:05.613 | 00:00    0ms    0M    0G  12/ 14U [Version] 4.10.0.75689
2023-09-18 15:49:05.614 | 00:00    0ms    0M    0G  12/ 14U [Version] 5.0.6 Balance mod recognized.
2023-09-18 15:49:05.693 | 00:00    0ms    0M    0G  12/ 14U [ZoneManager] Map set to: MapName.Unknown from name: GoldenauraAIE and hash: 3690400.
2023-09-18 15:49:06.488 | [DataManager] No BuildDetector found, enemy build data cannot be saved
2023-09-18 15:49:06.511 | [Start] My race: Zerg
2023-09-18 15:49:06.511 | [Start] Opponent race: Terran
2023-09-18 15:49:06.512 | [Start] OpponentId: 1
2023-09-18 15:49:06.568 | 00:00    0ms    0M    0G  12/ 14U [ActUnit] DRONE from LARVA at (68.6, 165.8)
2023-09-18 15:49:07.853 | 00:07    8ms   10M    0G  13/ 14U [ActUnit] DRONE from LARVA at (70.7, 165.9)
2023-09-18 15:49:08.775 | 00:16    9ms   15M    0G  14/ 14U [ActUnit] OVERLORD from LARVA at (69.6, 165.9)
2023-09-18 15:49:10.708 | 00:34    8ms  195M    0G  14/ 22U [ActUnit] DRONE from LARVA at (69.3, 165.9)
2023-09-18 15:49:10.760 | 00:35   10ms  150M    0G  15/ 22U [ActUnit] DRONE from LARVA at (69.7, 165.2)
2023-09-18 15:49:10.812 | 00:35    9ms  105M    0G  16/ 22U [ActUnit] DRONE from LARVA at (69.3, 165.9)
2023-09-18 15:49:12.150 | 00:45    8ms  195M    0G  17/ 22U [ActUnit] DRONE from LARVA at (69.7, 165.7)
2023-09-18 15:49:13.081 | 00:54    9ms  310M    0G  18/ 22U [Expand] Expanding to (61.5, 146.5)
2023-09-18 15:49:13.597 | 00:58    8ms    0M    0G  18/ 22U [ActUnit] DRONE from LARVA at (69.8, 165.6)
2023-09-18 15:49:14.414 | 01:02   20ms   70M    0G  18/ 22U [GameAnalyzer] Income advantage is now SmallAdvantage
2023-09-18 15:49:15.543 | 01:07   25ms   55M    0G  18/ 22U [ActUnit] OVERLORD from LARVA at (69.7, 165.5)
2023-09-18 15:49:17.275 | 01:18    9ms  175M    0G  18/ 22U [ActUnit] DRONE from LARVA at (69.3, 165.8)
2023-09-18 15:49:18.231 | 01:26   10ms  305M    0G  19/ 30U [Expand] Expanding to (57.5, 120.5)
2023-09-18 15:49:18.604 | 01:29    8ms    0M    0G  19/ 30U [ActUnit] DRONE from LARVA at (69.9, 165.2)
2023-09-18 15:49:19.849 | 01:39   10ms  110M    0G  20/ 30U [ActUnit] DRONE from LARVA at (69.4, 165.4)
2023-09-18 15:49:19.954 | 01:40    9ms  425M    0G  21/ 30U [Expand] Expanding to (57.5, 120.5)
2023-09-18 15:49:20.014 | 01:40    9ms  430M    0G  21/ 30U [Expand] Expanding to (57.5, 120.5)
2023-09-18 15:49:20.068 | 01:41   13ms  445M    0G  21/ 30U [Expand] Expanding to (57.5, 120.5)
2023-09-18 15:49:20.125 | 01:41    9ms  445M    0G  21/ 30U [Expand] Expanding to (57.5, 120.5)
2023-09-18 15:49:20.278 | 01:43   10ms  465M    0G  21/ 30U [Expand] Expanding to (57.5, 120.5)
2023-09-18 15:49:20.381 | 01:43   10ms  480M    0G  21/ 30U [Expand] Expanding to (57.5, 120.5)
2023-09-18 15:49:20.430 | 01:44   11ms  480M    0G  21/ 30U [Expand] Expanding to (57.5, 120.5)
2023-09-18 15:49:20.480 | 01:44    9ms  490M    0G  21/ 30U [Expand] Expanding to (57.5, 120.5)
2023-09-18 15:49:20.628 | 01:45    9ms  505M    0G  21/ 30U [Expand] Expanding to (57.5, 120.5)
2023-09-18 15:49:20.629 | 01:45    9ms  205M    0G  21/ 30U [ActBuilding] 1. SPAWNINGPOOL near (76.7, 163.1)
2023-09-18 15:49:20.684 | 01:46   12ms  315M    0G  21/ 30U [Expand] Expanding to (57.5, 120.5)
2023-09-18 15:49:20.782 | 01:46   13ms  325M    0G  21/ 30U [Expand] Expanding to (57.5, 120.5)
2023-09-18 15:49:20.784 | 01:46   13ms    0M    0G  21/ 30U [BuildGas] Building EXTRACTOR to (72.5, 175.5)
2023-09-18 15:49:20.840 | 01:47   12ms  305M    0G  21/ 30U [Expand] Expanding to (57.5, 120.5)
2023-09-18 15:49:21.057 | 01:48   10ms  330M    0G  21/ 30U [Expand] Expanding to (57.5, 120.5)
2023-09-18 15:49:21.110 | 01:48   10ms  335M    0G  20/ 30U [Expand] Expanding to (57.5, 120.5)
2023-09-18 15:49:21.112 | 01:48   10ms   10M    0G  20/ 30U [BuildGas] Building EXTRACTOR to (62.5, 165.5)
2023-09-18 15:49:21.196 | 01:49   12ms  315M    0G  19/ 30U [Expand] Expanding to (57.5, 120.5)
2023-09-18 15:49:21.248 | 01:49    9ms  315M    0G  19/ 30U [Expand] Expanding to (57.5, 120.5)
2023-09-18 15:49:21.467 | 01:51   12ms  290M    0G  18/ 30U [ActUnit] DRONE from LARVA at (70.0, 165.5)
2023-09-18 15:49:21.664 | 01:52    8ms  310M    0G  19/ 30U [Expand] Expanding to (57.5, 120.5)
2023-09-18 15:49:21.898 | 01:53    9ms  325M    0G  19/ 30U [Expand] Expanding to (57.5, 120.5)
2023-09-18 15:49:21.956 | 01:54    9ms  335M    0G  19/ 30U [Expand] Expanding to (57.5, 120.5)
2023-09-18 15:49:22.043 | 01:54   12ms  345M    0G  19/ 30U [Expand] Expanding to (57.5, 120.5)
2023-09-18 15:49:22.098 | 01:55   10ms  355M    0G  19/ 30U [Expand] Expanding to (57.5, 120.5)
2023-09-18 15:49:22.315 | 01:56   11ms  365M    0G  19/ 30U [Expand] Expanding to (57.5, 120.5)
2023-09-18 15:49:22.368 | 01:56    9ms  370M    0G  19/ 30U [Expand] Expanding to (57.5, 120.5)
2023-09-18 15:49:22.452 | 01:57   12ms  380M    0G  19/ 30U [Expand] Expanding to (57.5, 120.5)
2023-09-18 15:49:22.501 | 01:57    9ms  390M    0G  19/ 30U [Expand] Expanding to (57.5, 120.5)
2023-09-18 15:49:22.727 | 01:59   11ms  410M    0G  19/ 30U [Expand] Expanding to (57.5, 120.5)
2023-09-18 15:49:22.781 | 01:59   10ms  415M    0G  19/ 30U [Expand] Expanding to (57.5, 120.5)
2023-09-18 15:49:22.859 | 02:00   13ms  425M    0G  19/ 30U [Expand] Expanding to (57.5, 120.5)
2023-09-18 15:49:23.000 | 02:00   11ms  390M    0G  19/ 30U [ActUnit] DRONE from LARVA at (69.6, 165.4)
2023-09-18 15:49:23.002 | 02:00   11ms  390M    0G  19/ 30U [Expand] Expanding to (57.5, 120.5)
2023-09-18 15:49:23.058 | 02:01   11ms  390M    0G  20/ 30U [Expand] Expanding to (57.5, 120.5)
2023-09-18 15:49:23.140 | 02:01   13ms  395M    0G  20/ 30U [Expand] Expanding to (57.5, 120.5)
2023-09-18 15:49:23.284 | 02:02    9ms  420M    0G  20/ 30U [Expand] Expanding to (57.5, 120.5)
2023-09-18 15:49:23.338 | 02:03   10ms  425M    0G  20/ 30U [Expand] Expanding to (57.5, 120.5)
2023-09-18 15:49:23.423 | 02:03   15ms  425M    0G  20/ 30U [Expand] Expanding to (57.5, 120.5)
2023-09-18 15:49:23.618 | 02:05    9ms  455M    0G  20/ 30U [Expand] Expanding to (57.5, 120.5)
2023-09-18 15:49:23.703 | 02:05   14ms  460M    0G  20/ 30U [Expand] Expanding to (57.5, 120.5)
2023-09-18 15:49:23.761 | 02:05   11ms  465M    0G  20/ 30U [Expand] Expanding to (57.5, 120.5)
2023-09-18 15:49:23.841 | 02:06   14ms  465M    0G  20/ 30U [Expand] Expanding to (57.5, 120.5)
2023-09-18 15:49:23.892 | 02:06    9ms  475M    0G  20/ 30U [Expand] Expanding to (57.5, 120.5)
2023-09-18 15:49:24.183 | 02:08    8ms  505M    0G  20/ 30U [Expand] Expanding to (57.5, 120.5)
2023-09-18 15:49:24.264 | 02:09   14ms  520M    0G  20/ 30U [Expand] Expanding to (57.5, 120.5)
2023-09-18 15:49:24.316 | 02:09    9ms  520M    0G  20/ 30U [Expand] Expanding to (57.5, 120.5)
2023-09-18 15:49:24.399 | 02:09   11ms  530M    0G  20/ 30U [Expand] Expanding to (57.5, 120.5)
2023-09-18 15:49:24.585 | 02:11    9ms  545M    0G  20/ 30U [Expand] Expanding to (57.5, 120.5)
2023-09-18 15:49:24.672 | 02:11   12ms  500M    0G  20/ 30U [ActUnit] DRONE from LARVA at (69.5, 165.4)
2023-09-18 15:49:24.674 | 02:11   12ms  500M    0G  20/ 30U [Expand] Expanding to (57.5, 120.5)
2023-09-18 15:49:24.730 | 02:12   10ms  505M    0G  21/ 30U [Expand] Expanding to (57.5, 120.5)
2023-09-18 15:49:24.817 | 02:12   12ms  505M    0G  21/ 30U [Expand] Expanding to (57.5, 120.5)
2023-09-18 15:49:24.960 | 02:13   10ms  175M    0G  21/ 36U [ActUnit] DRONE from LARVA at (61.6, 143.7)
2023-09-18 15:49:26.307 | 02:21    9ms  540M   28G  22/ 36U [Expand] Expanding to (57.5, 120.5)
2023-09-18 15:49:26.406 | 02:22   13ms  490M   32G  22/ 36U [ActUnit] DRONE from LARVA at (69.3, 165.6)
2023-09-18 15:49:26.408 | 02:22   13ms  490M   32G  22/ 36U [Expand] Expanding to (57.5, 120.5)
2023-09-18 15:49:26.478 | 02:22   11ms  490M   36G  23/ 36U [Expand] Expanding to (57.5, 120.5)
2023-09-18 15:49:26.572 | 02:23   15ms  505M   36G  23/ 36U [Expand] Expanding to (57.5, 120.5)
2023-09-18 15:49:26.749 | 02:24   12ms  160M   40G  23/ 36U [ActUnit] DRONE from LARVA at (61.5, 143.8)
2023-09-18 15:49:26.816 | 02:24   10ms  460M   44G  24/ 36U [Expand] Expanding to (57.5, 120.5)
2023-09-18 15:49:26.919 | 02:25   15ms  460M   44G  24/ 36U [Expand] Expanding to (57.5, 120.5)
2023-09-18 15:49:26.981 | 02:25   11ms  465M   48G  24/ 36U [Expand] Expanding to (57.5, 120.5)
2023-09-18 15:49:27.077 | 02:25   13ms  470M   52G  24/ 36U [Expand] Expanding to (57.5, 120.5)
2023-09-18 15:49:27.138 | 02:26   10ms  470M   52G  24/ 36U [Expand] Expanding to (57.5, 120.5)
2023-09-18 15:49:28.342 | 02:33   12ms  520M   84G  24/ 36U [ActUnit] DRONE from LARVA at (69.3, 165.7)
2023-09-18 15:49:28.345 | 02:33   12ms  520M   84G  24/ 36U [Expand] Expanding to (57.5, 120.5)
2023-09-18 15:49:28.413 | 02:33   12ms  520M   84G  25/ 36U [Expand] Expanding to (57.5, 120.5)
2023-09-18 15:49:28.511 | 02:34   14ms  530M   88G  25/ 36U [Expand] Expanding to (57.5, 120.5)
2023-09-18 15:49:28.573 | 02:34   10ms  540M   92G  25/ 36U [Expand] Expanding to (57.5, 120.5)
2023-09-18 15:49:28.683 | 02:34   13ms  200M   92G  25/ 36U [ActUnit] DRONE from LARVA at (61.3, 143.7)
2023-09-18 15:49:28.851 | 02:35   19ms  510M   96G  26/ 36U [Expand] Expanding to (57.5, 120.5)
2023-09-18 15:49:28.912 | 02:36   10ms  510M  100G  26/ 36U [Expand] Expanding to (57.5, 120.5)
2023-09-18 15:49:28.913 | 02:36   10ms  210M  100G  26/ 36U [Tech] Started ZERGLINGMOVEMENTSPEED
2023-09-18 15:49:29.017 | 02:36   17ms  420M    0G  26/ 36U [Expand] Expanding to (57.5, 120.5)
2023-09-18 15:49:29.091 | 02:37   14ms  430M    0G  26/ 36U [GameAnalyzer] Income advantage is now ClearAdvantage
2023-09-18 15:49:29.095 | 02:37   14ms  430M    0G  26/ 36U [Expand] Expanding to (57.5, 120.5)
2023-09-18 15:49:29.186 | 02:37   21ms  140M    4G  26/ 36U [GameAnalyzer] Income advantage is now SmallAdvantage
2023-09-18 15:49:29.360 | 02:38   12ms  445M    8G  26/ 36U [Expand] Expanding to (57.5, 120.5)
2023-09-18 15:49:29.422 | 02:38   11ms  450M   12G  26/ 36U [GameAnalyzer] Income advantage is now ClearAdvantage
2023-09-18 15:49:29.426 | 02:38   11ms  450M   12G  26/ 36U [Expand] Expanding to (57.5, 120.5)
2023-09-18 15:49:29.532 | 02:39   15ms  460M   12G  26/ 36U [Expand] Expanding to (57.5, 120.5)
2023-09-18 15:49:29.598 | 02:39   11ms  475M   16G  26/ 36U [Expand] Expanding to (57.5, 120.5)
2023-09-18 15:49:29.698 | 02:40   13ms  180M   20G  26/ 36U [GameAnalyzer] Income advantage is now SmallAdvantage
2023-09-18 15:49:29.873 | 02:41   11ms  485M   20G  26/ 36U [Expand] Expanding to (57.5, 120.5)
2023-09-18 15:49:29.939 | 02:41   11ms  495M   20G  26/ 36U [GameAnalyzer] Income advantage is now ClearAdvantage
2023-09-18 15:49:29.943 | 02:41   11ms  495M   20G  26/ 36U [Expand] Expanding to (57.5, 120.5)
2023-09-18 15:49:30.057 | 02:42   15ms  510M   28G  26/ 36U [Expand] Expanding to (57.5, 120.5)
2023-09-18 15:49:30.123 | 02:42   11ms  515M   28G  26/ 36U [Expand] Expanding to (57.5, 120.5)
2023-09-18 15:49:30.221 | 02:42   16ms  220M   32G  26/ 36U [GameAnalyzer] Income advantage is now SmallAdvantage
2023-09-18 15:49:31.473 | 02:43   12ms  480M   36G  26/ 36U [ActUnit] DRONE from LARVA at (69.6, 165.8)
2023-09-18 15:49:31.478 | 02:43   12ms  480M   36G  26/ 36U [Expand] Expanding to (57.5, 120.5)
2023-09-18 15:49:31.573 | 02:44   19ms  490M   40G  27/ 36U [GameAnalyzer] Income advantage is now ClearAdvantage
2023-09-18 15:49:31.578 | 02:44   19ms  490M   40G  27/ 36U [Expand] Expanding to (57.5, 120.5)
2023-09-18 15:49:31.718 | 02:44   18ms  495M   44G  27/ 36U [Expand] Expanding to (57.5, 120.5)
2023-09-18 15:49:31.795 | 02:45   13ms  505M   44G  27/ 36U [Expand] Expanding to (57.5, 120.5)
2023-09-18 15:49:31.925 | 02:45   15ms  160M   44G  27/ 36U [ActUnit] DRONE from LARVA at (61.4, 143.6)
2023-09-18 15:49:32.131 | 02:46   15ms  475M   52G  28/ 36U [Expand] Expanding to (57.5, 120.5)
2023-09-18 15:49:32.198 | 02:46   13ms  485M   52G  28/ 36U [Expand] Expanding to (57.5, 120.5)
2023-09-18 15:49:32.291 | 02:47   14ms  495M   56G  28/ 36U [Expand] Expanding to (57.5, 120.5)
2023-09-18 15:49:32.355 | 02:47   11ms  495M   60G  28/ 36U [Expand] Expanding to (57.5, 120.5)
2023-09-18 15:49:32.779 | 02:49   15ms  520M   68G  28/ 36U [Expand] Expanding to (57.5, 120.5)
2023-09-18 15:49:32.848 | 02:49   13ms  530M   68G  28/ 36U [Expand] Expanding to (57.5, 120.5)
2023-09-18 15:49:32.960 | 02:50   13ms  530M   68G  28/ 36U [Expand] Expanding to (57.5, 120.5)
2023-09-18 15:49:33.190 | 02:50   12ms  545M   76G  28/ 36U [Expand] Expanding to (57.5, 120.5)
2023-09-18 15:49:33.340 | 02:51   17ms  560M   76G  28/ 36U [Expand] Expanding to (57.5, 120.5)
2023-09-18 15:49:33.520 | 02:51   20ms  565M   80G  28/ 36U [Expand] Expanding to (57.5, 120.5)
2023-09-18 15:49:33.794 | 02:52   18ms  580M   84G  28/ 36U [Expand] Expanding to (57.5, 120.5)
2023-09-18 15:49:33.862 | 02:53   12ms  580M   88G  28/ 36U [Expand] Expanding to (57.5, 120.5)
2023-09-18 15:49:33.965 | 02:53   15ms  590M   92G  28/ 36U [Expand] Expanding to (57.5, 120.5)
2023-09-18 15:49:34.028 | 02:54   11ms  305M   92G  28/ 36U [Expand] Expanding to (57.5, 120.5)
2023-09-18 15:49:34.134 | 02:54   14ms  275M   92G  28/ 36U [ActUnit] DRONE from LARVA at (69.3, 165.7)
2023-09-18 15:49:34.198 | 02:55   11ms  575M  100G  29/ 36U [Expand] Expanding to (57.5, 120.5)
2023-09-18 15:49:34.299 | 02:55   13ms  575M  100G  29/ 36U [Expand] Expanding to (57.5, 120.5)
2023-09-18 15:49:34.362 | 02:55   11ms  580M  100G  29/ 36U [Expand] Expanding to (57.5, 120.5)
2023-09-18 15:49:34.467 | 02:56   12ms  550M  104G  29/ 36U [ActUnit] DRONE from LARVA at (61.7, 143.7)
2023-09-18 15:49:34.469 | 02:56   12ms  550M  104G  29/ 36U [Expand] Expanding to (57.5, 120.5)
2023-09-18 15:49:34.690 | 02:57   10ms  575M  112G  30/ 36U [Expand] Expanding to (57.5, 120.5)
2023-09-18 15:49:34.804 | 02:58   13ms  575M  116G  30/ 36U [Expand] Expanding to (57.5, 120.5)
2023-09-18 15:49:34.873 | 02:58   13ms  590M  116G  30/ 36U [Expand] Expanding to (57.5, 120.5)
2023-09-18 15:49:34.978 | 02:59   13ms  600M  116G  30/ 36U [Expand] Expanding to (57.5, 120.5)
2023-09-18 15:49:35.047 | 02:59   12ms  310M  124G  30/ 36U [Expand] Expanding to (57.5, 120.5)
2023-09-18 15:49:35.145 | 02:59   14ms  320M  124G  30/ 36U [Expand] Expanding to (57.5, 120.5)
2023-09-18 15:49:35.209 | 03:00   11ms  620M  124G  30/ 36U [Expand] Expanding to (57.5, 120.5)
2023-09-18 15:49:35.210 | 03:00   11ms  320M  124G  30/ 36U [ActBuilding] 1. EVOLUTIONCHAMBER near (68.1, 159.6)
2023-09-18 15:49:35.368 | 03:00   17ms  555M  132G  30/ 36U [Expand] Expanding to (57.5, 120.5)
2023-09-18 15:49:35.370 | 03:00   17ms  255M  132G  30/ 36U [ActBuilding] 2. EVOLUTIONCHAMBER near (65.7, 160.3)
2023-09-18 15:49:35.494 | 03:01   27ms  480M  132G  30/ 36U [Expand] Expanding to (57.5, 120.5)
2023-09-18 15:49:35.620 | 03:01   28ms  500M  132G  30/ 36U [Expand] Expanding to (57.5, 120.5)
2023-09-18 15:49:35.857 | 03:03   12ms  530M  140G  30/ 36U [Expand] Expanding to (57.5, 120.5)
2023-09-18 15:49:35.963 | 03:03   15ms  535M  140G  29/ 36U [Expand] Expanding to (57.5, 120.5)
2023-09-18 15:49:36.029 | 03:03   12ms  545M  148G  29/ 36U [Expand] Expanding to (57.5, 120.5)
2023-09-18 15:49:36.130 | 03:04   15ms  545M  148G  29/ 36U [Expand] Expanding to (57.5, 120.5)
2023-09-18 15:49:36.296 | 03:05   12ms  215M  156G  29/ 36U [ActUnit] DRONE from LARVA at (69.6, 165.4)
2023-09-18 15:49:36.364 | 03:05   12ms  520M  156G  29/ 36U [Expand] Expanding to (57.5, 120.5)
2023-09-18 15:49:36.473 | 03:06   17ms  525M  156G  29/ 36U [Expand] Expanding to (57.5, 120.5)
2023-09-18 15:49:36.541 | 03:06   13ms  535M  160G  29/ 36U [Expand] Expanding to (57.5, 120.5)
2023-09-18 15:49:36.643 | 03:07   14ms  490M  164G  29/ 36U [ActUnit] DRONE from LARVA at (61.6, 143.5)
2023-09-18 15:49:36.646 | 03:07   14ms  490M  164G  29/ 36U [Expand] Expanding to (57.5, 120.5)
2023-09-18 15:49:36.883 | 03:08   10ms  530M  172G  30/ 36U [Expand] Expanding to (57.5, 120.5)
2023-09-18 15:49:36.993 | 03:08   14ms  540M  172G  30/ 36U [Expand] Expanding to (57.5, 120.5)
2023-09-18 15:49:37.061 | 03:09   13ms  540M  172G  30/ 36U [Expand] Expanding to (57.5, 120.5)
2023-09-18 15:49:37.177 | 03:09   14ms  540M  180G  30/ 36U [Expand] Expanding to (57.5, 120.5)
2023-09-18 15:49:37.526 | 03:11   13ms  570M  184G  30/ 36U [Expand] Expanding to (57.5, 120.5)
2023-09-18 15:49:37.634 | 03:11   16ms  575M  188G  30/ 36U [Expand] Expanding to (57.5, 120.5)
2023-09-18 15:49:37.703 | 03:11   12ms  580M  188G  30/ 36U [Expand] Expanding to (57.5, 120.5)
2023-09-18 15:49:37.889 | 03:12   17ms  610M  196G  30/ 36U [Expand] Expanding to (57.5, 120.5)
2023-09-18 15:49:37.995 | 03:13   18ms  625M  196G  30/ 36U [Expand] Expanding to (57.5, 120.5)
2023-09-18 15:49:38.070 | 03:13   13ms  630M  196G  30/ 36U [Expand] Expanding to (57.5, 120.5)
2023-09-18 15:49:38.176 | 03:14   17ms  335M  204G  30/ 36U [Expand] Expanding to (57.5, 120.5)
2023-09-18 15:49:38.248 | 03:14   12ms  345M  204G  30/ 36U [Expand] Expanding to (57.5, 120.5)
2023-09-18 15:49:38.359 | 03:15   15ms  645M  204G  30/ 36U [Expand] Expanding to (57.5, 120.5)
2023-09-18 15:49:38.433 | 03:15   14ms  655M  208G  30/ 36U [Expand] Expanding to (57.5, 120.5)
2023-09-18 15:49:38.534 | 03:15   16ms  610M  212G  30/ 36U [ActUnit] DRONE from LARVA at (69.4, 165.7)
2023-09-18 15:49:38.537 | 03:15   16ms  610M  212G  30/ 36U [Expand] Expanding to (57.5, 120.5)
2023-09-18 15:49:38.608 | 03:16   15ms  615M  212G  31/ 36U [Expand] Expanding to (57.5, 120.5)
2023-09-18 15:49:38.703 | 03:16   17ms  320M  216G  31/ 36U [Expand] Expanding to (57.5, 120.5)
2023-09-18 15:49:38.775 | 03:17   13ms  340M  220G  31/ 36U [Expand] Expanding to (57.5, 120.5)
2023-09-18 15:49:38.881 | 03:17   14ms  605M  220G  31/ 36U [ActUnit] DRONE from LARVA at (61.4, 143.7)
2023-09-18 15:49:38.884 | 03:17   14ms  605M  220G  31/ 36U [Expand] Expanding to (57.5, 120.5)
2023-09-18 15:49:38.955 | 03:18   14ms  620M  220G  32/ 36U [Expand] Expanding to (57.5, 120.5)
2023-09-18 15:49:39.067 | 03:18   15ms  630M  228G  32/ 36U [Expand] Expanding to (57.5, 120.5)
2023-09-18 15:49:39.138 | 03:19   13ms  630M  228G  32/ 36U [Expand] Expanding to (57.5, 120.5)
2023-09-18 15:49:39.236 | 03:19   18ms  350M  228G  32/ 36U [Expand] Expanding to (57.5, 120.5)
2023-09-18 15:49:39.308 | 03:20   13ms  350M  236G  32/ 36U [Expand] Expanding to (57.5, 120.5)
2023-09-18 15:49:39.398 | 03:20   18ms  650M  236G  32/ 36U [Expand] Expanding to (57.5, 120.5)
2023-09-18 15:49:39.466 | 03:20   14ms  665M  236G  32/ 36U [Expand] Expanding to (57.5, 120.5)
2023-09-18 15:49:39.570 | 03:21   17ms  670M  240G  32/ 36U [Expand] Expanding to (57.5, 120.5)
2023-09-18 15:49:39.639 | 03:21   13ms  680M  244G  32/ 36U [Expand] Expanding to (57.5, 120.5)
2023-09-18 15:49:39.741 | 03:22   16ms  390M  244G  32/ 36U [Expand] Expanding to (57.5, 120.5)
2023-09-18 15:49:39.812 | 03:22   13ms  390M  244G  32/ 36U [Expand] Expanding to (57.5, 120.5)
2023-09-18 15:49:39.913 | 03:23   18ms  720M  252G  32/ 36U [Expand] Expanding to (57.5, 120.5)
2023-09-18 15:49:39.982 | 03:23   14ms  720M  252G  32/ 36U [Expand] Expanding to (57.5, 120.5)
2023-09-18 15:49:40.081 | 03:24   17ms  745M  252G  32/ 36U [Expand] Expanding to (57.5, 120.5)
2023-09-18 15:49:40.153 | 03:24   13ms  750M  260G  32/ 36U [Expand] Expanding to (57.5, 120.5)
2023-09-18 15:49:40.254 | 03:24   17ms  450M  260G  32/ 36U [Expand] Expanding to (57.5, 120.5)
2023-09-18 15:49:40.321 | 03:25   13ms  455M  260G  32/ 36U [Expand] Expanding to (57.5, 120.5)
2023-09-18 15:49:40.425 | 03:25   15ms  765M  264G  32/ 36U [Expand] Expanding to (57.5, 120.5)
2023-09-18 15:49:40.495 | 03:26   13ms  785M  268G  32/ 36U [Expand] Expanding to (57.5, 120.5)
2023-09-18 15:49:40.595 | 03:26   15ms  695M  268G  32/ 36U [ActUnit] OVERLORD from LARVA at (69.4, 165.4)
2023-09-18 15:49:40.599 | 03:26   15ms  695M  268G  32/ 36U [Expand] Expanding to (57.5, 120.5)
2023-09-18 15:49:40.667 | 03:27   14ms  695M  272G  32/ 36U [Expand] Expanding to (57.5, 120.5)
2023-09-18 15:49:40.770 | 03:27   16ms  405M  276G  32/ 36U [Expand] Expanding to (57.5, 120.5)
2023-09-18 15:49:40.843 | 03:28   13ms  415M  276G  32/ 36U [Expand] Expanding to (57.5, 120.5)
2023-09-18 15:49:40.949 | 03:28   17ms  675M  276G  32/ 36U [ActUnit] DRONE from LARVA at (61.4, 143.8)
2023-09-18 15:49:40.952 | 03:28   17ms  675M  276G  32/ 36U [Expand] Expanding to (57.5, 120.5)
2023-09-18 15:49:40.953 | 03:28   17ms  375M  276G  32/ 36U [Tech] Started ZERGMELEEWEAPONSLEVEL1
2023-09-18 15:49:41.032 | 03:28   18ms  600M  184G  33/ 36U [Expand] Expanding to (57.5, 120.5)
2023-09-18 15:49:41.130 | 03:29   16ms  610M  184G  33/ 36U [Expand] Expanding to (57.5, 120.5)
2023-09-18 15:49:41.202 | 03:29   13ms  615M  184G  33/ 36U [Expand] Expanding to (57.5, 120.5)
2023-09-18 15:49:41.308 | 03:30   18ms  315M  192G  33/ 36U [Expand] Expanding to (57.5, 120.5)
2023-09-18 15:49:41.379 | 03:30   14ms  330M  192G  33/ 36U [Expand] Expanding to (57.5, 120.5)
2023-09-18 15:49:41.488 | 03:31   17ms  650M  192G  33/ 36U [Expand] Expanding to (57.5, 120.5)
2023-09-18 15:49:41.489 | 03:31   17ms  350M  192G  33/ 36U [Tech] Started ZERGGROUNDARMORSLEVEL1
2023-09-18 15:49:41.568 | 03:31   16ms  510M   46G  33/ 36U [Expand] Expanding to (57.5, 120.5)
2023-09-18 15:49:41.673 | 03:32   17ms  510M   50G  33/ 36U [Expand] Expanding to (57.5, 120.5)
2023-09-18 15:49:41.742 | 03:32   13ms  515M   50G  33/ 36U [Expand] Expanding to (57.5, 120.5)
2023-09-18 15:49:42.204 | 03:33   85ms  555M   58G  33/ 36U [Expand] Expanding to (57.5, 120.5)
2023-09-18 15:49:42.360 | 03:34   71ms  565M   58G  33/ 36U [Expand] Expanding to (57.5, 120.5)
2023-09-18 15:49:42.491 | 03:34   94ms  570M   66G  33/ 36U [Expand] Expanding to (57.5, 120.5)
2023-09-18 15:49:42.648 | 03:35   68ms  575M   66G  33/ 36U [Expand] Expanding to (57.5, 120.5)
2023-09-18 15:49:42.944 | 03:36   68ms  310M   70G  33/ 36U [Expand] Expanding to (57.5, 120.5)
2023-09-18 15:49:43.087 | 03:36   99ms  615M   74G  33/ 36U [Expand] Expanding to (57.5, 120.5)
2023-09-18 15:49:43.172 | 03:36   77ms  620M   74G  33/ 36U [Expand] Expanding to (57.5, 120.5)
2023-09-18 15:49:43.294 | 03:37   17ms  580M   78G  33/ 36U [ActUnit] DRONE from LARVA at (69.5, 165.8)
2023-09-18 15:49:43.298 | 03:37   17ms  580M   78G  33/ 36U [Expand] Expanding to (57.5, 120.5)
2023-09-18 15:49:43.484 | 03:38   13ms  605M   82G  34/ 36U [Expand] Expanding to (57.5, 120.5)
2023-09-18 15:49:43.553 | 03:38   13ms  615M   82G  34/ 36U [Expand] Expanding to (57.5, 120.5)
2023-09-18 15:49:43.646 | 03:39   16ms  570M   90G  34/ 36U [ActUnit] DRONE from LARVA at (61.5, 143.5)
2023-09-18 15:49:43.649 | 03:39   16ms  570M   90G  34/ 36U [Expand] Expanding to (57.5, 120.5)
2023-09-18 15:49:43.892 | 03:40   12ms  615M   94G  35/ 36U [Expand] Expanding to (57.5, 120.5)
2023-09-18 15:49:44.008 | 03:40   15ms  630M   98G  35/ 36U [Expand] Expanding to (57.5, 120.5)
2023-09-18 15:49:44.082 | 03:41   13ms  630M   98G  35/ 36U [Expand] Expanding to (57.5, 120.5)
2023-09-18 15:49:45.178 | 03:41   17ms  635M  102G  35/ 36U [Expand] Expanding to (57.5, 120.5)
2023-09-18 15:49:45.248 | 03:42   12ms  345M  106G  35/ 36U [Expand] Expanding to (57.5, 120.5)
2023-09-18 15:49:45.358 | 03:42   25ms  380M  106G  35/ 36U [Expand] Expanding to (57.5, 120.5)
2023-09-18 15:49:45.432 | 03:43   14ms  680M  106G  35/ 36U [Expand] Expanding to (57.5, 120.5)
2023-09-18 15:49:45.546 | 03:43   16ms  680M  114G  35/ 36U [Expand] Expanding to (57.5, 120.5)
2023-09-18 15:49:45.614 | 03:44   13ms  685M  114G  35/ 36U [Expand] Expanding to (57.5, 120.5)
2023-09-18 15:49:45.713 | 03:44   18ms  700M  114G  35/ 36U [Expand] Expanding to (57.5, 120.5)
2023-09-18 15:49:45.781 | 03:45   13ms  410M  122G  35/ 44U [Expand] Expanding to (57.5, 120.5)
2023-09-18 15:49:45.888 | 03:45   17ms  435M  122G  35/ 44U [Expand] Expanding to (57.5, 120.5)
2023-09-18 15:49:45.962 | 03:45   14ms  740M  122G  35/ 44U [Expand] Expanding to (57.5, 120.5)
2023-09-18 15:49:45.964 | 03:45   14ms  265M   22G  35/ 44U [BuildGas] Building EXTRACTOR to (64.5, 153.5)
2023-09-18 15:49:46.067 | 03:46   17ms  575M   26G  35/ 44U [Expand] Expanding to (57.5, 120.5)
2023-09-18 15:49:46.139 | 03:46   14ms  585M   30G  34/ 44U [Expand] Expanding to (57.5, 120.5)
2023-09-18 15:49:46.244 | 03:47   14ms  590M   30G  34/ 44U [Expand] Expanding to (57.5, 120.5)
2023-09-18 15:49:46.312 | 03:47   13ms  320M   30G  34/ 44U [Expand] Expanding to (57.5, 120.5)
2023-09-18 15:49:46.415 | 03:48   14ms  280M   38G  34/ 44U [ActUnit] DRONE from LARVA at (69.6, 165.8)
2023-09-18 15:49:46.498 | 03:48   14ms  580M   38G  35/ 44U [Expand] Expanding to (57.5, 120.5)
2023-09-18 15:49:46.600 | 03:49   18ms  585M   38G  35/ 44U [Expand] Expanding to (57.5, 120.5)
2023-09-18 15:49:46.669 | 03:49   13ms  595M   46G  35/ 44U [Expand] Expanding to (57.5, 120.5)
2023-09-18 15:49:46.776 | 03:49   15ms  555M   46G  35/ 44U [ActUnit] DRONE from LARVA at (61.3, 143.7)
2023-09-18 15:49:46.780 | 03:49   15ms  555M   46G  35/ 44U [Expand] Expanding to (57.5, 120.5)
2023-09-18 15:49:47.141 | 03:51   70ms  590M   54G  36/ 44U [Expand] Expanding to (57.5, 120.5)
2023-09-18 15:49:47.272 | 03:51   75ms  605M   54G  36/ 44U [Expand] Expanding to (57.5, 120.5)
2023-09-18 15:49:47.411 | 03:52   68ms  630M   54G  36/ 44U [Expand] Expanding to (57.5, 120.5)
2023-09-18 15:49:47.543 | 03:52   76ms  635M   62G  36/ 44U [Expand] Expanding to (57.5, 120.5)
2023-09-18 15:49:47.723 | 03:53   69ms  335M   62G  36/ 44U [Expand] Expanding to (57.5, 120.5)
2023-09-18 15:49:47.863 | 03:53  104ms  355M   62G  36/ 44U [Expand] Expanding to (57.5, 120.5)
2023-09-18 15:49:48.023 | 03:53   68ms  665M   70G  36/ 44U [Expand] Expanding to (57.5, 120.5)
2023-09-18 15:49:48.188 | 03:54   98ms  665M   70G  36/ 44U [Expand] Expanding to (57.5, 120.5)
2023-09-18 15:49:48.337 | 03:54   73ms  680M   70G  36/ 44U [Expand] Expanding to (57.5, 120.5)
2023-09-18 15:49:48.485 | 03:55   91ms  695M   74G  36/ 44U [Expand] Expanding to (57.5, 120.5)
2023-09-18 15:49:48.638 | 03:55   72ms  405M   78G  36/ 44U [Expand] Expanding to (57.5, 120.5)
2023-09-18 15:49:48.913 | 03:56   65ms  415M   82G  36/ 44U [Expand] Expanding to (57.5, 120.5)
2023-09-18 15:49:49.047 | 03:57   88ms  450M   86G  36/ 44U [Expand] Expanding to (57.5, 120.5)
2023-09-18 15:49:49.203 | 03:57   61ms  460M   86G  36/ 44U [Expand] Expanding to (57.5, 120.5)
2023-09-18 15:49:49.492 | 03:58   65ms  465M   94G  36/ 44U [Expand] Expanding to (57.5, 120.5)
2023-09-18 15:49:49.640 | 03:58   98ms  435M   94G  36/ 44U [ActUnit] DRONE from LARVA at (69.7, 165.6)
2023-09-18 15:49:49.649 | 03:58   98ms  435M   94G  36/ 44U [Expand] Expanding to (57.5, 120.5)
2023-09-18 15:49:49.723 | 03:59   73ms  445M   94G  37/ 44U [Expand] Expanding to (57.5, 120.5)
2023-09-18 15:49:50.030 | 04:00   14ms  420M  102G  37/ 44U [ActUnit] DRONE from LARVA at (61.4, 143.8)
2023-09-18 15:49:50.033 | 04:00   14ms  420M  102G  37/ 44U [Expand] Expanding to (57.5, 120.5)
2023-09-18 15:49:50.109 | 04:01   15ms  430M  106G  38/ 44U [Expand] Expanding to (57.5, 120.5)
2023-09-18 15:49:50.228 | 04:01   15ms  455M  110G  38/ 44U [Expand] Expanding to (57.5, 120.5)
2023-09-18 15:49:50.304 | 04:01   14ms  470M  110G  38/ 44U [Expand] Expanding to (57.5, 120.5)
2023-09-18 15:49:50.629 | 04:03   14ms  485M  118G  38/ 44U [Expand] Expanding to (57.5, 120.5)
2023-09-18 15:49:50.705 | 04:03   14ms  795M  118G  38/ 44U [Expand] Expanding to (57.5, 120.5)
2023-09-18 15:49:50.819 | 04:04   16ms  810M  126G  38/ 44U [Expand] Expanding to (57.5, 120.5)
2023-09-18 15:49:50.821 | 04:04   16ms  360M  126G  38/ 44U [ActUnit] QUEEN from HATCHERY at (61.5, 146.5)
2023-09-18 15:49:50.823 | 04:04   16ms  335M  126G  38/ 44U [BuildGas] Building EXTRACTOR to (54.5, 143.5)
2023-09-18 15:49:50.902 | 04:04   18ms  660M  126G  40/ 44U [Expand] Expanding to (57.5, 120.5)
2023-09-18 15:49:51.020 | 04:05   16ms  660M  126G  39/ 44U [Expand] Expanding to (57.5, 120.5)
2023-09-18 15:49:51.095 | 04:05   14ms  365M  130G  39/ 44U [Expand] Expanding to (57.5, 120.5)
2023-09-18 15:49:51.283 | 04:06   12ms  395M  134G  39/ 44U [Expand] Expanding to (57.5, 120.5)
2023-09-18 15:49:51.419 | 04:06   14ms  420M  134G  39/ 44U [Expand] Expanding to (57.5, 120.5)
2023-09-18 15:49:51.512 | 04:07   17ms  425M  142G  39/ 44U [Expand] Expanding to (57.5, 120.5)
2023-09-18 15:49:51.649 | 04:07   15ms  730M  142G  39/ 44U [Expand] Expanding to (57.5, 120.5)
2023-09-18 15:49:51.736 | 04:08   13ms  740M  142G  39/ 44U [Expand] Expanding to (57.5, 120.5)
2023-09-18 15:49:51.854 | 04:08   15ms  755M  150G  39/ 44U [Expand] Expanding to (57.5, 120.5)
2023-09-18 15:49:51.925 | 04:09   14ms  755M  150G  39/ 44U [Expand] Expanding to (57.5, 120.5)
2023-09-18 15:49:52.031 | 04:09   15ms  430M  150G  39/ 44U [ActUnit] DRONE from LARVA at (69.3, 165.5)
2023-09-18 15:49:52.034 | 04:09   15ms  430M  150G  39/ 44U [Expand] Expanding to (57.5, 120.5)
2023-09-18 15:49:52.178 | 04:10   14ms  435M  154G  40/ 44U [Expand] Expanding to (57.5, 120.5)
2023-09-18 15:49:52.309 | 04:10   86ms  740M  158G  40/ 44U [Expand] Expanding to (57.5, 120.5)
2023-09-18 15:49:52.467 | 04:10   67ms  765M  158G  40/ 44U [Expand] Expanding to (57.5, 120.5)
2023-09-18 15:49:52.600 | 04:11   87ms  665M  162G  40/ 44U [ActUnit] OVERLORD from LARVA at (61.3, 143.5)
2023-09-18 15:49:52.605 | 04:11   87ms  665M  162G  40/ 44U [Expand] Expanding to (57.5, 120.5)
2023-09-18 15:49:52.780 | 04:11   71ms  680M  166G  40/ 44U [GameAnalyzer] Known army advantage is now SmallDisadvantage
2023-09-18 15:49:52.782 | 04:11   71ms  680M  166G  40/ 44U [GameAnalyzer] Predicted army advantage is now SmallDisadvantage
2023-09-18 15:49:52.787 | 04:11   71ms  680M  166G  40/ 44U [Expand] Expanding to (57.5, 120.5)
2023-09-18 15:49:52.929 | 04:12  106ms  385M  166G  40/ 44U [Expand] Expanding to (57.5, 120.5)
2023-09-18 15:49:53.089 | 04:12   69ms  395M  166G  40/ 44U [Expand] Expanding to (57.5, 120.5)
2023-09-18 15:49:53.197 | 04:13   89ms  710M  174G  40/ 44U [Expand] Expanding to (57.5, 120.5)
2023-09-18 15:49:53.360 | 04:13   39ms  715M  174G  40/ 44U [Expand] Expanding to (57.5, 120.5)
2023-09-18 15:49:53.454 | 04:14   94ms  720M  174G  40/ 44U [Expand] Expanding to (57.5, 120.5)
2023-09-18 15:49:53.603 | 04:14   25ms  740M  182G  40/ 44U [Expand] Expanding to (57.5, 120.5)
2023-09-18 15:49:53.768 | 04:14   83ms  450M  182G  40/ 44U [Expand] Expanding to (57.5, 120.5)
2023-09-18 15:49:53.938 | 04:15   64ms  455M  182G  40/ 44U [Expand] Expanding to (57.5, 120.5)
2023-09-18 15:49:54.046 | 04:15   95ms  775M  186G  40/ 44U [Expand] Expanding to (57.5, 120.5)
2023-09-18 15:49:54.222 | 04:16   33ms  790M  190G  40/ 44U [Expand] Expanding to (57.5, 120.5)
2023-09-18 15:49:54.372 | 04:16   99ms  800M  190G  40/ 44U [Expand] Expanding to (57.5, 120.5)
2023-09-18 15:49:54.544 | 04:17   69ms  800M  190G  40/ 44U [GameAnalyzer] Known army advantage is now ClearDisadvantage
2023-09-18 15:49:54.545 | 04:17   69ms  800M  190G  40/ 44U [GameAnalyzer] Predicted army advantage is now ClearDisadvantage
2023-09-18 15:49:54.551 | 04:17   69ms  800M  190G  40/ 44U [Expand] Expanding to (57.5, 120.5)
2023-09-18 15:49:54.650 | 04:17  100ms  800M  198G  39/ 44U [Expand] Expanding to (57.5, 120.5)
2023-09-18 15:49:54.738 | 04:18   17ms  525M  198G  39/ 44U [Expand] Expanding to (57.5, 120.5)
2023-09-18 15:49:55.342 | 04:20   19ms  535M  214G  39/ 44U [ActUnit] DRONE from LARVA at (69.6, 165.4)
2023-09-18 15:49:55.345 | 04:20   19ms  535M  214G  39/ 44U [Expand] Expanding to (57.5, 120.5)
2023-09-18 15:49:55.439 | 04:20   19ms  535M  218G  40/ 44U [Expand] Expanding to (57.5, 120.5)
2023-09-18 15:49:55.557 | 04:21   23ms  550M  218G  40/ 44U [Expand] Expanding to (57.5, 120.5)
2023-09-18 15:49:55.766 | 04:22   19ms  160M  226G  40/ 44U [ActUnit] OVERLORD from LARVA at (61.4, 143.8)
2023-09-18 15:49:56.720 | 04:26   16ms  545M  254G  39/ 44U [Expand] Expanding to (57.5, 120.5)
2023-09-18 15:49:56.849 | 04:26   19ms  555M  258G  39/ 44U [Expand] Expanding to (57.5, 120.5)
2023-09-18 15:49:56.937 | 04:26   18ms  565M  258G  39/ 44U [Expand] Expanding to (57.5, 120.5)
2023-09-18 15:49:57.064 | 04:27   19ms  580M  262G  39/ 44U [Expand] Expanding to (57.5, 120.5)
2023-09-18 15:49:57.539 | 04:29   98ms  625M  282G  39/ 44U [Expand] Expanding to (57.5, 120.5)
2023-09-18 15:49:57.632 | 04:29   17ms  635M  282G  39/ 52U [Expand] Expanding to (57.5, 120.5)
2023-09-18 15:49:57.773 | 04:30   21ms  645M  282G  39/ 52U [Expand] Expanding to (57.5, 120.5)
2023-09-18 15:49:57.860 | 04:30   18ms  645M  286G  39/ 52U [Expand] Expanding to (57.5, 120.5)
2023-09-18 15:49:57.988 | 04:30   18ms  310M  290G  39/ 52U [ActUnit] DRONE from LARVA at (69.3, 165.7)
2023-09-18 15:49:57.992 | 04:30   18ms  310M  290G  39/ 52U [Expand] Expanding to (57.5, 120.5)
2023-09-18 15:49:58.686 | 04:33   17ms    0M  314G  38/ 52U [ActUnit] DRONE from LARVA at (62.0, 143.5)
2023-09-18 15:49:59.431 | 04:35   24ms  355M  326G  39/ 52U [Expand] Expanding to (57.5, 120.5)
2023-09-18 15:49:59.752 | 04:35   66ms  360M  326G  39/ 52U [Expand] Expanding to (57.5, 120.5)
2023-09-18 15:50:00.014 | 04:36   90ms  360M  326G  39/ 52U [Expand] Expanding to (57.5, 120.5)
2023-09-18 15:50:00.163 | 04:36   52ms  370M  338G  39/ 52U [Expand] Expanding to (57.5, 120.5)
2023-09-18 15:50:00.573 | 04:38   24ms  395M  346G  39/ 52U [Expand] Expanding to (57.5, 120.5)
2023-09-18 15:50:00.680 | 04:38   17ms  405M  346G  39/ 52U [Expand] Expanding to (57.5, 120.5)
2023-09-18 15:50:00.809 | 04:39   20ms  720M  350G  39/ 52U [Expand] Expanding to (57.5, 120.5)
2023-09-18 15:50:00.900 | 04:39   17ms 1025M  354G  39/ 52U [Expand] Expanding to (57.5, 120.5)
2023-09-18 15:50:01.926 | 04:39   23ms 1040M  362G  39/ 52U [Expand] Expanding to (57.5, 120.5)
2023-09-18 15:50:02.022 | 04:40   18ms 1055M  362G  39/ 60U [Expand] Expanding to (57.5, 120.5)
2023-09-18 15:50:02.024 | 04:40   18ms  605M  362G  39/ 60U [ActUnit] QUEEN from HATCHERY at (61.5, 146.5)
2023-09-18 15:50:02.026 | 04:40   18ms  605M  362G  39/ 60U [Inject] injecting hatch (61.5, 146.5)
2023-09-18 15:50:02.156 | 04:40   26ms  915M  370G  41/ 60U [Expand] Expanding to (57.5, 120.5)
2023-09-18 15:50:02.249 | 04:41   17ms  615M  374G  41/ 60U [Expand] Expanding to (57.5, 120.5)
2023-09-18 15:50:02.378 | 04:41   20ms  280M  374G  41/ 60U [ActUnit] DRONE from LARVA at (69.7, 165.5)
2023-09-18 15:50:02.707 | 04:43   19ms  305M  386G  40/ 60U [Expand] Expanding to (57.5, 120.5)
2023-09-18 15:50:02.838 | 04:43   21ms  560M  386G  40/ 60U [ActUnit] DRONE from LARVA at (61.3, 143.6)
2023-09-18 15:50:02.841 | 04:43   21ms  560M  386G  40/ 60U [Expand] Expanding to (57.5, 120.5)
2023-09-18 15:50:02.936 | 04:43   19ms  570M  394G  41/ 60U [Expand] Expanding to (57.5, 120.5)
2023-09-18 15:50:03.063 | 04:44   20ms  580M  398G  41/ 60U [Expand] Expanding to (57.5, 120.5)
2023-09-18 15:50:03.159 | 04:44   18ms  580M  402G  41/ 60U [Expand] Expanding to (57.5, 120.5)
2023-09-18 15:50:03.285 | 04:45   24ms  300M  406G  41/ 60U [Expand] Expanding to (57.5, 120.5)
2023-09-18 15:50:03.744 | 04:47   21ms  330M  418G  39/ 60U [Expand] Expanding to (57.5, 120.5)
2023-09-18 15:50:03.842 | 04:47   18ms  330M  418G  38/ 60U [Expand] Expanding to (57.5, 120.5)
2023-09-18 15:50:03.975 | 04:47   20ms  345M  422G  37/ 60U [Expand] Expanding to (57.5, 120.5)
2023-09-18 15:50:04.070 | 04:48   17ms  360M  430G  36/ 60U [Expand] Expanding to (57.5, 120.5)
2023-09-18 15:50:04.484 | 04:49   20ms  370M  434G  34/ 60U [Expand] Expanding to (57.5, 120.5)
2023-09-18 15:50:04.580 | 04:50   18ms  675M  438G  34/ 60U [Expand] Expanding to (57.5, 120.5)
2023-09-18 15:50:04.703 | 04:50   20ms  995M  438G  32/ 60U [Expand] Expanding to (57.5, 120.5)
2023-09-18 15:50:04.704 | 04:50   20ms  545M  438G  32/ 60U [ActUnit] QUEEN from HATCHERY at (69.5, 168.5)
2023-09-18 15:50:04.797 | 04:51   18ms  850M  438G  34/ 60U [Expand] Expanding to (57.5, 120.5)
2023-09-18 15:50:04.920 | 04:51   20ms  850M  446G  34/ 60U [Expand] Expanding to (57.5, 120.5)
2023-09-18 15:50:05.009 | 04:51   17ms  855M  446G  34/ 60U [Expand] Expanding to (57.5, 120.5)
2023-09-18 15:50:05.123 | 04:52   19ms  505M  446G  34/ 60U [ActUnit] DRONE from LARVA at (69.5, 165.4)
2023-09-18 15:50:05.126 | 04:52   19ms  505M  446G  34/ 60U [Expand] Expanding to (57.5, 120.5)
2023-09-18 15:50:05.325 | 04:53   17ms  540M  454G  35/ 60U [Expand] Expanding to (57.5, 120.5)
2023-09-18 15:50:05.419 | 04:53   17ms  545M  454G  35/ 60U [Expand] Expanding to (57.5, 120.5)
2023-09-18 15:50:05.548 | 04:54   19ms  495M  458G  35/ 60U [ActUnit] DRONE from LARVA at (61.6, 143.5)
2023-09-18 15:50:05.551 | 04:54   19ms  495M  458G  35/ 60U [Expand] Expanding to (57.5, 120.5)
2023-09-18 15:50:05.644 | 04:54   19ms  795M  462G  36/ 60U [Expand] Expanding to (57.5, 120.5)
2023-09-18 15:50:05.762 | 04:55   20ms  805M  462G  36/ 60U [Expand] Expanding to (57.5, 120.5)
2023-09-18 15:50:05.853 | 04:55   17ms  825M  466G  36/ 60U [Expand] Expanding to (57.5, 120.5)
2023-09-18 15:50:05.983 | 04:55   21ms  830M  470G  36/ 60U [Expand] Expanding to (57.5, 120.5)
2023-09-18 15:50:06.080 | 04:56   18ms  830M  470G  36/ 60U [Expand] Expanding to (57.5, 120.5)
2023-09-18 15:50:06.213 | 04:56   20ms  535M  470G  36/ 60U [Expand] Expanding to (57.5, 120.5)
2023-09-18 15:50:06.572 | 04:58   17ms  560M  478G  36/ 60U [Expand] Expanding to (57.5, 120.5)
2023-09-18 15:50:06.722 | 04:58   20ms  565M  486G  35/ 60U [Expand] Expanding to (57.5, 120.5)
2023-09-18 15:50:06.823 | 04:59   17ms  585M  486G  35/ 60U [Expand] Expanding to (57.5, 120.5)
2023-09-18 15:50:06.965 | 04:59   20ms  585M  486G  35/ 60U [Expand] Expanding to (57.5, 120.5)
2023-09-18 15:50:07.196 | 05:00   18ms  595M  494G  35/ 60U [Expand] Expanding to (57.5, 120.5)
2023-09-18 15:50:07.295 | 05:00   17ms  610M  494G  35/ 60U [Expand] Expanding to (57.5, 120.5)
2023-09-18 15:50:07.424 | 05:01   20ms  615M  494G  35/ 60U [Expand] Expanding to (57.5, 120.5)
2023-09-18 15:50:07.523 | 05:01   17ms  315M  502G  35/ 60U [Expand] Expanding to (57.5, 120.5)
2023-09-18 15:50:07.663 | 05:02   19ms  615M  502G  35/ 60U [Expand] Expanding to (57.5, 120.5)
2023-09-18 15:50:07.769 | 05:02   18ms  625M  502G  35/ 60U [Expand] Expanding to (57.5, 120.5)
2023-09-18 15:50:07.907 | 05:03   20ms  585M  510G  35/ 60U [ActUnit] DRONE from LARVA at (69.6, 165.4)
2023-09-18 15:50:07.911 | 05:03   20ms  585M  510G  35/ 60U [Expand] Expanding to (57.5, 120.5)
2023-09-18 15:50:08.149 | 05:04   18ms  600M  510G  36/ 60U [Expand] Expanding to (57.5, 120.5)
2023-09-18 15:50:08.248 | 05:04   17ms  605M  514G  36/ 60U [Expand] Expanding to (57.5, 120.5)
2023-09-18 15:50:08.384 | 05:04   21ms  565M  518G  36/ 60U [ActUnit] DRONE from LARVA at (61.5, 143.8)
2023-09-18 15:50:08.387 | 05:04   21ms  565M  518G  36/ 60U [Expand] Expanding to (57.5, 120.5)
2023-09-18 15:50:08.749 | 05:06   16ms  580M  530G  37/ 60U [Expand] Expanding to (57.5, 120.5)
2023-09-18 15:50:08.890 | 05:06   21ms  580M  530G  37/ 60U [Expand] Expanding to (57.5, 120.5)
2023-09-18 15:50:08.996 | 05:07   17ms  595M  530G  37/ 60U [Expand] Expanding to (57.5, 120.5)
2023-09-18 15:50:09.143 | 05:07   19ms  600M  534G  37/ 60U [Expand] Expanding to (57.5, 120.5)
2023-09-18 15:50:09.242 | 05:08   17ms  300M  534G  37/ 60U [Expand] Expanding to (57.5, 120.5)
2023-09-18 15:50:09.387 | 05:08   19ms  605M  538G  36/ 60U [Expand] Expanding to (57.5, 120.5)
2023-09-18 15:50:09.484 | 05:08   17ms  910M  546G  36/ 60U [Expand] Expanding to (57.5, 120.5)
2023-09-18 15:50:09.623 | 05:09   20ms  925M  546G  36/ 60U [Expand] Expanding to (57.5, 120.5)
2023-09-18 15:50:09.721 | 05:09   18ms  930M  550G  36/ 60U [Expand] Expanding to (57.5, 120.5)
2023-09-18 15:50:09.856 | 05:10   20ms  940M  562G  36/ 60U [Expand] Expanding to (57.5, 120.5)
2023-09-18 15:50:09.949 | 05:10   18ms  590M  562G  36/ 60U [ActUnit] DRONE from LARVA at (60.6, 143.8)
2023-09-18 15:50:09.952 | 05:10   18ms  590M  562G  36/ 60U [Expand] Expanding to (57.5, 120.5)
2023-09-18 15:50:10.080 | 05:11   21ms  555M  562G  37/ 60U [ActUnit] DRONE from LARVA at (62.4, 143.3)
2023-09-18 15:50:10.083 | 05:11   21ms  555M  562G  37/ 60U [Expand] Expanding to (57.5, 120.5)
2023-09-18 15:50:10.185 | 05:11   19ms  810M  562G  38/ 60U [ActUnit] DRONE from LARVA at (60.5, 143.9)
2023-09-18 15:50:10.188 | 05:11   19ms  810M  562G  38/ 60U [Expand] Expanding to (57.5, 120.5)
2023-09-18 15:50:10.319 | 05:12   22ms  815M  570G  39/ 60U [Expand] Expanding to (57.5, 120.5)
2023-09-18 15:50:10.419 | 05:12   17ms  820M  574G  39/ 60U [Expand] Expanding to (57.5, 120.5)
2023-09-18 15:50:10.565 | 05:12   19ms  820M  578G  39/ 60U [Expand] Expanding to (57.5, 120.5)
2023-09-18 15:50:10.665 | 05:13   17ms  535M  582G  39/ 60U [Expand] Expanding to (57.5, 120.5)
2023-09-18 15:50:10.796 | 05:13   21ms  490M  582G  39/ 60U [ActUnit] DRONE from LARVA at (69.7, 165.6)
2023-09-18 15:50:10.799 | 05:13   21ms  490M  582G  39/ 60U [Expand] Expanding to (57.5, 120.5)
2023-09-18 15:50:10.905 | 05:14   19ms  800M  590G  40/ 60U [Expand] Expanding to (57.5, 120.5)
2023-09-18 15:50:11.057 | 05:14   17ms  810M  598G  40/ 60U [Expand] Expanding to (57.5, 120.5)
2023-09-18 15:50:11.171 | 05:15   19ms  820M  598G  40/ 60U [Expand] Expanding to (57.5, 120.5)
2023-09-18 15:50:11.316 | 05:15   22ms  830M  598G  40/ 60U [Expand] Expanding to (57.5, 120.5)
2023-09-18 15:50:11.427 | 05:16   21ms  530M  606G  40/ 60U [Expand] Expanding to (57.5, 120.5)
2023-09-18 15:50:11.779 | 05:16   20ms  490M  610G  40/ 60U [ActUnit] DRONE from LARVA at (61.5, 143.6)
2023-09-18 15:50:11.782 | 05:16   20ms  490M  610G  40/ 60U [Expand] Expanding to (57.5, 120.5)
2023-09-18 15:50:11.783 | 05:16   20ms  190M  610G  40/ 60U [Inject] injecting hatch (61.5, 146.5)
2023-09-18 15:50:11.884 | 05:16   19ms  795M  614G  41/ 60U [Expand] Expanding to (57.5, 120.5)
2023-09-18 15:50:12.023 | 05:17   20ms  815M  614G  41/ 60U [Expand] Expanding to (57.5, 120.5)
2023-09-18 15:50:12.024 | 05:17   20ms  365M  614G  41/ 60U [ActUnit] QUEEN from HATCHERY at (61.5, 146.5)
2023-09-18 15:50:12.125 | 05:17   19ms  665M  622G  43/ 60U [Expand] Expanding to (57.5, 120.5)
2023-09-18 15:50:12.263 | 05:18   20ms  675M  630G  41/ 60U [Expand] Expanding to (57.5, 120.5)
2023-09-18 15:50:12.367 | 05:18   17ms  375M  630G  40/ 60U [Expand] Expanding to (57.5, 120.5)
2023-09-18 15:50:12.502 | 05:19   20ms  380M  634G  40/ 60U [Expand] Expanding to (57.5, 120.5)
2023-09-18 15:50:12.601 | 05:19   17ms  690M  634G  40/ 60U [Expand] Expanding to (57.5, 120.5)
2023-09-18 15:50:12.744 | 05:20   22ms  710M  642G  40/ 60U [Expand] Expanding to (57.5, 120.5)
2023-09-18 15:50:12.840 | 05:20   18ms  710M  642G  40/ 60U [Expand] Expanding to (57.5, 120.5)
2023-09-18 15:50:12.971 | 05:20   20ms  715M  650G  40/ 60U [Expand] Expanding to (57.5, 120.5)
2023-09-18 15:50:13.067 | 05:21   18ms  430M  650G  40/ 60U [Expand] Expanding to (57.5, 120.5)
2023-09-18 15:50:13.195 | 05:21   20ms  440M  654G  40/ 60U [Expand] Expanding to (57.5, 120.5)
2023-09-18 15:50:13.293 | 05:22   17ms  750M  666G  40/ 60U [Expand] Expanding to (57.5, 120.5)
2023-09-18 15:50:13.436 | 05:22   19ms  750M  666G  40/ 60U [Expand] Expanding to (57.5, 120.5)
2023-09-18 15:50:13.536 | 05:23   18ms  760M  666G  40/ 60U [Expand] Expanding to (57.5, 120.5)
2023-09-18 15:50:13.537 | 05:23   18ms  460M  666G  40/ 60U [Tech] Started ZERGMELEEWEAPONSLEVEL2
2023-09-18 15:50:13.674 | 05:23   21ms  625M  520G  40/ 60U [Expand] Expanding to (57.5, 120.5)
2023-09-18 15:50:13.781 | 05:24   18ms  625M  528G  39/ 60U [Expand] Expanding to (57.5, 120.5)
2023-09-18 15:50:13.916 | 05:24   22ms  585M  528G  39/ 60U [ActUnit] DRONE from LARVA at (69.3, 165.6)
2023-09-18 15:50:13.919 | 05:24   22ms  585M  528G  39/ 60U [Expand] Expanding to (57.5, 120.5)
2023-09-18 15:50:14.165 | 05:25   17ms  310M  536G  40/ 60U [Expand] Expanding to (57.5, 120.5)
2023-09-18 15:50:14.421 | 05:26   17ms  170M  540G  38/ 54U [GameAnalyzer] Income advantage is now SmallAdvantage
2023-09-18 15:50:14.530 | 05:26   18ms  470M  544G  38/ 54U [Tech] Started ZERGGROUNDARMORSLEVEL2
2023-09-18 15:50:14.532 | 05:26   18ms  470M  544G  38/ 54U [Inject] injecting hatch (69.5, 168.5)
2023-09-18 15:50:14.672 | 05:27   22ms  255M  319G  38/ 54U [ActBuilding] 1. INFESTATIONPIT near (63.4, 161.9)
2023-09-18 15:50:16.343 | 05:33   20ms  405M  259G  37/ 54U [ActUnit] QUEEN from HATCHERY at (69.5, 168.5)
2023-09-18 15:50:16.824 | 05:35   18ms  385M  271G  39/ 54U [ActUnit] DRONE from LARVA at (69.3, 165.7)
2023-09-18 15:50:20.399 | 05:45   22ms  505M  339G  31/ 54U [ActUnit] DRONE from LARVA at (69.6, 165.4)
2023-09-18 15:50:22.347 | 05:54   18ms  635M  383G  31/ 54U [Expand] Expanding to (61.5, 146.5)
2023-09-18 15:50:22.443 | 05:54   15ms  365M  387G  31/ 54U [Expand] Expanding to (61.5, 146.5)
2023-09-18 15:50:22.571 | 05:54   16ms   65M  387G  31/ 54U [GameAnalyzer] Income advantage is now SlightAdvantage
2023-09-18 15:50:23.122 | 05:57   15ms   55M  399G  31/ 54U [ActUnit] DRONE from LARVA at (70.3, 165.7)
2023-09-18 15:50:23.250 | 05:57   19ms    5M  403G  32/ 54U [ActUnit] DRONE from LARVA at (70.2, 165.4)
2023-09-18 15:50:23.477 | 05:58   17ms  310M  407G  30/ 54U [GameAnalyzer] Income advantage is now SmallAdvantage
2023-09-18 15:50:23.478 | 05:58   17ms  260M  407G  30/ 54U [ActUnit] DRONE from LARVA at (68.9, 165.5)
2023-09-18 15:50:23.579 | 05:58   18ms  575M  411G  30/ 54U [GameAnalyzer] Known army advantage is now OverwhelmingDisadvantage
2023-09-18 15:50:23.580 | 05:58   18ms  575M  411G  30/ 54U [GameAnalyzer] Predicted army advantage is now OverwhelmingDisadvantage
2023-09-18 15:50:23.583 | 05:58   18ms  575M  411G  30/ 54U [Expand] Expanding to (61.5, 146.5)
2023-09-18 15:50:23.709 | 05:59   19ms  280M  411G  30/ 54U [GameAnalyzer] Income advantage is now SlightAdvantage
2023-09-18 15:50:24.161 | 06:01   17ms  610M  419G  29/ 54U [Expand] Expanding to (61.5, 146.5)
2023-09-18 15:50:24.260 | 06:01   17ms  310M  423G  29/ 54U [Expand] Expanding to (61.5, 146.5)
2023-09-18 15:50:24.925 | 06:04   15ms  350M  439G  28/ 54U [Expand] Expanding to (61.5, 146.5)
2023-09-18 15:50:25.283 | 06:05   16ms  375M  443G  27/ 54U [Expand] Expanding to (61.5, 146.5)
2023-09-18 15:50:25.744 | 06:07   14ms  395M  455G  26/ 54U [Expand] Expanding to (61.5, 146.5)
2023-09-18 15:50:25.963 | 06:08   16ms   70M  459G  26/ 54U [ActUnit] DRONE from LARVA at (69.4, 165.5)
2023-09-18 15:50:26.196 | 06:09   18ms  375M  467G  26/ 54U [Expand] Expanding to (61.5, 146.5)
2023-09-18 15:50:26.297 | 06:09   17ms   75M  467G  26/ 54U [Inject] injecting hatch (69.5, 168.5)
2023-09-18 15:50:27.345 | 06:13   17ms  580M  487G  24/ 54U [ActUnit] QUEEN from HATCHERY at (69.5, 168.5)
2023-09-18 15:50:27.441 | 06:14   16ms  810M  712G  26/ 54U [Expand] Expanding to (61.5, 146.5)
2023-09-18 15:50:27.442 | 06:14   16ms  510M  712G  26/ 54U [ActBuilding] 2. EVOLUTIONCHAMBER near (77.4, 172.8)
2023-09-18 15:50:27.591 | 06:14   20ms  435M  716G  26/ 54U [Expand] Expanding to (61.5, 146.5)
2023-09-18 15:50:27.785 | 06:15   18ms  135M  720G  26/ 54U [GameAnalyzer] Income advantage is now Even
2023-09-18 15:50:28.881 | 06:19   15ms  440M  740G  24/ 54U [ActUnit] DRONE from LARVA at (69.6, 165.4)
2023-09-18 15:50:28.883 | 06:19   15ms  440M  740G  24/ 54U [Expand] Expanding to (61.5, 146.5)
2023-09-18 15:50:29.241 | 06:20   14ms  455M  744G  24/ 54U [Expand] Expanding to (61.5, 146.5)
2023-09-18 15:50:32.401 | 06:29   16ms  820M  780G  20/ 54U [ActUnit] DRONE from LARVA at (69.7, 165.7)
2023-09-18 15:50:35.623 | 06:38   16ms  925M  820G  21/ 54U [Expand] Expanding to (61.5, 146.5)
2023-09-18 15:50:35.725 | 06:39   18ms  625M  820G  21/ 54U [Expand] Expanding to (61.5, 146.5)
2023-09-18 15:50:35.863 | 06:39   21ms  330M  820G  21/ 54U [Expand] Expanding to (61.5, 146.5)
2023-09-18 15:50:36.105 | 06:40   16ms    0M  828G  21/ 54U [ActUnit] DRONE from LARVA at (68.3, 165.6)
2023-09-18 15:50:36.478 | 06:41   15ms  260M  828G  21/ 54U [ActUnit] DRONE from LARVA at (69.8, 165.9)
2023-09-18 15:50:36.643 | 06:42   20ms  215M  832G  22/ 54U [ActUnit] DRONE from LARVA at (69.5, 165.8)
2023-09-18 15:50:36.750 | 06:42   17ms  475M  836G  22/ 54U [ActUnit] DRONE from LARVA at (69.6, 165.7)
2023-09-18 15:50:36.752 | 06:42   17ms  475M  836G  22/ 54U [Expand] Expanding to (61.5, 146.5)
2023-09-18 15:50:36.898 | 06:43   19ms  475M  836G  22/ 54U [Expand] Expanding to (61.5, 146.5)
2023-09-18 15:50:37.253 | 06:44   13ms  485M  844G  21/ 54U [Expand] Expanding to (61.5, 146.5)
2023-09-18 15:50:38.417 | 06:48   16ms  525M  852G  20/ 54U [Expand] Expanding to (61.5, 146.5)
2023-09-18 15:50:38.518 | 06:48   15ms  525M  852G  19/ 54U [Expand] Expanding to (61.5, 146.5)
2023-09-18 15:50:38.762 | 06:49   14ms  235M  852G  19/ 54U [Inject] injecting hatch (69.5, 168.5)
2023-09-18 15:50:39.622 | 06:52   16ms  510M  860G  18/ 54U [ActUnit] DRONE from LARVA at (69.6, 165.4)
2023-09-18 15:50:39.624 | 06:52   16ms  360M  860G  18/ 54U [ActUnit] QUEEN from HATCHERY at (69.5, 168.5)
2023-09-18 15:50:40.657 | 06:56   15ms  700M  868G  20/ 54U [Expand] Expanding to (61.5, 146.5)
2023-09-18 15:50:40.797 | 06:57   18ms  405M  868G  20/ 54U [Expand] Expanding to (61.5, 146.5)
2023-09-18 15:50:41.873 | 07:00   14ms  725M  876G  16/ 54U [Expand] Expanding to (61.5, 146.5)
2023-09-18 15:50:41.874 | 07:00   14ms  425M  876G  16/ 54U [ActBuilding] 1. SPAWNINGPOOL near (77.4, 172.8)
2023-09-18 15:50:42.788 | 07:03   17ms  210M  884G  15/ 54U [ActUnit] DRONE from LARVA at (69.5, 165.4)
2023-09-18 15:50:42.890 | 07:04   15ms  515M  884G  15/ 54U [Expand] Expanding to (61.5, 146.5)
2023-09-18 15:50:45.817 | 07:14   16ms  545M  908G  14/ 54U [ActUnit] DRONE from LARVA at (69.7, 165.6)
2023-09-18 15:50:47.452 | 07:20   14ms  545M  912G  15/ 54U [ActUnit] DRONE from LARVA at (69.3, 165.6)
2023-09-18 15:50:47.592 | 07:20   19ms  500M  912G  16/ 54U [ActUnit] DRONE from LARVA at (68.9, 165.7)
2023-09-18 15:50:47.699 | 07:21   17ms  455M  912G  17/ 54U [ActUnit] DRONE from LARVA at (69.1, 165.6)
2023-09-18 15:50:49.199 | 07:25   16ms  455M  920G  18/ 54U [ActUnit] DRONE from LARVA at (69.6, 165.7)
2023-09-18 15:50:50.087 | 07:29   15ms  485M  920G  19/ 54U [Inject] injecting hatch (69.5, 168.5)
2023-09-18 15:50:53.081 | 07:36   16ms  530M  928G  19/ 54U [ActUnit] DRONE from LARVA at (69.5, 165.6)
2023-09-18 15:50:56.190 | 07:47   18ms  620M  940G  20/ 54U [ActUnit] DRONE from LARVA at (69.5, 165.7)
2023-09-18 15:50:56.857 | 07:49   17ms  505M  944G  19/ 54U [ActUnit] QUEEN from HATCHERY at (69.5, 168.5)
2023-09-18 15:50:57.107 | 07:50   16ms  510M  944G  21/ 54U [ActBuilding] 2. EVOLUTIONCHAMBER near (66.2, 160.1)
2023-09-18 15:50:57.383 | 07:51   18ms  465M  944G  21/ 54U [Expand] Expanding to (61.5, 146.5)
2023-09-18 15:50:58.226 | 07:54   14ms  565M  948G  19/ 54U [Expand] Expanding to (61.5, 146.5)
2023-09-18 15:50:58.227 | 07:54   14ms  265M  948G  19/ 54U [ActBuilding] 2. EVOLUTIONCHAMBER near (64.7, 160.9)
2023-09-18 15:50:58.934 | 07:56   18ms  300M  952G  18/ 54U [Expand] Expanding to (61.5, 146.5)
2023-09-18 15:50:59.046 | 07:56   16ms  300M  952G  17/ 54U [Expand] Expanding to (61.5, 146.5)
2023-09-18 15:50:59.484 | 07:58   16ms  260M  956G  16/ 54U [ActUnit] DRONE from LARVA at (69.4, 165.6)
2023-09-18 15:50:59.880 | 07:59   15ms  530M  956G  16/ 54U [ActUnit] DRONE from LARVA at (68.5, 165.8)
2023-09-18 15:50:59.882 | 07:59   15ms  530M  956G  16/ 54U [Expand] Expanding to (61.5, 146.5)
2023-09-18 15:50:59.883 | 07:59   15ms  230M  956G  16/ 54U [ActBuilding] 2. EVOLUTIONCHAMBER near (76.8, 173.7)
2023-09-18 15:51:00.049 | 07:59   25ms  105M  960G  17/ 54U [ActUnit] DRONE from LARVA at (68.4, 165.7)
2023-09-18 15:51:00.165 | 08:00   16ms   60M  960G  18/ 54U [ActUnit] DRONE from LARVA at (68.4, 165.7)
2023-09-18 15:51:00.899 | 08:02   17ms  375M  964G  17/ 54U [Expand] Expanding to (61.5, 146.5)
2023-09-18 15:51:01.658 | 08:04   15ms  390M  968G  16/ 54U [Expand] Expanding to (61.5, 146.5)
2023-09-18 15:51:02.094 | 08:06   16ms  400M  972G  15/ 54U [Expand] Expanding to (61.5, 146.5)
2023-09-18 15:51:02.689 | 08:07   15ms  405M  972G  14/ 54U [Expand] Expanding to (61.5, 146.5)
2023-09-18 15:51:02.817 | 08:08   17ms  110M  972G  14/ 54U [GameAnalyzer] Income advantage is now SlightDisadvantage
2023-09-18 15:51:03.422 | 08:10   15ms  370M  972G  13/ 54U [ActUnit] DRONE from LARVA at (69.3, 165.6)
2023-09-18 15:51:03.424 | 08:10   15ms  370M  972G  13/ 54U [Expand] Expanding to (61.5, 146.5)
2023-09-18 15:51:04.191 | 08:12   16ms  385M  972G  10/ 54U [Expand] Expanding to (61.5, 146.5)
2023-09-18 15:51:04.592 | 08:13   13ms  235M  972G   7/ 48U [GameAnalyzer] Income advantage is now ClearDisadvantage
2023-09-18 15:51:09.490 | 08:28   13ms  535M  972G   5/ 48U [ActBuilding] 1. SPAWNINGPOOL near (66.8, 159.9)
2023-09-18 15:51:09.658 | 08:29   24ms  535M  972G   5/ 48U [ActBuilding] 1. SPAWNINGPOOL near (77.7, 172.1)
2023-09-18 15:51:09.791 | 08:29   20ms  535M  972G   5/ 48U [ActBuilding] 1. SPAWNINGPOOL near (65.3, 160.5)
2023-09-18 15:51:09.979 | 08:30   20ms  535M  972G   5/ 48U [ActBuilding] 1. SPAWNINGPOOL near (68.1, 159.6)
2023-09-18 15:51:10.100 | 08:30   19ms  535M  972G   5/ 48U [ActBuilding] 1. SPAWNINGPOOL near (77.4, 164.1)
2023-09-18 15:51:10.273 | 08:31   22ms  535M  972G   5/ 48U [ActBuilding] 1. SPAWNINGPOOL near (77.6, 172.3)
2023-09-18 15:51:10.395 | 08:31   19ms  535M  972G   5/ 48U [ActBuilding] 1. SPAWNINGPOOL near (70.3, 159.5)
2023-09-18 15:51:11.393 | 08:32   23ms  535M  972G   5/ 48U [ActBuilding] 1. SPAWNINGPOOL near (77.7, 172.3)
2023-09-18 15:51:11.523 | 08:32   21ms  535M  972G   5/ 48U [ActBuilding] 1. SPAWNINGPOOL near (78.5, 169.0)
2023-09-18 15:51:11.696 | 08:32   28ms  535M  972G   5/ 48U [ActBuilding] 1. SPAWNINGPOOL near (78.4, 169.8)
2023-09-18 15:51:11.825 | 08:33   20ms  535M  972G   5/ 48U [ActBuilding] 1. SPAWNINGPOOL near (71.7, 159.8)
2023-09-18 15:51:11.993 | 08:33   23ms  535M  972G   5/ 48U [ActBuilding] 1. SPAWNINGPOOL near (62.4, 162.9)
2023-09-18 15:51:12.124 | 08:34   22ms  535M  972G   5/ 48U [ActBuilding] 1. SPAWNINGPOOL near (64.8, 160.8)
2023-09-18 15:51:12.307 | 08:34   22ms  535M  972G   5/ 48U [ActBuilding] 1. SPAWNINGPOOL near (76.5, 162.9)
2023-09-18 15:51:12.442 | 08:35   28ms  535M  972G   5/ 48U [ActBuilding] 1. SPAWNINGPOOL near (78.2, 166.1)
2023-09-18 15:51:12.619 | 08:35   26ms  535M  972G   5/ 48U [ActBuilding] 1. SPAWNINGPOOL near (77.7, 172.2)
2023-09-18 15:51:12.749 | 08:36   22ms  535M  972G   5/ 48U [ActBuilding] 1. SPAWNINGPOOL near (78.4, 167.2)
2023-09-18 15:51:12.936 | 08:36   27ms  535M  972G   5/ 48U [ActBuilding] 1. SPAWNINGPOOL near (66.7, 159.9)
2023-09-18 15:51:13.064 | 08:36   21ms  535M  972G   5/ 48U [ActBuilding] 1. SPAWNINGPOOL near (77.6, 164.5)
2023-09-18 15:51:13.236 | 08:37   28ms  535M  972G   5/ 48U [ActBuilding] 1. SPAWNINGPOOL near (72.9, 160.2)
2023-09-18 15:51:13.357 | 08:37   20ms  535M  972G   5/ 48U [ActBuilding] 1. SPAWNINGPOOL near (78.4, 169.9)
2023-09-18 15:51:13.528 | 08:38   22ms  535M  972G   5/ 48U [ActBuilding] 1. SPAWNINGPOOL near (76.3, 162.6)
2023-09-18 15:51:13.653 | 08:38   22ms  535M  972G   5/ 48U [ActBuilding] 1. SPAWNINGPOOL near (68.6, 159.5)
2023-09-18 15:51:13.814 | 08:39   22ms  535M  972G   5/ 48U [ActBuilding] 1. SPAWNINGPOOL near (65.4, 160.5)
2023-09-18 15:51:13.926 | 08:39   18ms  535M  972G   5/ 48U [ActBuilding] 1. SPAWNINGPOOL near (72.8, 160.1)
2023-09-18 15:51:14.082 | 08:40   26ms  535M  972G   5/ 48U [ActBuilding] 1. SPAWNINGPOOL near (78.4, 170.0)
2023-09-18 15:51:14.195 | 08:40   23ms  535M  972G   5/ 48U [ActBuilding] 1. SPAWNINGPOOL near (74.7, 161.1)
2023-09-18 15:51:14.367 | 08:40   22ms  535M  972G   5/ 48U [ActBuilding] 1. SPAWNINGPOOL near (71.1, 159.6)
2023-09-18 15:51:14.489 | 08:41   23ms  535M  972G   5/ 48U [ActBuilding] 1. SPAWNINGPOOL near (75.2, 161.5)
2023-09-18 15:51:14.654 | 08:41   25ms  535M  972G   5/ 48U [ActBuilding] 1. SPAWNINGPOOL near (76.9, 173.6)
2023-09-18 15:51:14.772 | 08:42   20ms  535M  972G   5/ 48U [ActBuilding] 1. SPAWNINGPOOL near (74.8, 161.2)
2023-09-18 15:51:14.930 | 08:42   26ms  535M  972G   5/ 48U [ActBuilding] 1. SPAWNINGPOOL near (78.5, 168.0)
2023-09-18 15:51:15.048 | 08:43   22ms  535M  972G   5/ 48U [ActBuilding] 1. SPAWNINGPOOL near (78.1, 165.8)
2023-09-18 15:51:15.209 | 08:43   36ms  535M  972G   5/ 48U [ActBuilding] 1. SPAWNINGPOOL near (63.6, 161.7)
2023-09-18 15:51:15.320 | 08:44   20ms  535M  972G   5/ 48U [ActBuilding] 1. SPAWNINGPOOL near (77.8, 165.0)
2023-09-18 15:51:15.475 | 08:44   24ms  535M  972G   5/ 48U [ActBuilding] 1. SPAWNINGPOOL near (69.5, 159.5)
2023-09-18 15:51:15.593 | 08:45   23ms  535M  972G   5/ 48U [ActBuilding] 1. SPAWNINGPOOL near (77.4, 172.9)
2023-09-18 15:51:15.750 | 08:45   30ms  535M  972G   5/ 48U [ActBuilding] 1. SPAWNINGPOOL near (78.1, 171.2)
2023-09-18 15:51:15.883 | 08:45   29ms  535M  972G   5/ 48U [ActBuilding] 1. SPAWNINGPOOL near (62.8, 162.5)
2023-09-18 15:51:16.053 | 08:46   22ms  535M  972G   5/ 48U [ActBuilding] 1. SPAWNINGPOOL near (78.5, 168.2)
2023-09-18 15:51:16.185 | 08:46   30ms  535M  972G   5/ 48U [ActBuilding] 1. SPAWNINGPOOL near (62.9, 162.4)
2023-09-18 15:51:16.331 | 08:47   28ms  535M  972G   5/ 48U [ActBuilding] 1. SPAWNINGPOOL near (72.4, 160.0)
2023-09-18 15:51:16.452 | 08:47   21ms  535M  972G   5/ 48U [ActBuilding] 1. SPAWNINGPOOL near (77.5, 164.3)
2023-09-18 15:51:16.614 | 08:48   25ms  535M  972G   5/ 48U [ActBuilding] 1. SPAWNINGPOOL near (71.4, 159.7)
2023-09-18 15:51:16.733 | 08:48   25ms  535M  972G   5/ 48U [ActBuilding] 1. SPAWNINGPOOL near (76.6, 163.0)
2023-09-18 15:51:16.891 | 08:49   27ms  535M  972G   5/ 48U [ActBuilding] 1. SPAWNINGPOOL near (77.5, 172.6)
2023-09-18 15:51:17.009 | 08:49   26ms  535M  972G   5/ 48U [ActBuilding] 1. SPAWNINGPOOL near (67.0, 159.8)
2023-09-18 15:51:17.170 | 08:49   27ms  535M  972G   5/ 48U [ActBuilding] 1. SPAWNINGPOOL near (72.1, 159.9)
2023-09-18 15:51:17.294 | 08:50   29ms  535M  972G   5/ 48U [ActBuilding] 1. SPAWNINGPOOL near (71.4, 159.7)
2023-09-18 15:51:17.462 | 08:50   27ms  535M  972G   5/ 48U [ActBuilding] 1. SPAWNINGPOOL near (78.3, 170.3)
2023-09-18 15:51:17.610 | 08:51   31ms  535M  972G   5/ 48U [ActBuilding] 1. SPAWNINGPOOL near (66.3, 160.1)
2023-09-18 15:51:17.798 | 08:51   27ms  535M  972G   5/ 48U [ActBuilding] 1. SPAWNINGPOOL near (78.5, 168.2)
2023-09-18 15:51:17.924 | 08:52   30ms  535M  972G   5/ 48U [ActBuilding] 1. SPAWNINGPOOL near (75.7, 162.0)
2023-09-18 15:51:18.100 | 08:52   27ms  535M  972G   5/ 48U [ActBuilding] 1. SPAWNINGPOOL near (64.5, 161.0)
2023-09-18 15:51:18.229 | 08:53   23ms  535M  972G   5/ 48U [ActBuilding] 1. SPAWNINGPOOL near (66.6, 160.0)
2023-09-18 15:51:18.414 | 08:53   31ms  535M  972G   5/ 48U [ActBuilding] 1. SPAWNINGPOOL near (72.0, 159.8)
2023-09-18 15:51:18.539 | 08:53   28ms  535M  972G   5/ 48U [ActBuilding] 1. SPAWNINGPOOL near (62.8, 162.5)
2023-09-18 15:51:18.703 | 08:54   61ms  535M  972G   5/ 48U [ActBuilding] 1. SPAWNINGPOOL near (76.1, 162.4)
2023-09-18 15:51:18.854 | 08:54   55ms  535M  972G   5/ 48U [ActBuilding] 1. SPAWNINGPOOL near (72.1, 159.9)
2023-09-18 15:51:19.217 | INFO     | sc2.protocol:_execute:72 - Client status changed to Status.ended (was Status.in_game)
2023-09-18 15:51:19.221 | Result: Defeat
2023-09-18 15:51:19.221 | Duration: 08:54
2023-09-18 15:51:19.222 | Step time min: 7
2023-09-18 15:51:19.223 | Step time avg: 19
2023-09-18 15:51:19.223 | Step time max: 106
2023-09-18 15:51:19.224 | [LostUnitsContents] My lost units minerals and gas: (6575, 200)
2023-09-18 15:51:19.225 | [LostUnitsContents] My lost units minerals by score: 6625.0
2023-09-18 15:51:19.226 | [LostUnitsContents] Enemy lost units minerals and gas: (200, 0)
2023-09-18 15:51:19.226 | [LostUnitsContents] Enemy lost units minerals by score: 200.0
2023-09-18 15:51:19.227 | [GameAnalyzerEnd] Own units:
2023-09-18 15:51:19.228 | [GameAnalyzerEnd] DRONE             total:  74 alive:   5 dead:  69 
2023-09-18 15:51:19.228 | [GameAnalyzerEnd] OVERLORD          total:   6 alive:   6 dead:   0 
2023-09-18 15:51:19.229 | [GameAnalyzerEnd] QUEEN             total:   6 alive:   0 dead:   6 
2023-09-18 15:51:19.230 | [GameAnalyzerEnd] EXTRACTOR         total:   4 alive:   1 dead:   3 
2023-09-18 15:51:19.230 | [GameAnalyzerEnd] EVOLUTIONCHAMBER  total:   4 alive:   0 dead:   4 
2023-09-18 15:51:19.231 | [GameAnalyzerEnd] SPAWNINGPOOL      total:   2 alive:   0 dead:   2 
2023-09-18 15:51:19.232 | [GameAnalyzerEnd] HATCHERY          total:   1 alive:   0 dead:   1 
2023-09-18 15:51:19.232 | [GameAnalyzerEnd] INFESTATIONPIT    total:   1 alive:   0 dead:   1 
2023-09-18 15:51:19.233 | [GameAnalyzerEnd] LAIR              total:   1 alive:   0 dead:   1 
2023-09-18 15:51:19.234 | [GameAnalyzerEnd] Enemy units:
2023-09-18 15:51:19.234 | [GameAnalyzerEnd] MARINE            total:  67 alive:  63 dead:   4 
2023-09-18 15:51:19.235 | [GameAnalyzerEnd] MARAUDER          total:   7 alive:   7 dead:   0 
2023-09-18 15:51:19.236 | [GameAnalyzerEnd] MEDIVAC           total:   5 alive:   5 dead:   0 
2023-09-18 15:51:19.237 | [GameAnalyzerEnd] SCV               total:   1 alive:   1 dead:   0 
2023-09-18 15:51:19.237 | [GameAnalyzerEnd] Minerals max 1040 Average 387
2023-09-18 15:51:19.238 | [GameAnalyzerEnd] Vespene max 972 Average 385
2023-09-18 15:51:19.239 | INFO     | sc2.main:_play_game:228 - Result for player 2 - Bot LadderBot(Zerg): Defeat
