2023-09-18 08:09:36.288 | INFO     | sc2.protocol:_execute:72 - Client status changed to Status.in_game (was None)
2023-09-18 08:09:36.289 | INFO     | sc2.main:_play_game:221 - Player 2 - Bot LadderBot(Zerg)
2023-09-18 08:09:36.543 | 00:00    0ms    0M    0G  12/ 14U [Version] 4.10.0.75689
2023-09-18 08:09:36.543 | 00:00    0ms    0M    0G  12/ 14U [Version] 5.0.6 Balance mod recognized.
2023-09-18 08:09:36.619 | 00:00    0ms    0M    0G  12/ 14U [ZoneManager] Map set to: MapName.Unknown from name: Royal BloodAIE and hash: 3249828.
2023-09-18 08:09:37.206 | [DataManager] No BuildDetector found, enemy build data cannot be saved
2023-09-18 08:09:37.235 | [Start] My race: Zerg
2023-09-18 08:09:37.236 | [Start] Opponent race: Terran
2023-09-18 08:09:37.236 | [Start] OpponentId: 1
2023-09-18 08:09:37.298 | 00:00    0ms    0M    0G  12/ 14U [ActUnit] DRONE from LARVA at (142.4, 119.8)
2023-09-18 08:09:38.504 | 00:07    7ms    5M    0G  13/ 14U [ActUnit] DRONE from LARVA at (140.3, 120.1)
2023-09-18 08:09:39.400 | 00:16    9ms   15M    0G  14/ 14U [ActUnit] OVERLORD from LARVA at (141.2, 119.7)
2023-09-18 08:09:41.114 | 00:34    7ms  195M    0G  14/ 22U [ActUnit] DRONE from LARVA at (141.8, 119.4)
2023-09-18 08:09:41.157 | 00:35    9ms  155M    0G  15/ 22U [ActUnit] DRONE from LARVA at (142.5, 119.4)
2023-09-18 08:09:41.200 | 00:35    8ms  105M    0G  16/ 22U [ActUnit] DRONE from LARVA at (142.5, 119.4)
2023-09-18 08:09:42.212 | 00:45    8ms  195M    0G  17/ 22U [ActUnit] DRONE from LARVA at (141.4, 119.5)
2023-09-18 08:09:42.906 | 00:53    9ms  300M    0G  18/ 22U [Expand] Expanding to (115.5, 128.5)
2023-09-18 08:09:43.416 | 00:57   76ms    0M    0G  18/ 22U [ActUnit] DRONE from LARVA at (142.0, 119.9)
2023-09-18 08:09:44.220 | 01:01   59ms   60M    0G  18/ 22U [GameAnalyzer] Income advantage is now SmallAdvantage
2023-09-18 08:09:45.502 | 01:07   20ms   60M    0G  18/ 22U [ActUnit] OVERLORD from LARVA at (141.6, 119.7)
2023-09-18 08:09:47.658 | 01:18   59ms  185M    0G  18/ 22U [ActUnit] DRONE from LARVA at (141.7, 119.8)
2023-09-18 08:09:48.849 | 01:24   58ms  300M    0G  19/ 22U [Expand] Expanding to (84.5, 129.5)
2023-09-18 08:09:49.478 | 01:28    9ms    5M    0G  19/ 30U [ActUnit] DRONE from LARVA at (141.3, 119.6)
2023-09-18 08:09:50.715 | 01:39    9ms  130M    0G  20/ 30U [ActUnit] DRONE from LARVA at (141.3, 119.7)
2023-09-18 08:09:50.904 | 01:41    9ms  160M    0G  20/ 30U [GameAnalyzer] Income advantage is now ClearAdvantage
2023-09-18 08:09:52.030 | 01:50   11ms  255M    0G  20/ 30U [ActUnit] DRONE from LARVA at (141.7, 119.7)
2023-09-18 08:09:52.468 | 01:53    8ms  310M    0G  21/ 30U [Expand] Expanding to (123.5, 101.5)
2023-09-18 08:09:53.563 | 02:00   11ms   85M    0G  21/ 30U [ActUnit] DRONE from LARVA at (141.5, 119.9)
2023-09-18 08:09:55.102 | 02:11   12ms  205M    0G  21/ 30U [ActUnit] DRONE from LARVA at (141.7, 119.8)
2023-09-18 08:09:55.237 | 02:12   12ms  170M    0G  22/ 36U [ActUnit] DRONE from LARVA at (115.6, 125.6)
2023-09-18 08:09:56.399 | 02:20    9ms  300M    0G  23/ 36U [Expand] Expanding to (81.5, 102.5)
2023-09-18 08:09:56.901 | 02:23   13ms    0M    0G  23/ 36U [ActUnit] DRONE from LARVA at (142.0, 119.2)
2023-09-18 08:09:57.323 | 02:25   12ms   10M    0G  24/ 36U [ActUnit] DRONE from LARVA at (115.8, 125.3)
2023-09-18 08:09:58.443 | 02:33   11ms  145M    0G  24/ 36U [GameAnalyzer] Income advantage is now OverwhelmingAdvantage
2023-09-18 08:09:58.444 | 02:33   11ms   95M    0G  24/ 36U [ActUnit] DRONE from LARVA at (141.6, 119.8)
2023-09-18 08:09:58.585 | 02:34   10ms   50M    0G  25/ 36U [ActUnit] DRONE from LARVA at (115.5, 125.7)
2023-09-18 08:10:01.012 | 02:43   10ms  210M    0G  26/ 36U [ActUnit] DRONE from LARVA at (141.4, 119.8)
2023-09-18 08:10:01.163 | 02:44   11ms  185M    0G  27/ 36U [ActUnit] DRONE from LARVA at (115.4, 125.6)
2023-09-18 08:10:02.056 | 02:50   13ms  305M    0G  28/ 36U [Expand] Expanding to (47.5, 130.5)
2023-09-18 08:10:02.497 | 02:52   13ms    5M    0G  28/ 42U [ActUnit] DRONE from LARVA at (84.6, 126.8)
2023-09-18 08:10:03.018 | 02:54   73ms    5M    0G  29/ 42U [ActUnit] DRONE from LARVA at (141.7, 119.7)
2023-09-18 08:10:03.627 | 02:56   62ms   60M    0G  30/ 42U [GameAnalyzer] Known army advantage is now SlightDisadvantage
2023-09-18 08:10:03.633 | 02:56   62ms   60M    0G  30/ 42U [GameAnalyzer] Predicted army advantage is now SlightDisadvantage
2023-09-18 08:10:03.634 | 02:56   62ms   10M    0G  30/ 42U [ActUnit] DRONE from LARVA at (115.8, 125.9)
2023-09-18 08:10:05.398 | 03:03   73ms  100M    0G  30/ 42U [ActUnit] DRONE from LARVA at (84.5, 126.5)
2023-09-18 08:10:05.884 | 03:05   82ms   90M    0G  31/ 42U [ActUnit] DRONE from LARVA at (141.4, 119.4)
2023-09-18 08:10:06.167 | 03:06   85ms   75M    0G  31/ 42U [ActUnit] DRONE from LARVA at (115.4, 125.6)
2023-09-18 08:10:08.231 | 03:12   66ms  190M    0G  27/ 42U [GameAnalyzer] Known army advantage is now SmallDisadvantage
2023-09-18 08:10:08.232 | 03:12   66ms  190M    0G  27/ 42U [GameAnalyzer] Predicted army advantage is now SmallDisadvantage
2023-09-18 08:10:08.562 | 03:14   78ms  155M    0G  26/ 42U [ActUnit] DRONE from LARVA at (84.6, 126.5)
2023-09-18 08:10:09.080 | 03:15   75ms  140M    0G  27/ 42U [ActUnit] DRONE from LARVA at (141.7, 119.6)
2023-09-18 08:10:09.291 | 03:16   74ms  100M    0G  28/ 42U [ActUnit] DRONE from LARVA at (115.4, 125.6)
2023-09-18 08:10:10.193 | 03:20   62ms  105M    0G  28/ 48U [ActUnit] DRONE from LARVA at (123.5, 98.6)
2023-09-18 08:10:11.503 | 03:24   79ms  150M    0G  28/ 48U [ActUnit] DRONE from LARVA at (84.6, 126.5)
2023-09-18 08:10:11.954 | 03:26   69ms  135M    0G  29/ 48U [ActUnit] DRONE from LARVA at (141.7, 119.7)
2023-09-18 08:10:12.169 | 03:27   61ms  105M    0G  30/ 48U [ActUnit] DRONE from LARVA at (115.6, 125.6)
2023-09-18 08:10:13.029 | 03:30   55ms  120M    0G  30/ 48U [ActUnit] DRONE from LARVA at (123.5, 98.6)
2023-09-18 08:10:14.347 | 03:35   76ms  165M    0G  29/ 48U [ActUnit] DRONE from LARVA at (84.6, 126.8)
2023-09-18 08:10:14.848 | 03:37   87ms  165M    0G  29/ 48U [ActUnit] DRONE from LARVA at (141.6, 119.8)
2023-09-18 08:10:15.102 | 03:38   83ms  130M    0G  30/ 48U [ActUnit] DRONE from LARVA at (115.5, 125.6)
2023-09-18 08:10:15.909 | 03:41   62ms  150M    0G  30/ 48U [ActUnit] DRONE from LARVA at (123.5, 98.6)
2023-09-18 08:10:17.556 | 03:44   77ms  165M    0G  31/ 54U [ActUnit] DRONE from LARVA at (81.4, 99.5)
2023-09-18 08:10:18.067 | 03:46   60ms  145M    0G  32/ 54U [ActUnit] DRONE from LARVA at (84.6, 126.5)
2023-09-18 08:10:18.579 | 03:48   74ms  145M    0G  33/ 54U [ActUnit] DRONE from LARVA at (141.3, 119.8)
2023-09-18 08:10:18.799 | 03:49   66ms  125M    0G  33/ 54U [ActUnit] DRONE from LARVA at (115.6, 125.6)
2023-09-18 08:10:19.665 | 03:52   61ms  135M    0G  33/ 54U [ActUnit] DRONE from LARVA at (123.5, 98.6)
2023-09-18 08:10:20.459 | 03:55   67ms  160M    0G  34/ 54U [ActUnit] DRONE from LARVA at (81.3, 99.6)
2023-09-18 08:10:20.935 | 03:57   81ms  150M    0G  35/ 54U [ActUnit] DRONE from LARVA at (84.3, 126.6)
2023-09-18 08:10:21.467 | 03:58   77ms  145M    0G  35/ 54U [ActUnit] DRONE from LARVA at (141.3, 119.7)
2023-09-18 08:10:21.736 | 03:59   82ms  120M    0G  35/ 54U [ActUnit] DRONE from LARVA at (115.5, 125.6)
2023-09-18 08:10:22.024 | 04:01   15ms  160M    0G  36/ 54U [GameAnalyzer] Known army advantage is now ClearDisadvantage
2023-09-18 08:10:22.025 | 04:01   15ms  160M    0G  36/ 54U [GameAnalyzer] Predicted army advantage is now ClearDisadvantage
2023-09-18 08:10:22.361 | 04:02   14ms  145M    0G  36/ 54U [ActUnit] DRONE from LARVA at (123.5, 98.6)
2023-09-18 08:10:22.999 | 04:05   16ms  190M    0G  36/ 54U [ActUnit] DRONE from LARVA at (81.4, 99.8)
2023-09-18 08:10:23.346 | 04:07   16ms  170M    0G  37/ 54U [ActUnit] DRONE from LARVA at (84.7, 126.7)
2023-09-18 08:10:23.680 | 04:09   21ms  170M    0G  38/ 54U [ActUnit] DRONE from LARVA at (141.3, 119.8)
2023-09-18 08:10:23.854 | 04:10   20ms  155M    0G  39/ 54U [ActUnit] DRONE from LARVA at (115.6, 125.7)
2023-09-18 08:10:24.432 | 04:13   16ms  185M    0G  40/ 54U [ActUnit] DRONE from LARVA at (123.5, 98.6)
2023-09-18 08:10:25.051 | 04:16   18ms  235M    0G  40/ 54U [ActUnit] DRONE from LARVA at (81.7, 99.6)
2023-09-18 08:10:25.396 | 04:18   17ms  235M    0G  41/ 54U [ActUnit] DRONE from LARVA at (84.5, 126.5)
2023-09-18 08:10:25.758 | 04:20   22ms  235M    0G  41/ 54U [ActUnit] DRONE from LARVA at (141.3, 119.7)
2023-09-18 08:10:25.930 | 04:21   16ms  210M    0G  42/ 54U [ActUnit] DRONE from LARVA at (115.5, 125.6)
2023-09-18 08:10:26.009 | 04:21   17ms  175M    0G  43/ 60U [ActUnit] DRONE from LARVA at (47.5, 127.6)
2023-09-18 08:10:26.557 | 04:24   17ms  205M    0G  44/ 60U [ActUnit] DRONE from LARVA at (123.5, 98.6)
2023-09-18 08:10:27.249 | 04:27   22ms  245M    0G  45/ 60U [ActUnit] DRONE from LARVA at (81.4, 99.8)
2023-09-18 08:10:27.718 | 04:29   17ms  245M    0G  46/ 60U [ActUnit] DRONE from LARVA at (84.4, 126.8)
2023-09-18 08:10:28.113 | 04:30   17ms  235M    0G  46/ 60U [ActUnit] DRONE from LARVA at (141.5, 119.9)
2023-09-18 08:10:28.308 | 04:31   17ms  235M    0G  47/ 60U [ActUnit] DRONE from LARVA at (115.5, 125.7)
2023-09-18 08:10:28.392 | 04:32   17ms  205M    0G  48/ 60U [ActUnit] DRONE from LARVA at (47.5, 127.6)
2023-09-18 08:10:28.969 | 04:35   16ms  245M    0G  49/ 60U [ActUnit] DRONE from LARVA at (123.5, 98.6)
2023-09-18 08:10:29.528 | 04:37   17ms  330M    0G  50/ 60U [Expand] Expanding to (151.5, 81.5)
2023-09-18 08:10:29.734 | 04:38   17ms    0M    0G  50/ 60U [ActUnit] DRONE from LARVA at (81.4, 99.5)
2023-09-18 08:10:30.939 | 04:39   18ms   10M    0G  51/ 60U [ActUnit] DRONE from LARVA at (84.5, 126.5)
2023-09-18 08:10:31.357 | 04:41   18ms   15M    0G  52/ 60U [ActUnit] DRONE from LARVA at (141.3, 119.6)
2023-09-18 08:10:31.575 | 04:42   21ms   10M    0G  53/ 60U [ActUnit] DRONE from LARVA at (115.5, 125.7)
2023-09-18 08:10:31.902 | 04:43   17ms    0M    0G  54/ 60U [ActUnit] DRONE from LARVA at (47.0, 127.3)
2023-09-18 08:10:32.297 | 04:45   17ms   15M    0G  55/ 60U [ActUnit] DRONE from LARVA at (123.5, 98.6)
2023-09-18 08:10:33.031 | 04:48   20ms   90M    0G  55/ 60U [ActUnit] DRONE from LARVA at (81.5, 99.8)
2023-09-18 08:10:33.447 | 04:50   20ms   45M    0G  56/ 60U [ActUnit] OVERLORD from LARVA at (84.4, 126.7)
2023-09-18 08:10:33.870 | 04:52   21ms   75M    0G  56/ 60U [ActUnit] DRONE from LARVA at (141.7, 119.5)
2023-09-18 08:10:34.076 | 04:53   19ms   50M    0G  57/ 60U [ActUnit] DRONE from LARVA at (115.5, 125.6)
2023-09-18 08:10:34.166 | 04:53   20ms   40M    0G  58/ 60U [ActUnit] DRONE from LARVA at (47.5, 127.6)
2023-09-18 08:10:34.787 | 04:56   19ms   95M    0G  59/ 60U [ActUnit] DRONE from LARVA at (123.5, 98.6)
2023-09-18 08:10:35.538 | 04:59   20ms  170M    0G  59/ 60U [ActUnit] DRONE from LARVA at (81.7, 99.6)
2023-09-18 08:10:36.444 | 05:03   20ms  295M    0G  60/ 54U [ActBuilding] 1. SPAWNINGPOOL near (143.3, 113.7)
2023-09-18 08:10:36.557 | 05:03   25ms  110M    0G  60/ 54U [BuildGas] Building EXTRACTOR to (121.5, 108.5)
2023-09-18 08:10:36.921 | 05:04   26ms  130M    0G  59/ 54U [BuildGas] Building EXTRACTOR to (130.5, 98.5)
2023-09-18 08:10:38.086 | 05:08   19ms  245M    0G  57/ 62U [ActUnit] DRONE from LARVA at (115.5, 125.5)
2023-09-18 08:10:38.205 | 05:09   23ms  150M    0G  58/ 62U [ActUnit] OVERLORD from LARVA at (47.9, 127.2)
2023-09-18 08:10:38.206 | 05:09   23ms  100M    0G  58/ 62U [ActUnit] DRONE from LARVA at (141.6, 119.9)
2023-09-18 08:10:38.298 | 05:09   21ms    5M    0G  59/ 62U [ActUnit] OVERLORD from LARVA at (123.9, 98.9)
2023-09-18 08:10:38.425 | 05:10   22ms   10M    0G  59/ 62U [ActUnit] DRONE from LARVA at (85.0, 126.8)
2023-09-18 08:10:38.858 | 05:12   21ms   25M    0G  60/ 62U [ActUnit] DRONE from LARVA at (84.3, 126.7)
2023-09-18 08:10:39.395 | 05:13   22ms   50M    0G  61/ 62U [ActUnit] DRONE from LARVA at (141.4, 119.4)
2023-09-18 08:10:39.954 | 05:16   19ms  180M    0G  62/ 62U [GameAnalyzer] Known army advantage is now OverwhelmingDisadvantage
2023-09-18 08:10:39.955 | 05:16   19ms  180M    0G  62/ 62U [GameAnalyzer] Predicted army advantage is now OverwhelmingDisadvantage
2023-09-18 08:10:40.106 | 05:16   23ms  150M    0G  61/ 62U [ActUnit] DRONE from LARVA at (115.1, 125.7)
2023-09-18 08:10:43.173 | 05:27   20ms  635M    0G  62/ 70U [ActUnit] DRONE from LARVA at (123.2, 98.8)
2023-09-18 08:10:43.312 | 05:28   25ms  605M    0G  63/ 78U [ActUnit] DRONE from LARVA at (141.4, 119.4)
2023-09-18 08:10:43.420 | 05:28   21ms  575M    0G  64/ 78U [ActUnit] DRONE from LARVA at (47.3, 127.5)
2023-09-18 08:10:43.559 | 05:29   24ms  540M    0G  65/ 78U [ActUnit] DRONE from LARVA at (115.8, 125.7)
2023-09-18 08:10:43.668 | 05:29   21ms  520M    0G  66/ 78U [ActUnit] DRONE from LARVA at (48.7, 127.5)
2023-09-18 08:10:43.819 | 05:29   22ms  520M    0G  67/ 78U [ActUnit] DRONE from LARVA at (123.6, 98.8)
2023-09-18 08:10:43.925 | 05:30   21ms  490M    0G  68/ 78U [ActUnit] DRONE from LARVA at (84.6, 126.1)
2023-09-18 08:10:44.771 | 05:33   24ms  585M    0G  69/ 78U [ActUnit] DRONE from LARVA at (84.5, 126.8)
2023-09-18 08:10:45.235 | 05:35   24ms  660M    0G  70/ 78U [ActUnit] DRONE from LARVA at (141.4, 119.8)
2023-09-18 08:10:45.462 | 05:36   24ms  655M    0G  71/ 78U [ActUnit] DRONE from LARVA at (115.5, 125.7)
2023-09-18 08:10:45.566 | 05:36   22ms  625M    0G  72/ 78U [ActUnit] DRONE from LARVA at (47.5, 127.6)
2023-09-18 08:10:47.110 | 05:39   21ms  725M    0G  73/ 78U [ActUnit] DRONE from LARVA at (123.5, 98.6)
2023-09-18 08:10:47.118 | 05:39   21ms  725M    0G  73/ 78U [Expand] Expanding to (81.5, 102.5)
2023-09-18 08:10:47.253 | 05:39   28ms  465M    0G  74/ 78U [Expand] Expanding to (81.5, 102.5)
2023-09-18 08:10:48.018 | 05:42   24ms  315M    4G  72/ 78U [Expand] Expanding to (81.5, 102.5)
2023-09-18 08:10:48.132 | 05:42   23ms  340M    4G  72/ 78U [Expand] Expanding to (81.5, 102.5)
2023-09-18 08:10:48.277 | 05:43   28ms  360M    4G  72/ 78U [Expand] Expanding to (81.5, 102.5)
2023-09-18 08:10:48.528 | 05:44   23ms   60M    4G  72/ 78U [ActUnit] DRONE from LARVA at (84.5, 126.5)
2023-09-18 08:10:49.050 | 05:45   22ms  100M    8G  73/ 78U [ActUnit] DRONE from LARVA at (141.3, 119.5)
2023-09-18 08:10:49.315 | 05:46   22ms  110M    8G  73/ 78U [ActUnit] DRONE from LARVA at (115.4, 125.6)
2023-09-18 08:10:49.432 | 05:47   23ms   60M    8G  74/ 78U [ActUnit] OVERLORD from LARVA at (47.5, 127.6)
2023-09-18 08:10:49.680 | 05:48   23ms  390M    8G  74/ 78U [Expand] Expanding to (49.5, 102.5)
2023-09-18 08:10:50.167 | 05:50   22ms   95M   16G  74/ 78U [ActUnit] OVERLORD from LARVA at (123.5, 98.6)
2023-09-18 08:10:50.428 | 05:50   21ms  425M   16G  74/ 78U [Expand] Expanding to (49.5, 102.5)
2023-09-18 08:10:51.456 | 05:54   22ms  320M   24G  71/ 78U [Expand] Expanding to (49.5, 102.5)
2023-09-18 08:10:51.610 | 05:54   28ms    0M   24G  68/ 78U [ActUnit] DRONE from LARVA at (84.4, 126.8)
2023-09-18 08:10:52.105 | 05:56   25ms   35M   24G  67/ 78U [ActUnit] DRONE from LARVA at (141.7, 119.6)
2023-09-18 08:10:52.356 | 05:57   28ms   55M   24G  68/ 78U [ActUnit] DRONE from LARVA at (115.4, 125.6)
2023-09-18 08:10:52.468 | 05:58   23ms   35M   24G  69/ 84U [ActUnit] DRONE from LARVA at (151.4, 78.7)
2023-09-18 08:10:52.726 | 05:58   23ms   10M   24G  66/ 84U [ActUnit] DRONE from LARVA at (47.3, 127.9)
2023-09-18 08:10:52.968 | 05:59   23ms  350M   24G  67/ 84U [Expand] Expanding to (134.5, 53.5)
2023-09-18 08:10:53.217 | 06:00   22ms   15M   24G  66/ 84U [ActUnit] DRONE from LARVA at (123.5, 98.6)
2023-09-18 08:10:54.074 | 06:03   26ms  490M   24G  66/ 84U [Expand] Expanding to (134.5, 53.5)
2023-09-18 08:10:54.545 | 06:05   29ms  210M   24G  66/ 92U [ActUnit] DRONE from LARVA at (84.6, 126.5)
2023-09-18 08:10:55.026 | 06:07   26ms  260M   24G  66/ 86U [ActUnit] DRONE from LARVA at (141.3, 119.8)
2023-09-18 08:10:55.280 | 06:08   26ms  235M   24G  67/ 94U [ActUnit] DRONE from LARVA at (115.4, 125.7)
2023-09-18 08:10:55.393 | 06:08   22ms  240M   24G  68/ 94U [ActUnit] DRONE from LARVA at (151.6, 78.6)
2023-09-18 08:10:55.531 | 06:09   27ms  215M   24G  67/ 94U [ActUnit] DRONE from LARVA at (47.7, 127.4)
2023-09-18 08:10:56.129 | 06:11   22ms  460M   24G  68/ 86U [ActUnit] QUEEN from HATCHERY at (115.5, 128.5)
2023-09-18 08:10:56.363 | 06:12   24ms  360M   24G  70/ 86U [ActUnit] QUEEN from HATCHERY at (47.5, 130.5)
2023-09-18 08:10:57.234 | 06:15   25ms  355M   24G  70/ 78U [ActUnit] QUEEN from HATCHERY at (141.5, 122.5)
2023-09-18 08:10:57.471 | 06:16   24ms  365M   24G  72/ 78U [ActUnit] DRONE from LARVA at (84.5, 126.5)
2023-09-18 08:10:57.964 | 06:18   26ms  405M   24G  72/ 78U [ActUnit] DRONE from LARVA at (141.4, 119.7)
2023-09-18 08:10:58.218 | 06:19   30ms  415M   24G  72/ 78U [ActUnit] DRONE from LARVA at (115.4, 125.6)
2023-09-18 08:10:58.332 | 06:19   23ms  390M   24G  73/ 78U [ActUnit] DRONE from LARVA at (151.5, 78.7)
2023-09-18 08:10:58.466 | 06:19   25ms  305M   24G  74/ 78U [ActUnit] OVERLORD from LARVA at (47.4, 127.4)
2023-09-18 08:10:59.427 | 06:23   26ms  470M   24G  74/ 78U [BuildGas] Building EXTRACTOR to (40.5, 131.5)
2023-09-18 08:10:59.664 | 06:24   29ms  365M   24G  72/ 78U [ActUnit] QUEEN from HATCHERY at (151.5, 81.5)
2023-09-18 08:10:59.918 | 06:25   26ms  390M   24G  73/ 78U [BuildGas] Building EXTRACTOR to (108.5, 131.5)
2023-09-18 08:11:00.396 | 06:27   25ms  415M   24G  73/ 78U [ActUnit] DRONE from LARVA at (84.3, 126.6)
2023-09-18 08:11:00.855 | 06:28   25ms  460M   24G  72/ 78U [ActUnit] DRONE from LARVA at (141.3, 119.5)
2023-09-18 08:11:01.087 | 06:29   29ms  455M   24G  73/ 78U [ActUnit] DRONE from LARVA at (115.5, 125.7)
2023-09-18 08:11:01.198 | 06:30   23ms  430M   24G  73/ 78U [ActUnit] DRONE from LARVA at (151.4, 78.6)
2023-09-18 08:11:01.321 | 06:30   30ms  355M   24G  74/ 78U [ActUnit] OVERLORD from LARVA at (47.2, 127.5)
2023-09-18 08:11:02.159 | 06:33   22ms  355M   24G  73/ 78U [ActUnit] QUEEN from HATCHERY at (84.5, 129.5)
2023-09-18 08:11:04.083 | 06:37   25ms  525M   24G  72/ 78U [ActUnit] DRONE from LARVA at (84.4, 126.7)
2023-09-18 08:11:04.658 | 06:39   88ms  565M   24G  73/ 86U [ActUnit] DRONE from LARVA at (141.7, 119.8)
2023-09-18 08:11:04.941 | 06:40   86ms  575M   24G  74/ 86U [ActUnit] DRONE from LARVA at (115.4, 125.6)
2023-09-18 08:11:05.050 | 06:40   21ms  550M   24G  75/ 86U [ActUnit] DRONE from LARVA at (151.5, 78.6)
2023-09-18 08:11:05.195 | 06:41   29ms  520M   24G  76/ 86U [ActUnit] DRONE from LARVA at (47.3, 127.8)
2023-09-18 08:11:06.907 | 06:47   25ms  865M   24G  76/ 86U [Inject] injecting hatch (47.5, 130.5)
2023-09-18 08:11:07.148 | 06:48   26ms  855M   24G  76/ 86U [ActUnit] DRONE from LARVA at (84.5, 126.5)
2023-09-18 08:11:07.775 | 06:50  100ms  880M   24G  77/ 94U [ActUnit] DRONE from LARVA at (141.3, 119.8)
2023-09-18 08:11:07.782 | 06:50  100ms  880M   24G  77/ 94U [Expand] Expanding to (123.5, 101.5)
2023-09-18 08:11:07.957 | 06:50   71ms  920M   24G  78/ 94U [Expand] Expanding to (123.5, 101.5)
2023-09-18 08:11:08.114 | 06:51   93ms  595M   24G  78/ 94U [ActUnit] DRONE from LARVA at (115.6, 125.6)
2023-09-18 08:11:08.124 | 06:51   93ms  595M   24G  78/ 94U [Expand] Expanding to (123.5, 101.5)
2023-09-18 08:11:08.288 | 06:51   75ms  275M   24G  79/ 94U [ActUnit] DRONE from LARVA at (47.5, 127.6)
2023-09-18 08:11:08.297 | 06:51   75ms  275M   24G  79/ 94U [Inject] injecting hatch (141.5, 122.5)
2023-09-18 08:11:08.453 | 06:52   89ms  245M   24G  80/ 94U [ActUnit] DRONE from LARVA at (151.2, 78.4)
2023-09-18 08:11:08.789 | 06:52   87ms  575M   24G  80/ 94U [Expand] Expanding to (32.5, 74.5)
2023-09-18 08:11:08.963 | 06:53   73ms  605M   24G  80/ 94U [Expand] Expanding to (32.5, 74.5)
2023-09-18 08:11:09.135 | 06:53   88ms  625M   24G  80/ 94U [Expand] Expanding to (32.5, 74.5)
2023-09-18 08:11:09.301 | 06:54   73ms  640M   24G  80/ 94U [Expand] Expanding to (32.5, 74.5)
2023-09-18 08:11:09.465 | 06:54   85ms  360M   24G  80/ 94U [Expand] Expanding to (32.5, 74.5)
2023-09-18 08:11:10.895 | 06:57   72ms  180M   24G  80/100U [ActUnit] DRONE from LARVA at (81.7, 99.7)
2023-09-18 08:11:11.407 | 06:59   86ms  200M   24G  81/100U [ActUnit] DRONE from LARVA at (84.3, 126.7)
2023-09-18 08:11:11.922 | 07:00   64ms  265M   24G  82/100U [Inject] injecting hatch (151.5, 81.5)
2023-09-18 08:11:12.033 | 07:00   87ms  245M   24G  82/100U [ActUnit] DRONE from LARVA at (141.4, 119.4)
2023-09-18 08:11:12.286 | 07:01   26ms  245M   24G  83/100U [ActUnit] DRONE from LARVA at (115.6, 125.7)
2023-09-18 08:11:12.394 | 07:02   23ms  205M   28G  84/100U [ActUnit] DRONE from LARVA at (47.5, 127.6)
2023-09-18 08:11:12.542 | 07:02   26ms  190M   28G  85/100U [ActUnit] DRONE from LARVA at (151.8, 78.9)
2023-09-18 08:11:13.182 | 07:05   22ms  300M   36G  86/100U [Expand] Expanding to (32.5, 74.5)
2023-09-18 08:11:14.166 | 07:08   22ms  155M   48G  86/100U [ActUnit] DRONE from LARVA at (81.3, 99.5)
2023-09-18 08:11:14.559 | 07:09   24ms  165M   56G  86/100U [ActUnit] DRONE from LARVA at (84.6, 126.7)
2023-09-18 08:11:14.564 | 07:09   24ms  165M   56G  86/100U [Inject] injecting hatch (84.5, 129.5)
2023-09-18 08:11:14.678 | 07:10   24ms  145M   56G  87/106U [ActUnit] DRONE from LARVA at (49.5, 99.6)
2023-09-18 08:11:14.684 | 07:10   24ms  145M   56G  87/106U [Inject] injecting hatch (49.5, 102.5)
2023-09-18 08:11:14.927 | 07:11   22ms  490M   60G  88/106U [Expand] Expanding to (136.5, 25.5)
2023-09-18 08:11:15.068 | 07:11   26ms  170M   60G  88/106U [ActUnit] DRONE from LARVA at (141.6, 119.4)
2023-09-18 08:11:15.320 | 07:12   24ms  175M   64G  89/106U [ActUnit] DRONE from LARVA at (115.6, 125.6)
2023-09-18 08:11:15.432 | 07:13   24ms  155M   68G  90/106U [ActUnit] DRONE from LARVA at (151.5, 78.7)
2023-09-18 08:11:15.584 | 07:13   27ms  110M   68G  91/106U [ActUnit] DRONE from LARVA at (47.8, 127.6)
2023-09-18 08:11:16.681 | 07:17   26ms  320M   84G  92/106U [Expand] Expanding to (136.5, 25.5)
2023-09-18 08:11:17.308 | 07:19   23ms  385M   92G  92/106U [ActUnit] DRONE from LARVA at (81.4, 99.7)
2023-09-18 08:11:17.314 | 07:19   23ms  385M   92G  92/106U [Expand] Expanding to (136.5, 25.5)
2023-09-18 08:11:17.755 | 07:20   30ms  130M  100G  93/112U [ActUnit] DRONE from LARVA at (84.3, 126.6)
2023-09-18 08:11:17.935 | 07:21   63ms  105M  108G  94/112U [ActUnit] DRONE from LARVA at (134.8, 50.5)
2023-09-18 08:11:18.109 | 07:21   89ms   90M  108G  95/112U [ActUnit] DRONE from LARVA at (49.4, 99.4)
2023-09-18 08:11:18.286 | 07:21   75ms   60M  108G  96/112U [ActUnit] DRONE from LARVA at (141.3, 119.8)
2023-09-18 08:11:18.467 | 07:22   90ms   35M  112G  97/112U [ActUnit] DRONE from LARVA at (141.1, 119.9)
2023-09-18 08:11:18.664 | 07:22   80ms   25M  116G  98/112U [ActUnit] DRONE from LARVA at (141.1, 119.9)
2023-09-18 08:11:18.833 | 07:23  100ms   30M  116G  99/112U [Inject] injecting hatch (141.5, 122.5)
2023-09-18 08:11:19.181 | 07:24   97ms   10M  124G  99/112U [ActUnit] DRONE from LARVA at (47.8, 127.6)
2023-09-18 08:11:19.490 | 07:25   92ms   35M  124G 100/112U [ActUnit] DRONE from LARVA at (115.4, 125.6)
2023-09-18 08:11:19.668 | 07:25   29ms   10M  132G 101/112U [ActUnit] DRONE from LARVA at (151.3, 78.1)
2023-09-18 08:11:20.037 | 07:26   75ms   15M  132G 101/112U [ActUnit] DRONE from LARVA at (141.1, 119.5)
2023-09-18 08:11:21.510 | 07:30   82ms  179M  156G 102/112U [ActUnit] DRONE from LARVA at (81.5, 99.4)
2023-09-18 08:11:21.888 | 07:30   72ms  184M  156G 103/112U [ActUnit] DRONE from LARVA at (151.5, 78.3)
2023-09-18 08:11:22.019 | 07:31   99ms  171M  164G 104/112U [ActUnit] DRONE from LARVA at (134.5, 50.6)
2023-09-18 08:11:22.208 | 07:31   33ms  163M  164G 105/112U [ActUnit] DRONE from LARVA at (84.4, 126.8)
2023-09-18 08:11:22.347 | 07:32   97ms  153M  164G 106/112U [ActUnit] DRONE from LARVA at (49.4, 99.8)
2023-09-18 08:11:22.356 | 07:32   97ms  153M  164G 106/112U [Inject] injecting hatch (134.5, 53.5)
2023-09-18 08:11:22.474 | 07:32   41ms  423M  168G 107/112U [ActUnit] DRONE from LARVA at (152.5, 78.3)
2023-09-18 08:11:22.481 | 07:32   41ms  423M  168G 107/112U [Expand] Expanding to (102.5, 53.5)
2023-09-18 08:11:22.482 | 07:32   41ms  123M  168G 107/112U [Tech] Started ZERGLINGMOVEMENTSPEED
2023-09-18 08:11:22.642 | 07:33   34ms    0M   72G 108/112U [ActUnit] DRONE from LARVA at (150.4, 79.0)
2023-09-18 08:11:23.876 | 07:34   29ms   25M   80G 109/112U [ActUnit] DRONE from LARVA at (115.4, 125.5)
2023-09-18 08:11:24.057 | 07:34   34ms  250M   80G 109/112U [ActUnit] OVERLORD from LARVA at (47.6, 127.6)
2023-09-18 08:11:24.058 | 07:34   34ms  200M   80G 109/112U [ActUnit] DRONE from LARVA at (141.3, 119.1)
2023-09-18 08:11:24.197 | 07:35   33ms  525M   80G 110/112U [Expand] Expanding to (102.5, 53.5)
2023-09-18 08:11:24.348 | 07:35   36ms  150M   88G 110/112U [ActUnit] OVERLORD from LARVA at (151.6, 78.7)
2023-09-18 08:11:25.814 | 07:40   34ms  386M  112G 110/112U [ActUnit] ZERGLING from LARVA at (83.6, 126.8)
2023-09-18 08:11:25.952 | 07:40   33ms  361M  112G 111/112U [ActUnit] ZERGLING from LARVA at (85.6, 126.3)
2023-09-18 08:11:26.239 | 07:41   32ms  378M  120G 111/112U [ActUnit] DRONE from LARVA at (81.9, 99.5)
2023-09-18 08:11:26.246 | 07:41   32ms  378M  120G 111/112U [Expand] Expanding to (60.5, 54.5)
2023-09-18 08:11:26.248 | 07:41   32ms   78M  120G 111/112U [Inject] injecting hatch (81.5, 102.5)
2023-09-18 08:11:26.859 | 07:43   31ms  138M  128G 111/112U [ActUnit] DRONE from LARVA at (50.2, 99.5)
2023-09-18 08:11:27.024 | 07:43   36ms  153M  128G 112/112U [PlanCancelBuilding] Cancelled HATCHERY at (102.5, 53.5) with 36.31396484375 health
2023-09-18 08:11:27.163 | 07:44   33ms  435M  128G 113/112U [ActBuilding] 1. EVOLUTIONCHAMBER near (40.9, 77.8)
2023-09-18 08:11:27.370 | 07:44   89ms  470M  136G 113/112U [ActBuilding] 1. EVOLUTIONCHAMBER near (56.3, 128.7)
2023-09-18 08:11:27.511 | 07:45   37ms  487M  136G 112/112U [ActBuilding] 1. EVOLUTIONCHAMBER near (132.6, 121.0)
2023-09-18 08:11:27.671 | 07:45   39ms  512M  136G 112/112U [ActBuilding] 1. EVOLUTIONCHAMBER near (87.1, 120.9)
2023-09-18 08:11:27.819 | 07:46   39ms  549M  144G 112/112U [ActBuilding] 1. EVOLUTIONCHAMBER near (40.7, 78.2)
2023-09-18 08:11:28.005 | 07:46   84ms  444M  144G 111/112U [ActUnit] DRONE from LARVA at (141.4, 119.8)
2023-09-18 08:11:28.012 | 07:46   84ms  444M  144G 111/112U [ActBuilding] 2. EVOLUTIONCHAMBER near (37.3, 82.1)
2023-09-18 08:11:28.337 | 07:47   43ms  386M  148G 111/112U [ActUnit] DRONE from LARVA at (47.7, 127.1)
2023-09-18 08:11:28.473 | 07:47   35ms  361M  152G 111/112U [ActUnit] DRONE from LARVA at (84.0, 126.9)
2023-09-18 08:11:28.762 | 07:48   33ms  371M  152G 111/112U [ActUnit] DRONE from LARVA at (152.0, 78.3)
2023-09-18 08:11:29.634 | 07:51   33ms  509M  168G 111/112U [ActUnit] DRONE from LARVA at (81.7, 99.6)
2023-09-18 08:11:29.641 | 07:51   33ms  509M  168G 111/112U [Inject] injecting hatch (47.5, 130.5)
2023-09-18 08:11:30.110 | 07:52   34ms  581M  176G 112/112U [Inject] injecting hatch (49.5, 102.5)
2023-09-18 08:11:30.240 | 07:53   35ms  561M  176G 112/120U [ActUnit] ZERGLING from LARVA at (116.1, 125.5)
2023-09-18 08:11:30.399 | 07:53   35ms  541M  184G 113/120U [ActUnit] ZERGLING from LARVA at (140.5, 119.8)
2023-09-18 08:11:30.536 | 07:54   34ms  546M  184G 114/128U [ActUnit] ZERGLING from LARVA at (49.6, 99.7)
2023-09-18 08:11:30.695 | 07:54   36ms  536M  184G 115/128U [ActUnit] ZERGLING from LARVA at (48.4, 99.8)
2023-09-18 08:11:30.835 | 07:55   35ms  523M  192G 116/128U [ActUnit] ZERGLING from LARVA at (46.3, 127.9)
2023-09-18 08:11:30.844 | 07:55   35ms  523M  192G 116/128U [Inject] injecting hatch (115.5, 128.5)
2023-09-18 08:11:30.992 | 07:55   42ms  495M  192G 117/128U [ActUnit] ZERGLING from LARVA at (115.6, 125.6)
2023-09-18 08:11:31.130 | 07:55   35ms  489M  192G 118/128U [ActUnit] ZERGLING from LARVA at (48.6, 128.0)
2023-09-18 08:11:31.298 | 07:56   46ms  454M  200G 119/128U [ActUnit] ZERGLING from LARVA at (46.3, 127.8)
2023-09-18 08:11:31.443 | 07:56   36ms  429M  200G 120/128U [ActUnit] ZERGLING from LARVA at (140.4, 120.0)
2023-09-18 08:11:31.613 | 07:57   42ms  406M  200G 121/128U [ActUnit] ZERGLING from LARVA at (84.9, 126.9)
2023-09-18 08:11:31.760 | 07:57   36ms  376M  204G 122/128U [ActUnit] ZERGLING from LARVA at (142.7, 119.1)
2023-09-18 08:11:31.972 | 07:58   95ms  348M  208G 123/128U [ActUnit] ZERGLING from LARVA at (134.8, 50.2)
2023-09-18 08:11:32.112 | 07:58   35ms  298M  208G 124/128U [ActUnit] OVERLORD from LARVA at (151.2, 78.5)
2023-09-18 08:11:32.114 | 07:58   35ms  248M  208G 124/128U [ActUnit] ZERGLING from LARVA at (140.8, 119.9)
2023-09-18 08:11:32.269 | 07:59   40ms  178M  208G 125/128U [ActUnit] OVERLORD from LARVA at (48.3, 100.1)
2023-09-18 08:11:32.271 | 07:59   40ms  128M  208G 125/128U [ActUnit] ZERGLING from LARVA at (134.7, 50.2)
2023-09-18 08:11:32.415 | 07:59   38ms  135M  216G 126/128U [ActUnit] ZERGLING from LARVA at (84.3, 126.9)
2023-09-18 08:11:32.577 | 07:59   47ms  115M  216G 127/128U [ActUnit] ZERGLING from LARVA at (47.3, 127.5)
2023-09-18 08:11:33.958 | 08:03   36ms  410M  240G 128/128U [Inject] injecting hatch (151.5, 81.5)
2023-09-18 08:11:34.116 | 08:04   49ms  414M  240G 128/134U [ActUnit] ZERGLING from LARVA at (84.5, 126.6)
2023-09-18 08:11:34.262 | 08:04   36ms  384M  240G 129/134U [ActUnit] ZERGLING from LARVA at (81.6, 99.9)
2023-09-18 08:11:34.440 | 08:05   45ms  359M  248G 130/134U [ActUnit] ZERGLING from LARVA at (48.0, 99.6)
2023-09-18 08:11:34.585 | 08:05   38ms  363M  248G 131/134U [ActUnit] ZERGLING from LARVA at (49.7, 99.5)
2023-09-18 08:11:34.740 | 08:06   44ms  328M  248G 132/134U [ActUnit] ZERGLING from LARVA at (134.4, 50.4)
2023-09-18 08:11:34.878 | 08:06   39ms  324M  252G 133/134U [ActUnit] ZERGLING from LARVA at (123.4, 98.8)
2023-09-18 08:11:35.646 | 08:08   54ms  449M  264G 133/134U [ActUnit] DRONE from LARVA at (141.1, 119.7)
2023-09-18 08:11:36.846 | 08:12   47ms  730M  280G 134/134U [Tech] Started ZERGMELEEWEAPONSLEVEL1
2023-09-18 08:11:37.142 | 08:13   48ms  739M  188G 134/134U [Inject] injecting hatch (84.5, 129.5)
2023-09-18 08:11:37.292 | 08:13   38ms  776M  188G 134/134U [Tech] Started ZERGGROUNDARMORSLEVEL1
2023-09-18 08:11:37.638 | 08:14   52ms  653M   46G 134/134U [GameAnalyzer] Known army advantage is now ClearDisadvantage
2023-09-18 08:11:37.638 | 08:14   52ms  653M   46G 134/134U [GameAnalyzer] Predicted army advantage is now ClearDisadvantage
2023-09-18 08:11:38.563 | 08:16   45ms  830M   58G 134/142U [ActUnit] ZERGLING from LARVA at (135.4, 50.9)
2023-09-18 08:11:38.713 | 08:17   37ms  807M   62G 135/150U [ActUnit] ZERGLING from LARVA at (49.2, 99.9)
2023-09-18 08:11:38.883 | 08:17   44ms  804M   62G 136/150U [ActUnit] ZERGLING from LARVA at (81.5, 99.1)
2023-09-18 08:11:39.031 | 08:18   37ms  791M   62G 137/150U [ActUnit] ZERGLING from LARVA at (84.5, 126.8)
2023-09-18 08:11:39.181 | 08:18   44ms  810M   70G 138/150U [ActUnit] ZERGLING from LARVA at (47.4, 127.9)
2023-09-18 08:11:39.327 | 08:19   37ms  792M   70G 139/150U [ActUnit] ZERGLING from LARVA at (152.0, 78.5)
2023-09-18 08:11:39.479 | 08:19   41ms  764M   70G 140/150U [ActUnit] ZERGLING from LARVA at (141.6, 119.9)
2023-09-18 08:11:39.626 | 08:20   37ms  758M   78G 141/150U [ActUnit] ZERGLING from LARVA at (133.3, 51.1)
2023-09-18 08:11:39.793 | 08:20   43ms  759M   78G 142/156U [ActUnit] ZERGLING from LARVA at (133.3, 51.1)
2023-09-18 08:11:39.800 | 08:20   43ms  759M   78G 142/156U [Inject] injecting hatch (32.5, 74.5)
2023-09-18 08:11:39.801 | 08:20   43ms  759M   78G 142/156U [Inject] injecting hatch (47.5, 130.5)
2023-09-18 08:11:39.943 | 08:20   39ms  756M   78G 143/156U [ActUnit] ZERGLING from LARVA at (116.2, 125.8)
2023-09-18 08:11:40.113 | 08:21   44ms  731M   86G 144/156U [ActUnit] ZERGLING from LARVA at (47.5, 127.6)
2023-09-18 08:11:40.265 | 08:21   38ms  733M   86G 145/156U [ActUnit] ZERGLING from LARVA at (133.5, 50.9)
2023-09-18 08:11:40.445 | 08:22   42ms  715M   86G 146/156U [ActUnit] ZERGLING from LARVA at (116.1, 125.6)
2023-09-18 08:11:40.593 | 08:22   37ms  750M   86G 147/156U [GameAnalyzer] Known army advantage is now SmallDisadvantage
2023-09-18 08:11:40.594 | 08:22   37ms  750M   86G 147/156U [GameAnalyzer] Predicted army advantage is now SmallDisadvantage
2023-09-18 08:11:40.595 | 08:22   37ms  700M   86G 147/156U [ActUnit] ZERGLING from LARVA at (33.1, 71.7)
2023-09-18 08:11:40.752 | 08:23   45ms  697M   94G 148/156U [ActUnit] ZERGLING from LARVA at (47.9, 127.5)
2023-09-18 08:11:40.910 | 08:23   39ms  699M   94G 149/156U [ActUnit] ZERGLING from LARVA at (48.8, 99.9)
2023-09-18 08:11:41.073 | 08:24   47ms  681M   94G 150/156U [ActUnit] ZERGLING from LARVA at (124.1, 98.3)
2023-09-18 08:11:41.226 | 08:24   38ms  657M  102G 151/156U [ActUnit] ZERGLING from LARVA at (48.8, 99.9)
2023-09-18 08:11:41.409 | 08:24   47ms  614M  102G 152/156U [ActUnit] OVERLORD from LARVA at (81.2, 99.9)
2023-09-18 08:11:41.411 | 08:24   47ms  564M  102G 152/156U [ActUnit] ZERGLING from LARVA at (151.3, 78.9)
2023-09-18 08:11:41.567 | 08:25   42ms  486M  102G 153/156U [ActUnit] OVERLORD from LARVA at (81.0, 99.9)
2023-09-18 08:11:41.569 | 08:25   42ms  436M  102G 153/156U [ActUnit] ZERGLING from LARVA at (49.4, 99.6)
2023-09-18 08:11:41.725 | 08:25   45ms  437M  110G 154/156U [ActUnit] ZERGLING from LARVA at (84.5, 126.6)
2023-09-18 08:11:41.882 | 08:26   41ms  434M  110G 155/156U [ActUnit] ZERGLING from LARVA at (46.4, 128.0)
2023-09-18 08:11:42.047 | 08:26   50ms  469M  110G 156/156U [Inject] injecting hatch (141.5, 122.5)
2023-09-18 08:11:42.203 | 08:27   42ms  499M  114G 156/156U [Expand] Expanding to (102.5, 53.5)
2023-09-18 08:11:42.427 | 08:27   57ms  208M  118G 155/156U [ActUnit] ZERGLING from LARVA at (115.5, 125.6)
2023-09-18 08:11:42.909 | 08:28   42ms  315M  126G 156/156U [GameAnalyzer] Known army advantage is now ClearDisadvantage
2023-09-18 08:11:42.910 | 08:28   42ms  315M  126G 156/156U [GameAnalyzer] Predicted army advantage is now ClearDisadvantage
2023-09-18 08:11:42.920 | 08:28   42ms  315M  126G 156/156U [Expand] Expanding to (102.5, 53.5)
2023-09-18 08:11:44.782 | 08:32   54ms  305M  142G 156/156U [Expand] Expanding to (102.5, 53.5)
2023-09-18 08:11:45.903 | 08:35   43ms  301M  158G 156/156U [Expand] Expanding to (102.5, 53.5)
2023-09-18 08:11:46.087 | 08:35   56ms   43M  158G 156/156U [Inject] injecting hatch (134.5, 53.5)
2023-09-18 08:11:46.248 | 08:36   44ms  313M  162G 155/156U [ActUnit] DRONE from LARVA at (82.2, 99.8)
2023-09-18 08:11:46.257 | 08:36   44ms  138M   62G 155/156U [BuildGas] Building EXTRACTOR to (77.5, 132.5)
2023-09-18 08:11:46.431 | 08:36   55ms  170M   66G 156/156U [Inject] injecting hatch (49.5, 102.5)
2023-09-18 08:11:46.586 | 08:36   45ms  214M   66G 156/156U [GameAnalyzer] Known army advantage is now SmallDisadvantage
2023-09-18 08:11:46.587 | 08:36   45ms  214M   66G 156/156U [GameAnalyzer] Predicted army advantage is now SmallDisadvantage
2023-09-18 08:11:46.791 | 08:37   46ms  514M   66G 155/162U [ActUnit] DRONE from LARVA at (141.2, 119.7)
2023-09-18 08:11:46.947 | 08:37   40ms  519M   74G 156/162U [ActUnit] ZERGLING from LARVA at (49.1, 99.9)
2023-09-18 08:11:47.141 | 08:38   47ms  491M   74G 156/162U [ActUnit] DRONE from LARVA at (47.0, 127.4)
2023-09-18 08:11:47.307 | 08:38   41ms  478M   74G 157/162U [ActUnit] ZERGLING from LARVA at (151.3, 78.9)
2023-09-18 08:11:47.495 | 08:39   55ms  458M   82G 158/162U [ActUnit] ZERGLING from LARVA at (134.2, 50.4)
2023-09-18 08:11:47.503 | 08:39   55ms  458M   82G 158/162U [Expand] Expanding to (102.5, 53.5)
2023-09-18 08:11:47.667 | 08:39   46ms  167M   82G 159/162U [ActUnit] ZERGLING from LARVA at (114.8, 125.5)
2023-09-18 08:11:47.851 | 08:40   50ms  159M   82G 160/162U [ActUnit] ZERGLING from LARVA at (32.9, 71.8)
2023-09-18 08:11:48.022 | 08:40   44ms  426M   90G 160/162U [ActUnit] DRONE from LARVA at (123.4, 98.8)
2023-09-18 08:11:48.196 | 08:40   59ms  420M   90G 161/162U [ActUnit] ZERGLING from LARVA at (115.0, 125.3)
2023-09-18 08:11:48.875 | 08:42   56ms  812M   98G 161/162U [ActUnit] DRONE from LARVA at (124.1, 98.4)
2023-09-18 08:11:49.048 | 08:43   43ms  809M   98G 162/170U [ActUnit] ZERGLING from LARVA at (84.7, 126.5)
2023-09-18 08:11:49.246 | 08:43   51ms  786M  106G 162/178U [ActUnit] ZERGLING from LARVA at (114.9, 125.9)
2023-09-18 08:11:49.411 | 08:44   41ms  776M  106G 163/178U [ActUnit] ZERGLING from LARVA at (134.4, 50.9)
2023-09-18 08:11:49.583 | 08:44   47ms  780M  106G 164/178U [ActUnit] ZERGLING from LARVA at (32.4, 71.7)
2023-09-18 08:11:49.753 | 08:45   41ms  770M  114G 165/178U [ActUnit] ZERGLING from LARVA at (151.1, 78.1)
2023-09-18 08:11:49.762 | 08:45   41ms  770M  114G 165/178U [Inject] injecting hatch (81.5, 102.5)
2023-09-18 08:11:49.916 | 08:45   55ms  730M  114G 166/178U [ActUnit] ZERGLING from LARVA at (142.0, 119.6)
2023-09-18 08:11:50.085 | 08:45   41ms  707M  114G 167/178U [ActUnit] ZERGLING from LARVA at (47.4, 127.6)
2023-09-18 08:11:50.092 | 08:45   41ms  707M  114G 167/178U [Expand] Expanding to (102.5, 53.5)
2023-09-18 08:11:50.262 | 08:46   50ms  413M  118G 168/178U [ActUnit] ZERGLING from LARVA at (115.5, 125.6)
2023-09-18 08:11:50.269 | 08:46   50ms  413M  118G 168/178U [Expand] Expanding to (102.5, 53.5)
2023-09-18 08:11:50.426 | 08:46   42ms   93M  122G 169/178U [ActUnit] ZERGLING from LARVA at (150.6, 78.4)
2023-09-18 08:11:50.602 | 08:47   55ms   88M  122G 170/178U [ActUnit] ZERGLING from LARVA at (49.4, 99.8)
2023-09-18 08:11:50.759 | 08:47   42ms   75M  122G 171/178U [ActUnit] ZERGLING from LARVA at (150.5, 78.3)
2023-09-18 08:11:50.957 | 08:48   45ms   62M  130G 172/178U [ActUnit] ZERGLING from LARVA at (136.7, 22.1)
2023-09-18 08:11:51.126 | 08:48   42ms   52M  130G 173/178U [ActUnit] ZERGLING from LARVA at (124.1, 98.4)
2023-09-18 08:11:51.306 | 08:49   45ms   29M  130G 174/178U [ActUnit] ZERGLING from LARVA at (82.2, 99.6)
2023-09-18 08:11:51.482 | 08:49   44ms   21M  138G 175/178U [ActUnit] ZERGLING from LARVA at (150.6, 78.6)
2023-09-18 08:11:51.677 | 08:49   64ms   11M  138G 176/178U [ActUnit] ZERGLING from LARVA at (82.0, 99.2)
2023-09-18 08:11:51.864 | 08:50   44ms    1M  138G 177/178U [ActUnit] ZERGLING from LARVA at (49.7, 99.8)
2023-09-18 08:11:52.640 | 08:52   46ms   37M  146G 177/178U [ActUnit] OVERLORD from LARVA at (47.7, 127.8)
2023-09-18 08:11:52.860 | 08:52   63ms   34M  154G 177/178U [ActUnit] DRONE from LARVA at (141.9, 119.6)
2023-09-18 08:11:53.068 | 08:53   47ms   61M  154G 178/178U [PlanCancelBuilding] Cancelled HATCHERY at (102.5, 53.5) with 127.634765625 health
2023-09-18 08:11:53.260 | 08:53   68ms  508M  154G 178/178U [ActUnit] OVERLORD from LARVA at (137.0, 22.6)
2023-09-18 08:11:53.270 | 08:53   68ms  483M  154G 178/178U [BuildGas] Building EXTRACTOR to (137.5, 129.5)
2023-09-18 08:11:53.459 | 08:53   50ms  768M  162G 177/178U [ActUnit] DRONE from LARVA at (32.5, 71.3)
2023-09-18 08:11:53.664 | 08:54   62ms  832M  162G 178/178U [Inject] injecting hatch (47.5, 130.5)
2023-09-18 08:11:53.848 | 08:54   47ms  827M  162G 177/178U [ActUnit] DRONE from LARVA at (151.3, 78.5)
2023-09-18 08:11:53.857 | 08:54   47ms  802M  162G 177/178U [BuildGas] Building EXTRACTOR to (54.5, 131.5)
2023-09-18 08:11:54.471 | 08:56  111ms  847M  170G 177/178U [ActUnit] DRONE from LARVA at (84.1, 126.4)
2023-09-18 08:11:55.603 | 08:58   46ms 1037M  186G 178/178U [Inject] injecting hatch (123.5, 101.5)
2023-09-18 08:11:55.777 | 08:58   65ms 1022M  186G 177/178U [ActUnit] DRONE from LARVA at (82.0, 99.4)
2023-09-18 08:11:57.519 | 09:02   47ms 1364M  210G 178/184U [GameAnalyzer] Known army advantage is now SlightDisadvantage
2023-09-18 08:11:57.520 | 09:02   47ms 1364M  210G 178/184U [GameAnalyzer] Predicted army advantage is now SlightDisadvantage
2023-09-18 08:11:57.522 | 09:02   47ms 1314M  210G 178/184U [ActUnit] ZERGLING from LARVA at (84.4, 126.5)
2023-09-18 08:11:57.530 | 09:02   47ms 1314M  210G 178/184U [Inject] injecting hatch (60.5, 54.5)
2023-09-18 08:11:57.738 | 09:03   56ms 1279M  210G 179/184U [ActUnit] ZERGLING from LARVA at (32.5, 71.5)
2023-09-18 08:11:57.931 | 09:03   52ms 1276M  210G 180/184U [ActUnit] ZERGLING from LARVA at (141.5, 119.6)
2023-09-18 08:11:58.121 | 09:04   62ms 1258M  218G 181/184U [ActUnit] ZERGLING from LARVA at (123.4, 98.5)
2023-09-18 08:11:58.315 | 09:04   49ms 1233M  218G 182/184U [ActUnit] ZERGLING from LARVA at (141.8, 119.7)
2023-09-18 08:11:58.527 | 09:05   64ms 1200M  218G 183/184U [ActUnit] ZERGLING from LARVA at (141.1, 119.9)
2023-09-18 08:11:59.489 | 09:07   49ms 1399M  234G 184/184U [Inject] injecting hatch (151.5, 81.5)
2023-09-18 08:12:00.874 | 09:10   57ms 1537M  250G 184/192U [ActUnit] ZERGLING from LARVA at (32.8, 71.6)
2023-09-18 08:12:01.057 | 09:10   47ms 1522M  250G 185/192U [ActUnit] ZERGLING from LARVA at (136.5, 22.4)
2023-09-18 08:12:01.249 | 09:11   56ms 1489M  254G 186/192U [ActUnit] ZERGLING from LARVA at (142.0, 119.3)
2023-09-18 08:12:01.438 | 09:11   46ms 1469M  258G 187/200U [ActUnit] ZERGLING from LARVA at (151.4, 78.2)
2023-09-18 08:12:01.669 | 09:12   58ms 1444M  258G 188/200U [ActUnit] ZERGLING from LARVA at (60.3, 51.9)
2023-09-18 08:12:01.850 | 09:12   45ms 1431M  258G 189/200U [ActUnit] ZERGLING from LARVA at (84.5, 126.8)
2023-09-18 08:12:02.051 | 09:13   50ms 1401M  266G 190/200U [ActUnit] ZERGLING from LARVA at (47.8, 127.9)
2023-09-18 08:12:02.231 | 09:13   44ms 1398M  266G 191/200U [ActUnit] ZERGLING from LARVA at (83.9, 126.6)
2023-09-18 08:12:02.245 | 09:13   44ms 1398M  266G 191/200U [PlanZoneAttack] Supply is 191 -> attack!
2023-09-18 08:12:02.247 | 09:13   44ms 1398M  266G 191/200U [PlanZoneAttack] Attack started at 67.27 power.
2023-09-18 08:12:02.426 | 09:14   53ms 1389M  266G 191/200U [ActUnit] ZERGLING from LARVA at (60.3, 51.5)
2023-09-18 08:12:02.655 | 09:14   61ms 1364M  274G 192/200U [ActUnit] ZERGLING from LARVA at (31.1, 72.3)
2023-09-18 08:12:02.904 | 09:14   69ms 1351M  274G 193/200U [ActUnit] ZERGLING from LARVA at (135.1, 50.9)
2023-09-18 08:12:03.130 | 09:15   63ms 1321M  274G 194/200U [ActUnit] ZERGLING from LARVA at (115.4, 125.5)
2023-09-18 08:12:03.360 | 09:15   67ms 1291M  278G 195/200U [ActUnit] ZERGLING from LARVA at (151.4, 78.5)
2023-09-18 08:12:03.635 | 09:16  113ms 1258M  282G 196/200U [ActUnit] ZERGLING from LARVA at (123.5, 98.2)
2023-09-18 08:12:03.863 | 09:16   68ms 1253M  282G 197/200U [ActUnit] ZERGLING from LARVA at (49.6, 99.6)
2023-09-18 08:12:03.872 | 09:16   68ms 1253M  282G 197/200U [Inject] injecting hatch (84.5, 129.5)
2023-09-18 08:12:04.141 | 09:17   60ms 1223M  282G 198/200U [ActUnit] ZERGLING from LARVA at (115.5, 125.9)
2023-09-18 08:12:04.430 | 09:17  128ms 1188M  290G 199/200U [ActUnit] ZERGLING from LARVA at (134.6, 50.1)
2023-09-18 08:12:05.058 | 09:18  131ms 1262M  290G 200/200U [Expand] Expanding to (102.5, 53.5)
2023-09-18 08:12:05.367 | 09:18  117ms  987M  298G 200/200U [Expand] Expanding to (102.5, 53.5)
2023-09-18 08:12:05.666 | 09:19  138ms  726M  298G 200/200U [Expand] Expanding to (102.5, 53.5)
2023-09-18 08:12:05.980 | 09:19  111ms  478M  298G 200/200U [Expand] Expanding to (102.5, 53.5)
2023-09-18 08:12:06.724 | 09:21   72ms  192M  310G 199/200U [ActUnit] DRONE from LARVA at (47.2, 127.1)
2023-09-18 08:12:06.734 | 09:21   72ms  192M  310G 199/200U [Inject] injecting hatch (32.5, 74.5)
2023-09-18 08:12:08.093 | 09:23   76ms  281M  330G 199/200U [ActUnit] ZERGLING from LARVA at (134.6, 50.2)
2023-09-18 08:12:08.429 | 09:23  113ms  306M  330G 198/200U [GameAnalyzer] Known army advantage is now SmallDisadvantage
2023-09-18 08:12:08.430 | 09:23  113ms  306M  330G 198/200U [GameAnalyzer] Predicted army advantage is now SmallDisadvantage
2023-09-18 08:12:08.432 | 09:23  113ms  256M  330G 198/200U [ActUnit] ZERGLING from LARVA at (31.9, 71.4)
2023-09-18 08:12:08.755 | 09:24  112ms  256M  334G 197/200U [ActUnit] ZERGLING from LARVA at (133.9, 50.8)
2023-09-18 08:12:09.220 | 09:24  117ms  538M  342G 196/200U [ActUnit] ZERGLING from LARVA at (136.2, 22.9)
2023-09-18 08:12:09.230 | 09:24  117ms  538M  342G 196/200U [Expand] Expanding to (99.5, 26.5)
2023-09-18 08:12:09.540 | 09:25  105ms  520M  346G 194/200U [ActUnit] DRONE from LARVA at (142.0, 119.7)
2023-09-18 08:12:09.554 | 09:25  105ms  520M  346G 194/200U [Expand] Expanding to (99.5, 26.5)
2023-09-18 08:12:09.869 | 09:25  115ms  212M  346G 192/200U [ActUnit] ZERGLING from LARVA at (32.7, 71.6)
2023-09-18 08:12:10.183 | 09:26   96ms  189M  350G 188/200U [ActUnit] ZERGLING from LARVA at (84.3, 126.6)
2023-09-18 08:12:10.193 | 09:26   96ms  189M  350G 188/200U [Inject] injecting hatch (49.5, 102.5)
2023-09-18 08:12:10.561 | 09:26  142ms  459M  358G 187/200U [ActUnit] ZERGLING from LARVA at (48.0, 100.1)
2023-09-18 08:12:10.569 | 09:26  142ms  459M  358G 187/200U [Expand] Expanding to (99.5, 26.5)
2023-09-18 08:12:10.922 | 09:26  129ms  124M  358G 187/200U [ActUnit] ZERGLING from LARVA at (82.0, 99.7)
2023-09-18 08:12:11.290 | 09:27  150ms   89M  358G 183/200U [ActUnit] ZERGLING from LARVA at (134.4, 50.9)
2023-09-18 08:12:11.623 | 09:27  113ms   79M  366G 184/200U [ActUnit] ZERGLING from LARVA at (135.1, 50.8)
2023-09-18 08:12:11.961 | 09:28  130ms   46M  370G 184/200U [ActUnit] ZERGLING from LARVA at (84.9, 126.7)
2023-09-18 08:12:12.266 | 09:28  105ms   28M  370G 184/200U [ActUnit] ZERGLING from LARVA at (49.7, 99.4)
2023-09-18 08:12:12.583 | 09:29  108ms  613M  382G 183/200U [ActUnit] DRONE from LARVA at (136.3, 22.6)
2023-09-18 08:12:12.646 | 09:29  108ms  613M  382G 183/200U [Expand] Expanding to (99.5, 26.5)
2023-09-18 08:12:12.927 | 09:29  143ms  313M  382G 183/200U [ActUnit] ZERGLING from LARVA at (141.9, 119.9)
2023-09-18 08:12:12.937 | 09:29  143ms  313M  382G 183/200U [Expand] Expanding to (99.5, 26.5)
2023-09-18 08:12:14.075 | 09:30   99ms   52M  382G 181/200U [GameAnalyzer] Known army advantage is now ClearDisadvantage
2023-09-18 08:12:14.076 | 09:30   99ms   52M  382G 181/200U [GameAnalyzer] Predicted army advantage is now ClearDisadvantage
2023-09-18 08:12:14.078 | 09:30   99ms    2M  382G 181/200U [ActUnit] ZERGLING from LARVA at (48.3, 100.1)
2023-09-18 08:12:14.086 | 09:30   99ms    2M  382G 181/200U [Inject] injecting hatch (141.5, 122.5)
2023-09-18 08:12:14.630 | 09:30   77ms   24M  394G 181/200U [ActUnit] ZERGLING from LARVA at (115.0, 125.5)
2023-09-18 08:12:14.900 | 09:31   78ms   11M  394G 181/200U [ActUnit] ZERGLING from LARVA at (47.6, 127.9)
2023-09-18 08:12:15.176 | 09:31   76ms   41M  398G 182/200U [GameAnalyzer] Known army advantage is now SmallDisadvantage
2023-09-18 08:12:15.177 | 09:31   76ms   41M  398G 182/200U [GameAnalyzer] Predicted army advantage is now SmallDisadvantage
2023-09-18 08:12:15.448 | 09:32   79ms    6M  414G 182/200U [ActUnit] ZERGLING from LARVA at (47.7, 127.4)
2023-09-18 08:12:16.010 | 09:33   73ms  313M  414G 181/200U [ActUnit] DRONE from LARVA at (80.0, 100.4)
2023-09-18 08:12:16.020 | 09:33   73ms  313M  414G 181/200U [Expand] Expanding to (99.5, 26.5)
2023-09-18 08:12:16.584 | 09:34   80ms   15M  426G 182/200U [ActUnit] ZERGLING from LARVA at (136.0, 22.9)
2023-09-18 08:12:16.888 | 09:34   81ms    0M  426G 183/200U [ActUnit] ZERGLING from LARVA at (80.4, 100.0)
2023-09-18 08:12:17.469 | 09:35   94ms   49M  442G 184/200U [ActUnit] ZERGLING from LARVA at (122.9, 98.7)
2023-09-18 08:12:17.769 | 09:35   87ms   29M  446G 185/200U [ActUnit] ZERGLING from LARVA at (122.8, 98.6)
2023-09-18 08:12:18.088 | 09:36   88ms   26M  450G 184/200U [ActUnit] ZERGLING from LARVA at (141.3, 119.4)
2023-09-18 08:12:18.377 | 09:36   83ms   18M  458G 184/200U [ActUnit] DRONE from LARVA at (134.3, 50.4)
2023-09-18 08:12:18.955 | 09:37   86ms    8M  462G 185/200U [ActUnit] ZERGLING from LARVA at (60.0, 51.7)
2023-09-18 08:12:19.573 | 09:38   92ms  355M  478G 183/200U [GameAnalyzer] Known army advantage is now ClearDisadvantage
2023-09-18 08:12:19.574 | 09:38   92ms  355M  478G 183/200U [GameAnalyzer] Predicted army advantage is now ClearDisadvantage
2023-09-18 08:12:19.577 | 09:38   92ms  305M  478G 183/200U [ActUnit] ZERGLING from LARVA at (81.6, 99.8)
2023-09-18 08:12:19.587 | 09:38   92ms  305M  478G 183/200U [PlanCancelBuilding] Cancelled HATCHERY at (102.5, 53.5) with 57.4189453125 health
2023-09-18 08:12:19.877 | 09:39  100ms  510M  478G 184/200U [ActUnit] ZERGLING from LARVA at (49.6, 99.5)
2023-09-18 08:12:19.886 | 09:39  100ms  510M  478G 184/200U [Inject] injecting hatch (134.5, 53.5)
2023-09-18 08:12:20.163 | 09:39   93ms  501M  490G 184/200U [ActUnit] ZERGLING from LARVA at (48.8, 99.9)
2023-09-18 08:12:20.469 | 09:39  108ms  491M  490G 185/200U [ActUnit] ZERGLING from LARVA at (46.5, 127.9)
2023-09-18 08:12:20.759 | 09:40   98ms  471M  494G 186/200U [ActUnit] ZERGLING from LARVA at (60.2, 51.4)
2023-09-18 08:12:21.068 | 09:40  108ms  483M  498G 186/200U [ActUnit] ZERGLING from LARVA at (123.3, 98.7)
2023-09-18 08:12:21.370 | 09:41  100ms  473M  506G 186/200U [ActUnit] ZERGLING from LARVA at (115.3, 125.4)
2023-09-18 08:12:21.720 | 09:41  116ms  760M  510G 184/200U [ActUnit] ZERGLING from LARVA at (47.6, 127.8)
2023-09-18 08:12:22.002 | 09:42   96ms  747M  510G 185/200U [ActUnit] ZERGLING from LARVA at (136.2, 22.8)
2023-09-18 08:12:22.289 | 09:42  101ms  722M  522G 184/200U [ActUnit] ZERGLING from LARVA at (84.7, 126.8)
2023-09-18 08:12:22.564 | 09:43   91ms  704M  526G 185/200U [ActUnit] ZERGLING from LARVA at (32.7, 71.6)
2023-09-18 08:12:23.109 | 09:43  103ms  674M  526G 186/200U [ActUnit] ZERGLING from LARVA at (151.2, 78.8)
2023-09-18 08:12:23.395 | 09:43   92ms  639M  538G 185/200U [ActUnit] ZERGLING from LARVA at (32.7, 71.7)
2023-09-18 08:12:23.695 | 09:44  101ms  648M  538G 185/200U [ActUnit] ZERGLING from LARVA at (81.1, 99.9)
2023-09-18 08:12:23.969 | 09:44   89ms  635M  542G 186/200U [ActUnit] ZERGLING from LARVA at (46.5, 127.9)
2023-09-18 08:12:24.257 | 09:45  105ms  600M  550G 186/200U [ActUnit] ZERGLING from LARVA at (115.3, 125.6)
2023-09-18 08:12:24.528 | 09:45   85ms  605M  554G 186/200U [ActUnit] ZERGLING from LARVA at (123.6, 98.5)
2023-09-18 08:12:24.811 | 09:46   93ms  627M  558G 187/200U [ActUnit] ZERGLING from LARVA at (123.6, 98.5)
2023-09-18 08:12:25.087 | 09:46   91ms  612M  558G 188/200U [ActUnit] ZERGLING from LARVA at (122.0, 98.8)
2023-09-18 08:12:25.387 | 09:47   89ms  587M  570G 187/200U [ActUnit] ZERGLING from LARVA at (134.1, 50.4)
2023-09-18 08:12:25.662 | 09:47   91ms  586M  574G 188/200U [ActUnit] ZERGLING from LARVA at (81.4, 99.4)
2023-09-18 08:12:25.939 | 09:47   93ms  573M  574G 189/200U [ActUnit] ZERGLING from LARVA at (61.2, 51.5)
2023-09-18 08:12:25.950 | 09:47   93ms  573M  574G 189/200U [Inject] injecting hatch (60.5, 54.5)
2023-09-18 08:12:26.212 | 09:48   94ms  548M  586G 189/200U [ActUnit] ZERGLING from LARVA at (151.3, 78.2)
2023-09-18 08:12:26.222 | 09:48   94ms  548M  586G 189/200U [Inject] injecting hatch (81.5, 102.5)
2023-09-18 08:12:26.507 | 09:48   96ms  530M  590G 190/200U [ActUnit] ZERGLING from LARVA at (46.7, 127.7)
2023-09-18 08:12:26.776 | 09:49   90ms  495M  590G 191/200U [ActUnit] ZERGLING from LARVA at (150.0, 79.1)
2023-09-18 08:12:27.054 | 09:49   94ms  487M  602G 192/200U [ActUnit] ZERGLING from LARVA at (59.3, 51.8)
2023-09-18 08:12:27.330 | 09:50   88ms  469M  602G 193/200U [ActUnit] ZERGLING from LARVA at (49.5, 99.9)
2023-09-18 08:12:27.618 | 09:50   89ms  454M  606G 194/200U [ActUnit] ZERGLING from LARVA at (151.4, 78.8)
2023-09-18 08:12:27.903 | 09:51   90ms  454M  610G 194/200U [ActUnit] ZERGLING from LARVA at (82.2, 99.6)
2023-09-18 08:12:28.191 | 09:51   95ms  456M  618G 195/200U [ActUnit] ZERGLING from LARVA at (151.4, 78.8)
2023-09-18 08:12:28.472 | 09:51   87ms  451M  622G 195/200U [ActUnit] ZERGLING from LARVA at (151.0, 78.4)
2023-09-18 08:12:28.776 | 09:52   93ms  421M  622G 194/200U [ActUnit] ZERGLING from LARVA at (115.4, 125.6)
2023-09-18 08:12:29.052 | 09:52   88ms  432M  634G 195/200U [ActUnit] ZERGLING from LARVA at (61.4, 51.1)
2023-09-18 08:12:29.340 | 09:53   94ms  412M  638G 196/200U [ActUnit] ZERGLING from LARVA at (47.4, 127.7)
2023-09-18 08:12:29.620 | 09:53   89ms  399M  638G 196/200U [ActUnit] ZERGLING from LARVA at (136.6, 22.8)
2023-09-18 08:12:29.903 | 09:54   93ms  379M  650G 196/200U [ActUnit] ZERGLING from LARVA at (84.3, 126.5)
2023-09-18 08:12:30.184 | 09:54   96ms  344M  650G 197/200U [ActUnit] ZERGLING from LARVA at (141.5, 119.4)
2023-09-18 08:12:30.476 | 09:55  105ms  326M  654G 195/200U [ActUnit] ZERGLING from LARVA at (123.1, 98.6)
2023-09-18 08:12:30.750 | 09:55   96ms  333M  662G 196/200U [ActUnit] ZERGLING from LARVA at (32.8, 71.1)
2023-09-18 08:12:31.061 | 09:55  102ms  318M  666G 196/200U [ActUnit] ZERGLING from LARVA at (60.9, 51.9)
2023-09-18 08:12:31.337 | 09:56   95ms  293M  670G 197/200U [ActUnit] ZERGLING from LARVA at (84.3, 126.7)
2023-09-18 08:12:31.638 | 09:56  102ms  300M  670G 196/200U [ActUnit] ZERGLING from LARVA at (49.0, 99.6)
2023-09-18 08:12:31.918 | 09:57   94ms  295M  682G 196/200U [ActUnit] ZERGLING from LARVA at (134.9, 50.3)
2023-09-18 08:12:32.206 | 09:57  102ms  294M  686G 195/200U [ActUnit] ZERGLING from LARVA at (141.4, 119.4)
2023-09-18 08:12:32.216 | 09:57  102ms  294M  686G 195/200U [Inject] injecting hatch (47.5, 130.5)
2023-09-18 08:12:32.486 | 09:58   94ms  278M  686G 196/200U [ActUnit] ZERGLING from LARVA at (60.5, 51.5)
2023-09-18 08:12:33.080 | 09:59   91ms  308M  698G 195/200U [ActUnit] ZERGLING from LARVA at (84.4, 126.8)
2023-09-18 08:12:33.439 | 09:59   99ms  288M  702G 196/200U [ActUnit] ZERGLING from LARVA at (83.5, 126.9)
2023-09-18 08:12:33.725 | 10:00  146ms  243M  710G 196/200U [ActUnit] ZERGLING from LARVA at (83.5, 126.9)
2023-09-18 08:12:34.007 | 10:00   95ms  235M  714G 196/200U [ActUnit] ZERGLING from LARVA at (81.3, 99.6)
2023-09-18 08:12:34.278 | 10:00   91ms  232M  718G 196/200U [ActUnit] ZERGLING from LARVA at (32.5, 71.6)
2023-09-18 08:12:34.568 | 10:01  108ms  222M  718G 197/200U [ActUnit] ZERGLING from LARVA at (115.6, 125.6)
2023-09-18 08:12:34.837 | 10:01   91ms  192M  730G 197/200U [ActUnit] ZERGLING from LARVA at (151.3, 78.6)
2023-09-18 08:12:34.850 | 10:01   91ms  192M  730G 197/200U [Inject] injecting hatch (123.5, 101.5)
2023-09-18 08:12:35.148 | 10:02  102ms  199M  734G 197/200U [ActUnit] ZERGLING from LARVA at (47.5, 127.6)
2023-09-18 08:12:35.714 | 10:03  100ms  250M  746G 195/200U [ActUnit] ZERGLING from LARVA at (136.5, 22.6)
2023-09-18 08:12:35.997 | 10:03   92ms  240M  750G 196/200U [ActUnit] ZERGLING from LARVA at (123.1, 98.9)
2023-09-18 08:12:37.068 | 10:05   90ms  372M  766G 195/200U [EnemyArmyPredicter] Predicting negative free minerals for enemy: -940
2023-09-18 08:12:37.071 | 10:05   90ms  372M  766G 195/200U [GameAnalyzer] Known army advantage is now SmallDisadvantage
2023-09-18 08:12:37.072 | 10:05   90ms  372M  766G 195/200U [GameAnalyzer] Predicted army advantage is now SmallDisadvantage
2023-09-18 08:12:37.082 | 10:05   90ms  372M  766G 195/200U [Inject] injecting hatch (32.5, 74.5)
2023-09-18 08:12:37.334 | 10:05   98ms  364M  770G 195/200U [ActUnit] ZERGLING from LARVA at (49.6, 99.8)
2023-09-18 08:12:37.910 | 10:06   98ms  376M  782G 195/200U [ActUnit] ZERGLING from LARVA at (33.4, 71.7)
2023-09-18 08:12:38.382 | 10:07   89ms  355M  782G 196/200U [ActUnit] ZERGLING from LARVA at (33.1, 71.5)
2023-09-18 08:12:38.392 | 10:07   89ms  355M  782G 196/200U [Tech] Started ZERGMELEEWEAPONSLEVEL2
2023-09-18 08:12:38.670 | 10:07  107ms  217M  644G 197/200U [ActUnit] ZERGLING from LARVA at (33.1, 71.5)
2023-09-18 08:12:38.957 | 10:08  100ms  217M  648G 196/200U [ActUnit] ZERGLING from LARVA at (84.8, 126.8)
2023-09-18 08:12:39.259 | 10:08  102ms  214M  648G 197/200U [ActUnit] ZERGLING from LARVA at (134.0, 50.3)
2023-09-18 08:12:39.540 | 10:08   95ms  194M  660G 198/200U [ActUnit] ZERGLING from LARVA at (141.8, 119.8)
2023-09-18 08:12:39.825 | 10:09  105ms  193M  660G 199/200U [ActUnit] ZERGLING from LARVA at (50.8, 99.9)
2023-09-18 08:12:40.111 | 10:09  104ms  173M  664G 199/200U [ActUnit] ZERGLING from LARVA at (60.4, 51.2)
2023-09-18 08:12:40.393 | 10:10  112ms  168M  672G 199/200U [ActUnit] ZERGLING from LARVA at (49.1, 99.7)
2023-09-18 08:12:40.687 | 10:10  102ms  198M  676G 200/200U [EnemyArmyPredicter] Predicting negative free minerals for enemy: -1760
2023-09-18 08:12:40.700 | 10:10  102ms  198M  676G 200/200U [Inject] injecting hatch (151.5, 81.5)
2023-09-18 08:12:40.990 | 10:11  109ms  235M  680G 200/200U [Tech] Started ZERGGROUNDARMORSLEVEL2
2023-09-18 08:12:41.615 | 10:12  117ms    9M  467G 197/200U [ActUnit] ZERGLING from LARVA at (50.6, 100.0)
2023-09-18 08:12:41.912 | 10:12  114ms    8M  471G 197/200U [ActUnit] ZERGLING from LARVA at (151.3, 78.6)
2023-09-18 08:12:42.217 | 10:12  117ms    8M  471G 197/200U [ActUnit] ZERGLING from LARVA at (81.2, 99.4)
2023-09-18 08:12:42.522 | 10:13  119ms   18M  483G 198/200U [ActUnit] ZERGLING from LARVA at (32.5, 71.3)
2023-09-18 08:12:42.854 | 10:13  125ms    5M  483G 196/200U [ActUnit] ZERGLING from LARVA at (115.1, 125.2)
2023-09-18 08:12:43.502 | 10:14  112ms   22M  495G 192/200U [ActUnit] ZERGLING from LARVA at (47.7, 127.5)
2023-09-18 08:12:43.782 | 10:15  101ms   29M  499G 193/200U [ActUnit] ZERGLING from LARVA at (137.0, 22.7)
2023-09-18 08:12:44.067 | 10:15  110ms   24M  503G 194/200U [ActUnit] ZERGLING from LARVA at (123.6, 98.6)
2023-09-18 08:12:44.343 | 10:16  101ms   49M  503G 195/200U [EnemyArmyPredicter] Predicting negative free minerals for enemy: -1965
2023-09-18 08:12:44.921 | 10:16   93ms  112M  519G 194/200U [ActBuilding] 1. INFESTATIONPIT near (127.9, 22.9)
2023-09-18 08:12:45.497 | 10:17   99ms   44M  431G 193/200U [ActUnit] ZERGLING from LARVA at (134.5, 50.5)
2023-09-18 08:12:45.809 | 10:18  105ms   39M  435G 194/200U [ActUnit] ZERGLING from LARVA at (142.1, 119.2)
2023-09-18 08:12:46.100 | 10:18  102ms   41M  435G 195/200U [ActUnit] ZERGLING from LARVA at (84.4, 126.8)
2023-09-18 08:12:46.391 | 10:19  109ms   28M  443G 196/200U [ActUnit] ZERGLING from LARVA at (142.1, 119.2)
2023-09-18 08:12:46.689 | 10:19  108ms   13M  447G 196/200U [ActUnit] ZERGLING from LARVA at (134.5, 50.6)
2023-09-18 08:12:46.971 | 10:20  109ms    3M  451G 197/200U [ActUnit] ZERGLING from LARVA at (49.7, 99.9)
2023-09-18 08:12:46.981 | 10:20  109ms    3M  451G 197/200U [Inject] injecting hatch (84.5, 129.5)
2023-09-18 08:12:47.265 | 10:20  106ms    5M  455G 198/200U [ActUnit] ZERGLING from LARVA at (135.1, 50.7)
2023-09-18 08:12:47.846 | 10:21  110ms   60M  467G 199/200U [EnemyArmyPredicter] Predicting negative free minerals for enemy: -1901
2023-09-18 08:12:47.850 | 10:21  110ms   10M  467G 199/200U [ActUnit] ZERGLING from LARVA at (60.6, 51.5)
2023-09-18 08:12:48.153 | 10:21  113ms   16M  467G 199/200U [ActUnit] ZERGLING from LARVA at (142.9, 119.5)
2023-09-18 08:12:48.729 | 10:22  104ms   18M  483G 198/200U [ActUnit] ZERGLING from LARVA at (142.3, 119.7)
2023-09-18 08:12:49.015 | 10:23  106ms   15M  483G 199/200U [ActUnit] ZERGLING from LARVA at (115.2, 125.8)
2023-09-18 08:12:49.910 | 10:24  109ms  109M  499G 198/200U [ActUnit] ZERGLING from LARVA at (47.8, 127.6)
2023-09-18 08:12:50.198 | 10:25  105ms   94M  503G 199/200U [ActUnit] ZERGLING from LARVA at (135.6, 50.6)
2023-09-18 08:12:50.518 | 10:25  103ms   89M  511G 199/200U [ActUnit] ZERGLING from LARVA at (32.2, 71.6)
2023-09-18 08:12:51.390 | 10:26  105ms  200M  527G 199/200U [EnemyArmyPredicter] Predicting negative free minerals for enemy: -1475
2023-09-18 08:12:51.395 | 10:26  105ms  150M  527G 199/200U [ActUnit] ZERGLING from LARVA at (81.9, 99.8)
2023-09-18 08:12:51.721 | 10:27  120ms  137M  531G 198/200U [ActUnit] ZERGLING from LARVA at (136.8, 22.8)
2023-09-18 08:12:52.083 | 10:27  169ms  129M  531G 198/200U [ActUnit] ZERGLING from LARVA at (151.9, 78.9)
2023-09-18 08:12:53.209 | 10:28  107ms  111M  543G 198/200U [ActUnit] ZERGLING from LARVA at (123.8, 98.0)
2023-09-18 08:12:53.793 | 10:29  112ms  128M  547G 199/200U [ActUnit] ZERGLING from LARVA at (84.5, 126.7)
2023-09-18 08:12:54.110 | 10:29  112ms  188M  555G 200/200U [Inject] injecting hatch (49.5, 102.5)
2023-09-18 08:12:54.728 | 10:30  113ms  265M  563G 200/200U [Inject] injecting hatch (60.5, 54.5)
2023-09-18 08:12:55.041 | 10:30  120ms  250M  563G 197/200U [ActUnit] ZERGLING from LARVA at (49.2, 99.3)
2023-09-18 08:12:55.324 | 10:31  108ms  242M  575G 198/200U [ActUnit] ZERGLING from LARVA at (135.1, 50.3)
2023-09-18 08:12:55.807 | 10:31  118ms  241M  579G 199/200U [ActUnit] ZERGLING from LARVA at (81.4, 99.3)
2023-09-18 08:12:56.989 | 10:33  106ms  382M  595G 200/200U [Inject] injecting hatch (115.5, 128.5)
2023-09-18 08:12:58.393 | 10:35  101ms  533M  623G 199/200U [ActUnit] ZERGLING from LARVA at (141.7, 119.7)
2023-09-18 08:12:58.692 | 10:36  115ms  573M  627G 200/200U [GameAnalyzer] Known army advantage is now SlightDisadvantage
2023-09-18 08:12:59.276 | 10:37  112ms  607M  639G 199/200U [ActUnit] ZERGLING from LARVA at (32.5, 71.4)
2023-09-18 08:13:01.254 | 10:40  104ms  830M  671G 199/200U [ActUnit] ZERGLING from LARVA at (58.8, 52.2)
2023-09-18 08:13:02.866 | 10:42  115ms  978M  691G 199/200U [ActUnit] ZERGLING from LARVA at (61.6, 51.4)
2023-09-18 08:13:02.877 | 10:42  115ms  978M  691G 199/200U [Inject] injecting hatch (136.5, 25.5)
2023-09-18 08:13:05.822 | 10:46  112ms 1334M  739G 198/200U [ActUnit] ZERGLING from LARVA at (123.6, 98.6)
2023-09-18 08:13:06.102 | 10:47   96ms 1319M  751G 199/200U [ActUnit] ZERGLING from LARVA at (136.0, 22.7)
2023-09-18 08:13:07.002 | 10:48  109ms 1430M  763G 200/200U [GameAnalyzer] Predicted army advantage is now SlightDisadvantage
2023-09-18 08:13:09.040 | 10:51   97ms 1715M  799G 200/200U [Inject] injecting hatch (81.5, 102.5)
2023-09-18 08:13:10.583 | 10:54  171ms 1916M  819G 196/200U [GameAnalyzer] Predicted army advantage is now SmallDisadvantage
2023-09-18 08:13:10.585 | 10:54  171ms 1866M  819G 196/200U [ActUnit] ZERGLING from LARVA at (84.5, 126.6)
2023-09-18 08:13:10.888 | 10:54   98ms 1868M  827G 197/200U [ActUnit] ZERGLING from LARVA at (49.5, 99.0)
2023-09-18 08:13:11.204 | 10:54  111ms 1848M  831G 195/200U [ActUnit] ZERGLING from LARVA at (82.2, 99.9)
2023-09-18 08:13:11.507 | 10:55   90ms 1820M  835G 196/200U [ActUnit] ZERGLING from LARVA at (32.6, 71.0)
2023-09-18 08:13:11.805 | 10:55  100ms 1597M  685G 196/200U [ActUnit] ZERGLING from LARVA at (48.7, 127.8)
2023-09-18 08:13:12.284 | 10:56   92ms 1601M  697G 197/200U [ActUnit] ZERGLING from LARVA at (47.5, 127.9)
2023-09-18 08:13:12.595 | 10:56   87ms 1596M  701G 198/200U [ActUnit] ZERGLING from LARVA at (141.8, 119.8)
2023-09-18 08:13:12.870 | 10:57   88ms 1576M  701G 198/200U [ActUnit] ZERGLING from LARVA at (115.5, 125.1)
2023-09-18 08:13:13.145 | 10:57   88ms 1566M  713G 199/200U [ActUnit] ZERGLING from LARVA at (49.1, 99.6)
2023-09-18 08:13:13.947 | 10:58   73ms 1698M  725G 200/200U [GameAnalyzer] Predicted army advantage is now SlightDisadvantage
2023-09-18 08:13:15.270 | 11:01   75ms 1895M  749G 200/200U [Inject] injecting hatch (47.5, 130.5)
2023-09-18 08:13:15.841 | 11:02   85ms 1962M  761G 200/200U [Inject] injecting hatch (99.5, 26.5)
2023-09-18 08:13:16.310 | INFO     | sc2.protocol:_execute:72 - Client status changed to Status.ended (was Status.in_game)
2023-09-18 08:13:16.319 | Result: Victory
2023-09-18 08:13:16.320 | Duration: 11:02
2023-09-18 08:13:16.320 | Step time min: 7
2023-09-18 08:13:16.321 | Step time avg: 44
2023-09-18 08:13:16.321 | Step time max: 199
2023-09-18 08:13:16.323 | [LostUnitsContents] My lost units minerals and gas: (11637.5, 0.0)
2023-09-18 08:13:16.323 | [LostUnitsContents] My lost units minerals by score: 10600.0
2023-09-18 08:13:16.324 | [LostUnitsContents] Enemy lost units minerals and gas: (10250, 950)
2023-09-18 08:13:16.325 | [LostUnitsContents] Enemy lost units minerals by score: 10525.0
2023-09-18 08:13:16.325 | [GameAnalyzerEnd] Own units:
2023-09-18 08:13:16.326 | [GameAnalyzerEnd] ZERGLING          total: 430 alive: 157 dead: 273 
2023-09-18 08:13:16.327 | [GameAnalyzerEnd] DRONE             total: 167 alive:  97 dead:  70 
2023-09-18 08:13:16.327 | [GameAnalyzerEnd] LARVA             total:  32 alive:  32 dead:   0 
2023-09-18 08:13:16.328 | [GameAnalyzerEnd] OVERLORD          total:  18 alive:  16 dead:   2 
2023-09-18 08:13:16.328 | [GameAnalyzerEnd] HATCHERY          total:  17 alive:  12 dead:   5 
2023-09-18 08:13:16.329 | [GameAnalyzerEnd] EGG               total:  11 alive:  11 dead:   0 
2023-09-18 08:13:16.330 | [GameAnalyzerEnd] EXTRACTOR         total:   6 alive:   4 dead:   2 
2023-09-18 08:13:16.330 | [GameAnalyzerEnd] QUEEN             total:   5 alive:   5 dead:   0 
2023-09-18 08:13:16.331 | [GameAnalyzerEnd] EVOLUTIONCHAMBER  total:   2 alive:   2 dead:   0 
2023-09-18 08:13:16.331 | [GameAnalyzerEnd] SPAWNINGPOOL      total:   1 alive:   1 dead:   0 
2023-09-18 08:13:16.332 | [GameAnalyzerEnd] INFESTATIONPIT    total:   1 alive:   1 dead:   0 
2023-09-18 08:13:16.333 | [GameAnalyzerEnd] LAIR              total:   1 alive:   1 dead:   0 
2023-09-18 08:13:16.333 | [GameAnalyzerEnd] Enemy units:
2023-09-18 08:13:16.334 | [GameAnalyzerEnd] MARINE            total: 128 alive:  85 dead:  43 
2023-09-18 08:13:16.335 | [GameAnalyzerEnd] SCV               total:  45 alive:   0 dead:  45 
2023-09-18 08:13:16.335 | [GameAnalyzerEnd] SUPPLYDEPOT       total:  24 alive:   0 dead:  24 
2023-09-18 08:13:16.336 | [GameAnalyzerEnd] MARAUDER          total:  12 alive:  10 dead:   2 
2023-09-18 08:13:16.337 | [GameAnalyzerEnd] BARRACKS          total:  11 alive:   1 dead:  10 
2023-09-18 08:13:16.338 | [GameAnalyzerEnd] TECHLAB           total:   7 alive:   0 dead:   7 
2023-09-18 08:13:16.338 | [GameAnalyzerEnd] MEDIVAC           total:   6 alive:   6 dead:   0 
2023-09-18 08:13:16.339 | [GameAnalyzerEnd] ORBITALCOMMAND    total:   2 alive:   0 dead:   2 
2023-09-18 08:13:16.340 | [GameAnalyzerEnd] REFINERY          total:   2 alive:   0 dead:   2 
2023-09-18 08:13:16.340 | [GameAnalyzerEnd] ENGINEERINGBAY    total:   1 alive:   0 dead:   1 
2023-09-18 08:13:16.341 | [GameAnalyzerEnd] FACTORY           total:   1 alive:   0 dead:   1 
2023-09-18 08:13:16.342 | [GameAnalyzerEnd] STARPORT          total:   1 alive:   0 dead:   1 
2023-09-18 08:13:16.342 | [GameAnalyzerEnd] Minerals max 1937 Average 337
2023-09-18 08:13:16.343 | [GameAnalyzerEnd] Vespene max 831 Average 123
2023-09-18 08:13:16.343 | INFO     | sc2.main:_play_game:228 - Result for player 2 - Bot LadderBot(Zerg): Victory
