2023-09-19 10:51:50.201 | INFO     | sc2.protocol:_execute:72 - Client status changed to Status.in_game (was None)
2023-09-19 10:51:50.202 | INFO     | sc2.main:_play_game:221 - Player 2 - Bot LadderBot(Zerg)
2023-09-19 10:51:50.462 | 00:00    0ms    0M    0G  12/ 14U [Version] 4.10.0.75689
2023-09-19 10:51:50.463 | 00:00    0ms    0M    0G  12/ 14U [Version] 5.0.6 Balance mod recognized.
2023-09-19 10:51:50.528 | 00:00    0ms    0M    0G  12/ 14U [ZoneManager] Map set to: MapName.Unknown from name: GresvanAIE and hash: 3547936.
2023-09-19 10:51:51.235 | [DataManager] No BuildDetector found, enemy build data cannot be saved
2023-09-19 10:51:51.264 | [Start] My race: Zerg
2023-09-19 10:51:51.265 | [Start] Opponent race: Terran
2023-09-19 10:51:51.265 | [Start] OpponentId: 1
2023-09-19 10:51:51.336 | 00:00    0ms    0M    0G  12/ 14U [ActUnit] DRONE from LARVA at (162.4, 39.8)
2023-09-19 10:51:52.426 | 00:07    9ms    5M    0G  13/ 14U [ActUnit] DRONE from LARVA at (160.2, 39.5)
2023-09-19 10:51:53.303 | 00:16    8ms   15M    0G  14/ 14U [ActUnit] OVERLORD from LARVA at (162.0, 39.2)
2023-09-19 10:51:55.097 | 00:34    8ms  195M    0G  14/ 22U [ActUnit] DRONE from LARVA at (162.4, 39.9)
2023-09-19 10:51:55.144 | 00:35   11ms  150M    0G  15/ 22U [ActUnit] DRONE from LARVA at (162.4, 39.9)
2023-09-19 10:51:55.194 | 00:35    9ms  100M    0G  16/ 22U [ActUnit] DRONE from LARVA at (162.4, 39.9)
2023-09-19 10:51:56.251 | 00:45    9ms  185M    0G  17/ 22U [ActUnit] DRONE from LARVA at (161.6, 39.4)
2023-09-19 10:51:57.086 | 00:54    9ms  300M    0G  18/ 22U [Expand] Expanding to (163.5, 74.5)
2023-09-19 10:51:57.402 | 00:57    8ms    0M    0G  18/ 22U [ActUnit] DRONE from LARVA at (161.7, 39.2)
2023-09-19 10:51:58.490 | 01:03   57ms   80M    0G  18/ 22U [GameAnalyzer] Income advantage is now SmallAdvantage
2023-09-19 10:51:59.385 | 01:07   59ms   40M    0G  18/ 22U [ActUnit] OVERLORD from LARVA at (161.4, 39.5)
2023-09-19 10:52:01.503 | 01:18   19ms  160M    0G  18/ 22U [ActUnit] DRONE from LARVA at (161.3, 39.5)
2023-09-19 10:52:03.272 | 01:27   60ms  300M    0G  19/ 30U [Expand] Expanding to (137.5, 64.5)
2023-09-19 10:52:03.906 | 01:30    9ms    5M    0G  19/ 30U [ActUnit] DRONE from LARVA at (161.1, 39.8)
2023-09-19 10:52:05.258 | 01:39   10ms  100M    0G  20/ 30U [ActUnit] DRONE from LARVA at (161.3, 39.5)
2023-09-19 10:52:05.323 | 01:40   11ms  115M    0G  20/ 30U [GameAnalyzer] Income advantage is now ClearAdvantage
2023-09-19 10:52:06.722 | 01:50   12ms  230M    0G  20/ 30U [ActUnit] DRONE from LARVA at (161.7, 39.6)
2023-09-19 10:52:07.482 | 01:54   10ms  300M    0G  21/ 30U [Expand] Expanding to (163.5, 99.5)
2023-09-19 10:52:08.596 | 02:00   11ms   65M    0G  21/ 30U [ActUnit] DRONE from LARVA at (161.5, 39.4)
2023-09-19 10:52:10.491 | 02:11   13ms  185M    0G  21/ 30U [ActUnit] DRONE from LARVA at (161.4, 39.8)
2023-09-19 10:52:10.986 | 02:14    9ms  190M    0G  22/ 36U [ActUnit] DRONE from LARVA at (163.4, 71.5)
2023-09-19 10:52:12.242 | 02:22   12ms  255M    0G  23/ 36U [ActUnit] DRONE from LARVA at (161.4, 39.4)
2023-09-19 10:52:12.695 | 02:25   12ms  310M    0G  24/ 36U [Expand] Expanding to (134.5, 91.5)
2023-09-19 10:52:13.189 | 02:28   10ms    0M    0G  24/ 36U [ActUnit] DRONE from LARVA at (163.4, 71.5)
2023-09-19 10:52:14.072 | 02:33   18ms   55M    0G  25/ 36U [ActUnit] DRONE from LARVA at (161.7, 39.6)
2023-09-19 10:52:14.447 | 02:35   10ms   95M    0G  25/ 36U [GameAnalyzer] Income advantage is now OverwhelmingAdvantage
2023-09-19 10:52:14.588 | 02:36   11ms   60M    0G  25/ 36U [ActUnit] DRONE from LARVA at (163.3, 71.7)
2023-09-19 10:52:16.700 | 02:43   12ms  170M    0G  26/ 36U [ActUnit] DRONE from LARVA at (161.6, 39.7)
2023-09-19 10:52:17.252 | 02:46   11ms  190M    0G  27/ 36U [ActUnit] DRONE from LARVA at (163.4, 71.5)
2023-09-19 10:52:18.125 | 02:51   23ms  240M    0G  28/ 42U [ActUnit] DRONE from LARVA at (137.5, 61.6)
2023-09-19 10:52:18.730 | 02:54   15ms  245M    0G  29/ 42U [ActUnit] DRONE from LARVA at (161.5, 39.4)
2023-09-19 10:52:19.074 | 02:56   15ms  305M    0G  30/ 42U [Expand] Expanding to (145.5, 124.5)
2023-09-19 10:52:19.715 | 02:58   64ms    0M    0G  30/ 42U [ActUnit] DRONE from LARVA at (163.3, 71.2)
2023-09-19 10:52:20.744 | 03:02   63ms   85M    0G  31/ 42U [GameAnalyzer] Known army advantage is now SlightDisadvantage
2023-09-19 10:52:20.749 | 03:02   63ms   85M    0G  31/ 42U [GameAnalyzer] Predicted army advantage is now SlightDisadvantage
2023-09-19 10:52:20.751 | 03:02   63ms   35M    0G  31/ 42U [ActUnit] DRONE from LARVA at (137.5, 61.6)
2023-09-19 10:52:21.588 | 03:05   78ms   55M    0G  31/ 42U [ActUnit] DRONE from LARVA at (161.3, 39.6)
2023-09-19 10:52:22.552 | 03:08   62ms   80M    0G  32/ 42U [ActUnit] DRONE from LARVA at (163.4, 71.8)
2023-09-19 10:52:23.882 | 03:12   63ms  185M    0G  32/ 42U [GameAnalyzer] Known army advantage is now SmallDisadvantage
2023-09-19 10:52:23.883 | 03:12   63ms  185M    0G  32/ 42U [GameAnalyzer] Predicted army advantage is now SmallDisadvantage
2023-09-19 10:52:23.887 | 03:12   63ms  135M    0G  32/ 42U [ActUnit] DRONE from LARVA at (137.5, 61.6)
2023-09-19 10:52:24.905 | 03:15   89ms  165M    0G  33/ 42U [ActUnit] DRONE from LARVA at (161.6, 39.9)
2023-09-19 10:52:25.742 | 03:19   23ms  200M    0G  34/ 42U [ActUnit] DRONE from LARVA at (163.7, 71.7)
2023-09-19 10:52:26.780 | 03:22   63ms  235M    0G  35/ 48U [ActUnit] DRONE from LARVA at (163.5, 96.6)
2023-09-19 10:52:27.003 | 03:23   21ms  210M    0G  36/ 48U [ActUnit] DRONE from LARVA at (137.5, 61.6)
2023-09-19 10:52:27.934 | 03:26  109ms  240M    0G  37/ 48U [ActUnit] DRONE from LARVA at (161.4, 39.8)
2023-09-19 10:52:28.623 | 03:28   54ms  305M    0G  38/ 48U [Expand] Expanding to (119.5, 39.5)
2023-09-19 10:52:28.758 | 03:29   83ms  315M    0G  38/ 48U [Expand] Expanding to (119.5, 39.5)
2023-09-19 10:52:29.070 | 03:30   90ms    0M    0G  38/ 48U [ActUnit] DRONE from LARVA at (163.6, 71.2)
2023-09-19 10:52:30.137 | 03:33   61ms   20M    0G  39/ 48U [ActUnit] DRONE from LARVA at (163.5, 96.6)
2023-09-19 10:52:30.537 | 03:34   99ms   15M    0G  40/ 48U [ActUnit] DRONE from LARVA at (137.3, 61.3)
2023-09-19 10:52:31.345 | 03:37   78ms   40M    0G  40/ 48U [ActUnit] DRONE from LARVA at (161.3, 39.5)
2023-09-19 10:52:33.057 | 03:40   64ms   65M    0G  41/ 48U [ActUnit] DRONE from LARVA at (163.6, 71.7)
2023-09-19 10:52:34.179 | 03:44   68ms  115M    0G  42/ 48U [ActUnit] DRONE from LARVA at (163.5, 96.7)
2023-09-19 10:52:34.417 | 03:45   22ms  100M    0G  43/ 48U [ActUnit] DRONE from LARVA at (137.5, 61.6)
2023-09-19 10:52:34.927 | 03:46   21ms   90M    0G  44/ 54U [ActUnit] DRONE from LARVA at (134.7, 88.6)
2023-09-19 10:52:35.362 | 03:48   91ms   80M    0G  45/ 54U [ActUnit] DRONE from LARVA at (161.7, 39.8)
2023-09-19 10:52:36.312 | 03:51   67ms  140M    0G  46/ 54U [ActUnit] DRONE from LARVA at (163.4, 71.8)
2023-09-19 10:52:37.411 | 03:54   66ms  235M    0G  47/ 54U [ActUnit] DRONE from LARVA at (163.6, 96.6)
2023-09-19 10:52:37.675 | 03:55   65ms  210M    0G  48/ 54U [ActUnit] DRONE from LARVA at (137.5, 61.6)
2023-09-19 10:52:38.201 | 03:57   62ms  225M    0G  49/ 54U [ActUnit] DRONE from LARVA at (134.3, 88.7)
2023-09-19 10:52:38.564 | 03:58   82ms  190M    0G  50/ 54U [ActUnit] OVERLORD from LARVA at (161.6, 39.4)
2023-09-19 10:52:39.634 | 04:01   67ms  250M    0G  50/ 54U [ActUnit] DRONE from LARVA at (163.3, 71.5)
2023-09-19 10:52:40.183 | 04:03   67ms  320M    0G  51/ 54U [Expand] Expanding to (117.5, 124.5)
2023-09-19 10:52:40.350 | 04:04   94ms  335M    0G  51/ 54U [Expand] Expanding to (117.5, 124.5)
2023-09-19 10:52:40.791 | 04:05   68ms   30M    0G  51/ 54U [ActUnit] DRONE from LARVA at (163.6, 96.6)
2023-09-19 10:52:41.069 | 04:06   65ms   15M    0G  52/ 54U [ActUnit] DRONE from LARVA at (137.5, 61.6)
2023-09-19 10:52:41.596 | 04:08   62ms   40M    0G  53/ 54U [ActUnit] DRONE from LARVA at (134.5, 88.4)
2023-09-19 10:52:43.555 | 04:14   25ms  260M    0G  53/ 54U [ActUnit] DRONE from LARVA at (163.6, 71.4)
2023-09-19 10:52:43.648 | 04:15   22ms  230M    0G  53/ 54U [ActUnit] DRONE from LARVA at (161.8, 39.6)
2023-09-19 10:52:44.079 | 04:17   22ms  310M    0G  54/ 62U [GameAnalyzer] Known army advantage is now ClearDisadvantage
2023-09-19 10:52:44.080 | 04:17   22ms  310M    0G  54/ 62U [GameAnalyzer] Predicted army advantage is now ClearDisadvantage
2023-09-19 10:52:44.082 | 04:17   22ms  260M    0G  54/ 62U [ActUnit] DRONE from LARVA at (137.5, 61.6)
2023-09-19 10:52:44.206 | 04:17   27ms  230M    0G  55/ 62U [ActUnit] DRONE from LARVA at (163.5, 96.9)
2023-09-19 10:52:44.500 | 04:18   20ms  240M    0G  56/ 62U [ActUnit] DRONE from LARVA at (134.7, 88.5)
2023-09-19 10:52:44.808 | 04:20   23ms  250M    0G  57/ 62U [ActUnit] DRONE from LARVA at (161.5, 39.4)
2023-09-19 10:52:45.209 | 04:21   19ms  310M    0G  58/ 62U [Expand] Expanding to (82.5, 39.5)
2023-09-19 10:52:45.631 | 04:23   20ms   10M    0G  58/ 62U [ActUnit] OVERLORD from LARVA at (163.5, 71.8)
2023-09-19 10:52:45.957 | 04:24   23ms    5M    0G  58/ 68U [ActUnit] DRONE from LARVA at (145.6, 121.9)
2023-09-19 10:52:46.485 | 04:26   20ms   60M    0G  59/ 68U [ActUnit] DRONE from LARVA at (163.4, 96.7)
2023-09-19 10:52:46.720 | 04:27   21ms   50M    0G  60/ 68U [ActUnit] DRONE from LARVA at (137.5, 61.6)
2023-09-19 10:52:47.181 | 04:29   20ms   80M    0G  60/ 68U [ActUnit] DRONE from LARVA at (134.3, 88.7)
2023-09-19 10:52:47.514 | 04:30   21ms   85M    0G  61/ 68U [ActUnit] DRONE from LARVA at (161.3, 39.5)
2023-09-19 10:52:48.272 | 04:34   19ms  155M    0G  60/ 68U [ActUnit] DRONE from LARVA at (163.4, 71.5)
2023-09-19 10:52:48.494 | 04:35   19ms  140M    0G  61/ 68U [ActUnit] DRONE from LARVA at (145.7, 121.5)
2023-09-19 10:52:49.907 | 04:37   19ms  205M    0G  61/ 68U [ActUnit] DRONE from LARVA at (163.5, 96.6)
2023-09-19 10:52:50.182 | 04:38   20ms  180M    0G  61/ 68U [ActUnit] DRONE from LARVA at (137.5, 61.6)
2023-09-19 10:52:50.587 | 04:40   20ms  200M    0G  62/ 68U [ActUnit] DRONE from LARVA at (134.4, 88.5)
2023-09-19 10:52:50.910 | 04:41   26ms  200M    0G  63/ 76U [ActUnit] DRONE from LARVA at (161.3, 39.6)
2023-09-19 10:52:51.333 | 04:43   23ms  310M    0G  63/ 76U [Expand] Expanding to (80.5, 124.5)
2023-09-19 10:52:51.651 | 04:44   20ms   10M    0G  63/ 76U [ActUnit] DRONE from LARVA at (163.4, 71.8)
2023-09-19 10:52:51.867 | 04:45   20ms   10M    0G  64/ 76U [ActUnit] DRONE from LARVA at (145.6, 121.5)
2023-09-19 10:52:52.524 | 04:48   21ms   95M    0G  64/ 82U [ActUnit] DRONE from LARVA at (119.3, 36.7)
2023-09-19 10:52:52.654 | 04:48   28ms   65M    0G  65/ 82U [ActUnit] DRONE from LARVA at (163.9, 96.7)
2023-09-19 10:52:52.756 | 04:49   21ms   25M    0G  66/ 82U [ActUnit] DRONE from LARVA at (137.5, 61.6)
2023-09-19 10:52:53.197 | 04:51   20ms   80M    0G  67/ 82U [ActUnit] DRONE from LARVA at (134.6, 88.7)
2023-09-19 10:52:53.559 | 04:52   25ms   80M    0G  68/ 82U [ActUnit] DRONE from LARVA at (161.7, 39.7)
2023-09-19 10:52:54.382 | 04:55   21ms  195M    0G  68/ 82U [ActUnit] DRONE from LARVA at (163.4, 71.8)
2023-09-19 10:52:54.619 | 04:56   21ms  180M    0G  69/ 82U [ActUnit] DRONE from LARVA at (145.5, 121.9)
2023-09-19 10:52:55.344 | 04:59   22ms  255M    0G  70/ 76U [ActUnit] DRONE from LARVA at (119.3, 36.6)
2023-09-19 10:52:55.348 | 04:59   22ms  255M    0G  70/ 76U [ActBuilding] 1. SPAWNINGPOOL near (162.1, 51.5)
2023-09-19 10:52:55.488 | 04:59   28ms   45M    0G  69/ 76U [ActUnit] DRONE from LARVA at (163.5, 96.3)
2023-09-19 10:52:55.494 | 04:59   28ms   20M    0G  69/ 76U [BuildGas] Building EXTRACTOR to (164.5, 92.5)
2023-09-19 10:52:55.753 | 05:00   26ms   15M    0G  69/ 76U [ActUnit] DRONE from LARVA at (137.2, 61.5)
2023-09-19 10:52:55.872 | 05:00   24ms    0M    0G  70/ 76U [BuildGas] Building EXTRACTOR to (170.5, 77.5)
2023-09-19 10:52:56.502 | 05:03   25ms   70M    0G  70/ 76U [ActUnit] DRONE from LARVA at (161.4, 39.5)
2023-09-19 10:52:57.514 | 05:06   22ms  180M    0G  71/ 76U [ActUnit] DRONE from LARVA at (163.5, 71.5)
2023-09-19 10:52:57.769 | 05:07   22ms  150M    0G  72/ 76U [ActUnit] OVERLORD from LARVA at (145.7, 121.5)
2023-09-19 10:52:58.557 | 05:09   22ms  230M    0G  71/ 76U [ActUnit] DRONE from LARVA at (163.5, 96.7)
2023-09-19 10:52:58.703 | 05:10   27ms  150M    0G  72/ 76U [ActUnit] OVERLORD from LARVA at (119.5, 36.1)
2023-09-19 10:52:58.820 | 05:10   25ms  120M    0G  72/ 76U [ActUnit] DRONE from LARVA at (137.5, 61.6)
2023-09-19 10:52:59.789 | 05:13   26ms  270M    0G  72/ 76U [ActUnit] DRONE from LARVA at (161.4, 39.7)
2023-09-19 10:53:00.727 | 05:16   24ms  395M    0G  73/ 76U [ActUnit] DRONE from LARVA at (163.7, 71.7)
2023-09-19 10:53:00.998 | 05:17   24ms  405M    0G  74/ 76U [ActUnit] DRONE from LARVA at (145.6, 121.7)
2023-09-19 10:53:01.435 | 05:19   26ms  470M    0G  75/ 76U [Expand] Expanding to (134.5, 91.5)
2023-09-19 10:53:01.826 | 05:20   23ms  195M    0G  74/ 76U [ActUnit] DRONE from LARVA at (119.4, 36.8)
2023-09-19 10:53:01.974 | 05:20   27ms  180M    0G  75/ 76U [ActUnit] DRONE from LARVA at (163.3, 96.9)
2023-09-19 10:53:02.096 | 05:21   25ms  200M    0G  76/ 76U [GameAnalyzer] Known army advantage is now OverwhelmingDisadvantage
2023-09-19 10:53:02.098 | 05:21   25ms  200M    0G  76/ 76U [GameAnalyzer] Predicted army advantage is now OverwhelmingDisadvantage
2023-09-19 10:53:02.530 | 05:22   27ms  540M    0G  75/ 76U [ActUnit] DRONE from LARVA at (137.4, 61.6)
2023-09-19 10:53:02.804 | 05:23   26ms  605M    0G  76/ 76U [Expand] Expanding to (134.5, 91.5)
2023-09-19 10:53:02.925 | 05:24   25ms  330M    0G  76/ 76U [Expand] Expanding to (134.5, 91.5)
2023-09-19 10:53:03.330 | 05:25   25ms   50M    0G  76/ 84U [ActUnit] DRONE from LARVA at (161.5, 39.8)
2023-09-19 10:53:03.612 | 05:26   28ms   50M    4G  77/ 90U [ActUnit] DRONE from LARVA at (117.5, 121.6)
2023-09-19 10:53:03.735 | 05:26   24ms  380M    4G  77/ 90U [Expand] Expanding to (134.5, 91.5)
2023-09-19 10:53:04.008 | 05:27   24ms   85M    4G  77/ 84U [ActUnit] DRONE from LARVA at (163.6, 71.5)
2023-09-19 10:53:04.294 | 05:28   23ms   75M    4G  77/ 92U [ActUnit] DRONE from LARVA at (145.7, 121.6)
2023-09-19 10:53:05.134 | 05:31   23ms  155M    8G  78/ 92U [ActUnit] DRONE from LARVA at (119.3, 36.7)
2023-09-19 10:53:05.297 | 05:31   27ms  145M    8G  79/ 92U [ActUnit] DRONE from LARVA at (163.3, 96.4)
2023-09-19 10:53:07.170 | 05:35   27ms  595M   12G  80/ 92U [ActUnit] DRONE from LARVA at (161.3, 39.6)
2023-09-19 10:53:07.697 | 05:37   26ms  670M   12G  81/ 92U [ActUnit] DRONE from LARVA at (117.5, 121.6)
2023-09-19 10:53:08.081 | 05:38   24ms  690M   16G  82/ 92U [ActUnit] DRONE from LARVA at (163.4, 71.5)
2023-09-19 10:53:08.357 | 05:39   24ms  700M   16G  83/ 92U [ActUnit] DRONE from LARVA at (145.6, 121.4)
2023-09-19 10:53:09.142 | 05:41   25ms  775M   20G  84/ 92U [ActUnit] DRONE from LARVA at (119.3, 36.6)
2023-09-19 10:53:09.148 | 05:41   25ms  775M   20G  84/ 92U [Expand] Expanding to (137.5, 64.5)
2023-09-19 10:53:09.285 | 05:42   29ms  455M   20G  85/ 92U [ActUnit] DRONE from LARVA at (163.1, 96.6)
2023-09-19 10:53:09.291 | 05:42   29ms  455M   20G  85/ 92U [Expand] Expanding to (137.5, 64.5)
2023-09-19 10:53:09.960 | 05:44   23ms  300M   24G  85/ 92U [Expand] Expanding to (54.5, 39.5)
2023-09-19 10:53:10.101 | 05:45   28ms  305M   28G  85/ 92U [Expand] Expanding to (54.5, 39.5)
2023-09-19 10:53:10.353 | 05:45   25ms   10M   32G  85/ 92U [ActUnit] DRONE from LARVA at (161.3, 39.7)
2023-09-19 10:53:10.881 | 05:47   23ms   60M   36G  86/ 92U [ActUnit] DRONE from LARVA at (117.5, 121.6)
2023-09-19 10:53:11.252 | 05:49   22ms   85M   40G  87/ 92U [ActUnit] DRONE from LARVA at (163.3, 71.7)
2023-09-19 10:53:11.401 | 05:49   26ms   60M   40G  88/ 98U [ActUnit] DRONE from LARVA at (82.6, 36.4)
2023-09-19 10:53:11.512 | 05:50   24ms   30M   40G  89/ 98U [ActUnit] DRONE from LARVA at (145.4, 121.6)
2023-09-19 10:53:12.273 | 05:52   22ms  135M   48G  90/ 98U [ActUnit] DRONE from LARVA at (163.4, 96.6)
2023-09-19 10:53:12.417 | 05:53   25ms  140M   48G  91/ 98U [ActUnit] DRONE from LARVA at (119.3, 36.1)
2023-09-19 10:53:13.271 | 05:55   89ms  300M   60G  92/ 98U [Expand] Expanding to (54.5, 39.5)
2023-09-19 10:53:13.636 | 05:57   25ms   15M   68G  92/ 98U [ActUnit] DRONE from LARVA at (162.0, 39.7)
2023-09-19 10:53:14.041 | 05:58   29ms   65M   76G  93/ 98U [ActUnit] DRONE from LARVA at (117.5, 121.6)
2023-09-19 10:53:14.416 | 05:59   27ms   40M   84G  94/ 98U [ActUnit] OVERLORD from LARVA at (163.4, 71.5)
2023-09-19 10:53:14.552 | 06:00   33ms   10M   88G  94/ 98U [ActUnit] DRONE from LARVA at (82.4, 36.4)
2023-09-19 10:53:14.791 | 06:01   35ms   25M   92G  95/ 98U [ActUnit] DRONE from LARVA at (145.1, 121.5)
2023-09-19 10:53:15.056 | 06:02   37ms  360M  100G  95/ 98U [Expand] Expanding to (54.5, 39.5)
2023-09-19 10:53:15.186 | 06:02   30ms  390M  100G  95/ 98U [Expand] Expanding to (54.5, 39.5)
2023-09-19 10:53:15.324 | 06:02   37ms  425M  100G  95/ 98U [Expand] Expanding to (54.5, 39.5)
2023-09-19 10:53:15.326 | 06:02   37ms  125M  100G  95/ 98U [Tech] Started ZERGLINGMOVEMENTSPEED
2023-09-19 10:53:15.571 | 06:03   30ms  290M    8G  94/ 98U [ActUnit] OVERLORD from LARVA at (163.4, 96.9)
2023-09-19 10:53:15.573 | 06:03   30ms  240M    8G  94/ 98U [ActUnit] DRONE from LARVA at (119.3, 36.9)
2023-09-19 10:53:15.935 | 06:05   29ms  320M   16G  95/ 98U [Expand] Expanding to (65.5, 72.5)
2023-09-19 10:53:16.077 | 06:05   35ms  360M   16G  95/ 98U [Expand] Expanding to (65.5, 72.5)
2023-09-19 10:53:16.194 | 06:06   31ms  390M   16G  95/ 98U [Expand] Expanding to (65.5, 72.5)
2023-09-19 10:53:16.456 | 06:06   28ms  425M   24G  94/ 98U [Expand] Expanding to (65.5, 72.5)
2023-09-19 10:53:16.586 | 06:07   41ms   80M   24G  94/ 98U [ActUnit] OVERLORD from LARVA at (161.7, 39.6)
2023-09-19 10:53:17.086 | 06:09   37ms  430M   36G  93/ 98U [ActUnit] DRONE from LARVA at (117.5, 121.6)
2023-09-19 10:53:17.453 | 06:10   29ms  475M   44G  94/ 98U [ActUnit] DRONE from LARVA at (163.5, 71.5)
2023-09-19 10:53:17.590 | 06:10   36ms  455M   48G  95/104U [ActUnit] DRONE from LARVA at (82.3, 36.7)
2023-09-19 10:53:17.705 | 06:11   30ms  425M   48G  96/104U [ActUnit] DRONE from LARVA at (145.3, 121.7)
2023-09-19 10:53:17.833 | 06:11   34ms  405M   48G  97/104U [ActUnit] DRONE from LARVA at (80.8, 121.7)
2023-09-19 10:53:18.222 | 06:13   29ms  365M   56G  98/104U [ActUnit] QUEEN from HATCHERY at (82.5, 39.5)
2023-09-19 10:53:18.472 | 06:14   30ms  355M   64G 100/104U [ActUnit] DRONE from LARVA at (163.6, 96.6)
2023-09-19 10:53:18.616 | 06:14   38ms  330M   64G 100/104U [ActUnit] DRONE from LARVA at (119.6, 36.5)
2023-09-19 10:53:18.623 | 06:14   38ms  330M   64G 100/104U [Expand] Expanding to (62.5, 99.5)
2023-09-19 10:53:19.800 | 06:18  109ms  240M   84G 101/112U [ActUnit] DRONE from LARVA at (161.5, 39.9)
2023-09-19 10:53:20.273 | 06:19   32ms  325M   92G 102/112U [Expand] Expanding to (62.5, 99.5)
2023-09-19 10:53:20.274 | 06:19   32ms   25M   92G 102/112U [PlanCancelBuilding] Cancelled HATCHERY at (65.5, 72.5) with 15.92431640625 health
2023-09-19 10:53:20.413 | 06:19   37ms  235M   96G 103/112U [ActUnit] ZERGLING from LARVA at (117.5, 121.6)
2023-09-19 10:53:20.540 | 06:20   33ms  415M   96G 103/112U [ActUnit] QUEEN from HATCHERY at (117.5, 124.5)
2023-09-19 10:53:20.803 | 06:21   31ms  425M  104G 104/112U [ActUnit] DRONE from LARVA at (163.7, 71.6)
2023-09-19 10:53:20.951 | 06:21   37ms  440M  104G 105/112U [ActUnit] ZERGLING from LARVA at (80.5, 121.8)
2023-09-19 10:53:21.073 | 06:22   33ms  410M  104G 106/120U [ActUnit] ZERGLING from LARVA at (82.3, 36.9)
2023-09-19 10:53:21.217 | 06:22   38ms  400M  108G 107/120U [ActUnit] ZERGLING from LARVA at (145.2, 121.4)
2023-09-19 10:53:21.757 | 06:24   34ms  360M  120G 108/120U [ActUnit] QUEEN from HATCHERY at (163.5, 74.5)
2023-09-19 10:53:21.872 | 06:24   32ms  350M  120G 110/120U [ActUnit] ZERGLING from LARVA at (163.5, 96.6)
2023-09-19 10:53:22.006 | 06:25   36ms  320M  124G 111/120U [ActUnit] ZERGLING from LARVA at (119.2, 36.9)
2023-09-19 10:53:22.013 | 06:25   36ms  320M  124G 111/120U [ActBuilding] 1. EVOLUTIONCHAMBER near (163.8, 90.5)
2023-09-19 10:53:22.147 | 06:25   45ms  265M  128G 112/128U [ActBuilding] 2. EVOLUTIONCHAMBER near (89.1, 127.2)
2023-09-19 10:53:23.109 | 06:28   34ms  380M  144G 109/128U [ActUnit] DRONE from LARVA at (161.7, 39.7)
2023-09-19 10:53:24.622 | 06:30   42ms  435M  152G 109/128U [ActUnit] DRONE from LARVA at (117.5, 121.6)
2023-09-19 10:53:24.911 | 06:31   34ms  370M  160G 110/128U [ActUnit] QUEEN from HATCHERY at (145.5, 124.5)
2023-09-19 10:53:25.036 | 06:31   32ms  335M  160G 112/128U [ActUnit] DRONE from LARVA at (163.6, 71.6)
2023-09-19 10:53:25.200 | 06:32   37ms  325M  160G 113/128U [ActUnit] DRONE from LARVA at (82.3, 36.7)
2023-09-19 10:53:25.342 | 06:32   32ms  290M  164G 114/128U [ActUnit] ZERGLING from LARVA at (145.7, 121.8)
2023-09-19 10:53:25.481 | 06:33   38ms  295M  168G 115/128U [ActUnit] ZERGLING from LARVA at (80.3, 121.4)
2023-09-19 10:53:26.296 | 06:35   35ms  395M  176G 116/128U [ActUnit] ZERGLING from LARVA at (163.6, 96.6)
2023-09-19 10:53:26.445 | 06:35   43ms  400M  184G 117/128U [ActUnit] ZERGLING from LARVA at (119.9, 36.4)
2023-09-19 10:53:27.010 | 06:37   42ms  355M  192G 118/128U [ActUnit] QUEEN from HATCHERY at (119.5, 39.5)
2023-09-19 10:53:27.660 | 06:39   59ms  455M  200G 120/128U [ActUnit] ZERGLING from LARVA at (161.3, 39.8)
2023-09-19 10:53:27.799 | 06:40   34ms  445M  204G 121/134U [ActUnit] ZERGLING from LARVA at (134.5, 88.6)
2023-09-19 10:53:28.232 | 06:41   37ms  510M  208G 122/134U [ActUnit] ZERGLING from LARVA at (117.5, 121.6)
2023-09-19 10:53:28.652 | 06:42   33ms  515M  216G 123/134U [ActUnit] ZERGLING from LARVA at (163.6, 71.8)
2023-09-19 10:53:28.816 | 06:43   39ms  520M  220G 124/134U [ActUnit] ZERGLING from LARVA at (82.3, 36.8)
2023-09-19 10:53:28.954 | 06:43   35ms  525M  224G 125/134U [ActUnit] ZERGLING from LARVA at (145.5, 121.9)
2023-09-19 10:53:29.116 | 06:44   42ms  480M  224G 126/134U [ActUnit] ZERGLING from LARVA at (80.5, 121.9)
2023-09-19 10:53:30.015 | 06:46   33ms  615M  240G 127/134U [ActUnit] ZERGLING from LARVA at (119.4, 36.5)
2023-09-19 10:53:30.216 | 06:46   94ms  595M  240G 128/134U [ActUnit] ZERGLING from LARVA at (163.8, 96.4)
2023-09-19 10:53:31.148 | 06:49   36ms  780M  256G 129/134U [Inject] injecting hatch (82.5, 39.5)
2023-09-19 10:53:31.457 | 06:50   40ms  830M  256G 129/134U [ActUnit] ZERGLING from LARVA at (161.7, 39.7)
2023-09-19 10:53:31.602 | 06:50   34ms  770M  264G 130/134U [ActUnit] OVERLORD from LARVA at (134.5, 88.6)
2023-09-19 10:53:32.080 | 06:52   38ms  775M  268G 130/134U [ActUnit] OVERLORD from LARVA at (117.5, 121.6)
2023-09-19 10:53:32.529 | 06:53   35ms  800M  276G 130/134U [ActUnit] ZERGLING from LARVA at (163.5, 71.5)
2023-09-19 10:53:32.537 | 06:53   35ms  800M  276G 130/134U [Tech] Started ZERGMELEEWEAPONSLEVEL1
2023-09-19 10:53:32.710 | 06:53   43ms  685M  180G 131/134U [ActUnit] ZERGLING from LARVA at (82.4, 36.4)
2023-09-19 10:53:32.856 | 06:54   36ms  665M  180G 132/134U [ActUnit] ZERGLING from LARVA at (80.7, 121.2)
2023-09-19 10:53:33.045 | 06:54   42ms  675M  180G 133/134U [ActUnit] ZERGLING from LARVA at (146.0, 121.9)
2023-09-19 10:53:33.058 | 06:54   42ms  675M  180G 133/134U [Tech] Started ZERGGROUNDARMORSLEVEL1
2023-09-19 10:53:33.412 | 06:55   49ms  575M   38G 134/140U [ActUnit] ZERGLING from LARVA at (137.5, 61.6)
2023-09-19 10:53:33.714 | 06:56   45ms  620M   42G 135/140U [GameAnalyzer] Known army advantage is now ClearDisadvantage
2023-09-19 10:53:33.715 | 06:56   45ms  620M   42G 135/140U [GameAnalyzer] Predicted army advantage is now ClearDisadvantage
2023-09-19 10:53:33.723 | 06:56   45ms  620M   42G 135/140U [Inject] injecting hatch (137.5, 64.5)
2023-09-19 10:53:33.858 | 06:56   36ms  620M   46G 135/140U [ActUnit] ZERGLING from LARVA at (163.5, 96.6)
2023-09-19 10:53:34.038 | 06:57   48ms  615M   46G 136/140U [ActUnit] ZERGLING from LARVA at (120.0, 36.8)
2023-09-19 10:53:35.052 | 07:00   43ms  830M   62G 137/140U [GameAnalyzer] Known army advantage is now SmallDisadvantage
2023-09-19 10:53:35.053 | 07:00   43ms  830M   62G 137/140U [GameAnalyzer] Predicted army advantage is now SmallDisadvantage
2023-09-19 10:53:35.212 | 07:00   37ms  860M   62G 137/140U [Inject] injecting hatch (163.5, 99.5)
2023-09-19 10:53:35.376 | 07:00   42ms  840M   66G 137/140U [ActUnit] ZERGLING from LARVA at (161.3, 39.7)
2023-09-19 10:53:35.522 | 07:01   37ms  840M   70G 138/140U [ActUnit] ZERGLING from LARVA at (134.5, 88.6)
2023-09-19 10:53:36.039 | 07:02   49ms  920M   78G 139/140U [ActUnit] ZERGLING from LARVA at (117.5, 121.6)
2023-09-19 10:53:36.352 | 07:03   42ms  970M   82G 140/140U [GameAnalyzer] Known army advantage is now SlightDisadvantage
2023-09-19 10:53:36.353 | 07:03   42ms  970M   82G 140/140U [GameAnalyzer] Predicted army advantage is now SlightDisadvantage
2023-09-19 10:53:37.733 | 07:07   40ms 1355M  102G 140/140U [Inject] injecting hatch (145.5, 124.5)
2023-09-19 10:53:38.189 | 07:09   50ms 1410M  110G 140/148U [ActUnit] ZERGLING from LARVA at (145.7, 121.8)
2023-09-19 10:53:38.337 | 07:09   40ms 1390M  114G 141/148U [ActUnit] ZERGLING from LARVA at (163.4, 96.9)
2023-09-19 10:53:38.499 | 07:09   43ms 1395M  118G 142/148U [ActUnit] ZERGLING from LARVA at (137.2, 61.9)
2023-09-19 10:53:38.643 | 07:10   40ms 1380M  118G 143/156U [ActUnit] ZERGLING from LARVA at (82.6, 36.7)
2023-09-19 10:53:38.807 | 07:10   42ms 1365M  118G 144/156U [ActUnit] ZERGLING from LARVA at (80.4, 121.3)
2023-09-19 10:53:38.962 | 07:11   40ms 1380M  122G 145/156U [ActUnit] ZERGLING from LARVA at (120.0, 36.7)
2023-09-19 10:53:38.972 | 07:11   40ms 1205M   22G 145/156U [BuildGas] Building EXTRACTOR to (154.5, 39.5)
2023-09-19 10:53:39.142 | 07:11   48ms 1240M   26G 146/156U [GameAnalyzer] Known army advantage is now Even
2023-09-19 10:53:39.143 | 07:11   48ms 1240M   26G 146/156U [GameAnalyzer] Predicted army advantage is now Even
2023-09-19 10:53:39.144 | 07:11   48ms 1190M   26G 146/156U [ActUnit] ZERGLING from LARVA at (161.3, 39.6)
2023-09-19 10:53:39.296 | 07:12   41ms 1200M   26G 147/156U [ActUnit] ZERGLING from LARVA at (134.5, 88.6)
2023-09-19 10:53:39.460 | 07:12   44ms 1180M   30G 148/156U [ActUnit] ZERGLING from LARVA at (163.7, 71.1)
2023-09-19 10:53:39.805 | 07:13   50ms 1210M   34G 148/156U [ActUnit] DRONE from LARVA at (117.5, 121.6)
2023-09-19 10:53:39.962 | 07:13   40ms 1245M   38G 149/156U [Inject] injecting hatch (161.5, 42.5)
2023-09-19 10:53:40.288 | 07:14   40ms 1270M   42G 149/156U [ActUnit] ZERGLING from LARVA at (163.4, 71.8)
2023-09-19 10:53:40.459 | 07:15   49ms 1260M   42G 150/162U [ActUnit] ZERGLING from LARVA at (80.4, 121.5)
2023-09-19 10:53:40.614 | 07:15   41ms 1245M   50G 151/162U [ActUnit] ZERGLING from LARVA at (54.8, 36.1)
2023-09-19 10:53:40.835 | 07:16   44ms 1225M   50G 152/162U [ActUnit] ZERGLING from LARVA at (83.2, 36.6)
2023-09-19 10:53:40.988 | 07:16   42ms 1235M   50G 153/162U [ActUnit] ZERGLING from LARVA at (145.5, 121.9)
2023-09-19 10:53:41.164 | 07:17   43ms 1245M   54G 154/162U [ActUnit] ZERGLING from LARVA at (137.5, 61.6)
2023-09-19 10:53:41.652 | 07:18   40ms 1300M   62G 155/162U [ActUnit] ZERGLING from LARVA at (119.7, 36.6)
2023-09-19 10:53:41.836 | 07:18   45ms 1310M   66G 156/162U [ActUnit] ZERGLING from LARVA at (163.9, 96.5)
2023-09-19 10:53:42.159 | 07:19   41ms 1320M   66G 157/162U [ActUnit] ZERGLING from LARVA at (82.7, 36.4)
2023-09-19 10:53:42.321 | 07:20   42ms 1255M   74G 158/162U [ActUnit] OVERLORD from LARVA at (83.1, 36.8)
2023-09-19 10:53:42.323 | 07:20   42ms 1205M   74G 158/162U [ActUnit] ZERGLING from LARVA at (81.8, 36.8)
2023-09-19 10:53:42.650 | 07:21   43ms 1280M   74G 159/162U [Inject] injecting hatch (82.5, 39.5)
2023-09-19 10:53:43.129 | 07:22   53ms 1325M   82G 159/162U [ActUnit] OVERLORD from LARVA at (161.3, 39.6)
2023-09-19 10:53:43.137 | 07:22   53ms 1325M   82G 159/162U [PlanCancelBuilding] Cancelled HATCHERY at (62.5, 99.5) with 100.120361328125 health
2023-09-19 10:53:43.287 | 07:22   42ms 1535M   86G 160/162U [ActUnit] ZERGLING from LARVA at (134.5, 88.6)
2023-09-19 10:53:43.761 | 07:24   51ms 1615M   94G 161/162U [ActUnit] ZERGLING from LARVA at (117.5, 121.6)
2023-09-19 10:53:43.906 | 07:24   41ms 1660M   98G 161/162U [GameAnalyzer] Known army advantage is now SlightDisadvantage
2023-09-19 10:53:43.907 | 07:24   41ms 1660M   98G 161/162U [GameAnalyzer] Predicted army advantage is now SlightDisadvantage
2023-09-19 10:53:44.256 | 07:25   44ms 1655M   98G 161/162U [ActUnit] ZERGLING from LARVA at (163.5, 71.5)
2023-09-19 10:53:44.581 | 07:26   44ms 1735M  106G 162/162U [GameAnalyzer] Known army advantage is now Even
2023-09-19 10:53:44.582 | 07:26   44ms 1735M  106G 162/162U [GameAnalyzer] Predicted army advantage is now Even
2023-09-19 10:53:46.041 | 07:28   44ms 1900M  114G 162/162U [Inject] injecting hatch (134.5, 91.5)
2023-09-19 10:53:46.350 | 07:29   44ms 1980M  122G 162/162U [BuildGas] Building EXTRACTOR to (75.5, 42.5)
2023-09-19 10:53:46.846 | 07:30   47ms 2030M  130G 161/162U [ActUnit] DRONE from LARVA at (164.1, 96.9)
2023-09-19 10:53:47.186 | 07:31   55ms 2050M  130G 161/162U [ActUnit] DRONE from LARVA at (82.1, 36.7)
2023-09-19 10:53:47.194 | 07:31   55ms 2050M  130G 161/162U [Expand] Expanding to (65.5, 72.5)
2023-09-19 10:53:47.361 | 07:31   45ms 1805M  134G 162/162U [Expand] Expanding to (65.5, 72.5)
2023-09-19 10:53:47.518 | 07:32   55ms 1550M  138G 162/162U [Expand] Expanding to (65.5, 72.5)
2023-09-19 10:53:47.686 | 07:32   45ms 1270M  138G 162/162U [Expand] Expanding to (65.5, 72.5)
2023-09-19 10:53:47.863 | 07:33   52ms 1030M  142G 162/162U [Expand] Expanding to (65.5, 72.5)
2023-09-19 10:53:48.021 | 07:33   48ms  765M  146G 162/162U [Expand] Expanding to (65.5, 72.5)
2023-09-19 10:53:48.187 | 07:34   46ms  525M  146G 162/162U [Expand] Expanding to (65.5, 72.5)
2023-09-19 10:53:48.337 | 07:34   47ms  265M  146G 162/162U [GameAnalyzer] Known army advantage is now SlightAdvantage
2023-09-19 10:53:48.338 | 07:34   47ms  265M  146G 162/162U [GameAnalyzer] Predicted army advantage is now SlightAdvantage
2023-09-19 10:53:48.523 | 07:34   47ms  305M  154G 162/162U [Expand] Expanding to (65.5, 72.5)
2023-09-19 10:53:49.894 | 07:38   55ms  215M  170G 162/170U [ActUnit] ZERGLING from LARVA at (119.5, 36.6)
2023-09-19 10:53:50.066 | 07:38   45ms  210M  170G 163/170U [ActUnit] ZERGLING from LARVA at (145.5, 121.4)
2023-09-19 10:53:50.266 | 07:39   52ms  210M  178G 164/170U [ActUnit] ZERGLING from LARVA at (163.6, 71.5)
2023-09-19 10:53:50.275 | 07:39   52ms  210M  178G 164/170U [Inject] injecting hatch (117.5, 124.5)
2023-09-19 10:53:50.432 | 07:39   46ms  180M  178G 165/170U [ActUnit] ZERGLING from LARVA at (80.0, 121.7)
2023-09-19 10:53:50.611 | 07:40   46ms   95M  178G 166/170U [ActUnit] OVERLORD from LARVA at (119.4, 36.8)
2023-09-19 10:53:50.612 | 07:40   46ms   45M  178G 166/170U [ActUnit] ZERGLING from LARVA at (138.0, 61.7)
2023-09-19 10:53:50.776 | 07:40   49ms   80M  182G 167/178U [GameAnalyzer] Known army advantage is now Even
2023-09-19 10:53:50.777 | 07:40   49ms   80M  182G 167/178U [GameAnalyzer] Predicted army advantage is now Even
2023-09-19 10:53:50.780 | 07:40   49ms   30M  182G 167/178U [ActUnit] ZERGLING from LARVA at (145.6, 121.9)
2023-09-19 10:53:50.955 | 07:41   51ms   10M  186G 168/178U [ActUnit] ZERGLING from LARVA at (117.7, 121.9)
2023-09-19 10:53:51.308 | 07:42   52ms  315M  194G 168/178U [ActUnit] DRONE from LARVA at (53.8, 36.8)
2023-09-19 10:53:51.316 | 07:42   52ms  315M  194G 168/178U [Expand] Expanding to (62.5, 99.5)
2023-09-19 10:53:51.671 | 07:42   55ms   20M  198G 169/178U [ActUnit] ZERGLING from LARVA at (143.9, 122.3)
2023-09-19 10:53:51.847 | 07:43   46ms  605M  202G 169/178U [ActUnit] DRONE from LARVA at (163.7, 96.9)
2023-09-19 10:53:51.855 | 07:43   46ms  605M  202G 169/178U [Expand] Expanding to (62.5, 99.5)
2023-09-19 10:53:52.043 | 07:43   49ms  580M  206G 170/178U [ActUnit] ZERGLING from LARVA at (161.5, 39.5)
2023-09-19 10:53:52.052 | 07:43   49ms  580M  206G 170/178U [Expand] Expanding to (62.5, 99.5)
2023-09-19 10:53:52.228 | 07:44   51ms  885M  206G 170/178U [ActUnit] DRONE from LARVA at (81.1, 121.5)
2023-09-19 10:53:52.467 | 07:44   56ms  855M  206G 171/178U [ActUnit] ZERGLING from LARVA at (134.1, 88.3)
2023-09-19 10:53:52.476 | 07:44   56ms  855M  206G 171/178U [Inject] injecting hatch (163.5, 74.5)
2023-09-19 10:53:52.651 | 07:45   50ms 1135M  210G 171/178U [ActUnit] DRONE from LARVA at (134.1, 88.9)
2023-09-19 10:53:52.842 | 07:45   57ms 1095M  214G 172/178U [ActUnit] ZERGLING from LARVA at (137.5, 61.4)
2023-09-19 10:53:53.020 | 07:46   48ms 1085M  214G 173/178U [ActUnit] ZERGLING from LARVA at (54.2, 36.6)
2023-09-19 10:53:53.212 | 07:46   59ms 1060M  222G 173/178U [ActUnit] DRONE from LARVA at (143.7, 122.7)
2023-09-19 10:53:53.389 | 07:46   48ms  980M  226G 174/178U [ActUnit] OVERLORD from LARVA at (117.2, 121.1)
2023-09-19 10:53:53.391 | 07:46   48ms  930M  226G 174/178U [ActUnit] ZERGLING from LARVA at (161.3, 39.8)
2023-09-19 10:53:53.594 | 07:47   60ms  890M  226G 174/178U [ActUnit] DRONE from LARVA at (164.1, 96.9)
2023-09-19 10:53:53.780 | 07:47   52ms  860M  230G 175/178U [ActUnit] ZERGLING from LARVA at (164.1, 96.9)
2023-09-19 10:53:53.791 | 07:47   52ms  860M  230G 175/178U [Expand] Expanding to (62.5, 99.5)
2023-09-19 10:53:53.978 | 07:48   60ms  850M  234G 176/178U [ActUnit] ZERGLING from LARVA at (80.4, 121.0)
2023-09-19 10:53:53.987 | 07:48   60ms  850M  234G 176/178U [Expand] Expanding to (62.5, 99.5)
2023-09-19 10:53:54.166 | 07:48   55ms  520M  234G 177/178U [ActUnit] ZERGLING from LARVA at (54.9, 36.8)
2023-09-19 10:53:54.175 | 07:48   55ms  520M  234G 177/178U [Expand] Expanding to (62.5, 99.5)
2023-09-19 10:53:54.352 | 07:49   54ms  515M  234G 177/178U [ActUnit] DRONE from LARVA at (82.2, 36.9)
2023-09-19 10:53:54.360 | 07:49   54ms  515M  234G 177/178U [Expand] Expanding to (62.5, 99.5)
2023-09-19 10:53:54.748 | 07:50   54ms  205M  246G 177/178U [ActUnit] DRONE from LARVA at (164.2, 71.5)
2023-09-19 10:53:54.932 | 07:50   50ms  175M  246G 177/178U [ActUnit] DRONE from LARVA at (82.4, 36.8)
2023-09-19 10:53:55.298 | 07:51   51ms  510M  254G 178/178U [Expand] Expanding to (36.5, 64.5)
2023-09-19 10:53:55.847 | 07:52   59ms  285M  262G 178/178U [Inject] injecting hatch (54.5, 39.5)
2023-09-19 10:53:56.023 | 07:53   51ms  305M  262G 178/178U [Expand] Expanding to (36.5, 64.5)
2023-09-19 10:53:56.211 | 07:53   54ms  345M  266G 178/178U [Expand] Expanding to (36.5, 64.5)
2023-09-19 10:53:56.585 | 07:54   52ms   50M  274G 177/178U [ActUnit] ZERGLING from LARVA at (161.7, 39.6)
2023-09-19 10:53:56.951 | 07:55   55ms   45M  278G 177/178U [ActUnit] DRONE from LARVA at (163.8, 96.5)
2023-09-19 10:53:56.960 | 07:55   55ms   45M  278G 177/178U [Inject] injecting hatch (119.5, 39.5)
2023-09-19 10:53:57.137 | 07:55   52ms  310M  282G 177/178U [ActUnit] DRONE from LARVA at (134.8, 88.6)
2023-09-19 10:53:57.146 | 07:55   52ms  310M  282G 177/178U [Expand] Expanding to (36.5, 64.5)
2023-09-19 10:53:57.327 | 07:56   60ms  320M  282G 178/178U [Expand] Expanding to (36.5, 64.5)
2023-09-19 10:53:57.711 | 07:57   58ms  660M  290G 178/178U [Expand] Expanding to (36.5, 64.5)
2023-09-19 10:53:57.902 | 07:57   53ms  705M  290G 178/178U [Expand] Expanding to (36.5, 64.5)
2023-09-19 10:53:58.086 | 07:58   60ms  730M  298G 178/178U [Expand] Expanding to (36.5, 64.5)
2023-09-19 10:53:58.259 | 07:58   53ms  705M  302G 178/186U [ActUnit] ZERGLING from LARVA at (138.3, 61.9)
2023-09-19 10:53:58.270 | 07:58   53ms  705M  302G 178/186U [Expand] Expanding to (36.5, 64.5)
2023-09-19 10:53:58.449 | 07:59   54ms  680M  302G 179/186U [ActUnit] ZERGLING from LARVA at (80.1, 121.9)
2023-09-19 10:53:58.458 | 07:59   54ms  680M  302G 179/186U [Expand] Expanding to (36.5, 64.5)
2023-09-19 10:53:58.633 | 07:59   51ms  640M  302G 180/186U [ActUnit] ZERGLING from LARVA at (137.9, 61.8)
2023-09-19 10:53:58.643 | 07:59   51ms  640M  302G 180/186U [Expand] Expanding to (36.5, 64.5)
2023-09-19 10:53:58.827 | 07:59   58ms  315M  310G 180/186U [ActUnit] DRONE from LARVA at (163.3, 96.3)
2023-09-19 10:53:58.836 | 07:59   58ms  315M  310G 180/186U [Expand] Expanding to (36.5, 64.5)
2023-09-19 10:53:58.838 | 07:59   58ms   15M  310G 180/186U [Inject] injecting hatch (137.5, 64.5)
2023-09-19 10:53:59.019 | 08:00   53ms  285M  310G 180/186U [ActUnit] DRONE from LARVA at (83.5, 36.9)
2023-09-19 10:53:59.196 | 08:00   64ms  260M  314G 181/186U [ActUnit] ZERGLING from LARVA at (119.6, 36.4)
2023-09-19 10:53:59.361 | 08:01   46ms  235M  322G 182/186U [ActUnit] ZERGLING from LARVA at (117.1, 121.7)
2023-09-19 10:53:59.559 | 08:01   54ms  210M  326G 183/186U [ActUnit] ZERGLING from LARVA at (137.2, 61.7)
2023-09-19 10:53:59.743 | 08:02   50ms  180M  326G 184/186U [ActUnit] ZERGLING from LARVA at (119.4, 36.0)
2023-09-19 10:53:59.933 | 08:02   58ms  160M  334G 184/186U [ActUnit] DRONE from LARVA at (143.6, 122.2)
2023-09-19 10:54:00.324 | 08:03   49ms  155M  338G 185/186U [ActUnit] ZERGLING from LARVA at (54.6, 36.6)
2023-09-19 10:54:00.690 | 08:03   51ms  150M  338G 185/186U [ActUnit] DRONE from LARVA at (143.2, 122.3)
2023-09-19 10:54:00.698 | 08:03   51ms  150M  338G 185/186U [Inject] injecting hatch (163.5, 99.5)
2023-09-19 10:54:01.066 | 08:04   49ms  490M  350G 186/186U [Expand] Expanding to (36.5, 89.5)
2023-09-19 10:54:01.068 | 08:04   49ms  190M  350G 186/186U [PlanCancelBuilding] Cancelled HATCHERY at (62.5, 99.5) with 105.37353515625 health
2023-09-19 10:54:01.295 | 08:05   67ms  375M  354G 187/194U [ActUnit] ZERGLING from LARVA at (163.7, 71.3)
2023-09-19 10:54:01.477 | 08:05   48ms  660M  362G 187/194U [ActUnit] ZERGLING from LARVA at (134.5, 88.7)
2023-09-19 10:54:01.661 | 08:06   57ms  625M  366G 188/194U [ActUnit] ZERGLING from LARVA at (163.6, 96.9)
2023-09-19 10:54:01.835 | 08:06   48ms  600M  366G 189/194U [ActUnit] ZERGLING from LARVA at (82.7, 36.6)
2023-09-19 10:54:02.020 | 08:07   51ms  530M  374G 190/194U [ActUnit] OVERLORD from LARVA at (135.6, 88.8)
2023-09-19 10:54:02.022 | 08:07   51ms  480M  374G 190/194U [ActUnit] ZERGLING from LARVA at (161.1, 39.3)
2023-09-19 10:54:02.208 | 08:07   51ms  420M  378G 191/194U [ActUnit] OVERLORD from LARVA at (82.7, 36.6)
2023-09-19 10:54:02.211 | 08:07   51ms  370M  378G 191/194U [ActUnit] ZERGLING from LARVA at (145.2, 121.6)
2023-09-19 10:54:02.228 | 08:07   51ms  370M  378G 191/194U [PlanZoneAttack] Supply is 191 -> attack!
2023-09-19 10:54:02.230 | 08:07   51ms  370M  378G 191/194U [PlanZoneAttack] Attack started at 67.00 power.
2023-09-19 10:54:02.394 | 08:07   73ms  355M  378G 192/194U [ActUnit] ZERGLING from LARVA at (134.6, 88.4)
2023-09-19 10:54:02.623 | 08:08   72ms  320M  386G 193/194U [ActUnit] ZERGLING from LARVA at (117.1, 121.7)
2023-09-19 10:54:03.342 | 08:09   93ms  390M  394G 194/194U [Expand] Expanding to (62.5, 99.5)
2023-09-19 10:54:04.036 | 08:11   75ms  460M  406G 194/194U [Expand] Expanding to (62.5, 99.5)
2023-09-19 10:54:04.038 | 08:11   75ms  160M  406G 194/194U [Inject] injecting hatch (80.5, 124.5)
2023-09-19 10:54:04.287 | 08:11   92ms  135M  414G 192/194U [ActUnit] ZERGLING from LARVA at (137.4, 61.9)
2023-09-19 10:54:04.546 | 08:11   81ms  115M  418G 192/194U [ActUnit] ZERGLING from LARVA at (80.4, 121.9)
2023-09-19 10:54:04.803 | 08:12   91ms  105M  418G 191/194U [ActUnit] ZERGLING from LARVA at (54.7, 35.9)
2023-09-19 10:54:05.067 | 08:12   78ms   85M  426G 192/194U [ActUnit] ZERGLING from LARVA at (82.0, 36.4)
2023-09-19 10:54:05.360 | 08:13   93ms   60M  434G 190/194U [ActUnit] ZERGLING from LARVA at (134.5, 88.5)
2023-09-19 10:54:05.629 | 08:13   83ms   30M  434G 189/194U [ActUnit] ZERGLING from LARVA at (163.5, 96.6)
2023-09-19 10:54:05.899 | 08:14   92ms   70M  434G 187/194U [GameAnalyzer] Known army advantage is now SlightDisadvantage
2023-09-19 10:54:05.900 | 08:14   92ms   70M  434G 187/194U [GameAnalyzer] Predicted army advantage is now SlightDisadvantage
2023-09-19 10:54:05.901 | 08:14   92ms   20M  434G 187/194U [ActUnit] DRONE from LARVA at (119.5, 36.8)
2023-09-19 10:54:06.382 | 08:15   81ms   15M  446G 188/194U [ActUnit] ZERGLING from LARVA at (163.1, 71.9)
2023-09-19 10:54:06.908 | 08:15   83ms   10M  454G 185/194U [ActUnit] ZERGLING from LARVA at (137.2, 61.6)
2023-09-19 10:54:07.430 | 08:16   81ms   15M  462G 181/194U [ActUnit] ZERGLING from LARVA at (161.3, 39.2)
2023-09-19 10:54:07.690 | 08:17   70ms    5M  470G 180/194U [ActUnit] ZERGLING from LARVA at (160.3, 39.8)
2023-09-19 10:54:08.195 | 08:18   65ms   25M  474G 180/194U [ActUnit] ZERGLING from LARVA at (117.7, 121.7)
2023-09-19 10:54:08.444 | 08:18   76ms    5M  478G 180/194U [ActUnit] ZERGLING from LARVA at (160.4, 39.9)
2023-09-19 10:54:08.957 | 08:19   77ms  325M  486G 181/194U [ActUnit] ZERGLING from LARVA at (145.4, 121.9)
2023-09-19 10:54:09.207 | 08:20   76ms  310M  486G 182/194U [ActUnit] ZERGLING from LARVA at (82.5, 36.6)
2023-09-19 10:54:09.466 | 08:20   83ms  280M  494G 183/194U [ActUnit] ZERGLING from LARVA at (54.5, 36.8)
2023-09-19 10:54:09.718 | 08:20   73ms  270M  502G 184/194U [ActUnit] ZERGLING from LARVA at (164.1, 71.5)
2023-09-19 10:54:09.969 | 08:21   77ms  235M  502G 185/194U [ActUnit] ZERGLING from LARVA at (134.5, 88.9)
2023-09-19 10:54:10.226 | 08:21   70ms  230M  510G 186/194U [ActUnit] ZERGLING from LARVA at (117.5, 121.2)
2023-09-19 10:54:10.529 | 08:22   74ms  505M  514G 186/194U [ActUnit] ZERGLING from LARVA at (80.8, 121.9)
2023-09-19 10:54:10.770 | 08:22  120ms  480M  514G 187/194U [ActUnit] ZERGLING from LARVA at (118.4, 121.1)
2023-09-19 10:54:11.043 | 08:23   73ms  460M  518G 187/194U [ActUnit] DRONE from LARVA at (119.0, 36.4)
2023-09-19 10:54:11.289 | 08:23   67ms  460M  526G 188/194U [ActUnit] ZERGLING from LARVA at (137.3, 61.2)
2023-09-19 10:54:11.535 | 08:24   75ms  440M  526G 188/194U [ActUnit] ZERGLING from LARVA at (118.4, 121.4)
2023-09-19 10:54:11.777 | 08:24   68ms  440M  526G 189/194U [ActUnit] ZERGLING from LARVA at (163.5, 96.6)
2023-09-19 10:54:11.786 | 08:24   68ms  440M  526G 189/194U [Inject] injecting hatch (82.5, 39.5)
2023-09-19 10:54:13.529 | 08:26   64ms  515M  550G 187/200U [ActUnit] ZERGLING from LARVA at (145.3, 121.6)
2023-09-19 10:54:14.523 | 08:28   68ms  570M  570G 188/200U [ActUnit] ZERGLING from LARVA at (161.7, 39.7)
2023-09-19 10:54:15.033 | 08:28   71ms  600M  574G 188/200U [ActUnit] ZERGLING from LARVA at (134.4, 88.7)
2023-09-19 10:54:15.291 | 08:29   78ms  605M  582G 188/200U [ActUnit] ZERGLING from LARVA at (164.3, 71.8)
2023-09-19 10:54:15.528 | 08:29   69ms  620M  586G 188/200U [GameAnalyzer] Known army advantage is now Even
2023-09-19 10:54:15.531 | 08:29   69ms  570M  586G 188/200U [ActUnit] ZERGLING from LARVA at (164.1, 71.9)
2023-09-19 10:54:15.789 | 08:30   76ms  615M  586G 187/200U [GameAnalyzer] Known army advantage is now SlightDisadvantage
2023-09-19 10:54:15.791 | 08:30   76ms  565M  586G 187/200U [ActUnit] ZERGLING from LARVA at (164.1, 71.9)
2023-09-19 10:54:16.027 | 08:30   65ms  545M  598G 188/200U [ActUnit] ZERGLING from LARVA at (117.8, 121.2)
2023-09-19 10:54:16.274 | 08:31   75ms  600M  602G 188/200U [GameAnalyzer] Known army advantage is now Even
2023-09-19 10:54:16.276 | 08:31   75ms  550M  602G 188/200U [ActUnit] ZERGLING from LARVA at (82.7, 36.7)
2023-09-19 10:54:16.516 | 08:31   66ms  540M  602G 189/200U [ActUnit] ZERGLING from LARVA at (163.3, 71.9)
2023-09-19 10:54:16.524 | 08:31   66ms  540M  602G 189/200U [Inject] injecting hatch (161.5, 42.5)
2023-09-19 10:54:16.764 | 08:32   76ms  510M  614G 190/200U [ActUnit] ZERGLING from LARVA at (80.3, 121.9)
2023-09-19 10:54:17.000 | 08:32   67ms  490M  618G 190/200U [ActUnit] ZERGLING from LARVA at (137.4, 61.6)
2023-09-19 10:54:17.254 | 08:32   82ms  475M  618G 191/200U [ActUnit] ZERGLING from LARVA at (54.2, 36.9)
2023-09-19 10:54:17.500 | 08:33   66ms  450M  626G 192/200U [ActUnit] ZERGLING from LARVA at (119.4, 36.5)
2023-09-19 10:54:18.263 | 08:34   74ms  500M  634G 193/200U [ActUnit] ZERGLING from LARVA at (55.4, 36.8)
2023-09-19 10:54:18.516 | 08:35   67ms  500M  646G 194/200U [ActUnit] ZERGLING from LARVA at (53.7, 36.9)
2023-09-19 10:54:18.527 | 08:35   67ms  500M  646G 194/200U [Expand] Expanding to (36.5, 89.5)
2023-09-19 10:54:18.762 | 08:35   88ms  205M  650G 195/200U [ActUnit] ZERGLING from LARVA at (163.7, 96.8)
2023-09-19 10:54:18.771 | 08:35   88ms  205M  650G 195/200U [Inject] injecting hatch (145.5, 124.5)
2023-09-19 10:54:19.021 | 08:36   74ms  175M  650G 195/200U [ActUnit] ZERGLING from LARVA at (54.5, 36.4)
2023-09-19 10:54:19.290 | 08:36   85ms  165M  662G 196/200U [ActUnit] ZERGLING from LARVA at (137.6, 61.7)
2023-09-19 10:54:19.545 | 08:36   77ms  160M  666G 196/200U [ActUnit] ZERGLING from LARVA at (136.8, 61.7)
2023-09-19 10:54:19.866 | 08:37   88ms  150M  666G 197/200U [ActUnit] ZERGLING from LARVA at (137.0, 61.5)
2023-09-19 10:54:20.122 | 08:37   83ms  140M  678G 198/200U [ActUnit] ZERGLING from LARVA at (146.0, 121.4)
2023-09-19 10:54:20.719 | 08:38  133ms  145M  682G 199/200U [ActUnit] ZERGLING from LARVA at (161.7, 39.6)
2023-09-19 10:54:21.461 | 08:39   81ms  150M  694G 199/200U [ActUnit] ZERGLING from LARVA at (134.4, 88.4)
2023-09-19 10:54:22.341 | 08:40   93ms  240M  710G 199/200U [ActUnit] ZERGLING from LARVA at (80.5, 121.8)
2023-09-19 10:54:22.615 | 08:41   80ms  215M  714G 199/200U [ActUnit] ZERGLING from LARVA at (117.4, 121.3)
2023-09-19 10:54:23.215 | 08:42   84ms  320M  726G 200/200U [Expand] Expanding to (36.5, 89.5)
2023-09-19 10:54:23.471 | 08:42   92ms    0M  730G 199/200U [ActUnit] ZERGLING from LARVA at (82.6, 36.1)
2023-09-19 10:54:23.480 | 08:42   92ms    0M  730G 199/200U [Inject] injecting hatch (117.5, 124.5)
2023-09-19 10:54:24.022 | 08:43   85ms   10M  734G 199/200U [ActUnit] ZERGLING from LARVA at (137.6, 61.8)
2023-09-19 10:54:25.641 | 08:46   95ms  180M  762G 199/200U [ActUnit] ZERGLING from LARVA at (119.3, 36.7)
2023-09-19 10:54:25.910 | 08:46   87ms  205M  774G 200/200U [GameAnalyzer] Predicted army advantage is now Even
2023-09-19 10:54:26.207 | 08:47  105ms  215M  778G 199/200U [ActUnit] ZERGLING from LARVA at (163.4, 96.8)
2023-09-19 10:54:26.802 | 08:48  103ms  305M  786G 200/200U [Expand] Expanding to (36.5, 89.5)
2023-09-19 10:54:27.402 | 08:49  104ms    5M  794G 199/200U [ActUnit] DRONE from LARVA at (162.5, 96.9)
2023-09-19 10:54:27.410 | 08:49  104ms    5M  794G 199/200U [Inject] injecting hatch (137.5, 64.5)
2023-09-19 10:54:28.031 | 08:49  116ms   20M  806G 198/200U [ActUnit] ZERGLING from LARVA at (145.4, 121.4)
2023-09-19 10:54:28.339 | 08:50  104ms   45M  810G 199/200U [GameAnalyzer] Predicted army advantage is now SlightDisadvantage
2023-09-19 10:54:28.665 | 08:50  125ms   25M  810G 198/200U [ActUnit] ZERGLING from LARVA at (164.6, 96.3)
2023-09-19 10:54:28.980 | 08:51  108ms   30M  822G 199/200U [ActUnit] ZERGLING from LARVA at (134.1, 88.1)
2023-09-19 10:54:29.979 | 08:52  117ms  165M  838G 200/200U [Tech] Started ZERGMELEEWEAPONSLEVEL2
2023-09-19 10:54:30.292 | 08:53  109ms   45M  692G 200/200U [GameAnalyzer] Predicted army advantage is now Even
2023-09-19 10:54:30.623 | 08:53  122ms   45M  692G 199/200U [ActUnit] ZERGLING from LARVA at (80.8, 121.2)
2023-09-19 10:54:32.188 | 08:55  111ms  140M  720G 199/200U [ActUnit] ZERGLING from LARVA at (163.5, 71.9)
2023-09-19 10:54:32.514 | 08:56  123ms  170M  724G 200/200U [Inject] injecting hatch (65.5, 72.5)
2023-09-19 10:54:33.181 | 08:57  132ms  240M  736G 199/200U [ActUnit] ZERGLING from LARVA at (120.1, 36.9)
2023-09-19 10:54:33.189 | 08:57  132ms  240M  736G 199/200U [Tech] Started ZERGGROUNDARMORSLEVEL2
2023-09-19 10:54:34.181 | 08:58  123ms  375M  519G 199/200U [ActUnit] ZERGLING from LARVA at (117.8, 121.4)
2023-09-19 10:54:34.189 | 08:58  123ms  375M  519G 199/200U [ActBuilding] 1. INFESTATIONPIT near (91.4, 40.5)
2023-09-19 10:54:34.844 | 08:59  121ms  305M  431G 199/200U [ActUnit] ZERGLING from LARVA at (137.4, 61.7)
2023-09-19 10:54:35.167 | 08:59  132ms  285M  435G 199/200U [ActUnit] ZERGLING from LARVA at (79.2, 122.0)
2023-09-19 10:54:35.176 | 08:59  132ms  285M  435G 199/200U [Inject] injecting hatch (119.5, 39.5)
2023-09-19 10:54:36.440 | 09:01  123ms  370M  459G 198/200U [ActUnit] DRONE from LARVA at (163.2, 71.5)
2023-09-19 10:54:36.749 | 09:01  114ms  365M  463G 199/200U [ActUnit] ZERGLING from LARVA at (81.2, 121.9)
2023-09-19 10:54:37.715 | 09:03  131ms  495M  479G 200/200U [Inject] injecting hatch (163.5, 74.5)
2023-09-19 10:54:40.607 | 09:07  112ms 1100M  519G 200/200U [Inject] injecting hatch (163.5, 99.5)
2023-09-19 10:54:42.412 | 09:09  137ms 1235M  543G 199/200U [ActUnit] ZERGLING from LARVA at (54.3, 36.6)
2023-09-19 10:54:43.048 | 09:10  123ms 1275M  555G 199/200U [ActUnit] ZERGLING from LARVA at (54.3, 36.3)
2023-09-19 10:54:44.938 | 09:13  109ms 1440M  579G 199/200U [ActUnit] ZERGLING from LARVA at (118.6, 122.0)
2023-09-19 10:54:45.578 | 09:14  112ms 1515M  591G 200/200U [Expand] Expanding to (38.5, 121.5)
2023-09-19 10:54:45.885 | 09:14  106ms 1565M  595G 200/200U [Expand] Expanding to (38.5, 121.5)
2023-09-19 10:54:45.887 | 09:14  106ms 1265M  595G 200/200U [Inject] injecting hatch (80.5, 124.5)
2023-09-19 10:54:46.203 | 09:14  117ms 1295M  603G 200/200U [Expand] Expanding to (38.5, 121.5)
2023-09-19 10:54:46.510 | 09:15  108ms 1035M  607G 200/200U [Expand] Expanding to (38.5, 121.5)
2023-09-19 10:54:46.816 | 09:15  113ms  780M  607G 200/200U [Expand] Expanding to (38.5, 121.5)
2023-09-19 10:54:47.119 | 09:16  107ms  525M  619G 200/200U [Expand] Expanding to (38.5, 121.5)
2023-09-19 10:54:48.123 | 09:17  119ms  325M  631G 200/200U [Expand] Expanding to (38.5, 121.5)
2023-09-19 10:54:50.685 | 09:21  110ms  310M  671G 200/200U [Expand] Expanding to (38.5, 121.5)
2023-09-19 10:54:53.238 | 09:23  103ms  135M  699G 198/200U [ActUnit] DRONE from LARVA at (80.8, 121.9)
2023-09-19 10:54:53.544 | 09:24  101ms  110M  703G 199/200U [ActUnit] DRONE from LARVA at (82.4, 36.5)
2023-09-19 10:54:55.024 | 09:26   90ms  300M  731G 200/200U [Expand] Expanding to (38.5, 121.5)
2023-09-19 10:54:55.953 | 09:27   84ms  125M  739G 200/200U [Inject] injecting hatch (82.5, 39.5)
2023-09-19 10:54:57.651 | 09:30   76ms  310M  767G 200/200U [Expand] Expanding to (38.5, 121.5)
2023-09-19 10:54:58.223 | 09:31   73ms   30M  783G 199/200U [ActUnit] DRONE from LARVA at (161.6, 39.4)
2023-09-19 10:55:00.588 | 09:35   71ms  280M  815G 200/200U [Inject] injecting hatch (161.5, 42.5)
2023-09-19 10:55:01.885 | INFO     | sc2.protocol:_execute:72 - Client status changed to Status.ended (was Status.in_game)
2023-09-19 10:55:01.898 | Result: Victory
2023-09-19 10:55:01.898 | Duration: 09:36
2023-09-19 10:55:01.899 | Step time min: 6
2023-09-19 10:55:01.899 | Step time avg: 44
2023-09-19 10:55:01.900 | Step time max: 175
2023-09-19 10:55:01.901 | [LostUnitsContents] My lost units minerals and gas: (5812.5, 0.0)
2023-09-19 10:55:01.901 | [LostUnitsContents] My lost units minerals by score: 4725.0
2023-09-19 10:55:01.902 | [LostUnitsContents] Enemy lost units minerals and gas: (9425, 625)
2023-09-19 10:55:01.902 | [LostUnitsContents] Enemy lost units minerals by score: 9825.0
2023-09-19 10:55:01.903 | [GameAnalyzerEnd] Own units:
2023-09-19 10:55:01.903 | [GameAnalyzerEnd] ZERGLING          total: 300 alive: 180 dead: 120 
2023-09-19 10:55:01.904 | [GameAnalyzerEnd] DRONE             total: 132 alive:  95 dead:  37 
2023-09-19 10:55:01.904 | [GameAnalyzerEnd] LARVA             total:  51 alive:  51 dead:   0 
2023-09-19 10:55:01.905 | [GameAnalyzerEnd] HATCHERY          total:  20 alive:  15 dead:   5 
2023-09-19 10:55:01.905 | [GameAnalyzerEnd] OVERLORD          total:  18 alive:  18 dead:   0 
2023-09-19 10:55:01.906 | [GameAnalyzerEnd] QUEEN             total:   5 alive:   5 dead:   0 
2023-09-19 10:55:01.906 | [GameAnalyzerEnd] EXTRACTOR         total:   4 alive:   4 dead:   0 
2023-09-19 10:55:01.906 | [GameAnalyzerEnd] EVOLUTIONCHAMBER  total:   2 alive:   2 dead:   0 
2023-09-19 10:55:01.907 | [GameAnalyzerEnd] EGG               total:   1 alive:   1 dead:   0 
2023-09-19 10:55:01.907 | [GameAnalyzerEnd] INFESTATIONPIT    total:   1 alive:   1 dead:   0 
2023-09-19 10:55:01.908 | [GameAnalyzerEnd] SPAWNINGPOOL      total:   1 alive:   1 dead:   0 
2023-09-19 10:55:01.909 | [GameAnalyzerEnd] LAIR              total:   1 alive:   1 dead:   0 
2023-09-19 10:55:01.909 | [GameAnalyzerEnd] Enemy units:
2023-09-19 10:55:01.910 | [GameAnalyzerEnd] MARINE            total:  97 alive:  50 dead:  47 
2023-09-19 10:55:01.911 | [GameAnalyzerEnd] SCV               total:  46 alive:   0 dead:  46 
2023-09-19 10:55:01.911 | [GameAnalyzerEnd] SUPPLYDEPOT       total:  18 alive:   0 dead:  18 
2023-09-19 10:55:01.912 | [GameAnalyzerEnd] BARRACKS          total:  11 alive:   1 dead:  10 
2023-09-19 10:55:01.912 | [GameAnalyzerEnd] MARAUDER          total:   8 alive:   7 dead:   1 
2023-09-19 10:55:01.913 | [GameAnalyzerEnd] MEDIVAC           total:   6 alive:   6 dead:   0 
2023-09-19 10:55:01.913 | [GameAnalyzerEnd] TECHLAB           total:   4 alive:   0 dead:   4 
2023-09-19 10:55:01.914 | [GameAnalyzerEnd] ORBITALCOMMAND    total:   2 alive:   0 dead:   2 
2023-09-19 10:55:01.915 | [GameAnalyzerEnd] REFINERY          total:   2 alive:   0 dead:   2 
2023-09-19 10:55:01.915 | [GameAnalyzerEnd] ENGINEERINGBAY    total:   1 alive:   0 dead:   1 
2023-09-19 10:55:01.916 | [GameAnalyzerEnd] FACTORY           total:   1 alive:   0 dead:   1 
2023-09-19 10:55:01.916 | [GameAnalyzerEnd] STARPORT          total:   1 alive:   0 dead:   1 
2023-09-19 10:55:01.917 | [GameAnalyzerEnd] Minerals max 2100 Average 319
2023-09-19 10:55:01.918 | [GameAnalyzerEnd] Vespene max 831 Average 130
2023-09-19 10:55:01.918 | INFO     | sc2.main:_play_game:228 - Result for player 2 - Bot LadderBot(Zerg): Victory
