2023-09-18 08:39:32.770 | INFO     | sc2.protocol:_execute:72 - Client status changed to Status.in_game (was None)
2023-09-18 08:39:32.771 | INFO     | sc2.main:_play_game:221 - Player 2 - Bot LadderBot(Zerg)
2023-09-18 08:39:33.022 | 00:00    0ms    0M    0G  12/ 14U [Version] 4.10.0.75689
2023-09-18 08:39:33.023 | 00:00    0ms    0M    0G  12/ 14U [Version] 5.0.6 Balance mod recognized.
2023-09-18 08:39:33.085 | 00:00    0ms    0M    0G  12/ 14U [ZoneManager] Map set to: MapName.Unknown from name: GresvanAIE and hash: 3547936.
2023-09-18 08:39:33.754 | [DataManager] No BuildDetector found, enemy build data cannot be saved
2023-09-18 08:39:33.781 | [Start] My race: Zerg
2023-09-18 08:39:33.782 | [Start] Opponent race: Terran
2023-09-18 08:39:33.783 | [Start] OpponentId: 1
2023-09-18 08:39:33.848 | 00:00    0ms    0M    0G  12/ 14U [ActUnit] DRONE from LARVA at (160.6, 39.8)
2023-09-18 08:39:34.973 | 00:07    8ms    5M    0G  13/ 14U [ActUnit] DRONE from LARVA at (160.5, 39.9)
2023-09-18 08:39:35.776 | 00:16    8ms   15M    0G  14/ 14U [ActUnit] OVERLORD from LARVA at (160.9, 39.2)
2023-09-18 08:39:37.471 | 00:34    7ms  200M    0G  14/ 22U [ActUnit] DRONE from LARVA at (162.0, 39.2)
2023-09-18 08:39:37.516 | 00:35    9ms  155M    0G  15/ 22U [ActUnit] DRONE from LARVA at (161.5, 39.8)
2023-09-18 08:39:37.558 | 00:35    8ms  110M    0G  16/ 22U [ActUnit] DRONE from LARVA at (162.0, 39.2)
2023-09-18 08:39:38.549 | 00:45    8ms  200M    0G  17/ 22U [ActUnit] DRONE from LARVA at (161.6, 39.9)
2023-09-18 08:39:39.165 | 00:52    8ms  300M    0G  18/ 22U [Expand] Expanding to (163.5, 74.5)
2023-09-18 08:39:39.535 | 00:56    8ms    5M    0G  18/ 22U [ActUnit] DRONE from LARVA at (161.6, 39.4)
2023-09-18 08:39:40.356 | 01:01   12ms   80M    0G  18/ 22U [GameAnalyzer] Income advantage is now SmallAdvantage
2023-09-18 08:39:41.570 | 01:07   57ms   70M    0G  18/ 22U [ActUnit] OVERLORD from LARVA at (161.4, 39.5)
2023-09-18 08:39:43.902 | 01:18   59ms  195M    0G  18/ 22U [ActUnit] DRONE from LARVA at (161.4, 39.8)
2023-09-18 08:39:45.468 | 01:24   25ms  305M    0G  19/ 22U [Expand] Expanding to (137.5, 64.5)
2023-09-18 08:39:46.111 | 01:28    9ms   20M    0G  19/ 30U [ActUnit] DRONE from LARVA at (161.3, 39.6)
2023-09-18 08:39:47.277 | 01:39    7ms  190M    0G  19/ 30U [GameAnalyzer] Income advantage is now ClearAdvantage
2023-09-18 08:39:47.328 | 01:39   10ms  140M    0G  19/ 30U [ActUnit] DRONE from LARVA at (161.7, 39.5)
2023-09-18 08:39:48.450 | 01:48    9ms  300M    0G  20/ 30U [Expand] Expanding to (163.5, 99.5)
2023-09-18 08:39:48.834 | 01:51    9ms    0M    0G  20/ 30U [ActUnit] DRONE from LARVA at (162.1, 39.7)
2023-09-18 08:39:50.253 | 02:00   10ms  105M    0G  21/ 30U [ActUnit] DRONE from LARVA at (161.3, 39.6)
2023-09-18 08:39:51.825 | 02:11   11ms  230M    0G  21/ 30U [ActUnit] DRONE from LARVA at (161.4, 39.7)
2023-09-18 08:39:52.011 | 02:13    9ms  200M    0G  22/ 36U [ActUnit] DRONE from LARVA at (163.4, 71.5)
2023-09-18 08:39:53.013 | 02:19   10ms  300M    0G  23/ 36U [Expand] Expanding to (134.5, 91.5)
2023-09-18 08:39:53.506 | 02:22   13ms   10M    0G  23/ 36U [ActUnit] DRONE from LARVA at (161.4, 39.8)
2023-09-18 08:39:53.928 | 02:25   13ms    5M    0G  24/ 36U [ActUnit] DRONE from LARVA at (163.0, 71.7)
2023-09-18 08:39:54.560 | 02:29    9ms   80M    0G  24/ 36U [GameAnalyzer] Income advantage is now OverwhelmingAdvantage
2023-09-18 08:39:55.238 | 02:33   12ms  120M    0G  24/ 36U [ActUnit] DRONE from LARVA at (161.7, 39.6)
2023-09-18 08:39:55.440 | 02:34   10ms   80M    0G  25/ 36U [ActUnit] DRONE from LARVA at (163.6, 71.6)
2023-09-18 08:39:57.892 | 02:43   13ms  230M    0G  26/ 36U [ActUnit] DRONE from LARVA at (161.7, 39.7)
2023-09-18 08:39:58.108 | 02:45   11ms  200M    0G  27/ 36U [ActUnit] DRONE from LARVA at (163.6, 71.5)
2023-09-18 08:39:58.774 | 02:49   13ms  305M    0G  28/ 36U [Expand] Expanding to (145.5, 124.5)
2023-09-18 08:39:59.207 | 02:51   12ms    5M    0G  28/ 42U [ActUnit] DRONE from LARVA at (137.2, 61.2)
2023-09-18 08:39:59.637 | 02:54   15ms   15M    0G  29/ 42U [ActUnit] DRONE from LARVA at (161.3, 39.8)
2023-09-18 08:39:59.841 | 02:55   10ms    0M    0G  30/ 42U [ActUnit] DRONE from LARVA at (163.5, 71.7)
2023-09-18 08:40:00.698 | 03:01   10ms   80M    0G  31/ 42U [ActUnit] DRONE from LARVA at (137.5, 61.6)
2023-09-18 08:40:01.387 | 03:05   12ms  120M    0G  32/ 42U [ActUnit] DRONE from LARVA at (161.7, 39.6)
2023-09-18 08:40:01.635 | 03:06   11ms   95M    0G  32/ 42U [ActUnit] DRONE from LARVA at (163.4, 71.6)
2023-09-18 08:40:02.526 | 03:11   10ms  185M    0G  33/ 42U [ActUnit] DRONE from LARVA at (137.5, 61.6)
2023-09-18 08:40:03.217 | 03:15   14ms  255M    0G  34/ 42U [ActUnit] DRONE from LARVA at (161.7, 39.4)
2023-09-18 08:40:03.430 | 03:17   12ms  230M    0G  35/ 48U [ActUnit] DRONE from LARVA at (163.5, 96.6)
2023-09-18 08:40:03.520 | 03:17   16ms  185M    0G  36/ 48U [ActUnit] DRONE from LARVA at (163.8, 71.8)
2023-09-18 08:40:04.133 | 03:21   15ms  300M    0G  37/ 48U [Expand] Expanding to (119.5, 39.5)
2023-09-18 08:40:04.491 | 03:23   11ms   10M    0G  37/ 48U [ActUnit] DRONE from LARVA at (137.5, 61.9)
2023-09-18 08:40:05.048 | 03:26   16ms   55M    0G  38/ 48U [ActUnit] DRONE from LARVA at (161.7, 39.5)
2023-09-18 08:40:05.258 | 03:28   11ms   40M    0G  39/ 48U [ActUnit] DRONE from LARVA at (163.5, 71.7)
2023-09-18 08:40:05.351 | 03:28   17ms    0M    0G  40/ 48U [ActUnit] DRONE from LARVA at (163.8, 96.5)
2023-09-18 08:40:06.300 | 03:33   22ms   80M    0G  40/ 48U [ActUnit] DRONE from LARVA at (137.5, 61.6)
2023-09-18 08:40:06.581 | 03:34   67ms  115M    0G  41/ 48U [GameAnalyzer] Known army advantage is now SmallDisadvantage
2023-09-18 08:40:06.583 | 03:34   67ms  115M    0G  41/ 48U [GameAnalyzer] Predicted army advantage is now SmallDisadvantage
2023-09-18 08:40:07.441 | 03:37   78ms  180M    0G  41/ 48U [ActUnit] DRONE from LARVA at (161.7, 39.5)
2023-09-18 08:40:07.775 | 03:38   20ms  145M    0G  42/ 48U [ActUnit] DRONE from LARVA at (163.5, 71.5)
2023-09-18 08:40:07.857 | 03:39   64ms  130M    0G  43/ 48U [ActUnit] DRONE from LARVA at (163.3, 96.4)
2023-09-18 08:40:08.218 | 03:40   32ms  120M    0G  44/ 54U [ActUnit] DRONE from LARVA at (134.5, 88.8)
2023-09-18 08:40:10.043 | 03:44   63ms  180M    0G  45/ 54U [ActUnit] DRONE from LARVA at (137.5, 61.7)
2023-09-18 08:40:11.130 | 03:47   66ms  300M    0G  46/ 54U [Expand] Expanding to (117.5, 124.5)
2023-09-18 08:40:11.643 | 03:49   66ms   10M    0G  46/ 54U [ActUnit] DRONE from LARVA at (163.6, 71.7)
2023-09-18 08:40:12.055 | 03:50   86ms   10M    0G  47/ 54U [ActUnit] DRONE from LARVA at (163.5, 96.9)
2023-09-18 08:40:12.328 | 03:51   86ms    0M    0G  48/ 54U [ActUnit] DRONE from LARVA at (134.0, 88.5)
2023-09-18 08:40:13.037 | 03:53   67ms   25M    0G  49/ 54U [ActUnit] DRONE from LARVA at (160.9, 39.4)
2023-09-18 08:40:13.287 | 03:54   39ms    5M    0G  50/ 54U [ActUnit] DRONE from LARVA at (137.5, 61.6)
2023-09-18 08:40:14.487 | 03:58   90ms   55M    0G  50/ 54U [ActUnit] OVERLORD from LARVA at (161.5, 39.9)
2023-09-18 08:40:14.913 | 04:00   55ms   45M    0G  50/ 54U [ActUnit] DRONE from LARVA at (163.5, 71.5)
2023-09-18 08:40:15.001 | 04:00   84ms   20M    0G  51/ 54U [ActUnit] DRONE from LARVA at (163.7, 96.4)
2023-09-18 08:40:15.441 | 04:01   73ms   15M    0G  52/ 54U [ActUnit] DRONE from LARVA at (134.6, 88.5)
2023-09-18 08:40:16.522 | 04:05   66ms  115M    0G  53/ 54U [ActUnit] DRONE from LARVA at (137.5, 61.7)
2023-09-18 08:40:16.694 | 04:06   20ms  160M    0G  54/ 54U [GameAnalyzer] Known army advantage is now ClearDisadvantage
2023-09-18 08:40:16.696 | 04:06   20ms  160M    0G  54/ 54U [GameAnalyzer] Predicted army advantage is now ClearDisadvantage
2023-09-18 08:40:17.373 | 04:09   25ms  240M    0G  53/ 54U [ActUnit] DRONE from LARVA at (161.6, 39.4)
2023-09-18 08:40:17.822 | 04:10   69ms  240M    0G  52/ 54U [ActUnit] DRONE from LARVA at (163.5, 71.5)
2023-09-18 08:40:17.919 | 04:11   89ms  220M    0G  53/ 54U [ActUnit] DRONE from LARVA at (163.4, 96.3)
2023-09-18 08:40:18.258 | 04:12   19ms  195M    0G  52/ 54U [ActUnit] DRONE from LARVA at (134.4, 88.8)
2023-09-18 08:40:18.770 | 04:14   23ms  300M    0G  52/ 54U [Expand] Expanding to (82.5, 39.5)
2023-09-18 08:40:19.159 | 04:16   22ms   15M    0G  52/ 54U [ActUnit] DRONE from LARVA at (137.8, 61.8)
2023-09-18 08:40:19.450 | 04:18   17ms   15M    0G  53/ 68U [ActUnit] DRONE from LARVA at (145.4, 121.8)
2023-09-18 08:40:19.956 | 04:20   23ms   50M    0G  54/ 68U [ActUnit] DRONE from LARVA at (161.6, 39.8)
2023-09-18 08:40:20.251 | 04:21   17ms   65M    0G  55/ 68U [ActUnit] DRONE from LARVA at (163.5, 96.6)
2023-09-18 08:40:20.358 | 04:22   24ms   30M    0G  56/ 68U [ActUnit] DRONE from LARVA at (163.3, 71.9)
2023-09-18 08:40:20.659 | 04:23   18ms   45M    0G  57/ 68U [ActUnit] DRONE from LARVA at (134.3, 88.7)
2023-09-18 08:40:21.475 | 04:26   18ms  140M    0G  58/ 68U [ActUnit] DRONE from LARVA at (137.5, 61.6)
2023-09-18 08:40:21.806 | 04:28   20ms  165M    0G  58/ 68U [ActUnit] DRONE from LARVA at (145.5, 121.6)
2023-09-18 08:40:22.436 | 04:30   24ms  225M    0G  58/ 68U [ActUnit] DRONE from LARVA at (161.5, 39.4)
2023-09-18 08:40:22.823 | 04:32   18ms  240M    0G  59/ 68U [ActUnit] DRONE from LARVA at (163.4, 71.6)
2023-09-18 08:40:22.941 | 04:32   93ms  215M    0G  60/ 68U [ActUnit] DRONE from LARVA at (163.6, 96.6)
2023-09-18 08:40:23.396 | 04:34   68ms  205M    0G  61/ 68U [ActUnit] DRONE from LARVA at (134.6, 88.5)
2023-09-18 08:40:23.960 | 04:36   23ms  315M    0G  62/ 68U [Expand] Expanding to (80.5, 124.5)
2023-09-18 08:40:24.370 | 04:37   67ms   35M    0G  61/ 68U [ActUnit] DRONE from LARVA at (137.5, 61.6)
2023-09-18 08:40:24.803 | 04:39   81ms   30M    0G  62/ 68U [ActUnit] DRONE from LARVA at (145.5, 121.6)
2023-09-18 08:40:26.061 | 04:40   68ms   35M    0G  63/ 74U [ActUnit] DRONE from LARVA at (119.5, 36.6)
2023-09-18 08:40:26.406 | 04:41   21ms   55M    0G  64/ 74U [ActUnit] DRONE from LARVA at (161.3, 39.6)
2023-09-18 08:40:26.749 | 04:43   23ms   95M    0G  65/ 74U [ActUnit] DRONE from LARVA at (163.5, 96.6)
2023-09-18 08:40:26.885 | 04:43   22ms   50M    0G  66/ 74U [ActUnit] DRONE from LARVA at (163.8, 71.9)
2023-09-18 08:40:27.214 | 04:44   20ms   40M    0G  67/ 74U [ActUnit] DRONE from LARVA at (134.6, 88.5)
2023-09-18 08:40:28.120 | 04:48   20ms  190M    0G  68/ 74U [ActUnit] DRONE from LARVA at (137.5, 61.6)
2023-09-18 08:40:28.485 | 04:49   22ms  170M    0G  69/ 74U [ActUnit] DRONE from LARVA at (145.5, 121.6)
2023-09-18 08:40:28.819 | 04:51   20ms  190M    0G  69/ 74U [ActUnit] DRONE from LARVA at (119.5, 36.6)
2023-09-18 08:40:29.213 | 04:52   23ms  195M    0G  70/ 74U [ActUnit] OVERLORD from LARVA at (161.4, 39.9)
2023-09-18 08:40:29.758 | 04:53   23ms  200M    0G  69/ 74U [ActUnit] DRONE from LARVA at (163.5, 96.6)
2023-09-18 08:40:29.898 | 04:54   26ms  125M    0G  70/ 74U [ActUnit] OVERLORD from LARVA at (163.6, 71.8)
2023-09-18 08:40:30.258 | 04:55   21ms  125M    0G  70/ 74U [ActUnit] DRONE from LARVA at (134.7, 88.6)
2023-09-18 08:40:31.175 | 04:58   26ms  315M    0G  71/ 68U [ActBuilding] 1. SPAWNINGPOOL near (156.4, 93.9)
2023-09-18 08:40:31.295 | 04:59   27ms  105M    0G  71/ 68U [BuildGas] Building EXTRACTOR to (160.5, 92.5)
2023-09-18 08:40:32.003 | 05:01   25ms  205M    0G  69/ 68U [BuildGas] Building EXTRACTOR to (144.5, 67.5)
2023-09-18 08:40:33.165 | 05:05   22ms  360M    0G  67/ 68U [ActUnit] DRONE from LARVA at (119.9, 36.9)
2023-09-18 08:40:34.306 | 05:09   26ms  540M    0G  67/ 68U [ActUnit] DRONE from LARVA at (137.4, 61.9)
2023-09-18 08:40:34.560 | 05:10   24ms  540M    0G  68/ 74U [ActUnit] DRONE from LARVA at (117.5, 121.7)
2023-09-18 08:40:34.675 | 05:10   24ms  530M    0G  69/ 82U [ActUnit] DRONE from LARVA at (163.6, 96.8)
2023-09-18 08:40:34.814 | 05:11   31ms  500M    0G  70/ 82U [ActUnit] DRONE from LARVA at (163.2, 71.8)
2023-09-18 08:40:34.924 | 05:11   24ms  475M    0G  71/ 82U [ActUnit] DRONE from LARVA at (145.3, 121.4)
2023-09-18 08:40:35.068 | 05:12   26ms  455M    0G  72/ 82U [ActUnit] DRONE from LARVA at (137.7, 61.7)
2023-09-18 08:40:35.178 | 05:12   26ms  420M    0G  73/ 90U [ActUnit] DRONE from LARVA at (145.5, 121.4)
2023-09-18 08:40:35.318 | 05:12   27ms  415M    0G  74/ 90U [ActUnit] DRONE from LARVA at (161.3, 39.3)
2023-09-18 08:40:35.428 | 05:13   24ms  375M    0G  75/ 90U [ActUnit] DRONE from LARVA at (119.2, 36.8)
2023-09-18 08:40:35.573 | 05:13   25ms  345M    0G  75/ 90U [ActUnit] DRONE from LARVA at (161.3, 39.7)
2023-09-18 08:40:35.916 | 05:15   22ms  385M    0G  76/ 90U [ActUnit] DRONE from LARVA at (163.6, 71.5)
2023-09-18 08:40:36.053 | 05:15   25ms  365M    0G  77/ 90U [ActUnit] DRONE from LARVA at (163.2, 96.8)
2023-09-18 08:40:37.375 | 05:20   25ms  595M    0G  77/ 90U [ActUnit] DRONE from LARVA at (137.5, 61.6)
2023-09-18 08:40:37.380 | 05:20   25ms  595M    0G  77/ 90U [Expand] Expanding to (134.5, 91.5)
2023-09-18 08:40:37.511 | 05:20   27ms  290M    0G  78/ 90U [ActUnit] DRONE from LARVA at (117.5, 121.6)
2023-09-18 08:40:37.630 | 05:21   23ms  315M    0G  79/ 90U [Expand] Expanding to (134.5, 91.5)
2023-09-18 08:40:37.773 | 05:21   26ms  275M    0G  78/ 90U [ActUnit] DRONE from LARVA at (145.5, 121.6)
2023-09-18 08:40:37.890 | 05:22   23ms  305M    0G  79/ 90U [Expand] Expanding to (134.5, 91.5)
2023-09-18 08:40:38.135 | 05:23   22ms   15M    0G  79/ 90U [ActUnit] DRONE from LARVA at (119.5, 36.6)
2023-09-18 08:40:38.274 | 05:23   27ms  325M    0G  78/ 90U [Expand] Expanding to (134.5, 91.5)
2023-09-18 08:40:38.390 | 05:24   24ms  655M    0G  77/ 90U [Expand] Expanding to (134.5, 91.5)
2023-09-18 08:40:38.514 | 05:24   31ms  620M    0G  77/ 90U [ActUnit] DRONE from LARVA at (161.5, 39.4)
2023-09-18 08:40:38.519 | 05:24   31ms  620M    0G  77/ 90U [Expand] Expanding to (134.5, 91.5)
2023-09-18 08:40:38.625 | 05:25   24ms  665M    0G  78/ 90U [Expand] Expanding to (134.5, 91.5)
2023-09-18 08:40:38.766 | 05:25   28ms  675M    0G  77/ 90U [Expand] Expanding to (134.5, 91.5)
2023-09-18 08:40:38.869 | 05:25   24ms  360M    0G  77/ 90U [ActUnit] DRONE from LARVA at (163.5, 96.6)
2023-09-18 08:40:38.877 | 05:25   24ms  360M    0G  77/ 90U [Expand] Expanding to (134.5, 91.5)
2023-09-18 08:40:39.000 | 05:26   30ms  335M    0G  78/ 90U [ActUnit] DRONE from LARVA at (163.6, 71.5)
2023-09-18 08:40:39.005 | 05:26   30ms  335M    0G  78/ 90U [Expand] Expanding to (134.5, 91.5)
2023-09-18 08:40:39.112 | 05:26   25ms   60M    0G  78/ 90U [GameAnalyzer] Known army advantage is now OverwhelmingDisadvantage
2023-09-18 08:40:39.113 | 05:26   25ms   60M    0G  78/ 90U [GameAnalyzer] Predicted army advantage is now OverwhelmingDisadvantage
2023-09-18 08:40:40.272 | 05:31   23ms  255M    0G  74/ 90U [ActUnit] DRONE from LARVA at (137.5, 61.6)
2023-09-18 08:40:40.401 | 05:31   31ms  235M    0G  73/ 90U [ActUnit] DRONE from LARVA at (117.5, 121.7)
2023-09-18 08:40:40.636 | 05:32   30ms  220M    0G  74/ 90U [ActUnit] DRONE from LARVA at (145.5, 121.6)
2023-09-18 08:40:40.888 | 05:33   31ms  570M    0G  75/ 90U [Expand] Expanding to (54.5, 39.5)
2023-09-18 08:40:40.992 | 05:33   24ms  555M    0G  74/ 90U [ActUnit] DRONE from LARVA at (119.5, 36.6)
2023-09-18 08:40:40.997 | 05:33   24ms  555M    0G  74/ 90U [Expand] Expanding to (54.5, 39.5)
2023-09-18 08:40:41.360 | 05:35   26ms  255M    0G  74/ 90U [ActUnit] DRONE from LARVA at (161.6, 39.9)
2023-09-18 08:40:41.601 | 05:36   25ms  325M    0G  75/ 90U [Expand] Expanding to (54.5, 39.5)
2023-09-18 08:40:41.830 | 05:37   31ms   20M    0G  75/ 90U [ActUnit] DRONE from LARVA at (163.1, 71.5)
2023-09-18 08:40:42.972 | 05:37   27ms   20M    0G  76/ 90U [ActUnit] DRONE from LARVA at (163.2, 96.0)
2023-09-18 08:40:44.048 | 05:41   25ms  180M    4G  77/ 90U [ActUnit] DRONE from LARVA at (82.5, 36.6)
2023-09-18 08:40:44.181 | 05:42   28ms  160M    4G  78/ 90U [ActUnit] DRONE from LARVA at (117.5, 121.6)
2023-09-18 08:40:44.418 | 05:43   28ms  145M    4G  79/ 90U [ActUnit] DRONE from LARVA at (145.5, 121.6)
2023-09-18 08:40:44.424 | 05:43   28ms  120M    4G  79/ 90U [BuildGas] Building EXTRACTOR to (86.5, 32.5)
2023-09-18 08:40:44.770 | 05:44   23ms  150M    8G  79/ 90U [ActUnit] DRONE from LARVA at (119.5, 36.6)
2023-09-18 08:40:45.125 | 05:45   30ms  175M   12G  80/ 90U [ActUnit] DRONE from LARVA at (161.3, 39.5)
2023-09-18 08:40:45.523 | 05:47   23ms  190M   12G  80/ 90U [ActUnit] DRONE from LARVA at (163.5, 71.5)
2023-09-18 08:40:45.625 | 05:47   81ms  175M   12G  81/ 90U [ActUnit] DRONE from LARVA at (163.7, 96.5)
2023-09-18 08:40:46.443 | 05:50   24ms  360M   20G  82/ 90U [Expand] Expanding to (137.5, 64.5)
2023-09-18 08:40:46.587 | 05:51   34ms  390M   20G  81/ 90U [Expand] Expanding to (137.5, 64.5)
2023-09-18 08:40:46.915 | 05:52   24ms  105M   20G  79/ 90U [ActUnit] DRONE from LARVA at (82.5, 36.6)
2023-09-18 08:40:47.031 | 05:53   30ms   70M   20G  80/ 90U [ActUnit] DRONE from LARVA at (117.5, 121.6)
2023-09-18 08:40:47.260 | 05:54   31ms   85M   28G  81/ 90U [ActUnit] DRONE from LARVA at (145.5, 121.6)
2023-09-18 08:40:47.374 | 05:54   24ms  415M   28G  82/ 90U [Expand] Expanding to (137.5, 64.5)
2023-09-18 08:40:47.500 | 05:54   33ms  435M   32G  82/ 90U [Expand] Expanding to (137.5, 64.5)
2023-09-18 08:40:47.607 | 05:55   25ms  405M   32G  82/ 90U [ActUnit] DRONE from LARVA at (119.5, 36.6)
2023-09-18 08:40:47.614 | 05:55   25ms  405M   32G  82/ 90U [Expand] Expanding to (137.5, 64.5)
2023-09-18 08:40:47.975 | 05:56   29ms  145M   32G  83/ 90U [ActUnit] DRONE from LARVA at (161.6, 39.4)
2023-09-18 08:40:48.476 | 05:58   66ms  155M   36G  83/ 90U [ActUnit] DRONE from LARVA at (163.5, 96.6)
2023-09-18 08:40:48.597 | 05:58   85ms  140M   36G  84/ 90U [ActUnit] DRONE from LARVA at (163.5, 71.5)
2023-09-18 08:40:49.303 | 06:01   31ms  300M   44G  84/ 90U [Expand] Expanding to (65.5, 72.5)
2023-09-18 08:40:49.655 | 06:02   23ms   65M   48G  84/ 90U [PlanCancelBuilding] Cancelled HATCHERY at (137.5, 64.5) with 91.611328125 health
2023-09-18 08:40:49.785 | 06:02   32ms  460M   48G  85/ 90U [ActUnit] QUEEN from HATCHERY at (161.5, 42.5)
2023-09-18 08:40:49.897 | 06:03   29ms  410M   52G  87/ 90U [ActUnit] OVERLORD from LARVA at (82.5, 36.6)
2023-09-18 08:40:50.033 | 06:03   29ms  325M   52G  87/ 90U [ActUnit] OVERLORD from LARVA at (117.5, 121.6)
2023-09-18 08:40:50.155 | 06:04   26ms  310M   52G  87/ 96U [ActUnit] DRONE from LARVA at (80.7, 121.5)
2023-09-18 08:40:50.292 | 06:04   31ms  270M   56G  88/ 96U [ActUnit] DRONE from LARVA at (145.5, 121.6)
2023-09-18 08:40:50.418 | 06:05   25ms  300M   56G  88/ 96U [Expand] Expanding to (137.5, 64.5)
2023-09-18 08:40:50.549 | 06:05   34ms  345M   56G  88/ 96U [Expand] Expanding to (137.5, 64.5)
2023-09-18 08:40:50.662 | 06:06   26ms  315M   56G  87/ 96U [ActUnit] DRONE from LARVA at (119.5, 36.6)
2023-09-18 08:40:50.670 | 06:06   26ms  315M   56G  87/ 96U [Expand] Expanding to (137.5, 64.5)
2023-09-18 08:40:51.052 | 06:07   33ms   25M   60G  87/ 96U [ActUnit] DRONE from LARVA at (161.3, 39.5)
2023-09-18 08:40:51.427 | 06:08   25ms   80M   64G  86/ 96U [ActUnit] DRONE from LARVA at (163.5, 96.6)
2023-09-18 08:40:51.573 | 06:09   34ms   55M   68G  87/ 96U [ActUnit] DRONE from LARVA at (163.8, 71.9)
2023-09-18 08:40:51.944 | 06:10   25ms  130M   72G  88/ 96U [PlanCancelBuilding] Cancelled HATCHERY at (134.5, 91.5) with 31.832275390625 health
2023-09-18 08:40:52.688 | 06:13   26ms  395M   76G  89/ 96U [ActUnit] QUEEN from HATCHERY at (117.5, 124.5)
2023-09-18 08:40:52.932 | 06:14   26ms  390M   80G  91/ 96U [ActUnit] DRONE from LARVA at (82.5, 36.6)
2023-09-18 08:40:53.070 | 06:14   34ms  365M   80G  92/ 96U [ActUnit] DRONE from LARVA at (117.5, 121.6)
2023-09-18 08:40:53.186 | 06:15   27ms  345M   84G  93/ 96U [ActUnit] DRONE from LARVA at (80.4, 121.4)
2023-09-18 08:40:53.319 | 06:15   33ms  320M   84G  94/ 96U [ActUnit] DRONE from LARVA at (145.5, 121.6)
2023-09-18 08:40:53.681 | 06:16   26ms  340M   88G  95/ 96U [ActUnit] DRONE from LARVA at (119.5, 36.6)
2023-09-18 08:40:54.313 | 06:19   37ms  460M   92G  95/ 96U [ActUnit] DRONE from LARVA at (161.6, 39.8)
2023-09-18 08:40:54.680 | 06:20   28ms  485M   96G  95/ 96U [ActUnit] DRONE from LARVA at (163.2, 71.7)
2023-09-18 08:40:54.820 | 06:20   40ms  510M  100G  96/ 96U [Tech] Started ZERGLINGMOVEMENTSPEED
2023-09-18 08:40:55.073 | 06:21   32ms  405M    0G  96/104U [ActUnit] DRONE from LARVA at (163.6, 96.7)
2023-09-18 08:40:55.444 | 06:23   26ms  355M    4G  96/112U [ActUnit] QUEEN from HATCHERY at (145.5, 124.5)
2023-09-18 08:40:55.917 | 06:24   26ms  445M    8G  98/112U [ActUnit] DRONE from LARVA at (82.5, 36.7)
2023-09-18 08:40:56.045 | 06:25   35ms  400M   12G  99/112U [ActUnit] DRONE from LARVA at (117.5, 121.7)
2023-09-18 08:40:56.170 | 06:25   27ms  380M   12G 100/112U [ActUnit] DRONE from LARVA at (80.7, 121.8)
2023-09-18 08:40:56.306 | 06:26   35ms  345M   12G 101/112U [ActUnit] DRONE from LARVA at (145.5, 121.6)
2023-09-18 08:40:56.707 | 06:27   27ms  390M   16G 101/112U [ActUnit] DRONE from LARVA at (119.5, 36.6)
2023-09-18 08:40:57.103 | 06:28   30ms  430M   20G 102/112U [ActUnit] DRONE from LARVA at (161.4, 39.9)
2023-09-18 08:40:57.364 | 06:29   35ms  355M   24G 102/112U [ActUnit] QUEEN from HATCHERY at (163.5, 99.5)
2023-09-18 08:40:57.487 | 06:30   28ms  340M   24G 103/112U [ActUnit] DRONE from LARVA at (163.6, 71.6)
2023-09-18 08:40:57.635 | 06:30   35ms  295M   24G 104/112U [ActUnit] DRONE from LARVA at (163.6, 96.8)
2023-09-18 08:40:58.188 | 06:32   37ms  425M   32G 105/112U [PlanCancelBuilding] Cancelled HATCHERY at (137.5, 64.5) with 72.849365234375 health
2023-09-18 08:40:58.317 | 06:32   28ms  525M   36G 106/112U [ActUnit] QUEEN from HATCHERY at (163.5, 74.5)
2023-09-18 08:40:59.144 | 06:35   29ms  660M   44G 107/112U [ActUnit] DRONE from LARVA at (82.5, 36.6)
2023-09-18 08:41:00.059 | 06:35   38ms  580M   48G 108/112U [ActUnit] OVERLORD from LARVA at (117.5, 121.6)
2023-09-18 08:41:00.185 | 06:36   30ms  590M   48G 107/112U [ActUnit] DRONE from LARVA at (80.7, 121.5)
2023-09-18 08:41:00.323 | 06:36   42ms  555M   48G 107/112U [ActUnit] DRONE from LARVA at (145.5, 121.6)
2023-09-18 08:41:00.708 | 06:38   28ms  540M   52G 108/112U [ActUnit] OVERLORD from LARVA at (119.5, 36.6)
2023-09-18 08:41:00.975 | 06:39   28ms  610M   56G 108/112U [Inject] injecting hatch (117.5, 124.5)
2023-09-18 08:41:01.101 | 06:39   41ms  590M   56G 108/112U [ActUnit] DRONE from LARVA at (161.3, 39.6)
2023-09-18 08:41:01.493 | 06:40   30ms  635M   64G 109/112U [ActUnit] DRONE from LARVA at (163.6, 71.6)
2023-09-18 08:41:01.643 | 06:41   37ms  640M   64G 110/112U [ActUnit] ZERGLING from LARVA at (163.2, 96.8)
2023-09-18 08:41:03.314 | 06:46   28ms  940M   88G 109/112U [ActUnit] DRONE from LARVA at (82.5, 36.6)
2023-09-18 08:41:03.450 | 06:46   39ms  930M   88G 110/112U [ActUnit] DRONE from LARVA at (117.5, 121.6)
2023-09-18 08:41:03.583 | 06:47   30ms  910M   88G 111/112U [ActUnit] ZERGLING from LARVA at (80.3, 121.6)
2023-09-18 08:41:03.738 | 06:47   41ms  895M   92G 111/112U [ActUnit] DRONE from LARVA at (145.5, 121.6)
2023-09-18 08:41:04.156 | 06:48   29ms  935M  100G 111/112U [ActUnit] DRONE from LARVA at (119.5, 36.6)
2023-09-18 08:41:04.299 | 06:49   35ms  945M  100G 112/112U [Inject] injecting hatch (80.5, 124.5)
2023-09-18 08:41:04.983 | 06:51   30ms 1070M  108G 111/112U [ActUnit] DRONE from LARVA at (163.5, 96.6)
2023-09-18 08:41:05.143 | 06:52   35ms 1115M  112G 112/112U [Expand] Expanding to (137.5, 64.5)
2023-09-18 08:41:05.581 | 06:53   30ms  925M  120G 112/112U [Expand] Expanding to (137.5, 64.5)
2023-09-18 08:41:05.729 | 06:53   36ms  950M  120G 112/112U [Expand] Expanding to (137.5, 64.5)
2023-09-18 08:41:05.849 | 06:54   31ms  920M  120G 111/120U [ActUnit] DRONE from LARVA at (163.4, 71.5)
2023-09-18 08:41:05.856 | 06:54   31ms  920M  120G 111/120U [Expand] Expanding to (137.5, 64.5)
2023-09-18 08:41:05.992 | 06:54   33ms  575M  128G 112/120U [ActUnit] ZERGLING from LARVA at (161.7, 39.1)
2023-09-18 08:41:05.998 | 06:54   33ms  575M  128G 112/120U [Expand] Expanding to (137.5, 64.5)
2023-09-18 08:41:06.000 | 06:54   33ms  275M  128G 112/120U [ActBuilding] 1. EVOLUTIONCHAMBER near (150.5, 117.0)
2023-09-18 08:41:06.417 | 06:56   28ms  335M  128G 113/120U [Expand] Expanding to (137.5, 64.5)
2023-09-18 08:41:06.708 | 06:56   28ms   60M  136G 113/128U [ActUnit] ZERGLING from LARVA at (82.5, 36.7)
2023-09-18 08:41:06.864 | 06:57   33ms   25M  136G 113/128U [ActUnit] DRONE from LARVA at (117.5, 121.6)
2023-09-18 08:41:07.000 | 06:57   29ms   20M  140G 114/128U [ActUnit] ZERGLING from LARVA at (80.5, 121.4)
2023-09-18 08:41:07.153 | 06:58   40ms   10M  140G 115/128U [ActUnit] ZERGLING from LARVA at (145.5, 121.6)
2023-09-18 08:41:07.298 | 06:58   30ms  345M  144G 114/128U [ActBuilding] 2. EVOLUTIONCHAMBER near (124.8, 119.2)
2023-09-18 08:41:07.444 | 06:59   44ms  360M  148G 113/128U [ActBuilding] 2. EVOLUTIONCHAMBER near (137.2, 120.9)
2023-09-18 08:41:07.447 | 06:59   44ms  285M  148G 113/128U [Inject] injecting hatch (145.5, 124.5)
2023-09-18 08:41:07.577 | 06:59   33ms  330M  148G 113/128U [ActUnit] DRONE from LARVA at (119.5, 36.6)
2023-09-18 08:41:07.586 | 06:59   33ms  330M  148G 113/128U [ActBuilding] 2. EVOLUTIONCHAMBER near (155.1, 77.8)
2023-09-18 08:41:08.007 | 07:00   39ms  305M  156G 114/128U [ActUnit] DRONE from LARVA at (161.7, 39.8)
2023-09-18 08:41:08.438 | 07:02   29ms  365M  160G 114/128U [ActUnit] DRONE from LARVA at (163.6, 71.6)
2023-09-18 08:41:08.593 | 07:02   40ms  645M  160G 115/128U [ActUnit] DRONE from LARVA at (163.6, 96.3)
2023-09-18 08:41:08.731 | 07:03   30ms  630M  164G 116/134U [ActUnit] ZERGLING from LARVA at (54.5, 36.6)
2023-09-18 08:41:09.622 | 07:05   29ms 1110M  180G 114/134U [Inject] injecting hatch (163.5, 99.5)
2023-09-18 08:41:09.769 | 07:06   41ms 1155M  180G 114/134U [PlanCancelBuilding] Cancelled HATCHERY at (137.5, 64.5) with 67.393798828125 health
2023-09-18 08:41:10.197 | 07:07   29ms 1445M  188G 113/134U [ActUnit] DRONE from LARVA at (82.5, 36.6)
2023-09-18 08:41:10.207 | 07:07   29ms 1295M  188G 113/134U [ActUnit] QUEEN from HATCHERY at (117.5, 124.5)
2023-09-18 08:41:10.355 | 07:08   43ms 1260M  192G 115/134U [ActUnit] DRONE from LARVA at (117.5, 121.7)
2023-09-18 08:41:10.494 | 07:08   30ms 1250M  192G 116/134U [ActUnit] DRONE from LARVA at (80.4, 121.5)
2023-09-18 08:41:10.642 | 07:09   41ms 1250M  196G 117/134U [ActUnit] ZERGLING from LARVA at (145.5, 121.6)
2023-09-18 08:41:10.648 | 07:09   41ms 1250M  196G 117/134U [Inject] injecting hatch (163.5, 74.5)
2023-09-18 08:41:11.067 | 07:10   29ms 1310M  200G 118/134U [ActUnit] ZERGLING from LARVA at (119.5, 36.6)
2023-09-18 08:41:11.521 | 07:11   44ms 1340M  208G 118/134U [ActUnit] DRONE from LARVA at (161.5, 39.4)
2023-09-18 08:41:11.945 | 07:13   30ms 1400M  216G 119/134U [ActUnit] ZERGLING from LARVA at (163.6, 71.7)
2023-09-18 08:41:12.095 | 07:13   41ms 1380M  220G 119/134U [ActUnit] DRONE from LARVA at (163.5, 96.3)
2023-09-18 08:41:12.237 | 07:13   30ms 1365M  224G 120/134U [ActUnit] ZERGLING from LARVA at (54.5, 36.6)
2023-09-18 08:41:13.682 | 07:18   31ms 1695M  248G 121/134U [ActUnit] ZERGLING from LARVA at (82.5, 36.6)
2023-09-18 08:41:13.835 | 07:18   39ms 1665M  248G 121/134U [ActUnit] DRONE from LARVA at (117.5, 121.6)
2023-09-18 08:41:13.969 | 07:19   31ms 1640M  248G 122/134U [ActUnit] ZERGLING from LARVA at (80.7, 121.6)
2023-09-18 08:41:14.113 | 07:19   41ms 1640M  252G 123/134U [ActUnit] ZERGLING from LARVA at (145.5, 121.6)
2023-09-18 08:41:14.248 | 07:20   32ms 1650M  256G 124/140U [ActUnit] ZERGLING from LARVA at (65.5, 69.6)
2023-09-18 08:41:14.543 | 07:21   31ms 1665M  260G 125/140U [ActUnit] ZERGLING from LARVA at (119.5, 36.6)
2023-09-18 08:41:14.551 | 07:21   31ms 1665M  260G 125/140U [Inject] injecting hatch (54.5, 39.5)
2023-09-18 08:41:14.979 | 07:22   43ms 1680M  268G 125/140U [ActUnit] DRONE from LARVA at (161.3, 39.5)
2023-09-18 08:41:15.383 | 07:23   29ms 1765M  272G 125/140U [ActUnit] DRONE from LARVA at (163.5, 96.6)
2023-09-18 08:41:15.391 | 07:23   29ms 1765M  272G 125/140U [Tech] Started ZERGMELEEWEAPONSLEVEL1
2023-09-18 08:41:15.518 | 07:24   41ms 1645M  180G 126/140U [ActUnit] ZERGLING from LARVA at (163.5, 71.2)
2023-09-18 08:41:15.644 | 07:24   31ms 1615M  180G 127/140U [ActUnit] ZERGLING from LARVA at (54.5, 36.6)
2023-09-18 08:41:16.611 | 07:27   42ms 1855M  196G 128/140U [Expand] Expanding to (137.5, 64.5)
2023-09-18 08:41:16.744 | 07:28   32ms 1595M  200G 128/140U [Expand] Expanding to (137.5, 64.5)
2023-09-18 08:41:16.894 | 07:28   42ms 1345M  204G 128/140U [Expand] Expanding to (137.5, 64.5)
2023-09-18 08:41:16.896 | 07:28   42ms 1045M  204G 128/140U [Tech] Started ZERGGROUNDARMORSLEVEL1
2023-09-18 08:41:17.027 | 07:29   35ms  890M   54G 128/140U [ActUnit] ZERGLING from LARVA at (82.5, 36.6)
2023-09-18 08:41:17.039 | 07:29   35ms  890M   54G 128/140U [Expand] Expanding to (137.5, 64.5)
2023-09-18 08:41:17.173 | 07:29   48ms  570M   54G 128/140U [ActUnit] DRONE from LARVA at (117.5, 121.7)
2023-09-18 08:41:17.179 | 07:29   48ms  570M   54G 128/140U [Expand] Expanding to (137.5, 64.5)
2023-09-18 08:41:17.307 | 07:30   33ms  270M   58G 128/140U [ActUnit] DRONE from LARVA at (145.7, 121.9)
2023-09-18 08:41:17.464 | 07:30   40ms  235M   62G 129/140U [ActUnit] ZERGLING from LARVA at (80.1, 121.9)
2023-09-18 08:41:17.598 | 07:30   33ms  240M   62G 130/140U [ActUnit] ZERGLING from LARVA at (145.7, 121.9)
2023-09-18 08:41:17.609 | 07:30   33ms  240M   62G 130/140U [Inject] injecting hatch (145.5, 124.5)
2023-09-18 08:41:17.763 | 07:31   44ms  225M   66G 131/140U [ActUnit] ZERGLING from LARVA at (146.9, 122.0)
2023-09-18 08:41:17.900 | 07:31   32ms  200M   70G 132/140U [ActUnit] ZERGLING from LARVA at (64.9, 69.8)
2023-09-18 08:41:18.093 | 07:32   90ms  165M   70G 133/140U [ActUnit] ZERGLING from LARVA at (119.2, 36.6)
2023-09-18 08:41:18.225 | 07:32   33ms  155M   74G 134/140U [ActUnit] ZERGLING from LARVA at (145.4, 121.2)
2023-09-18 08:41:18.387 | 07:33   41ms  145M   78G 135/140U [ActUnit] ZERGLING from LARVA at (161.5, 39.9)
2023-09-18 08:41:19.527 | 07:34   46ms  110M   78G 136/140U [ActUnit] OVERLORD from LARVA at (80.6, 121.8)
2023-09-18 08:41:19.529 | 07:34   46ms   60M   78G 136/140U [ActUnit] ZERGLING from LARVA at (81.4, 121.8)
2023-09-18 08:41:19.668 | 07:34   34ms   20M   82G 137/140U [ActUnit] OVERLORD from LARVA at (79.8, 121.9)
2023-09-18 08:41:19.825 | 07:34   43ms   15M   86G 137/140U [ActUnit] ZERGLING from LARVA at (163.3, 96.4)
2023-09-18 08:41:20.122 | 07:35   46ms   20M   90G 137/140U [ActUnit] DRONE from LARVA at (54.5, 36.9)
2023-09-18 08:41:20.260 | 07:36   33ms   15M   94G 138/140U [ActUnit] ZERGLING from LARVA at (164.5, 96.8)
2023-09-18 08:41:20.421 | 07:36   41ms  590M   94G 139/140U [ActUnit] ZERGLING from LARVA at (163.1, 71.9)
2023-09-18 08:41:20.716 | 07:37   48ms  965M  102G 140/140U [GameAnalyzer] Known army advantage is now ClearDisadvantage
2023-09-18 08:41:20.717 | 07:37   48ms  965M  102G 140/140U [GameAnalyzer] Predicted army advantage is now ClearDisadvantage
2023-09-18 08:41:20.725 | 07:37   48ms  965M  102G 140/140U [Inject] injecting hatch (163.5, 99.5)
2023-09-18 08:41:21.032 | 07:38   51ms 1270M  102G 139/140U [ActUnit] DRONE from LARVA at (162.9, 96.8)
2023-09-18 08:41:21.804 | 07:40   35ms 1480M  118G 140/140U [Inject] injecting hatch (163.5, 74.5)
2023-09-18 08:41:22.105 | 07:41   34ms 1355M   22G 140/140U [BuildGas] Building EXTRACTOR to (75.5, 42.5)
2023-09-18 08:41:22.707 | 07:43   35ms 1450M   34G 139/140U [ActUnit] DRONE from LARVA at (82.7, 36.7)
2023-09-18 08:41:22.860 | 07:43   51ms 1450M   34G 139/140U [ActUnit] DRONE from LARVA at (164.5, 96.5)
2023-09-18 08:41:22.867 | 07:43   51ms 1450M   34G 139/140U [Inject] injecting hatch (117.5, 124.5)
2023-09-18 08:41:23.013 | 07:44   37ms 1420M   34G 138/140U [ActUnit] ZERGLING from LARVA at (162.1, 39.6)
2023-09-18 08:41:23.021 | 07:44   37ms 1270M   34G 138/140U [ActUnit] QUEEN from HATCHERY at (65.5, 72.5)
2023-09-18 08:41:23.169 | 07:44   47ms 1250M   38G 139/140U [ActUnit] ZERGLING from LARVA at (65.4, 69.6)
2023-09-18 08:41:24.397 | 07:48   41ms 1510M   58G 139/140U [ActUnit] DRONE from LARVA at (54.5, 36.8)
2023-09-18 08:41:25.692 | 07:51   38ms 1715M   74G 139/140U [ActUnit] DRONE from LARVA at (164.9, 72.3)
2023-09-18 08:41:26.000 | 07:52   37ms 1725M   82G 142/148U [ActUnit] ZERGLING from LARVA at (145.6, 121.9)
2023-09-18 08:41:26.164 | 07:52   53ms 1700M   82G 143/156U [ActUnit] ZERGLING from LARVA at (80.1, 121.7)
2023-09-18 08:41:26.321 | 07:53   37ms 1710M   82G 144/156U [ActUnit] ZERGLING from LARVA at (79.9, 121.7)
2023-09-18 08:41:26.471 | 07:53   48ms 1740M   90G 145/156U [GameAnalyzer] Known army advantage is now SmallDisadvantage
2023-09-18 08:41:26.472 | 07:53   48ms 1740M   90G 145/156U [GameAnalyzer] Predicted army advantage is now SmallDisadvantage
2023-09-18 08:41:26.473 | 07:53   48ms 1690M   90G 145/156U [ActUnit] ZERGLING from LARVA at (82.3, 36.3)
2023-09-18 08:41:26.621 | 07:54   40ms 1685M   90G 146/156U [ActUnit] ZERGLING from LARVA at (117.0, 121.8)
2023-09-18 08:41:26.782 | 07:54   41ms 1665M   90G 147/156U [ActUnit] ZERGLING from LARVA at (117.8, 121.7)
2023-09-18 08:41:26.932 | 07:55   37ms 1640M   94G 148/156U [ActUnit] ZERGLING from LARVA at (119.8, 36.5)
2023-09-18 08:41:27.096 | 07:55   45ms 1620M   98G 149/156U [ActUnit] ZERGLING from LARVA at (160.9, 39.4)
2023-09-18 08:41:27.247 | 07:55   36ms 1610M   98G 150/156U [ActUnit] ZERGLING from LARVA at (162.5, 71.9)
2023-09-18 08:41:27.405 | 07:56   43ms 1605M  102G 151/156U [ActUnit] ZERGLING from LARVA at (119.6, 36.8)
2023-09-18 08:41:27.547 | 07:56   37ms 1645M  106G 152/156U [GameAnalyzer] Known army advantage is now ClearDisadvantage
2023-09-18 08:41:27.548 | 07:56   37ms 1645M  106G 152/156U [GameAnalyzer] Predicted army advantage is now ClearDisadvantage
2023-09-18 08:41:27.552 | 07:56   37ms 1545M  106G 152/156U [ActUnit] OVERLORD from LARVA at (65.3, 69.2)
2023-09-18 08:41:27.554 | 07:56   37ms 1495M  106G 152/156U [ActUnit] ZERGLING from LARVA at (162.9, 71.8)
2023-09-18 08:41:27.736 | 07:57   58ms 1440M  106G 153/156U [ActUnit] OVERLORD from LARVA at (54.2, 36.8)
2023-09-18 08:41:27.737 | 07:57   58ms 1390M  106G 153/156U [ActUnit] ZERGLING from LARVA at (145.8, 121.1)
2023-09-18 08:41:27.896 | 07:57   40ms 1380M  110G 154/156U [ActUnit] ZERGLING from LARVA at (164.2, 96.4)
2023-09-18 08:41:28.063 | 07:58   53ms 1360M  114G 155/156U [ActUnit] ZERGLING from LARVA at (164.1, 96.2)
2023-09-18 08:41:28.224 | 07:58   39ms 1345M  114G 155/156U [ActUnit] DRONE from LARVA at (163.7, 71.6)
2023-09-18 08:41:28.705 | 07:59   42ms 1435M  122G 155/156U [BuildGas] Building EXTRACTOR to (72.5, 70.5)
2023-09-18 08:41:29.015 | 08:00   43ms 1445M  126G 154/156U [ActUnit] DRONE from LARVA at (145.5, 121.6)
2023-09-18 08:41:29.171 | 08:01   38ms 1410M  130G 155/156U [ActUnit] DRONE from LARVA at (144.7, 121.8)
2023-09-18 08:41:29.390 | 08:01   52ms 1445M  130G 156/156U [GameAnalyzer] Known army advantage is now SmallDisadvantage
2023-09-18 08:41:29.391 | 08:01   52ms 1445M  130G 156/156U [GameAnalyzer] Predicted army advantage is now SmallDisadvantage
2023-09-18 08:41:29.401 | 08:01   52ms 1445M  130G 156/156U [Expand] Expanding to (134.5, 91.5)
2023-09-18 08:41:29.562 | 08:02   42ms 1210M  134G 156/156U [Expand] Expanding to (134.5, 91.5)
2023-09-18 08:41:29.730 | 08:02   55ms  980M  138G 156/156U [Expand] Expanding to (134.5, 91.5)
2023-09-18 08:41:29.732 | 08:02   55ms  680M  138G 156/156U [Inject] injecting hatch (145.5, 124.5)
2023-09-18 08:41:29.896 | 08:03   40ms  705M  138G 156/156U [Expand] Expanding to (134.5, 91.5)
2023-09-18 08:41:30.046 | 08:03   54ms  430M  138G 156/156U [Expand] Expanding to (134.5, 91.5)
2023-09-18 08:41:30.824 | 08:05   38ms  260M  154G 155/156U [ActUnit] DRONE from LARVA at (145.1, 121.4)
2023-09-18 08:41:32.125 | 08:09   40ms  520M  170G 156/156U [Inject] injecting hatch (163.5, 99.5)
2023-09-18 08:41:33.252 | 08:12   54ms 1960M  190G 156/156U [Inject] injecting hatch (82.5, 39.5)
2023-09-18 08:41:34.401 | 08:15  108ms 2120M  202G 156/164U [ActUnit] ZERGLING from LARVA at (118.2, 121.8)
2023-09-18 08:41:34.621 | 08:15   96ms 2085M  206G 157/172U [ActUnit] ZERGLING from LARVA at (164.4, 96.3)
2023-09-18 08:41:34.632 | 08:15   96ms 2085M  206G 157/172U [Inject] injecting hatch (117.5, 124.5)
2023-09-18 08:41:34.788 | 08:15  110ms 2080M  210G 158/172U [ActUnit] ZERGLING from LARVA at (164.4, 71.6)
2023-09-18 08:41:34.998 | 08:16   50ms 2055M  210G 159/172U [ActUnit] ZERGLING from LARVA at (81.1, 121.9)
2023-09-18 08:41:35.199 | 08:16  111ms 2065M  214G 160/172U [ActUnit] ZERGLING from LARVA at (161.5, 39.5)
2023-09-18 08:41:35.403 | 08:17   90ms 2035M  218G 161/172U [ActUnit] ZERGLING from LARVA at (83.8, 36.6)
2023-09-18 08:41:35.619 | 08:17  106ms 2000M  218G 162/172U [ActUnit] ZERGLING from LARVA at (120.6, 36.7)
2023-09-18 08:41:35.837 | 08:18   87ms 1990M  218G 163/172U [ActUnit] ZERGLING from LARVA at (116.6, 121.6)
2023-09-18 08:41:35.849 | 08:18   87ms 1990M  218G 163/172U [Expand] Expanding to (62.5, 99.5)
2023-09-18 08:41:36.081 | 08:18  110ms 2005M  222G 164/172U [ActUnit] ZERGLING from LARVA at (163.9, 96.9)
2023-09-18 08:41:36.093 | 08:18  110ms 2005M  222G 164/172U [Expand] Expanding to (62.5, 99.5)
2023-09-18 08:41:36.308 | 08:19   96ms 1695M  226G 165/172U [ActUnit] ZERGLING from LARVA at (163.4, 71.9)
2023-09-18 08:41:36.319 | 08:19   96ms 1695M  226G 165/172U [Expand] Expanding to (62.5, 99.5)
2023-09-18 08:41:36.537 | 08:19  111ms 1385M  226G 166/172U [ActUnit] ZERGLING from LARVA at (116.0, 122.1)
2023-09-18 08:41:36.548 | 08:19  111ms 1385M  226G 166/172U [Expand] Expanding to (62.5, 99.5)
2023-09-18 08:41:36.761 | 08:20   84ms 1050M  230G 167/172U [ActUnit] ZERGLING from LARVA at (54.1, 36.9)
2023-09-18 08:41:36.770 | 08:20   84ms 1050M  230G 167/172U [Expand] Expanding to (62.5, 99.5)
2023-09-18 08:41:36.927 | 08:20  105ms  655M  234G 168/172U [ActUnit] OVERLORD from LARVA at (54.7, 36.5)
2023-09-18 08:41:36.929 | 08:20  105ms  605M  234G 168/172U [ActUnit] ZERGLING from LARVA at (80.7, 121.8)
2023-09-18 08:41:36.936 | 08:20  105ms  605M  234G 168/172U [Expand] Expanding to (62.5, 99.5)
2023-09-18 08:41:37.155 | 08:20   59ms  240M  234G 169/172U [ActUnit] OVERLORD from LARVA at (164.4, 71.9)
2023-09-18 08:41:37.157 | 08:20   59ms  190M  234G 169/172U [ActUnit] ZERGLING from LARVA at (146.4, 121.2)
2023-09-18 08:41:37.389 | 08:21  111ms  180M  238G 170/172U [ActUnit] ZERGLING from LARVA at (162.6, 96.4)
2023-09-18 08:41:37.633 | 08:21   96ms  195M  242G 171/172U [ActUnit] ZERGLING from LARVA at (119.4, 36.5)
2023-09-18 08:41:38.382 | 08:23   45ms  550M  250G 171/172U [ActUnit] DRONE from LARVA at (146.7, 122.1)
2023-09-18 08:41:38.962 | 08:24   60ms  610M  258G 170/172U [ActUnit] DRONE from LARVA at (115.6, 122.2)
2023-09-18 08:41:39.146 | 08:25   45ms  580M  258G 171/172U [ActUnit] DRONE from LARVA at (119.5, 36.6)
2023-09-18 08:41:39.665 | 08:26   51ms  935M  266G 171/172U [ActUnit] DRONE from LARVA at (82.8, 36.8)
2023-09-18 08:41:39.827 | 08:27   46ms 1220M  270G 170/172U [ActUnit] DRONE from LARVA at (145.2, 121.8)
2023-09-18 08:41:39.835 | 08:27   46ms 1220M  270G 170/172U [Expand] Expanding to (36.5, 64.5)
2023-09-18 08:41:40.004 | 08:27   51ms 1190M  274G 170/172U [ActUnit] DRONE from LARVA at (161.8, 39.5)
2023-09-18 08:41:40.011 | 08:27   51ms 1190M  274G 170/172U [Expand] Expanding to (36.5, 64.5)
2023-09-18 08:41:40.178 | 08:28   46ms  870M  274G 171/172U [ActUnit] DRONE from LARVA at (163.6, 96.9)
2023-09-18 08:41:40.186 | 08:28   46ms  870M  274G 171/172U [Expand] Expanding to (36.5, 64.5)
2023-09-18 08:41:40.188 | 08:28   46ms  570M  274G 171/172U [Inject] injecting hatch (65.5, 72.5)
2023-09-18 08:41:40.357 | 08:28   59ms  605M  274G 172/172U [Expand] Expanding to (36.5, 64.5)
2023-09-18 08:41:40.543 | 08:28   45ms  335M  278G 172/172U [Expand] Expanding to (36.5, 64.5)
2023-09-18 08:41:41.295 | 08:30   45ms  115M  290G 171/172U [ActUnit] DRONE from LARVA at (65.6, 69.9)
2023-09-18 08:41:42.693 | 08:32   56ms  160M  298G 169/172U [ActUnit] DRONE from LARVA at (164.0, 71.6)
2023-09-18 08:41:42.872 | 08:32   46ms  145M  298G 169/172U [ActUnit] DRONE from LARVA at (163.3, 96.9)
2023-09-18 08:41:43.062 | 08:32   48ms  125M  298G 170/172U [ActUnit] DRONE from LARVA at (65.0, 69.5)
2023-09-18 08:41:43.247 | 08:33   45ms  100M  306G 170/172U [ActUnit] DRONE from LARVA at (82.5, 36.9)
2023-09-18 08:41:43.455 | 08:33   59ms   80M  306G 170/172U [ActUnit] DRONE from LARVA at (64.9, 69.4)
2023-09-18 08:41:43.680 | 08:34   47ms   70M  306G 169/172U [ActUnit] DRONE from LARVA at (80.2, 121.9)
2023-09-18 08:41:43.689 | 08:34   47ms   70M  306G 169/172U [Inject] injecting hatch (145.5, 124.5)
2023-09-18 08:41:43.875 | 08:34   63ms   30M  310G 170/172U [ActUnit] ZERGLING from LARVA at (162.0, 39.6)
2023-09-18 08:41:44.062 | 08:35   50ms   20M  314G 170/172U [ActUnit] ZERGLING from LARVA at (145.3, 121.6)
2023-09-18 08:41:44.448 | 08:35   52ms    0M  314G 171/172U [ActUnit] ZERGLING from LARVA at (54.0, 36.4)
2023-09-18 08:41:44.648 | 08:36   47ms    5M  318G 171/172U [ActUnit] DRONE from LARVA at (165.0, 71.6)
2023-09-18 08:41:45.445 | 08:37   48ms  410M  330G 172/172U [Expand] Expanding to (36.5, 89.5)
2023-09-18 08:41:45.632 | 08:38   64ms  755M  330G 172/172U [Expand] Expanding to (36.5, 89.5)
2023-09-18 08:41:45.825 | 08:38   49ms  420M  330G 172/180U [ActUnit] ZERGLING from LARVA at (117.4, 121.0)
2023-09-18 08:41:45.834 | 08:38   49ms  420M  330G 172/180U [Expand] Expanding to (36.5, 89.5)
2023-09-18 08:41:46.036 | 08:39   59ms  110M  338G 171/188U [ActUnit] ZERGLING from LARVA at (119.2, 36.4)
2023-09-18 08:41:46.241 | 08:39   50ms   90M  342G 172/188U [ActUnit] ZERGLING from LARVA at (117.5, 121.3)
2023-09-18 08:41:46.457 | 08:40   58ms   55M  342G 173/188U [ActUnit] ZERGLING from LARVA at (162.6, 96.8)
2023-09-18 08:41:46.656 | 08:40   50ms   40M  350G 174/188U [ActUnit] ZERGLING from LARVA at (54.5, 36.5)
2023-09-18 08:41:46.871 | 08:40   52ms   30M  354G 175/188U [ActUnit] ZERGLING from LARVA at (163.8, 71.7)
2023-09-18 08:41:46.879 | 08:40   52ms   30M  354G 175/188U [Inject] injecting hatch (163.5, 99.5)
2023-09-18 08:41:47.082 | 08:41   49ms   25M  354G 176/194U [ActUnit] ZERGLING from LARVA at (118.0, 121.8)
2023-09-18 08:41:47.325 | 08:41   59ms    0M  358G 177/186U [ActUnit] ZERGLING from LARVA at (146.1, 121.4)
2023-09-18 08:41:47.554 | 08:42   49ms  570M  362G 178/186U [ActUnit] ZERGLING from LARVA at (162.5, 96.9)
2023-09-18 08:41:47.563 | 08:42   49ms  570M  362G 178/186U [Expand] Expanding to (36.5, 89.5)
2023-09-18 08:41:47.783 | 08:42   65ms  260M  362G 179/186U [ActUnit] ZERGLING from LARVA at (162.1, 39.8)
2023-09-18 08:41:48.013 | 08:43   49ms  235M  366G 180/186U [ActUnit] ZERGLING from LARVA at (80.9, 121.2)
2023-09-18 08:41:48.244 | 08:43   63ms  220M  370G 181/186U [ActUnit] ZERGLING from LARVA at (65.8, 69.2)
2023-09-18 08:41:48.450 | 08:44   49ms  155M  374G 182/186U [ActUnit] OVERLORD from LARVA at (147.1, 121.6)
2023-09-18 08:41:48.452 | 08:44   49ms  105M  374G 182/186U [ActUnit] ZERGLING from LARVA at (162.5, 96.9)
2023-09-18 08:41:48.715 | 08:44   65ms   80M  378G 182/186U [ActUnit] DRONE from LARVA at (163.0, 96.1)
2023-09-18 08:41:48.950 | 08:45   54ms   70M  382G 183/180U [BuildGas] Building EXTRACTOR to (115.5, 32.5)
2023-09-18 08:41:52.330 | 08:51   64ms 1120M  430G 179/180U [ActUnit] DRONE from LARVA at (119.5, 36.9)
2023-09-18 08:41:52.800 | 08:52   61ms 1195M  442G 179/180U [ActUnit] DRONE from LARVA at (82.7, 36.5)
2023-09-18 08:41:54.264 | 08:55   52ms 1650M  462G 179/180U [ActUnit] DRONE from LARVA at (118.5, 121.9)
2023-09-18 08:41:55.319 | 08:57   70ms 1770M  474G 178/180U [ActUnit] DRONE from LARVA at (146.4, 121.9)
2023-09-18 08:41:55.328 | 08:57   70ms 1620M  474G 178/180U [ActUnit] QUEEN from HATCHERY at (163.5, 99.5)
2023-09-18 08:41:55.528 | 08:58   58ms 1615M  482G 179/180U [ActUnit] DRONE from LARVA at (55.0, 36.6)
2023-09-18 08:41:55.744 | 08:58   60ms 1660M  486G 180/180U [Inject] injecting hatch (80.5, 124.5)
2023-09-18 08:41:56.165 | 08:59   71ms 1705M  490G 179/180U [GameAnalyzer] Known army advantage is now SlightDisadvantage
2023-09-18 08:41:56.166 | 08:59   71ms 1705M  490G 179/180U [GameAnalyzer] Predicted army advantage is now SlightDisadvantage
2023-09-18 08:41:56.170 | 08:59   71ms 1655M  490G 179/180U [ActUnit] DRONE from LARVA at (161.0, 39.2)
2023-09-18 08:41:57.030 | 09:01   71ms 1740M  506G 179/180U [ActUnit] DRONE from LARVA at (137.3, 61.5)
2023-09-18 08:41:57.440 | 09:02   68ms 1760M  510G 182/188U [ActUnit] DRONE from LARVA at (146.7, 121.5)
2023-09-18 08:41:57.642 | 09:02   52ms 1735M  514G 183/188U [ActUnit] DRONE from LARVA at (161.8, 39.6)
2023-09-18 08:41:57.652 | 09:02   52ms 1735M  514G 183/188U [Inject] injecting hatch (54.5, 39.5)
2023-09-18 08:41:57.878 | 09:03   68ms 1670M  518G 184/188U [ActUnit] OVERLORD from LARVA at (80.8, 121.9)
2023-09-18 08:41:57.880 | 09:03   68ms 1620M  518G 184/188U [ActUnit] ZERGLING from LARVA at (82.7, 36.9)
2023-09-18 08:41:58.096 | 09:03   58ms 1575M  518G 185/188U [ActUnit] OVERLORD from LARVA at (164.0, 71.2)
2023-09-18 08:41:58.098 | 09:03   58ms 1525M  518G 185/188U [ActUnit] ZERGLING from LARVA at (163.5, 96.9)
2023-09-18 08:41:58.312 | 09:04   74ms 1495M  526G 186/188U [ActUnit] ZERGLING from LARVA at (163.7, 71.1)
2023-09-18 08:41:58.524 | 09:04   57ms 1480M  530G 186/188U [ActUnit] DRONE from LARVA at (146.3, 121.9)
2023-09-18 08:41:58.726 | 09:05   66ms 1445M  530G 187/188U [ActUnit] ZERGLING from LARVA at (137.1, 61.6)
2023-09-18 08:41:59.155 | 09:05   60ms 1525M  538G 188/188U [Inject] injecting hatch (145.5, 124.5)
2023-09-18 08:41:59.765 | 09:07   54ms 1585M  550G 187/188U [ActUnit] DRONE from LARVA at (117.1, 121.6)
2023-09-18 08:42:02.481 | 09:12   55ms 2000M  586G 188/188U [Inject] injecting hatch (163.5, 74.5)
2023-09-18 08:42:04.483 | 09:17   55ms 2295M  618G 188/194U [ActUnit] ZERGLING from LARVA at (146.6, 122.0)
2023-09-18 08:42:04.492 | 09:17   55ms 2295M  618G 188/194U [Inject] injecting hatch (119.5, 39.5)
2023-09-18 08:42:04.689 | 09:17   61ms 2310M  630G 189/194U [ActUnit] ZERGLING from LARVA at (82.7, 36.6)
2023-09-18 08:42:04.889 | 09:18   55ms 2290M  630G 190/194U [ActUnit] ZERGLING from LARVA at (137.8, 61.6)
2023-09-18 08:42:05.091 | 09:18   63ms 2260M  630G 191/194U [ActUnit] ZERGLING from LARVA at (116.2, 122.0)
2023-09-18 08:42:05.100 | 09:18   63ms 2260M  630G 191/194U [Tech] Started ZERGMELEEWEAPONSLEVEL2
2023-09-18 08:42:05.106 | 09:18   63ms 2260M  630G 191/194U [PlanZoneAttack] Supply is 191 -> attack!
2023-09-18 08:42:05.108 | 09:18   63ms 2260M  630G 191/194U [PlanZoneAttack] Attack started at 74.00 power.
2023-09-18 08:42:05.297 | 09:18   63ms 2095M  484G 192/194U [ActUnit] ZERGLING from LARVA at (118.9, 36.7)
2023-09-18 08:42:05.560 | 09:19   82ms 2070M  492G 193/194U [ActUnit] ZERGLING from LARVA at (164.3, 96.6)
2023-09-18 08:42:06.792 | 09:21   73ms 2225M  504G 194/200U [ActUnit] ZERGLING from LARVA at (119.4, 36.4)
2023-09-18 08:42:07.028 | 09:22   80ms 2215M  512G 195/200U [ActUnit] ZERGLING from LARVA at (119.9, 36.3)
2023-09-18 08:42:07.286 | 09:22   74ms 2190M  512G 196/200U [ActUnit] ZERGLING from LARVA at (163.5, 96.8)
2023-09-18 08:42:07.531 | 09:22   88ms 2185M  512G 197/200U [ActUnit] ZERGLING from LARVA at (163.2, 71.7)
2023-09-18 08:42:07.802 | 09:23   81ms 2165M  520G 198/200U [ActUnit] ZERGLING from LARVA at (80.4, 121.9)
2023-09-18 08:42:07.816 | 09:23   81ms 2165M  520G 198/200U [Tech] Started ZERGGROUNDARMORSLEVEL2
2023-09-18 08:42:08.095 | 09:23   91ms 1930M  299G 198/200U [ActUnit] ZERGLING from LARVA at (117.1, 121.5)
2023-09-18 08:42:08.105 | 09:23   91ms 1930M  299G 198/200U [ActBuilding] 1. INFESTATIONPIT near (51.6, 48.0)
2023-09-18 08:42:08.379 | 09:24   86ms 1800M  199G 197/200U [ActUnit] ZERGLING from LARVA at (137.7, 61.9)
2023-09-18 08:42:08.664 | 09:24   91ms 1845M  203G 196/200U [GameAnalyzer] Known army advantage is now SmallDisadvantage
2023-09-18 08:42:08.665 | 09:24   91ms 1845M  203G 196/200U [GameAnalyzer] Predicted army advantage is now SmallDisadvantage
2023-09-18 08:42:08.667 | 09:24   91ms 1795M  203G 196/200U [ActUnit] ZERGLING from LARVA at (55.3, 36.7)
2023-09-18 08:42:08.959 | 09:25   83ms 1785M  207G 194/200U [ActUnit] ZERGLING from LARVA at (163.4, 71.9)
2023-09-18 08:42:09.228 | 09:25   82ms 1770M  211G 194/200U [ActUnit] ZERGLING from LARVA at (55.3, 36.7)
2023-09-18 08:42:09.238 | 09:25   82ms 1770M  211G 194/200U [Expand] Expanding to (65.5, 72.5)
2023-09-18 08:42:09.550 | 09:26  132ms 1465M  215G 195/200U [ActUnit] ZERGLING from LARVA at (117.8, 121.8)
2023-09-18 08:42:09.560 | 09:26  132ms 1465M  215G 195/200U [Expand] Expanding to (65.5, 72.5)
2023-09-18 08:42:09.856 | 09:26   92ms 1155M  219G 195/200U [ActUnit] ZERGLING from LARVA at (82.9, 36.9)
2023-09-18 08:42:09.865 | 09:26   92ms 1155M  219G 195/200U [Expand] Expanding to (65.5, 72.5)
2023-09-18 08:42:10.146 | 09:26   84ms  835M  223G 196/200U [ActUnit] ZERGLING from LARVA at (164.2, 96.4)
2023-09-18 08:42:10.156 | 09:26   84ms  835M  223G 196/200U [Expand] Expanding to (65.5, 72.5)
2023-09-18 08:42:10.453 | 09:27   96ms  515M  223G 196/200U [ActUnit] ZERGLING from LARVA at (163.0, 96.7)
2023-09-18 08:42:10.463 | 09:27   96ms  515M  223G 196/200U [Expand] Expanding to (65.5, 72.5)
2023-09-18 08:42:10.769 | 09:27   87ms  200M  227G 193/200U [ActUnit] DRONE from LARVA at (144.3, 121.9)
2023-09-18 08:42:11.077 | 09:28   98ms  180M  231G 191/200U [ActUnit] ZERGLING from LARVA at (137.5, 61.9)
2023-09-18 08:42:11.386 | 09:28   79ms  160M  231G 192/200U [ActUnit] ZERGLING from LARVA at (136.0, 88.5)
2023-09-18 08:42:11.700 | 09:29   95ms  140M  239G 191/200U [ActUnit] ZERGLING from LARVA at (80.7, 121.9)
2023-09-18 08:42:11.970 | 09:29   67ms  135M  243G 191/200U [ActUnit] ZERGLING from LARVA at (162.9, 96.9)
2023-09-18 08:42:13.051 | 09:30   74ms  105M  243G 192/200U [ActUnit] ZERGLING from LARVA at (134.8, 88.6)
2023-09-18 08:42:13.328 | 09:30   70ms   90M  247G 193/200U [ActUnit] ZERGLING from LARVA at (120.0, 36.5)
2023-09-18 08:42:13.599 | 09:30   77ms   70M  255G 194/200U [ActUnit] ZERGLING from LARVA at (143.8, 122.6)
2023-09-18 08:42:13.875 | 09:31   69ms   60M  255G 195/200U [ActUnit] ZERGLING from LARVA at (116.8, 121.5)
2023-09-18 08:42:14.181 | 09:31   81ms   35M  255G 196/200U [ActUnit] ZERGLING from LARVA at (161.5, 39.9)
2023-09-18 08:42:14.458 | 09:32   70ms   15M  259G 196/200U [ActUnit] DRONE from LARVA at (83.7, 36.4)
2023-09-18 08:42:15.032 | 09:33   70ms   15M  267G 197/200U [ActUnit] ZERGLING from LARVA at (80.7, 121.1)
2023-09-18 08:42:15.497 | 09:33   79ms    0M  271G 198/200U [ActUnit] ZERGLING from LARVA at (83.8, 36.5)
2023-09-18 08:42:16.049 | 09:34   72ms   30M  279G 198/200U [ActUnit] ZERGLING from LARVA at (143.8, 121.7)
2023-09-18 08:42:16.323 | 09:35   70ms  290M  283G 199/200U [ActUnit] ZERGLING from LARVA at (162.2, 39.8)
2023-09-18 08:42:17.808 | 09:37   87ms 1305M  299G 198/200U [ActUnit] DRONE from LARVA at (163.9, 71.7)
2023-09-18 08:42:18.087 | 09:37   80ms 1280M  299G 198/200U [ActUnit] ZERGLING from LARVA at (82.3, 36.8)
2023-09-18 08:42:18.096 | 09:37   80ms 1280M  299G 198/200U [Inject] injecting hatch (145.5, 124.5)
2023-09-18 08:42:18.372 | 09:38   81ms 1245M  303G 199/200U [ActUnit] ZERGLING from LARVA at (83.6, 36.7)
2023-09-18 08:42:18.380 | 09:38   81ms 1245M  303G 199/200U [Inject] injecting hatch (134.5, 91.5)
2023-09-18 08:42:18.661 | 09:38   74ms 1210M  311G 199/200U [ActUnit] ZERGLING from LARVA at (144.7, 121.9)
2023-09-18 08:42:18.670 | 09:38   74ms 1210M  311G 199/200U [Inject] injecting hatch (62.5, 99.5)
2023-09-18 08:42:19.879 | 09:40  131ms 1330M  319G 199/200U [ActUnit] ZERGLING from LARVA at (163.0, 96.2)
2023-09-18 08:42:21.929 | 09:43   78ms 1465M  343G 199/200U [ActUnit] ZERGLING from LARVA at (83.9, 36.7)
2023-09-18 08:42:22.230 | 09:43   78ms 1510M  347G 200/200U [Expand] Expanding to (36.5, 89.5)
2023-09-18 08:42:22.528 | 09:44   97ms 1275M  351G 200/200U [Expand] Expanding to (36.5, 89.5)
2023-09-18 08:42:22.531 | 09:44   97ms  975M  351G 200/200U [Inject] injecting hatch (137.5, 64.5)
2023-09-18 08:42:22.843 | 09:44   97ms 1000M  355G 200/200U [Expand] Expanding to (36.5, 89.5)
2023-09-18 08:42:23.142 | 09:45  105ms  995M  359G 197/200U [ActUnit] ZERGLING from LARVA at (81.4, 121.6)
2023-09-18 08:42:23.152 | 09:45  105ms  995M  359G 197/200U [Expand] Expanding to (36.5, 89.5)
2023-09-18 08:42:23.437 | 09:45   88ms  675M  363G 198/200U [ActUnit] ZERGLING from LARVA at (61.8, 96.3)
2023-09-18 08:42:23.451 | 09:45   88ms  675M  363G 198/200U [Expand] Expanding to (36.5, 89.5)
2023-09-18 08:42:23.763 | 09:46  103ms  360M  367G 198/200U [ActUnit] DRONE from LARVA at (163.4, 71.7)
2023-09-18 08:42:23.772 | 09:46  103ms  360M  367G 198/200U [Expand] Expanding to (36.5, 89.5)
2023-09-18 08:42:24.062 | 09:46   91ms   40M  367G 198/200U [ActUnit] ZERGLING from LARVA at (137.5, 61.9)
2023-09-18 08:42:24.374 | 09:47   99ms   20M  371G 199/200U [ActUnit] ZERGLING from LARVA at (134.8, 88.4)
2023-09-18 08:42:24.690 | 09:47   97ms   35M  375G 200/200U [Inject] injecting hatch (82.5, 39.5)
2023-09-18 08:42:25.027 | 09:47  102ms   20M  375G 198/200U [ActUnit] ZERGLING from LARVA at (161.6, 39.8)
2023-09-18 08:42:25.355 | 09:48   97ms    5M  383G 198/200U [ActUnit] ZERGLING from LARVA at (54.4, 36.9)
2023-09-18 08:42:25.981 | 09:49   89ms   35M  387G 198/200U [ActUnit] ZERGLING from LARVA at (79.2, 121.9)
2023-09-18 08:42:26.315 | 09:49  110ms   20M  391G 199/200U [ActUnit] ZERGLING from LARVA at (62.9, 96.6)
2023-09-18 08:42:27.234 | 09:51   91ms   80M  399G 199/200U [ActUnit] ZERGLING from LARVA at (134.4, 88.8)
2023-09-18 08:42:27.539 | 09:51  100ms   60M  407G 199/200U [ActUnit] DRONE from LARVA at (79.6, 121.7)
2023-09-18 08:42:28.544 | 09:52   92ms  125M  415G 200/200U [Inject] injecting hatch (36.5, 64.5)
2023-09-18 08:42:28.844 | 09:53  158ms  420M  419G 198/200U [ActUnit] DRONE from LARVA at (80.7, 121.5)
2023-09-18 08:42:29.146 | 09:53   92ms  390M  423G 198/200U [ActUnit] DRONE from LARVA at (137.7, 61.6)
2023-09-18 08:42:29.464 | 09:54  100ms  385M  427G 199/200U [ActUnit] ZERGLING from LARVA at (54.7, 36.6)
2023-09-18 08:42:29.768 | 09:54   97ms  430M  435G 200/200U [EnemyArmyPredicter] Predicting negative free minerals for enemy: -2565
2023-09-18 08:42:30.088 | 09:55  101ms  410M  435G 199/200U [ActUnit] DRONE from LARVA at (146.9, 121.5)
2023-09-18 08:42:30.887 | 09:55  107ms  415M  447G 199/200U [ActUnit] ZERGLING from LARVA at (161.7, 39.3)
2023-09-18 08:42:32.196 | 09:57  120ms  775M  459G 199/200U [ActUnit] DRONE from LARVA at (163.6, 96.9)
2023-09-18 08:42:33.235 | 09:59  115ms  825M  471G 197/200U [ActUnit] ZERGLING from LARVA at (54.5, 36.1)
2023-09-18 08:42:33.239 | 09:59  115ms  675M  471G 197/200U [ActUnit] QUEEN from HATCHERY at (163.5, 99.5)
2023-09-18 08:42:33.905 | 10:00  116ms  745M  483G 200/200U [EnemyArmyPredicter] Predicting negative free minerals for enemy: -2985
2023-09-18 08:42:34.584 | 10:00  119ms  810M  487G 200/200U [GameAnalyzer] Known army advantage is now SlightDisadvantage
2023-09-18 08:42:34.585 | 10:00  119ms  810M  487G 200/200U [GameAnalyzer] Predicted army advantage is now SlightDisadvantage
2023-09-18 08:42:37.104 | 10:04  147ms 1375M  373G 199/200U [ActUnit] ZERGLING from LARVA at (120.2, 36.7)
2023-09-18 08:42:38.295 | 10:05  145ms 1460M  385G 199/200U [GameAnalyzer] Predicted army advantage is now SmallDisadvantage
2023-09-18 08:42:38.298 | 10:05  145ms 1410M  385G 199/200U [ActUnit] ZERGLING from LARVA at (163.0, 71.7)
2023-09-18 08:42:41.708 | 10:09  143ms 1715M  433G 200/200U [Inject] injecting hatch (117.5, 124.5)
2023-09-18 08:42:42.048 | 10:09  128ms 1710M  437G 199/200U [ActUnit] DRONE from LARVA at (161.8, 39.6)
2023-09-18 08:42:42.062 | 10:09  128ms 1710M  437G 199/200U [Inject] injecting hatch (163.5, 74.5)
2023-09-18 08:42:43.462 | 10:11  126ms 1790M  453G 199/200U [ActUnit] ZERGLING from LARVA at (80.6, 121.1)
2023-09-18 08:42:44.544 | 10:12  138ms 1830M  469G 199/200U [ActUnit] ZERGLING from LARVA at (137.7, 61.9)
2023-09-18 08:42:46.139 | 10:14  123ms 1925M  489G 199/200U [ActUnit] ZERGLING from LARVA at (137.3, 61.5)
2023-09-18 08:42:49.469 | 10:19  104ms 2275M  537G 200/200U [Inject] injecting hatch (119.5, 39.5)
2023-09-18 08:42:51.059 | 10:21   93ms 2455M  561G 200/200U [GameAnalyzer] Predicted army advantage is now SlightDisadvantage
2023-09-18 08:42:51.712 | 10:22   92ms 2520M  573G 200/200U [Inject] injecting hatch (62.5, 99.5)
2023-09-18 08:42:55.082 | 10:27  100ms 2865M  625G 199/200U [ActUnit] ZERGLING from LARVA at (133.4, 88.2)
2023-09-18 08:42:55.437 | 10:27  147ms 2845M  629G 199/200U [ActUnit] ZERGLING from LARVA at (119.1, 36.8)
2023-09-18 08:42:59.145 | 10:32   79ms 3175M  677G 199/200U [ActUnit] ZERGLING from LARVA at (146.1, 121.9)
2023-09-18 08:43:00.054 | 10:33   92ms 3220M  693G 199/200U [ActUnit] ZERGLING from LARVA at (61.6, 96.1)
2023-09-18 08:43:01.392 | 10:35   77ms 3370M  709G 200/200U [Inject] injecting hatch (163.5, 99.5)
2023-09-18 08:43:02.289 | INFO     | sc2.protocol:_execute:72 - Client status changed to Status.ended (was Status.in_game)
2023-09-18 08:43:02.303 | Result: Victory
2023-09-18 08:43:02.304 | Duration: 10:36
2023-09-18 08:43:02.305 | Step time min: 6
2023-09-18 08:43:02.305 | Step time avg: 40
2023-09-18 08:43:02.306 | Step time max: 166
2023-09-18 08:43:02.306 | [LostUnitsContents] My lost units minerals and gas: (10025.0, 0.0)
2023-09-18 08:43:02.307 | [LostUnitsContents] My lost units minerals by score: 8575.0
2023-09-18 08:43:02.307 | [LostUnitsContents] Enemy lost units minerals and gas: (9650, 550)
2023-09-18 08:43:02.308 | [LostUnitsContents] Enemy lost units minerals by score: 10175.0
2023-09-18 08:43:02.309 | [GameAnalyzerEnd] Own units:
2023-09-18 08:43:02.309 | [GameAnalyzerEnd] ZERGLING          total: 272 alive: 171 dead: 101 
2023-09-18 08:43:02.310 | [GameAnalyzerEnd] DRONE             total: 194 alive:  96 dead:  98 
2023-09-18 08:43:02.310 | [GameAnalyzerEnd] LARVA             total:  48 alive:  48 dead:   0 
2023-09-18 08:43:02.310 | [GameAnalyzerEnd] HATCHERY          total:  21 alive:  13 dead:   8 
2023-09-18 08:43:02.311 | [GameAnalyzerEnd] OVERLORD          total:  19 alive:  18 dead:   1 
2023-09-18 08:43:02.311 | [GameAnalyzerEnd] QUEEN             total:   9 alive:   5 dead:   4 
2023-09-18 08:43:02.312 | [GameAnalyzerEnd] EXTRACTOR         total:   6 alive:   4 dead:   2 
2023-09-18 08:43:02.312 | [GameAnalyzerEnd] BROODLING         total:   4 alive:   4 dead:   0 
2023-09-18 08:43:02.313 | [GameAnalyzerEnd] EGG               total:   4 alive:   4 dead:   0 
2023-09-18 08:43:02.313 | [GameAnalyzerEnd] EVOLUTIONCHAMBER  total:   2 alive:   2 dead:   0 
2023-09-18 08:43:02.314 | [GameAnalyzerEnd] INFESTATIONPIT    total:   1 alive:   1 dead:   0 
2023-09-18 08:43:02.314 | [GameAnalyzerEnd] SPAWNINGPOOL      total:   1 alive:   1 dead:   0 
2023-09-18 08:43:02.315 | [GameAnalyzerEnd] LAIR              total:   1 alive:   1 dead:   0 
2023-09-18 08:43:02.315 | [GameAnalyzerEnd] Enemy units:
2023-09-18 08:43:02.316 | [GameAnalyzerEnd] MARINE            total: 131 alive:  93 dead:  38 
2023-09-18 08:43:02.317 | [GameAnalyzerEnd] SCV               total:  47 alive:   0 dead:  47 
2023-09-18 08:43:02.317 | [GameAnalyzerEnd] SUPPLYDEPOT       total:  27 alive:   1 dead:  26 
2023-09-18 08:43:02.317 | [GameAnalyzerEnd] MARAUDER          total:  13 alive:  11 dead:   2 
2023-09-18 08:43:02.318 | [GameAnalyzerEnd] BARRACKS          total:   9 alive:   0 dead:   9 
2023-09-18 08:43:02.318 | [GameAnalyzerEnd] MEDIVAC           total:   7 alive:   7 dead:   0 
2023-09-18 08:43:02.319 | [GameAnalyzerEnd] TECHLAB           total:   3 alive:   0 dead:   3 
2023-09-18 08:43:02.319 | [GameAnalyzerEnd] ORBITALCOMMAND    total:   2 alive:   0 dead:   2 
2023-09-18 08:43:02.320 | [GameAnalyzerEnd] REFINERY          total:   2 alive:   0 dead:   2 
2023-09-18 08:43:02.320 | [GameAnalyzerEnd] ENGINEERINGBAY    total:   1 alive:   0 dead:   1 
2023-09-18 08:43:02.321 | [GameAnalyzerEnd] STARPORT          total:   1 alive:   0 dead:   1 
2023-09-18 08:43:02.321 | [GameAnalyzerEnd] FACTORY           total:   1 alive:   0 dead:   1 
2023-09-18 08:43:02.322 | [GameAnalyzerEnd] Minerals max 3435 Average 581
2023-09-18 08:43:02.322 | [GameAnalyzerEnd] Vespene max 721 Average 119
2023-09-18 08:43:02.323 | INFO     | sc2.main:_play_game:228 - Result for player 2 - Bot LadderBot(Zerg): Victory
