2023-09-19 10:42:54.410 | INFO     | sc2.protocol:_execute:72 - Client status changed to Status.in_game (was None)
2023-09-19 10:42:54.412 | INFO     | sc2.main:_play_game:221 - Player 2 - Bot LadderBot(Zerg)
2023-09-19 10:42:54.675 | 00:00    0ms    0M    0G  12/ 14U [Version] 4.10.0.75689
2023-09-19 10:42:54.676 | 00:00    0ms    0M    0G  12/ 14U [Version] 5.0.6 Balance mod recognized.
2023-09-19 10:42:54.738 | 00:00    0ms    0M    0G  12/ 14U [ZoneManager] Map set to: MapName.Unknown from name: GresvanAIE and hash: 3547936.
2023-09-19 10:42:55.425 | [DataManager] No BuildDetector found, enemy build data cannot be saved
2023-09-19 10:42:55.454 | [Start] My race: Zerg
2023-09-19 10:42:55.454 | [Start] Opponent race: Terran
2023-09-19 10:42:55.455 | [Start] OpponentId: 1
2023-09-19 10:42:55.520 | 00:00    0ms    0M    0G  12/ 14U [ActUnit] DRONE from LARVA at (160.6, 39.8)
2023-09-19 10:42:56.586 | 00:07    8ms    5M    0G  13/ 14U [ActUnit] DRONE from LARVA at (161.2, 39.9)
2023-09-19 10:42:57.427 | 00:16    7ms    0M    0G  14/ 14U [ActUnit] OVERLORD from LARVA at (161.8, 39.4)
2023-09-19 10:42:59.237 | 00:34    9ms  195M    0G  14/ 22U [ActUnit] DRONE from LARVA at (161.2, 39.3)
2023-09-19 10:42:59.283 | 00:34    8ms  145M    0G  15/ 22U [ActUnit] DRONE from LARVA at (161.5, 39.1)
2023-09-19 10:42:59.327 | 00:35   10ms  100M    0G  16/ 22U [ActUnit] DRONE from LARVA at (161.6, 39.3)
2023-09-19 10:43:00.365 | 00:45    7ms  185M    0G  17/ 22U [ActUnit] DRONE from LARVA at (161.7, 39.6)
2023-09-19 10:43:01.260 | 00:54    8ms  300M    0G  18/ 22U [Expand] Expanding to (163.5, 74.5)
2023-09-19 10:43:01.570 | 00:57    9ms    0M    0G  18/ 22U [ActUnit] DRONE from LARVA at (161.2, 39.4)
2023-09-19 10:43:02.633 | 01:03   58ms   85M    0G  18/ 22U [GameAnalyzer] Income advantage is now SmallAdvantage
2023-09-19 10:43:03.203 | 01:06   58ms   30M    0G  18/ 22U [ActUnit] OVERLORD from LARVA at (161.7, 39.7)
2023-09-19 10:43:05.260 | 01:17   60ms  145M    0G  18/ 22U [ActUnit] DRONE from LARVA at (161.7, 39.8)
2023-09-19 10:43:07.322 | 01:27   22ms  305M    0G  19/ 30U [Expand] Expanding to (137.5, 64.5)
2023-09-19 10:43:07.847 | 01:30    8ms    0M    0G  19/ 30U [ActUnit] DRONE from LARVA at (161.0, 39.4)
2023-09-19 10:43:08.951 | 01:39    9ms   90M    0G  20/ 30U [ActUnit] DRONE from LARVA at (161.7, 39.5)
2023-09-19 10:43:09.174 | 01:40    9ms  115M    0G  20/ 30U [GameAnalyzer] Income advantage is now ClearAdvantage
2023-09-19 10:43:10.344 | 01:49    9ms  210M    0G  20/ 30U [ActUnit] DRONE from LARVA at (161.3, 39.5)
2023-09-19 10:43:11.089 | 01:54   11ms  300M    0G  21/ 30U [Expand] Expanding to (163.5, 99.5)
2023-09-19 10:43:11.962 | 02:00   10ms   40M    0G  21/ 30U [ActUnit] DRONE from LARVA at (161.7, 39.8)
2023-09-19 10:43:13.597 | 02:11    9ms  165M    0G  22/ 30U [ActUnit] DRONE from LARVA at (161.6, 39.8)
2023-09-19 10:43:14.246 | 02:15   10ms  175M    0G  22/ 36U [ActUnit] DRONE from LARVA at (163.6, 71.5)
2023-09-19 10:43:15.282 | 02:21    9ms  225M    0G  23/ 36U [ActUnit] DRONE from LARVA at (161.6, 39.4)
2023-09-19 10:43:15.942 | 02:25   11ms  250M    0G  24/ 36U [ActUnit] DRONE from LARVA at (163.5, 71.8)
2023-09-19 10:43:16.434 | 02:29    9ms  310M    0G  25/ 36U [Expand] Expanding to (134.5, 91.5)
2023-09-19 10:43:17.010 | 02:32    9ms   25M    0G  25/ 36U [ActUnit] DRONE from LARVA at (161.5, 39.9)
2023-09-19 10:43:17.698 | 02:36   12ms   65M    0G  26/ 36U [ActUnit] DRONE from LARVA at (163.7, 71.7)
2023-09-19 10:43:18.048 | 02:38   10ms  105M    0G  27/ 36U [GameAnalyzer] Income advantage is now OverwhelmingAdvantage
2023-09-19 10:43:19.758 | 02:43   10ms  155M    0G  26/ 36U [ActUnit] DRONE from LARVA at (161.3, 39.5)
2023-09-19 10:43:20.491 | 02:47   11ms  195M    0G  27/ 36U [ActUnit] DRONE from LARVA at (163.6, 71.5)
2023-09-19 10:43:21.341 | 02:52   10ms  240M    0G  28/ 42U [ActUnit] DRONE from LARVA at (137.6, 61.6)
2023-09-19 10:43:21.655 | 02:54   10ms  240M    0G  29/ 42U [ActUnit] DRONE from LARVA at (161.5, 39.9)
2023-09-19 10:43:22.140 | 02:56   10ms  300M    0G  30/ 42U [Expand] Expanding to (145.5, 124.5)
2023-09-19 10:43:22.543 | 02:59   11ms    5M    0G  30/ 42U [ActUnit] DRONE from LARVA at (163.2, 71.7)
2023-09-19 10:43:23.213 | 03:03   11ms   50M    0G  31/ 42U [ActUnit] DRONE from LARVA at (137.6, 61.6)
2023-09-19 10:43:23.569 | 03:04   59ms   30M    0G  32/ 42U [ActUnit] DRONE from LARVA at (161.4, 39.8)
2023-09-19 10:43:24.290 | 03:08   13ms   75M    0G  33/ 42U [ActUnit] DRONE from LARVA at (163.7, 71.7)
2023-09-19 10:43:25.262 | 03:12   63ms  185M    0G  33/ 42U [GameAnalyzer] Known army advantage is now SlightDisadvantage
2023-09-19 10:43:25.267 | 03:12   63ms  185M    0G  33/ 42U [GameAnalyzer] Predicted army advantage is now SlightDisadvantage
2023-09-19 10:43:25.512 | 03:13   60ms  155M    0G  33/ 42U [ActUnit] DRONE from LARVA at (137.5, 61.7)
2023-09-19 10:43:26.035 | 03:15   62ms  155M    0G  34/ 42U [ActUnit] DRONE from LARVA at (161.4, 39.4)
2023-09-19 10:43:26.864 | 03:18   63ms  220M    0G  35/ 42U [GameAnalyzer] Known army advantage is now SmallDisadvantage
2023-09-19 10:43:26.865 | 03:18   63ms  220M    0G  35/ 42U [GameAnalyzer] Predicted army advantage is now SmallDisadvantage
2023-09-19 10:43:27.192 | 03:19   84ms  200M    0G  34/ 42U [ActUnit] DRONE from LARVA at (163.5, 71.5)
2023-09-19 10:43:28.248 | 03:23   16ms  255M    0G  35/ 48U [ActUnit] DRONE from LARVA at (163.5, 96.6)
2023-09-19 10:43:28.467 | 03:24   25ms  235M    0G  36/ 48U [ActUnit] DRONE from LARVA at (137.5, 61.6)
2023-09-19 10:43:28.976 | 03:26   29ms  225M    0G  37/ 48U [ActUnit] DRONE from LARVA at (161.7, 39.7)
2023-09-19 10:43:29.818 | 03:29   81ms  310M    0G  38/ 48U [Expand] Expanding to (119.5, 39.5)
2023-09-19 10:43:30.356 | 03:31   70ms    5M    0G  38/ 48U [ActUnit] DRONE from LARVA at (163.6, 71.4)
2023-09-19 10:43:31.206 | 03:34   17ms   30M    0G  39/ 48U [ActUnit] DRONE from LARVA at (163.5, 96.7)
2023-09-19 10:43:31.460 | 03:35   57ms   15M    0G  40/ 48U [ActUnit] DRONE from LARVA at (137.6, 61.6)
2023-09-19 10:43:32.002 | 03:36   64ms    5M    0G  41/ 48U [ActUnit] DRONE from LARVA at (161.3, 39.5)
2023-09-19 10:43:33.997 | 03:40   84ms   65M    0G  40/ 48U [ActUnit] DRONE from LARVA at (163.5, 71.8)
2023-09-19 10:43:35.202 | 03:45   65ms  115M    0G  41/ 48U [ActUnit] DRONE from LARVA at (163.5, 96.6)
2023-09-19 10:43:35.492 | 03:45   64ms   95M    0G  42/ 48U [ActUnit] DRONE from LARVA at (137.5, 61.6)
2023-09-19 10:43:36.036 | 03:47   66ms   95M    0G  43/ 48U [ActUnit] DRONE from LARVA at (161.7, 39.5)
2023-09-19 10:43:36.936 | 03:50   78ms  140M    0G  43/ 54U [ActUnit] DRONE from LARVA at (134.5, 88.9)
2023-09-19 10:43:37.220 | 03:51   85ms  130M    0G  44/ 54U [ActUnit] DRONE from LARVA at (163.6, 71.7)
2023-09-19 10:43:38.490 | 03:55   65ms  200M    0G  45/ 54U [ActUnit] DRONE from LARVA at (163.5, 96.6)
2023-09-19 10:43:38.734 | 03:56   19ms  190M    0G  46/ 54U [ActUnit] DRONE from LARVA at (137.4, 61.6)
2023-09-19 10:43:39.296 | 03:58   65ms  205M    0G  47/ 54U [ActUnit] DRONE from LARVA at (161.6, 39.9)
2023-09-19 10:43:39.603 | 03:59   66ms  220M    0G  48/ 48U [ActBuilding] 1. SPAWNINGPOOL near (155.9, 35.5)
2023-09-19 10:43:39.747 | 03:59   97ms   25M    0G  48/ 48U [BuildGas] Building EXTRACTOR to (136.5, 84.5)
2023-09-19 10:43:40.599 | 04:02   82ms   15M    0G  47/ 48U [ActUnit] OVERLORD from LARVA at (163.6, 71.5)
2023-09-19 10:43:40.888 | 04:03   81ms    0M    0G  47/ 48U [ActUnit] DRONE from LARVA at (134.2, 88.2)
2023-09-19 10:43:41.323 | 04:04   66ms    0M    0G  47/ 48U [BuildGas] Building EXTRACTOR to (127.5, 93.5)
2023-09-19 10:43:41.838 | 04:06   64ms   15M    0G  46/ 48U [ActUnit] DRONE from LARVA at (163.5, 96.6)
2023-09-19 10:43:42.690 | 04:09   48ms   70M    0G  47/ 48U [ActUnit] DRONE from LARVA at (161.6, 39.4)
2023-09-19 10:43:43.743 | 04:12   24ms  160M    0G  47/ 48U [ActUnit] DRONE from LARVA at (134.8, 88.4)
2023-09-19 10:43:46.316 | 04:20   69ms  400M    0G  48/ 56U [ActUnit] DRONE from LARVA at (163.0, 71.5)
2023-09-19 10:43:46.455 | 04:21  100ms  370M    0G  49/ 56U [ActUnit] DRONE from LARVA at (163.4, 96.5)
2023-09-19 10:43:46.607 | 04:21   67ms  350M    0G  50/ 56U [ActUnit] DRONE from LARVA at (161.3, 39.1)
2023-09-19 10:43:47.030 | 04:22   83ms  350M    0G  51/ 56U [ActUnit] DRONE from LARVA at (134.6, 88.4)
2023-09-19 10:43:47.275 | 04:23   93ms  285M    0G  52/ 56U [ActUnit] OVERLORD from LARVA at (163.4, 71.5)
2023-09-19 10:43:47.423 | 04:24   24ms  270M    0G  52/ 62U [ActUnit] DRONE from LARVA at (145.5, 121.6)
2023-09-19 10:43:47.834 | 04:25   81ms  300M    0G  53/ 62U [Expand] Expanding to (137.5, 64.5)
2023-09-19 10:43:48.337 | 04:27   18ms  100M    0G  52/ 62U [GameAnalyzer] Known army advantage is now ClearDisadvantage
2023-09-19 10:43:48.339 | 04:27   18ms  100M    0G  52/ 62U [GameAnalyzer] Predicted army advantage is now ClearDisadvantage
2023-09-19 10:43:48.340 | 04:27   18ms   50M    0G  52/ 62U [ActUnit] DRONE from LARVA at (163.5, 96.6)
2023-09-19 10:43:48.979 | 04:30   18ms  100M    0G  52/ 62U [ActUnit] DRONE from LARVA at (161.5, 39.8)
2023-09-19 10:43:49.749 | 04:33   23ms  180M    0G  53/ 62U [ActUnit] DRONE from LARVA at (134.6, 88.5)
2023-09-19 10:43:49.965 | 04:34   20ms  170M    0G  54/ 62U [ActUnit] DRONE from LARVA at (163.6, 71.7)
2023-09-19 10:43:50.054 | 04:35   20ms  120M    0G  55/ 62U [ActUnit] DRONE from LARVA at (145.5, 121.6)
2023-09-19 10:43:51.689 | 04:38   18ms  220M    0G  55/ 62U [ActUnit] DRONE from LARVA at (163.5, 96.6)
2023-09-19 10:43:52.348 | 04:41   21ms  270M    0G  56/ 62U [ActUnit] DRONE from LARVA at (161.5, 39.9)
2023-09-19 10:43:52.675 | 04:42   20ms  320M    0G  57/ 70U [Expand] Expanding to (117.5, 124.5)
2023-09-19 10:43:53.124 | 04:44   21ms   35M    0G  57/ 70U [ActUnit] DRONE from LARVA at (134.7, 88.7)
2023-09-19 10:43:53.345 | 04:45   20ms   25M    0G  58/ 70U [ActUnit] DRONE from LARVA at (163.7, 71.7)
2023-09-19 10:43:53.579 | 04:46   22ms   10M    0G  59/ 70U [ActUnit] DRONE from LARVA at (145.8, 121.4)
2023-09-19 10:43:54.308 | 04:48   24ms   80M    0G  59/ 76U [ActUnit] DRONE from LARVA at (119.4, 36.5)
2023-09-19 10:43:54.408 | 04:49   21ms   40M    0G  60/ 76U [ActUnit] DRONE from LARVA at (163.5, 96.7)
2023-09-19 10:43:55.096 | 04:51   22ms  100M    0G  60/ 76U [ActUnit] DRONE from LARVA at (161.3, 39.6)
2023-09-19 10:43:55.945 | 04:55   21ms  220M    0G  61/ 76U [ActUnit] DRONE from LARVA at (134.7, 88.8)
2023-09-19 10:43:56.208 | 04:55   21ms  210M    0G  62/ 76U [ActUnit] DRONE from LARVA at (163.3, 71.6)
2023-09-19 10:43:56.317 | 04:56   21ms  180M    0G  63/ 76U [ActUnit] DRONE from LARVA at (145.5, 121.6)
2023-09-19 10:43:57.096 | 04:59   20ms  310M    0G  64/ 76U [Expand] Expanding to (82.5, 39.5)
2023-09-19 10:43:57.364 | 05:00   20ms    0M    0G  64/ 76U [ActUnit] DRONE from LARVA at (163.5, 96.6)
2023-09-19 10:43:57.622 | 05:00   20ms   10M    0G  65/ 76U [ActUnit] DRONE from LARVA at (119.7, 36.6)
2023-09-19 10:43:58.138 | 05:02   20ms   30M    0G  65/ 76U [ActUnit] DRONE from LARVA at (161.5, 39.9)
2023-09-19 10:43:59.088 | 05:05   23ms  145M    0G  66/ 76U [ActUnit] DRONE from LARVA at (134.3, 88.6)
2023-09-19 10:43:59.342 | 05:06   22ms  140M    0G  67/ 76U [ActUnit] DRONE from LARVA at (163.4, 71.7)
2023-09-19 10:43:59.460 | 05:07   22ms  110M    0G  68/ 76U [ActUnit] DRONE from LARVA at (145.5, 121.6)
2023-09-19 10:44:00.563 | 05:10   23ms  230M    0G  69/ 76U [ActUnit] DRONE from LARVA at (119.5, 36.8)
2023-09-19 10:44:00.675 | 05:10   23ms  185M    0G  70/ 76U [ActUnit] DRONE from LARVA at (163.5, 96.6)
2023-09-19 10:44:01.315 | 05:12   23ms  310M    0G  70/ 76U [Expand] Expanding to (80.5, 124.5)
2023-09-19 10:44:01.664 | 05:14   22ms   25M    0G  70/ 76U [ActUnit] DRONE from LARVA at (161.2, 39.1)
2023-09-19 10:44:02.321 | 05:16   25ms   35M    0G  71/ 70U [ActUnit] OVERLORD from LARVA at (134.6, 88.8)
2023-09-19 10:44:02.327 | 05:16   25ms   10M    0G  71/ 70U [BuildGas] Building EXTRACTOR to (160.5, 92.5)
2023-09-19 10:44:02.696 | 05:17   23ms    0M    0G  71/ 70U [ActUnit] OVERLORD from LARVA at (145.5, 121.7)
2023-09-19 10:44:02.977 | 05:18   22ms    0M    0G  70/ 70U [BuildGas] Building EXTRACTOR to (154.5, 39.5)
2023-09-19 10:44:03.631 | 05:20   28ms   75M    0G  69/ 70U [ActUnit] DRONE from LARVA at (163.7, 71.9)
2023-09-19 10:44:03.747 | 05:21   23ms   45M    0G  69/ 70U [ActUnit] DRONE from LARVA at (119.1, 36.3)
2023-09-19 10:44:06.269 | 05:30   25ms  495M    0G  69/ 70U [ActUnit] DRONE from LARVA at (163.9, 96.1)
2023-09-19 10:44:06.414 | 05:30   28ms  465M    0G  69/ 70U [ActUnit] DRONE from LARVA at (145.7, 121.8)
2023-09-19 10:44:08.365 | 05:34   23ms  670M    0G  70/ 78U [ActUnit] DRONE from LARVA at (161.3, 39.5)
2023-09-19 10:44:08.373 | 05:34   23ms  520M    0G  70/ 78U [ActUnit] QUEEN from HATCHERY at (145.5, 124.5)
2023-09-19 10:44:08.506 | 05:35   31ms  485M    0G  73/ 78U [ActUnit] DRONE from LARVA at (163.8, 96.1)
2023-09-19 10:44:08.622 | 05:35   24ms  410M    0G  74/ 70U [ActUnit] OVERLORD from LARVA at (161.3, 39.9)
2023-09-19 10:44:08.753 | 05:36   29ms  335M    0G  74/ 78U [ActUnit] OVERLORD from LARVA at (119.2, 36.7)
2023-09-19 10:44:08.754 | 05:36   29ms  285M    0G  74/ 78U [ActUnit] DRONE from LARVA at (163.3, 71.1)
2023-09-19 10:44:09.131 | 05:37   23ms  385M    0G  75/ 78U [GameAnalyzer] Known army advantage is now OverwhelmingDisadvantage
2023-09-19 10:44:09.132 | 05:37   23ms  385M    0G  75/ 78U [GameAnalyzer] Predicted army advantage is now OverwhelmingDisadvantage
2023-09-19 10:44:09.510 | 05:38   30ms  395M    0G  75/ 78U [ActUnit] DRONE from LARVA at (163.6, 71.7)
2023-09-19 10:44:09.617 | 05:39   24ms  395M    0G  76/ 84U [ActUnit] DRONE from LARVA at (137.5, 61.6)
2023-09-19 10:44:09.741 | 05:39   31ms  375M    0G  77/ 84U [ActUnit] DRONE from LARVA at (145.8, 121.4)
2023-09-19 10:44:10.521 | 05:42   30ms  470M    0G  78/ 84U [ActUnit] DRONE from LARVA at (119.4, 36.5)
2023-09-19 10:44:10.644 | 05:42   25ms  450M    0G  79/ 84U [ActUnit] DRONE from LARVA at (163.5, 96.6)
2023-09-19 10:44:11.039 | 05:44   31ms  385M    0G  80/ 84U [ActUnit] QUEEN from HATCHERY at (137.5, 64.5)
2023-09-19 10:44:11.375 | 05:45   24ms  410M    0G  82/ 84U [ActUnit] DRONE from LARVA at (161.3, 39.8)
2023-09-19 10:44:11.877 | 05:47   24ms  515M    0G  83/ 84U [Expand] Expanding to (134.5, 91.5)
2023-09-19 10:44:12.367 | 05:49   24ms  325M    0G  82/ 84U [Expand] Expanding to (134.5, 91.5)
2023-09-19 10:44:12.491 | 05:49   33ms    0M    0G  82/ 84U [ActUnit] DRONE from LARVA at (163.6, 71.6)
2023-09-19 10:44:12.723 | 05:50   31ms    0M    0G  83/ 84U [ActUnit] DRONE from LARVA at (145.6, 121.8)
2023-09-19 10:44:13.136 | 05:51   73ms  375M    0G  84/ 84U [Expand] Expanding to (134.5, 91.5)
2023-09-19 10:44:13.270 | 05:52   30ms  390M    0G  84/ 84U [Expand] Expanding to (134.5, 91.5)
2023-09-19 10:44:13.382 | 05:52   26ms  720M    0G  84/ 84U [Expand] Expanding to (134.5, 91.5)
2023-09-19 10:44:13.514 | 05:53   35ms  450M    0G  84/ 84U [Expand] Expanding to (134.5, 91.5)
2023-09-19 10:44:13.625 | 05:53   27ms  470M    0G  84/ 84U [Expand] Expanding to (134.5, 91.5)
2023-09-19 10:44:13.754 | 05:54   32ms  160M    4G  84/ 92U [ActUnit] DRONE from LARVA at (137.3, 61.6)
2023-09-19 10:44:13.864 | 05:54   25ms  135M    4G  85/100U [ActUnit] DRONE from LARVA at (119.7, 36.9)
2023-09-19 10:44:14.014 | 05:54   29ms  100M    4G  86/100U [ActUnit] DRONE from LARVA at (163.7, 96.1)
2023-09-19 10:44:14.380 | 05:56   24ms  135M    8G  87/100U [ActUnit] DRONE from LARVA at (161.5, 39.5)
2023-09-19 10:44:14.638 | 05:57   24ms  485M    8G  87/100U [Expand] Expanding to (134.5, 91.5)
2023-09-19 10:44:15.140 | 05:58   26ms  300M   12G  85/100U [Expand] Expanding to (134.5, 91.5)
2023-09-19 10:44:15.532 | 06:00   29ms  615M   20G  84/100U [ActUnit] DRONE from LARVA at (163.4, 71.5)
2023-09-19 10:44:15.538 | 06:00   29ms  615M   20G  84/100U [Expand] Expanding to (134.5, 91.5)
2023-09-19 10:44:15.652 | 06:00   26ms  300M   20G  85/100U [ActUnit] DRONE from LARVA at (145.5, 121.6)
2023-09-19 10:44:15.658 | 06:00   26ms  300M   20G  85/100U [Expand] Expanding to (134.5, 91.5)
2023-09-19 10:44:15.793 | 06:01   30ms  270M   20G  86/100U [ActUnit] DRONE from LARVA at (137.2, 61.9)
2023-09-19 10:44:16.047 | 06:02   28ms  275M   24G  86/106U [ActUnit] DRONE from LARVA at (117.5, 121.6)
2023-09-19 10:44:16.167 | 06:02   25ms  595M   28G  87/106U [Expand] Expanding to (134.5, 91.5)
2023-09-19 10:44:16.297 | 06:02   33ms  310M   28G  87/106U [Expand] Expanding to (134.5, 91.5)
2023-09-19 10:44:16.409 | 06:03   25ms  345M   32G  87/106U [Expand] Expanding to (134.5, 91.5)
2023-09-19 10:44:16.544 | 06:03   28ms  335M   32G  87/106U [ActUnit] DRONE from LARVA at (119.6, 36.5)
2023-09-19 10:44:16.549 | 06:03   28ms  335M   32G  87/106U [Expand] Expanding to (134.5, 91.5)
2023-09-19 10:44:16.658 | 06:04   26ms  305M   36G  88/106U [ActUnit] DRONE from LARVA at (163.5, 96.6)
2023-09-19 10:44:16.666 | 06:04   26ms  305M   36G  88/106U [Expand] Expanding to (134.5, 91.5)
2023-09-19 10:44:16.806 | 06:04   34ms  625M   40G  88/106U [Expand] Expanding to (134.5, 91.5)
2023-09-19 10:44:16.915 | 06:05   25ms  660M   44G  88/106U [Expand] Expanding to (134.5, 91.5)
2023-09-19 10:44:17.049 | 06:05   28ms  695M   44G  88/106U [Expand] Expanding to (134.5, 91.5)
2023-09-19 10:44:17.163 | 06:06   25ms  720M   48G  88/106U [Expand] Expanding to (134.5, 91.5)
2023-09-19 10:44:17.298 | 06:06   34ms  730M   52G  88/106U [Expand] Expanding to (134.5, 91.5)
2023-09-19 10:44:17.409 | 06:06   25ms  715M   52G  87/106U [ActUnit] DRONE from LARVA at (161.6, 39.7)
2023-09-19 10:44:17.417 | 06:06   25ms  715M   52G  87/106U [Expand] Expanding to (134.5, 91.5)
2023-09-19 10:44:17.549 | 06:07   34ms  740M   56G  88/106U [Expand] Expanding to (134.5, 91.5)
2023-09-19 10:44:17.660 | 06:07   26ms  760M   56G  88/106U [Expand] Expanding to (134.5, 91.5)
2023-09-19 10:44:17.780 | 06:08   33ms  495M   60G  88/106U [Expand] Expanding to (134.5, 91.5)
2023-09-19 10:44:18.018 | 06:09   32ms  540M   64G  88/106U [Expand] Expanding to (134.5, 91.5)
2023-09-19 10:44:18.258 | 06:10   31ms  300M   68G  88/106U [Expand] Expanding to (134.5, 91.5)
2023-09-19 10:44:18.374 | 06:10   26ms  345M   72G  88/106U [Expand] Expanding to (134.5, 91.5)
2023-09-19 10:44:18.511 | 06:10   33ms  165M   76G  86/100U [ActUnit] DRONE from LARVA at (163.6, 71.7)
2023-09-19 10:44:18.516 | 06:10   33ms  165M   76G  86/100U [Inject] injecting hatch (145.5, 124.5)
2023-09-19 10:44:18.632 | 06:11   26ms  130M   76G  87/100U [ActUnit] DRONE from LARVA at (145.5, 121.6)
2023-09-19 10:44:18.899 | 06:12   25ms  630M   80G  88/100U [ActUnit] QUEEN from HATCHERY at (119.5, 39.5)
2023-09-19 10:44:19.058 | 06:12   28ms  615M   84G  90/100U [ActUnit] DRONE from LARVA at (117.5, 121.6)
2023-09-19 10:44:19.064 | 06:12   28ms  465M   84G  90/100U [ActUnit] QUEEN from HATCHERY at (145.5, 124.5)
2023-09-19 10:44:19.327 | 06:13   29ms  360M   88G  93/100U [ActUnit] QUEEN from HATCHERY at (117.5, 124.5)
2023-09-19 10:44:19.580 | 06:14   32ms  365M   96G  95/100U [ActUnit] DRONE from LARVA at (119.7, 36.6)
2023-09-19 10:44:19.697 | 06:15   25ms  300M   96G  96/100U [ActUnit] OVERLORD from LARVA at (163.5, 96.7)
2023-09-19 10:44:19.846 | 06:15   33ms  330M  100G  96/100U [Tech] Started ZERGLINGMOVEMENTSPEED
2023-09-19 10:44:19.970 | 06:15   29ms  405M    0G  95/100U [ActUnit] QUEEN from HATCHERY at (161.5, 42.5)
2023-09-19 10:44:20.474 | 06:17   25ms  400M   12G  96/100U [ActUnit] OVERLORD from LARVA at (161.7, 39.5)
2023-09-19 10:44:21.665 | 06:21   32ms  925M   32G  95/100U [ActUnit] DRONE from LARVA at (163.7, 71.6)
2023-09-19 10:44:21.783 | 06:22   26ms  895M   36G  96/100U [ActUnit] DRONE from LARVA at (145.5, 121.6)
2023-09-19 10:44:21.924 | 06:22   33ms  865M   36G  97/106U [ActUnit] DRONE from LARVA at (82.5, 36.6)
2023-09-19 10:44:22.187 | 06:23   29ms  880M   44G  98/106U [ActUnit] DRONE from LARVA at (117.5, 121.6)
2023-09-19 10:44:22.691 | 06:25   29ms  940M   52G  99/106U [ActUnit] DRONE from LARVA at (119.5, 36.5)
2023-09-19 10:44:22.809 | 06:25   27ms  925M   56G 100/106U [ActUnit] DRONE from LARVA at (163.5, 96.7)
2023-09-19 10:44:23.571 | 06:28   26ms 1050M   68G 101/106U [ActUnit] DRONE from LARVA at (161.5, 39.9)
2023-09-19 10:44:25.650 | 06:32   31ms 1245M   92G 102/106U [ActUnit] DRONE from LARVA at (163.5, 71.8)
2023-09-19 10:44:25.771 | 06:32   28ms 1240M   92G 103/106U [ActUnit] DRONE from LARVA at (145.5, 121.6)
2023-09-19 10:44:25.920 | 06:33   41ms 1245M   96G 104/114U [ActUnit] DRONE from LARVA at (82.5, 36.6)
2023-09-19 10:44:26.184 | 06:34   30ms 1215M  100G 104/114U [ActUnit] DRONE from LARVA at (117.5, 121.6)
2023-09-19 10:44:26.719 | 06:35   36ms 1315M  112G 105/122U [ActUnit] DRONE from LARVA at (119.3, 36.5)
2023-09-19 10:44:26.846 | 06:36   28ms 1290M  112G 106/122U [ActUnit] DRONE from LARVA at (163.5, 96.6)
2023-09-19 10:44:27.488 | 06:38   32ms 1425M  124G 107/122U [ActBuilding] 1. EVOLUTIONCHAMBER near (165.7, 90.8)
2023-09-19 10:44:27.619 | 06:38  111ms 1445M  124G 107/122U [ActBuilding] 1. EVOLUTIONCHAMBER near (156.8, 80.6)
2023-09-19 10:44:27.732 | 06:39   28ms 1345M  128G 107/122U [ActUnit] DRONE from LARVA at (161.4, 39.6)
2023-09-19 10:44:27.738 | 06:39   28ms 1345M  128G 107/122U [ActBuilding] 2. EVOLUTIONCHAMBER near (155.5, 49.2)
2023-09-19 10:44:28.474 | 06:41   28ms 1380M  140G 107/122U [ActUnit] DRONE from LARVA at (144.6, 121.8)
2023-09-19 10:44:28.600 | 06:41   27ms 1365M  140G 107/128U [ActUnit] DRONE from LARVA at (144.3, 122.0)
2023-09-19 10:44:28.747 | 06:42   30ms 1355M  144G 108/128U [ActUnit] DRONE from LARVA at (80.7, 121.9)
2023-09-19 10:44:28.870 | 06:42   28ms 1350M  148G 108/128U [ActUnit] DRONE from LARVA at (144.2, 122.2)
2023-09-19 10:44:28.880 | 06:42   28ms 1350M  148G 108/128U [Inject] injecting hatch (163.5, 99.5)
2023-09-19 10:44:29.031 | 06:43   37ms 1320M  148G 109/128U [ActUnit] DRONE from LARVA at (163.4, 71.5)
2023-09-19 10:44:29.319 | 06:44   30ms 1310M  156G 110/128U [ActUnit] ZERGLING from LARVA at (82.5, 36.6)
2023-09-19 10:44:29.592 | 06:44   30ms 1355M  160G 111/128U [ActUnit] ZERGLING from LARVA at (117.5, 121.6)
2023-09-19 10:44:29.716 | 06:45   28ms 1340M  160G 112/128U [ActUnit] ZERGLING from LARVA at (145.7, 121.8)
2023-09-19 10:44:30.364 | 06:46   31ms 1375M  168G 113/128U [ActUnit] ZERGLING from LARVA at (119.3, 36.6)
2023-09-19 10:44:30.493 | 06:47   28ms 1345M  172G 114/128U [ActUnit] ZERGLING from LARVA at (163.5, 96.7)
2023-09-19 10:44:30.500 | 06:47   28ms 1345M  172G 114/128U [Expand] Expanding to (137.5, 64.5)
2023-09-19 10:44:30.700 | 06:47   35ms 1095M  172G 115/128U [Expand] Expanding to (137.5, 64.5)
2023-09-19 10:44:30.823 | 06:48   79ms  815M  176G 115/128U [Expand] Expanding to (137.5, 64.5)
2023-09-19 10:44:30.978 | 06:48   31ms  535M  180G 115/128U [Expand] Expanding to (137.5, 64.5)
2023-09-19 10:44:30.979 | 06:48   31ms  235M  180G 115/128U [Inject] injecting hatch (119.5, 39.5)
2023-09-19 10:44:31.112 | 06:48   29ms  565M  180G 114/128U [Expand] Expanding to (137.5, 64.5)
2023-09-19 10:44:31.113 | 06:48   29ms  265M  180G 114/128U [Inject] injecting hatch (80.5, 124.5)
2023-09-19 10:44:31.265 | 06:49   31ms  615M  184G 114/128U [Expand] Expanding to (137.5, 64.5)
2023-09-19 10:44:31.390 | 06:49   30ms  320M  184G 114/128U [ActUnit] DRONE from LARVA at (161.3, 39.6)
2023-09-19 10:44:31.397 | 06:49   30ms  320M  184G 114/128U [Expand] Expanding to (137.5, 64.5)
2023-09-19 10:44:31.399 | 06:49   30ms   20M  184G 114/128U [Inject] injecting hatch (117.5, 124.5)
2023-09-19 10:44:32.139 | 06:52   30ms  170M  196G 113/128U [Inject] injecting hatch (161.5, 42.5)
2023-09-19 10:44:32.254 | 06:52   29ms  155M  200G 113/128U [ActUnit] DRONE from LARVA at (80.5, 121.6)
2023-09-19 10:44:32.545 | 06:53   28ms  780M  204G 114/128U [Expand] Expanding to (134.5, 91.5)
2023-09-19 10:44:32.697 | 06:53   33ms  480M  208G 114/128U [ActUnit] DRONE from LARVA at (163.3, 71.6)
2023-09-19 10:44:32.703 | 06:53   33ms  480M  208G 114/128U [Expand] Expanding to (134.5, 91.5)
2023-09-19 10:44:32.830 | 06:54   30ms  525M  208G 115/128U [Expand] Expanding to (134.5, 91.5)
2023-09-19 10:44:32.971 | 06:54   33ms  520M  212G 115/128U [ActUnit] ZERGLING from LARVA at (82.5, 36.6)
2023-09-19 10:44:32.977 | 06:54   33ms  520M  212G 115/128U [Expand] Expanding to (134.5, 91.5)
2023-09-19 10:44:33.101 | 06:55   30ms  560M  216G 116/128U [Expand] Expanding to (134.5, 91.5)
2023-09-19 10:44:33.261 | 06:55   33ms  525M  216G 116/128U [ActUnit] ZERGLING from LARVA at (145.4, 121.5)
2023-09-19 10:44:33.268 | 06:55   33ms  525M  216G 116/128U [Expand] Expanding to (134.5, 91.5)
2023-09-19 10:44:33.389 | 06:56   30ms  490M  220G 117/128U [ActUnit] ZERGLING from LARVA at (117.4, 121.9)
2023-09-19 10:44:33.399 | 06:56   30ms  490M  220G 117/128U [Expand] Expanding to (134.5, 91.5)
2023-09-19 10:44:33.667 | 06:56   28ms  565M  224G 118/128U [Expand] Expanding to (134.5, 91.5)
2023-09-19 10:44:33.874 | 06:57   32ms  265M  228G 117/128U [ActUnit] DRONE from LARVA at (119.6, 36.8)
2023-09-19 10:44:34.094 | 06:57   86ms  225M  228G 118/128U [ActUnit] ZERGLING from LARVA at (163.5, 96.6)
2023-09-19 10:44:34.297 | 06:58  173ms  555M  232G 119/128U [Expand] Expanding to (54.5, 39.5)
2023-09-19 10:44:34.576 | 06:59   31ms  325M  236G 118/128U [Expand] Expanding to (54.5, 39.5)
2023-09-19 10:44:34.975 | 07:00   27ms   80M  244G 117/128U [ActUnit] DRONE from LARVA at (161.3, 39.8)
2023-09-19 10:44:35.857 | 07:03   28ms  220M  260G 118/128U [ActUnit] DRONE from LARVA at (80.5, 121.7)
2023-09-19 10:44:36.022 | 07:03   39ms  565M  260G 119/128U [Expand] Expanding to (54.5, 39.5)
2023-09-19 10:44:36.155 | 07:04   30ms  595M  264G 119/128U [Expand] Expanding to (54.5, 39.5)
2023-09-19 10:44:36.313 | 07:04   39ms  335M  264G 119/128U [GameAnalyzer] Known army advantage is now ClearDisadvantage
2023-09-19 10:44:36.314 | 07:04   39ms  335M  264G 119/128U [GameAnalyzer] Predicted army advantage is now ClearDisadvantage
2023-09-19 10:44:36.315 | 07:04   39ms  285M  264G 119/128U [ActUnit] ZERGLING from LARVA at (163.3, 71.6)
2023-09-19 10:44:36.449 | 07:05   31ms  315M  268G 120/128U [Expand] Expanding to (54.5, 39.5)
2023-09-19 10:44:36.599 | 07:05   36ms  300M  272G 120/128U [ActUnit] ZERGLING from LARVA at (82.5, 36.6)
2023-09-19 10:44:36.606 | 07:05   36ms  300M  272G 120/128U [Expand] Expanding to (54.5, 39.5)
2023-09-19 10:44:36.885 | 07:06   33ms    0M  276G 121/128U [ActUnit] ZERGLING from LARVA at (117.5, 121.6)
2023-09-19 10:44:37.178 | 07:07   37ms   15M  280G 121/128U [ActUnit] DRONE from LARVA at (145.6, 121.5)
2023-09-19 10:44:37.477 | 07:08   38ms   35M  284G 122/128U [ActUnit] ZERGLING from LARVA at (119.4, 36.5)
2023-09-19 10:44:37.613 | 07:08   29ms   10M  288G 123/128U [ActUnit] ZERGLING from LARVA at (163.5, 96.6)
2023-09-19 10:44:37.777 | 07:09   40ms  360M  288G 124/128U [Tech] Started ZERGMELEEWEAPONSLEVEL1
2023-09-19 10:44:37.919 | 07:09   34ms  305M  192G 124/128U [Tech] Started ZERGGROUNDARMORSLEVEL1
2023-09-19 10:44:38.489 | 07:11   31ms  160M   50G 124/128U [ActUnit] OVERLORD from LARVA at (161.5, 39.4)
2023-09-19 10:44:39.396 | 07:13   31ms  565M   66G 124/128U [ActUnit] OVERLORD from LARVA at (80.5, 121.6)
2023-09-19 10:44:39.566 | 07:14   39ms  620M   70G 124/128U [Inject] injecting hatch (163.5, 74.5)
2023-09-19 10:44:39.850 | 07:15   34ms  625M   74G 124/128U [ActUnit] ZERGLING from LARVA at (163.4, 71.5)
2023-09-19 10:44:40.153 | 07:16   47ms  610M   78G 125/128U [ActUnit] ZERGLING from LARVA at (82.5, 36.6)
2023-09-19 10:44:40.475 | 07:17   45ms  930M   82G 126/128U [ActUnit] ZERGLING from LARVA at (117.5, 121.6)
2023-09-19 10:44:40.632 | 07:17   35ms  915M   86G 126/128U [ActUnit] DRONE from LARVA at (145.6, 121.9)
2023-09-19 10:44:41.160 | 07:18   38ms  985M   94G 127/128U [ActUnit] ZERGLING from LARVA at (119.7, 36.8)
2023-09-19 10:44:41.509 | 07:19   40ms 1010M   98G 127/128U [ActUnit] DRONE from LARVA at (120.9, 37.1)
2023-09-19 10:44:41.682 | 07:20   36ms 1050M  102G 128/128U [Inject] injecting hatch (119.5, 39.5)
2023-09-19 10:44:42.192 | 07:21   38ms 1110M  106G 128/128U [Inject] injecting hatch (145.5, 124.5)
2023-09-19 10:44:43.021 | 07:23   36ms 1625M  118G 128/128U [Inject] injecting hatch (161.5, 42.5)
2023-09-19 10:44:43.201 | 07:24   41ms 1610M  122G 127/128U [ActUnit] DRONE from LARVA at (117.2, 121.5)
2023-09-19 10:44:43.211 | 07:24   41ms 1435M   22G 127/128U [BuildGas] Building EXTRACTOR to (115.5, 32.5)
2023-09-19 10:44:43.898 | 07:25   40ms 1505M   30G 127/128U [ActUnit] DRONE from LARVA at (119.1, 36.5)
2023-09-19 10:44:46.018 | 07:29   49ms 1775M   50G 128/136U [ActUnit] ZERGLING from LARVA at (163.7, 96.9)
2023-09-19 10:44:46.166 | 07:30   35ms 1740M   54G 129/136U [ActUnit] ZERGLING from LARVA at (163.7, 96.9)
2023-09-19 10:44:46.393 | 07:30   43ms 1720M   54G 130/136U [ActUnit] ZERGLING from LARVA at (116.5, 121.9)
2023-09-19 10:44:46.546 | 07:30   35ms 1700M   58G 131/136U [ActUnit] ZERGLING from LARVA at (162.6, 40.0)
2023-09-19 10:44:46.703 | 07:31   39ms 1645M   62G 132/136U [ActUnit] OVERLORD from LARVA at (162.4, 96.2)
2023-09-19 10:44:46.705 | 07:31   39ms 1595M   62G 132/136U [ActUnit] ZERGLING from LARVA at (145.6, 121.5)
2023-09-19 10:44:46.858 | 07:31   37ms 1535M   62G 133/136U [ActUnit] OVERLORD from LARVA at (161.3, 39.8)
2023-09-19 10:44:46.861 | 07:31   37ms 1485M   62G 133/136U [ActUnit] ZERGLING from LARVA at (163.8, 71.3)
2023-09-19 10:44:47.021 | 07:32   50ms 1465M   66G 134/144U [ActUnit] ZERGLING from LARVA at (119.8, 36.6)
2023-09-19 10:44:47.166 | 07:32   34ms 1465M   70G 135/144U [ActUnit] ZERGLING from LARVA at (119.5, 36.7)
2023-09-19 10:44:47.329 | 07:33   42ms 1450M   70G 135/144U [ActUnit] DRONE from LARVA at (80.4, 121.6)
2023-09-19 10:44:47.466 | 07:33   34ms 1445M   74G 136/144U [ActUnit] ZERGLING from LARVA at (162.3, 96.9)
2023-09-19 10:44:47.634 | 07:34   39ms 1420M   74G 137/144U [ActUnit] ZERGLING from LARVA at (82.7, 36.4)
2023-09-19 10:44:47.779 | 07:34   34ms 1420M   78G 138/144U [ActUnit] ZERGLING from LARVA at (116.5, 121.9)
2023-09-19 10:44:47.948 | 07:34   38ms 1385M   82G 139/144U [ActUnit] ZERGLING from LARVA at (116.5, 121.9)
2023-09-19 10:44:48.096 | 07:35   35ms 1360M   82G 140/144U [ActUnit] ZERGLING from LARVA at (80.5, 121.6)
2023-09-19 10:44:48.256 | 07:35   45ms 1345M   86G 141/144U [ActUnit] ZERGLING from LARVA at (160.6, 39.7)
2023-09-19 10:44:48.563 | 07:36   47ms 1390M   90G 142/144U [ActUnit] ZERGLING from LARVA at (163.3, 71.6)
2023-09-19 10:44:48.867 | 07:37   48ms 1425M   94G 143/144U [ActUnit] ZERGLING from LARVA at (82.5, 36.6)
2023-09-19 10:44:50.200 | 07:40   35ms 1650M  110G 144/144U [Expand] Expanding to (65.5, 72.5)
2023-09-19 10:44:50.382 | 07:41   44ms 1405M  114G 144/144U [Expand] Expanding to (65.5, 72.5)
2023-09-19 10:44:50.542 | 07:41   39ms 1145M  118G 144/144U [Expand] Expanding to (65.5, 72.5)
2023-09-19 10:44:50.707 | 07:42   45ms  890M  118G 144/144U [Expand] Expanding to (65.5, 72.5)
2023-09-19 10:44:50.867 | 07:42   39ms  870M  122G 142/144U [ActUnit] DRONE from LARVA at (120.0, 36.9)
2023-09-19 10:44:50.875 | 07:42   39ms  870M  122G 142/144U [Expand] Expanding to (65.5, 72.5)
2023-09-19 10:44:50.879 | 07:42   39ms  545M  122G 142/144U [BuildGas] Building EXTRACTOR to (124.5, 121.5)
2023-09-19 10:44:51.054 | 07:42   53ms  530M  126G 143/144U [ActUnit] DRONE from LARVA at (161.2, 39.2)
2023-09-19 10:44:51.061 | 07:42   53ms  530M  126G 143/144U [Expand] Expanding to (65.5, 72.5)
2023-09-19 10:44:51.370 | 07:43   52ms  245M  130G 143/144U [ActUnit] DRONE from LARVA at (117.4, 121.6)
2023-09-19 10:44:51.831 | 07:45   37ms  315M  138G 144/144U [Expand] Expanding to (65.5, 72.5)
2023-09-19 10:44:51.979 | 07:45   45ms   75M  138G 144/144U [Inject] injecting hatch (80.5, 124.5)
2023-09-19 10:44:52.128 | 07:46   37ms  110M  142G 144/144U [Inject] injecting hatch (163.5, 99.5)
2023-09-19 10:44:52.407 | 07:46   37ms  200M  146G 144/144U [GameAnalyzer] Known army advantage is now SmallDisadvantage
2023-09-19 10:44:52.408 | 07:46   37ms  200M  146G 144/144U [GameAnalyzer] Predicted army advantage is now SmallDisadvantage
2023-09-19 10:44:52.914 | 07:48   50ms  255M  154G 143/144U [ActUnit] DRONE from LARVA at (80.5, 121.5)
2023-09-19 10:44:53.251 | 07:49   47ms  300M  158G 144/144U [Expand] Expanding to (65.5, 72.5)
2023-09-19 10:44:53.579 | 07:50   46ms   20M  162G 144/160U [ActUnit] ZERGLING from LARVA at (79.1, 122.2)
2023-09-19 10:44:53.728 | 07:50   38ms    0M  166G 145/160U [ActUnit] ZERGLING from LARVA at (119.8, 36.6)
2023-09-19 10:44:54.082 | 07:51   38ms   40M  170G 146/160U [ActUnit] ZERGLING from LARVA at (163.9, 71.2)
2023-09-19 10:44:54.248 | 07:51   48ms   20M  174G 147/160U [ActUnit] ZERGLING from LARVA at (145.5, 121.6)
2023-09-19 10:44:54.255 | 07:51   48ms   20M  174G 147/160U [Inject] injecting hatch (82.5, 39.5)
2023-09-19 10:44:54.409 | 07:52   38ms    5M  174G 148/160U [ActUnit] ZERGLING from LARVA at (164.2, 96.5)
2023-09-19 10:44:54.582 | 07:52   50ms    0M  178G 148/160U [ActUnit] DRONE from LARVA at (120.5, 36.2)
2023-09-19 10:44:54.744 | 07:53   38ms   30M  178G 149/160U [GameAnalyzer] Known army advantage is now SlightDisadvantage
2023-09-19 10:44:54.746 | 07:53   38ms   30M  178G 149/160U [GameAnalyzer] Predicted army advantage is now SlightDisadvantage
2023-09-19 10:44:54.754 | 07:53   38ms   30M  178G 149/160U [Inject] injecting hatch (117.5, 124.5)
2023-09-19 10:44:54.917 | 07:53   49ms   20M  182G 149/160U [ActUnit] ZERGLING from LARVA at (120.4, 36.5)
2023-09-19 10:44:55.253 | 07:54   49ms    0M  186G 149/160U [ActUnit] DRONE from LARVA at (82.6, 36.9)
2023-09-19 10:44:55.583 | 07:55   51ms   40M  190G 150/160U [ActUnit] ZERGLING from LARVA at (79.5, 121.9)
2023-09-19 10:44:55.590 | 07:55   51ms   40M  190G 150/160U [Inject] injecting hatch (161.5, 42.5)
2023-09-19 10:44:55.742 | 07:55   40ms  325M  194G 150/160U [ActUnit] DRONE from LARVA at (79.5, 121.9)
2023-09-19 10:44:55.926 | 07:56   47ms  895M  198G 151/160U [ActUnit] ZERGLING from LARVA at (145.2, 121.5)
2023-09-19 10:44:56.092 | 07:56   41ms 1235M  198G 152/160U [GameAnalyzer] Known army advantage is now SmallDisadvantage
2023-09-19 10:44:56.094 | 07:56   41ms 1235M  198G 152/160U [GameAnalyzer] Predicted army advantage is now SmallDisadvantage
2023-09-19 10:44:56.096 | 07:56   41ms 1185M  198G 152/160U [ActUnit] ZERGLING from LARVA at (161.7, 39.4)
2023-09-19 10:44:56.268 | 07:57   56ms 1170M  202G 153/160U [ActUnit] ZERGLING from LARVA at (120.7, 36.7)
2023-09-19 10:44:56.424 | 07:57   40ms 1475M  206G 154/160U [ActUnit] ZERGLING from LARVA at (164.0, 96.9)
2023-09-19 10:44:56.591 | 07:58   49ms 1455M  206G 155/160U [ActUnit] ZERGLING from LARVA at (117.2, 121.5)
2023-09-19 10:44:56.754 | 07:58   40ms 1370M  210G 156/160U [ActUnit] OVERLORD from LARVA at (161.8, 39.6)
2023-09-19 10:44:56.757 | 07:58   40ms 1320M  210G 156/160U [ActUnit] ZERGLING from LARVA at (162.3, 39.9)
2023-09-19 10:44:56.937 | 07:59   58ms 1550M  210G 157/160U [ActUnit] OVERLORD from LARVA at (82.5, 36.6)
2023-09-19 10:44:56.938 | 07:59   58ms 1500M  210G 157/160U [ActUnit] ZERGLING from LARVA at (163.4, 71.6)
2023-09-19 10:44:57.108 | 07:59   43ms 1495M  214G 158/160U [ActUnit] ZERGLING from LARVA at (161.0, 39.9)
2023-09-19 10:44:57.272 | 07:59   60ms 1470M  218G 159/160U [ActUnit] ZERGLING from LARVA at (161.9, 72.1)
2023-09-19 10:44:57.952 | 08:01   57ms 1550M  226G 160/166U [ActUnit] ZERGLING from LARVA at (162.2, 72.2)
2023-09-19 10:44:58.105 | 08:02   42ms 1555M  230G 161/166U [ActUnit] ZERGLING from LARVA at (145.5, 121.6)
2023-09-19 10:44:58.350 | 08:02   48ms 1540M  230G 162/166U [ActUnit] ZERGLING from LARVA at (162.1, 71.7)
2023-09-19 10:44:58.515 | 08:03  103ms 1535M  234G 163/166U [ActUnit] ZERGLING from LARVA at (144.6, 121.9)
2023-09-19 10:44:58.690 | 08:03   52ms 1500M  234G 164/166U [ActUnit] ZERGLING from LARVA at (145.9, 121.9)
2023-09-19 10:44:58.860 | 08:03   48ms 1460M  238G 165/166U [ActUnit] ZERGLING from LARVA at (137.5, 61.8)
2023-09-19 10:44:59.578 | 08:05   47ms 1575M  246G 165/166U [ActUnit] DRONE from LARVA at (120.0, 36.8)
2023-09-19 10:45:01.340 | 08:09   57ms 1860M  270G 166/166U [GameAnalyzer] Known army advantage is now SlightDisadvantage
2023-09-19 10:45:01.341 | 08:09   57ms 1860M  270G 166/166U [GameAnalyzer] Predicted army advantage is now SlightDisadvantage
2023-09-19 10:45:02.892 | 08:13   49ms 2135M  290G 165/166U [ActUnit] DRONE from LARVA at (80.7, 121.6)
2023-09-19 10:45:03.267 | 08:14   48ms 2220M  294G 166/166U [Inject] injecting hatch (80.5, 124.5)
2023-09-19 10:45:03.447 | 08:15   57ms 2200M  302G 164/166U [ActUnit] DRONE from LARVA at (161.4, 39.5)
2023-09-19 10:45:03.627 | 08:15   47ms 2185M  306G 165/166U [ActUnit] DRONE from LARVA at (145.9, 121.7)
2023-09-19 10:45:04.157 | 08:16   53ms 2230M  318G 166/174U [ActUnit] ZERGLING from LARVA at (137.1, 61.1)
2023-09-19 10:45:04.320 | 08:17   48ms 2225M  318G 167/182U [ActUnit] ZERGLING from LARVA at (82.0, 36.9)
2023-09-19 10:45:04.328 | 08:17   48ms 2225M  318G 167/182U [Expand] Expanding to (134.5, 91.5)
2023-09-19 10:45:04.491 | 08:17   53ms 1910M  322G 168/182U [ActUnit] ZERGLING from LARVA at (117.5, 121.5)
2023-09-19 10:45:04.499 | 08:17   53ms 1910M  322G 168/182U [Expand] Expanding to (134.5, 91.5)
2023-09-19 10:45:04.501 | 08:17   53ms 1610M  322G 168/182U [Inject] injecting hatch (163.5, 74.5)
2023-09-19 10:45:04.663 | 08:18   49ms 1590M  326G 169/188U [ActUnit] ZERGLING from LARVA at (162.8, 96.6)
2023-09-19 10:45:04.671 | 08:18   49ms 1590M  326G 169/188U [Expand] Expanding to (134.5, 91.5)
2023-09-19 10:45:04.832 | 08:18   54ms 1570M  330G 170/188U [ActUnit] ZERGLING from LARVA at (79.8, 121.8)
2023-09-19 10:45:04.840 | 08:18   54ms 1570M  330G 170/188U [Expand] Expanding to (134.5, 91.5)
2023-09-19 10:45:05.002 | 08:19   48ms 1230M  334G 170/188U [ActUnit] DRONE from LARVA at (163.3, 71.9)
2023-09-19 10:45:05.011 | 08:19   48ms 1230M  334G 170/188U [Expand] Expanding to (62.5, 99.5)
2023-09-19 10:45:05.186 | 08:19   54ms  930M  338G 171/188U [ActUnit] ZERGLING from LARVA at (80.3, 120.9)
2023-09-19 10:45:05.194 | 08:19   54ms  930M  338G 171/188U [Expand] Expanding to (62.5, 99.5)
2023-09-19 10:45:05.356 | 08:20   51ms  690M  342G 172/188U [GameAnalyzer] Known army advantage is now Even
2023-09-19 10:45:05.357 | 08:20   51ms  690M  342G 172/188U [GameAnalyzer] Predicted army advantage is now Even
2023-09-19 10:45:05.359 | 08:20   51ms  640M  342G 172/188U [ActUnit] ZERGLING from LARVA at (78.7, 122.0)
2023-09-19 10:45:05.367 | 08:20   51ms  640M  342G 172/188U [Expand] Expanding to (62.5, 99.5)
2023-09-19 10:45:05.522 | 08:20   56ms  310M  342G 173/188U [ActUnit] ZERGLING from LARVA at (119.5, 36.4)
2023-09-19 10:45:05.530 | 08:20   56ms  310M  342G 173/188U [Expand] Expanding to (62.5, 99.5)
2023-09-19 10:45:05.694 | 08:20   50ms    0M  350G 174/188U [ActUnit] ZERGLING from LARVA at (163.2, 96.2)
2023-09-19 10:45:06.054 | 08:21   46ms    0M  354G 175/188U [ActUnit] ZERGLING from LARVA at (145.6, 121.0)
2023-09-19 10:45:06.390 | 08:22   45ms   15M  362G 175/182U [ActUnit] DRONE from LARVA at (161.8, 39.6)
2023-09-19 10:45:06.571 | 08:23   56ms    0M  366G 176/182U [ActUnit] ZERGLING from LARVA at (117.9, 121.9)
2023-09-19 10:45:06.746 | 08:23   47ms  285M  370G 177/182U [ActUnit] ZERGLING from LARVA at (163.3, 96.5)
2023-09-19 10:45:06.757 | 08:23   47ms  285M  370G 177/182U [Inject] injecting hatch (119.5, 39.5)
2023-09-19 10:45:06.946 | 08:24   61ms  505M  374G 178/182U [ActUnit] OVERLORD from LARVA at (54.4, 36.6)
2023-09-19 10:45:06.948 | 08:24   61ms  455M  374G 178/182U [ActUnit] ZERGLING from LARVA at (82.6, 36.9)
2023-09-19 10:45:07.134 | 08:24   53ms  395M  378G 178/182U [ActUnit] OVERLORD from LARVA at (145.8, 121.5)
2023-09-19 10:45:07.136 | 08:24   53ms  345M  378G 178/182U [ActUnit] DRONE from LARVA at (163.6, 71.7)
2023-09-19 10:45:08.063 | 08:24   61ms  335M  378G 179/182U [ActUnit] ZERGLING from LARVA at (78.9, 121.4)
2023-09-19 10:45:08.072 | 08:24   61ms  335M  378G 179/182U [Inject] injecting hatch (145.5, 124.5)
2023-09-19 10:45:08.249 | 08:25   54ms  315M  386G 180/182U [ActUnit] ZERGLING from LARVA at (119.5, 36.6)
2023-09-19 10:45:08.442 | 08:25   63ms  305M  390G 181/182U [ActUnit] ZERGLING from LARVA at (162.3, 39.6)
2023-09-19 10:45:09.039 | 08:27   51ms  380M  406G 182/182U [Expand] Expanding to (137.5, 64.5)
2023-09-19 10:45:09.041 | 08:27   51ms   80M  406G 182/182U [Inject] injecting hatch (161.5, 42.5)
2023-09-19 10:45:09.222 | 08:27   67ms  420M  406G 182/182U [Expand] Expanding to (137.5, 64.5)
2023-09-19 10:45:10.464 | 08:30   53ms  925M  430G 182/182U [Expand] Expanding to (137.5, 64.5)
2023-09-19 10:45:10.647 | 08:30   49ms  900M  430G 181/182U [ActUnit] DRONE from LARVA at (163.4, 96.5)
2023-09-19 10:45:10.658 | 08:30   49ms  900M  430G 181/182U [Expand] Expanding to (36.5, 64.5)
2023-09-19 10:45:10.846 | 08:31   59ms  870M  434G 181/182U [ActUnit] DRONE from LARVA at (162.8, 40.0)
2023-09-19 10:45:10.854 | 08:31   59ms  870M  434G 181/182U [Expand] Expanding to (36.5, 64.5)
2023-09-19 10:45:11.045 | 08:31   49ms  535M  446G 181/182U [ActUnit] ZERGLING from LARVA at (117.3, 121.2)
2023-09-19 10:45:11.053 | 08:31   49ms  535M  446G 181/182U [Expand] Expanding to (36.5, 64.5)
2023-09-19 10:45:11.263 | 08:32   57ms  815M  446G 181/182U [ActUnit] DRONE from LARVA at (163.8, 71.9)
2023-09-19 10:45:11.270 | 08:32   57ms  815M  446G 181/182U [Expand] Expanding to (36.5, 64.5)
2023-09-19 10:45:11.465 | 08:32   48ms  565M  450G 182/182U [Expand] Expanding to (36.5, 64.5)
2023-09-19 10:45:11.653 | 08:32   58ms  540M  454G 181/182U [ActUnit] DRONE from LARVA at (162.4, 97.0)
2023-09-19 10:45:11.661 | 08:32   58ms  540M  454G 181/182U [Expand] Expanding to (36.5, 64.5)
2023-09-19 10:45:12.058 | 08:33   60ms  300M  462G 182/182U [Expand] Expanding to (36.5, 64.5)
2023-09-19 10:45:12.236 | 08:34   48ms   40M  466G 182/182U [GameAnalyzer] Known army advantage is now SlightDisadvantage
2023-09-19 10:45:12.237 | 08:34   48ms   40M  466G 182/182U [GameAnalyzer] Predicted army advantage is now SlightDisadvantage
2023-09-19 10:45:12.626 | 08:35   48ms  370M  470G 181/182U [ActUnit] DRONE from LARVA at (164.0, 96.8)
2023-09-19 10:45:12.634 | 08:35   48ms  370M  470G 181/182U [Expand] Expanding to (36.5, 64.5)
2023-09-19 10:45:12.823 | 08:35   62ms   35M  478G 181/182U [ActUnit] DRONE from LARVA at (118.1, 121.6)
2023-09-19 10:45:14.013 | 08:38   55ms  515M  502G 182/182U [Expand] Expanding to (36.5, 64.5)
2023-09-19 10:45:14.574 | 08:39   49ms  325M  514G 182/182U [Expand] Expanding to (36.5, 64.5)
2023-09-19 10:45:15.504 | 08:41   62ms  120M  538G 181/182U [ActUnit] DRONE from LARVA at (119.4, 36.5)
2023-09-19 10:45:15.698 | 08:42   48ms  145M  538G 182/190U [GameAnalyzer] Known army advantage is now Even
2023-09-19 10:45:15.699 | 08:42   48ms  145M  538G 182/190U [GameAnalyzer] Predicted army advantage is now Even
2023-09-19 10:45:15.701 | 08:42   48ms   95M  538G 182/190U [ActUnit] ZERGLING from LARVA at (81.9, 36.4)
2023-09-19 10:45:15.898 | 08:42   61ms   70M  542G 183/198U [ActUnit] ZERGLING from LARVA at (118.3, 121.1)
2023-09-19 10:45:16.088 | 08:43   47ms   45M  550G 183/198U [ActUnit] DRONE from LARVA at (80.2, 121.2)
2023-09-19 10:45:16.271 | 08:43   58ms   20M  558G 184/198U [ActUnit] ZERGLING from LARVA at (53.9, 36.9)
2023-09-19 10:45:16.279 | 08:43   58ms   20M  558G 184/198U [Inject] injecting hatch (80.5, 124.5)
2023-09-19 10:45:16.443 | 08:44   45ms   10M  562G 185/198U [ActUnit] ZERGLING from LARVA at (161.9, 39.5)
2023-09-19 10:45:16.632 | 08:44   50ms   10M  566G 186/198U [ActUnit] ZERGLING from LARVA at (54.0, 36.8)
2023-09-19 10:45:17.184 | 08:45   43ms   10M  574G 187/198U [ActUnit] ZERGLING from LARVA at (145.6, 121.3)
2023-09-19 10:45:17.380 | 08:46   49ms  300M  582G 188/198U [ActUnit] ZERGLING from LARVA at (79.7, 121.9)
2023-09-19 10:45:17.388 | 08:46   49ms  300M  582G 188/198U [Expand] Expanding to (36.5, 89.5)
2023-09-19 10:45:17.562 | 08:46   46ms    0M  582G 189/198U [ActUnit] ZERGLING from LARVA at (83.3, 36.7)
2023-09-19 10:45:17.938 | 08:47   41ms    0M  594G 189/198U [ActUnit] DRONE from LARVA at (119.3, 36.7)
2023-09-19 10:45:18.348 | 08:48   43ms   10M  602G 190/198U [ActUnit] ZERGLING from LARVA at (81.8, 121.4)
2023-09-19 10:45:18.614 | 08:49   48ms  305M  610G 191/198U [ActUnit] ZERGLING from LARVA at (78.8, 122.0)
2023-09-19 10:45:18.622 | 08:49   48ms  305M  610G 191/198U [Expand] Expanding to (36.5, 89.5)
2023-09-19 10:45:18.628 | 08:49   48ms    5M  610G 191/198U [PlanZoneAttack] Supply is 191 -> attack!
2023-09-19 10:45:18.630 | 08:49   48ms    5M  610G 191/198U [PlanZoneAttack] Attack started at 72.00 power.
2023-09-19 10:45:18.818 | 08:49  102ms   35M  614G 192/198U [Inject] injecting hatch (163.5, 99.5)
2023-09-19 10:45:19.058 | 08:49   76ms   20M  614G 192/198U [ActUnit] ZERGLING from LARVA at (81.4, 37.1)
2023-09-19 10:45:19.552 | 08:50   81ms    0M  626G 192/198U [ActUnit] DRONE from LARVA at (163.1, 96.1)
2023-09-19 10:45:20.231 | 08:51   82ms   25M  634G 193/198U [ActUnit] ZERGLING from LARVA at (161.1, 39.9)
2023-09-19 10:45:20.467 | 08:52   73ms  270M  638G 194/198U [ActUnit] OVERLORD from LARVA at (163.1, 96.2)
2023-09-19 10:45:20.469 | 08:52   73ms  220M  638G 194/198U [ActUnit] ZERGLING from LARVA at (54.3, 36.1)
2023-09-19 10:45:20.720 | 08:52   77ms  135M  642G 195/198U [ActUnit] OVERLORD from LARVA at (79.0, 121.9)
2023-09-19 10:45:20.722 | 08:52   77ms   85M  642G 195/198U [ActUnit] ZERGLING from LARVA at (145.7, 121.3)
2023-09-19 10:45:20.978 | 08:53   80ms  315M  646G 195/198U [ActUnit] OVERLORD from LARVA at (163.3, 71.6)
2023-09-19 10:45:20.981 | 08:53   80ms  265M  646G 195/198U [ActUnit] DRONE from LARVA at (116.6, 121.6)
2023-09-19 10:45:21.254 | 08:53   86ms  250M  650G 196/198U [ActUnit] ZERGLING from LARVA at (161.4, 39.9)
2023-09-19 10:45:21.511 | 08:53   79ms  255M  658G 196/198U [ActUnit] DRONE from LARVA at (82.5, 36.8)
2023-09-19 10:45:21.774 | 08:54   89ms  225M  662G 197/198U [ActUnit] ZERGLING from LARVA at (83.7, 37.1)
2023-09-19 10:45:22.337 | 08:55   96ms  270M  674G 198/198U [Inject] injecting hatch (54.5, 39.5)
2023-09-19 10:45:22.603 | 08:55   87ms  305M  678G 197/198U [GameAnalyzer] Known army advantage is now SlightDisadvantage
2023-09-19 10:45:22.605 | 08:55   87ms  305M  678G 197/198U [GameAnalyzer] Predicted army advantage is now SlightDisadvantage
2023-09-19 10:45:22.611 | 08:55   87ms  255M  678G 197/198U [ActUnit] ZERGLING from LARVA at (117.2, 121.2)
2023-09-19 10:45:22.915 | 08:56   94ms  245M  682G 197/198U [ActUnit] ZERGLING from LARVA at (117.2, 121.5)
2023-09-19 10:45:23.224 | 08:56   91ms  260M  690G 198/198U [Inject] injecting hatch (117.5, 124.5)
2023-09-19 10:45:23.511 | 08:57   96ms  260M  690G 196/198U [ActUnit] ZERGLING from LARVA at (163.9, 96.9)
2023-09-19 10:45:23.790 | 08:57   86ms  220M  694G 197/198U [ActUnit] ZERGLING from LARVA at (162.2, 39.7)
2023-09-19 10:45:24.086 | 08:57   96ms  225M  698G 195/198U [ActUnit] ZERGLING from LARVA at (145.6, 121.5)
2023-09-19 10:45:24.352 | 08:58   84ms  195M  706G 193/198U [ActUnit] ZERGLING from LARVA at (160.1, 39.9)
2023-09-19 10:45:24.622 | 08:58   86ms  235M  706G 192/198U [GameAnalyzer] Known army advantage is now SmallDisadvantage
2023-09-19 10:45:24.623 | 08:58   86ms  235M  706G 192/198U [GameAnalyzer] Predicted army advantage is now SmallDisadvantage
2023-09-19 10:45:24.625 | 08:58   86ms  185M  706G 192/198U [ActUnit] ZERGLING from LARVA at (163.8, 71.5)
2023-09-19 10:45:24.635 | 08:58   86ms  185M  706G 192/198U [Inject] injecting hatch (161.5, 42.5)
2023-09-19 10:45:24.874 | 08:59   77ms  475M  714G 193/198U [ActUnit] ZERGLING from LARVA at (160.1, 39.9)
2023-09-19 10:45:25.155 | 08:59   77ms  440M  722G 193/198U [ActUnit] DRONE from LARVA at (160.3, 39.8)
2023-09-19 10:45:25.418 | 09:00   79ms  415M  722G 194/198U [ActUnit] ZERGLING from LARVA at (119.6, 36.9)
2023-09-19 10:45:25.680 | 09:00   83ms  400M  726G 194/198U [ActUnit] ZERGLING from LARVA at (80.2, 121.4)
2023-09-19 10:45:25.937 | 09:01   78ms  440M  738G 195/198U [GameAnalyzer] Known army advantage is now SlightDisadvantage
2023-09-19 10:45:25.938 | 09:01   78ms  440M  738G 195/198U [GameAnalyzer] Predicted army advantage is now SlightDisadvantage
2023-09-19 10:45:25.944 | 09:01   78ms  390M  738G 195/198U [ActUnit] ZERGLING from LARVA at (54.5, 36.7)
2023-09-19 10:45:26.788 | 09:02   94ms  725M  750G 195/198U [ActUnit] ZERGLING from LARVA at (164.4, 71.8)
2023-09-19 10:45:27.052 | 09:02   82ms  715M  754G 195/198U [ActUnit] ZERGLING from LARVA at (164.5, 71.5)
2023-09-19 10:45:27.405 | 09:03   86ms  705M  758G 196/198U [ActUnit] ZERGLING from LARVA at (164.5, 71.2)
2023-09-19 10:45:27.686 | 09:03  139ms  730M  762G 197/198U [Tech] Started ZERGMELEEWEAPONSLEVEL2
2023-09-19 10:45:27.944 | 09:04   85ms  550M  620G 197/198U [ActUnit] ZERGLING from LARVA at (82.4, 36.9)
2023-09-19 10:45:27.954 | 09:04   85ms  550M  620G 197/198U [Tech] Started ZERGGROUNDARMORSLEVEL2
2023-09-19 10:45:28.216 | 09:04   85ms  310M  395G 197/198U [ActUnit] ZERGLING from LARVA at (117.5, 121.4)
2023-09-19 10:45:28.226 | 09:04   85ms  310M  395G 197/198U [ActBuilding] 1. INFESTATIONPIT near (131.8, 57.5)
2023-09-19 10:45:28.545 | 09:05  130ms  200M  299G 197/198U [ActUnit] DRONE from LARVA at (163.5, 71.2)
2023-09-19 10:45:28.822 | 09:05   86ms  180M  311G 197/198U [ActUnit] DRONE from LARVA at (145.2, 121.3)
2023-09-19 10:45:29.416 | 09:06   86ms  205M  315G 196/198U [ActUnit] DRONE from LARVA at (163.4, 96.6)
2023-09-19 10:45:29.694 | 09:06   89ms  165M  323G 197/198U [ActUnit] ZERGLING from LARVA at (80.2, 121.7)
2023-09-19 10:45:29.967 | 09:07   86ms  150M  327G 197/198U [ActUnit] ZERGLING from LARVA at (144.7, 121.8)
2023-09-19 10:45:30.270 | 09:07   94ms  135M  331G 197/198U [ActUnit] DRONE from LARVA at (119.3, 36.9)
2023-09-19 10:45:30.546 | 09:08   89ms  120M  335G 197/198U [ActUnit] ZERGLING from LARVA at (145.7, 121.6)
2023-09-19 10:45:31.437 | 09:09   91ms  140M  351G 197/198U [ActUnit] DRONE from LARVA at (145.8, 121.7)
2023-09-19 10:45:32.005 | 09:10   98ms  185M  359G 198/200U [ActUnit] ZERGLING from LARVA at (161.2, 39.9)
2023-09-19 10:45:32.274 | 09:10   75ms  165M  363G 199/200U [ActUnit] ZERGLING from LARVA at (119.5, 36.8)
2023-09-19 10:45:33.132 | 09:12   95ms  205M  379G 199/200U [ActUnit] ZERGLING from LARVA at (54.7, 36.9)
2023-09-19 10:45:33.414 | 09:12   78ms  250M  383G 200/200U [Inject] injecting hatch (80.5, 124.5)
2023-09-19 10:45:33.975 | 09:13   74ms  300M  395G 200/200U [Expand] Expanding to (65.5, 72.5)
2023-09-19 10:45:35.932 | 09:16   86ms  240M  427G 200/200U [GameAnalyzer] Known army advantage is now Even
2023-09-19 10:45:36.219 | 09:17   89ms  280M  431G 200/200U [GameAnalyzer] Known army advantage is now SlightDisadvantage
2023-09-19 10:45:36.714 | 09:17   89ms  245M  439G 199/200U [ActUnit] DRONE from LARVA at (80.6, 121.1)
2023-09-19 10:45:37.008 | 09:18   90ms  225M  443G 199/200U [ActUnit] ZERGLING from LARVA at (163.5, 71.5)
2023-09-19 10:45:37.372 | 09:18  153ms  265M  447G 200/200U [GameAnalyzer] Known army advantage is now Even
2023-09-19 10:45:37.975 | 09:19   90ms  325M  455G 200/200U [Expand] Expanding to (36.5, 89.5)
2023-09-19 10:45:39.224 | 09:21   99ms  145M  475G 199/200U [ActUnit] DRONE from LARVA at (80.2, 121.5)
2023-09-19 10:45:39.233 | 09:21   99ms  145M  475G 199/200U [Inject] injecting hatch (163.5, 74.5)
2023-09-19 10:45:41.201 | 09:22   97ms  200M  495G 199/200U [ActUnit] ZERGLING from LARVA at (117.5, 121.1)
2023-09-19 10:45:42.107 | 09:24   86ms  315M  511G 200/200U [Expand] Expanding to (36.5, 89.5)
2023-09-19 10:45:42.731 | 09:25   91ms   45M  519G 199/200U [ActUnit] ZERGLING from LARVA at (119.4, 36.9)
2023-09-19 10:45:44.053 | 09:26   98ms  130M  539G 199/200U [ActUnit] ZERGLING from LARVA at (81.9, 36.9)
2023-09-19 10:45:44.064 | 09:26   98ms  130M  539G 199/200U [Inject] injecting hatch (82.5, 39.5)
2023-09-19 10:45:44.402 | 09:27  109ms  110M  543G 199/200U [ActUnit] ZERGLING from LARVA at (163.3, 96.7)
2023-09-19 10:45:45.078 | 09:28  110ms  110M  555G 199/200U [ActUnit] ZERGLING from LARVA at (82.5, 36.9)
2023-09-19 10:45:45.088 | 09:28  110ms  110M  555G 199/200U [Inject] injecting hatch (145.5, 124.5)
2023-09-19 10:45:46.722 | 09:30   96ms  305M  583G 200/200U [Expand] Expanding to (36.5, 89.5)
2023-09-19 10:45:46.724 | 09:30   96ms    5M  583G 200/200U [Inject] injecting hatch (119.5, 39.5)
2023-09-19 10:45:47.432 | 09:31  108ms   40M  587G 198/200U [ActUnit] DRONE from LARVA at (161.5, 39.4)
2023-09-19 10:45:47.783 | 09:31  180ms   10M  591G 199/200U [ActUnit] ZERGLING from LARVA at (144.8, 121.4)
2023-09-19 10:45:48.473 | 09:32  131ms   25M  603G 199/200U [ActUnit] ZERGLING from LARVA at (161.5, 39.4)
2023-09-19 10:45:49.548 | 09:34  123ms   50M  615G 199/200U [ActUnit] ZERGLING from LARVA at (163.6, 96.1)
2023-09-19 10:45:50.620 | 09:35  140ms  145M  631G 198/200U [ActUnit] DRONE from LARVA at (80.9, 121.9)
2023-09-19 10:45:50.974 | 09:35  132ms  125M  635G 199/200U [ActUnit] ZERGLING from LARVA at (119.5, 36.1)
2023-09-19 10:45:50.983 | 09:35  132ms  125M  635G 199/200U [Inject] injecting hatch (62.5, 99.5)
2023-09-19 10:45:52.720 | 09:38  132ms  305M  663G 199/200U [GameAnalyzer] Known army advantage is now SlightDisadvantage
2023-09-19 10:45:52.722 | 09:38  132ms  255M  663G 199/200U [ActUnit] ZERGLING from LARVA at (117.8, 121.9)
2023-09-19 10:45:54.690 | 09:40  127ms  735M  683G 200/200U [GameAnalyzer] Known army advantage is now Even
2023-09-19 10:45:55.073 | 09:40  134ms  750M  695G 199/200U [GameAnalyzer] Known army advantage is now SlightDisadvantage
2023-09-19 10:45:55.075 | 09:40  134ms  700M  695G 199/200U [ActUnit] ZERGLING from LARVA at (118.5, 121.2)
2023-09-19 10:45:56.506 | 09:42  144ms  810M  711G 199/200U [ActUnit] ZERGLING from LARVA at (79.8, 121.7)
2023-09-19 10:45:57.604 | 09:43  125ms  710M  577G 200/200U [GameAnalyzer] Known army advantage is now Even
2023-09-19 10:45:58.688 | 09:45  142ms  760M  593G 199/200U [ActUnit] ZERGLING from LARVA at (118.3, 121.8)
2023-09-19 10:46:04.483 | 09:52  122ms 1625M  673G 199/200U [ActUnit] ZERGLING from LARVA at (120.4, 36.6)
2023-09-19 10:46:04.493 | 09:52  122ms 1625M  673G 199/200U [Inject] injecting hatch (161.5, 42.5)
2023-09-19 10:46:08.300 | 09:57  120ms 1990M  725G 199/200U [ActUnit] ZERGLING from LARVA at (54.4, 35.9)
2023-09-19 10:46:08.978 | 09:58  115ms 2050M  737G 200/200U [Inject] injecting hatch (54.5, 39.5)
2023-09-19 10:46:09.297 | 09:59  117ms 2095M  737G 200/200U [Inject] injecting hatch (36.5, 64.5)
2023-09-19 10:46:09.946 | 10:00  114ms 2205M  753G 200/200U [Inject] injecting hatch (134.5, 91.5)
2023-09-19 10:46:13.937 | 10:05  102ms 2650M  805G 200/200U [GameAnalyzer] Predicted army advantage is now Even
2023-09-19 10:46:14.947 | 10:06  168ms 2755M  821G 199/200U [GameAnalyzer] Predicted army advantage is now SlightDisadvantage
2023-09-19 10:46:14.950 | 10:06  168ms 2705M  821G 199/200U [ActUnit] ZERGLING from LARVA at (53.3, 37.1)
2023-09-19 10:46:15.603 | 10:07  115ms 2765M  833G 200/200U [Inject] injecting hatch (137.5, 64.5)
2023-09-19 10:46:16.250 | 10:08   99ms 2785M  841G 198/200U [ActUnit] ZERGLING from LARVA at (161.5, 39.2)
2023-09-19 10:46:16.560 | 10:08   92ms 2790M  849G 199/200U [ActUnit] ZERGLING from LARVA at (62.7, 96.9)
2023-09-19 10:46:17.808 | 10:10   89ms 2955M  865G 200/200U [GameAnalyzer] Predicted army advantage is now Even
2023-09-19 10:46:22.882 | INFO     | sc2.protocol:_execute:72 - Client status changed to Status.ended (was Status.in_game)
2023-09-19 10:46:22.892 | Result: Victory
2023-09-19 10:46:22.893 | Duration: 10:17
2023-09-19 10:46:22.894 | Step time min: 7
2023-09-19 10:46:22.895 | Step time avg: 43
2023-09-19 10:46:22.895 | Step time max: 194
2023-09-19 10:46:22.896 | [LostUnitsContents] My lost units minerals and gas: (7200, 0)
2023-09-19 10:46:22.897 | [LostUnitsContents] My lost units minerals by score: 7250.0
2023-09-19 10:46:22.898 | [LostUnitsContents] Enemy lost units minerals and gas: (9700, 900)
2023-09-19 10:46:22.898 | [LostUnitsContents] Enemy lost units minerals by score: 9625.0
2023-09-19 10:46:22.899 | [GameAnalyzerEnd] Own units:
2023-09-19 10:46:22.900 | [GameAnalyzerEnd] ZERGLING          total: 254 alive: 174 dead:  80 
2023-09-19 10:46:22.900 | [GameAnalyzerEnd] DRONE             total: 154 alive:  97 dead:  57 
2023-09-19 10:46:22.901 | [GameAnalyzerEnd] LARVA             total:  48 alive:  48 dead:   0 
2023-09-19 10:46:22.901 | [GameAnalyzerEnd] OVERLORD          total:  22 alive:  21 dead:   1 
2023-09-19 10:46:22.902 | [GameAnalyzerEnd] HATCHERY          total:  20 alive:  14 dead:   6 
2023-09-19 10:46:22.903 | [GameAnalyzerEnd] EXTRACTOR         total:   6 alive:   4 dead:   2 
2023-09-19 10:46:22.903 | [GameAnalyzerEnd] QUEEN             total:   5 alive:   5 dead:   0 
2023-09-19 10:46:22.904 | [GameAnalyzerEnd] EGG               total:   3 alive:   3 dead:   0 
2023-09-19 10:46:22.904 | [GameAnalyzerEnd] EVOLUTIONCHAMBER  total:   2 alive:   2 dead:   0 
2023-09-19 10:46:22.905 | [GameAnalyzerEnd] INFESTATIONPIT    total:   1 alive:   1 dead:   0 
2023-09-19 10:46:22.905 | [GameAnalyzerEnd] LAIR              total:   1 alive:   1 dead:   0 
2023-09-19 10:46:22.906 | [GameAnalyzerEnd] SPAWNINGPOOL      total:   1 alive:   1 dead:   0 
2023-09-19 10:46:22.907 | [GameAnalyzerEnd] Enemy units:
2023-09-19 10:46:22.907 | [GameAnalyzerEnd] MARINE            total: 121 alive:  76 dead:  45 
2023-09-19 10:46:22.908 | [GameAnalyzerEnd] SCV               total:  45 alive:   0 dead:  45 
2023-09-19 10:46:22.909 | [GameAnalyzerEnd] SUPPLYDEPOT       total:  21 alive:   0 dead:  21 
2023-09-19 10:46:22.909 | [GameAnalyzerEnd] BARRACKS          total:  10 alive:   1 dead:   9 
2023-09-19 10:46:22.910 | [GameAnalyzerEnd] MARAUDER          total:   7 alive:   7 dead:   0 
2023-09-19 10:46:22.911 | [GameAnalyzerEnd] MEDIVAC           total:   7 alive:   7 dead:   0 
2023-09-19 10:46:22.911 | [GameAnalyzerEnd] TECHLAB           total:   7 alive:   0 dead:   7 
2023-09-19 10:46:22.912 | [GameAnalyzerEnd] ORBITALCOMMAND    total:   2 alive:   0 dead:   2 
2023-09-19 10:46:22.913 | [GameAnalyzerEnd] REFINERY          total:   2 alive:   0 dead:   2 
2023-09-19 10:46:22.913 | [GameAnalyzerEnd] ENGINEERINGBAY    total:   1 alive:   0 dead:   1 
2023-09-19 10:46:22.914 | [GameAnalyzerEnd] STARPORT          total:   1 alive:   0 dead:   1 
2023-09-19 10:46:22.915 | [GameAnalyzerEnd] FACTORY           total:   1 alive:   0 dead:   1 
2023-09-19 10:46:22.915 | [GameAnalyzerEnd] Minerals max 3520 Average 478
2023-09-19 10:46:22.916 | [GameAnalyzerEnd] Vespene max 937 Average 145
2023-09-19 10:46:22.916 | INFO     | sc2.main:_play_game:228 - Result for player 2 - Bot LadderBot(Zerg): Victory
