2023-09-19 08:23:20.037 | INFO     | sc2.protocol:_execute:72 - Client status changed to Status.in_game (was None)
2023-09-19 08:23:20.038 | INFO     | sc2.main:_play_game:221 - Player 2 - Bot LadderBot(Zerg)
2023-09-19 08:23:20.276 | 00:00    0ms    0M    0G  12/ 14U [Version] 4.10.0.75689
2023-09-19 08:23:20.277 | 00:00    0ms    0M    0G  12/ 14U [Version] 5.0.6 Balance mod recognized.
2023-09-19 08:23:20.348 | 00:00    0ms    0M    0G  12/ 14U [ZoneManager] Map set to: MapName.Unknown from name: Ancient CisternAIE and hash: 3831388.
2023-09-19 08:23:20.868 | [DataManager] No BuildDetector found, enemy build data cannot be saved
2023-09-19 08:23:20.896 | [Start] My race: Zerg
2023-09-19 08:23:20.897 | [Start] Opponent race: Terran
2023-09-19 08:23:20.897 | [Start] OpponentId: 1
2023-09-19 08:23:20.960 | 00:00    0ms    0M    0G  12/ 14U [ActUnit] DRONE from LARVA at (30.6, 23.8)
2023-09-19 08:23:22.117 | 00:07    8ms    5M    0G  13/ 14U [ActUnit] DRONE from LARVA at (31.2, 23.9)
2023-09-19 08:23:22.982 | 00:16    8ms    5M    0G  14/ 14U [ActUnit] OVERLORD from LARVA at (30.3, 24.1)
2023-09-19 08:23:24.782 | 00:34    7ms  200M    0G  14/ 22U [ActUnit] DRONE from LARVA at (31.0, 23.5)
2023-09-19 08:23:24.828 | 00:35   10ms  155M    0G  15/ 22U [ActUnit] DRONE from LARVA at (31.1, 23.6)
2023-09-19 08:23:24.922 | 00:35   55ms  105M    0G  16/ 22U [ActUnit] DRONE from LARVA at (31.1, 23.6)
2023-09-19 08:23:25.951 | 00:45    9ms  200M    0G  17/ 22U [ActUnit] DRONE from LARVA at (31.7, 23.5)
2023-09-19 08:23:26.746 | 00:53    7ms  300M    0G  18/ 22U [Expand] Expanding to (28.5, 50.5)
2023-09-19 08:23:27.073 | 00:56    9ms    5M    0G  18/ 22U [ActUnit] DRONE from LARVA at (31.4, 23.5)
2023-09-19 08:23:27.886 | 01:01   60ms   70M    0G  18/ 22U [GameAnalyzer] Income advantage is now SmallAdvantage
2023-09-19 08:23:29.039 | 01:07   19ms   60M    0G  18/ 22U [ActUnit] OVERLORD from LARVA at (31.4, 23.7)
2023-09-19 08:23:31.216 | 01:18   17ms  175M    0G  18/ 22U [ActUnit] DRONE from LARVA at (31.4, 23.9)
2023-09-19 08:23:32.680 | 01:24   59ms  300M    0G  19/ 22U [Expand] Expanding to (28.5, 79.5)
2023-09-19 08:23:33.309 | 01:28   10ms    5M    0G  19/ 30U [ActUnit] DRONE from LARVA at (31.5, 23.8)
2023-09-19 08:23:34.663 | 01:39    9ms  130M    0G  20/ 30U [ActUnit] DRONE from LARVA at (31.4, 23.4)
2023-09-19 08:23:34.728 | 01:40   11ms  130M    0G  20/ 30U [GameAnalyzer] Income advantage is now ClearAdvantage
2023-09-19 08:23:36.062 | 01:50   11ms  245M    0G  20/ 30U [ActUnit] DRONE from LARVA at (31.4, 23.4)
2023-09-19 08:23:36.514 | 01:53    9ms  300M    0G  21/ 30U [Expand] Expanding to (61.5, 45.5)
2023-09-19 08:23:37.659 | 02:00   12ms   70M    0G  21/ 30U [ActUnit] DRONE from LARVA at (31.7, 23.8)
2023-09-19 08:23:39.263 | 02:11   13ms  185M    0G  21/ 30U [ActUnit] DRONE from LARVA at (31.3, 23.8)
2023-09-19 08:23:39.396 | 02:12   11ms  160M    0G  22/ 36U [ActUnit] DRONE from LARVA at (28.5, 47.7)
2023-09-19 08:23:40.816 | 02:21    9ms  300M    0G  23/ 36U [Expand] Expanding to (28.5, 110.5)
2023-09-19 08:23:41.174 | 02:24   12ms    0M    0G  23/ 36U [ActUnit] DRONE from LARVA at (31.2, 23.2)
2023-09-19 08:23:41.645 | 02:27   10ms    0M    0G  24/ 36U [ActUnit] DRONE from LARVA at (29.1, 47.2)
2023-09-19 08:23:42.609 | 02:33   11ms   70M    0G  25/ 36U [ActUnit] DRONE from LARVA at (31.4, 23.9)
2023-09-19 08:23:42.749 | 02:34   10ms   30M    0G  26/ 36U [ActUnit] DRONE from LARVA at (28.5, 47.7)
2023-09-19 08:23:43.732 | 02:40   12ms  170M    0G  27/ 36U [GameAnalyzer] Income advantage is now OverwhelmingAdvantage
2023-09-19 08:23:44.998 | 02:43   13ms  180M    0G  26/ 36U [ActUnit] DRONE from LARVA at (31.7, 23.5)
2023-09-19 08:23:45.144 | 02:44   11ms  170M    0G  27/ 36U [ActUnit] DRONE from LARVA at (28.6, 47.7)
2023-09-19 08:23:46.241 | 02:51   10ms  265M    0G  28/ 42U [ActUnit] DRONE from LARVA at (28.4, 76.6)
2023-09-19 08:23:46.530 | 02:53   10ms  300M    0G  29/ 42U [Expand] Expanding to (85.5, 49.5)
2023-09-19 08:23:46.966 | 02:55   12ms    5M    0G  29/ 42U [ActUnit] DRONE from LARVA at (28.6, 47.9)
2023-09-19 08:23:47.262 | 02:57   10ms    5M    0G  30/ 42U [ActUnit] DRONE from LARVA at (31.4, 23.9)
2023-09-19 08:23:47.996 | 03:02   11ms   55M    0G  31/ 42U [ActUnit] DRONE from LARVA at (28.6, 76.7)
2023-09-19 08:23:48.534 | 03:05   14ms   70M    0G  32/ 42U [ActUnit] DRONE from LARVA at (31.4, 23.4)
2023-09-19 08:23:48.682 | 03:06   14ms   50M    0G  33/ 42U [ActUnit] DRONE from LARVA at (28.6, 47.6)
2023-09-19 08:23:49.777 | 03:12   11ms  165M    0G  33/ 42U [ActUnit] DRONE from LARVA at (28.5, 76.8)
2023-09-19 08:23:50.548 | 03:15   76ms  190M    0G  34/ 42U [ActUnit] DRONE from LARVA at (31.7, 23.7)
2023-09-19 08:23:50.789 | 03:16   73ms  165M    0G  35/ 42U [ActUnit] DRONE from LARVA at (28.6, 47.6)
2023-09-19 08:23:51.853 | 03:20   64ms  225M    0G  36/ 48U [ActUnit] DRONE from LARVA at (61.5, 42.6)
2023-09-19 08:23:52.626 | 03:23   62ms  245M    0G  37/ 48U [ActUnit] DRONE from LARVA at (28.5, 76.8)
2023-09-19 08:23:53.156 | 03:25   64ms  305M    0G  38/ 48U [Expand] Expanding to (87.5, 25.5)
2023-09-19 08:23:53.235 | 03:25   83ms  320M    0G  38/ 48U [Expand] Expanding to (87.5, 25.5)
2023-09-19 08:23:53.561 | 03:27   16ms    5M    0G  38/ 48U [ActUnit] DRONE from LARVA at (31.3, 23.9)
2023-09-19 08:23:54.128 | 03:29   92ms   20M    0G  39/ 48U [ActUnit] DRONE from LARVA at (28.2, 47.0)
2023-09-19 08:23:54.755 | 03:31   63ms   35M    0G  40/ 48U [ActUnit] DRONE from LARVA at (61.5, 42.6)
2023-09-19 08:23:55.509 | 03:34   62ms   60M    0G  41/ 48U [ActUnit] DRONE from LARVA at (28.6, 76.6)
2023-09-19 08:23:56.364 | 03:37   79ms  105M    0G  42/ 48U [ActUnit] DRONE from LARVA at (31.3, 23.6)
2023-09-19 08:23:56.614 | 03:38   77ms   90M    0G  43/ 48U [ActUnit] DRONE from LARVA at (28.5, 47.5)
2023-09-19 08:23:58.626 | 03:42   69ms  120M    0G  44/ 48U [ActUnit] OVERLORD from LARVA at (61.5, 42.6)
2023-09-19 08:23:59.445 | 03:45   65ms  150M    0G  44/ 48U [ActUnit] DRONE from LARVA at (28.4, 76.7)
2023-09-19 08:24:00.295 | 03:48   92ms  220M    0G  45/ 48U [ActUnit] DRONE from LARVA at (31.5, 23.8)
2023-09-19 08:24:00.534 | 03:49   80ms  185M    0G  46/ 48U [ActUnit] DRONE from LARVA at (28.4, 47.6)
2023-09-19 08:24:01.558 | 03:52   62ms  240M    0G  46/ 54U [ActUnit] DRONE from LARVA at (28.5, 107.7)
2023-09-19 08:24:01.842 | 03:53   66ms  240M    0G  47/ 54U [ActUnit] DRONE from LARVA at (61.5, 42.6)
2023-09-19 08:24:02.357 | 03:54   26ms  300M    0G  48/ 54U [Expand] Expanding to (30.5, 142.5)
2023-09-19 08:24:02.643 | 03:55   65ms   15M    0G  48/ 54U [GameAnalyzer] Known army advantage is now SlightDisadvantage
2023-09-19 08:24:02.651 | 03:55   65ms   15M    0G  48/ 54U [GameAnalyzer] Predicted army advantage is now SlightDisadvantage
2023-09-19 08:24:03.075 | 03:57   90ms   15M    0G  48/ 54U [ActUnit] DRONE from LARVA at (28.2, 76.7)
2023-09-19 08:24:03.598 | 03:58   78ms   35M    0G  49/ 54U [ActUnit] DRONE from LARVA at (31.7, 23.5)
2023-09-19 08:24:03.885 | 03:59   79ms   30M    0G  50/ 54U [ActUnit] DRONE from LARVA at (28.6, 47.7)
2023-09-19 08:24:04.367 | 04:01   67ms   65M    0G  51/ 62U [GameAnalyzer] Known army advantage is now SmallDisadvantage
2023-09-19 08:24:04.375 | 04:01   67ms   65M    0G  51/ 62U [GameAnalyzer] Predicted army advantage is now SmallDisadvantage
2023-09-19 08:24:04.914 | 04:02   67ms   95M    0G  51/ 62U [ActUnit] DRONE from LARVA at (28.5, 107.7)
2023-09-19 08:24:05.095 | 04:03   18ms   65M    0G  52/ 62U [ActUnit] DRONE from LARVA at (61.5, 42.6)
2023-09-19 08:24:05.755 | 04:06   18ms  165M    0G  53/ 62U [GameAnalyzer] Known army advantage is now ClearDisadvantage
2023-09-19 08:24:05.756 | 04:06   18ms  165M    0G  53/ 62U [GameAnalyzer] Predicted army advantage is now ClearDisadvantage
2023-09-19 08:24:05.757 | 04:06   18ms  115M    0G  53/ 62U [ActUnit] DRONE from LARVA at (28.6, 76.6)
2023-09-19 08:24:06.634 | 04:09   82ms  195M    0G  54/ 62U [ActUnit] DRONE from LARVA at (31.6, 23.4)
2023-09-19 08:24:06.888 | 04:10   81ms  175M    0G  55/ 62U [ActUnit] DRONE from LARVA at (28.5, 47.7)
2023-09-19 08:24:07.816 | 04:13   17ms  260M    0G  55/ 62U [ActUnit] DRONE from LARVA at (28.4, 107.7)
2023-09-19 08:24:07.821 | 04:13   17ms  260M    0G  55/ 62U [PlanCancelBuilding] Cancelled HATCHERY at (85.5, 49.5) with 102.126708984375 health
2023-09-19 08:24:07.939 | 04:14   24ms  505M    0G  57/ 62U [ActBuilding] 1. SPAWNINGPOOL near (38.5, 20.8)
2023-09-19 08:24:08.040 | 04:14   23ms  475M    0G  56/ 62U [ActUnit] DRONE from LARVA at (61.5, 42.6)
2023-09-19 08:24:08.044 | 04:14   23ms  475M    0G  56/ 62U [ActBuilding] 1. SPAWNINGPOOL near (29.2, 35.2)
2023-09-19 08:24:08.156 | 04:14   25ms  255M    0G  57/ 62U [BuildGas] Building EXTRACTOR to (26.5, 72.5)
2023-09-19 08:24:08.646 | 04:17   18ms  305M    0G  55/ 62U [ActUnit] DRONE from LARVA at (28.4, 76.7)
2023-09-19 08:24:08.652 | 04:17   18ms  280M    0G  55/ 62U [BuildGas] Building EXTRACTOR to (25.5, 117.5)
2023-09-19 08:24:09.355 | 04:20   19ms  350M    0G  55/ 62U [ActUnit] DRONE from LARVA at (31.3, 23.7)
2023-09-19 08:24:09.558 | 04:21   20ms  350M    0G  56/ 62U [ActUnit] DRONE from LARVA at (28.5, 47.7)
2023-09-19 08:24:10.318 | 04:24   20ms  405M    0G  57/ 62U [ActUnit] DRONE from LARVA at (28.5, 107.5)
2023-09-19 08:24:10.537 | 04:25   22ms  370M    0G  58/ 62U [ActUnit] OVERLORD from LARVA at (61.5, 42.6)
2023-09-19 08:24:11.150 | 04:27   21ms  385M    0G  58/ 62U [ActUnit] OVERLORD from LARVA at (28.5, 76.5)
2023-09-19 08:24:11.892 | 04:30   26ms  475M    0G  58/ 62U [ActUnit] DRONE from LARVA at (31.6, 23.9)
2023-09-19 08:24:12.104 | 04:31   26ms  475M    0G  59/ 62U [ActUnit] DRONE from LARVA at (28.5, 47.7)
2023-09-19 08:24:12.806 | 04:35   22ms  550M    0G  60/ 62U [ActUnit] DRONE from LARVA at (28.5, 107.7)
2023-09-19 08:24:13.058 | 04:35   27ms  550M    0G  61/ 62U [ActUnit] DRONE from LARVA at (61.5, 42.6)
2023-09-19 08:24:15.268 | 04:41   22ms  815M    0G  62/ 62U [Expand] Expanding to (85.5, 49.5)
2023-09-19 08:24:15.389 | 04:41   27ms  525M    0G  62/ 62U [Expand] Expanding to (85.5, 49.5)
2023-09-19 08:24:15.809 | 04:43   24ms  255M    0G  62/ 70U [ActUnit] DRONE from LARVA at (28.1, 76.5)
2023-09-19 08:24:15.907 | 04:43   23ms  220M    0G  63/ 70U [ActUnit] DRONE from LARVA at (31.1, 23.5)
2023-09-19 08:24:16.029 | 04:44   25ms  200M    0G  64/ 70U [ActUnit] DRONE from LARVA at (28.5, 47.7)
2023-09-19 08:24:16.354 | 04:45   21ms  500M    0G  64/ 70U [ActUnit] DRONE from LARVA at (28.6, 107.5)
2023-09-19 08:24:16.359 | 04:45   21ms  500M    0G  64/ 70U [Expand] Expanding to (85.5, 49.5)
2023-09-19 08:24:16.487 | 04:46   28ms  525M    0G  65/ 78U [Expand] Expanding to (85.5, 49.5)
2023-09-19 08:24:16.591 | 04:46   21ms  190M    0G  65/ 78U [ActUnit] DRONE from LARVA at (61.5, 42.6)
2023-09-19 08:24:16.973 | 04:47   23ms  555M    0G  65/ 78U [Expand] Expanding to (85.5, 49.5)
2023-09-19 08:24:17.322 | 04:49   19ms  260M    0G  65/ 78U [ActUnit] DRONE from LARVA at (28.4, 76.7)
2023-09-19 08:24:17.697 | 04:50   23ms  305M    0G  66/ 78U [Expand] Expanding to (85.5, 49.5)
2023-09-19 08:24:17.805 | 04:51   24ms  345M    0G  65/ 78U [Expand] Expanding to (129.5, 27.5)
2023-09-19 08:24:17.945 | 04:51   27ms  365M    0G  64/ 78U [Expand] Expanding to (129.5, 27.5)
2023-09-19 08:24:18.186 | 04:52   23ms   30M    0G  64/ 78U [ActUnit] DRONE from LARVA at (31.4, 23.6)
2023-09-19 08:24:18.438 | 04:53   24ms   20M    0G  65/ 78U [ActUnit] DRONE from LARVA at (28.6, 47.6)
2023-09-19 08:24:18.798 | 04:54   23ms  375M    0G  65/ 78U [Expand] Expanding to (129.5, 27.5)
2023-09-19 08:24:19.284 | 04:56   21ms  115M    0G  65/ 78U [ActUnit] DRONE from LARVA at (28.5, 107.7)
2023-09-19 08:24:19.517 | 04:57   22ms   90M    4G  66/ 78U [ActUnit] DRONE from LARVA at (61.5, 42.6)
2023-09-19 08:24:20.214 | 05:00   23ms  155M   12G  67/ 78U [ActUnit] DRONE from LARVA at (28.5, 76.8)
2023-09-19 08:24:20.467 | 05:00   22ms  195M   16G  68/ 78U [PlanCancelBuilding] Cancelled HATCHERY at (85.5, 49.5) with 61.553466796875 health
2023-09-19 08:24:20.834 | 05:02   23ms  425M   20G  68/ 84U [ActUnit] DRONE from LARVA at (87.5, 22.6)
2023-09-19 08:24:21.061 | 05:03   24ms  710M   24G  68/ 84U [ActUnit] DRONE from LARVA at (31.7, 23.5)
2023-09-19 08:24:21.067 | 05:03   24ms  560M   24G  68/ 84U [ActUnit] QUEEN from HATCHERY at (31.5, 26.5)
2023-09-19 08:24:21.169 | 05:03   25ms  420M   24G  71/ 84U [ActUnit] QUEEN from HATCHERY at (28.5, 79.5)
2023-09-19 08:24:21.298 | 05:04   23ms  410M   28G  73/ 84U [ActUnit] DRONE from LARVA at (28.5, 47.5)
2023-09-19 08:24:21.862 | 05:06   21ms  360M   36G  74/ 84U [ActUnit] QUEEN from HATCHERY at (87.5, 25.5)
2023-09-19 08:24:22.101 | 05:07   22ms  355M   40G  76/ 84U [ActUnit] DRONE from LARVA at (28.4, 107.5)
2023-09-19 08:24:22.343 | 05:08   22ms  340M   40G  77/ 84U [ActUnit] DRONE from LARVA at (61.5, 42.6)
2023-09-19 08:24:23.080 | 05:10   22ms  430M   56G  77/ 84U [ActUnit] DRONE from LARVA at (28.4, 76.7)
2023-09-19 08:24:23.604 | 05:12   22ms  360M   64G  78/ 84U [ActUnit] QUEEN from HATCHERY at (28.5, 110.5)
2023-09-19 08:24:23.746 | 05:12   25ms  290M   72G  80/ 84U [ActUnit] OVERLORD from LARVA at (87.5, 22.6)
2023-09-19 08:24:24.012 | 05:13   29ms  230M   72G  80/ 84U [ActUnit] OVERLORD from LARVA at (31.5, 23.9)
2023-09-19 08:24:24.270 | 05:14   25ms  235M   80G  80/ 84U [ActUnit] DRONE from LARVA at (28.5, 47.5)
2023-09-19 08:24:25.148 | 05:17   23ms  340M   96G  81/ 84U [ActUnit] DRONE from LARVA at (28.5, 107.5)
2023-09-19 08:24:25.454 | 05:18   27ms  340M  100G  82/ 84U [ActUnit] DRONE from LARVA at (61.5, 42.6)
2023-09-19 08:24:25.460 | 05:18   27ms  340M  100G  82/ 84U [Tech] Started ZERGLINGMOVEMENTSPEED
2023-09-19 08:24:26.481 | 05:21   24ms  330M   12G  83/ 84U [ActUnit] DRONE from LARVA at (28.6, 76.5)
2023-09-19 08:24:27.462 | 05:24   25ms  460M   32G  84/ 90U [ActUnit] DRONE from LARVA at (31.5, 23.8)
2023-09-19 08:24:27.590 | 05:25   25ms  430M   36G  85/ 90U [ActUnit] DRONE from LARVA at (30.7, 139.8)
2023-09-19 08:24:27.750 | 05:25   29ms  420M   36G  86/ 90U [ActUnit] DRONE from LARVA at (28.6, 47.7)
2023-09-19 08:24:27.882 | 05:25   26ms  390M   36G  87/ 90U [ActUnit] DRONE from LARVA at (87.1, 22.5)
2023-09-19 08:24:28.369 | 05:27   34ms  470M   44G  87/ 90U [Expand] Expanding to (85.5, 49.5)
2023-09-19 08:24:28.501 | 05:27   32ms  490M   48G  86/ 90U [Expand] Expanding to (85.5, 49.5)
2023-09-19 08:24:28.800 | 05:28   25ms  200M   52G  86/ 90U [ActUnit] DRONE from LARVA at (28.5, 107.5)
2023-09-19 08:24:29.109 | 05:29   27ms  200M   60G  87/ 90U [ActUnit] DRONE from LARVA at (61.5, 42.6)
2023-09-19 08:24:29.923 | 05:32   23ms  350M   76G  88/106U [GameAnalyzer] Known army advantage is now OverwhelmingDisadvantage
2023-09-19 08:24:29.924 | 05:32   23ms  350M   76G  88/106U [GameAnalyzer] Predicted army advantage is now OverwhelmingDisadvantage
2023-09-19 08:24:29.925 | 05:32   23ms  300M   76G  88/106U [ActUnit] DRONE from LARVA at (28.6, 76.7)
2023-09-19 08:24:30.356 | 05:33   25ms  550M   80G  88/106U [ActUnit] QUEEN from HATCHERY at (30.5, 142.5)
2023-09-19 08:24:30.619 | 05:34   25ms  525M   84G  90/106U [ActUnit] DRONE from LARVA at (87.5, 22.6)
2023-09-19 08:24:31.776 | 05:35   25ms  535M   92G  91/106U [ActUnit] DRONE from LARVA at (30.5, 139.6)
2023-09-19 08:24:31.903 | 05:35   28ms  505M   92G  92/106U [ActUnit] DRONE from LARVA at (31.3, 23.7)
2023-09-19 08:24:32.110 | 05:36   39ms  495M   92G  93/106U [ActUnit] DRONE from LARVA at (28.6, 47.6)
2023-09-19 08:24:32.802 | 05:38   24ms  635M  108G  94/106U [Expand] Expanding to (85.5, 49.5)
2023-09-19 08:24:32.957 | 05:38   28ms  665M  108G  94/106U [Expand] Expanding to (85.5, 49.5)
2023-09-19 08:24:33.080 | 05:39   27ms  320M  112G  94/106U [ActUnit] DRONE from LARVA at (28.5, 107.5)
2023-09-19 08:24:33.087 | 05:39   27ms  320M  112G  94/106U [Expand] Expanding to (85.5, 49.5)
2023-09-19 08:24:33.088 | 05:39   27ms   20M  112G  94/106U [Inject] injecting hatch (87.5, 25.5)
2023-09-19 08:24:33.232 | 05:39   31ms   40M  116G  95/106U [Inject] injecting hatch (28.5, 79.5)
2023-09-19 08:24:33.356 | 05:40   25ms   20M  116G  95/106U [ActUnit] DRONE from LARVA at (61.5, 42.6)
2023-09-19 08:24:34.281 | 05:42   29ms  435M  132G  95/106U [ActUnit] DRONE from LARVA at (28.6, 76.6)
2023-09-19 08:24:34.287 | 05:42   29ms  435M  132G  95/106U [Expand] Expanding to (85.5, 49.5)
2023-09-19 08:24:34.288 | 05:42   29ms  135M  132G  95/106U [ActBuilding] 1. EVOLUTIONCHAMBER near (120.5, 27.4)
2023-09-19 08:24:35.001 | 05:45   26ms  200M  144G  96/106U [ActUnit] DRONE from LARVA at (87.5, 22.6)
2023-09-19 08:24:35.139 | 05:45   28ms  540M  148G  96/106U [Expand] Expanding to (85.5, 49.5)
2023-09-19 08:24:35.141 | 05:45   28ms  240M  148G  96/106U [ActBuilding] 1. EVOLUTIONCHAMBER near (35.6, 73.9)
2023-09-19 08:24:35.316 | 05:45   40ms  145M  148G  96/106U [ActUnit] DRONE from LARVA at (31.3, 23.5)
2023-09-19 08:24:35.449 | 05:46   28ms  115M  148G  97/106U [ActUnit] DRONE from LARVA at (30.7, 139.8)
2023-09-19 08:24:35.644 | 05:46   32ms  100M  156G  97/106U [ActUnit] DRONE from LARVA at (28.4, 47.6)
2023-09-19 08:24:36.292 | 05:48   29ms  210M  164G  98/106U [GameAnalyzer] Known army advantage is now ClearDisadvantage
2023-09-19 08:24:36.294 | 05:48   29ms  210M  164G  98/106U [GameAnalyzer] Predicted army advantage is now ClearDisadvantage
2023-09-19 08:24:36.300 | 05:48   29ms  210M  164G  98/106U [Inject] injecting hatch (28.5, 110.5)
2023-09-19 08:24:36.754 | 05:50   27ms  240M  172G  96/106U [ActUnit] DRONE from LARVA at (28.6, 107.5)
2023-09-19 08:24:37.062 | 05:50   26ms  230M  172G  97/106U [ActUnit] DRONE from LARVA at (61.5, 42.6)
2023-09-19 08:24:37.478 | 05:52   28ms  320M  180G  98/106U [Expand] Expanding to (72.5, 144.5)
2023-09-19 08:24:37.858 | 05:53   24ms   55M  188G  98/106U [ActUnit] DRONE from LARVA at (28.5, 76.8)
2023-09-19 08:24:38.559 | 05:55   27ms  440M  204G  99/106U [ActUnit] DRONE from LARVA at (87.5, 22.6)
2023-09-19 08:24:38.565 | 05:55   27ms  440M  204G  99/106U [Expand] Expanding to (72.5, 144.5)
2023-09-19 08:24:38.566 | 05:55   27ms  140M  204G  99/106U [ActBuilding] 2. EVOLUTIONCHAMBER near (37.5, 49.9)
2023-09-19 08:24:38.843 | 05:56   27ms   65M  204G 100/106U [ActUnit] DRONE from LARVA at (30.5, 139.6)
2023-09-19 08:24:38.970 | 05:57   27ms   50M  208G 101/106U [ActUnit] DRONE from LARVA at (31.2, 23.3)
2023-09-19 08:24:39.133 | 05:57   34ms   35M  212G 102/106U [ActUnit] DRONE from LARVA at (28.6, 47.7)
2023-09-19 08:24:39.559 | 05:58   27ms  110M  220G 102/106U [GameAnalyzer] Known army advantage is now OverwhelmingDisadvantage
2023-09-19 08:24:39.560 | 05:58   27ms  110M  220G 102/106U [GameAnalyzer] Predicted army advantage is now OverwhelmingDisadvantage
2023-09-19 08:24:40.082 | 06:00   27ms  175M  228G 101/106U [ActUnit] DRONE from LARVA at (28.5, 107.5)
2023-09-19 08:24:40.354 | 06:01   27ms  125M  236G 102/106U [ActUnit] OVERLORD from LARVA at (61.5, 42.6)
2023-09-19 08:24:41.102 | 06:04   25ms  245M  248G 101/106U [ActUnit] DRONE from LARVA at (28.6, 76.5)
2023-09-19 08:24:41.760 | 06:06   30ms  305M  260G 102/106U [ActUnit] OVERLORD from LARVA at (87.5, 22.6)
2023-09-19 08:24:42.015 | 06:07   35ms  300M  264G 102/106U [ActUnit] DRONE from LARVA at (30.5, 139.6)
2023-09-19 08:24:42.131 | 06:07   28ms  285M  268G 103/106U [ActUnit] DRONE from LARVA at (31.2, 23.3)
2023-09-19 08:24:42.293 | 06:08   32ms  260M  268G 104/106U [ActUnit] DRONE from LARVA at (28.4, 47.6)
2023-09-19 08:24:42.675 | 06:09   28ms  645M  276G 105/106U [GameAnalyzer] Known army advantage is now ClearDisadvantage
2023-09-19 08:24:42.676 | 06:09   28ms  645M  276G 105/106U [GameAnalyzer] Predicted army advantage is now ClearDisadvantage
2023-09-19 08:24:42.687 | 06:09   28ms  645M  276G 105/106U [Inject] injecting hatch (30.5, 142.5)
2023-09-19 08:24:42.827 | 06:10   38ms  630M  276G 105/106U [ActUnit] DRONE from LARVA at (28.3, 76.8)
2023-09-19 08:24:43.242 | 06:11   30ms  715M  284G 106/106U [Inject] injecting hatch (28.5, 50.5)
2023-09-19 08:24:43.401 | 06:11   40ms  750M  288G 106/106U [Tech] Started ZERGMELEEWEAPONSLEVEL1
2023-09-19 08:24:45.283 | 06:17   35ms 1040M  220G 106/106U [Inject] injecting hatch (61.5, 45.5)
2023-09-19 08:24:45.646 | 06:18   35ms 1050M  224G 105/106U [ActUnit] DRONE from LARVA at (61.2, 42.5)
2023-09-19 08:24:46.235 | 06:19   37ms 1090M  232G 106/114U [ActUnit] DRONE from LARVA at (28.4, 76.4)
2023-09-19 08:24:46.376 | 06:20   32ms 1130M  232G 107/114U [GameAnalyzer] Known army advantage is now OverwhelmingDisadvantage
2023-09-19 08:24:46.377 | 06:20   32ms 1130M  232G 107/114U [GameAnalyzer] Predicted army advantage is now OverwhelmingDisadvantage
2023-09-19 08:24:46.378 | 06:20   32ms 1080M  232G 107/114U [ActUnit] DRONE from LARVA at (29.3, 76.8)
2023-09-19 08:24:46.385 | 06:20   32ms 1080M  232G 107/114U [Expand] Expanding to (85.5, 49.5)
2023-09-19 08:24:46.387 | 06:20   32ms  780M  232G 107/114U [Inject] injecting hatch (28.5, 110.5)
2023-09-19 08:24:46.515 | 06:20   38ms  760M  240G 108/114U [ActUnit] DRONE from LARVA at (28.3, 107.9)
2023-09-19 08:24:46.522 | 06:20   38ms  760M  240G 108/114U [Expand] Expanding to (85.5, 49.5)
2023-09-19 08:24:46.651 | 06:21   31ms  740M  240G 109/120U [ActUnit] DRONE from LARVA at (30.6, 139.5)
2023-09-19 08:24:46.661 | 06:21   31ms  740M  240G 109/120U [Expand] Expanding to (85.5, 49.5)
2023-09-19 08:24:46.662 | 06:21   31ms  440M  240G 109/120U [Inject] injecting hatch (129.5, 27.5)
2023-09-19 08:24:46.797 | 06:21   39ms  435M  240G 110/120U [ActUnit] ZERGLING from LARVA at (31.1, 23.7)
2023-09-19 08:24:46.804 | 06:21   39ms  435M  240G 110/120U [Expand] Expanding to (85.5, 49.5)
2023-09-19 08:24:46.938 | 06:22   32ms  120M  244G 111/120U [ActUnit] ZERGLING from LARVA at (87.9, 22.9)
2023-09-19 08:24:47.098 | 06:22   34ms   90M  248G 112/120U [ActUnit] ZERGLING from LARVA at (29.1, 76.9)
2023-09-19 08:24:47.238 | 06:23   30ms   70M  248G 113/120U [ActUnit] ZERGLING from LARVA at (61.5, 42.6)
2023-09-19 08:24:47.402 | 06:23   33ms   50M  252G 114/120U [ActUnit] ZERGLING from LARVA at (27.5, 107.9)
2023-09-19 08:24:47.534 | 06:23   31ms   15M  256G 115/120U [ActUnit] ZERGLING from LARVA at (129.9, 24.4)
2023-09-19 08:24:47.712 | 06:24   35ms  310M  256G 115/120U [ActUnit] DRONE from LARVA at (27.5, 107.9)
2023-09-19 08:24:47.719 | 06:24   35ms  310M  256G 115/120U [Tech] Started ZERGGROUNDARMORSLEVEL1
2023-09-19 08:24:47.860 | 06:24   34ms  145M  110G 116/128U [ActUnit] ZERGLING from LARVA at (28.4, 47.8)
2023-09-19 08:24:48.024 | 06:25   38ms  130M  114G 117/128U [ActUnit] ZERGLING from LARVA at (27.0, 107.8)
2023-09-19 08:24:48.677 | 06:27   31ms  390M   22G 117/122U [BuildGas] Building EXTRACTOR to (94.5, 24.5)
2023-09-19 08:24:49.016 | 06:27   95ms  385M   26G 116/122U [ActUnit] DRONE from LARVA at (28.4, 107.7)
2023-09-19 08:24:49.152 | 06:28   30ms  355M   30G 117/122U [ActUnit] DRONE from LARVA at (87.6, 22.3)
2023-09-19 08:24:49.321 | 06:28   32ms  290M   30G 118/122U [ActUnit] OVERLORD from LARVA at (30.5, 139.6)
2023-09-19 08:24:49.323 | 06:28   32ms  240M   30G 118/122U [ActUnit] ZERGLING from LARVA at (31.7, 23.5)
2023-09-19 08:24:49.609 | 06:29   31ms  195M   38G 119/122U [ActUnit] OVERLORD from LARVA at (28.6, 47.5)
2023-09-19 08:24:50.049 | 06:31   28ms  225M   46G 117/122U [ActUnit] DRONE from LARVA at (28.7, 76.6)
2023-09-19 08:24:50.355 | 06:31   31ms  250M   46G 117/122U [ActUnit] DRONE from LARVA at (129.6, 24.7)
2023-09-19 08:24:53.418 | 06:38   31ms  645M   86G 115/122U [ActUnit] DRONE from LARVA at (28.4, 107.7)
2023-09-19 08:24:53.552 | 06:39   31ms  610M   86G 116/122U [ActUnit] DRONE from LARVA at (87.2, 22.8)
2023-09-19 08:24:53.706 | 06:39   31ms  610M   86G 117/122U [ActUnit] DRONE from LARVA at (31.3, 23.5)
2023-09-19 08:24:53.846 | 06:40   30ms  625M   94G 118/122U [GameAnalyzer] Known army advantage is now ClearDisadvantage
2023-09-19 08:24:53.847 | 06:40   30ms  625M   94G 118/122U [GameAnalyzer] Predicted army advantage is now ClearDisadvantage
2023-09-19 08:24:53.850 | 06:40   30ms  575M   94G 118/122U [ActUnit] DRONE from LARVA at (30.5, 139.4)
2023-09-19 08:24:54.006 | 06:40   36ms  545M   94G 119/122U [ActUnit] ZERGLING from LARVA at (28.5, 47.7)
2023-09-19 08:24:54.143 | 06:40   33ms  535M   94G 120/122U [ActUnit] ZERGLING from LARVA at (29.6, 139.9)
2023-09-19 08:24:54.310 | 06:41   42ms  515M   98G 121/122U [ActUnit] ZERGLING from LARVA at (29.6, 139.9)
2023-09-19 08:24:54.317 | 06:41   42ms  515M   98G 121/122U [Inject] injecting hatch (30.5, 142.5)
2023-09-19 08:24:54.605 | 06:42   35ms  580M  102G 122/122U [Expand] Expanding to (61.5, 45.5)
2023-09-19 08:24:54.808 | 06:42   32ms  300M  106G 122/122U [Expand] Expanding to (61.5, 45.5)
2023-09-19 08:24:54.998 | 06:43  108ms   25M  110G 122/122U [Inject] injecting hatch (31.5, 26.5)
2023-09-19 08:24:55.526 | 06:44   32ms  130M  118G 122/122U [Inject] injecting hatch (87.5, 25.5)
2023-09-19 08:24:56.093 | 06:46   34ms  235M  126G 121/122U [GameAnalyzer] Known army advantage is now SmallDisadvantage
2023-09-19 08:24:56.094 | 06:46   34ms  235M  126G 121/122U [GameAnalyzer] Predicted army advantage is now SmallDisadvantage
2023-09-19 08:24:56.098 | 06:46   34ms  185M  126G 121/122U [ActUnit] DRONE from LARVA at (88.2, 22.9)
2023-09-19 08:24:56.107 | 06:46   34ms  160M  126G 121/122U [BuildGas] Building EXTRACTOR to (26.5, 86.5)
2023-09-19 08:24:56.385 | 06:47   34ms  475M  130G 121/130U [ActUnit] DRONE from LARVA at (87.7, 22.6)
2023-09-19 08:24:56.540 | 06:47   40ms  450M  134G 121/130U [ActUnit] DRONE from LARVA at (28.1, 76.9)
2023-09-19 08:24:56.675 | 06:48   34ms  425M  134G 121/138U [ActUnit] DRONE from LARVA at (87.0, 22.4)
2023-09-19 08:24:56.841 | 06:48   40ms  415M  138G 122/138U [ActUnit] ZERGLING from LARVA at (129.1, 24.5)
2023-09-19 08:24:56.987 | 06:48   32ms  410M  142G 123/138U [ActUnit] ZERGLING from LARVA at (30.6, 139.7)
2023-09-19 08:24:57.158 | 06:49   41ms  385M  142G 124/138U [ActUnit] ZERGLING from LARVA at (28.6, 107.6)
2023-09-19 08:24:57.526 | 06:50   39ms  395M  150G 125/138U [ActUnit] ZERGLING from LARVA at (31.7, 23.7)
2023-09-19 08:24:57.711 | 06:50   37ms  365M  150G 126/138U [ActUnit] ZERGLING from LARVA at (27.5, 107.6)
2023-09-19 08:24:57.902 | 06:51   43ms  355M  150G 127/138U [ActUnit] ZERGLING from LARVA at (28.3, 107.5)
2023-09-19 08:24:58.143 | 06:51   40ms  325M  154G 128/138U [ActUnit] ZERGLING from LARVA at (27.5, 107.4)
2023-09-19 08:24:58.491 | 06:52  120ms  320M  158G 129/138U [ActUnit] ZERGLING from LARVA at (87.3, 22.9)
2023-09-19 08:24:58.498 | 06:52  120ms  320M  158G 129/138U [Inject] injecting hatch (28.5, 110.5)
2023-09-19 08:24:58.656 | 06:52   39ms  345M  158G 130/138U [GameAnalyzer] Known army advantage is now ClearDisadvantage
2023-09-19 08:24:58.657 | 06:52   39ms  345M  158G 130/138U [GameAnalyzer] Predicted army advantage is now ClearDisadvantage
2023-09-19 08:24:58.658 | 06:52   39ms  295M  158G 130/138U [ActUnit] ZERGLING from LARVA at (30.8, 139.3)
2023-09-19 08:24:59.034 | 06:52   46ms  280M  162G 130/138U [ActUnit] DRONE from LARVA at (28.4, 47.7)
2023-09-19 08:24:59.186 | 06:53   35ms  265M  166G 131/138U [ActUnit] ZERGLING from LARVA at (28.4, 76.5)
2023-09-19 08:24:59.365 | 06:53   40ms  240M  166G 132/138U [ActUnit] ZERGLING from LARVA at (27.3, 47.4)
2023-09-19 08:24:59.509 | 06:54   34ms  225M  166G 133/138U [ActUnit] ZERGLING from LARVA at (129.3, 24.0)
2023-09-19 08:24:59.667 | 06:54   40ms  150M  174G 134/138U [ActUnit] OVERLORD from LARVA at (27.3, 47.4)
2023-09-19 08:24:59.668 | 06:54   40ms  100M  174G 134/138U [ActUnit] ZERGLING from LARVA at (27.2, 48.2)
2023-09-19 08:25:01.094 | 06:58   42ms  385M  194G 135/138U [GameAnalyzer] Known army advantage is now SmallDisadvantage
2023-09-19 08:25:01.095 | 06:58   42ms  385M  194G 135/138U [GameAnalyzer] Predicted army advantage is now SmallDisadvantage
2023-09-19 08:25:01.893 | 07:00   41ms  465M  206G 135/138U [ActUnit] OVERLORD from LARVA at (31.4, 23.4)
2023-09-19 08:25:02.048 | 07:01   39ms  425M  206G 134/138U [ActUnit] DRONE from LARVA at (28.6, 107.5)
2023-09-19 08:25:02.216 | 07:01   49ms  415M  210G 135/138U [ActUnit] ZERGLING from LARVA at (87.3, 22.6)
2023-09-19 08:25:02.537 | 07:02   41ms  435M  214G 136/138U [ActUnit] ZERGLING from LARVA at (30.7, 139.8)
2023-09-19 08:25:02.691 | 07:03   36ms  430M  218G 137/138U [ActUnit] ZERGLING from LARVA at (28.6, 76.9)
2023-09-19 08:25:05.170 | 07:09   41ms  915M  254G 138/138U [Expand] Expanding to (85.5, 49.5)
2023-09-19 08:25:05.327 | 07:10   42ms  610M  254G 137/138U [ActUnit] DRONE from LARVA at (29.0, 47.2)
2023-09-19 08:25:05.335 | 07:10   42ms  610M  254G 137/138U [Expand] Expanding to (85.5, 49.5)
2023-09-19 08:25:05.508 | 07:10   47ms  350M  258G 138/138U [Expand] Expanding to (85.5, 49.5)
2023-09-19 08:25:05.656 | 07:11   40ms   70M  262G 138/138U [GameAnalyzer] Known army advantage is now SlightDisadvantage
2023-09-19 08:25:05.657 | 07:11   40ms   70M  262G 138/138U [GameAnalyzer] Predicted army advantage is now SlightDisadvantage
2023-09-19 08:25:06.187 | 07:12   43ms  130M  270G 137/138U [ActUnit] DRONE from LARVA at (31.7, 23.9)
2023-09-19 08:25:06.364 | 07:13   40ms  105M  270G 138/146U [ActUnit] ZERGLING from LARVA at (30.8, 139.9)
2023-09-19 08:25:06.375 | 07:13   40ms  105M  270G 138/146U [Inject] injecting hatch (30.5, 142.5)
2023-09-19 08:25:06.550 | 07:13   50ms  390M  274G 137/152U [ActUnit] DRONE from LARVA at (29.6, 139.8)
2023-09-19 08:25:06.557 | 07:13   50ms  390M  274G 137/152U [Expand] Expanding to (74.5, 120.5)
2023-09-19 08:25:06.718 | 07:13   39ms   90M  278G 138/152U [ActUnit] ZERGLING from LARVA at (129.8, 24.9)
2023-09-19 08:25:06.905 | 07:14   50ms   65M  278G 139/152U [ActUnit] ZERGLING from LARVA at (87.5, 22.9)
2023-09-19 08:25:06.912 | 07:14   50ms   65M  278G 139/152U [Inject] injecting hatch (129.5, 27.5)
2023-09-19 08:25:07.076 | 07:14   39ms   45M  278G 140/152U [ActUnit] ZERGLING from LARVA at (28.2, 107.1)
2023-09-19 08:25:07.085 | 07:14   39ms   45M  278G 140/152U [Inject] injecting hatch (28.5, 50.5)
2023-09-19 08:25:07.266 | 07:15   42ms   30M  286G 141/152U [ActUnit] ZERGLING from LARVA at (28.4, 47.6)
2023-09-19 08:25:07.424 | 07:15   37ms   25M  286G 142/152U [ActUnit] ZERGLING from LARVA at (30.5, 139.6)
2023-09-19 08:25:07.613 | 07:16   52ms   25M  286G 143/152U [ActUnit] ZERGLING from LARVA at (28.7, 76.5)
2023-09-19 08:25:07.768 | 07:16   37ms    0M  290G 144/152U [ActUnit] ZERGLING from LARVA at (128.7, 24.5)
2023-09-19 08:25:07.953 | 07:17   39ms  265M  294G 145/152U [ActUnit] ZERGLING from LARVA at (130.6, 24.8)
2023-09-19 08:25:08.114 | 07:17   38ms  245M  294G 146/152U [ActUnit] ZERGLING from LARVA at (128.7, 24.6)
2023-09-19 08:25:08.310 | 07:17   44ms  240M  298G 147/152U [ActUnit] ZERGLING from LARVA at (30.4, 139.0)
2023-09-19 08:25:08.473 | 07:18   43ms  175M  306G 148/152U [ActUnit] OVERLORD from LARVA at (72.7, 141.5)
2023-09-19 08:25:08.799 | 07:19   39ms  245M  306G 148/160U [GameAnalyzer] Known army advantage is now SmallDisadvantage
2023-09-19 08:25:08.800 | 07:19   39ms  245M  306G 148/160U [GameAnalyzer] Predicted army advantage is now SmallDisadvantage
2023-09-19 08:25:09.130 | 07:20   37ms  315M  318G 148/160U [GameAnalyzer] Known army advantage is now SlightDisadvantage
2023-09-19 08:25:09.131 | 07:20   37ms  315M  318G 148/160U [GameAnalyzer] Predicted army advantage is now SlightDisadvantage
2023-09-19 08:25:09.305 | 07:20   47ms  295M  318G 148/160U [ActUnit] ZERGLING from LARVA at (31.5, 23.6)
2023-09-19 08:25:09.466 | 07:21   39ms  300M  326G 149/160U [ActUnit] ZERGLING from LARVA at (30.6, 23.7)
2023-09-19 08:25:09.635 | 07:21   49ms  270M  330G 150/160U [ActUnit] ZERGLING from LARVA at (30.5, 23.4)
2023-09-19 08:25:09.642 | 07:21   49ms  270M  330G 150/160U [Inject] injecting hatch (87.5, 25.5)
2023-09-19 08:25:09.802 | 07:21   40ms  245M  330G 150/160U [ActUnit] DRONE from LARVA at (28.5, 107.6)
2023-09-19 08:25:09.813 | 07:21   40ms  245M  330G 150/160U [PlanCancelBuilding] Cancelled HATCHERY at (85.5, 49.5) with 52.370361328125 health
2023-09-19 08:25:09.969 | 07:22   49ms  465M  338G 152/160U [ActUnit] ZERGLING from LARVA at (29.2, 107.7)
2023-09-19 08:25:10.131 | 07:22   37ms  445M  342G 153/160U [ActUnit] ZERGLING from LARVA at (87.5, 22.6)
2023-09-19 08:25:10.317 | 07:23   43ms  445M  342G 153/160U [ActUnit] ZERGLING from LARVA at (88.2, 22.7)
2023-09-19 08:25:10.465 | 07:23   39ms  415M  342G 154/160U [ActUnit] ZERGLING from LARVA at (28.5, 107.8)
2023-09-19 08:25:10.473 | 07:23   39ms  415M  342G 154/160U [Inject] injecting hatch (28.5, 110.5)
2023-09-19 08:25:10.639 | 07:24   45ms  400M  354G 155/160U [ActUnit] ZERGLING from LARVA at (29.3, 107.7)
2023-09-19 08:25:10.796 | 07:24   38ms  340M  358G 156/160U [ActUnit] OVERLORD from LARVA at (72.2, 141.7)
2023-09-19 08:25:10.798 | 07:24   38ms  290M  358G 156/160U [ActUnit] ZERGLING from LARVA at (88.2, 22.7)
2023-09-19 08:25:10.989 | 07:25   46ms  280M  358G 157/160U [ActUnit] ZERGLING from LARVA at (28.6, 76.8)
2023-09-19 08:25:11.145 | 07:25   42ms  260M  366G 158/160U [ActUnit] ZERGLING from LARVA at (31.7, 23.9)
2023-09-19 08:25:11.313 | 07:25   50ms  235M  374G 159/160U [ActUnit] ZERGLING from LARVA at (87.9, 22.3)
2023-09-19 08:25:12.005 | 07:27   43ms  320M  386G 159/160U [ActUnit] DRONE from LARVA at (28.6, 47.4)
2023-09-19 08:25:15.165 | 07:33   46ms  785M  450G 160/160U [GameAnalyzer] Known army advantage is now Even
2023-09-19 08:25:15.175 | 07:33   46ms  785M  450G 160/160U [GameAnalyzer] Predicted army advantage is now Even
2023-09-19 08:25:16.634 | 07:36   52ms  960M  482G 160/168U [ActUnit] ZERGLING from LARVA at (71.9, 141.4)
2023-09-19 08:25:16.801 | 07:37   43ms  955M  494G 161/168U [ActUnit] ZERGLING from LARVA at (87.4, 22.4)
2023-09-19 08:25:16.998 | 07:37   47ms  940M  498G 162/168U [ActUnit] ZERGLING from LARVA at (129.9, 24.5)
2023-09-19 08:25:17.163 | 07:38   42ms  925M  498G 163/168U [ActUnit] ZERGLING from LARVA at (28.0, 76.3)
2023-09-19 08:25:17.333 | 07:38   45ms  920M  498G 164/168U [ActUnit] ZERGLING from LARVA at (129.5, 24.4)
2023-09-19 08:25:17.506 | 07:38   43ms  905M  514G 165/168U [ActUnit] ZERGLING from LARVA at (30.3, 139.8)
2023-09-19 08:25:17.675 | 07:39   52ms  885M  514G 166/168U [ActUnit] ZERGLING from LARVA at (30.3, 139.8)
2023-09-19 08:25:17.846 | 07:39   43ms  880M  514G 167/168U [ActUnit] ZERGLING from LARVA at (27.9, 107.3)
2023-09-19 08:25:18.877 | 07:42   42ms 1095M  546G 168/168U [GameAnalyzer] Known army advantage is now SlightAdvantage
2023-09-19 08:25:18.878 | 07:42   42ms 1095M  546G 168/168U [GameAnalyzer] Predicted army advantage is now SlightAdvantage
2023-09-19 08:25:19.056 | 07:42   52ms 1080M  550G 168/176U [ActUnit] ZERGLING from LARVA at (28.1, 47.7)
2023-09-19 08:25:19.221 | 07:43   43ms 1060M  562G 169/176U [ActUnit] ZERGLING from LARVA at (29.5, 139.8)
2023-09-19 08:25:19.230 | 07:43   43ms 1060M  562G 169/176U [Inject] injecting hatch (129.5, 27.5)
2023-09-19 08:25:19.405 | 07:43   51ms 1055M  562G 170/176U [ActUnit] ZERGLING from LARVA at (29.4, 140.0)
2023-09-19 08:25:19.566 | 07:44   41ms 1040M  562G 171/176U [ActUnit] ZERGLING from LARVA at (31.5, 23.6)
2023-09-19 08:25:19.743 | 07:44   49ms  990M  578G 172/176U [ActUnit] OVERLORD from LARVA at (31.2, 23.4)
2023-09-19 08:25:19.745 | 07:44   49ms  940M  578G 172/176U [ActUnit] ZERGLING from LARVA at (29.4, 140.0)
2023-09-19 08:25:19.752 | 07:44   49ms  940M  578G 172/176U [Inject] injecting hatch (30.5, 142.5)
2023-09-19 08:25:19.918 | 07:45   48ms  860M  578G 173/176U [ActUnit] OVERLORD from LARVA at (129.1, 24.4)
2023-09-19 08:25:19.921 | 07:45   48ms  810M  578G 173/176U [ActUnit] ZERGLING from LARVA at (128.8, 24.4)
2023-09-19 08:25:20.103 | 07:45   54ms  795M  578G 174/176U [ActUnit] ZERGLING from LARVA at (87.5, 22.9)
2023-09-19 08:25:20.282 | 07:46   52ms  775M  590G 175/176U [ActUnit] ZERGLING from LARVA at (29.0, 107.9)
2023-09-19 08:25:20.477 | 07:46   64ms  820M  594G 176/176U [Inject] injecting hatch (31.5, 26.5)
2023-09-19 08:25:22.019 | 07:50   48ms 1125M  638G 176/176U [Inject] injecting hatch (87.5, 25.5)
2023-09-19 08:25:24.023 | 07:55   60ms 1530M  690G 176/176U [Inject] injecting hatch (28.5, 79.5)
2023-09-19 08:25:26.917 | 08:03   46ms 2135M  770G 176/184U [GameAnalyzer] Known army advantage is now SmallAdvantage
2023-09-19 08:25:26.919 | 08:03   46ms 2135M  770G 176/184U [GameAnalyzer] Predicted army advantage is now SmallAdvantage
2023-09-19 08:25:26.921 | 08:03   46ms 2085M  770G 176/184U [ActUnit] ZERGLING from LARVA at (28.3, 107.7)
2023-09-19 08:25:27.109 | 08:03   58ms 2075M  770G 177/192U [ActUnit] ZERGLING from LARVA at (72.5, 141.4)
2023-09-19 08:25:27.276 | 08:03   44ms 2085M  786G 178/192U [ActUnit] ZERGLING from LARVA at (27.4, 47.7)
2023-09-19 08:25:27.449 | 08:04   48ms 2060M  786G 179/192U [ActUnit] ZERGLING from LARVA at (28.7, 47.5)
2023-09-19 08:25:27.614 | 08:04   47ms 2040M  786G 180/192U [ActUnit] ZERGLING from LARVA at (28.7, 76.9)
2023-09-19 08:25:27.982 | 08:05   49ms 2020M  798G 181/192U [ActUnit] ZERGLING from LARVA at (30.8, 139.5)
2023-09-19 08:25:28.145 | 08:05   48ms 2005M  802G 182/192U [ActUnit] ZERGLING from LARVA at (31.8, 23.6)
2023-09-19 08:25:28.330 | 08:06   49ms 2015M  802G 183/192U [ActUnit] ZERGLING from LARVA at (86.2, 22.8)
2023-09-19 08:25:28.500 | 08:06   48ms 1985M  814G 184/192U [ActUnit] ZERGLING from LARVA at (27.5, 47.9)
2023-09-19 08:25:28.509 | 08:06   48ms 1985M  814G 184/192U [Tech] Started ZERGMELEEWEAPONSLEVEL2
2023-09-19 08:25:28.690 | 08:07   57ms 1825M  668G 185/192U [ActUnit] ZERGLING from LARVA at (72.7, 141.9)
2023-09-19 08:25:28.856 | 08:07   48ms 1825M  668G 186/192U [ActUnit] ZERGLING from LARVA at (31.9, 23.6)
2023-09-19 08:25:29.053 | 08:07   53ms 1810M  668G 187/192U [ActUnit] ZERGLING from LARVA at (28.5, 107.9)
2023-09-19 08:25:29.222 | 08:08   50ms 1730M  684G 188/192U [ActUnit] OVERLORD from LARVA at (130.8, 24.6)
2023-09-19 08:25:29.225 | 08:08   50ms 1680M  684G 188/192U [ActUnit] ZERGLING from LARVA at (28.4, 76.6)
2023-09-19 08:25:29.392 | 08:08   58ms 1620M  684G 189/192U [ActUnit] OVERLORD from LARVA at (72.4, 141.9)
2023-09-19 08:25:29.394 | 08:08   58ms 1570M  684G 189/192U [ActUnit] ZERGLING from LARVA at (30.3, 139.6)
2023-09-19 08:25:29.561 | 08:09   53ms 1505M  684G 190/192U [ActUnit] OVERLORD from LARVA at (28.5, 107.6)
2023-09-19 08:25:29.563 | 08:09   53ms 1455M  684G 190/192U [ActUnit] ZERGLING from LARVA at (28.4, 107.0)
2023-09-19 08:25:29.743 | 08:09   53ms 1450M  696G 191/192U [ActUnit] ZERGLING from LARVA at (27.3, 47.4)
2023-09-19 08:25:29.756 | 08:09   53ms 1450M  696G 191/192U [PlanZoneAttack] Supply is 191 -> attack!
2023-09-19 08:25:29.759 | 08:09   53ms 1450M  696G 191/192U [PlanZoneAttack] Attack started at 66.00 power.
2023-09-19 08:25:31.046 | 08:12   80ms 1670M  720G 192/192U [Inject] injecting hatch (129.5, 27.5)
2023-09-19 08:25:33.212 | 08:16   73ms 2000M  764G 192/192U [Inject] injecting hatch (30.5, 142.5)
2023-09-19 08:25:34.008 | 08:17  104ms 2070M  780G 191/192U [ActUnit] ZERGLING from LARVA at (87.8, 22.0)
2023-09-19 08:25:34.016 | 08:17  104ms 2070M  780G 191/192U [Expand] Expanding to (61.5, 45.5)
2023-09-19 08:25:34.274 | 08:18   84ms 1820M  780G 190/192U [GameAnalyzer] Known army advantage is now Even
2023-09-19 08:25:34.275 | 08:18   84ms 1820M  780G 190/192U [GameAnalyzer] Predicted army advantage is now Even
2023-09-19 08:25:34.281 | 08:18   84ms 1770M  780G 190/192U [ActUnit] ZERGLING from LARVA at (30.9, 139.9)
2023-09-19 08:25:34.289 | 08:18   84ms 1770M  780G 190/192U [Expand] Expanding to (61.5, 45.5)
2023-09-19 08:25:34.292 | 08:18   84ms 1470M  780G 190/192U [Inject] injecting hatch (28.5, 50.5)
2023-09-19 08:25:34.551 | 08:18   87ms 1465M  796G 189/192U [ActUnit] ZERGLING from LARVA at (128.6, 24.9)
2023-09-19 08:25:34.560 | 08:18   87ms 1465M  796G 189/192U [Expand] Expanding to (61.5, 45.5)
2023-09-19 08:25:34.819 | 08:19   86ms 1140M  796G 188/192U [ActUnit] ZERGLING from LARVA at (130.2, 24.8)
2023-09-19 08:25:34.831 | 08:19   86ms 1140M  796G 188/192U [Expand] Expanding to (61.5, 45.5)
2023-09-19 08:25:34.833 | 08:19   86ms  840M  796G 188/192U [Tech] Started ZERGGROUNDARMORSLEVEL2
2023-09-19 08:25:35.078 | 08:19   88ms  625M  571G 184/192U [GameAnalyzer] Known army advantage is now SlightDisadvantage
2023-09-19 08:25:35.079 | 08:19   88ms  625M  571G 184/192U [GameAnalyzer] Predicted army advantage is now SlightDisadvantage
2023-09-19 08:25:35.081 | 08:19   88ms  575M  571G 184/192U [ActUnit] ZERGLING from LARVA at (28.0, 47.9)
2023-09-19 08:25:35.089 | 08:19   88ms  575M  571G 184/192U [Expand] Expanding to (61.5, 45.5)
2023-09-19 08:25:35.092 | 08:19   88ms  275M  571G 184/192U [ActBuilding] 1. INFESTATIONPIT near (33.4, 134.0)
2023-09-19 08:25:35.096 | 08:19   88ms  175M  471G 184/192U [Inject] injecting hatch (87.5, 25.5)
2023-09-19 08:25:35.349 | 08:20   77ms  160M  483G 184/192U [ActUnit] ZERGLING from LARVA at (88.0, 22.7)
2023-09-19 08:25:35.617 | 08:20   79ms  160M  487G 181/192U [ActUnit] ZERGLING from LARVA at (28.7, 107.4)
2023-09-19 08:25:35.842 | 08:20   61ms  155M  487G 182/192U [ActUnit] ZERGLING from LARVA at (29.9, 139.9)
2023-09-19 08:25:36.063 | 08:21   68ms  125M  499G 181/192U [ActUnit] ZERGLING from LARVA at (128.2, 24.2)
2023-09-19 08:25:36.274 | 08:21   57ms  110M  503G 182/192U [ActUnit] ZERGLING from LARVA at (87.1, 22.8)
2023-09-19 08:25:36.497 | 08:22   68ms  100M  503G 183/192U [ActUnit] ZERGLING from LARVA at (28.1, 76.6)
2023-09-19 08:25:36.719 | 08:22   61ms  100M  503G 183/192U [ActUnit] DRONE from LARVA at (87.5, 22.9)
2023-09-19 08:25:36.950 | 08:23   74ms   80M  519G 183/192U [ActUnit] ZERGLING from LARVA at (72.3, 141.9)
2023-09-19 08:25:37.174 | 08:23   66ms   75M  519G 184/192U [ActUnit] ZERGLING from LARVA at (31.1, 23.5)
2023-09-19 08:25:37.412 | 08:24   78ms   55M  519G 185/192U [ActUnit] ZERGLING from LARVA at (29.5, 139.2)
2023-09-19 08:25:37.662 | 08:24   61ms   40M  531G 186/192U [ActUnit] ZERGLING from LARVA at (29.5, 139.2)
2023-09-19 08:25:37.910 | 08:24   72ms   10M  535G 186/192U [ActUnit] ZERGLING from LARVA at (128.3, 24.7)
2023-09-19 08:25:38.406 | 08:25   84ms   40M  547G 187/192U [ActUnit] ZERGLING from LARVA at (31.4, 23.3)
2023-09-19 08:25:38.661 | 08:26   73ms   20M  551G 188/192U [ActUnit] ZERGLING from LARVA at (87.5, 22.4)
2023-09-19 08:25:39.789 | 08:26   86ms   10M  551G 189/200U [ActUnit] ZERGLING from LARVA at (28.7, 47.5)
2023-09-19 08:25:40.077 | 08:27   77ms   40M  555G 189/200U [Inject] injecting hatch (28.5, 110.5)
2023-09-19 08:25:40.376 | 08:27   97ms   25M  567G 189/200U [ActUnit] ZERGLING from LARVA at (28.9, 76.8)
2023-09-19 08:25:40.624 | 08:28   69ms    5M  567G 189/200U [ActUnit] ZERGLING from LARVA at (87.8, 22.7)
2023-09-19 08:25:40.884 | 08:28   75ms   15M  567G 189/200U [ActUnit] DRONE from LARVA at (129.5, 24.6)
2023-09-19 08:25:41.204 | 08:28   68ms  880M  583G 190/200U [ActUnit] ZERGLING from LARVA at (28.7, 76.8)
2023-09-19 08:25:41.212 | 08:28   68ms  880M  583G 190/200U [Expand] Expanding to (85.5, 49.5)
2023-09-19 08:25:41.469 | 08:29   83ms  580M  583G 191/200U [ActUnit] ZERGLING from LARVA at (30.4, 139.4)
2023-09-19 08:25:41.478 | 08:29   83ms  580M  583G 191/200U [Expand] Expanding to (85.5, 49.5)
2023-09-19 08:25:41.728 | 08:29   77ms  560M  583G 192/200U [ActUnit] ZERGLING from LARVA at (28.3, 107.7)
2023-09-19 08:25:41.737 | 08:29   77ms  560M  583G 192/200U [Expand] Expanding to (85.5, 49.5)
2023-09-19 08:25:42.041 | 08:30   86ms  240M  595G 193/200U [ActUnit] ZERGLING from LARVA at (31.8, 23.7)
2023-09-19 08:25:42.340 | 08:30   88ms  205M  599G 193/200U [ActUnit] ZERGLING from LARVA at (128.3, 24.5)
2023-09-19 08:25:42.623 | 08:31  102ms  190M  599G 194/200U [ActUnit] ZERGLING from LARVA at (32.1, 23.4)
2023-09-19 08:25:42.912 | 08:31   89ms  195M  611G 195/200U [ActUnit] ZERGLING from LARVA at (72.6, 141.5)
2023-09-19 08:25:43.196 | 08:32  101ms  190M  615G 196/200U [ActUnit] ZERGLING from LARVA at (87.5, 22.6)
2023-09-19 08:25:43.479 | 08:32   86ms  165M  615G 196/200U [ActUnit] ZERGLING from LARVA at (31.8, 23.2)
2023-09-19 08:25:43.777 | 08:32  108ms  140M  615G 197/200U [ActUnit] ZERGLING from LARVA at (28.6, 47.7)
2023-09-19 08:25:44.623 | 08:34   86ms  255M  631G 197/200U [GameAnalyzer] Predicted army advantage is now SmallDisadvantage
2023-09-19 08:25:45.254 | 08:35   77ms  335M  647G 194/200U [Expand] Expanding to (85.5, 49.5)
2023-09-19 08:25:45.519 | 08:35   94ms  350M  647G 194/200U [Expand] Expanding to (85.5, 49.5)
2023-09-19 08:25:46.839 | 08:37   78ms  230M  679G 193/200U [GameAnalyzer] Predicted army advantage is now SlightDisadvantage
2023-09-19 08:25:47.872 | 08:39   93ms  285M  691G 191/200U [ActUnit] DRONE from LARVA at (28.6, 76.7)
2023-09-19 08:25:48.143 | 08:39   81ms  275M  695G 191/200U [ActUnit] ZERGLING from LARVA at (72.8, 141.9)
2023-09-19 08:25:48.435 | 08:40   94ms  560M  695G 192/200U [ActUnit] ZERGLING from LARVA at (30.2, 139.7)
2023-09-19 08:25:48.721 | 08:40   86ms  855M  707G 193/200U [ActUnit] ZERGLING from LARVA at (28.4, 107.4)
2023-09-19 08:25:49.042 | 08:40   93ms  830M  711G 194/200U [ActUnit] ZERGLING from LARVA at (129.6, 24.6)
2023-09-19 08:25:49.324 | 08:41   90ms  810M  711G 194/200U [ActUnit] ZERGLING from LARVA at (29.4, 76.3)
2023-09-19 08:25:49.334 | 08:41   90ms  810M  711G 194/200U [Inject] injecting hatch (129.5, 27.5)
2023-09-19 08:25:49.610 | 08:41  106ms  775M  715G 195/200U [ActUnit] ZERGLING from LARVA at (27.7, 76.9)
2023-09-19 08:25:49.905 | 08:42   88ms  790M  727G 196/200U [ActUnit] ZERGLING from LARVA at (31.3, 23.6)
2023-09-19 08:25:50.256 | 08:42  105ms  775M  727G 196/200U [ActUnit] ZERGLING from LARVA at (27.7, 76.9)
2023-09-19 08:25:50.535 | 08:43  145ms  760M  727G 196/200U [ActUnit] ZERGLING from LARVA at (128.3, 25.0)
2023-09-19 08:25:50.860 | 08:43  111ms  730M  743G 196/200U [ActUnit] ZERGLING from LARVA at (129.6, 24.3)
2023-09-19 08:25:51.152 | 08:44   92ms  705M  743G 197/200U [ActUnit] ZERGLING from LARVA at (87.1, 22.5)
2023-09-19 08:25:51.450 | 08:44  110ms  700M  743G 198/200U [ActUnit] ZERGLING from LARVA at (129.7, 24.4)
2023-09-19 08:25:51.758 | 08:45   97ms  700M  755G 198/200U [ActUnit] DRONE from LARVA at (28.3, 47.5)
2023-09-19 08:25:53.048 | 08:46  107ms 1075M  775G 196/200U [ActUnit] ZERGLING from LARVA at (31.5, 139.8)
2023-09-19 08:25:53.361 | 08:47  118ms 1060M  775G 196/200U [ActUnit] ZERGLING from LARVA at (31.8, 139.8)
2023-09-19 08:25:53.652 | 08:47  103ms 1045M  775G 197/200U [ActUnit] ZERGLING from LARVA at (30.2, 139.5)
2023-09-19 08:25:53.986 | 08:48  113ms 1105M  791G 197/200U [Inject] injecting hatch (30.5, 142.5)
2023-09-19 08:25:54.929 | 08:49  113ms 1130M  803G 196/200U [ActUnit] ZERGLING from LARVA at (87.5, 22.6)
2023-09-19 08:25:55.297 | 08:49  138ms 1130M  807G 196/200U [ActUnit] ZERGLING from LARVA at (88.3, 22.6)
2023-09-19 08:25:55.307 | 08:49  138ms 1130M  807G 196/200U [Inject] injecting hatch (31.5, 26.5)
2023-09-19 08:25:55.804 | 08:50  127ms 1120M  807G 197/200U [ActUnit] ZERGLING from LARVA at (88.2, 22.3)
2023-09-19 08:25:55.818 | 08:50  127ms 1120M  807G 197/200U [Inject] injecting hatch (87.5, 25.5)
2023-09-19 08:25:56.160 | 08:50  163ms 1115M  819G 197/200U [ActUnit] ZERGLING from LARVA at (72.1, 141.9)
2023-09-19 08:25:56.474 | 08:51  112ms 1105M  823G 198/200U [ActUnit] ZERGLING from LARVA at (30.4, 139.5)
2023-09-19 08:25:56.774 | 08:51  129ms 1075M  823G 198/200U [ActUnit] ZERGLING from LARVA at (28.4, 107.9)
2023-09-19 08:25:57.086 | 08:52  108ms 1055M  823G 199/200U [ActUnit] ZERGLING from LARVA at (129.3, 24.6)
2023-09-19 08:25:57.397 | 08:52  126ms 1040M  839G 199/200U [ActUnit] ZERGLING from LARVA at (28.7, 76.8)
2023-09-19 08:25:58.295 | 08:53  102ms 1095M  851G 199/200U [ActUnit] ZERGLING from LARVA at (31.7, 23.0)
2023-09-19 08:25:58.305 | 08:53  102ms 1095M  851G 199/200U [Expand] Expanding to (74.5, 120.5)
2023-09-19 08:25:58.618 | 08:54  103ms  770M  855G 199/200U [ActUnit] ZERGLING from LARVA at (87.4, 22.7)
2023-09-19 08:25:58.627 | 08:54  103ms  770M  855G 199/200U [Expand] Expanding to (74.5, 120.5)
2023-09-19 08:25:58.921 | 08:54   96ms  480M  855G 199/200U [ActUnit] ZERGLING from LARVA at (28.5, 47.8)
2023-09-19 08:25:58.931 | 08:54   96ms  480M  855G 199/200U [Expand] Expanding to (74.5, 120.5)
2023-09-19 08:25:59.225 | 08:55  105ms  150M  867G 199/200U [ActUnit] ZERGLING from LARVA at (27.9, 47.8)
2023-09-19 08:25:59.815 | 08:56  104ms  190M  871G 199/200U [ActUnit] ZERGLING from LARVA at (29.1, 47.2)
2023-09-19 08:26:01.063 | 08:57  101ms  310M  887G 200/200U [Expand] Expanding to (74.5, 120.5)
2023-09-19 08:26:01.654 | 08:58  101ms   85M  903G 200/200U [Inject] injecting hatch (28.5, 79.5)
2023-09-19 08:26:02.566 | 09:00   93ms  180M  919G 199/200U [GameAnalyzer] Known army advantage is now Even
2023-09-19 08:26:02.891 | 09:00  109ms  160M  919G 199/200U [ActUnit] ZERGLING from LARVA at (72.4, 141.6)
2023-09-19 08:26:04.085 | 09:02  101ms  305M  935G 200/200U [Expand] Expanding to (74.5, 120.5)
2023-09-19 08:26:05.416 | 09:04  100ms   95M  963G 199/200U [ActUnit] DRONE from LARVA at (31.9, 23.3)
2023-09-19 08:26:05.706 | 09:04   93ms  430M  967G 200/200U [GameAnalyzer] Predicted army advantage is now Even
2023-09-19 08:26:05.717 | 09:04   93ms  430M  967G 200/200U [Expand] Expanding to (131.5, 59.5)
2023-09-19 08:26:06.003 | 09:05  106ms  400M  967G 199/200U [ActUnit] ZERGLING from LARVA at (29.0, 76.5)
2023-09-19 08:26:06.012 | 09:05  106ms  400M  967G 199/200U [Expand] Expanding to (131.5, 59.5)
2023-09-19 08:26:06.857 | 09:06   97ms  210M  983G 200/200U [EnemyArmyPredicter] Predicting negative free minerals for enemy: -5200
2023-09-19 08:26:07.171 | 09:06  111ms  550M  983G 200/200U [Expand] Expanding to (131.5, 59.5)
2023-09-19 08:26:07.477 | 09:07  104ms  395M  849G 200/200U [Expand] Expanding to (131.5, 59.5)
2023-09-19 08:26:07.805 | 09:07  111ms   70M  849G 199/200U [ActUnit] ZERGLING from LARVA at (129.9, 24.9)
2023-09-19 08:26:08.114 | 09:08   99ms   45M  849G 199/200U [ActUnit] ZERGLING from LARVA at (87.6, 22.9)
2023-09-19 08:26:08.448 | 09:08  115ms   40M  861G 199/200U [ActUnit] ZERGLING from LARVA at (30.1, 139.0)
2023-09-19 08:26:09.757 | 09:10  120ms  105M  881G 199/200U [ActUnit] ZERGLING from LARVA at (28.3, 107.2)
2023-09-19 08:26:09.820 | 09:10  120ms  105M  881G 199/200U [Inject] injecting hatch (129.5, 27.5)
2023-09-19 08:26:10.748 | 09:11   97ms  190M  897G 200/200U [EnemyArmyPredicter] Predicting negative free minerals for enemy: -4985
2023-09-19 08:26:11.726 | 09:13  108ms  310M  913G 200/200U [Expand] Expanding to (131.5, 59.5)
2023-09-19 08:26:14.164 | 09:16  107ms  210M  945G 199/200U [ActUnit] DRONE from LARVA at (87.5, 22.0)
2023-09-19 08:26:15.077 | 09:18   98ms  920M  961G 200/200U [Expand] Expanding to (98.5, 124.5)
2023-09-19 08:26:15.403 | 09:18  120ms  615M  961G 199/200U [ActUnit] ZERGLING from LARVA at (28.3, 47.3)
2023-09-19 08:26:15.412 | 09:18  120ms  615M  961G 199/200U [Expand] Expanding to (98.5, 124.5)
2023-09-19 08:26:15.705 | 09:18   96ms  585M  973G 199/200U [ActUnit] ZERGLING from LARVA at (128.3, 25.1)
2023-09-19 08:26:15.720 | 09:18   96ms  585M  973G 199/200U [Expand] Expanding to (98.5, 124.5)
2023-09-19 08:26:16.042 | 09:19  110ms  280M  977G 199/200U [ActUnit] ZERGLING from LARVA at (28.3, 47.3)
2023-09-19 08:26:16.051 | 09:19  110ms  280M  977G 199/200U [Inject] injecting hatch (87.5, 25.5)
2023-09-19 08:26:16.346 | 09:19   97ms  260M  977G 199/200U [ActUnit] ZERGLING from LARVA at (29.1, 107.2)
2023-09-19 08:26:16.357 | 09:19   97ms  260M  977G 199/200U [Inject] injecting hatch (30.5, 142.5)
2023-09-19 08:26:16.649 | 09:20  100ms  250M  989G 199/200U [ActUnit] DRONE from LARVA at (29.4, 139.5)
2023-09-19 08:26:17.539 | 09:21   95ms  335M  997G 200/200U [Expand] Expanding to (98.5, 124.5)
2023-09-19 08:26:17.541 | 09:21   95ms   35M  997G 200/200U [Inject] injecting hatch (28.5, 50.5)
2023-09-19 08:26:18.151 | 09:22   95ms  105M 1009G 200/200U [GameAnalyzer] Predicted army advantage is now SlightDisadvantage
2023-09-19 08:26:20.217 | 09:24   92ms  535M 1025G 200/200U [Expand] Expanding to (98.5, 124.5)
2023-09-19 08:26:20.807 | 09:25   93ms  310M 1041G 200/200U [GameAnalyzer] Predicted army advantage is now Even
2023-09-19 08:26:20.826 | 09:25   93ms  310M 1041G 200/200U [Expand] Expanding to (98.5, 124.5)
2023-09-19 08:26:22.012 | 09:26   90ms   85M 1057G 199/200U [ActUnit] DRONE from LARVA at (31.8, 23.0)
2023-09-19 08:26:22.930 | 09:28  103ms  775M 1073G 200/200U [Expand] Expanding to (131.5, 90.5)
2023-09-19 08:26:23.225 | 09:28   92ms  500M 1073G 200/200U [Expand] Expanding to (131.5, 90.5)
2023-09-19 08:26:23.542 | 09:29  103ms  180M 1085G 199/200U [ActUnit] ZERGLING from LARVA at (87.0, 22.9)
2023-09-19 08:26:24.160 | 09:30   95ms  565M 1089G 200/200U [Expand] Expanding to (131.5, 90.5)
2023-09-19 08:26:24.454 | 09:30   88ms  290M 1097G 200/200U [Inject] injecting hatch (28.5, 110.5)
2023-09-19 08:26:24.736 | 09:30   91ms  335M 1105G 200/200U [Expand] Expanding to (131.5, 90.5)
2023-09-19 08:26:26.393 | 09:33   81ms  790M 1121G 200/200U [Expand] Expanding to (131.5, 90.5)
2023-09-19 08:26:26.696 | 09:33   91ms  510M 1133G 200/200U [Expand] Expanding to (131.5, 90.5)
2023-09-19 08:26:27.265 | 09:34   90ms  230M 1137G 199/200U [ActUnit] DRONE from LARVA at (72.6, 141.9)
2023-09-19 08:26:27.561 | 09:35   84ms  265M 1149G 200/200U [PlanCancelBuilding] Cancelled HATCHERY at (61.5, 45.5) with 36.431884765625 health
2023-09-19 08:26:30.414 | 09:39   85ms  820M 1197G 200/200U [Inject] injecting hatch (129.5, 27.5)
2023-09-19 08:26:32.852 | INFO     | sc2.protocol:_execute:72 - Client status changed to Status.ended (was Status.in_game)
2023-09-19 08:26:32.864 | Result: Victory
2023-09-19 08:26:32.865 | Duration: 09:43
2023-09-19 08:26:32.865 | Step time min: 6
2023-09-19 08:26:32.866 | Step time avg: 41
2023-09-19 08:26:32.866 | Step time max: 163
2023-09-19 08:26:32.867 | [LostUnitsContents] My lost units minerals and gas: (6925.0, 0.0)
2023-09-19 08:26:32.868 | [LostUnitsContents] My lost units minerals by score: 5475.0
2023-09-19 08:26:32.870 | [LostUnitsContents] Enemy lost units minerals and gas: (9400, 700)
2023-09-19 08:26:32.871 | [LostUnitsContents] Enemy lost units minerals by score: 9775.0
2023-09-19 08:26:32.872 | [GameAnalyzerEnd] Own units:
2023-09-19 08:26:32.873 | [GameAnalyzerEnd] ZERGLING          total: 304 alive: 177 dead: 127 
2023-09-19 08:26:32.874 | [GameAnalyzerEnd] DRONE             total: 128 alive:  95 dead:  33 
2023-09-19 08:26:32.875 | [GameAnalyzerEnd] LARVA             total:  29 alive:  29 dead:   0 
2023-09-19 08:26:32.875 | [GameAnalyzerEnd] OVERLORD          total:  21 alive:  21 dead:   0 
2023-09-19 08:26:32.876 | [GameAnalyzerEnd] HATCHERY          total:  21 alive:  12 dead:   9 
2023-09-19 08:26:32.876 | [GameAnalyzerEnd] QUEEN             total:   5 alive:   5 dead:   0 
2023-09-19 08:26:32.877 | [GameAnalyzerEnd] EXTRACTOR         total:   4 alive:   4 dead:   0 
2023-09-19 08:26:32.877 | [GameAnalyzerEnd] EGG               total:   2 alive:   2 dead:   0 
2023-09-19 08:26:32.878 | [GameAnalyzerEnd] EVOLUTIONCHAMBER  total:   2 alive:   2 dead:   0 
2023-09-19 08:26:32.879 | [GameAnalyzerEnd] SPAWNINGPOOL      total:   1 alive:   1 dead:   0 
2023-09-19 08:26:32.879 | [GameAnalyzerEnd] INFESTATIONPIT    total:   1 alive:   1 dead:   0 
2023-09-19 08:26:32.880 | [GameAnalyzerEnd] LAIR              total:   1 alive:   1 dead:   0 
2023-09-19 08:26:32.881 | [GameAnalyzerEnd] Enemy units:
2023-09-19 08:26:32.881 | [GameAnalyzerEnd] MARINE            total: 100 alive:  60 dead:  40 
2023-09-19 08:26:32.882 | [GameAnalyzerEnd] SCV               total:  45 alive:   0 dead:  45 
2023-09-19 08:26:32.883 | [GameAnalyzerEnd] SUPPLYDEPOT       total:  21 alive:   1 dead:  20 
2023-09-19 08:26:32.883 | [GameAnalyzerEnd] BARRACKS          total:  11 alive:   0 dead:  11 
2023-09-19 08:26:32.884 | [GameAnalyzerEnd] MARAUDER          total:   8 alive:   8 dead:   0 
2023-09-19 08:26:32.884 | [GameAnalyzerEnd] MEDIVAC           total:   6 alive:   6 dead:   0 
2023-09-19 08:26:32.885 | [GameAnalyzerEnd] TECHLAB           total:   5 alive:   0 dead:   5 
2023-09-19 08:26:32.886 | [GameAnalyzerEnd] ORBITALCOMMAND    total:   2 alive:   0 dead:   2 
2023-09-19 08:26:32.886 | [GameAnalyzerEnd] REFINERY          total:   2 alive:   0 dead:   2 
2023-09-19 08:26:32.887 | [GameAnalyzerEnd] FACTORY           total:   1 alive:   0 dead:   1 
2023-09-19 08:26:32.887 | [GameAnalyzerEnd] STARPORT          total:   1 alive:   0 dead:   1 
2023-09-19 08:26:32.888 | [GameAnalyzerEnd] ENGINEERINGBAY    total:   1 alive:   0 dead:   1 
2023-09-19 08:26:32.888 | [GameAnalyzerEnd] Minerals max 2125 Average 377
2023-09-19 08:26:32.889 | [GameAnalyzerEnd] Vespene max 1233 Average 220
2023-09-19 08:26:32.890 | INFO     | sc2.main:_play_game:228 - Result for player 2 - Bot LadderBot(Zerg): Victory
