2023-09-18 20:29:14.151 | INFO     | sc2.protocol:_execute:72 - Client status changed to Status.in_game (was None)
2023-09-18 20:29:14.152 | INFO     | sc2.main:_play_game:221 - Player 2 - Bot LadderBot(Zerg)
2023-09-18 20:29:14.443 | 00:00    0ms    0M    0G  12/ 14U [Version] 4.10.0.75689
2023-09-18 20:29:14.444 | 00:00    0ms    0M    0G  12/ 14U [Version] 5.0.6 Balance mod recognized.
2023-09-18 20:29:14.525 | 00:00    0ms    0M    0G  12/ 14U [ZoneManager] Map set to: MapName.Unknown from name: Dragon ScalesAIE and hash: 3095225.
2023-09-18 20:29:15.536 | [DataManager] No BuildDetector found, enemy build data cannot be saved
2023-09-18 20:29:15.560 | [Start] My race: Zerg
2023-09-18 20:29:15.561 | [Start] Opponent race: Terran
2023-09-18 20:29:15.562 | [Start] OpponentId: 1
2023-09-18 20:29:15.680 | 00:00    0ms    0M    0G  12/ 14U [ActUnit] DRONE from LARVA at (75.6, 151.8)
2023-09-18 20:29:16.947 | 00:07    8ms    0M    0G  13/ 14U [ActUnit] DRONE from LARVA at (75.5, 151.9)
2023-09-18 20:29:17.957 | 00:16    9ms   10M    0G  14/ 14U [ActUnit] OVERLORD from LARVA at (75.9, 151.4)
2023-09-18 20:29:19.806 | 00:34    8ms  200M    0G  14/ 22U [ActUnit] DRONE from LARVA at (76.2, 151.4)
2023-09-18 20:29:19.852 | 00:35   10ms  150M    0G  15/ 22U [ActUnit] DRONE from LARVA at (76.4, 151.6)
2023-09-18 20:29:19.898 | 00:35    9ms  105M    0G  16/ 22U [ActUnit] DRONE from LARVA at (76.4, 151.6)
2023-09-18 20:29:20.925 | 00:45    8ms  200M    0G  17/ 22U [ActUnit] DRONE from LARVA at (76.7, 151.5)
2023-09-18 20:29:21.752 | 00:53    8ms  300M    0G  18/ 22U [Expand] Expanding to (105.5, 159.5)
2023-09-18 20:29:22.125 | 00:57    8ms    0M    0G  18/ 22U [ActUnit] DRONE from LARVA at (76.6, 151.8)
2023-09-18 20:29:22.914 | 01:02   10ms   70M    0G  18/ 22U [GameAnalyzer] Income advantage is now SmallAdvantage
2023-09-18 20:29:24.007 | 01:07   18ms   60M    0G  18/ 22U [ActUnit] OVERLORD from LARVA at (76.6, 151.5)
2023-09-18 20:29:25.846 | 01:18   10ms  170M    0G  18/ 22U [ActUnit] DRONE from LARVA at (76.3, 151.7)
2023-09-18 20:29:26.831 | 01:26   10ms  300M    0G  19/ 30U [Expand] Expanding to (134.5, 160.5)
2023-09-18 20:29:27.159 | 01:28   10ms    0M    0G  19/ 30U [ActUnit] DRONE from LARVA at (76.6, 151.9)
2023-09-18 20:29:28.575 | 01:39   11ms  120M    0G  20/ 30U [ActUnit] DRONE from LARVA at (76.3, 151.5)
2023-09-18 20:29:29.067 | 01:43   11ms  170M    0G  20/ 30U [GameAnalyzer] Income advantage is now ClearAdvantage
2023-09-18 20:29:30.068 | 01:50   12ms  240M    0G  20/ 30U [ActUnit] DRONE from LARVA at (76.7, 151.6)
2023-09-18 20:29:30.689 | 01:54   10ms  300M    0G  21/ 30U [Expand] Expanding to (138.5, 132.5)
2023-09-18 20:29:31.817 | 02:00   15ms   55M    0G  21/ 30U [ActUnit] DRONE from LARVA at (76.6, 151.5)
2023-09-18 20:29:33.603 | 02:11   13ms  175M    0G  22/ 30U [ActUnit] DRONE from LARVA at (76.5, 151.9)
2023-09-18 20:29:33.900 | 02:13   14ms  155M    0G  22/ 36U [ActUnit] DRONE from LARVA at (105.5, 156.6)
2023-09-18 20:29:35.405 | 02:22   11ms  240M    0G  23/ 36U [ActUnit] DRONE from LARVA at (76.6, 151.8)
2023-09-18 20:29:35.711 | 02:24   11ms  235M    0G  24/ 36U [ActUnit] DRONE from LARVA at (105.5, 156.6)
2023-09-18 20:29:36.441 | 02:28   12ms  300M    0G  25/ 36U [Expand] Expanding to (97.5, 130.5)
2023-09-18 20:29:37.182 | 02:33   13ms   50M    0G  25/ 36U [ActUnit] DRONE from LARVA at (76.6, 151.9)
2023-09-18 20:29:37.483 | 02:34   12ms   40M    0G  26/ 36U [ActUnit] DRONE from LARVA at (105.5, 156.6)
2023-09-18 20:29:37.864 | 02:37    9ms   85M    0G  27/ 36U [GameAnalyzer] Income advantage is now OverwhelmingAdvantage
2023-09-18 20:29:39.031 | 02:43   12ms  175M    0G  26/ 36U [ActUnit] DRONE from LARVA at (76.5, 151.4)
2023-09-18 20:29:40.138 | 02:45   14ms  160M    0G  27/ 36U [ActUnit] DRONE from LARVA at (105.5, 156.6)
2023-09-18 20:29:41.221 | 02:51   14ms  305M    0G  28/ 36U [Expand] Expanding to (170.5, 159.5)
2023-09-18 20:29:41.707 | 02:54   13ms   25M    0G  28/ 42U [ActUnit] DRONE from LARVA at (76.4, 151.8)
2023-09-18 20:29:42.006 | 02:56   15ms   15M    0G  29/ 42U [ActUnit] DRONE from LARVA at (134.9, 157.8)
2023-09-18 20:29:42.369 | 02:58   10ms   10M    0G  30/ 42U [ActUnit] DRONE from LARVA at (106.0, 156.9)
2023-09-18 20:29:43.528 | 03:05   14ms  105M    0G  30/ 42U [ActUnit] DRONE from LARVA at (76.7, 151.5)
2023-09-18 20:29:43.592 | 03:05   11ms   85M    0G  31/ 42U [ActUnit] DRONE from LARVA at (134.3, 157.3)
2023-09-18 20:29:43.842 | 03:07   15ms   50M    0G  32/ 42U [ActUnit] DRONE from LARVA at (105.5, 156.6)
2023-09-18 20:29:45.741 | 03:15   82ms  225M    0G  33/ 42U [ActUnit] DRONE from LARVA at (76.7, 151.5)
2023-09-18 20:29:45.879 | 03:16   58ms  185M    0G  34/ 42U [ActUnit] DRONE from LARVA at (134.1, 157.3)
2023-09-18 20:29:46.250 | 03:17   75ms  160M    0G  35/ 42U [ActUnit] DRONE from LARVA at (105.5, 156.6)
2023-09-18 20:29:47.838 | 03:23   27ms  250M    0G  36/ 48U [ActUnit] DRONE from LARVA at (138.5, 129.6)
2023-09-18 20:29:48.363 | 03:25   63ms  300M    0G  37/ 48U [Expand] Expanding to (74.5, 109.5)
2023-09-18 20:29:48.770 | 03:26   83ms    0M    0G  37/ 48U [ActUnit] DRONE from LARVA at (134.6, 157.7)
2023-09-18 20:29:49.470 | 03:29   81ms   15M    0G  38/ 48U [ActUnit] DRONE from LARVA at (76.7, 151.9)
2023-09-18 20:29:49.879 | 03:30   67ms   10M    0G  39/ 48U [ActUnit] DRONE from LARVA at (105.3, 156.5)
2023-09-18 20:29:50.888 | 03:34   64ms   45M    0G  40/ 48U [ActUnit] DRONE from LARVA at (138.5, 129.6)
2023-09-18 20:29:51.882 | 03:37   87ms  115M    0G  41/ 48U [ActUnit] DRONE from LARVA at (76.6, 151.4)
2023-09-18 20:29:52.019 | 03:37   70ms   80M    0G  42/ 48U [ActUnit] DRONE from LARVA at (134.4, 157.1)
2023-09-18 20:29:52.445 | 03:39   82ms   55M    0G  43/ 48U [ActUnit] DRONE from LARVA at (105.5, 156.6)
2023-09-18 20:29:55.234 | 03:45   69ms  150M    0G  44/ 48U [ActUnit] OVERLORD from LARVA at (138.5, 129.6)
2023-09-18 20:29:56.194 | 03:48   97ms  220M    0G  44/ 48U [ActUnit] DRONE from LARVA at (76.6, 151.4)
2023-09-18 20:29:56.359 | 03:48   30ms  175M    0G  45/ 48U [ActUnit] DRONE from LARVA at (134.9, 157.9)
2023-09-18 20:29:56.788 | 03:49   82ms  170M    0G  46/ 48U [ActUnit] DRONE from LARVA at (105.5, 156.6)
2023-09-18 20:29:57.954 | 03:53   67ms  315M    0G  46/ 48U [Expand] Expanding to (173.5, 102.5)
2023-09-18 20:29:58.372 | 03:55   90ms   10M    0G  46/ 54U [ActUnit] DRONE from LARVA at (97.5, 127.6)
2023-09-18 20:29:58.528 | 03:55   74ms   25M    0G  47/ 54U [GameAnalyzer] Known army advantage is now SmallDisadvantage
2023-09-18 20:29:58.533 | 03:55   74ms   25M    0G  47/ 54U [GameAnalyzer] Predicted army advantage is now SmallDisadvantage
2023-09-18 20:29:58.931 | 03:57   76ms   15M    0G  47/ 54U [ActUnit] DRONE from LARVA at (138.4, 129.7)
2023-09-18 20:29:59.491 | 03:58   83ms   40M    0G  48/ 54U [ActUnit] DRONE from LARVA at (76.4, 151.9)
2023-09-18 20:29:59.797 | 03:59   84ms   20M    0G  49/ 54U [ActUnit] DRONE from LARVA at (134.1, 157.6)
2023-09-18 20:30:00.128 | 04:00  101ms    0M    0G  50/ 54U [ActUnit] DRONE from LARVA at (105.5, 156.6)
2023-09-18 20:30:01.891 | 04:05   94ms  145M    0G  50/ 62U [ActUnit] DRONE from LARVA at (97.5, 127.6)
2023-09-18 20:30:02.048 | 04:06   44ms  105M    0G  51/ 62U [ActUnit] DRONE from LARVA at (138.5, 129.6)
2023-09-18 20:30:03.010 | 04:09   79ms  175M    0G  52/ 62U [ActUnit] DRONE from LARVA at (76.4, 151.9)
2023-09-18 20:30:03.176 | 04:10   25ms  135M    0G  52/ 62U [ActUnit] DRONE from LARVA at (134.5, 157.4)
2023-09-18 20:30:03.559 | 04:11   94ms  120M    0G  52/ 62U [ActUnit] DRONE from LARVA at (105.5, 156.6)
2023-09-18 20:30:05.455 | 04:16   92ms  250M    0G  53/ 68U [ActUnit] DRONE from LARVA at (97.5, 127.6)
2023-09-18 20:30:05.632 | 04:17   39ms  230M    0G  54/ 68U [ActUnit] DRONE from LARVA at (170.4, 156.9)
2023-09-18 20:30:05.788 | 04:17   98ms  195M    0G  55/ 68U [ActUnit] DRONE from LARVA at (138.5, 129.9)
2023-09-18 20:30:06.751 | 04:20  101ms  245M    0G  56/ 68U [ActUnit] DRONE from LARVA at (134.4, 157.6)
2023-09-18 20:30:06.925 | 04:20   73ms  210M    0G  57/ 68U [ActUnit] DRONE from LARVA at (76.4, 151.8)
2023-09-18 20:30:07.373 | 04:22   83ms  200M    0G  58/ 68U [ActUnit] DRONE from LARVA at (105.5, 156.6)
2023-09-18 20:30:08.290 | 04:24   70ms  305M    0G  59/ 68U [Expand] Expanding to (77.5, 52.5)
2023-09-18 20:30:09.468 | 04:27  107ms   90M    0G  59/ 68U [ActUnit] DRONE from LARVA at (170.6, 156.6)
2023-09-18 20:30:09.652 | 04:27   80ms   55M    0G  60/ 68U [ActUnit] DRONE from LARVA at (138.5, 129.6)
2023-09-18 20:30:09.862 | 04:28  100ms   25M    0G  61/ 68U [ActUnit] DRONE from LARVA at (97.0, 127.2)
2023-09-18 20:30:10.826 | 04:30  136ms  120M    0G  62/ 68U [ActUnit] DRONE from LARVA at (134.6, 157.7)
2023-09-18 20:30:10.993 | 04:31   35ms   85M    0G  63/ 68U [ActUnit] DRONE from LARVA at (76.7, 151.9)
2023-09-18 20:30:11.449 | 04:32   85ms   35M    0G  64/ 68U [ActUnit] OVERLORD from LARVA at (105.5, 156.6)
2023-09-18 20:30:13.420 | 04:38   90ms  190M    0G  64/ 68U [ActUnit] OVERLORD from LARVA at (97.5, 127.6)
2023-09-18 20:30:13.421 | 04:38   90ms  140M    0G  64/ 68U [ActUnit] DRONE from LARVA at (170.5, 156.7)
2023-09-18 20:30:13.596 | 04:38   42ms  105M    0G  65/ 68U [ActUnit] DRONE from LARVA at (138.5, 129.6)
2023-09-18 20:30:15.613 | 04:41   87ms  250M    0G  66/ 68U [ActUnit] DRONE from LARVA at (76.5, 151.9)
2023-09-18 20:30:15.794 | 04:42   78ms  215M    0G  67/ 68U [ActUnit] DRONE from LARVA at (134.0, 157.7)
2023-09-18 20:30:16.271 | 04:43   90ms  215M    0G  67/ 68U [ActUnit] DRONE from LARVA at (105.5, 156.6)
2023-09-18 20:30:16.922 | 04:45   90ms  300M    0G  68/ 68U [Expand] Expanding to (77.5, 52.5)
2023-09-18 20:30:18.276 | 04:48  103ms  120M    0G  67/ 68U [ActUnit] DRONE from LARVA at (97.5, 127.6)
2023-09-18 20:30:19.141 | 04:51   68ms  190M    0G  68/ 76U [ActUnit] DRONE from LARVA at (170.9, 156.1)
2023-09-18 20:30:19.302 | 04:51  115ms  155M    0G  69/ 76U [ActUnit] DRONE from LARVA at (138.3, 129.4)
2023-09-18 20:30:19.638 | 04:52   98ms  155M    0G  69/ 76U [ActUnit] DRONE from LARVA at (76.6, 151.9)
2023-09-18 20:30:20.023 | 04:52   73ms  125M    0G  70/ 76U [ActUnit] DRONE from LARVA at (134.4, 157.6)
2023-09-18 20:30:20.520 | 04:54   98ms  135M    0G  71/ 76U [ActUnit] DRONE from LARVA at (105.5, 156.6)
2023-09-18 20:30:21.684 | 04:57   79ms  310M    0G  72/ 84U [Expand] Expanding to (150.5, 81.5)
2023-09-18 20:30:22.479 | 04:59   94ms   75M    0G  72/ 84U [ActUnit] DRONE from LARVA at (170.6, 156.6)
2023-09-18 20:30:22.749 | 05:00   77ms   35M    0G  73/ 84U [ActUnit] DRONE from LARVA at (97.8, 127.8)
2023-09-18 20:30:22.923 | 05:00  164ms   20M    0G  74/ 84U [ActUnit] DRONE from LARVA at (138.2, 129.8)
2023-09-18 20:30:23.758 | 05:03   25ms   85M    0G  75/ 78U [ActUnit] OVERLORD from LARVA at (76.6, 151.9)
2023-09-18 20:30:23.759 | 05:03   25ms   35M    0G  75/ 78U [ActUnit] DRONE from LARVA at (134.6, 157.5)
2023-09-18 20:30:24.004 | 05:04   25ms   30M    0G  76/ 84U [ActUnit] DRONE from LARVA at (74.6, 106.7)
2023-09-18 20:30:24.121 | 05:04   23ms  355M    0G  76/ 84U [ActBuilding] 1. SPAWNINGPOOL near (84.2, 149.9)
2023-09-18 20:30:24.245 | 05:04   34ms  115M    0G  76/ 84U [ActUnit] DRONE from LARVA at (105.5, 156.6)
2023-09-18 20:30:24.251 | 05:04   34ms   90M    0G  76/ 84U [BuildGas] Building EXTRACTOR to (127.5, 161.5)
2023-09-18 20:30:24.356 | 05:05   25ms  110M    0G  77/ 84U [GameAnalyzer] Known army advantage is now ClearDisadvantage
2023-09-18 20:30:24.357 | 05:05   25ms  110M    0G  77/ 84U [GameAnalyzer] Predicted army advantage is now ClearDisadvantage
2023-09-18 20:30:24.624 | 05:06   25ms  445M    0G  76/ 84U [BuildGas] Building EXTRACTOR to (127.5, 157.5)
2023-09-18 20:30:25.689 | 05:10   25ms  635M    0G  74/ 84U [ActUnit] DRONE from LARVA at (97.5, 127.6)
2023-09-18 20:30:25.787 | 05:10   23ms  590M    0G  75/ 84U [ActUnit] DRONE from LARVA at (170.4, 156.8)
2023-09-18 20:30:26.779 | 05:13  116ms  730M    0G  76/ 84U [ActUnit] DRONE from LARVA at (134.4, 157.6)
2023-09-18 20:30:26.958 | 05:14   82ms  695M    0G  77/ 84U [ActUnit] DRONE from LARVA at (76.5, 151.9)
2023-09-18 20:30:27.125 | 05:14   99ms  675M    0G  78/ 84U [ActUnit] DRONE from LARVA at (74.4, 106.6)
2023-09-18 20:30:27.406 | 05:15   97ms  690M    0G  79/ 84U [ActUnit] DRONE from LARVA at (105.5, 156.6)
2023-09-18 20:30:27.865 | 05:17   31ms  730M    0G  79/ 90U [ActUnit] DRONE from LARVA at (173.5, 99.6)
2023-09-18 20:30:28.763 | 05:20   30ms  905M    0G  79/ 90U [ActUnit] DRONE from LARVA at (170.6, 156.6)
2023-09-18 20:30:28.861 | 05:21   23ms  865M    0G  80/ 98U [ActUnit] DRONE from LARVA at (97.4, 127.5)
2023-09-18 20:30:29.658 | 05:24   26ms 1025M    0G  81/ 98U [ActUnit] DRONE from LARVA at (134.4, 157.7)
2023-09-18 20:30:29.765 | 05:25   26ms  995M    0G  82/ 98U [ActUnit] DRONE from LARVA at (76.8, 151.8)
2023-09-18 20:30:29.891 | 05:25   29ms  985M    0G  83/ 98U [ActUnit] DRONE from LARVA at (74.5, 106.7)
2023-09-18 20:30:30.129 | 05:26   26ms  980M    0G  84/ 98U [ActUnit] DRONE from LARVA at (105.5, 156.6)
2023-09-18 20:30:30.249 | 05:26   24ms 1010M    0G  85/ 98U [Expand] Expanding to (138.5, 132.5)
2023-09-18 20:30:30.378 | 05:27   34ms  745M    0G  85/ 98U [Expand] Expanding to (138.5, 132.5)
2023-09-18 20:30:30.494 | 05:27   25ms  775M    0G  85/ 98U [Expand] Expanding to (138.5, 132.5)
2023-09-18 20:30:30.638 | 05:28   32ms  445M    0G  85/ 98U [ActUnit] DRONE from LARVA at (173.5, 99.6)
2023-09-18 20:30:30.644 | 05:28   32ms  445M    0G  85/ 98U [Expand] Expanding to (138.5, 132.5)
2023-09-18 20:30:30.766 | 05:28   27ms  475M    0G  85/ 98U [Expand] Expanding to (150.5, 81.5)
2023-09-18 20:30:31.154 | 05:29   34ms  585M    0G  84/ 98U [Expand] Expanding to (150.5, 81.5)
2023-09-18 20:30:31.276 | 05:30   27ms  600M    0G  84/ 98U [Expand] Expanding to (150.5, 81.5)
2023-09-18 20:30:31.424 | 05:30   35ms  315M    0G  84/ 98U [Expand] Expanding to (150.5, 81.5)
2023-09-18 20:30:31.552 | 05:31   28ms  345M    0G  83/ 98U [Expand] Expanding to (150.5, 81.5)
2023-09-18 20:30:31.695 | 05:31   33ms   25M    0G  83/ 98U [ActUnit] DRONE from LARVA at (97.5, 127.7)
2023-09-18 20:30:31.810 | 05:32   27ms   70M    0G  84/ 98U [GameAnalyzer] Known army advantage is now OverwhelmingDisadvantage
2023-09-18 20:30:31.811 | 05:32   27ms   70M    0G  84/ 98U [GameAnalyzer] Predicted army advantage is now OverwhelmingDisadvantage
2023-09-18 20:30:31.814 | 05:32   27ms   20M    0G  84/ 98U [ActUnit] DRONE from LARVA at (170.5, 156.3)
2023-09-18 20:30:32.703 | 05:35   28ms  165M    0G  85/ 98U [ActUnit] DRONE from LARVA at (76.3, 151.8)
2023-09-18 20:30:32.817 | 05:35   27ms  125M    0G  86/ 98U [ActUnit] DRONE from LARVA at (135.0, 157.6)
2023-09-18 20:30:32.972 | 05:36   29ms  105M    0G  86/ 98U [ActUnit] DRONE from LARVA at (74.5, 106.5)
2023-09-18 20:30:33.228 | 05:37   27ms  125M    0G  87/ 98U [ActUnit] DRONE from LARVA at (105.5, 156.6)
2023-09-18 20:30:33.757 | 05:38   34ms  165M    0G  88/ 98U [ActUnit] DRONE from LARVA at (173.5, 99.6)
2023-09-18 20:30:35.295 | 05:41   26ms  320M    4G  88/ 98U [Expand] Expanding to (109.5, 79.5)
2023-09-18 20:30:35.706 | 05:42   28ms   55M    4G  87/ 98U [ActUnit] DRONE from LARVA at (97.5, 127.7)
2023-09-18 20:30:35.837 | 05:42   27ms   45M    4G  88/ 98U [ActUnit] DRONE from LARVA at (170.3, 156.2)
2023-09-18 20:30:36.574 | 05:45   29ms  465M    8G  87/ 98U [Expand] Expanding to (109.5, 79.5)
2023-09-18 20:30:36.839 | 05:45   28ms  165M    8G  86/ 98U [ActUnit] DRONE from LARVA at (76.7, 151.7)
2023-09-18 20:30:36.949 | 05:46   25ms  150M    8G  86/ 98U [ActUnit] DRONE from LARVA at (134.4, 157.1)
2023-09-18 20:30:37.108 | 05:46   29ms  120M    8G  86/ 98U [ActUnit] DRONE from LARVA at (74.5, 106.7)
2023-09-18 20:30:37.359 | 05:47   27ms  115M   12G  87/ 98U [ActUnit] DRONE from LARVA at (105.5, 156.6)
2023-09-18 20:30:37.916 | 05:49   34ms  460M   20G  87/ 92U [ActUnit] DRONE from LARVA at (173.5, 99.6)
2023-09-18 20:30:39.005 | 05:53   30ms  865M   40G  88/ 92U [ActUnit] OVERLORD from LARVA at (170.5, 156.5)
2023-09-18 20:30:39.523 | 05:54   35ms  820M   48G  88/ 92U [ActUnit] QUEEN from HATCHERY at (170.5, 159.5)
2023-09-18 20:30:39.643 | 05:55   28ms  690M   52G  90/ 92U [ActUnit] QUEEN from HATCHERY at (173.5, 102.5)
2023-09-18 20:30:40.104 | 05:56   32ms  685M   56G  92/ 92U [ActUnit] OVERLORD from LARVA at (134.5, 157.8)
2023-09-18 20:30:40.220 | 05:57   86ms  655M   60G  92/ 98U [ActUnit] DRONE from LARVA at (77.6, 49.6)
2023-09-18 20:30:40.227 | 05:57   86ms  505M   60G  92/ 98U [ActUnit] QUEEN from HATCHERY at (77.5, 52.5)
2023-09-18 20:30:40.365 | 05:57   34ms  420M   64G  95/ 98U [ActUnit] OVERLORD from LARVA at (76.6, 151.4)
2023-09-18 20:30:40.366 | 05:57   34ms  370M   64G  95/ 98U [ActUnit] DRONE from LARVA at (74.4, 106.6)
2023-09-18 20:30:40.651 | 05:58   36ms  380M   68G  96/ 98U [ActUnit] DRONE from LARVA at (105.5, 156.6)
2023-09-18 20:30:41.171 | 06:00   36ms  445M   80G  97/ 98U [ActUnit] DRONE from LARVA at (173.5, 99.6)
2023-09-18 20:30:42.142 | 06:03   28ms  630M   96G  98/ 98U [Expand] Expanding to (97.5, 130.5)
2023-09-18 20:30:42.279 | 06:03   39ms  315M   96G  97/ 98U [ActUnit] DRONE from LARVA at (170.5, 156.5)
2023-09-18 20:30:42.285 | 06:03   39ms  315M   96G  97/ 98U [Expand] Expanding to (97.5, 130.5)
2023-09-18 20:30:43.376 | 06:07   39ms  195M  116G  97/ 98U [ActUnit] DRONE from LARVA at (76.7, 151.8)
2023-09-18 20:30:43.934 | 06:09   39ms  305M  128G  98/ 98U [Expand] Expanding to (97.5, 130.5)
2023-09-18 20:30:44.600 | 06:11   30ms  110M  136G  98/106U [ActUnit] DRONE from LARVA at (134.0, 157.7)
2023-09-18 20:30:44.749 | 06:11   37ms   65M  140G  98/106U [ActUnit] DRONE from LARVA at (74.5, 106.8)
2023-09-18 20:30:44.874 | 06:12   29ms  375M  144G  99/106U [ActUnit] DRONE from LARVA at (77.7, 49.1)
2023-09-18 20:30:44.881 | 06:12   29ms  375M  144G  99/106U [Expand] Expanding to (113.5, 51.5)
2023-09-18 20:30:45.018 | 06:12   37ms   45M  144G 100/106U [ActUnit] DRONE from LARVA at (105.6, 156.5)
2023-09-18 20:30:45.143 | 06:13   29ms   25M  148G 101/106U [ActUnit] DRONE from LARVA at (173.5, 99.4)
2023-09-18 20:30:45.579 | 06:14   39ms   75M  156G 102/106U [ActUnit] DRONE from LARVA at (170.5, 156.5)
2023-09-18 20:30:46.297 | 06:16   29ms  505M  168G 103/122U [Expand] Expanding to (113.5, 51.5)
2023-09-18 20:30:46.299 | 06:16   29ms  205M  168G 103/122U [Tech] Started ZERGLINGMOVEMENTSPEED
2023-09-18 20:30:46.738 | 06:18   31ms  165M   76G 103/122U [ActUnit] DRONE from LARVA at (76.6, 151.7)
2023-09-18 20:30:46.869 | 06:18   29ms  155M   76G 104/122U [ActUnit] DRONE from LARVA at (77.5, 49.7)
2023-09-18 20:30:46.877 | 06:18   29ms  155M   76G 104/122U [PlanCancelBuilding] Cancelled HATCHERY at (138.5, 132.5) with 38.17822265625 health
2023-09-18 20:30:47.029 | 06:19   35ms  350M   80G 106/122U [ActUnit] ZERGLING from LARVA at (134.7, 157.4)
2023-09-18 20:30:47.160 | 06:19   31ms  340M   84G 107/122U [ActUnit] ZERGLING from LARVA at (74.5, 106.9)
2023-09-18 20:30:47.318 | 06:19   37ms  340M   84G 108/122U [ActUnit] ZERGLING from LARVA at (105.5, 156.6)
2023-09-18 20:30:47.892 | 06:21   32ms  395M   92G 108/122U [ActUnit] DRONE from LARVA at (173.5, 99.6)
2023-09-18 20:30:48.315 | 06:23   28ms  650M  100G 108/122U [ActUnit] QUEEN from HATCHERY at (74.5, 109.5)
2023-09-18 20:30:48.460 | 06:23   40ms  515M  104G 110/122U [ActUnit] QUEEN from HATCHERY at (105.5, 159.5)
2023-09-18 20:30:49.028 | 06:25   33ms  625M  116G 112/122U [ActUnit] DRONE from LARVA at (170.4, 156.7)
2023-09-18 20:30:49.600 | 06:27   41ms  720M  124G 113/122U [ActBuilding] 1. EVOLUTIONCHAMBER near (117.8, 82.9)
2023-09-18 20:30:49.779 | 06:27   81ms  750M  124G 113/122U [ActBuilding] 1. EVOLUTIONCHAMBER near (94.9, 121.9)
2023-09-18 20:30:49.942 | 06:27   66ms  725M  128G 112/122U [ActBuilding] 2. EVOLUTIONCHAMBER near (76.0, 118.4)
2023-09-18 20:30:50.222 | 06:28   39ms  660M  132G 112/122U [ActUnit] DRONE from LARVA at (76.6, 151.8)
2023-09-18 20:30:50.352 | 06:29   30ms  630M  136G 113/122U [ActUnit] ZERGLING from LARVA at (77.6, 49.6)
2023-09-18 20:30:50.508 | 06:29   41ms  650M  140G 114/122U [ActUnit] ZERGLING from LARVA at (74.5, 106.7)
2023-09-18 20:30:50.638 | 06:30   31ms  625M  140G 115/122U [ActUnit] ZERGLING from LARVA at (134.5, 157.3)
2023-09-18 20:30:50.795 | 06:30   54ms  610M  144G 115/122U [ActUnit] DRONE from LARVA at (105.5, 156.6)
2023-09-18 20:30:50.938 | 06:31   31ms  625M  144G 116/122U [Inject] injecting hatch (173.5, 102.5)
2023-09-18 20:30:51.087 | 06:31   42ms  645M  148G 116/122U [Inject] injecting hatch (77.5, 52.5)
2023-09-18 20:30:51.374 | 06:32   41ms  660M  152G 116/122U [ActUnit] ZERGLING from LARVA at (173.5, 99.6)
2023-09-18 20:30:51.662 | 06:33   35ms  720M  156G 116/122U [Inject] injecting hatch (74.5, 109.5)
2023-09-18 20:30:52.506 | 06:35   35ms  880M  172G 116/122U [ActUnit] DRONE from LARVA at (170.4, 156.6)
2023-09-18 20:30:52.513 | 06:35   35ms  880M  172G 116/122U [Expand] Expanding to (138.5, 132.5)
2023-09-18 20:30:52.657 | 06:36   34ms  615M  172G 117/122U [Expand] Expanding to (138.5, 132.5)
2023-09-18 20:30:52.816 | 06:36   47ms  330M  176G 117/122U [Expand] Expanding to (138.5, 132.5)
2023-09-18 20:30:54.536 | 06:39   35ms  195M  192G 117/122U [ActUnit] ZERGLING from LARVA at (76.6, 151.4)
2023-09-18 20:30:54.675 | 06:40   30ms  125M  196G 118/122U [ActUnit] OVERLORD from LARVA at (77.5, 49.7)
2023-09-18 20:30:54.678 | 06:40   30ms   75M  196G 118/122U [ActUnit] ZERGLING from LARVA at (134.3, 157.6)
2023-09-18 20:30:54.836 | 06:40   45ms    0M  196G 119/122U [ActUnit] OVERLORD from LARVA at (74.4, 106.6)
2023-09-18 20:30:55.157 | 06:41   39ms   45M  200G 119/122U [ActUnit] ZERGLING from LARVA at (105.5, 156.6)
2023-09-18 20:30:55.757 | 06:43   36ms  105M  212G 119/122U [ActUnit] DRONE from LARVA at (173.5, 99.6)
2023-09-18 20:30:56.171 | 06:44   33ms  815M  220G 120/122U [Expand] Expanding to (142.5, 52.5)
2023-09-18 20:30:56.327 | 06:44   39ms  540M  220G 120/122U [Expand] Expanding to (142.5, 52.5)
2023-09-18 20:30:56.629 | 06:45   45ms  315M  224G 120/122U [Expand] Expanding to (142.5, 52.5)
2023-09-18 20:30:56.940 | 06:46   39ms   60M  228G 120/122U [ActUnit] ZERGLING from LARVA at (170.4, 156.6)
2023-09-18 20:30:57.985 | 06:49   34ms  565M  248G 120/122U [GameAnalyzer] Known army advantage is now ClearDisadvantage
2023-09-18 20:30:57.986 | 06:49   34ms  565M  248G 120/122U [GameAnalyzer] Predicted army advantage is now ClearDisadvantage
2023-09-18 20:30:58.135 | 06:50   41ms  535M  248G 120/122U [ActUnit] DRONE from LARVA at (76.7, 151.6)
2023-09-18 20:30:58.271 | 06:50   34ms  540M  252G 121/122U [ActUnit] ZERGLING from LARVA at (77.5, 49.6)
2023-09-18 20:30:58.578 | 06:51   37ms  555M  256G 122/128U [ActUnit] ZERGLING from LARVA at (134.1, 157.5)
2023-09-18 20:30:58.728 | 06:52   43ms  570M  260G 123/128U [ActUnit] ZERGLING from LARVA at (73.9, 106.9)
2023-09-18 20:30:58.863 | 06:52   33ms  595M  260G 124/128U [GameAnalyzer] Known army advantage is now OverwhelmingDisadvantage
2023-09-18 20:30:58.864 | 06:52   33ms  595M  260G 124/128U [GameAnalyzer] Predicted army advantage is now OverwhelmingDisadvantage
2023-09-18 20:30:58.867 | 06:52   33ms  545M  260G 124/128U [ActUnit] ZERGLING from LARVA at (150.8, 78.4)
2023-09-18 20:30:59.023 | 06:52   46ms  515M  264G 125/128U [ActUnit] ZERGLING from LARVA at (105.7, 156.3)
2023-09-18 20:30:59.313 | 06:53   42ms  535M  268G 126/128U [ActUnit] ZERGLING from LARVA at (173.5, 99.6)
2023-09-18 20:30:59.893 | 06:55   41ms  665M  276G 127/128U [Tech] Started ZERGMELEEWEAPONSLEVEL1
2023-09-18 20:31:00.378 | 06:56   34ms  965M  184G 126/128U [GameAnalyzer] Known army advantage is now ClearDisadvantage
2023-09-18 20:31:00.380 | 06:56   34ms  965M  184G 126/128U [GameAnalyzer] Predicted army advantage is now ClearDisadvantage
2023-09-18 20:31:00.536 | 06:57   46ms  990M  188G 126/128U [ActUnit] DRONE from LARVA at (170.5, 156.7)
2023-09-18 20:31:00.685 | 06:57   35ms 1010M  192G 127/128U [Tech] Started ZERGGROUNDARMORSLEVEL1
2023-09-18 20:31:01.105 | 06:59   48ms  940M   50G 127/144U [Expand] Expanding to (109.5, 79.5)
2023-09-18 20:31:01.107 | 06:59   48ms  640M   50G 127/144U [Inject] injecting hatch (76.5, 154.5)
2023-09-18 20:31:01.239 | 06:59   36ms  665M   50G 127/144U [Expand] Expanding to (109.5, 79.5)
2023-09-18 20:31:01.241 | 06:59   36ms  365M   50G 127/144U [Inject] injecting hatch (105.5, 159.5)
2023-09-18 20:31:01.411 | 07:00   40ms  715M   54G 126/144U [Expand] Expanding to (109.5, 79.5)
2023-09-18 20:31:01.564 | 07:00   36ms  465M   54G 126/144U [Expand] Expanding to (109.5, 79.5)
2023-09-18 20:31:01.712 | 07:00   45ms  150M   58G 126/144U [ActUnit] DRONE from LARVA at (134.6, 157.6)
2023-09-18 20:31:01.849 | 07:01   35ms  115M   58G 127/144U [ActUnit] ZERGLING from LARVA at (77.4, 49.6)
2023-09-18 20:31:02.004 | 07:01   39ms  115M   62G 128/144U [ActUnit] ZERGLING from LARVA at (76.7, 151.6)
2023-09-18 20:31:02.142 | 07:02   34ms   90M   66G 129/144U [ActUnit] ZERGLING from LARVA at (74.9, 106.4)
2023-09-18 20:31:02.303 | 07:02   42ms   80M   66G 128/144U [ActUnit] ZERGLING from LARVA at (150.2, 78.8)
2023-09-18 20:31:02.439 | 07:03   35ms  100M   70G 129/144U [ActUnit] ZERGLING from LARVA at (105.2, 156.7)
2023-09-18 20:31:02.447 | 07:03   35ms  100M   70G 129/144U [Inject] injecting hatch (150.5, 81.5)
2023-09-18 20:31:02.893 | 07:04   49ms  115M   78G 129/144U [ActUnit] DRONE from LARVA at (173.5, 99.6)
2023-09-18 20:31:03.903 | 07:07   33ms  390M   94G 130/144U [Inject] injecting hatch (77.5, 52.5)
2023-09-18 20:31:04.273 | 07:08   42ms  365M   98G 130/144U [ActUnit] ZERGLING from LARVA at (170.6, 156.6)
2023-09-18 20:31:04.754 | 07:09   39ms  465M  106G 131/144U [GameAnalyzer] Known army advantage is now SmallDisadvantage
2023-09-18 20:31:04.755 | 07:09   39ms  465M  106G 131/144U [GameAnalyzer] Predicted army advantage is now SmallDisadvantage
2023-09-18 20:31:04.947 | 07:09   44ms  375M  106G 131/144U [ActUnit] QUEEN from HATCHERY at (170.5, 159.5)
2023-09-18 20:31:05.640 | 07:11   41ms  445M  114G 133/144U [ActUnit] ZERGLING from LARVA at (76.3, 151.4)
2023-09-18 20:31:05.804 | 07:12   41ms  435M  118G 134/144U [ActUnit] ZERGLING from LARVA at (77.5, 49.7)
2023-09-18 20:31:06.002 | 07:12   45ms  435M  122G 134/144U [ActUnit] ZERGLING from LARVA at (134.2, 157.4)
2023-09-18 20:31:06.012 | 07:12   45ms  260M   22G 134/144U [BuildGas] Building EXTRACTOR to (80.5, 161.5)
2023-09-18 20:31:06.175 | 07:13   45ms  255M   22G 135/144U [ActUnit] ZERGLING from LARVA at (74.5, 106.4)
2023-09-18 20:31:06.344 | 07:13   43ms  215M   26G 136/144U [ActUnit] ZERGLING from LARVA at (105.5, 156.6)
2023-09-18 20:31:06.511 | 07:13   42ms  250M   30G 137/144U [GameAnalyzer] Known army advantage is now ClearDisadvantage
2023-09-18 20:31:06.513 | 07:13   42ms  250M   30G 137/144U [GameAnalyzer] Predicted army advantage is now ClearDisadvantage
2023-09-18 20:31:06.515 | 07:13   42ms  200M   30G 137/144U [ActUnit] ZERGLING from LARVA at (150.4, 78.9)
2023-09-18 20:31:07.030 | 07:15   40ms 1175M   34G 137/144U [ActUnit] DRONE from LARVA at (173.5, 99.6)
2023-09-18 20:31:08.428 | 07:18   42ms 1440M   54G 135/144U [GameAnalyzer] Known army advantage is now SmallDisadvantage
2023-09-18 20:31:08.429 | 07:18   42ms 1440M   54G 135/144U [GameAnalyzer] Predicted army advantage is now SmallDisadvantage
2023-09-18 20:31:08.430 | 07:18   42ms 1390M   54G 135/144U [ActUnit] DRONE from LARVA at (170.5, 156.7)
2023-09-18 20:31:09.763 | 07:22   47ms 1635M   74G 135/144U [ActUnit] DRONE from LARVA at (134.4, 157.7)
2023-09-18 20:31:09.921 | 07:22   41ms 1615M   78G 135/144U [ActUnit] DRONE from LARVA at (76.6, 151.9)
2023-09-18 20:31:10.095 | 07:23   44ms 1585M   78G 136/150U [ActUnit] DRONE from LARVA at (97.7, 127.6)
2023-09-18 20:31:10.245 | 07:23   37ms 1570M   82G 137/150U [ActUnit] DRONE from LARVA at (150.4, 78.5)
2023-09-18 20:31:10.432 | 07:24   45ms 1590M   86G 138/150U [ActUnit] ZERGLING from LARVA at (77.9, 49.9)
2023-09-18 20:31:10.592 | 07:24   43ms 1565M   86G 139/150U [ActUnit] ZERGLING from LARVA at (74.0, 106.9)
2023-09-18 20:31:10.777 | 07:25   47ms 1535M   90G 140/150U [ActUnit] ZERGLING from LARVA at (105.7, 156.8)
2023-09-18 20:31:10.951 | 07:25   37ms 1425M   90G 139/150U [ActUnit] QUEEN from HATCHERY at (74.5, 109.5)
2023-09-18 20:31:11.184 | 07:25   47ms 1415M   94G 141/150U [ActUnit] ZERGLING from LARVA at (173.5, 99.6)
2023-09-18 20:31:12.533 | 07:29   45ms 1655M  114G 140/150U [ActUnit] DRONE from LARVA at (170.5, 156.5)
2023-09-18 20:31:12.706 | 07:30   40ms 1620M  114G 141/150U [ActUnit] ZERGLING from LARVA at (106.4, 156.7)
2023-09-18 20:31:12.877 | 07:30   55ms 1595M  118G 142/150U [ActUnit] ZERGLING from LARVA at (104.8, 156.6)
2023-09-18 20:31:13.040 | 07:30   39ms 1605M  118G 143/150U [ActUnit] ZERGLING from LARVA at (105.0, 156.3)
2023-09-18 20:31:13.223 | 07:31   47ms 1615M  122G 144/150U [ActUnit] ZERGLING from LARVA at (173.4, 99.7)
2023-09-18 20:31:13.231 | 07:31   47ms 1590M  122G 144/150U [BuildGas] Building EXTRACTOR to (101.5, 137.5)
2023-09-18 20:31:13.232 | 07:31   47ms 1590M  122G 144/150U [Inject] injecting hatch (105.5, 159.5)
2023-09-18 20:31:13.388 | 07:31   41ms 1560M  126G 145/150U [ActUnit] ZERGLING from LARVA at (174.8, 99.6)
2023-09-18 20:31:13.572 | 07:32   47ms 1490M  126G 146/150U [ActUnit] OVERLORD from LARVA at (174.8, 99.6)
2023-09-18 20:31:13.918 | 07:33   58ms 1425M  134G 146/150U [ActUnit] OVERLORD from LARVA at (76.6, 151.4)
2023-09-18 20:31:13.919 | 07:33   58ms 1375M  134G 146/150U [ActUnit] ZERGLING from LARVA at (134.6, 157.5)
2023-09-18 20:31:14.084 | 07:33   41ms 1395M  134G 147/150U [ActUnit] ZERGLING from LARVA at (77.5, 49.6)
2023-09-18 20:31:14.285 | 07:34   45ms 1375M  138G 148/156U [ActUnit] ZERGLING from LARVA at (113.5, 48.5)
2023-09-18 20:31:14.460 | 07:34   39ms 1355M  138G 148/156U [ActUnit] ZERGLING from LARVA at (74.9, 106.5)
2023-09-18 20:31:14.654 | 07:34   43ms 1340M  142G 149/156U [ActUnit] ZERGLING from LARVA at (150.8, 78.2)
2023-09-18 20:31:14.824 | 07:35   39ms 1330M  142G 150/156U [ActUnit] ZERGLING from LARVA at (97.2, 127.1)
2023-09-18 20:31:15.900 | 07:35   50ms 1310M  146G 151/156U [ActUnit] ZERGLING from LARVA at (74.5, 106.6)
2023-09-18 20:31:16.070 | 07:36   44ms 1330M  150G 152/156U [ActUnit] ZERGLING from LARVA at (73.6, 106.8)
2023-09-18 20:31:16.258 | 07:36   52ms 1315M  150G 153/156U [ActUnit] ZERGLING from LARVA at (74.0, 106.9)
2023-09-18 20:31:16.433 | 07:37   42ms 1295M  154G 154/156U [ActUnit] ZERGLING from LARVA at (105.7, 156.9)
2023-09-18 20:31:16.795 | 07:38   40ms 1295M  158G 155/156U [ActUnit] ZERGLING from LARVA at (173.7, 99.5)
2023-09-18 20:31:17.546 | 07:39   40ms 1410M  166G 156/156U [Inject] injecting hatch (113.5, 51.5)
2023-09-18 20:31:17.754 | 07:40   53ms 1410M  170G 155/156U [ActUnit] DRONE from LARVA at (170.5, 156.7)
2023-09-18 20:31:20.173 | 07:46   40ms 1825M  206G 156/156U [Inject] injecting hatch (170.5, 159.5)
2023-09-18 20:31:21.103 | 07:48   46ms 1985M  222G 156/156U [GameAnalyzer] Known army advantage is now SlightDisadvantage
2023-09-18 20:31:21.104 | 07:48   46ms 1985M  222G 156/156U [GameAnalyzer] Predicted army advantage is now SlightDisadvantage
2023-09-18 20:31:22.030 | 07:50   43ms 2060M  238G 156/164U [ActUnit] ZERGLING from LARVA at (113.9, 48.6)
2023-09-18 20:31:22.232 | 07:50   48ms 2050M  246G 157/164U [ActUnit] ZERGLING from LARVA at (170.6, 156.7)
2023-09-18 20:31:22.399 | 07:51   40ms 2010M  246G 158/172U [ActUnit] ZERGLING from LARVA at (150.6, 78.6)
2023-09-18 20:31:22.616 | 07:51   46ms 1995M  250G 159/172U [ActUnit] ZERGLING from LARVA at (135.1, 157.4)
2023-09-18 20:31:22.794 | 07:52   45ms 1985M  254G 159/172U [ActUnit] DRONE from LARVA at (151.6, 79.0)
2023-09-18 20:31:22.994 | 07:52   43ms 1980M  254G 159/172U [ActUnit] DRONE from LARVA at (74.3, 106.8)
2023-09-18 20:31:23.178 | 07:53   41ms 1960M  262G 160/172U [ActUnit] ZERGLING from LARVA at (149.4, 79.0)
2023-09-18 20:31:23.369 | 07:53   52ms 1955M  266G 161/172U [ActUnit] ZERGLING from LARVA at (173.0, 99.6)
2023-09-18 20:31:23.374 | 07:53   52ms 1955M  266G 161/172U [Inject] injecting hatch (74.5, 109.5)
2023-09-18 20:31:23.550 | 07:54   42ms 1910M  266G 162/178U [ActUnit] ZERGLING from LARVA at (105.4, 156.9)
2023-09-18 20:31:23.747 | 07:54   54ms 1930M  266G 163/178U [GameAnalyzer] Known army advantage is now Even
2023-09-18 20:31:23.749 | 07:54   54ms 1930M  266G 163/178U [GameAnalyzer] Predicted army advantage is now Even
2023-09-18 20:31:23.750 | 07:54   54ms 1880M  266G 163/178U [ActUnit] ZERGLING from LARVA at (97.6, 127.6)
2023-09-18 20:31:23.924 | 07:55   43ms 1865M  270G 164/178U [ActUnit] ZERGLING from LARVA at (77.5, 49.7)
2023-09-18 20:31:24.147 | 07:55   44ms 1840M  278G 165/178U [ActUnit] ZERGLING from LARVA at (138.1, 129.9)
2023-09-18 20:31:24.339 | 07:55   43ms 1825M  278G 165/178U [ActUnit] DRONE from LARVA at (134.9, 157.8)
2023-09-18 20:31:24.545 | 07:56   50ms 1800M  282G 166/178U [ActUnit] ZERGLING from LARVA at (75.8, 151.9)
2023-09-18 20:31:24.733 | 07:56   42ms 1840M  286G 167/178U [GameAnalyzer] Known army advantage is now SlightDisadvantage
2023-09-18 20:31:24.734 | 07:56   42ms 1840M  286G 167/178U [GameAnalyzer] Predicted army advantage is now SlightDisadvantage
2023-09-18 20:31:24.736 | 07:56   42ms 1790M  286G 167/178U [ActUnit] ZERGLING from LARVA at (75.8, 151.9)
2023-09-18 20:31:24.961 | 07:57   58ms 1770M  286G 167/178U [ActUnit] DRONE from LARVA at (74.7, 106.6)
2023-09-18 20:31:25.147 | 07:57   41ms 1780M  294G 167/178U [ActUnit] ZERGLING from LARVA at (105.4, 156.8)
2023-09-18 20:31:25.362 | 07:58   46ms 1755M  298G 168/178U [ActUnit] ZERGLING from LARVA at (113.1, 48.7)
2023-09-18 20:31:25.548 | 07:58   43ms 1735M  302G 168/178U [ActUnit] DRONE from LARVA at (77.6, 49.7)
2023-09-18 20:31:25.772 | 07:59   50ms 1715M  306G 169/178U [ActUnit] ZERGLING from LARVA at (97.2, 127.9)
2023-09-18 20:31:25.958 | 07:59   41ms 1645M  306G 170/172U [ActUnit] OVERLORD from LARVA at (149.2, 79.0)
2023-09-18 20:31:25.961 | 07:59   41ms 1595M  306G 170/172U [ActUnit] ZERGLING from LARVA at (173.7, 99.7)
2023-09-18 20:31:25.973 | 07:59   41ms 1595M  306G 170/172U [Expand] Expanding to (150.5, 81.5)
2023-09-18 20:31:26.190 | 07:59   58ms 1310M  314G 169/172U [Expand] Expanding to (150.5, 81.5)
2023-09-18 20:31:26.386 | 08:00   45ms 1050M  314G 169/172U [Expand] Expanding to (150.5, 81.5)
2023-09-18 20:31:26.668 | 08:00   57ms  770M  318G 169/172U [Expand] Expanding to (150.5, 81.5)
2023-09-18 20:31:26.853 | 08:01  103ms  395M  322G 169/172U [ActUnit] OVERLORD from LARVA at (105.5, 156.6)
2023-09-18 20:31:26.861 | 08:01  103ms  395M  322G 169/172U [Expand] Expanding to (150.5, 81.5)
2023-09-18 20:31:27.086 | 08:01   52ms   90M  322G 169/172U [ActUnit] DRONE from LARVA at (104.6, 156.8)
2023-09-18 20:31:27.283 | 08:02   45ms   70M  330G 170/172U [ActUnit] DRONE from LARVA at (170.4, 156.9)
2023-09-18 20:31:27.509 | 08:02   58ms   65M  334G 171/172U [ActUnit] ZERGLING from LARVA at (104.5, 156.9)
2023-09-18 20:31:27.723 | 08:03   46ms  105M  334G 172/172U [Inject] injecting hatch (138.5, 132.5)
2023-09-18 20:31:28.526 | 08:04   44ms  760M  350G 169/172U [ActUnit] DRONE from LARVA at (138.6, 129.6)
2023-09-18 20:31:28.733 | 08:05   51ms  745M  354G 170/172U [ActUnit] DRONE from LARVA at (76.5, 151.9)
2023-09-18 20:31:28.911 | 08:05   46ms  715M  358G 171/172U [ActUnit] DRONE from LARVA at (134.8, 157.3)
2023-09-18 20:31:30.040 | 08:08   43ms  925M  382G 172/172U [Inject] injecting hatch (77.5, 52.5)
2023-09-18 20:31:30.433 | 08:09   45ms 1280M  390G 172/172U [GameAnalyzer] Known army advantage is now Even
2023-09-18 20:31:30.435 | 08:09   45ms 1280M  390G 172/172U [GameAnalyzer] Predicted army advantage is now Even
2023-09-18 20:31:34.004 | 08:15  119ms 2025M  442G 172/178U [ActUnit] ZERGLING from LARVA at (77.7, 49.5)
2023-09-18 20:31:34.235 | 08:16   98ms 2020M  442G 173/178U [ActUnit] ZERGLING from LARVA at (77.2, 49.9)
2023-09-18 20:31:34.473 | 08:16  113ms 2000M  450G 174/178U [ActUnit] ZERGLING from LARVA at (97.3, 127.5)
2023-09-18 20:31:34.706 | 08:17  105ms 1970M  454G 175/178U [ActUnit] ZERGLING from LARVA at (74.5, 106.9)
2023-09-18 20:31:34.900 | 08:17  109ms 1940M  454G 176/186U [ActUnit] ZERGLING from LARVA at (77.2, 49.5)
2023-09-18 20:31:34.906 | 08:17  109ms 1940M  454G 176/186U [Inject] injecting hatch (173.5, 102.5)
2023-09-18 20:31:35.091 | 08:18   46ms 1910M  462G 177/186U [ActUnit] ZERGLING from LARVA at (171.2, 156.3)
2023-09-18 20:31:35.273 | 08:18   59ms 1895M  462G 178/186U [ActUnit] ZERGLING from LARVA at (113.7, 48.3)
2023-09-18 20:31:35.440 | 08:19   45ms 1890M  466G 179/186U [ActUnit] ZERGLING from LARVA at (76.3, 151.3)
2023-09-18 20:31:35.635 | 08:19   59ms 1870M  466G 180/194U [ActUnit] ZERGLING from LARVA at (134.2, 157.1)
2023-09-18 20:31:35.812 | 08:20   45ms 1860M  474G 181/194U [ActUnit] ZERGLING from LARVA at (74.0, 106.8)
2023-09-18 20:31:36.002 | 08:20   61ms 1840M  478G 182/194U [ActUnit] ZERGLING from LARVA at (169.1, 157.0)
2023-09-18 20:31:36.227 | 08:20   70ms 1825M  478G 183/194U [ActUnit] ZERGLING from LARVA at (171.4, 156.9)
2023-09-18 20:31:36.423 | 08:21  108ms 1840M  486G 184/194U [ActUnit] ZERGLING from LARVA at (169.5, 156.8)
2023-09-18 20:31:36.660 | 08:21   65ms 1805M  490G 185/194U [ActUnit] ZERGLING from LARVA at (97.7, 127.9)
2023-09-18 20:31:36.884 | 08:22  116ms 1795M  490G 186/194U [ActUnit] ZERGLING from LARVA at (172.9, 99.6)
2023-09-18 20:31:37.109 | 08:22   98ms 1755M  498G 187/194U [ActUnit] ZERGLING from LARVA at (105.8, 156.8)
2023-09-18 20:31:37.297 | 08:23  115ms 1730M  502G 188/194U [ActUnit] ZERGLING from LARVA at (109.3, 76.2)
2023-09-18 20:31:37.469 | 08:23   45ms 1695M  502G 189/194U [ActUnit] ZERGLING from LARVA at (76.1, 151.8)
2023-09-18 20:31:37.662 | 08:24   57ms 1640M  506G 190/194U [ActUnit] OVERLORD from LARVA at (75.4, 152.0)
2023-09-18 20:31:37.664 | 08:24   57ms 1590M  506G 190/194U [ActUnit] ZERGLING from LARVA at (77.9, 49.7)
2023-09-18 20:31:37.839 | 08:24   51ms 1525M  510G 191/194U [ActUnit] OVERLORD from LARVA at (105.1, 156.9)
2023-09-18 20:31:37.841 | 08:24   51ms 1475M  510G 191/194U [ActUnit] ZERGLING from LARVA at (138.5, 129.9)
2023-09-18 20:31:37.853 | 08:24   51ms 1475M  510G 191/194U [PlanZoneAttack] Supply is 191 -> attack!
2023-09-18 20:31:37.855 | 08:24   51ms 1475M  510G 191/194U [PlanZoneAttack] Attack started at 62.00 power.
2023-09-18 20:31:38.036 | 08:24   60ms 1500M  514G 191/194U [ActUnit] DRONE from LARVA at (114.0, 48.4)
2023-09-18 20:31:38.246 | 08:25   63ms 1480M  514G 192/194U [ActUnit] ZERGLING from LARVA at (75.2, 152.2)
2023-09-18 20:31:38.482 | 08:25   67ms 1475M  522G 193/194U [ActUnit] ZERGLING from LARVA at (173.6, 99.9)
2023-09-18 20:31:41.965 | 08:32   87ms 1920M  590G 191/194U [ActUnit] ZERGLING from LARVA at (105.0, 156.5)
2023-09-18 20:31:42.315 | 08:32  161ms 1955M  590G 190/194U [GameAnalyzer] Known army advantage is now SlightDisadvantage
2023-09-18 20:31:42.316 | 08:32  161ms 1955M  590G 190/194U [GameAnalyzer] Predicted army advantage is now SlightDisadvantage
2023-09-18 20:31:42.322 | 08:32  161ms 1905M  590G 190/194U [ActUnit] ZERGLING from LARVA at (114.3, 48.7)
2023-09-18 20:31:42.589 | 08:32   84ms 1890M  598G 191/194U [ActUnit] ZERGLING from LARVA at (77.8, 49.7)
2023-09-18 20:31:42.844 | 08:33   77ms 1915M  602G 192/194U [GameAnalyzer] Known army advantage is now Even
2023-09-18 20:31:42.846 | 08:33   77ms 1915M  602G 192/194U [GameAnalyzer] Predicted army advantage is now Even
2023-09-18 20:31:42.852 | 08:33   77ms 1865M  602G 192/194U [ActUnit] ZERGLING from LARVA at (112.5, 48.4)
2023-09-18 20:31:43.903 | 08:33   90ms 1835M  606G 193/194U [ActUnit] ZERGLING from LARVA at (112.4, 48.3)
2023-09-18 20:31:44.429 | 08:34   96ms 1875M  614G 193/194U [ActUnit] ZERGLING from LARVA at (171.0, 156.4)
2023-09-18 20:31:44.437 | 08:34   96ms 1875M  614G 193/194U [Inject] injecting hatch (105.5, 159.5)
2023-09-18 20:31:45.011 | 08:35  111ms 1945M  622G 190/194U [ActUnit] DRONE from LARVA at (113.4, 48.2)
2023-09-18 20:31:45.303 | 08:36  102ms 1915M  630G 190/194U [ActUnit] ZERGLING from LARVA at (74.6, 106.8)
2023-09-18 20:31:45.571 | 08:36  114ms 1950M  638G 190/194U [GameAnalyzer] Known army advantage is now SlightDisadvantage
2023-09-18 20:31:45.572 | 08:36  114ms 1950M  638G 190/194U [GameAnalyzer] Predicted army advantage is now SlightDisadvantage
2023-09-18 20:31:45.577 | 08:36  114ms 1900M  638G 190/194U [ActUnit] ZERGLING from LARVA at (174.2, 99.6)
2023-09-18 20:31:45.854 | 08:36  103ms 1865M  638G 187/194U [ActUnit] ZERGLING from LARVA at (138.8, 129.2)
2023-09-18 20:31:45.862 | 08:36  103ms 1865M  638G 187/194U [Inject] injecting hatch (76.5, 154.5)
2023-09-18 20:31:46.121 | 08:37  102ms 1860M  646G 188/194U [ActUnit] ZERGLING from LARVA at (76.8, 151.9)
2023-09-18 20:31:46.398 | 08:37   96ms 1830M  650G 188/194U [ActUnit] ZERGLING from LARVA at (138.6, 129.3)
2023-09-18 20:31:46.663 | 08:38  101ms 1820M  654G 187/194U [ActUnit] ZERGLING from LARVA at (109.8, 76.1)
2023-09-18 20:31:46.924 | 08:38   90ms 1805M  658G 186/194U [ActUnit] ZERGLING from LARVA at (134.3, 157.2)
2023-09-18 20:31:47.175 | 08:39   90ms 1790M  662G 187/194U [ActUnit] ZERGLING from LARVA at (108.8, 76.5)
2023-09-18 20:31:47.420 | 08:39   81ms 1775M  670G 188/194U [ActUnit] ZERGLING from LARVA at (134.4, 157.2)
2023-09-18 20:31:47.668 | 08:40   84ms 1770M  670G 188/194U [ActUnit] ZERGLING from LARVA at (77.8, 49.9)
2023-09-18 20:31:47.676 | 08:40   84ms 1770M  670G 188/194U [Inject] injecting hatch (113.5, 51.5)
2023-09-18 20:31:47.949 | 08:40   98ms 1780M  678G 189/194U [ActUnit] ZERGLING from LARVA at (98.8, 127.8)
2023-09-18 20:31:48.205 | 08:40  104ms 1760M  686G 189/194U [ActUnit] ZERGLING from LARVA at (170.5, 156.4)
2023-09-18 20:31:48.473 | 08:41   90ms 1745M  686G 190/194U [ActUnit] ZERGLING from LARVA at (105.7, 156.7)
2023-09-18 20:31:48.754 | 08:41  111ms 1725M  694G 191/194U [ActUnit] ZERGLING from LARVA at (75.0, 106.6)
2023-09-18 20:31:49.085 | 08:42   95ms 1715M  702G 191/200U [ActUnit] ZERGLING from LARVA at (97.7, 127.9)
2023-09-18 20:31:49.357 | 08:42  154ms 1680M  702G 192/200U [ActUnit] ZERGLING from LARVA at (173.8, 99.4)
2023-09-18 20:31:49.620 | 08:43   88ms 1705M  710G 193/200U [GameAnalyzer] Known army advantage is now Even
2023-09-18 20:31:49.623 | 08:43   88ms 1655M  710G 193/200U [ActUnit] ZERGLING from LARVA at (76.5, 151.8)
2023-09-18 20:31:49.892 | 08:43   99ms 1710M  710G 193/200U [GameAnalyzer] Known army advantage is now SlightDisadvantage
2023-09-18 20:31:51.253 | 08:45   89ms 1860M  734G 192/200U [ActUnit] ZERGLING from LARVA at (113.5, 48.5)
2023-09-18 20:31:52.469 | 08:47   88ms 1945M  758G 193/200U [ActUnit] ZERGLING from LARVA at (77.6, 49.5)
2023-09-18 20:31:52.774 | 08:48  112ms 1925M  758G 193/200U [ActUnit] ZERGLING from LARVA at (138.6, 129.9)
2023-09-18 20:31:53.058 | 08:48   84ms 1910M  766G 194/200U [ActUnit] ZERGLING from LARVA at (134.6, 157.5)
2023-09-18 20:31:53.354 | 08:49  102ms 1915M  766G 195/200U [ActUnit] ZERGLING from LARVA at (109.5, 76.0)
2023-09-18 20:31:53.637 | 08:49   89ms 1910M  774G 196/200U [ActUnit] ZERGLING from LARVA at (97.1, 127.3)
2023-09-18 20:31:53.954 | 08:49  120ms 1915M  782G 196/200U [ActUnit] ZERGLING from LARVA at (170.4, 156.5)
2023-09-18 20:31:53.963 | 08:49  120ms 1915M  782G 196/200U [Inject] injecting hatch (170.5, 159.5)
2023-09-18 20:31:54.245 | 08:50   88ms 1890M  782G 195/200U [ActUnit] ZERGLING from LARVA at (75.0, 106.9)
2023-09-18 20:31:54.256 | 08:50   88ms 1890M  782G 195/200U [Tech] Started ZERGMELEEWEAPONSLEVEL2
2023-09-18 20:31:54.571 | 08:50  106ms 1725M  640G 196/200U [ActUnit] ZERGLING from LARVA at (76.4, 151.7)
2023-09-18 20:31:55.136 | 08:51   95ms 1725M  648G 197/200U [ActUnit] ZERGLING from LARVA at (138.5, 129.6)
2023-09-18 20:31:55.415 | 08:52   84ms 1720M  656G 198/200U [ActUnit] ZERGLING from LARVA at (78.4, 49.8)
2023-09-18 20:31:55.708 | 08:52   94ms 1715M  660G 198/200U [ActUnit] ZERGLING from LARVA at (139.6, 130.0)
2023-09-18 20:31:55.717 | 08:52   94ms 1715M  660G 198/200U [Expand] Expanding to (142.5, 52.5)
2023-09-18 20:31:55.718 | 08:52   94ms 1415M  660G 198/200U [Tech] Started ZERGGROUNDARMORSLEVEL2
2023-09-18 20:31:55.984 | 08:53   91ms 1175M  439G 199/200U [ActUnit] ZERGLING from LARVA at (173.7, 99.7)
2023-09-18 20:31:55.993 | 08:53   91ms 1175M  439G 199/200U [Expand] Expanding to (142.5, 52.5)
2023-09-18 20:31:55.995 | 08:53   91ms  875M  439G 199/200U [ActBuilding] 1. INFESTATIONPIT near (100.1, 121.9)
2023-09-18 20:31:56.252 | 08:53  102ms  760M  347G 199/200U [ActUnit] ZERGLING from LARVA at (77.4, 49.9)
2023-09-18 20:31:56.263 | 08:53  102ms  760M  347G 199/200U [Expand] Expanding to (142.5, 52.5)
2023-09-18 20:31:56.544 | 08:53  100ms  505M  347G 200/200U [GameAnalyzer] Known army advantage is now Even
2023-09-18 20:31:56.560 | 08:53  100ms  505M  347G 200/200U [Expand] Expanding to (142.5, 52.5)
2023-09-18 20:31:57.120 | 08:54   96ms  245M  355G 199/200U [ActUnit] ZERGLING from LARVA at (76.7, 49.9)
2023-09-18 20:31:57.714 | 08:55  104ms  300M  371G 200/200U [Expand] Expanding to (142.5, 52.5)
2023-09-18 20:31:58.311 | 08:56   98ms   25M  379G 199/200U [ActUnit] DRONE from LARVA at (113.6, 48.7)
2023-09-18 20:31:58.979 | 08:57  101ms   30M  387G 198/200U [ActUnit] ZERGLING from LARVA at (105.9, 156.8)
2023-09-18 20:31:59.281 | 08:57  105ms   35M  395G 199/200U [ActUnit] ZERGLING from LARVA at (137.5, 129.9)
2023-09-18 20:31:59.888 | 08:58  110ms   55M  403G 199/200U [ActUnit] ZERGLING from LARVA at (134.6, 157.6)
2023-09-18 20:32:00.819 | 09:00   98ms  120M  419G 198/200U [ActUnit] DRONE from LARVA at (77.4, 49.4)
2023-09-18 20:32:01.292 | 09:00  102ms  145M  419G 199/200U [GameAnalyzer] Predicted army advantage is now Even
2023-09-18 20:32:01.295 | 09:00  102ms   95M  419G 199/200U [ActUnit] ZERGLING from LARVA at (109.8, 76.2)
2023-09-18 20:32:02.870 | 09:02  107ms  255M  443G 200/200U [GameAnalyzer] Predicted army advantage is now SlightDisadvantage
2023-09-18 20:32:03.204 | 09:03  124ms  555M  451G 198/200U [ActUnit] ZERGLING from LARVA at (97.0, 127.9)
2023-09-18 20:32:03.536 | 09:03  110ms  545M  451G 199/200U [ActUnit] ZERGLING from LARVA at (138.4, 129.0)
2023-09-18 20:32:03.546 | 09:03  110ms  545M  451G 199/200U [Inject] injecting hatch (74.5, 109.5)
2023-09-18 20:32:04.555 | 09:05  131ms 1205M  467G 199/200U [ActUnit] ZERGLING from LARVA at (105.7, 156.7)
2023-09-18 20:32:04.888 | 09:05  108ms 1230M  475G 200/200U [GameAnalyzer] Predicted army advantage is now Even
2023-09-18 20:32:05.551 | 09:06  125ms 1595M  483G 200/200U [GameAnalyzer] Known army advantage is now SlightAdvantage
2023-09-18 20:32:05.561 | 09:06  125ms 1595M  483G 200/200U [Inject] injecting hatch (134.5, 160.5)
2023-09-18 20:32:08.046 | 09:09  166ms 1825M  515G 198/200U [ActUnit] ZERGLING from LARVA at (170.8, 156.7)
2023-09-18 20:32:08.418 | 09:10  136ms 1795M  523G 199/200U [ActUnit] ZERGLING from LARVA at (74.1, 106.9)
2023-09-18 20:32:08.787 | 09:10  168ms 1820M  531G 200/200U [GameAnalyzer] Predicted army advantage is now SlightAdvantage
2023-09-18 20:32:09.901 | 09:11  137ms 1945M  543G 200/200U [GameAnalyzer] Predicted army advantage is now Even
2023-09-18 20:32:09.912 | 09:11  137ms 1945M  543G 200/200U [Inject] injecting hatch (109.5, 79.5)
2023-09-18 20:32:10.262 | 09:12  140ms 1945M  547G 198/200U [ActUnit] ZERGLING from LARVA at (113.1, 48.7)
2023-09-18 20:32:10.593 | 09:12  128ms 1925M  555G 199/200U [ActUnit] ZERGLING from LARVA at (74.3, 106.0)
2023-09-18 20:32:11.259 | 09:13  132ms 1970M  563G 200/200U [GameAnalyzer] Predicted army advantage is now SlightDisadvantage
2023-09-18 20:32:12.286 | 09:14  127ms 2095M  579G 200/200U [GameAnalyzer] Predicted army advantage is now Even
2023-09-18 20:32:14.701 | 09:18  116ms 2295M  611G 199/200U [ActUnit] ZERGLING from LARVA at (113.6, 48.6)
2023-09-18 20:32:15.349 | 09:18  110ms 2330M  619G 199/200U [ActUnit] ZERGLING from LARVA at (174.0, 99.9)
2023-09-18 20:32:15.358 | 09:18  110ms 2330M  619G 199/200U [Inject] injecting hatch (97.5, 130.5)
2023-09-18 20:32:17.243 | 09:21  103ms 2500M  651G 199/200U [ActUnit] ZERGLING from LARVA at (73.4, 107.0)
2023-09-18 20:32:17.544 | 09:22  111ms 2475M  655G 199/200U [ActUnit] ZERGLING from LARVA at (170.6, 156.9)
2023-09-18 20:32:17.555 | 09:22  111ms 2475M  655G 199/200U [Inject] injecting hatch (173.5, 102.5)
2023-09-18 20:32:18.470 | 09:23  109ms 2575M  667G 199/200U [ActUnit] ZERGLING from LARVA at (109.2, 76.3)
2023-09-18 20:32:22.070 | 09:28   98ms 2990M  723G 199/200U [ActUnit] ZERGLING from LARVA at (113.4, 48.5)
2023-09-18 20:32:23.273 | 09:30   87ms 3085M  747G 200/200U [Expand] Expanding to (171.5, 57.5)
2023-09-18 20:32:23.573 | 09:30  106ms 2835M  751G 200/200U [Expand] Expanding to (171.5, 57.5)
2023-09-18 20:32:23.860 | 09:31   98ms 2590M  755G 200/200U [Expand] Expanding to (171.5, 57.5)
2023-09-18 20:32:24.944 | 09:31  100ms 2320M  763G 200/200U [Expand] Expanding to (171.5, 57.5)
2023-09-18 20:32:25.237 | 09:32   88ms 1835M  613G 200/200U [Expand] Expanding to (171.5, 57.5)
2023-09-18 20:32:25.548 | 09:32   96ms 1585M  621G 200/200U [Expand] Expanding to (171.5, 57.5)
2023-09-18 20:32:25.551 | 09:32   96ms 1285M  621G 200/200U [Inject] injecting hatch (74.5, 109.5)
2023-09-18 20:32:26.058 | 09:33   92ms 1355M  621G 200/200U [Expand] Expanding to (171.5, 57.5)
2023-09-18 20:32:26.342 | 09:33   95ms 1100M  629G 200/200U [Expand] Expanding to (171.5, 57.5)
2023-09-18 20:32:26.642 | 09:34   85ms  830M  637G 200/200U [Expand] Expanding to (171.5, 57.5)
2023-09-18 20:32:26.945 | 09:34   97ms  555M  637G 200/200U [Expand] Expanding to (171.5, 57.5)
2023-09-18 20:32:27.530 | 09:35   93ms  305M  653G 200/200U [Expand] Expanding to (171.5, 57.5)
2023-09-18 20:32:29.307 | 09:38   83ms  230M  677G 200/200U [Inject] injecting hatch (138.5, 132.5)
2023-09-18 20:32:29.573 | 09:38   78ms  280M  685G 200/200U [GameAnalyzer] Predicted army advantage is now SlightAdvantage
2023-09-18 20:32:29.876 | 09:39   91ms  300M  685G 200/200U [Expand] Expanding to (171.5, 57.5)
2023-09-18 20:32:32.345 | 09:43   79ms  300M  733G 200/200U [Expand] Expanding to (171.5, 57.5)
2023-09-18 20:32:32.632 | 09:43   87ms   25M  733G 200/200U [Inject] injecting hatch (150.5, 81.5)
2023-09-18 20:32:35.495 | 09:47   81ms  345M  781G 200/200U [Expand] Expanding to (171.5, 57.5)
2023-09-18 20:32:35.770 | 09:48   80ms   95M  789G 200/200U [Inject] injecting hatch (76.5, 154.5)
2023-09-18 20:32:35.935 | INFO     | sc2.protocol:_execute:72 - Client status changed to Status.ended (was Status.in_game)
2023-09-18 20:32:35.947 | Result: Victory
2023-09-18 20:32:35.947 | Duration: 09:48
2023-09-18 20:32:35.948 | Step time min: 7
2023-09-18 20:32:35.948 | Step time avg: 47
2023-09-18 20:32:35.949 | Step time max: 206
2023-09-18 20:32:35.950 | [LostUnitsContents] My lost units minerals and gas: (6462.5, 0.0)
2023-09-18 20:32:35.950 | [LostUnitsContents] My lost units minerals by score: 6100.0
2023-09-18 20:32:35.951 | [LostUnitsContents] Enemy lost units minerals and gas: (8450, 425)
2023-09-18 20:32:35.952 | [LostUnitsContents] Enemy lost units minerals by score: 9100.0
2023-09-18 20:32:35.952 | [GameAnalyzerEnd] Own units:
2023-09-18 20:32:35.953 | [GameAnalyzerEnd] ZERGLING          total: 286 alive: 179 dead: 107 
2023-09-18 20:32:35.954 | [GameAnalyzerEnd] DRONE             total: 136 alive:  96 dead:  40 
2023-09-18 20:32:35.954 | [GameAnalyzerEnd] LARVA             total:  44 alive:  44 dead:   0 
2023-09-18 20:32:35.955 | [GameAnalyzerEnd] OVERLORD          total:  18 alive:  18 dead:   0 
2023-09-18 20:32:35.955 | [GameAnalyzerEnd] HATCHERY          total:  17 alive:  12 dead:   5 
2023-09-18 20:32:35.956 | [GameAnalyzerEnd] QUEEN             total:   7 alive:   5 dead:   2 
2023-09-18 20:32:35.956 | [GameAnalyzerEnd] EXTRACTOR         total:   4 alive:   4 dead:   0 
2023-09-18 20:32:35.957 | [GameAnalyzerEnd] EVOLUTIONCHAMBER  total:   2 alive:   2 dead:   0 
2023-09-18 20:32:35.957 | [GameAnalyzerEnd] LAIR              total:   1 alive:   1 dead:   0 
2023-09-18 20:32:35.958 | [GameAnalyzerEnd] INFESTATIONPIT    total:   1 alive:   1 dead:   0 
2023-09-18 20:32:35.958 | [GameAnalyzerEnd] SPAWNINGPOOL      total:   1 alive:   1 dead:   0 
2023-09-18 20:32:35.959 | [GameAnalyzerEnd] Enemy units:
2023-09-18 20:32:35.959 | [GameAnalyzerEnd] MARINE            total:  95 alive:  62 dead:  33 
2023-09-18 20:32:35.960 | [GameAnalyzerEnd] SCV               total:  46 alive:   0 dead:  46 
2023-09-18 20:32:35.960 | [GameAnalyzerEnd] SUPPLYDEPOT       total:  19 alive:   0 dead:  19 
2023-09-18 20:32:35.961 | [GameAnalyzerEnd] BARRACKS          total:  10 alive:   0 dead:  10 
2023-09-18 20:32:35.962 | [GameAnalyzerEnd] MARAUDER          total:   6 alive:   5 dead:   1 
2023-09-18 20:32:35.962 | [GameAnalyzerEnd] TECHLAB           total:   3 alive:   1 dead:   2 
2023-09-18 20:32:35.963 | [GameAnalyzerEnd] ORBITALCOMMAND    total:   2 alive:   0 dead:   2 
2023-09-18 20:32:35.964 | [GameAnalyzerEnd] REFINERY          total:   2 alive:   0 dead:   2 
2023-09-18 20:32:35.965 | [GameAnalyzerEnd] MEDIVAC           total:   1 alive:   1 dead:   0 
2023-09-18 20:32:35.965 | [GameAnalyzerEnd] FACTORY           total:   1 alive:   0 dead:   1 
2023-09-18 20:32:35.966 | [GameAnalyzerEnd] STARPORT          total:   1 alive:   0 dead:   1 
2023-09-18 20:32:35.967 | [GameAnalyzerEnd] Minerals max 3085 Average 571
2023-09-18 20:32:35.967 | [GameAnalyzerEnd] Vespene max 782 Average 136
2023-09-18 20:32:35.968 | INFO     | sc2.main:_play_game:228 - Result for player 2 - Bot LadderBot(Zerg): Victory
