2023-09-18 12:30:19.646 | INFO     | sc2.protocol:_execute:72 - Client status changed to Status.in_game (was None)
2023-09-18 12:30:19.647 | INFO     | sc2.main:_play_game:221 - Player 2 - Bot LadderBot(Zerg)
2023-09-18 12:30:19.910 | 00:00    0ms    0M    0G  12/ 14U [Version] 4.10.0.75689
2023-09-18 12:30:19.911 | 00:00    0ms    0M    0G  12/ 14U [Version] 5.0.6 Balance mod recognized.
2023-09-18 12:30:19.991 | 00:00    0ms    0M    0G  12/ 14U [ZoneManager] Map set to: MapName.Unknown from name: GoldenauraAIE and hash: 3690400.
2023-09-18 12:30:20.777 | [DataManager] No BuildDetector found, enemy build data cannot be saved
2023-09-18 12:30:20.807 | [Start] My race: Zerg
2023-09-18 12:30:20.808 | [Start] Opponent race: Terran
2023-09-18 12:30:20.808 | [Start] OpponentId: 1
2023-09-18 12:30:20.860 | 00:00    0ms    0M    0G  12/ 14U [ActUnit] DRONE from LARVA at (68.6, 165.8)
2023-09-18 12:30:22.012 | 00:07    6ms    5M    0G  13/ 14U [ActUnit] DRONE from LARVA at (70.2, 165.8)
2023-09-18 12:30:22.925 | 00:16    8ms   15M    0G  14/ 14U [ActUnit] OVERLORD from LARVA at (68.7, 165.7)
2023-09-18 12:30:24.722 | 00:34    7ms  195M    0G  14/ 22U [ActUnit] DRONE from LARVA at (70.5, 165.6)
2023-09-18 12:30:24.769 | 00:35    9ms  150M    0G  15/ 22U [ActUnit] DRONE from LARVA at (70.5, 165.6)
2023-09-18 12:30:24.819 | 00:35    8ms  105M    0G  16/ 22U [ActUnit] DRONE from LARVA at (70.5, 165.6)
2023-09-18 12:30:25.852 | 00:45    8ms  195M    0G  17/ 22U [ActUnit] DRONE from LARVA at (69.5, 165.9)
2023-09-18 12:30:26.648 | 00:53    7ms  300M    0G  18/ 22U [Expand] Expanding to (61.5, 146.5)
2023-09-18 12:30:27.065 | 00:57    9ms    0M    0G  18/ 22U [ActUnit] DRONE from LARVA at (69.3, 165.8)
2023-09-18 12:30:28.008 | 01:01   61ms   65M    0G  18/ 22U [GameAnalyzer] Income advantage is now SmallAdvantage
2023-09-18 12:30:29.225 | 01:07   39ms   50M    0G  18/ 22U [ActUnit] OVERLORD from LARVA at (69.4, 165.8)
2023-09-18 12:30:31.117 | 01:18   28ms  165M    0G  18/ 22U [ActUnit] DRONE from LARVA at (69.4, 165.4)
2023-09-18 12:30:32.870 | 01:26    8ms  300M    0G  19/ 30U [Expand] Expanding to (57.5, 120.5)
2023-09-18 12:30:33.297 | 01:30    9ms    5M    0G  19/ 30U [ActUnit] DRONE from LARVA at (69.5, 165.9)
2023-09-18 12:30:34.450 | 01:39    9ms  110M    0G  20/ 30U [ActUnit] DRONE from LARVA at (69.7, 165.7)
2023-09-18 12:30:34.556 | 01:40   59ms  410M    0G  21/ 30U [Expand] Expanding to (57.5, 120.5)
2023-09-18 12:30:34.609 | 01:40   10ms  415M    0G  21/ 30U [Expand] Expanding to (57.5, 120.5)
2023-09-18 12:30:34.662 | 01:40    9ms  425M    0G  21/ 30U [Expand] Expanding to (57.5, 120.5)
2023-09-18 12:30:34.765 | 01:41    8ms  440M    0G  21/ 30U [Expand] Expanding to (57.5, 120.5)
2023-09-18 12:30:34.819 | 01:42   11ms  450M    0G  21/ 30U [Expand] Expanding to (57.5, 120.5)
2023-09-18 12:30:34.875 | 01:42    9ms  455M    0G  21/ 30U [Expand] Expanding to (57.5, 120.5)
2023-09-18 12:30:35.021 | 01:44    9ms  470M    0G  21/ 30U [Expand] Expanding to (57.5, 120.5)
2023-09-18 12:30:35.073 | 01:44    9ms  485M    0G  21/ 30U [Expand] Expanding to (57.5, 120.5)
2023-09-18 12:30:35.121 | 01:44   11ms  495M    0G  21/ 30U [Expand] Expanding to (57.5, 120.5)
2023-09-18 12:30:35.172 | 01:45    9ms  500M    0G  21/ 30U [Expand] Expanding to (57.5, 120.5)
2023-09-18 12:30:35.173 | 01:45    9ms  200M    0G  21/ 30U [ActBuilding] 1. SPAWNINGPOOL near (64.6, 161.0)
2023-09-18 12:30:35.323 | 01:46   10ms  320M    0G  21/ 30U [Expand] Expanding to (57.5, 120.5)
2023-09-18 12:30:35.378 | 01:47   10ms  330M    0G  21/ 30U [Expand] Expanding to (57.5, 120.5)
2023-09-18 12:30:35.380 | 01:47   10ms    5M    0G  21/ 30U [BuildGas] Building EXTRACTOR to (62.5, 165.5)
2023-09-18 12:30:35.474 | 01:47   13ms  305M    0G  21/ 30U [Expand] Expanding to (57.5, 120.5)
2023-09-18 12:30:35.526 | 01:48   10ms  320M    0G  20/ 30U [Expand] Expanding to (57.5, 120.5)
2023-09-18 12:30:35.745 | 01:49   11ms  335M    0G  19/ 30U [Expand] Expanding to (57.5, 120.5)
2023-09-18 12:30:35.746 | 01:49   11ms   10M    0G  19/ 30U [BuildGas] Building EXTRACTOR to (72.5, 175.5)
2023-09-18 12:30:35.800 | 01:49   11ms  315M    0G  19/ 30U [Expand] Expanding to (57.5, 120.5)
2023-09-18 12:30:35.880 | 01:50   12ms  275M    0G  19/ 30U [ActUnit] DRONE from LARVA at (69.6, 165.7)
2023-09-18 12:30:36.155 | 01:52    9ms  300M    0G  19/ 30U [Expand] Expanding to (57.5, 120.5)
2023-09-18 12:30:36.592 | 01:54   10ms  345M    0G  19/ 30U [Expand] Expanding to (57.5, 120.5)
2023-09-18 12:30:36.645 | 01:55    9ms  350M    0G  19/ 30U [Expand] Expanding to (57.5, 120.5)
2023-09-18 12:30:36.728 | 01:55   11ms  355M    0G  19/ 30U [Expand] Expanding to (57.5, 120.5)
2023-09-18 12:30:36.780 | 01:56   10ms  355M    0G  19/ 30U [Expand] Expanding to (57.5, 120.5)
2023-09-18 12:30:36.997 | 01:57   11ms  385M    0G  19/ 30U [Expand] Expanding to (57.5, 120.5)
2023-09-18 12:30:37.050 | 01:57    9ms  385M    0G  19/ 30U [Expand] Expanding to (57.5, 120.5)
2023-09-18 12:30:37.128 | 01:58   11ms  390M    0G  19/ 30U [Expand] Expanding to (57.5, 120.5)
2023-09-18 12:30:37.180 | 01:58    9ms  395M    0G  19/ 30U [Expand] Expanding to (57.5, 120.5)
2023-09-18 12:30:37.393 | 02:00    9ms  420M    0G  19/ 30U [Expand] Expanding to (57.5, 120.5)
2023-09-18 12:30:37.444 | 02:00    9ms  425M    0G  19/ 30U [Expand] Expanding to (57.5, 120.5)
2023-09-18 12:30:37.523 | 02:00   12ms  390M    0G  19/ 30U [ActUnit] DRONE from LARVA at (69.6, 165.7)
2023-09-18 12:30:37.525 | 02:00   12ms  390M    0G  19/ 30U [Expand] Expanding to (57.5, 120.5)
2023-09-18 12:30:37.579 | 02:01   10ms  395M    0G  20/ 30U [Expand] Expanding to (57.5, 120.5)
2023-09-18 12:30:37.798 | 02:02    9ms  410M    0G  20/ 30U [Expand] Expanding to (57.5, 120.5)
2023-09-18 12:30:37.850 | 02:03   10ms  415M    0G  20/ 30U [Expand] Expanding to (57.5, 120.5)
2023-09-18 12:30:37.934 | 02:03   11ms  420M    0G  20/ 30U [Expand] Expanding to (57.5, 120.5)
2023-09-18 12:30:38.066 | 02:04   10ms  440M    0G  20/ 30U [Expand] Expanding to (57.5, 120.5)
2023-09-18 12:30:38.120 | 02:05   10ms  445M    0G  20/ 30U [Expand] Expanding to (57.5, 120.5)
2023-09-18 12:30:38.203 | 02:05   12ms  455M    0G  20/ 30U [Expand] Expanding to (57.5, 120.5)
2023-09-18 12:30:38.389 | 02:06    9ms  475M    0G  20/ 30U [Expand] Expanding to (57.5, 120.5)
2023-09-18 12:30:38.467 | 02:07   13ms  480M    0G  20/ 30U [Expand] Expanding to (57.5, 120.5)
2023-09-18 12:30:38.517 | 02:07    9ms  485M    0G  20/ 30U [Expand] Expanding to (57.5, 120.5)
2023-09-18 12:30:38.605 | 02:08   11ms  490M    0G  20/ 30U [Expand] Expanding to (57.5, 120.5)
2023-09-18 12:30:38.790 | 02:09    8ms  505M    0G  20/ 30U [Expand] Expanding to (57.5, 120.5)
2023-09-18 12:30:38.875 | 02:09   12ms  510M    0G  20/ 30U [Expand] Expanding to (57.5, 120.5)
2023-09-18 12:30:38.929 | 02:10   10ms  515M    0G  20/ 30U [Expand] Expanding to (57.5, 120.5)
2023-09-18 12:30:39.010 | 02:10   12ms  525M    0G  20/ 30U [Expand] Expanding to (57.5, 120.5)
2023-09-18 12:30:39.149 | 02:11   10ms  195M    0G  20/ 30U [ActUnit] DRONE from LARVA at (69.3, 165.5)
2023-09-18 12:30:39.206 | 02:12   10ms  495M    0G  21/ 30U [Expand] Expanding to (57.5, 120.5)
2023-09-18 12:30:39.290 | 02:12   11ms  495M    0G  21/ 30U [Expand] Expanding to (57.5, 120.5)
2023-09-18 12:30:39.344 | 02:13   10ms  450M    0G  21/ 36U [ActUnit] DRONE from LARVA at (61.5, 143.6)
2023-09-18 12:30:39.347 | 02:13   10ms  450M    0G  21/ 36U [Expand] Expanding to (57.5, 120.5)
2023-09-18 12:30:39.434 | 02:13   12ms  460M    0G  22/ 36U [Expand] Expanding to (57.5, 120.5)
2023-09-18 12:30:40.728 | 02:21    9ms  530M   24G  22/ 36U [Expand] Expanding to (57.5, 120.5)
2023-09-18 12:30:40.788 | 02:21   11ms  530M   24G  22/ 36U [Expand] Expanding to (57.5, 120.5)
2023-09-18 12:30:40.879 | 02:22   11ms  480M   28G  22/ 36U [ActUnit] DRONE from LARVA at (69.3, 165.7)
2023-09-18 12:30:40.881 | 02:22   11ms  480M   28G  22/ 36U [Expand] Expanding to (57.5, 120.5)
2023-09-18 12:30:41.029 | 02:23    9ms  485M   32G  23/ 36U [Expand] Expanding to (57.5, 120.5)
2023-09-18 12:30:41.086 | 02:23   10ms  440M   32G  23/ 36U [ActUnit] DRONE from LARVA at (61.5, 143.6)
2023-09-18 12:30:41.089 | 02:23   10ms  440M   32G  23/ 36U [Expand] Expanding to (57.5, 120.5)
2023-09-18 12:30:41.185 | 02:24   12ms  440M   36G  24/ 36U [Expand] Expanding to (57.5, 120.5)
2023-09-18 12:30:41.241 | 02:24    9ms  445M   36G  24/ 36U [Expand] Expanding to (57.5, 120.5)
2023-09-18 12:30:41.487 | 02:25   13ms  465M   40G  24/ 36U [Expand] Expanding to (57.5, 120.5)
2023-09-18 12:30:41.552 | 02:26   11ms  470M   48G  24/ 36U [Expand] Expanding to (57.5, 120.5)
2023-09-18 12:30:41.639 | 02:26   13ms  470M   48G  24/ 36U [Expand] Expanding to (57.5, 120.5)
2023-09-18 12:30:41.842 | 02:28    8ms  485M   52G  24/ 36U [Expand] Expanding to (57.5, 120.5)
2023-09-18 12:30:41.935 | 02:28   12ms  490M   52G  24/ 36U [Expand] Expanding to (57.5, 120.5)
2023-09-18 12:30:41.993 | 02:29    9ms  490M   56G  24/ 36U [Expand] Expanding to (57.5, 120.5)
2023-09-18 12:30:42.086 | 02:29   12ms  495M   56G  24/ 36U [Expand] Expanding to (57.5, 120.5)
2023-09-18 12:30:42.292 | 02:30   10ms  530M   64G  24/ 36U [Expand] Expanding to (57.5, 120.5)
2023-09-18 12:30:42.383 | 02:31   15ms  535M   68G  24/ 36U [Expand] Expanding to (57.5, 120.5)
2023-09-18 12:30:42.440 | 02:31    9ms  535M   72G  24/ 36U [Expand] Expanding to (57.5, 120.5)
2023-09-18 12:30:42.527 | 02:32   12ms  540M   72G  24/ 36U [Expand] Expanding to (57.5, 120.5)
2023-09-18 12:30:42.688 | 02:33   14ms  200M   76G  24/ 36U [ActUnit] DRONE from LARVA at (69.4, 165.4)
2023-09-18 12:30:42.747 | 02:33   11ms  505M   80G  25/ 36U [Expand] Expanding to (57.5, 120.5)
2023-09-18 12:30:42.840 | 02:34   12ms  510M   80G  25/ 36U [Expand] Expanding to (57.5, 120.5)
2023-09-18 12:30:42.900 | 02:34   10ms  465M   84G  25/ 36U [ActUnit] DRONE from LARVA at (61.5, 143.6)
2023-09-18 12:30:42.902 | 02:34   10ms  465M   84G  25/ 36U [Expand] Expanding to (57.5, 120.5)
2023-09-18 12:30:42.997 | 02:34   14ms  475M   88G  26/ 36U [Expand] Expanding to (57.5, 120.5)
2023-09-18 12:30:43.213 | 02:36    9ms  495M   96G  26/ 36U [Expand] Expanding to (57.5, 120.5)
2023-09-18 12:30:43.293 | 02:36   15ms  495M   96G  26/ 36U [GameAnalyzer] Income advantage is now ClearAdvantage
2023-09-18 12:30:43.296 | 02:36   15ms  495M   96G  26/ 36U [Expand] Expanding to (57.5, 120.5)
2023-09-18 12:30:43.355 | 02:37   12ms  500M  100G  26/ 36U [Expand] Expanding to (57.5, 120.5)
2023-09-18 12:30:43.356 | 02:37   12ms  200M  100G  26/ 36U [Tech] Started ZERGLINGMOVEMENTSPEED
2023-09-18 12:30:43.449 | 02:37   15ms  405M    4G  26/ 36U [Expand] Expanding to (57.5, 120.5)
2023-09-18 12:30:43.508 | 02:38   11ms  115M    4G  26/ 36U [GameAnalyzer] Income advantage is now SmallAdvantage
2023-09-18 12:30:43.673 | 02:38   10ms  425M    8G  26/ 36U [Expand] Expanding to (57.5, 120.5)
2023-09-18 12:30:43.767 | 02:39   14ms  435M   12G  26/ 36U [GameAnalyzer] Income advantage is now ClearAdvantage
2023-09-18 12:30:43.770 | 02:39   14ms  435M   12G  26/ 36U [Expand] Expanding to (57.5, 120.5)
2023-09-18 12:30:43.831 | 02:39   11ms  450M   12G  26/ 36U [Expand] Expanding to (57.5, 120.5)
2023-09-18 12:30:43.925 | 02:40   15ms  455M   16G  26/ 36U [Expand] Expanding to (57.5, 120.5)
2023-09-18 12:30:43.984 | 02:40   10ms  160M   20G  26/ 36U [GameAnalyzer] Income advantage is now SmallAdvantage
2023-09-18 12:30:44.129 | 02:41    9ms  480M   24G  26/ 36U [Expand] Expanding to (57.5, 120.5)
2023-09-18 12:30:44.219 | 02:42   12ms  480M   28G  26/ 36U [GameAnalyzer] Income advantage is now ClearAdvantage
2023-09-18 12:30:44.222 | 02:42   12ms  480M   28G  26/ 36U [Expand] Expanding to (57.5, 120.5)
2023-09-18 12:30:44.283 | 02:42   11ms  485M   28G  26/ 36U [Expand] Expanding to (57.5, 120.5)
2023-09-18 12:30:44.373 | 02:42   13ms  490M   32G  26/ 36U [Expand] Expanding to (57.5, 120.5)
2023-09-18 12:30:44.429 | 02:43   10ms  200M   32G  26/ 36U [GameAnalyzer] Income advantage is now SmallAdvantage
2023-09-18 12:30:44.523 | 02:43   11ms  155M   36G  26/ 36U [ActUnit] DRONE from LARVA at (69.6, 165.9)
2023-09-18 12:30:44.588 | 02:44   11ms  460M   36G  27/ 36U [Expand] Expanding to (57.5, 120.5)
2023-09-18 12:30:45.509 | 02:44   11ms  475M   40G  27/ 36U [GameAnalyzer] Income advantage is now ClearAdvantage
2023-09-18 12:30:45.511 | 02:44   11ms  475M   40G  27/ 36U [Expand] Expanding to (57.5, 120.5)
2023-09-18 12:30:45.573 | 02:45   11ms  440M   44G  27/ 36U [ActUnit] DRONE from LARVA at (61.5, 143.7)
2023-09-18 12:30:45.575 | 02:45   11ms  440M   44G  27/ 36U [Expand] Expanding to (57.5, 120.5)
2023-09-18 12:30:45.733 | 02:46   10ms  445M   48G  28/ 36U [Expand] Expanding to (57.5, 120.5)
2023-09-18 12:30:45.831 | 02:46   12ms  450M   52G  28/ 36U [Expand] Expanding to (57.5, 120.5)
2023-09-18 12:30:45.894 | 02:46   10ms  460M   52G  28/ 36U [Expand] Expanding to (57.5, 120.5)
2023-09-18 12:30:45.987 | 02:47   15ms  470M   56G  28/ 36U [Expand] Expanding to (57.5, 120.5)
2023-09-18 12:30:46.292 | 02:49   13ms  500M   64G  28/ 36U [Expand] Expanding to (57.5, 120.5)
2023-09-18 12:30:46.352 | 02:49   11ms  500M   68G  28/ 36U [Expand] Expanding to (57.5, 120.5)
2023-09-18 12:30:46.457 | 02:50   13ms  515M   68G  28/ 36U [Expand] Expanding to (57.5, 120.5)
2023-09-18 12:30:46.526 | 02:50   11ms  525M   72G  28/ 36U [Expand] Expanding to (57.5, 120.5)
2023-09-18 12:30:46.777 | 02:51   11ms  540M   80G  28/ 36U [Expand] Expanding to (57.5, 120.5)
2023-09-18 12:30:46.841 | 02:52   10ms  550M   84G  28/ 36U [Expand] Expanding to (57.5, 120.5)
2023-09-18 12:30:46.934 | 02:52   14ms  570M   84G  28/ 36U [Expand] Expanding to (57.5, 120.5)
2023-09-18 12:30:46.994 | 02:53   11ms  575M   84G  28/ 36U [Expand] Expanding to (57.5, 120.5)
2023-09-18 12:30:47.240 | 02:54   11ms  535M   92G  28/ 36U [ActUnit] DRONE from LARVA at (69.3, 165.6)
2023-09-18 12:30:47.243 | 02:54   11ms  535M   92G  28/ 36U [Expand] Expanding to (57.5, 120.5)
2023-09-18 12:30:47.305 | 02:55   12ms  545M   96G  29/ 36U [Expand] Expanding to (57.5, 120.5)
2023-09-18 12:30:47.396 | 02:55   13ms  555M  100G  29/ 36U [Expand] Expanding to (57.5, 120.5)
2023-09-18 12:30:47.457 | 02:55   10ms  515M  100G  29/ 36U [ActUnit] DRONE from LARVA at (61.5, 143.6)
2023-09-18 12:30:47.460 | 02:55   10ms  515M  100G  29/ 36U [Expand] Expanding to (57.5, 120.5)
2023-09-18 12:30:47.725 | 02:57   12ms  530M  108G  30/ 36U [Expand] Expanding to (57.5, 120.5)
2023-09-18 12:30:47.790 | 02:57   11ms  550M  112G  30/ 36U [Expand] Expanding to (57.5, 120.5)
2023-09-18 12:30:47.883 | 02:58   13ms  570M  112G  30/ 36U [Expand] Expanding to (57.5, 120.5)
2023-09-18 12:30:47.946 | 02:58   12ms  570M  116G  30/ 36U [Expand] Expanding to (57.5, 120.5)
2023-09-18 12:30:48.189 | 02:59   11ms  580M  124G  30/ 36U [Expand] Expanding to (57.5, 120.5)
2023-09-18 12:30:48.190 | 02:59   11ms  280M  124G  30/ 36U [ActBuilding] 1. EVOLUTIONCHAMBER near (66.0, 160.2)
2023-09-18 12:30:48.258 | 03:00   15ms  515M  124G  30/ 36U [Expand] Expanding to (57.5, 120.5)
2023-09-18 12:30:48.260 | 03:00   15ms  215M  124G  30/ 36U [ActBuilding] 2. EVOLUTIONCHAMBER near (74.4, 161.0)
2023-09-18 12:30:48.344 | 03:00   17ms  450M  128G  30/ 36U [Expand] Expanding to (57.5, 120.5)
2023-09-18 12:30:48.405 | 03:01   11ms  460M  132G  30/ 36U [Expand] Expanding to (57.5, 120.5)
2023-09-18 12:30:48.653 | 03:02   12ms  495M  136G  30/ 36U [Expand] Expanding to (57.5, 120.5)
2023-09-18 12:30:48.719 | 03:03   11ms  505M  140G  29/ 36U [Expand] Expanding to (57.5, 120.5)
2023-09-18 12:30:48.809 | 03:03   14ms  515M  140G  29/ 36U [Expand] Expanding to (57.5, 120.5)
2023-09-18 12:30:48.870 | 03:03   10ms  515M  144G  28/ 36U [Expand] Expanding to (57.5, 120.5)
2023-09-18 12:30:49.114 | 03:05   11ms  480M  152G  28/ 36U [ActUnit] DRONE from LARVA at (69.3, 165.5)
2023-09-18 12:30:49.117 | 03:05   11ms  480M  152G  28/ 36U [Expand] Expanding to (57.5, 120.5)
2023-09-18 12:30:49.178 | 03:05   12ms  485M  156G  29/ 36U [Expand] Expanding to (57.5, 120.5)
2023-09-18 12:30:49.271 | 03:06   12ms  495M  156G  29/ 36U [Expand] Expanding to (57.5, 120.5)
2023-09-18 12:30:49.334 | 03:06   11ms  160M  160G  29/ 36U [ActUnit] DRONE from LARVA at (61.5, 143.6)
2023-09-18 12:30:49.428 | 03:07   14ms  465M  164G  30/ 36U [Expand] Expanding to (57.5, 120.5)
2023-09-18 12:30:49.494 | 03:07   11ms  490M  164G  30/ 36U [Expand] Expanding to (57.5, 120.5)
2023-09-18 12:30:49.590 | 03:07   12ms  490M  164G  30/ 36U [Expand] Expanding to (57.5, 120.5)
2023-09-18 12:30:49.818 | 03:09   11ms  510M  172G  30/ 36U [Expand] Expanding to (57.5, 120.5)
2023-09-18 12:30:49.915 | 03:09   13ms  520M  176G  30/ 36U [Expand] Expanding to (57.5, 120.5)
2023-09-18 12:30:49.977 | 03:10   11ms  525M  180G  30/ 36U [Expand] Expanding to (57.5, 120.5)
2023-09-18 12:30:50.070 | 03:10   13ms  525M  180G  30/ 36U [Expand] Expanding to (57.5, 120.5)
2023-09-18 12:30:50.287 | 03:11    9ms  565M  188G  30/ 36U [Expand] Expanding to (57.5, 120.5)
2023-09-18 12:30:50.379 | 03:12   12ms  580M  192G  30/ 36U [Expand] Expanding to (57.5, 120.5)
2023-09-18 12:30:50.442 | 03:12   12ms  585M  192G  30/ 36U [Expand] Expanding to (57.5, 120.5)
2023-09-18 12:30:50.537 | 03:13   14ms  585M  196G  30/ 36U [Expand] Expanding to (57.5, 120.5)
2023-09-18 12:30:50.699 | 03:14   11ms  310M  200G  30/ 36U [Expand] Expanding to (57.5, 120.5)
2023-09-18 12:30:50.768 | 03:14   12ms  615M  204G  30/ 36U [Expand] Expanding to (57.5, 120.5)
2023-09-18 12:30:50.862 | 03:15   15ms  620M  204G  30/ 36U [Expand] Expanding to (57.5, 120.5)
2023-09-18 12:30:50.926 | 03:15   11ms  625M  208G  30/ 36U [Expand] Expanding to (57.5, 120.5)
2023-09-18 12:30:51.022 | 03:15   13ms  585M  212G  30/ 36U [ActUnit] DRONE from LARVA at (69.5, 165.9)
2023-09-18 12:30:51.025 | 03:15   13ms  585M  212G  30/ 36U [Expand] Expanding to (57.5, 120.5)
2023-09-18 12:30:51.182 | 03:16   11ms  310M  216G  31/ 36U [Expand] Expanding to (57.5, 120.5)
2023-09-18 12:30:51.247 | 03:17   11ms  575M  216G  31/ 36U [ActUnit] DRONE from LARVA at (61.5, 143.6)
2023-09-18 12:30:51.251 | 03:17   11ms  575M  216G  31/ 36U [Expand] Expanding to (57.5, 120.5)
2023-09-18 12:30:51.344 | 03:17   17ms  585M  220G  32/ 36U [Expand] Expanding to (57.5, 120.5)
2023-09-18 12:30:51.413 | 03:18   12ms  585M  220G  32/ 36U [Expand] Expanding to (57.5, 120.5)
2023-09-18 12:30:51.524 | 03:18   14ms  590M  224G  32/ 36U [Expand] Expanding to (57.5, 120.5)
2023-09-18 12:30:51.592 | 03:19   11ms  305M  228G  32/ 36U [Expand] Expanding to (57.5, 120.5)
2023-09-18 12:30:51.692 | 03:19   14ms  320M  228G  32/ 36U [Expand] Expanding to (57.5, 120.5)
2023-09-18 12:30:51.760 | 03:20   11ms  625M  232G  32/ 36U [Expand] Expanding to (57.5, 120.5)
2023-09-18 12:30:51.854 | 03:20   16ms  630M  236G  32/ 36U [Expand] Expanding to (57.5, 120.5)
2023-09-18 12:30:51.919 | 03:20   11ms  640M  236G  32/ 36U [Expand] Expanding to (57.5, 120.5)
2023-09-18 12:30:52.018 | 03:21   14ms  655M  240G  32/ 36U [Expand] Expanding to (57.5, 120.5)
2023-09-18 12:30:52.086 | 03:21   13ms  360M  244G  32/ 36U [Expand] Expanding to (57.5, 120.5)
2023-09-18 12:30:52.176 | 03:22   16ms  375M  244G  32/ 36U [Expand] Expanding to (57.5, 120.5)
2023-09-18 12:30:52.238 | 03:22   13ms  680M  248G  32/ 36U [Expand] Expanding to (57.5, 120.5)
2023-09-18 12:30:52.332 | 03:23   13ms  690M  248G  32/ 36U [Expand] Expanding to (57.5, 120.5)
2023-09-18 12:30:52.393 | 03:23   11ms  690M  252G  32/ 36U [Expand] Expanding to (57.5, 120.5)
2023-09-18 12:30:52.480 | 03:24   15ms  705M  252G  32/ 36U [Expand] Expanding to (57.5, 120.5)
2023-09-18 12:30:52.545 | 03:24   11ms  410M  256G  32/ 36U [Expand] Expanding to (57.5, 120.5)
2023-09-18 12:30:52.642 | 03:24   15ms  430M  260G  32/ 36U [Expand] Expanding to (57.5, 120.5)
2023-09-18 12:30:52.711 | 03:25   12ms  740M  260G  32/ 36U [Expand] Expanding to (57.5, 120.5)
2023-09-18 12:30:52.804 | 03:25   14ms  750M  264G  32/ 36U [Expand] Expanding to (57.5, 120.5)
2023-09-18 12:30:52.862 | 03:26   13ms  755M  268G  32/ 36U [Expand] Expanding to (57.5, 120.5)
2023-09-18 12:30:52.950 | 03:26   14ms  660M  268G  32/ 36U [ActUnit] OVERLORD from LARVA at (69.5, 165.9)
2023-09-18 12:30:52.953 | 03:26   14ms  660M  268G  32/ 36U [Expand] Expanding to (57.5, 120.5)
2023-09-18 12:30:53.018 | 03:27   12ms  370M  272G  32/ 36U [Expand] Expanding to (57.5, 120.5)
2023-09-18 12:30:53.170 | 03:28   10ms  345M  276G  32/ 36U [ActUnit] DRONE from LARVA at (61.5, 143.7)
2023-09-18 12:30:53.174 | 03:28   10ms  345M  276G  32/ 36U [Expand] Expanding to (57.5, 120.5)
2023-09-18 12:30:53.270 | 03:28   16ms  355M  276G  33/ 36U [Expand] Expanding to (57.5, 120.5)
2023-09-18 12:30:53.336 | 03:28   12ms  360M  280G  33/ 36U [Expand] Expanding to (57.5, 120.5)
2023-09-18 12:30:53.485 | 03:29   10ms  385M  284G  33/ 36U [Expand] Expanding to (57.5, 120.5)
2023-09-18 12:30:53.573 | 03:30   15ms  400M  288G  33/ 36U [Expand] Expanding to (57.5, 120.5)
2023-09-18 12:30:53.574 | 03:30   15ms  100M  288G  33/ 36U [Tech] Started ZERGMELEEWEAPONSLEVEL1
2023-09-18 12:30:53.639 | 03:30   15ms  315M  192G  33/ 36U [Expand] Expanding to (57.5, 120.5)
2023-09-18 12:30:53.890 | 03:32   11ms  325M  196G  33/ 36U [Expand] Expanding to (57.5, 120.5)
2023-09-18 12:30:53.956 | 03:32   12ms  335M  200G  33/ 36U [Expand] Expanding to (57.5, 120.5)
2023-09-18 12:30:54.111 | 03:32   13ms  350M  200G  33/ 36U [Expand] Expanding to (57.5, 120.5)
2023-09-18 12:30:54.254 | 03:33   66ms  360M  204G  33/ 36U [Expand] Expanding to (57.5, 120.5)
2023-09-18 12:30:54.630 | 03:34   77ms  380M  212G  33/ 36U [Expand] Expanding to (57.5, 120.5)
2023-09-18 12:30:54.758 | 03:35   61ms  705M  216G  33/ 36U [Expand] Expanding to (57.5, 120.5)
2023-09-18 12:30:54.759 | 03:35   61ms  405M  216G  33/ 36U [Tech] Started ZERGGROUNDARMORSLEVEL1
2023-09-18 12:30:54.915 | 03:35   75ms  565M   66G  33/ 36U [Expand] Expanding to (57.5, 120.5)
2023-09-18 12:30:55.059 | 03:36   67ms  570M   70G  33/ 36U [Expand] Expanding to (57.5, 120.5)
2023-09-18 12:30:55.436 | 03:37   72ms  545M   74G  33/ 36U [ActUnit] DRONE from LARVA at (69.7, 165.6)
2023-09-18 12:30:55.444 | 03:37   72ms  545M   74G  33/ 36U [Expand] Expanding to (57.5, 120.5)
2023-09-18 12:30:55.570 | 03:37   69ms  555M   78G  34/ 36U [Expand] Expanding to (57.5, 120.5)
2023-09-18 12:30:55.691 | 03:38   69ms  565M   82G  34/ 36U [Expand] Expanding to (57.5, 120.5)
2023-09-18 12:30:55.834 | 03:38   66ms  535M   82G  34/ 36U [ActUnit] DRONE from LARVA at (61.5, 143.6)
2023-09-18 12:30:55.838 | 03:38   66ms  535M   82G  34/ 36U [Expand] Expanding to (57.5, 120.5)
2023-09-18 12:30:56.234 | 03:40   85ms  565M   90G  35/ 36U [Expand] Expanding to (57.5, 120.5)
2023-09-18 12:30:56.378 | 03:40   64ms  580M   94G  35/ 36U [Expand] Expanding to (57.5, 120.5)
2023-09-18 12:30:56.536 | 03:40   92ms  585M   98G  35/ 36U [Expand] Expanding to (57.5, 120.5)
2023-09-18 12:30:56.671 | 03:41   68ms  600M   98G  35/ 36U [Expand] Expanding to (57.5, 120.5)
2023-09-18 12:30:56.792 | 03:41   80ms  305M  102G  35/ 36U [Expand] Expanding to (57.5, 120.5)
2023-09-18 12:30:56.942 | 03:42   65ms  315M  102G  35/ 36U [Expand] Expanding to (57.5, 120.5)
2023-09-18 12:30:57.977 | 03:42   90ms  620M  106G  35/ 36U [Expand] Expanding to (57.5, 120.5)
2023-09-18 12:30:58.121 | 03:43   69ms  625M  106G  35/ 36U [Expand] Expanding to (57.5, 120.5)
2023-09-18 12:30:58.277 | 03:43   84ms  640M  110G  35/ 36U [Expand] Expanding to (57.5, 120.5)
2023-09-18 12:30:58.415 | 03:44   71ms  660M  114G  35/ 36U [Expand] Expanding to (57.5, 120.5)
2023-09-18 12:30:58.548 | 03:44   82ms  375M  114G  35/ 36U [Expand] Expanding to (57.5, 120.5)
2023-09-18 12:30:58.684 | 03:45   67ms  380M  118G  35/ 44U [Expand] Expanding to (57.5, 120.5)
2023-09-18 12:30:58.797 | 03:45   79ms  685M  122G  35/ 44U [Expand] Expanding to (57.5, 120.5)
2023-09-18 12:30:58.803 | 03:45   79ms  210M   22G  35/ 44U [BuildGas] Building EXTRACTOR to (54.5, 143.5)
2023-09-18 12:30:58.939 | 03:45   29ms  515M   22G  35/ 44U [Expand] Expanding to (57.5, 120.5)
2023-09-18 12:30:59.058 | 03:46   79ms  535M   26G  35/ 44U [Expand] Expanding to (57.5, 120.5)
2023-09-18 12:30:59.202 | 03:46   63ms  560M   26G  35/ 44U [Expand] Expanding to (57.5, 120.5)
2023-09-18 12:30:59.557 | 03:48   67ms  245M   34G  35/ 44U [ActUnit] DRONE from LARVA at (69.5, 165.4)
2023-09-18 12:30:59.785 | 03:49   11ms  245M   42G  36/ 44U [ActUnit] DRONE from LARVA at (61.5, 143.6)
2023-09-18 12:31:00.384 | 03:52   57ms  310M   54G  37/ 44U [Expand] Expanding to (57.5, 120.5)
2023-09-18 12:31:00.467 | 03:52   74ms  310M   58G  37/ 44U [Expand] Expanding to (57.5, 120.5)
2023-09-18 12:31:00.591 | 03:53   25ms  315M   62G  37/ 44U [Expand] Expanding to (57.5, 120.5)
2023-09-18 12:31:00.758 | 03:53   72ms  320M   62G  37/ 44U [Expand] Expanding to (57.5, 120.5)
2023-09-18 12:31:00.903 | 03:53   66ms  345M   66G  37/ 44U [Expand] Expanding to (57.5, 120.5)
2023-09-18 12:31:01.040 | 03:54   87ms  660M   70G  37/ 44U [Expand] Expanding to (57.5, 120.5)
2023-09-18 12:31:01.175 | 03:54   64ms  665M   70G  37/ 44U [Expand] Expanding to (57.5, 120.5)
2023-09-18 12:31:01.306 | 03:55   79ms  675M   74G  37/ 44U [Expand] Expanding to (57.5, 120.5)
2023-09-18 12:31:01.451 | 03:55   67ms  675M   78G  37/ 44U [Expand] Expanding to (57.5, 120.5)
2023-09-18 12:31:01.543 | 03:56   79ms  700M   78G  37/ 44U [Expand] Expanding to (57.5, 120.5)
2023-09-18 12:31:01.695 | 03:56   23ms  415M   82G  37/ 44U [Expand] Expanding to (57.5, 120.5)
2023-09-18 12:31:01.787 | 03:57   95ms  420M   82G  37/ 44U [Expand] Expanding to (57.5, 120.5)
2023-09-18 12:31:01.917 | 03:57   25ms  735M   86G  37/ 44U [Expand] Expanding to (57.5, 120.5)
2023-09-18 12:31:01.990 | 03:57   74ms  735M   86G  37/ 44U [Expand] Expanding to (57.5, 120.5)
2023-09-18 12:31:02.127 | 03:58   18ms  755M   90G  37/ 44U [Expand] Expanding to (57.5, 120.5)
2023-09-18 12:31:02.240 | 03:58   82ms  730M   94G  37/ 44U [ActUnit] DRONE from LARVA at (69.7, 165.4)
2023-09-18 12:31:02.249 | 03:58   82ms  730M   94G  37/ 44U [Expand] Expanding to (57.5, 120.5)
2023-09-18 12:31:02.390 | 03:59   53ms  735M   94G  38/ 44U [Expand] Expanding to (57.5, 120.5)
2023-09-18 12:31:02.515 | 03:59   82ms  440M   98G  38/ 44U [Expand] Expanding to (57.5, 120.5)
2023-09-18 12:31:02.668 | 04:00   60ms  400M  102G  38/ 44U [ActUnit] DRONE from LARVA at (61.5, 143.6)
2023-09-18 12:31:02.671 | 04:00   60ms  400M  102G  38/ 44U [Expand] Expanding to (57.5, 120.5)
2023-09-18 12:31:02.788 | 04:00   95ms  705M  102G  39/ 44U [Expand] Expanding to (57.5, 120.5)
2023-09-18 12:31:02.933 | 04:01   46ms  725M  106G  39/ 44U [Expand] Expanding to (57.5, 120.5)
2023-09-18 12:31:03.075 | 04:01   81ms  745M  106G  39/ 44U [Expand] Expanding to (57.5, 120.5)
2023-09-18 12:31:03.237 | 04:01   68ms  755M  110G  39/ 44U [Expand] Expanding to (57.5, 120.5)
2023-09-18 12:31:03.363 | 04:02   96ms  760M  110G  39/ 44U [Expand] Expanding to (57.5, 120.5)
2023-09-18 12:31:03.504 | 04:02   66ms  480M  114G  39/ 44U [Expand] Expanding to (57.5, 120.5)
2023-09-18 12:31:03.578 | 04:03   78ms  490M  118G  39/ 44U [Expand] Expanding to (57.5, 120.5)
2023-09-18 12:31:03.652 | 04:03   13ms  810M  118G  39/ 44U [Expand] Expanding to (57.5, 120.5)
2023-09-18 12:31:03.655 | 04:03   13ms  360M  118G  39/ 44U [ActUnit] QUEEN from HATCHERY at (61.5, 146.5)
2023-09-18 12:31:03.768 | 04:04   16ms  670M  122G  41/ 44U [Expand] Expanding to (57.5, 120.5)
2023-09-18 12:31:03.770 | 04:04   16ms  345M  122G  41/ 44U [BuildGas] Building EXTRACTOR to (54.5, 143.5)
2023-09-18 12:31:03.844 | 04:04   14ms  650M  126G  41/ 44U [Expand] Expanding to (57.5, 120.5)
2023-09-18 12:31:03.955 | 04:05   16ms  655M  126G  41/ 44U [Expand] Expanding to (57.5, 120.5)
2023-09-18 12:31:04.026 | 04:05   13ms  665M  130G  41/ 44U [Expand] Expanding to (57.5, 120.5)
2023-09-18 12:31:04.146 | 04:05   15ms  415M  134G  41/ 44U [Expand] Expanding to (57.5, 120.5)
2023-09-18 12:31:04.148 | 04:05   15ms   90M  134G  41/ 44U [BuildGas] Building EXTRACTOR to (54.5, 143.5)
2023-09-18 12:31:04.216 | 04:06   14ms  425M  134G  41/ 44U [Expand] Expanding to (57.5, 120.5)
2023-09-18 12:31:04.218 | 04:06   14ms  100M  134G  41/ 44U [BuildGas] Building EXTRACTOR to (54.5, 143.5)
2023-09-18 12:31:04.316 | 04:06   16ms  730M  138G  41/ 44U [Expand] Expanding to (57.5, 120.5)
2023-09-18 12:31:04.318 | 04:06   16ms  405M  138G  41/ 44U [BuildGas] Building EXTRACTOR to (54.5, 143.5)
2023-09-18 12:31:04.389 | 04:07   13ms  720M  138G  41/ 44U [Expand] Expanding to (57.5, 120.5)
2023-09-18 12:31:04.490 | 04:07   15ms  735M  142G  41/ 44U [Expand] Expanding to (57.5, 120.5)
2023-09-18 12:31:04.616 | 04:08   12ms  750M  142G  41/ 44U [Expand] Expanding to (57.5, 120.5)
2023-09-18 12:31:04.780 | 04:08   74ms  495M  146G  41/ 44U [Expand] Expanding to (57.5, 120.5)
2023-09-18 12:31:04.784 | 04:08   74ms  170M  146G  41/ 44U [BuildGas] Building EXTRACTOR to (54.5, 143.5)
2023-09-18 12:31:04.922 | 04:09   66ms  500M  150G  41/ 44U [Expand] Expanding to (57.5, 120.5)
2023-09-18 12:31:04.926 | 04:09   66ms  175M  150G  41/ 44U [BuildGas] Building EXTRACTOR to (54.5, 143.5)
2023-09-18 12:31:05.035 | 04:09   82ms  710M  150G  41/ 44U [ActUnit] OVERLORD from LARVA at (69.5, 165.4)
2023-09-18 12:31:05.039 | 04:09   82ms  710M  150G  41/ 44U [Expand] Expanding to (57.5, 120.5)
2023-09-18 12:31:05.041 | 04:09   82ms  385M  150G  41/ 44U [BuildGas] Building EXTRACTOR to (54.5, 143.5)
2023-09-18 12:31:05.185 | 04:10   48ms  690M  154G  41/ 44U [Expand] Expanding to (57.5, 120.5)
2023-09-18 12:31:05.282 | 04:10   83ms  710M  158G  41/ 44U [Expand] Expanding to (57.5, 120.5)
2023-09-18 12:31:05.425 | 04:10   28ms  630M  158G  41/ 44U [ActUnit] OVERLORD from LARVA at (61.5, 143.6)
2023-09-18 12:31:05.432 | 04:10   28ms  630M  158G  41/ 44U [Expand] Expanding to (57.5, 120.5)
2023-09-18 12:31:05.601 | 04:11   82ms  365M  162G  41/ 44U [Expand] Expanding to (57.5, 120.5)
2023-09-18 12:31:05.603 | 04:11   82ms   40M  162G  41/ 44U [BuildGas] Building EXTRACTOR to (64.5, 153.5)
2023-09-18 12:31:05.729 | 04:11   67ms  370M  162G  41/ 44U [GameAnalyzer] Known army advantage is now SmallDisadvantage
2023-09-18 12:31:05.731 | 04:11   67ms  370M  162G  41/ 44U [GameAnalyzer] Predicted army advantage is now SmallDisadvantage
2023-09-18 12:31:05.735 | 04:11   67ms  370M  162G  41/ 44U [Expand] Expanding to (57.5, 120.5)
2023-09-18 12:31:05.736 | 04:11   67ms   45M  162G  41/ 44U [BuildGas] Building EXTRACTOR to (54.5, 143.5)
2023-09-18 12:31:05.820 | 04:12   66ms  675M  166G  41/ 44U [Expand] Expanding to (57.5, 120.5)
2023-09-18 12:31:05.822 | 04:12   66ms  350M  166G  41/ 44U [BuildGas] Building EXTRACTOR to (64.5, 153.5)
2023-09-18 12:31:05.969 | 04:12   21ms  675M  166G  41/ 44U [Expand] Expanding to (57.5, 120.5)
2023-09-18 12:31:06.103 | 04:13   86ms  695M  170G  41/ 44U [Expand] Expanding to (57.5, 120.5)
2023-09-18 12:31:06.251 | 04:13   63ms  710M  174G  41/ 44U [Expand] Expanding to (57.5, 120.5)
2023-09-18 12:31:06.392 | 04:14   79ms  440M  174G  41/ 44U [Expand] Expanding to (57.5, 120.5)
2023-09-18 12:31:06.393 | 04:14   79ms  115M  174G  41/ 44U [BuildGas] Building EXTRACTOR to (64.5, 153.5)
2023-09-18 12:31:06.551 | 04:14   71ms  445M  178G  41/ 44U [Expand] Expanding to (57.5, 120.5)
2023-09-18 12:31:06.555 | 04:14   71ms  120M  178G  41/ 44U [BuildGas] Building EXTRACTOR to (54.5, 143.5)
2023-09-18 12:31:06.719 | 04:14   87ms  760M  182G  41/ 44U [Expand] Expanding to (57.5, 120.5)
2023-09-18 12:31:06.722 | 04:14   87ms  435M  182G  41/ 44U [BuildGas] Building EXTRACTOR to (54.5, 143.5)
2023-09-18 12:31:06.874 | 04:15   68ms  755M  182G  41/ 44U [Expand] Expanding to (57.5, 120.5)
2023-09-18 12:31:07.015 | 04:15   85ms  765M  186G  41/ 44U [Expand] Expanding to (57.5, 120.5)
2023-09-18 12:31:07.172 | 04:16   57ms  780M  186G  41/ 44U [Expand] Expanding to (57.5, 120.5)
2023-09-18 12:31:07.302 | 04:16   91ms  510M  190G  41/ 44U [Expand] Expanding to (57.5, 120.5)
2023-09-18 12:31:07.305 | 04:16   91ms  185M  190G  41/ 44U [BuildGas] Building EXTRACTOR to (54.5, 143.5)
2023-09-18 12:31:07.450 | 04:17   62ms  515M  190G  41/ 44U [GameAnalyzer] Known army advantage is now ClearDisadvantage
2023-09-18 12:31:07.453 | 04:17   62ms  515M  190G  41/ 44U [GameAnalyzer] Predicted army advantage is now ClearDisadvantage
2023-09-18 12:31:07.457 | 04:17   62ms  515M  190G  41/ 44U [Expand] Expanding to (57.5, 120.5)
2023-09-18 12:31:07.459 | 04:17   62ms  190M  190G  41/ 44U [BuildGas] Building EXTRACTOR to (64.5, 153.5)
2023-09-18 12:31:07.616 | 04:17   87ms  840M  194G  41/ 44U [Expand] Expanding to (57.5, 120.5)
2023-09-18 12:31:07.618 | 04:17   87ms  515M  194G  41/ 44U [BuildGas] Building EXTRACTOR to (54.5, 143.5)
2023-09-18 12:31:07.778 | 04:18   70ms  835M  198G  41/ 44U [Expand] Expanding to (57.5, 120.5)
2023-09-18 12:31:07.896 | 04:18   84ms  845M  198G  41/ 44U [Expand] Expanding to (57.5, 120.5)
2023-09-18 12:31:08.001 | 04:18   34ms  850M  202G  41/ 44U [Expand] Expanding to (57.5, 120.5)
2023-09-18 12:31:08.167 | 04:19   39ms  580M  206G  41/ 44U [Expand] Expanding to (57.5, 120.5)
2023-09-18 12:31:08.168 | 04:19   39ms  255M  206G  41/ 44U [BuildGas] Building EXTRACTOR to (54.5, 143.5)
2023-09-18 12:31:08.311 | 04:19   73ms  590M  206G  41/ 44U [Expand] Expanding to (57.5, 120.5)
2023-09-18 12:31:08.313 | 04:19   73ms  265M  206G  41/ 44U [BuildGas] Building EXTRACTOR to (64.5, 153.5)
2023-09-18 12:31:08.457 | 04:20   82ms  875M  210G  41/ 44U [ActUnit] DRONE from LARVA at (69.3, 165.6)
2023-09-18 12:31:08.461 | 04:20   82ms  875M  210G  41/ 44U [Expand] Expanding to (57.5, 120.5)
2023-09-18 12:31:08.463 | 04:20   82ms  550M  210G  41/ 44U [BuildGas] Building EXTRACTOR to (54.5, 143.5)
2023-09-18 12:31:08.614 | 04:20   70ms  860M  214G  42/ 44U [Expand] Expanding to (57.5, 120.5)
2023-09-18 12:31:08.725 | 04:21   90ms  860M  214G  42/ 44U [Expand] Expanding to (57.5, 120.5)
2023-09-18 12:31:08.879 | 04:21   48ms  820M  214G  42/ 44U [ActUnit] DRONE from LARVA at (61.5, 143.6)
2023-09-18 12:31:08.882 | 04:21   48ms  820M  214G  42/ 44U [Expand] Expanding to (57.5, 120.5)
2023-09-18 12:31:09.016 | 04:22   88ms  555M  218G  43/ 44U [Expand] Expanding to (57.5, 120.5)
2023-09-18 12:31:09.020 | 04:22   88ms  230M  218G  43/ 44U [BuildGas] Building EXTRACTOR to (64.5, 153.5)
2023-09-18 12:31:09.164 | 04:22   70ms  575M  222G  43/ 44U [Expand] Expanding to (57.5, 120.5)
2023-09-18 12:31:09.166 | 04:22   70ms  250M  222G  43/ 44U [BuildGas] Building EXTRACTOR to (64.5, 153.5)
2023-09-18 12:31:09.304 | 04:22   80ms  905M  222G  43/ 44U [Expand] Expanding to (57.5, 120.5)
2023-09-18 12:31:09.306 | 04:22   80ms  580M  222G  43/ 44U [BuildGas] Building EXTRACTOR to (54.5, 143.5)
2023-09-18 12:31:09.390 | 04:23   57ms  880M  226G  43/ 44U [Expand] Expanding to (57.5, 120.5)
2023-09-18 12:31:09.512 | 04:23   18ms  885M  230G  43/ 44U [Expand] Expanding to (57.5, 120.5)
2023-09-18 12:31:09.603 | 04:24   15ms  620M  230G  43/ 44U [Expand] Expanding to (57.5, 120.5)
2023-09-18 12:31:09.605 | 04:24   15ms  295M  230G  43/ 44U [BuildGas] Building EXTRACTOR to (54.5, 143.5)
2023-09-18 12:31:09.724 | 04:24   19ms  930M  234G  43/ 44U [Expand] Expanding to (57.5, 120.5)
2023-09-18 12:31:09.725 | 04:24   19ms  605M  234G  43/ 44U [BuildGas] Building EXTRACTOR to (54.5, 143.5)
2023-09-18 12:31:09.815 | 04:25   17ms  940M  238G  43/ 44U [Expand] Expanding to (57.5, 120.5)
2023-09-18 12:31:09.943 | 04:25   17ms  950M  238G  43/ 44U [Expand] Expanding to (57.5, 120.5)
2023-09-18 12:31:10.033 | 04:26   16ms  680M  242G  43/ 44U [Expand] Expanding to (57.5, 120.5)
2023-09-18 12:31:10.034 | 04:26   16ms  355M  242G  43/ 44U [BuildGas] Building EXTRACTOR to (64.5, 153.5)
2023-09-18 12:31:10.155 | 04:26   18ms  985M  242G  42/ 44U [Expand] Expanding to (57.5, 120.5)
2023-09-18 12:31:10.157 | 04:26   18ms  660M  242G  42/ 44U [BuildGas] Building EXTRACTOR to (64.5, 153.5)
2023-09-18 12:31:10.244 | 04:26   16ms  965M  246G  40/ 44U [Expand] Expanding to (57.5, 120.5)
2023-09-18 12:31:10.364 | 04:27   18ms  990M  246G  40/ 44U [Expand] Expanding to (57.5, 120.5)
2023-09-18 12:31:10.443 | 04:27   17ms  735M  250G  40/ 52U [Expand] Expanding to (57.5, 120.5)
2023-09-18 12:31:10.445 | 04:27   17ms  410M  250G  40/ 52U [BuildGas] Building EXTRACTOR to (64.5, 153.5)
2023-09-18 12:31:10.562 | 04:28   19ms  740M  254G  40/ 52U [Expand] Expanding to (57.5, 120.5)
2023-09-18 12:31:10.564 | 04:28   19ms  415M  254G  40/ 52U [BuildGas] Building EXTRACTOR to (64.5, 153.5)
2023-09-18 12:31:10.645 | 04:28   18ms 1050M  254G  40/ 52U [Expand] Expanding to (57.5, 120.5)
2023-09-18 12:31:10.647 | 04:28   18ms  725M  254G  40/ 52U [BuildGas] Building EXTRACTOR to (54.5, 143.5)
2023-09-18 12:31:10.774 | 04:29   18ms 1030M  258G  40/ 60U [Expand] Expanding to (57.5, 120.5)
2023-09-18 12:31:10.854 | 04:29   17ms 1035M  262G  40/ 60U [Expand] Expanding to (57.5, 120.5)
2023-09-18 12:31:10.972 | 04:30   16ms 1055M  262G  40/ 60U [Expand] Expanding to (57.5, 120.5)
2023-09-18 12:31:11.052 | 04:30   16ms  780M  266G  40/ 60U [Expand] Expanding to (57.5, 120.5)
2023-09-18 12:31:11.054 | 04:30   16ms  455M  266G  40/ 60U [BuildGas] Building EXTRACTOR to (64.5, 153.5)
2023-09-18 12:31:11.161 | 04:30   18ms  740M  266G  40/ 60U [ActUnit] DRONE from LARVA at (69.4, 165.8)
2023-09-18 12:31:11.163 | 04:30   18ms  740M  266G  40/ 60U [Expand] Expanding to (57.5, 120.5)
2023-09-18 12:31:11.165 | 04:30   18ms  415M  266G  40/ 60U [BuildGas] Building EXTRACTOR to (54.5, 143.5)
2023-09-18 12:31:11.247 | 04:31   18ms 1040M  270G  41/ 60U [Expand] Expanding to (57.5, 120.5)
2023-09-18 12:31:11.249 | 04:31   18ms  715M  270G  41/ 60U [BuildGas] Building EXTRACTOR to (64.5, 153.5)
2023-09-18 12:31:11.357 | 04:31   21ms 1020M  270G  41/ 60U [Expand] Expanding to (57.5, 120.5)
2023-09-18 12:31:11.445 | 04:32   16ms  990M  274G  41/ 60U [ActUnit] DRONE from LARVA at (61.5, 143.6)
2023-09-18 12:31:11.447 | 04:32   16ms  990M  274G  41/ 60U [Expand] Expanding to (57.5, 120.5)
2023-09-18 12:31:11.576 | 04:32   20ms 1005M  278G  42/ 60U [Expand] Expanding to (57.5, 120.5)
2023-09-18 12:31:11.657 | 04:33   15ms  740M  278G  42/ 60U [Expand] Expanding to (57.5, 120.5)
2023-09-18 12:31:11.658 | 04:33   15ms  415M  278G  42/ 60U [BuildGas] Building EXTRACTOR to (64.5, 153.5)
2023-09-18 12:31:11.764 | 04:33   18ms  750M  282G  42/ 60U [Expand] Expanding to (57.5, 120.5)
2023-09-18 12:31:11.766 | 04:33   18ms  425M  282G  42/ 60U [BuildGas] Building EXTRACTOR to (64.5, 153.5)
2023-09-18 12:31:11.843 | 04:34   16ms 1055M  286G  42/ 60U [Expand] Expanding to (57.5, 120.5)
2023-09-18 12:31:11.845 | 04:34   16ms  730M  286G  42/ 60U [BuildGas] Building EXTRACTOR to (64.5, 153.5)
2023-09-18 12:31:11.959 | 04:34   19ms 1035M  286G  42/ 60U [Expand] Expanding to (57.5, 120.5)
2023-09-18 12:31:12.035 | 04:35   16ms 1070M  290G  42/ 60U [Expand] Expanding to (57.5, 120.5)
2023-09-18 12:31:12.146 | 04:35   16ms 1070M  294G  42/ 60U [Expand] Expanding to (57.5, 120.5)
2023-09-18 12:31:12.222 | 04:35   15ms  795M  294G  42/ 60U [Expand] Expanding to (57.5, 120.5)
2023-09-18 12:31:12.224 | 04:35   15ms  470M  294G  42/ 60U [BuildGas] Building EXTRACTOR to (54.5, 143.5)
2023-09-18 12:31:12.326 | 04:36   18ms  800M  294G  42/ 60U [Expand] Expanding to (57.5, 120.5)
2023-09-18 12:31:12.328 | 04:36   18ms  475M  294G  42/ 60U [BuildGas] Building EXTRACTOR to (54.5, 143.5)
2023-09-18 12:31:12.402 | 04:36   16ms 1105M  298G  42/ 60U [Expand] Expanding to (57.5, 120.5)
2023-09-18 12:31:12.404 | 04:36   16ms  780M  298G  42/ 60U [BuildGas] Building EXTRACTOR to (64.5, 153.5)
2023-09-18 12:31:12.507 | 04:37   19ms 1105M  302G  42/ 60U [Expand] Expanding to (57.5, 120.5)
2023-09-18 12:31:12.580 | 04:37   16ms 1115M  302G  42/ 60U [Expand] Expanding to (57.5, 120.5)
2023-09-18 12:31:12.709 | 04:38   17ms 1125M  306G  42/ 60U [Expand] Expanding to (57.5, 120.5)
2023-09-18 12:31:12.787 | 04:38   17ms  855M  310G  42/ 60U [Expand] Expanding to (57.5, 120.5)
2023-09-18 12:31:12.789 | 04:38   17ms  530M  310G  42/ 60U [BuildGas] Building EXTRACTOR to (54.5, 143.5)
2023-09-18 12:31:12.903 | 04:39   20ms  870M  310G  42/ 60U [Expand] Expanding to (57.5, 120.5)
2023-09-18 12:31:12.905 | 04:39   20ms  545M  310G  42/ 60U [BuildGas] Building EXTRACTOR to (54.5, 143.5)
2023-09-18 12:31:12.985 | 04:39   16ms 1175M  314G  42/ 60U [Expand] Expanding to (57.5, 120.5)
2023-09-18 12:31:12.987 | 04:39   16ms  850M  314G  42/ 60U [BuildGas] Building EXTRACTOR to (64.5, 153.5)
2023-09-18 12:31:13.099 | 04:39   21ms 1175M  318G  42/ 60U [Expand] Expanding to (57.5, 120.5)
2023-09-18 12:31:13.100 | 04:39   21ms  725M  318G  42/ 60U [ActUnit] QUEEN from HATCHERY at (61.5, 146.5)
2023-09-18 12:31:13.101 | 04:39   21ms  725M  318G  42/ 60U [Inject] injecting hatch (61.5, 146.5)
2023-09-18 12:31:13.187 | 04:40   16ms 1040M  318G  44/ 60U [Expand] Expanding to (57.5, 120.5)
2023-09-18 12:31:14.129 | 04:40   20ms 1040M  322G  44/ 60U [Expand] Expanding to (57.5, 120.5)
2023-09-18 12:31:14.209 | 04:41   17ms  780M  322G  44/ 60U [Expand] Expanding to (57.5, 120.5)
2023-09-18 12:31:14.217 | 04:41   17ms  455M  322G  44/ 60U [BuildGas] Building EXTRACTOR to (54.5, 143.5)
2023-09-18 12:31:14.317 | 04:41   26ms  735M  326G  44/ 60U [ActUnit] DRONE from LARVA at (69.4, 165.8)
2023-09-18 12:31:14.319 | 04:41   26ms  735M  326G  44/ 60U [Expand] Expanding to (57.5, 120.5)
2023-09-18 12:31:14.320 | 04:41   26ms  410M  326G  44/ 60U [BuildGas] Building EXTRACTOR to (54.5, 143.5)
2023-09-18 12:31:14.397 | 04:42   17ms 1055M  326G  45/ 60U [Expand] Expanding to (57.5, 120.5)
2023-09-18 12:31:14.399 | 04:42   17ms  730M  326G  45/ 60U [BuildGas] Building EXTRACTOR to (54.5, 143.5)
2023-09-18 12:31:14.518 | 04:42   18ms 1040M  330G  45/ 60U [Expand] Expanding to (57.5, 120.5)
2023-09-18 12:31:14.601 | 04:43   15ms 1000M  334G  45/ 60U [ActUnit] DRONE from LARVA at (61.5, 143.6)
2023-09-18 12:31:14.603 | 04:43   15ms 1000M  334G  45/ 60U [Expand] Expanding to (57.5, 120.5)
2023-09-18 12:31:14.604 | 04:43   15ms  550M  334G  45/ 60U [ActUnit] QUEEN from HATCHERY at (69.5, 168.5)
2023-09-18 12:31:14.721 | 04:43   19ms  865M  334G  48/ 60U [Expand] Expanding to (57.5, 120.5)
2023-09-18 12:31:14.806 | 04:43   16ms  590M  338G  48/ 60U [Expand] Expanding to (57.5, 120.5)
2023-09-18 12:31:14.808 | 04:43   16ms  265M  338G  48/ 60U [BuildGas] Building EXTRACTOR to (64.5, 153.5)
2023-09-18 12:31:14.933 | 04:44   19ms  605M  342G  48/ 60U [Expand] Expanding to (57.5, 120.5)
2023-09-18 12:31:14.934 | 04:44   19ms  280M  342G  48/ 60U [BuildGas] Building EXTRACTOR to (54.5, 143.5)
2023-09-18 12:31:15.022 | 04:44   17ms  930M  342G  48/ 60U [Expand] Expanding to (57.5, 120.5)
2023-09-18 12:31:15.024 | 04:44   17ms  605M  342G  48/ 60U [BuildGas] Building EXTRACTOR to (64.5, 153.5)
2023-09-18 12:31:15.148 | 04:45   19ms  915M  346G  48/ 60U [Expand] Expanding to (57.5, 120.5)
2023-09-18 12:31:15.246 | 04:45   16ms  930M  346G  48/ 60U [Expand] Expanding to (57.5, 120.5)
2023-09-18 12:31:15.368 | 04:46   18ms  930M  350G  48/ 60U [Expand] Expanding to (57.5, 120.5)
2023-09-18 12:31:15.457 | 04:46   18ms  670M  350G  48/ 60U [Expand] Expanding to (57.5, 120.5)
2023-09-18 12:31:15.459 | 04:46   18ms  345M  350G  48/ 60U [BuildGas] Building EXTRACTOR to (54.5, 143.5)
2023-09-18 12:31:15.592 | 04:47   21ms  685M  354G  48/ 60U [Expand] Expanding to (57.5, 120.5)
2023-09-18 12:31:15.593 | 04:47   21ms  360M  354G  48/ 60U [BuildGas] Building EXTRACTOR to (64.5, 153.5)
2023-09-18 12:31:15.681 | 04:47   17ms 1000M  358G  46/ 60U [Expand] Expanding to (57.5, 120.5)
2023-09-18 12:31:15.682 | 04:47   17ms  675M  358G  46/ 60U [BuildGas] Building EXTRACTOR to (54.5, 143.5)
2023-09-18 12:31:15.808 | 04:47   19ms  990M  358G  46/ 60U [Expand] Expanding to (57.5, 120.5)
2023-09-18 12:31:15.903 | 04:48   18ms  995M  362G  46/ 60U [Expand] Expanding to (57.5, 120.5)
2023-09-18 12:31:16.026 | 04:48   21ms 1000M  366G  46/ 60U [Expand] Expanding to (57.5, 120.5)
2023-09-18 12:31:16.115 | 04:49   16ms  740M  366G  46/ 60U [Expand] Expanding to (57.5, 120.5)
2023-09-18 12:31:16.117 | 04:49   16ms  415M  366G  46/ 60U [BuildGas] Building EXTRACTOR to (64.5, 153.5)
2023-09-18 12:31:16.285 | 04:49   22ms  765M  370G  46/ 60U [Expand] Expanding to (57.5, 120.5)
2023-09-18 12:31:16.287 | 04:49   22ms  440M  370G  46/ 60U [BuildGas] Building EXTRACTOR to (64.5, 153.5)
2023-09-18 12:31:16.382 | 04:50   66ms 1075M  374G  46/ 60U [Expand] Expanding to (57.5, 120.5)
2023-09-18 12:31:16.384 | 04:50   66ms  750M  374G  46/ 60U [BuildGas] Building EXTRACTOR to (64.5, 153.5)
2023-09-18 12:31:16.508 | 04:50   21ms 1060M  374G  46/ 60U [Expand] Expanding to (57.5, 120.5)
2023-09-18 12:31:16.595 | 04:51   16ms 1075M  378G  46/ 60U [Expand] Expanding to (57.5, 120.5)
2023-09-18 12:31:16.726 | 04:51   18ms  825M  378G  46/ 60U [Expand] Expanding to (57.5, 120.5)
2023-09-18 12:31:16.727 | 04:51   18ms  500M  378G  46/ 60U [BuildGas] Building EXTRACTOR to (54.5, 143.5)
2023-09-18 12:31:16.814 | 04:51   19ms 1130M  382G  46/ 60U [Expand] Expanding to (57.5, 120.5)
2023-09-18 12:31:16.816 | 04:51   19ms  805M  382G  46/ 60U [BuildGas] Building EXTRACTOR to (54.5, 143.5)
2023-09-18 12:31:16.936 | 04:52   19ms 1070M  382G  46/ 60U [ActUnit] DRONE from LARVA at (69.3, 165.6)
2023-09-18 12:31:16.938 | 04:52   19ms 1070M  382G  46/ 60U [Expand] Expanding to (57.5, 120.5)
2023-09-18 12:31:17.026 | 04:52   16ms 1070M  386G  47/ 60U [Expand] Expanding to (57.5, 120.5)
2023-09-18 12:31:17.142 | 04:53   19ms  810M  390G  47/ 60U [Expand] Expanding to (57.5, 120.5)
2023-09-18 12:31:17.143 | 04:53   19ms  485M  390G  47/ 60U [BuildGas] Building EXTRACTOR to (64.5, 153.5)
2023-09-18 12:31:17.232 | 04:53   17ms  775M  390G  47/ 60U [ActUnit] DRONE from LARVA at (61.5, 143.6)
2023-09-18 12:31:17.235 | 04:53   17ms  775M  390G  47/ 60U [Expand] Expanding to (57.5, 120.5)
2023-09-18 12:31:17.236 | 04:53   17ms  450M  390G  47/ 60U [BuildGas] Building EXTRACTOR to (64.5, 153.5)
2023-09-18 12:31:17.359 | 04:54   20ms 1095M  394G  48/ 60U [Expand] Expanding to (57.5, 120.5)
2023-09-18 12:31:17.361 | 04:54   20ms  770M  394G  48/ 60U [BuildGas] Building EXTRACTOR to (64.5, 153.5)
2023-09-18 12:31:17.452 | 04:54   18ms 1090M  398G  48/ 60U [Expand] Expanding to (57.5, 120.5)
2023-09-18 12:31:17.573 | 04:55   19ms 1095M  398G  48/ 60U [Expand] Expanding to (57.5, 120.5)
2023-09-18 12:31:17.670 | 04:55   18ms 1110M  402G  48/ 60U [Expand] Expanding to (57.5, 120.5)
2023-09-18 12:31:17.801 | 04:55   21ms  835M  402G  48/ 60U [Expand] Expanding to (57.5, 120.5)
2023-09-18 12:31:17.803 | 04:55   21ms  510M  402G  48/ 60U [BuildGas] Building EXTRACTOR to (64.5, 153.5)
2023-09-18 12:31:17.894 | 04:56   19ms  870M  406G  48/ 60U [Expand] Expanding to (57.5, 120.5)
2023-09-18 12:31:17.896 | 04:56   19ms  545M  406G  48/ 60U [BuildGas] Building EXTRACTOR to (54.5, 143.5)
2023-09-18 12:31:18.017 | 04:56   20ms 1185M  406G  47/ 60U [Expand] Expanding to (57.5, 120.5)
2023-09-18 12:31:18.019 | 04:56   20ms  860M  406G  47/ 60U [BuildGas] Building EXTRACTOR to (54.5, 143.5)
2023-09-18 12:31:18.113 | 04:57   17ms 1170M  410G  47/ 60U [Expand] Expanding to (57.5, 120.5)
2023-09-18 12:31:18.250 | 04:57   19ms 1175M  414G  47/ 60U [Expand] Expanding to (57.5, 120.5)
2023-09-18 12:31:18.346 | 04:58   17ms 1180M  414G  47/ 60U [Expand] Expanding to (57.5, 120.5)
2023-09-18 12:31:18.490 | 04:58   19ms  930M  418G  47/ 60U [Expand] Expanding to (57.5, 120.5)
2023-09-18 12:31:18.492 | 04:58   19ms  605M  418G  47/ 60U [BuildGas] Building EXTRACTOR to (54.5, 143.5)
2023-09-18 12:31:18.591 | 04:59   17ms  945M  422G  47/ 60U [Expand] Expanding to (57.5, 120.5)
2023-09-18 12:31:18.593 | 04:59   17ms  620M  422G  47/ 60U [BuildGas] Building EXTRACTOR to (64.5, 153.5)
2023-09-18 12:31:18.730 | 04:59   19ms 1265M  422G  47/ 60U [Expand] Expanding to (57.5, 120.5)
2023-09-18 12:31:18.731 | 04:59   19ms  940M  422G  47/ 60U [BuildGas] Building EXTRACTOR to (54.5, 143.5)
2023-09-18 12:31:18.837 | 05:00   17ms 1255M  426G  47/ 60U [Expand] Expanding to (57.5, 120.5)
2023-09-18 12:31:18.983 | 05:00   18ms 1255M  426G  47/ 60U [Expand] Expanding to (57.5, 120.5)
2023-09-18 12:31:19.086 | 05:00   19ms 1260M  430G  47/ 60U [Expand] Expanding to (57.5, 120.5)
2023-09-18 12:31:19.226 | 05:01   18ms 1005M  430G  47/ 60U [Expand] Expanding to (57.5, 120.5)
2023-09-18 12:31:19.228 | 05:01   18ms  680M  430G  47/ 60U [BuildGas] Building EXTRACTOR to (54.5, 143.5)
2023-09-18 12:31:19.335 | 05:01   20ms 1030M  434G  47/ 60U [Expand] Expanding to (57.5, 120.5)
2023-09-18 12:31:19.337 | 05:01   20ms  705M  434G  47/ 60U [BuildGas] Building EXTRACTOR to (64.5, 153.5)
2023-09-18 12:31:19.479 | 05:02   19ms 1345M  438G  46/ 60U [Expand] Expanding to (57.5, 120.5)
2023-09-18 12:31:19.480 | 05:02   19ms 1020M  438G  46/ 60U [BuildGas] Building EXTRACTOR to (54.5, 143.5)
2023-09-18 12:31:19.582 | 05:02   19ms 1330M  438G  45/ 60U [Expand] Expanding to (57.5, 120.5)
2023-09-18 12:31:19.721 | 05:03   18ms 1280M  442G  45/ 60U [ActUnit] DRONE from LARVA at (69.4, 165.9)
2023-09-18 12:31:19.723 | 05:03   18ms 1280M  442G  45/ 60U [Expand] Expanding to (57.5, 120.5)
2023-09-18 12:31:19.825 | 05:03   18ms 1295M  446G  45/ 60U [Expand] Expanding to (57.5, 120.5)
2023-09-18 12:31:19.969 | 05:04   18ms 1035M  446G  45/ 60U [Expand] Expanding to (57.5, 120.5)
2023-09-18 12:31:19.971 | 05:04   18ms  710M  446G  45/ 60U [BuildGas] Building EXTRACTOR to (64.5, 153.5)
2023-09-18 12:31:20.073 | 05:04   18ms 1010M  450G  44/ 60U [ActUnit] DRONE from LARVA at (61.5, 143.6)
2023-09-18 12:31:20.076 | 05:04   18ms 1010M  450G  44/ 60U [Expand] Expanding to (57.5, 120.5)
2023-09-18 12:31:20.077 | 05:04   18ms  685M  450G  44/ 60U [BuildGas] Building EXTRACTOR to (54.5, 143.5)
2023-09-18 12:31:20.219 | 05:04   20ms 1315M  454G  45/ 60U [Expand] Expanding to (57.5, 120.5)
2023-09-18 12:31:20.220 | 05:04   20ms  990M  454G  45/ 60U [BuildGas] Building EXTRACTOR to (64.5, 153.5)
2023-09-18 12:31:20.319 | 05:05   18ms 1295M  454G  45/ 60U [Expand] Expanding to (57.5, 120.5)
2023-09-18 12:31:20.459 | 05:05   18ms 1455M  454G  42/ 54U [GameAnalyzer] Income advantage is now SmallAdvantage
2023-09-18 12:31:22.583 | 05:13   16ms 1565M  502G  40/ 54U [ActUnit] DRONE from LARVA at (69.6, 165.8)
2023-09-18 12:31:24.084 | 05:19   16ms 1530M  530G  38/ 54U [ActUnit] QUEEN from HATCHERY at (69.5, 168.5)
2023-09-18 12:31:24.086 | 05:19   16ms 1530M  530G  38/ 54U [Inject] injecting hatch (69.5, 168.5)
2023-09-18 12:31:25.166 | 05:23   16ms 1615M  554G  35/ 54U [Expand] Expanding to (61.5, 146.5)
2023-09-18 12:31:25.258 | 05:24   17ms 1325M  558G  35/ 54U [Expand] Expanding to (61.5, 146.5)
2023-09-18 12:31:25.387 | 05:24   17ms  990M  558G  35/ 54U [ActUnit] DRONE from LARVA at (69.5, 165.4)
2023-09-18 12:31:25.390 | 05:24   17ms  990M  558G  35/ 54U [Expand] Expanding to (61.5, 146.5)
2023-09-18 12:31:25.482 | 05:25   16ms  690M  562G  36/ 54U [Expand] Expanding to (61.5, 146.5)
2023-09-18 12:31:26.505 | 05:29   17ms  455M  582G  36/ 54U [Expand] Expanding to (61.5, 146.5)
2023-09-18 12:31:26.731 | 05:29   15ms  765M  586G  34/ 54U [Expand] Expanding to (61.5, 146.5)
2023-09-18 12:31:26.823 | 05:30   15ms  780M  590G  33/ 54U [Expand] Expanding to (61.5, 146.5)
2023-09-18 12:31:26.945 | 05:30   17ms  490M  590G  33/ 54U [GameAnalyzer] Income advantage is now SlightAdvantage
2023-09-18 12:31:26.948 | 05:30   17ms  490M  590G  33/ 54U [Expand] Expanding to (61.5, 146.5)
2023-09-18 12:31:27.363 | 05:32   15ms  210M  602G  32/ 54U [GameAnalyzer] Income advantage is now SmallAdvantage
2023-09-18 12:31:27.576 | 05:33   15ms  525M  606G  31/ 54U [Expand] Expanding to (57.5, 120.5)
2023-09-18 12:31:27.796 | 05:34   15ms  535M  614G  30/ 54U [Expand] Expanding to (57.5, 120.5)
2023-09-18 12:31:28.003 | 05:35   16ms  195M  618G  30/ 54U [ActUnit] DRONE from LARVA at (69.3, 165.7)
2023-09-18 12:31:28.213 | 05:36   15ms  805M  622G  29/ 54U [Expand] Expanding to (57.5, 120.5)
2023-09-18 12:31:28.302 | 05:36   15ms  520M  622G  29/ 54U [Expand] Expanding to (57.5, 120.5)
2023-09-18 12:31:28.506 | 05:37   14ms  225M  630G  29/ 54U [GameAnalyzer] Known army advantage is now OverwhelmingDisadvantage
2023-09-18 12:31:28.507 | 05:37   14ms  225M  630G  29/ 54U [GameAnalyzer] Predicted army advantage is now OverwhelmingDisadvantage
2023-09-18 12:31:28.510 | 05:37   14ms  225M  630G  29/ 54U [PlanCancelBuilding] Cancelled HATCHERY at (61.5, 146.5) with 31.706787109375 health
2023-09-18 12:31:28.620 | 05:37   19ms  455M  630G  30/ 54U [GameAnalyzer] Income advantage is now SlightAdvantage
2023-09-18 12:31:31.253 | 05:45   14ms 1700M  674G  25/ 54U [ActUnit] DRONE from LARVA at (69.4, 165.5)
2023-09-18 12:31:32.061 | 05:49   16ms 1700M  690G  26/ 54U [ActUnit] DRONE from LARVA at (70.3, 165.8)
2023-09-18 12:31:32.145 | 05:50   14ms 1655M  690G  27/ 54U [ActUnit] DRONE from LARVA at (70.1, 165.9)
2023-09-18 12:31:32.262 | 05:50   17ms 1610M  698G  28/ 54U [ActUnit] DRONE from LARVA at (69.1, 165.6)
2023-09-18 12:31:32.347 | 05:50   14ms 1615M  698G  29/ 54U [Inject] injecting hatch (69.5, 168.5)
2023-09-18 12:31:33.361 | 05:55   13ms 1530M  718G  29/ 54U [ActUnit] QUEEN from HATCHERY at (69.5, 168.5)
2023-09-18 12:31:33.909 | 05:57   14ms 1520M  730G  31/ 54U [ActUnit] DRONE from LARVA at (69.5, 165.6)
2023-09-18 12:31:34.579 | 06:00   15ms 1550M  742G  32/ 54U [Expand] Expanding to (61.5, 146.5)
2023-09-18 12:31:34.671 | 06:00   16ms 1250M  746G  32/ 54U [Expand] Expanding to (61.5, 146.5)
2023-09-18 12:31:34.805 | 06:01   16ms  965M  746G  32/ 54U [Expand] Expanding to (61.5, 146.5)
2023-09-18 12:31:34.900 | 06:01   15ms  675M  746G  32/ 54U [Expand] Expanding to (61.5, 146.5)
2023-09-18 12:31:35.027 | 06:02   16ms  380M  754G  32/ 54U [Expand] Expanding to (61.5, 146.5)
2023-09-18 12:31:36.317 | 06:07   15ms  740M  778G  28/ 54U [Expand] Expanding to (61.5, 146.5)
2023-09-18 12:31:36.410 | 06:07   16ms  445M  786G  28/ 54U [Expand] Expanding to (61.5, 146.5)
2023-09-18 12:31:36.562 | 06:08   16ms  155M  786G  28/ 54U [GameAnalyzer] Income advantage is now Even
2023-09-18 12:31:36.563 | 06:08   16ms  105M  786G  28/ 54U [ActUnit] DRONE from LARVA at (69.5, 165.6)
2023-09-18 12:31:36.788 | 06:09   14ms  405M  794G  26/ 54U [Expand] Expanding to (61.5, 146.5)
2023-09-18 12:31:36.889 | 06:09   14ms  415M  794G  25/ 54U [Expand] Expanding to (61.5, 146.5)
2023-09-18 12:31:37.018 | 06:10   16ms  420M  794G  24/ 54U [Expand] Expanding to (61.5, 146.5)
2023-09-18 12:31:37.110 | 06:10   15ms  125M  794G  23/ 54U [GameAnalyzer] Income advantage is now SmallAdvantage
2023-09-18 12:31:37.249 | 06:10   16ms  430M  802G  22/ 54U [Expand] Expanding to (57.5, 120.5)
2023-09-18 12:31:37.483 | 06:11   14ms  435M  802G  22/ 54U [Expand] Expanding to (57.5, 120.5)
2023-09-18 12:31:37.727 | 06:12   15ms  440M  810G  21/ 54U [Expand] Expanding to (57.5, 120.5)
2023-09-18 12:31:37.822 | 06:13   16ms  445M  810G  20/ 54U [GameAnalyzer] Income advantage is now SlightAdvantage
2023-09-18 12:31:37.825 | 06:13   16ms  445M  810G  20/ 54U [Expand] Expanding to (57.5, 120.5)
2023-09-18 12:31:38.401 | 06:15   14ms  470M  818G  19/ 54U [Expand] Expanding to (57.5, 120.5)
2023-09-18 12:31:38.501 | 06:15   14ms  475M  818G  18/ 54U [Expand] Expanding to (57.5, 120.5)
2023-09-18 12:31:38.869 | 06:17   14ms  475M  826G  17/ 54U [Expand] Expanding to (57.5, 120.5)
2023-09-18 12:31:38.966 | 06:17   13ms  485M  834G  16/ 54U [Expand] Expanding to (57.5, 120.5)
2023-09-18 12:31:38.967 | 06:17   13ms  185M  834G  16/ 54U [ActBuilding] 2. EVOLUTIONCHAMBER near (77.9, 171.6)
2023-09-18 12:31:39.100 | 06:18   17ms  110M  834G  16/ 54U [GameAnalyzer] Income advantage is now Even
2023-09-18 12:31:39.342 | 06:19   14ms   65M  834G  16/ 54U [ActUnit] DRONE from LARVA at (69.5, 165.6)
2023-09-18 12:31:39.685 | 06:20   13ms  375M  834G  14/ 54U [Expand] Expanding to (57.5, 120.5)
2023-09-18 12:31:39.817 | 06:20   15ms   30M  834G  14/ 54U [ActUnit] DRONE from LARVA at (69.5, 165.6)
2023-09-18 12:31:40.272 | 06:22   13ms  580M  842G  13/ 54U [ActUnit] DRONE from LARVA at (68.6, 165.2)
2023-09-18 12:31:40.274 | 06:22   13ms  580M  842G  13/ 54U [Expand] Expanding to (57.5, 120.5)
2023-09-18 12:31:40.367 | 06:23   13ms  235M  842G  14/ 54U [ActUnit] DRONE from LARVA at (70.3, 165.6)
2023-09-18 12:31:40.369 | 06:23   13ms  235M  842G  14/ 54U [PlanCancelBuilding] Cancelled HATCHERY at (61.5, 146.5) with 122.476806640625 health
2023-09-18 12:31:40.497 | 06:23   15ms  760M  842G  15/ 54U [GameAnalyzer] Income advantage is now SlightDisadvantage
2023-09-18 12:31:42.277 | 06:30   12ms 1350M  842G  12/ 54U [ActUnit] DRONE from LARVA at (69.4, 165.7)
2023-09-18 12:31:42.505 | 06:31   14ms 1200M  842G  13/ 54U [ActUnit] QUEEN from HATCHERY at (69.5, 168.5)
2023-09-18 12:31:42.506 | 06:31   14ms 1200M  842G  13/ 54U [Inject] injecting hatch (69.5, 168.5)
2023-09-18 12:31:42.979 | 06:33   12ms 1210M  842G  15/ 54U [GameAnalyzer] Income advantage is now Even
2023-09-18 12:31:45.164 | 06:38   13ms 1245M  842G  15/ 54U [Expand] Expanding to (61.5, 146.5)
2023-09-18 12:31:45.258 | 06:39   14ms  945M  842G  15/ 54U [Expand] Expanding to (61.5, 146.5)
2023-09-18 12:31:45.394 | 06:39   14ms  655M  842G  15/ 54U [Expand] Expanding to (61.5, 146.5)
2023-09-18 12:31:45.480 | 06:40   12ms  355M  842G  15/ 54U [GameAnalyzer] Income advantage is now SlightDisadvantage
2023-09-18 12:31:45.482 | 06:40   12ms  355M  842G  15/ 54U [Expand] Expanding to (61.5, 146.5)
2023-09-18 12:31:45.837 | 06:41   12ms   20M  842G  15/ 54U [ActUnit] DRONE from LARVA at (69.6, 165.6)
2023-09-18 12:31:47.623 | 06:48   13ms 1260M  842G  12/ 54U [Expand] Expanding to (61.5, 146.5)
2023-09-18 12:31:47.722 | 06:48   15ms  965M  842G  12/ 54U [Expand] Expanding to (61.5, 146.5)
2023-09-18 12:31:47.866 | 06:49   15ms  665M  842G  12/ 54U [Expand] Expanding to (61.5, 146.5)
2023-09-18 12:31:47.962 | 06:49   13ms  365M  842G  12/ 54U [Expand] Expanding to (61.5, 146.5)
2023-09-18 12:31:48.544 | 06:52   12ms   25M  842G  10/ 54U [ActUnit] DRONE from LARVA at (69.4, 165.6)
2023-09-18 12:31:48.784 | 06:52   13ms  930M  842G   8/ 54U [Expand] Expanding to (61.5, 146.5)
2023-09-18 12:31:48.874 | 06:53   12ms  630M  842G   8/ 54U [GameAnalyzer] Income advantage is now SmallDisadvantage
2023-09-18 12:31:48.875 | 06:53   12ms  630M  842G   8/ 54U [Expand] Expanding to (61.5, 146.5)
2023-09-18 12:31:49.008 | 06:53   13ms  630M  842G   7/ 54U [Expand] Expanding to (61.5, 146.5)
2023-09-18 12:31:49.110 | 06:54   12ms  330M  842G   7/ 54U [Expand] Expanding to (61.5, 146.5)
2023-09-18 12:31:49.241 | 06:54   15ms  330M  842G   6/ 54U [Expand] Expanding to (61.5, 146.5)
2023-09-18 12:31:49.331 | 06:55   11ms  330M  842G   6/ 54U [Expand] Expanding to (61.5, 146.5)
2023-09-18 12:31:49.471 | 06:55   13ms  330M  842G   6/ 54U [Expand] Expanding to (61.5, 146.5)
2023-09-18 12:31:49.563 | 06:56   11ms  330M  842G   6/ 54U [Expand] Expanding to (61.5, 146.5)
2023-09-18 12:31:49.898 | 06:56   13ms  630M  842G   5/ 54U [Expand] Expanding to (61.5, 146.5)
2023-09-18 12:31:49.899 | 06:56   13ms  330M  842G   5/ 54U [ActBuilding] 2. EVOLUTIONCHAMBER near (71.9, 159.8)
2023-09-18 12:31:49.999 | 06:56   17ms  855M  842G   5/ 54U [Expand] Expanding to (61.5, 146.5)
2023-09-18 12:31:50.142 | 06:57   14ms  855M  842G   5/ 54U [Expand] Expanding to (61.5, 146.5)
2023-09-18 12:31:50.236 | 06:57   11ms 1230M  842G   3/ 54U [ActBuilding] 2. EVOLUTIONCHAMBER near (69.6, 159.5)
2023-09-18 12:31:50.373 | 06:58   14ms 1230M  842G   3/ 54U [ActBuilding] 2. EVOLUTIONCHAMBER near (77.5, 172.7)
2023-09-18 12:31:50.460 | 06:58   12ms 1230M  842G   3/ 54U [ActBuilding] 2. EVOLUTIONCHAMBER near (66.0, 160.2)
2023-09-18 12:31:50.603 | 06:59   14ms 1230M  842G   3/ 54U [ActBuilding] 2. EVOLUTIONCHAMBER near (77.7, 172.2)
2023-09-18 12:31:50.702 | 06:59   12ms 1230M  842G   3/ 54U [ActBuilding] 2. EVOLUTIONCHAMBER near (78.2, 170.9)
2023-09-18 12:31:50.850 | 07:00   14ms 1230M  842G   3/ 54U [ActBuilding] 2. EVOLUTIONCHAMBER near (65.0, 160.7)
2023-09-18 12:31:50.940 | 07:00   13ms 1230M  842G   3/ 54U [ActBuilding] 2. EVOLUTIONCHAMBER near (78.5, 169.3)
2023-09-18 12:31:51.075 | 07:00   14ms 1230M  842G   3/ 54U [ActBuilding] 2. EVOLUTIONCHAMBER near (77.2, 173.2)
2023-09-18 12:31:51.165 | 07:01   12ms 1230M  842G   3/ 54U [ActBuilding] 2. EVOLUTIONCHAMBER near (77.8, 165.1)
2023-09-18 12:31:51.314 | 07:01   13ms 1180M  842G   3/ 54U [ActUnit] DRONE from LARVA at (70.3, 165.7)
2023-09-18 12:31:51.315 | 07:01   13ms 1180M  842G   3/ 54U [ActBuilding] 2. EVOLUTIONCHAMBER near (69.9, 159.5)
2023-09-18 12:31:51.415 | 07:02   14ms 1130M  842G   4/ 54U [ActUnit] DRONE from LARVA at (70.3, 165.7)
2023-09-18 12:31:51.417 | 07:02   14ms 1130M  842G   4/ 54U [ActBuilding] 2. EVOLUTIONCHAMBER near (77.5, 172.7)
2023-09-18 12:31:51.561 | 07:02   16ms 1080M  842G   5/ 54U [ActUnit] DRONE from LARVA at (70.3, 165.7)
2023-09-18 12:31:51.562 | 07:02   16ms 1080M  842G   5/ 54U [ActBuilding] 2. EVOLUTIONCHAMBER near (77.7, 172.2)
2023-09-18 12:31:51.654 | 07:03   14ms 1080M  842G   6/ 54U [ActBuilding] 2. EVOLUTIONCHAMBER near (71.3, 159.7)
2023-09-18 12:31:51.790 | 07:03   13ms 1080M  842G   6/ 54U [ActBuilding] 2. EVOLUTIONCHAMBER near (78.3, 166.6)
2023-09-18 12:31:51.874 | 07:04   12ms 1030M  842G   6/ 54U [ActUnit] DRONE from LARVA at (69.6, 165.4)
2023-09-18 12:31:51.876 | 07:04   12ms 1030M  842G   6/ 54U [ActBuilding] 2. EVOLUTIONCHAMBER near (78.5, 169.1)
2023-09-18 12:31:52.003 | 07:04   15ms 1030M  842G   7/ 54U [Expand] Expanding to (61.5, 146.5)
2023-09-18 12:31:52.004 | 07:04   15ms  730M  842G   7/ 54U [ActBuilding] 2. EVOLUTIONCHAMBER near (74.1, 160.8)
2023-09-18 12:31:52.088 | 07:05   12ms  955M  842G   7/ 54U [Expand] Expanding to (61.5, 146.5)
2023-09-18 12:31:52.216 | 07:05   13ms  730M  842G   7/ 54U [Expand] Expanding to (61.5, 146.5)
2023-09-18 12:31:52.217 | 07:05   13ms  430M  842G   7/ 54U [ActBuilding] 2. EVOLUTIONCHAMBER near (75.7, 162.0)
2023-09-18 12:31:52.306 | 07:05   13ms  955M  842G   7/ 54U [Expand] Expanding to (61.5, 146.5)
2023-09-18 12:31:52.445 | 07:06   13ms 1030M  842G   6/ 54U [ActBuilding] 2. EVOLUTIONCHAMBER near (69.1, 159.5)
2023-09-18 12:31:52.550 | 07:06   13ms 1030M  842G   6/ 54U [ActBuilding] 2. EVOLUTIONCHAMBER near (77.9, 165.4)
2023-09-18 12:31:52.701 | 07:07   13ms 1030M  842G   6/ 54U [ActBuilding] 2. EVOLUTIONCHAMBER near (76.4, 162.7)
2023-09-18 12:31:52.804 | 07:07   12ms  880M  842G   6/ 54U [ActUnit] QUEEN from HATCHERY at (69.5, 168.5)
2023-09-18 12:31:52.805 | 07:07   12ms  880M  842G   6/ 54U [ActBuilding] 2. EVOLUTIONCHAMBER near (78.3, 170.6)
2023-09-18 12:31:52.808 | 07:07   12ms  880M  842G   6/ 54U [Inject] injecting hatch (69.5, 168.5)
2023-09-18 12:31:52.935 | 07:08   16ms  880M  842G   8/ 54U [ActBuilding] 2. EVOLUTIONCHAMBER near (77.8, 171.9)
2023-09-18 12:31:53.028 | 07:08   15ms  880M  842G   8/ 54U [ActBuilding] 2. EVOLUTIONCHAMBER near (78.3, 170.4)
2023-09-18 12:31:53.167 | 07:09   15ms  880M  842G   8/ 54U [ActBuilding] 2. EVOLUTIONCHAMBER near (63.7, 161.6)
2023-09-18 12:31:53.261 | 07:09   13ms  880M  842G   8/ 54U [ActBuilding] 2. EVOLUTIONCHAMBER near (76.3, 162.7)
2023-09-18 12:31:53.398 | 07:09   13ms  880M  842G   8/ 54U [ActBuilding] 1. SPAWNINGPOOL near (78.4, 169.6)
2023-09-18 12:31:53.501 | 07:10   14ms  880M  842G   6/ 54U [ActBuilding] 1. SPAWNINGPOOL near (73.6, 160.5)
2023-09-18 12:31:53.633 | 07:10   13ms  880M  842G   6/ 54U [ActBuilding] 1. SPAWNINGPOOL near (77.9, 171.8)
2023-09-18 12:31:53.731 | 07:11   14ms  880M  842G   6/ 54U [ActBuilding] 1. SPAWNINGPOOL near (78.2, 170.8)
2023-09-18 12:31:53.872 | 07:11   14ms  880M  842G   6/ 54U [ActBuilding] 1. SPAWNINGPOOL near (74.6, 161.1)
2023-09-18 12:31:53.961 | 07:12   12ms  880M  842G   6/ 54U [ActBuilding] 1. SPAWNINGPOOL near (77.7, 172.1)
2023-09-18 12:31:54.101 | 07:12   14ms  880M  842G   6/ 54U [ActBuilding] 1. SPAWNINGPOOL near (74.0, 160.7)
2023-09-18 12:31:54.187 | 07:13   12ms  880M  842G   6/ 54U [ActBuilding] 1. SPAWNINGPOOL near (74.2, 160.8)
2023-09-18 12:31:54.313 | 07:13   13ms  880M  842G   6/ 54U [ActBuilding] 1. SPAWNINGPOOL near (67.0, 159.9)
2023-09-18 12:31:54.396 | 07:13   12ms  880M  842G   6/ 54U [ActBuilding] 1. SPAWNINGPOOL near (76.7, 173.9)
2023-09-18 12:31:54.531 | 07:14   14ms  880M  842G   6/ 54U [Expand] Expanding to (61.5, 146.5)
2023-09-18 12:31:54.532 | 07:14   14ms  580M  842G   6/ 54U [ActBuilding] 1. SPAWNINGPOOL near (65.2, 160.6)
2023-09-18 12:31:54.631 | 07:14   13ms  630M  842G   6/ 54U [ActUnit] DRONE from LARVA at (69.7, 165.8)
2023-09-18 12:31:54.632 | 07:14   13ms  630M  842G   6/ 54U [Expand] Expanding to (61.5, 146.5)
2023-09-18 12:31:54.633 | 07:14   13ms  330M  842G   6/ 54U [ActBuilding] 2. EVOLUTIONCHAMBER near (77.8, 172.0)
2023-09-18 12:31:54.773 | 07:15   18ms  555M  842G   7/ 54U [Expand] Expanding to (61.5, 146.5)
2023-09-18 12:31:55.109 | 07:16   11ms  555M  842G   4/ 54U [Expand] Expanding to (61.5, 146.5)
2023-09-18 12:31:55.243 | 07:17   12ms  255M  842G   4/ 54U [PlanCancelBuilding] Cancelled SPAWNINGPOOL at (65.5, 160.5) with 5.4609375 health
2023-09-18 12:31:55.340 | 07:17   11ms  555M  842G   3/ 54U [ActBuilding] 1. SPAWNINGPOOL near (78.4, 170.1)
2023-09-18 12:31:55.482 | 07:17   15ms  555M  842G   3/ 54U [ActBuilding] 1. SPAWNINGPOOL near (78.5, 168.3)
2023-09-18 12:31:55.568 | 07:18   12ms  555M  842G   3/ 54U [ActBuilding] 1. SPAWNINGPOOL near (78.4, 170.0)
2023-09-18 12:31:55.709 | 07:18   14ms  555M  842G   3/ 54U [ActBuilding] 1. SPAWNINGPOOL near (63.2, 162.1)
2023-09-18 12:31:55.799 | 07:19   13ms  555M  842G   3/ 54U [ActBuilding] 1. SPAWNINGPOOL near (77.4, 172.8)
2023-09-18 12:31:55.931 | 07:19   14ms  555M  842G   3/ 54U [ActBuilding] 1. SPAWNINGPOOL near (78.2, 170.7)
2023-09-18 12:31:56.021 | 07:20   15ms  555M  842G   3/ 54U [ActBuilding] 1. SPAWNINGPOOL near (77.7, 172.1)
2023-09-18 12:31:56.172 | 07:20   14ms  555M  842G   3/ 54U [ActBuilding] 1. SPAWNINGPOOL near (77.9, 165.2)
2023-09-18 12:31:56.269 | 07:21   13ms  555M  842G   3/ 54U [ActBuilding] 1. SPAWNINGPOOL near (77.4, 172.7)
2023-09-18 12:31:56.409 | 07:21   14ms  555M  842G   3/ 54U [ActBuilding] 1. SPAWNINGPOOL near (67.5, 159.7)
2023-09-18 12:31:56.506 | 07:21   13ms  555M  842G   3/ 54U [ActBuilding] 1. SPAWNINGPOOL near (62.6, 162.7)
2023-09-18 12:31:56.665 | 07:22   13ms  555M  842G   3/ 54U [ActBuilding] 1. SPAWNINGPOOL near (76.8, 163.3)
2023-09-18 12:31:56.765 | 07:22   14ms  555M  842G   3/ 46U [ActBuilding] 1. SPAWNINGPOOL near (66.0, 160.2)
2023-09-18 12:31:56.910 | 07:23   13ms  555M  842G   3/ 46U [ActBuilding] 1. SPAWNINGPOOL near (78.4, 167.5)
2023-09-18 12:31:57.017 | 07:23   12ms  555M  842G   3/ 38U [ActBuilding] 1. SPAWNINGPOOL near (73.7, 160.6)
2023-09-18 12:31:57.152 | 07:24   14ms  555M  842G   3/ 38U [ActBuilding] 1. SPAWNINGPOOL near (65.8, 160.3)
2023-09-18 12:31:57.244 | 07:24   13ms  555M  842G   3/ 38U [ActBuilding] 1. SPAWNINGPOOL near (78.4, 166.9)
2023-09-18 12:31:57.392 | 07:25   13ms  555M  842G   3/ 38U [ActBuilding] 1. SPAWNINGPOOL near (76.4, 162.7)
2023-09-18 12:31:57.486 | 07:25   13ms  505M  842G   3/ 38U [ActUnit] DRONE from LARVA at (69.6, 165.4)
2023-09-18 12:31:57.487 | 07:25   13ms  505M  842G   3/ 38U [ActBuilding] 1. SPAWNINGPOOL near (78.2, 170.6)
2023-09-18 12:31:57.634 | 07:25   15ms  505M  842G   4/ 38U [ActBuilding] 1. SPAWNINGPOOL near (74.4, 161.0)
2023-09-18 12:31:57.726 | 07:26   13ms  505M  842G   4/ 38U [ActBuilding] 1. SPAWNINGPOOL near (76.8, 173.8)
2023-09-18 12:31:57.871 | 07:26   14ms  505M  842G   4/ 38U [ActBuilding] 1. SPAWNINGPOOL near (78.5, 169.3)
2023-09-18 12:31:57.973 | 07:27   14ms  505M  842G   3/ 38U [ActBuilding] 1. SPAWNINGPOOL near (76.5, 162.8)
2023-09-18 12:31:58.113 | 07:27   13ms  505M  842G   3/ 38U [ActBuilding] 1. SPAWNINGPOOL near (72.2, 159.9)
2023-09-18 12:31:58.201 | 07:28   14ms  505M  842G   3/ 38U [ActBuilding] 1. SPAWNINGPOOL near (66.1, 160.1)
2023-09-18 12:31:58.345 | 07:28   13ms  505M  842G   3/ 38U [ActBuilding] 1. SPAWNINGPOOL near (77.3, 173.1)
2023-09-18 12:31:58.442 | 07:29   14ms  505M  842G   3/ 38U [ActBuilding] 1. SPAWNINGPOOL near (72.2, 159.9)
2023-09-18 12:31:58.578 | 07:29   13ms  505M  842G   3/ 38U [ActBuilding] 1. SPAWNINGPOOL near (62.4, 162.9)
2023-09-18 12:31:58.673 | 07:30   13ms  655M  842G   1/ 32U [GameAnalyzer] Income advantage is now ClearDisadvantage
2023-09-18 12:31:58.675 | 07:30   13ms  655M  842G   1/ 32U [ActBuilding] 1. SPAWNINGPOOL near (73.4, 160.4)
2023-09-18 12:31:58.824 | 07:30   13ms  655M  842G   1/ 32U [ActBuilding] 1. SPAWNINGPOOL near (76.0, 162.3)
2023-09-18 12:31:58.932 | 07:30   13ms  655M  842G   1/ 32U [ActBuilding] 1. SPAWNINGPOOL near (67.3, 159.8)
2023-09-18 12:31:59.066 | 07:31   12ms  655M  842G   1/ 32U [ActBuilding] 1. SPAWNINGPOOL near (77.9, 165.4)
2023-09-18 12:31:59.157 | 07:31   12ms  655M  842G   1/ 32U [ActBuilding] 1. SPAWNINGPOOL near (67.8, 159.7)
2023-09-18 12:31:59.295 | 07:32   13ms  655M  842G   1/ 32U [ActBuilding] 1. SPAWNINGPOOL near (77.7, 172.2)
2023-09-18 12:31:59.392 | 07:32   14ms  655M  842G   1/ 32U [ActBuilding] 1. SPAWNINGPOOL near (76.1, 162.3)
2023-09-18 12:31:59.533 | 07:33   12ms  655M  842G   1/ 32U [ActBuilding] 1. SPAWNINGPOOL near (68.4, 159.6)
2023-09-18 12:31:59.620 | 07:33   12ms  655M  842G   1/ 32U [ActBuilding] 1. SPAWNINGPOOL near (75.8, 162.1)
2023-09-18 12:31:59.777 | 07:34   14ms  655M  842G   1/ 32U [ActBuilding] 1. SPAWNINGPOOL near (68.1, 159.6)
2023-09-18 12:31:59.880 | 07:34   13ms  655M  842G   1/ 32U [ActBuilding] 1. SPAWNINGPOOL near (77.4, 164.1)
2023-09-18 12:32:00.838 | 07:34   12ms  655M  842G   1/ 32U [ActBuilding] 1. SPAWNINGPOOL near (78.4, 169.5)
2023-09-18 12:32:00.937 | 07:35   14ms  655M  842G   1/ 32U [ActBuilding] 1. SPAWNINGPOOL near (77.0, 163.6)
2023-09-18 12:32:01.091 | 07:35   12ms  655M  842G   1/ 32U [ActBuilding] 1. SPAWNINGPOOL near (78.5, 169.1)
2023-09-18 12:32:01.185 | 07:36   14ms  655M  842G   1/ 32U [ActBuilding] 1. SPAWNINGPOOL near (71.3, 159.7)
2023-09-18 12:32:01.325 | 07:36   14ms  655M  842G   1/ 32U [ActBuilding] 1. SPAWNINGPOOL near (78.4, 169.7)
2023-09-18 12:32:01.419 | 07:37   14ms  655M  842G   1/ 32U [ActBuilding] 1. SPAWNINGPOOL near (76.6, 163.0)
2023-09-18 12:32:01.566 | 07:37   14ms  655M  842G   1/ 32U [ActBuilding] 1. SPAWNINGPOOL near (77.6, 172.4)
2023-09-18 12:32:01.658 | 07:38   14ms  655M  842G   1/ 32U [ActBuilding] 1. SPAWNINGPOOL near (69.7, 159.5)
2023-09-18 12:32:01.795 | 07:38   14ms  655M  842G   1/ 32U [ActBuilding] 1. SPAWNINGPOOL near (77.4, 172.8)
2023-09-18 12:32:01.890 | 07:38   17ms  655M  842G   1/ 32U [ActBuilding] 1. SPAWNINGPOOL near (77.7, 164.8)
2023-09-18 12:32:02.031 | 07:39   20ms  655M  842G   1/ 32U [ActBuilding] 1. SPAWNINGPOOL near (69.8, 159.5)
2023-09-18 12:32:02.140 | 07:39   12ms  655M  842G   0/ 32U [ActBuilding] 1. SPAWNINGPOOL near (78.5, 168.2)
2023-09-18 12:32:02.281 | 07:40   17ms  655M  842G   0/ 32U [ActBuilding] 1. SPAWNINGPOOL near (78.0, 171.5)
2023-09-18 12:32:02.385 | 07:40   14ms  655M  842G   0/ 32U [ActBuilding] 1. SPAWNINGPOOL near (75.8, 162.1)
2023-09-18 12:32:02.523 | 07:41   16ms  655M  842G   0/ 32U [ActBuilding] 1. SPAWNINGPOOL near (78.0, 171.4)
2023-09-18 12:32:02.631 | 07:41   12ms  655M  842G   0/ 32U [ActBuilding] 1. SPAWNINGPOOL near (68.2, 159.6)
2023-09-18 12:32:02.798 | 07:42   15ms  655M  842G   0/ 32U [ActBuilding] 1. SPAWNINGPOOL near (69.1, 159.5)
2023-09-18 12:32:02.903 | 07:42   13ms  655M  842G   0/ 32U [ActBuilding] 1. SPAWNINGPOOL near (72.9, 160.2)
2023-09-18 12:32:03.047 | 07:42   13ms  655M  842G   0/ 32U [ActBuilding] 1. SPAWNINGPOOL near (73.2, 160.3)
2023-09-18 12:32:03.138 | 07:43   14ms  655M  842G   0/ 32U [ActBuilding] 1. SPAWNINGPOOL near (63.1, 162.2)
2023-09-18 12:32:03.285 | 07:43   14ms  655M  842G   0/ 32U [ActBuilding] 1. SPAWNINGPOOL near (63.0, 162.2)
2023-09-18 12:32:03.376 | 07:44   14ms  655M  842G   0/ 32U [ActBuilding] 1. SPAWNINGPOOL near (77.9, 171.7)
2023-09-18 12:32:03.510 | 07:44   14ms  655M  842G   0/ 32U [ActBuilding] 1. SPAWNINGPOOL near (72.7, 160.1)
2023-09-18 12:32:03.603 | 07:45   14ms  655M  842G   0/ 32U [ActBuilding] 1. SPAWNINGPOOL near (64.1, 161.3)
2023-09-18 12:32:03.731 | 07:45   14ms  655M  842G   0/ 32U [ActBuilding] 1. SPAWNINGPOOL near (75.8, 162.1)
2023-09-18 12:32:03.819 | 07:46   12ms  655M  842G   0/ 32U [ActBuilding] 1. SPAWNINGPOOL near (78.4, 167.0)
2023-09-18 12:32:03.955 | 07:46   14ms  655M  842G   0/ 32U [ActBuilding] 1. SPAWNINGPOOL near (69.5, 159.5)
2023-09-18 12:32:04.046 | 07:46   13ms  655M  842G   0/ 32U [ActBuilding] 1. SPAWNINGPOOL near (77.0, 173.5)
2023-09-18 12:32:04.176 | 07:47   14ms  655M  842G   0/ 32U [ActBuilding] 1. SPAWNINGPOOL near (78.4, 170.0)
2023-09-18 12:32:04.263 | 07:47   14ms  655M  842G   0/ 32U [ActBuilding] 1. SPAWNINGPOOL near (70.5, 159.6)
2023-09-18 12:32:04.406 | 07:48   12ms  655M  842G   0/ 32U [ActBuilding] 1. SPAWNINGPOOL near (77.1, 173.3)
2023-09-18 12:32:04.500 | 07:48   15ms  655M  842G   0/ 32U [ActBuilding] 1. SPAWNINGPOOL near (70.0, 159.5)
2023-09-18 12:32:04.663 | 07:49   14ms  655M  842G   0/ 32U [ActBuilding] 1. SPAWNINGPOOL near (78.2, 170.7)
2023-09-18 12:32:04.757 | 07:49   14ms  655M  842G   0/ 32U [ActBuilding] 1. SPAWNINGPOOL near (78.5, 168.1)
2023-09-18 12:32:04.905 | 07:50   14ms  655M  842G   0/ 32U [ActBuilding] 1. SPAWNINGPOOL near (77.8, 172.0)
2023-09-18 12:32:04.997 | 07:50   12ms  655M  842G   0/ 24U [ActBuilding] 1. SPAWNINGPOOL near (71.4, 159.7)
2023-09-18 12:32:05.135 | 07:50   14ms  655M  842G   0/ 24U [ActBuilding] 1. SPAWNINGPOOL near (62.9, 162.4)
2023-09-18 12:32:05.238 | 07:51   21ms  655M  842G   0/ 24U [ActBuilding] 1. SPAWNINGPOOL near (64.2, 161.3)
2023-09-18 12:32:05.376 | 07:51   16ms  655M  842G   0/ 24U [ActBuilding] 1. SPAWNINGPOOL near (69.5, 159.5)
2023-09-18 12:32:05.472 | 07:52   14ms  655M  842G   0/ 24U [ActBuilding] 1. SPAWNINGPOOL near (77.5, 164.3)
2023-09-18 12:32:05.613 | 07:52   12ms  655M  842G   0/ 24U [ActBuilding] 1. SPAWNINGPOOL near (78.0, 165.6)
2023-09-18 12:32:05.708 | 07:53   14ms  655M  842G   0/ 24U [ActBuilding] 1. SPAWNINGPOOL near (78.1, 166.0)
2023-09-18 12:32:05.853 | 07:53   14ms  655M  842G   0/ 24U [ActBuilding] 1. SPAWNINGPOOL near (73.7, 160.5)
2023-09-18 12:32:05.945 | 07:54   14ms  655M  842G   0/ 24U [ActBuilding] 1. SPAWNINGPOOL near (78.0, 171.6)
2023-09-18 12:32:06.084 | 07:54   14ms  655M  842G   0/ 24U [ActBuilding] 1. SPAWNINGPOOL near (74.2, 160.8)
2023-09-18 12:32:06.174 | 07:55   14ms  655M  842G   0/ 24U [ActBuilding] 1. SPAWNINGPOOL near (63.0, 162.3)
2023-09-18 12:32:06.323 | 07:55   14ms  655M  842G   0/ 24U [ActBuilding] 1. SPAWNINGPOOL near (75.6, 161.9)
2023-09-18 12:32:06.428 | 07:55   14ms  655M  842G   0/ 24U [ActBuilding] 1. SPAWNINGPOOL near (73.0, 160.2)
2023-09-18 12:32:06.586 | 07:56   15ms  655M  842G   0/ 24U [ActBuilding] 1. SPAWNINGPOOL near (78.0, 165.7)
2023-09-18 12:32:06.674 | 07:56   14ms  655M  842G   0/ 24U [ActBuilding] 1. SPAWNINGPOOL near (77.4, 172.9)
2023-09-18 12:32:06.790 | INFO     | sc2.protocol:_execute:72 - Client status changed to Status.ended (was Status.in_game)
2023-09-18 12:32:06.795 | Result: Defeat
2023-09-18 12:32:06.796 | Duration: 07:56
2023-09-18 12:32:06.796 | Step time min: 6
2023-09-18 12:32:06.797 | Step time avg: 20
2023-09-18 12:32:06.797 | Step time max: 96
2023-09-18 12:32:06.798 | [LostUnitsContents] My lost units minerals and gas: (6312.5, 100.0)
2023-09-18 12:32:06.799 | [LostUnitsContents] My lost units minerals by score: 5825.0
2023-09-18 12:32:06.799 | [LostUnitsContents] Enemy lost units minerals and gas: (50, 0)
2023-09-18 12:32:06.800 | [LostUnitsContents] Enemy lost units minerals by score: 50.0
2023-09-18 12:32:06.800 | [GameAnalyzerEnd] Own units:
2023-09-18 12:32:06.801 | [GameAnalyzerEnd] DRONE             total:  67 alive:   0 dead:  67 
2023-09-18 12:32:06.802 | [GameAnalyzerEnd] OVERLORD          total:   6 alive:   3 dead:   3 
2023-09-18 12:32:06.802 | [GameAnalyzerEnd] QUEEN             total:   5 alive:   0 dead:   5 
2023-09-18 12:32:06.803 | [GameAnalyzerEnd] EVOLUTIONCHAMBER  total:   4 alive:   0 dead:   4 
2023-09-18 12:32:06.803 | [GameAnalyzerEnd] HATCHERY          total:   3 alive:   0 dead:   3 
2023-09-18 12:32:06.804 | [GameAnalyzerEnd] EXTRACTOR         total:   2 alive:   1 dead:   1 
2023-09-18 12:32:06.804 | [GameAnalyzerEnd] SPAWNINGPOOL      total:   2 alive:   0 dead:   2 
2023-09-18 12:32:06.805 | [GameAnalyzerEnd] LAIR              total:   1 alive:   0 dead:   1 
2023-09-18 12:32:06.805 | [GameAnalyzerEnd] Enemy units:
2023-09-18 12:32:06.806 | [GameAnalyzerEnd] MARINE            total:  41 alive:  40 dead:   1 
2023-09-18 12:32:06.806 | [GameAnalyzerEnd] MARAUDER          total:   6 alive:   6 dead:   0 
2023-09-18 12:32:06.807 | [GameAnalyzerEnd] MEDIVAC           total:   3 alive:   3 dead:   0 
2023-09-18 12:32:06.807 | [GameAnalyzerEnd] SCV               total:   1 alive:   1 dead:   0 
2023-09-18 12:32:06.808 | [GameAnalyzerEnd] Minerals max 1750 Average 550
2023-09-18 12:32:06.809 | [GameAnalyzerEnd] Vespene max 842 Average 335
2023-09-18 12:32:06.809 | INFO     | sc2.main:_play_game:228 - Result for player 2 - Bot LadderBot(Zerg): Defeat
