2023-09-19 08:44:30.759 | INFO     | sc2.protocol:_execute:72 - Client status changed to Status.in_game (was None)
2023-09-19 08:44:30.760 | INFO     | sc2.main:_play_game:221 - Player 2 - Bot LadderBot(Zerg)
2023-09-19 08:44:31.029 | 00:00    0ms    0M    0G  12/ 14U [Version] 4.10.0.75689
2023-09-19 08:44:31.030 | 00:00    0ms    0M    0G  12/ 14U [Version] 5.0.6 Balance mod recognized.
2023-09-19 08:44:31.107 | 00:00    0ms    0M    0G  12/ 14U [ZoneManager] Map set to: MapName.Unknown from name: GoldenauraAIE and hash: 3690400.
2023-09-19 08:44:31.866 | [DataManager] No BuildDetector found, enemy build data cannot be saved
2023-09-19 08:44:31.889 | [Start] My race: Zerg
2023-09-19 08:44:31.890 | [Start] Opponent race: Terran
2023-09-19 08:44:31.891 | [Start] OpponentId: 1
2023-09-19 08:44:31.945 | 00:00    0ms    0M    0G  12/ 14U [ActUnit] DRONE from LARVA at (68.6, 165.8)
2023-09-19 08:44:33.113 | 00:07    8ms    0M    0G  13/ 14U [ActUnit] DRONE from LARVA at (68.5, 165.9)
2023-09-19 08:44:33.974 | 00:16    9ms    5M    0G  14/ 14U [ActUnit] OVERLORD from LARVA at (69.3, 165.6)
2023-09-19 08:44:35.753 | 00:34    7ms  190M    0G  14/ 22U [ActUnit] DRONE from LARVA at (69.2, 165.9)
2023-09-19 08:44:35.799 | 00:35    9ms  145M    0G  15/ 22U [ActUnit] DRONE from LARVA at (69.6, 165.7)
2023-09-19 08:44:35.845 | 00:35    8ms  100M    0G  16/ 22U [ActUnit] DRONE from LARVA at (70.0, 165.2)
2023-09-19 08:44:36.854 | 00:45    8ms  190M    0G  17/ 22U [ActUnit] DRONE from LARVA at (69.6, 165.7)
2023-09-19 08:44:37.713 | 00:54    7ms  300M    0G  18/ 22U [Expand] Expanding to (61.5, 146.5)
2023-09-19 08:44:38.070 | 00:58    7ms    0M    0G  18/ 22U [ActUnit] DRONE from LARVA at (69.1, 165.2)
2023-09-19 08:44:38.943 | 01:02   56ms   70M    0G  18/ 22U [GameAnalyzer] Income advantage is now SmallAdvantage
2023-09-19 08:44:39.806 | 01:07   12ms   35M    0G  18/ 22U [ActUnit] OVERLORD from LARVA at (69.4, 165.4)
2023-09-19 08:44:41.573 | 01:18    9ms  155M    0G  18/ 22U [ActUnit] DRONE from LARVA at (69.6, 165.9)
2023-09-19 08:44:42.678 | 01:27    7ms  305M    0G  19/ 30U [Expand] Expanding to (57.5, 120.5)
2023-09-19 08:44:43.067 | 01:30    8ms    5M    0G  19/ 30U [ActUnit] DRONE from LARVA at (70.0, 165.6)
2023-09-19 08:44:44.183 | 01:39    9ms   90M    0G  20/ 30U [ActUnit] DRONE from LARVA at (69.7, 165.6)
2023-09-19 08:44:44.392 | 01:40    8ms  410M    0G  21/ 30U [Expand] Expanding to (57.5, 120.5)
2023-09-19 08:44:44.445 | 01:41   11ms  420M    0G  21/ 30U [Expand] Expanding to (57.5, 120.5)
2023-09-19 08:44:44.501 | 01:41    9ms  430M    0G  21/ 30U [Expand] Expanding to (57.5, 120.5)
2023-09-19 08:44:44.654 | 01:43   10ms  435M    0G  21/ 30U [Expand] Expanding to (57.5, 120.5)
2023-09-19 08:44:44.706 | 01:43    9ms  460M    0G  21/ 30U [Expand] Expanding to (57.5, 120.5)
2023-09-19 08:44:44.757 | 01:44   10ms  470M    0G  21/ 30U [Expand] Expanding to (57.5, 120.5)
2023-09-19 08:44:44.811 | 01:44    9ms  475M    0G  21/ 30U [Expand] Expanding to (57.5, 120.5)
2023-09-19 08:44:44.965 | 01:45    9ms  485M    0G  21/ 30U [Expand] Expanding to (57.5, 120.5)
2023-09-19 08:44:45.016 | 01:46    9ms  500M    0G  21/ 30U [Expand] Expanding to (57.5, 120.5)
2023-09-19 08:44:45.017 | 01:46    9ms  200M    0G  21/ 30U [ActBuilding] 1. SPAWNINGPOOL near (62.9, 162.4)
2023-09-19 08:44:45.116 | 01:46   13ms  310M    0G  21/ 30U [Expand] Expanding to (57.5, 120.5)
2023-09-19 08:44:45.172 | 01:47   11ms  310M    0G  21/ 30U [Expand] Expanding to (57.5, 120.5)
2023-09-19 08:44:45.392 | 01:48    9ms  330M    0G  20/ 30U [Expand] Expanding to (57.5, 120.5)
2023-09-19 08:44:45.393 | 01:48    9ms    5M    0G  20/ 30U [BuildGas] Building EXTRACTOR to (72.5, 175.5)
2023-09-19 08:44:45.445 | 01:48   10ms  320M    0G  20/ 30U [Expand] Expanding to (57.5, 120.5)
2023-09-19 08:44:45.533 | 01:49   12ms  320M    0G  20/ 30U [Expand] Expanding to (57.5, 120.5)
2023-09-19 08:44:45.582 | 01:49   10ms  325M    0G  20/ 30U [Expand] Expanding to (57.5, 120.5)
2023-09-19 08:44:45.798 | 01:51   11ms  295M    0G  19/ 30U [ActUnit] DRONE from LARVA at (70.2, 165.7)
2023-09-19 08:44:45.854 | 01:51   10ms  300M    0G  20/ 30U [Expand] Expanding to (57.5, 120.5)
2023-09-19 08:44:45.933 | 01:52   11ms  305M    0G  20/ 30U [Expand] Expanding to (57.5, 120.5)
2023-09-19 08:44:45.987 | 01:52   10ms  320M    0G  20/ 30U [Expand] Expanding to (57.5, 120.5)
2023-09-19 08:44:46.214 | 01:53   10ms  330M    0G  20/ 30U [Expand] Expanding to (57.5, 120.5)
2023-09-19 08:44:46.216 | 01:53   10ms    5M    0G  20/ 30U [BuildGas] Building EXTRACTOR to (62.5, 165.5)
2023-09-19 08:44:46.270 | 01:54   10ms  320M    0G  20/ 30U [Expand] Expanding to (57.5, 120.5)
2023-09-19 08:44:46.347 | 01:54   12ms  325M    0G  20/ 30U [Expand] Expanding to (57.5, 120.5)
2023-09-19 08:44:46.400 | 01:55    9ms  335M    0G  19/ 30U [Expand] Expanding to (57.5, 120.5)
2023-09-19 08:44:46.612 | 01:56    9ms  345M    0G  19/ 30U [Expand] Expanding to (57.5, 120.5)
2023-09-19 08:44:46.666 | 01:56    9ms  350M    0G  19/ 30U [Expand] Expanding to (57.5, 120.5)
2023-09-19 08:44:46.745 | 01:57   13ms  365M    0G  19/ 30U [Expand] Expanding to (57.5, 120.5)
2023-09-19 08:44:46.798 | 01:57   10ms  375M    0G  19/ 30U [Expand] Expanding to (57.5, 120.5)
2023-09-19 08:44:47.016 | 01:59   10ms  385M    0G  19/ 30U [Expand] Expanding to (57.5, 120.5)
2023-09-19 08:44:47.070 | 01:59   10ms  395M    0G  19/ 30U [Expand] Expanding to (57.5, 120.5)
2023-09-19 08:44:47.153 | 02:00   12ms  405M    0G  19/ 30U [Expand] Expanding to (57.5, 120.5)
2023-09-19 08:44:47.284 | 02:00   10ms  370M    0G  19/ 30U [ActUnit] DRONE from LARVA at (69.3, 165.7)
2023-09-19 08:44:47.286 | 02:00   10ms  370M    0G  19/ 30U [Expand] Expanding to (57.5, 120.5)
2023-09-19 08:44:47.338 | 02:01   11ms  370M    0G  20/ 30U [Expand] Expanding to (57.5, 120.5)
2023-09-19 08:44:47.418 | 02:01   10ms  380M    0G  20/ 30U [Expand] Expanding to (57.5, 120.5)
2023-09-19 08:44:47.552 | 02:02   12ms  395M    0G  20/ 30U [Expand] Expanding to (57.5, 120.5)
2023-09-19 08:44:47.607 | 02:03   10ms  410M    0G  20/ 30U [Expand] Expanding to (57.5, 120.5)
2023-09-19 08:44:47.696 | 02:03   13ms  410M    0G  20/ 30U [Expand] Expanding to (57.5, 120.5)
2023-09-19 08:44:47.875 | 02:05    8ms  435M    0G  20/ 30U [Expand] Expanding to (57.5, 120.5)
2023-09-19 08:44:47.954 | 02:05   10ms  440M    0G  20/ 30U [Expand] Expanding to (57.5, 120.5)
2023-09-19 08:44:48.006 | 02:05    9ms  450M    0G  20/ 30U [Expand] Expanding to (57.5, 120.5)
2023-09-19 08:44:48.088 | 02:06   10ms  450M    0G  20/ 30U [Expand] Expanding to (57.5, 120.5)
2023-09-19 08:44:48.281 | 02:07    8ms  475M    0G  20/ 30U [Expand] Expanding to (57.5, 120.5)
2023-09-19 08:44:48.364 | 02:08   13ms  480M    0G  20/ 30U [Expand] Expanding to (57.5, 120.5)
2023-09-19 08:44:48.417 | 02:08    9ms  490M    0G  20/ 30U [Expand] Expanding to (57.5, 120.5)
2023-09-19 08:44:48.499 | 02:09   10ms  500M    0G  20/ 30U [Expand] Expanding to (57.5, 120.5)
2023-09-19 08:44:48.682 | 02:10    8ms  520M    0G  20/ 30U [Expand] Expanding to (57.5, 120.5)
2023-09-19 08:44:48.762 | 02:10   11ms  520M    0G  20/ 30U [Expand] Expanding to (57.5, 120.5)
2023-09-19 08:44:48.820 | 02:11   10ms  540M    0G  20/ 30U [Expand] Expanding to (57.5, 120.5)
2023-09-19 08:44:48.901 | 02:11   12ms  490M    0G  20/ 30U [ActUnit] DRONE from LARVA at (69.3, 165.5)
2023-09-19 08:44:48.903 | 02:11   12ms  490M    0G  20/ 30U [Expand] Expanding to (57.5, 120.5)
2023-09-19 08:44:49.104 | 02:13    8ms  510M    0G  21/ 30U [Expand] Expanding to (57.5, 120.5)
2023-09-19 08:44:49.183 | 02:13   12ms  515M    0G  21/ 30U [Expand] Expanding to (57.5, 120.5)
2023-09-19 08:44:49.234 | 02:13    9ms  525M    0G  21/ 30U [Expand] Expanding to (57.5, 120.5)
2023-09-19 08:44:49.326 | 02:14   10ms  475M    0G  21/ 36U [ActUnit] DRONE from LARVA at (61.6, 143.6)
2023-09-19 08:44:49.328 | 02:14   10ms  475M    0G  21/ 36U [Expand] Expanding to (57.5, 120.5)
2023-09-19 08:44:49.522 | 02:15    8ms  495M    0G  22/ 36U [Expand] Expanding to (57.5, 120.5)
2023-09-19 08:44:49.604 | 02:16   11ms  500M    0G  22/ 36U [Expand] Expanding to (57.5, 120.5)
2023-09-19 08:44:49.658 | 02:16    9ms  505M    4G  22/ 36U [Expand] Expanding to (57.5, 120.5)
2023-09-19 08:44:49.747 | 02:17   11ms  515M    4G  22/ 36U [Expand] Expanding to (57.5, 120.5)
2023-09-19 08:44:49.941 | 02:18    8ms  525M    8G  22/ 36U [Expand] Expanding to (57.5, 120.5)
2023-09-19 08:44:50.024 | 02:18   11ms  535M    8G  22/ 36U [Expand] Expanding to (57.5, 120.5)
2023-09-19 08:44:50.076 | 02:19    9ms  540M   12G  22/ 36U [Expand] Expanding to (57.5, 120.5)
2023-09-19 08:44:50.164 | 02:19   13ms  550M   12G  22/ 36U [Expand] Expanding to (57.5, 120.5)
2023-09-19 08:44:50.350 | 02:21    8ms  555M   16G  22/ 36U [Expand] Expanding to (57.5, 120.5)
2023-09-19 08:44:50.436 | 02:21   10ms  555M   20G  22/ 36U [Expand] Expanding to (57.5, 120.5)
2023-09-19 08:44:50.492 | 02:21   10ms  570M   20G  22/ 36U [Expand] Expanding to (57.5, 120.5)
2023-09-19 08:44:50.572 | 02:22   14ms  220M   24G  22/ 36U [ActUnit] DRONE from LARVA at (69.5, 165.4)
2023-09-19 08:44:50.628 | 02:22    9ms  525M   24G  23/ 36U [Expand] Expanding to (57.5, 120.5)
2023-09-19 08:44:50.713 | 02:23   11ms  530M   28G  23/ 36U [Expand] Expanding to (57.5, 120.5)
2023-09-19 08:44:50.770 | 02:23    9ms  535M   32G  23/ 36U [Expand] Expanding to (57.5, 120.5)
2023-09-19 08:44:50.903 | 02:24    8ms  545M   32G  23/ 36U [Expand] Expanding to (57.5, 120.5)
2023-09-19 08:44:50.988 | 02:25   11ms  495M   36G  23/ 36U [ActUnit] DRONE from LARVA at (61.4, 143.7)
2023-09-19 08:44:50.990 | 02:25   11ms  495M   36G  23/ 36U [Expand] Expanding to (57.5, 120.5)
2023-09-19 08:44:51.042 | 02:25   10ms  495M   40G  24/ 36U [Expand] Expanding to (57.5, 120.5)
2023-09-19 08:44:52.209 | 02:33   11ms  215M   72G  24/ 36U [ActUnit] DRONE from LARVA at (69.4, 165.8)
2023-09-19 08:44:52.349 | 02:34   13ms  525M   80G  25/ 36U [Expand] Expanding to (57.5, 120.5)
2023-09-19 08:44:52.407 | 02:34    9ms  535M   80G  25/ 36U [Expand] Expanding to (57.5, 120.5)
2023-09-19 08:44:52.495 | 02:34   13ms  535M   84G  25/ 36U [Expand] Expanding to (57.5, 120.5)
2023-09-19 08:44:52.552 | 02:35   10ms  535M   84G  25/ 36U [Expand] Expanding to (57.5, 120.5)
2023-09-19 08:44:52.638 | 02:35   13ms  190M   88G  25/ 36U [ActUnit] DRONE from LARVA at (61.6, 143.5)
2023-09-19 08:44:52.785 | 02:36   11ms  510M   88G  26/ 36U [Expand] Expanding to (57.5, 120.5)
2023-09-19 08:44:52.844 | 02:37   10ms  510M   92G  26/ 36U [Expand] Expanding to (57.5, 120.5)
2023-09-19 08:44:52.932 | 02:37   14ms  515M   96G  26/ 36U [Expand] Expanding to (57.5, 120.5)
2023-09-19 08:44:52.988 | 02:38   10ms  525M   96G  26/ 36U [GameAnalyzer] Income advantage is now ClearAdvantage
2023-09-19 08:44:52.992 | 02:38   10ms  525M   96G  26/ 36U [Expand] Expanding to (57.5, 120.5)
2023-09-19 08:44:53.072 | 02:38   16ms  225M  100G  26/ 36U [GameAnalyzer] Income advantage is now SmallAdvantage
2023-09-19 08:44:53.214 | 02:39   12ms  540M  104G  26/ 36U [Expand] Expanding to (57.5, 120.5)
2023-09-19 08:44:53.215 | 02:39   12ms  240M  104G  26/ 36U [Tech] Started ZERGLINGMOVEMENTSPEED
2023-09-19 08:44:53.275 | 02:39   12ms  450M    8G  26/ 36U [GameAnalyzer] Income advantage is now ClearAdvantage
2023-09-19 08:44:53.277 | 02:39   12ms  450M    8G  26/ 36U [Expand] Expanding to (57.5, 120.5)
2023-09-19 08:44:53.360 | 02:40   12ms  450M    8G  26/ 36U [Expand] Expanding to (57.5, 120.5)
2023-09-19 08:44:53.419 | 02:40    9ms  465M   12G  26/ 36U [Expand] Expanding to (57.5, 120.5)
2023-09-19 08:44:53.502 | 02:41   13ms  175M   12G  26/ 36U [GameAnalyzer] Income advantage is now SmallAdvantage
2023-09-19 08:44:53.652 | 02:42   10ms  490M   20G  26/ 36U [Expand] Expanding to (57.5, 120.5)
2023-09-19 08:44:53.714 | 02:42   10ms  490M   20G  26/ 36U [GameAnalyzer] Income advantage is now ClearAdvantage
2023-09-19 08:44:53.717 | 02:42   10ms  490M   20G  26/ 36U [Expand] Expanding to (57.5, 120.5)
2023-09-19 08:44:54.662 | 02:42   15ms  500M   24G  26/ 36U [Expand] Expanding to (57.5, 120.5)
2023-09-19 08:44:54.722 | 02:43   11ms  500M   28G  26/ 36U [Expand] Expanding to (57.5, 120.5)
2023-09-19 08:44:54.815 | 02:43   12ms  215M   28G  26/ 36U [GameAnalyzer] Income advantage is now SmallAdvantage
2023-09-19 08:44:54.816 | 02:43   12ms  165M   28G  26/ 36U [ActUnit] DRONE from LARVA at (69.7, 165.6)
2023-09-19 08:44:54.966 | 02:44   10ms  475M   32G  27/ 36U [Expand] Expanding to (57.5, 120.5)
2023-09-19 08:44:55.023 | 02:45   10ms  485M   36G  27/ 36U [GameAnalyzer] Income advantage is now ClearAdvantage
2023-09-19 08:44:55.027 | 02:45   10ms  485M   36G  27/ 36U [Expand] Expanding to (57.5, 120.5)
2023-09-19 08:44:55.125 | 02:45   13ms  495M   36G  27/ 36U [Expand] Expanding to (57.5, 120.5)
2023-09-19 08:44:55.191 | 02:46   11ms  505M   40G  27/ 36U [Expand] Expanding to (57.5, 120.5)
2023-09-19 08:44:55.278 | 02:46   14ms  165M   44G  27/ 36U [ActUnit] DRONE from LARVA at (61.4, 143.6)
2023-09-19 08:44:55.430 | 02:47   11ms  475M   48G  28/ 36U [Expand] Expanding to (57.5, 120.5)
2023-09-19 08:44:55.492 | 02:47   10ms  480M   52G  28/ 36U [Expand] Expanding to (57.5, 120.5)
2023-09-19 08:44:55.583 | 02:48   13ms  485M   52G  28/ 36U [Expand] Expanding to (57.5, 120.5)
2023-09-19 08:44:55.643 | 02:48   11ms  495M   56G  28/ 36U [Expand] Expanding to (57.5, 120.5)
2023-09-19 08:44:55.884 | 02:50   11ms  510M   60G  28/ 36U [Expand] Expanding to (57.5, 120.5)
2023-09-19 08:44:55.948 | 02:50   11ms  525M   64G  28/ 36U [Expand] Expanding to (57.5, 120.5)
2023-09-19 08:44:56.042 | 02:50   12ms  540M   68G  28/ 36U [Expand] Expanding to (57.5, 120.5)
2023-09-19 08:44:56.191 | 02:51   11ms  545M   72G  28/ 36U [Expand] Expanding to (57.5, 120.5)
2023-09-19 08:44:56.255 | 02:52   11ms  555M   76G  28/ 36U [Expand] Expanding to (57.5, 120.5)
2023-09-19 08:44:56.358 | 02:52   12ms  560M   76G  28/ 36U [Expand] Expanding to (57.5, 120.5)
2023-09-19 08:44:56.569 | 02:54    9ms  585M   84G  28/ 36U [Expand] Expanding to (57.5, 120.5)
2023-09-19 08:44:56.661 | 02:54   12ms  535M   84G  28/ 36U [ActUnit] DRONE from LARVA at (69.3, 165.8)
2023-09-19 08:44:56.663 | 02:54   12ms  535M   84G  28/ 36U [Expand] Expanding to (57.5, 120.5)
2023-09-19 08:44:56.723 | 02:55   11ms  560M   88G  29/ 36U [Expand] Expanding to (57.5, 120.5)
2023-09-19 08:44:56.814 | 02:55   12ms  560M   92G  29/ 36U [Expand] Expanding to (57.5, 120.5)
2023-09-19 08:44:57.031 | 02:56   10ms  590M  100G  29/ 36U [Expand] Expanding to (57.5, 120.5)
2023-09-19 08:44:57.123 | 02:57   12ms  540M  100G  29/ 36U [ActUnit] DRONE from LARVA at (61.5, 143.7)
2023-09-19 08:44:57.126 | 02:57   12ms  540M  100G  29/ 36U [Expand] Expanding to (57.5, 120.5)
2023-09-19 08:44:57.187 | 02:57   12ms  555M  104G  30/ 36U [Expand] Expanding to (57.5, 120.5)
2023-09-19 08:44:57.276 | 02:58   13ms  560M  108G  30/ 36U [Expand] Expanding to (57.5, 120.5)
2023-09-19 08:44:57.486 | 02:59    9ms  580M  116G  30/ 36U [Expand] Expanding to (57.5, 120.5)
2023-09-19 08:44:57.578 | 02:59   12ms  595M  116G  30/ 36U [Expand] Expanding to (57.5, 120.5)
2023-09-19 08:44:57.639 | 03:00   11ms  605M  116G  30/ 36U [Expand] Expanding to (57.5, 120.5)
2023-09-19 08:44:57.732 | 03:00   12ms  625M  120G  30/ 36U [Expand] Expanding to (57.5, 120.5)
2023-09-19 08:44:57.795 | 03:01   11ms  325M  124G  30/ 36U [Expand] Expanding to (57.5, 120.5)
2023-09-19 08:44:57.878 | 03:01   16ms  325M  124G  30/ 36U [Expand] Expanding to (57.5, 120.5)
2023-09-19 08:44:57.941 | 03:02   12ms  635M  128G  30/ 36U [Expand] Expanding to (57.5, 120.5)
2023-09-19 08:44:57.942 | 03:02   12ms  335M  128G  30/ 36U [ActBuilding] 1. EVOLUTIONCHAMBER near (77.0, 173.5)
2023-09-19 08:44:58.033 | 03:02   15ms  565M  132G  30/ 36U [Expand] Expanding to (57.5, 120.5)
2023-09-19 08:44:58.034 | 03:02   15ms  265M  132G  30/ 36U [ActBuilding] 2. EVOLUTIONCHAMBER near (78.0, 165.4)
2023-09-19 08:44:58.098 | 03:03   12ms  500M  132G  30/ 36U [Expand] Expanding to (57.5, 120.5)
2023-09-19 08:44:58.185 | 03:03   12ms  515M  136G  30/ 36U [Expand] Expanding to (57.5, 120.5)
2023-09-19 08:44:58.393 | 03:04    9ms  540M  140G  30/ 36U [Expand] Expanding to (57.5, 120.5)
2023-09-19 08:44:58.486 | 03:05   12ms  495M  144G  29/ 36U [ActUnit] DRONE from LARVA at (69.4, 165.5)
2023-09-19 08:44:58.489 | 03:05   12ms  495M  144G  29/ 36U [Expand] Expanding to (57.5, 120.5)
2023-09-19 08:44:58.553 | 03:05   12ms  520M  148G  30/ 36U [Expand] Expanding to (57.5, 120.5)
2023-09-19 08:44:58.645 | 03:06   12ms  525M  148G  29/ 36U [Expand] Expanding to (57.5, 120.5)
2023-09-19 08:44:58.854 | 03:07   10ms  540M  156G  29/ 36U [Expand] Expanding to (57.5, 120.5)
2023-09-19 08:44:58.948 | 03:07   12ms  490M  160G  29/ 36U [ActUnit] DRONE from LARVA at (61.5, 143.7)
2023-09-19 08:44:58.951 | 03:07   12ms  490M  160G  29/ 36U [Expand] Expanding to (57.5, 120.5)
2023-09-19 08:44:59.019 | 03:08   12ms  505M  164G  30/ 36U [Expand] Expanding to (57.5, 120.5)
2023-09-19 08:44:59.116 | 03:08   12ms  510M  164G  30/ 36U [Expand] Expanding to (57.5, 120.5)
2023-09-19 08:44:59.336 | 03:10   10ms  535M  172G  30/ 36U [Expand] Expanding to (57.5, 120.5)
2023-09-19 08:44:59.425 | 03:10   12ms  555M  172G  30/ 36U [Expand] Expanding to (57.5, 120.5)
2023-09-19 08:44:59.494 | 03:11   10ms  560M  176G  30/ 36U [Expand] Expanding to (57.5, 120.5)
2023-09-19 08:44:59.644 | 03:11   10ms  575M  180G  30/ 36U [Expand] Expanding to (57.5, 120.5)
2023-09-19 08:44:59.733 | 03:12   12ms  580M  184G  30/ 36U [Expand] Expanding to (57.5, 120.5)
2023-09-19 08:44:59.800 | 03:12   10ms  580M  188G  30/ 36U [Expand] Expanding to (57.5, 120.5)
2023-09-19 08:44:59.961 | 03:13   11ms  605M  192G  30/ 36U [Expand] Expanding to (57.5, 120.5)
2023-09-19 08:45:00.054 | 03:14   12ms  620M  196G  30/ 36U [Expand] Expanding to (57.5, 120.5)
2023-09-19 08:45:00.127 | 03:14   12ms  620M  196G  30/ 36U [Expand] Expanding to (57.5, 120.5)
2023-09-19 08:45:00.221 | 03:15   13ms  325M  196G  30/ 36U [Expand] Expanding to (57.5, 120.5)
2023-09-19 08:45:00.285 | 03:15   11ms  650M  200G  30/ 36U [Expand] Expanding to (57.5, 120.5)
2023-09-19 08:45:00.381 | 03:15   14ms  600M  204G  30/ 36U [ActUnit] DRONE from LARVA at (69.3, 165.6)
2023-09-19 08:45:00.383 | 03:15   14ms  600M  204G  30/ 36U [Expand] Expanding to (57.5, 120.5)
2023-09-19 08:45:00.451 | 03:16   12ms  605M  204G  31/ 36U [Expand] Expanding to (57.5, 120.5)
2023-09-19 08:45:00.545 | 03:16   13ms  325M  208G  31/ 36U [Expand] Expanding to (57.5, 120.5)
2023-09-19 08:45:00.611 | 03:17   11ms  330M  212G  31/ 36U [Expand] Expanding to (57.5, 120.5)
2023-09-19 08:45:00.704 | 03:17   14ms  640M  212G  31/ 36U [Expand] Expanding to (57.5, 120.5)
2023-09-19 08:45:00.767 | 03:18   11ms  645M  216G  31/ 36U [Expand] Expanding to (57.5, 120.5)
2023-09-19 08:45:00.861 | 03:18   12ms  610M  220G  31/ 36U [ActUnit] DRONE from LARVA at (61.5, 143.7)
2023-09-19 08:45:00.864 | 03:18   12ms  610M  220G  31/ 36U [Expand] Expanding to (57.5, 120.5)
2023-09-19 08:45:00.932 | 03:19   12ms  615M  220G  32/ 36U [Expand] Expanding to (57.5, 120.5)
2023-09-19 08:45:01.045 | 03:19   13ms  320M  220G  32/ 36U [Expand] Expanding to (57.5, 120.5)
2023-09-19 08:45:01.178 | 03:20   34ms  330M  224G  32/ 36U [Expand] Expanding to (57.5, 120.5)
2023-09-19 08:45:01.256 | 03:20   77ms  645M  228G  32/ 36U [Expand] Expanding to (57.5, 120.5)
2023-09-19 08:45:01.383 | 03:20   18ms  655M  228G  32/ 36U [Expand] Expanding to (57.5, 120.5)
2023-09-19 08:45:01.491 | 03:21   77ms  655M  232G  32/ 36U [Expand] Expanding to (57.5, 120.5)
2023-09-19 08:45:01.622 | 03:21   51ms  660M  236G  32/ 36U [Expand] Expanding to (57.5, 120.5)
2023-09-19 08:45:01.700 | 03:22   80ms  385M  236G  32/ 36U [Expand] Expanding to (57.5, 120.5)
2023-09-19 08:45:01.825 | 03:22   19ms  395M  240G  32/ 36U [Expand] Expanding to (57.5, 120.5)
2023-09-19 08:45:01.904 | 03:23   74ms  705M  244G  32/ 36U [Expand] Expanding to (57.5, 120.5)
2023-09-19 08:45:02.041 | 03:23   20ms  705M  244G  32/ 36U [GameAnalyzer] Known army advantage is now SmallDisadvantage
2023-09-19 08:45:02.042 | 03:23   20ms  705M  244G  32/ 36U [GameAnalyzer] Predicted army advantage is now SmallDisadvantage
2023-09-19 08:45:02.046 | 03:23   20ms  705M  244G  32/ 36U [Expand] Expanding to (57.5, 120.5)
2023-09-19 08:45:02.166 | 03:24   84ms  715M  248G  32/ 36U [Expand] Expanding to (57.5, 120.5)
2023-09-19 08:45:02.295 | 03:24   64ms  725M  248G  32/ 36U [Expand] Expanding to (57.5, 120.5)
2023-09-19 08:45:02.434 | 03:24   65ms  435M  252G  32/ 36U [Expand] Expanding to (57.5, 120.5)
2023-09-19 08:45:02.587 | 03:25   65ms  445M  252G  32/ 36U [Expand] Expanding to (57.5, 120.5)
2023-09-19 08:45:02.676 | 03:25   84ms  750M  256G  32/ 36U [Expand] Expanding to (57.5, 120.5)
2023-09-19 08:45:02.822 | 03:26   24ms  760M  260G  32/ 36U [Expand] Expanding to (57.5, 120.5)
2023-09-19 08:45:02.912 | 03:26   86ms  720M  260G  31/ 36U [ActUnit] DRONE from LARVA at (69.4, 165.8)
2023-09-19 08:45:02.920 | 03:26   86ms  720M  260G  31/ 36U [Expand] Expanding to (57.5, 120.5)
2023-09-19 08:45:03.055 | 03:27   36ms  725M  264G  32/ 36U [Expand] Expanding to (57.5, 120.5)
2023-09-19 08:45:03.181 | 03:27   81ms  435M  268G  32/ 36U [Expand] Expanding to (57.5, 120.5)
2023-09-19 08:45:03.325 | 03:28   65ms  450M  268G  32/ 36U [Expand] Expanding to (57.5, 120.5)
2023-09-19 08:45:03.444 | 03:28   79ms  750M  272G  32/ 36U [Expand] Expanding to (57.5, 120.5)
2023-09-19 08:45:03.589 | 03:28   58ms  755M  276G  32/ 36U [Expand] Expanding to (57.5, 120.5)
2023-09-19 08:45:03.717 | 03:29   85ms  665M  276G  32/ 36U [ActUnit] OVERLORD from LARVA at (61.4, 143.6)
2023-09-19 08:45:03.725 | 03:29   85ms  665M  276G  32/ 36U [Expand] Expanding to (57.5, 120.5)
2023-09-19 08:45:03.858 | 03:29   68ms  675M  276G  32/ 36U [Expand] Expanding to (57.5, 120.5)
2023-09-19 08:45:03.997 | 03:30   79ms  375M  280G  32/ 36U [Expand] Expanding to (57.5, 120.5)
2023-09-19 08:45:04.148 | 03:30   67ms  375M  284G  32/ 36U [Expand] Expanding to (57.5, 120.5)
2023-09-19 08:45:04.275 | 03:31   84ms  680M  284G  32/ 36U [Expand] Expanding to (57.5, 120.5)
2023-09-19 08:45:04.278 | 03:31   84ms  380M  284G  32/ 36U [Tech] Started ZERGMELEEWEAPONSLEVEL1
2023-09-19 08:45:04.413 | 03:31   68ms  590M  188G  32/ 36U [Expand] Expanding to (57.5, 120.5)
2023-09-19 08:45:04.417 | 03:31   68ms  290M  188G  32/ 36U [Tech] Started ZERGGROUNDARMORSLEVEL1
2023-09-19 08:45:04.546 | 03:32   80ms  450M   42G  32/ 36U [Expand] Expanding to (57.5, 120.5)
2023-09-19 08:45:04.690 | 03:32   65ms  455M   42G  30/ 36U [Expand] Expanding to (57.5, 120.5)
2023-09-19 08:45:05.036 | 03:33   85ms  465M   50G  29/ 36U [Expand] Expanding to (57.5, 120.5)
2023-09-19 08:45:05.191 | 03:34   63ms  465M   50G  29/ 36U [Expand] Expanding to (57.5, 120.5)
2023-09-19 08:45:05.335 | 03:34   90ms  475M   54G  29/ 36U [Expand] Expanding to (57.5, 120.5)
2023-09-19 08:45:05.468 | 03:35   64ms  475M   58G  28/ 36U [Expand] Expanding to (57.5, 120.5)
2023-09-19 08:45:05.597 | 03:35   64ms  480M   58G  28/ 36U [Expand] Expanding to (57.5, 120.5)
2023-09-19 08:45:06.119 | 03:37   80ms  455M   70G  28/ 36U [ActUnit] DRONE from LARVA at (69.6, 165.7)
2023-09-19 08:45:06.127 | 03:37   80ms  455M   70G  28/ 36U [Expand] Expanding to (57.5, 120.5)
2023-09-19 08:45:06.266 | 03:37   66ms  460M   74G  29/ 36U [Expand] Expanding to (57.5, 120.5)
2023-09-19 08:45:06.347 | 03:38   80ms  465M   74G  29/ 36U [Expand] Expanding to (57.5, 120.5)
2023-09-19 08:45:06.492 | 03:38   19ms  470M   74G  29/ 36U [Expand] Expanding to (57.5, 120.5)
2023-09-19 08:45:07.554 | 03:40   65ms  440M   82G  29/ 36U [ActUnit] DRONE from LARVA at (61.4, 143.7)
2023-09-19 08:45:07.558 | 03:40   65ms  440M   82G  29/ 36U [Expand] Expanding to (57.5, 120.5)
2023-09-19 08:45:07.689 | 03:40   40ms  445M   86G  30/ 36U [Expand] Expanding to (57.5, 120.5)
2023-09-19 08:45:07.819 | 03:40   76ms  450M   90G  30/ 36U [Expand] Expanding to (57.5, 120.5)
2023-09-19 08:45:08.075 | 03:41   76ms  460M   94G  30/ 36U [Expand] Expanding to (57.5, 120.5)
2023-09-19 08:45:08.214 | 03:42   58ms  465M   98G  30/ 36U [Expand] Expanding to (57.5, 120.5)
2023-09-19 08:45:08.339 | 03:42   79ms  475M   98G  30/ 36U [Expand] Expanding to (57.5, 120.5)
2023-09-19 08:45:08.579 | 03:43   76ms  485M  106G  30/ 36U [Expand] Expanding to (57.5, 120.5)
2023-09-19 08:45:08.727 | 03:44   37ms  495M  106G  30/ 36U [Expand] Expanding to (57.5, 120.5)
2023-09-19 08:45:08.853 | 03:44   88ms  505M  106G  30/ 36U [Expand] Expanding to (57.5, 120.5)
2023-09-19 08:45:09.256 | 03:45   59ms  525M  114G  30/ 36U [Expand] Expanding to (57.5, 120.5)
2023-09-19 08:45:09.347 | 03:46   62ms  540M  118G  30/ 36U [Expand] Expanding to (57.5, 120.5)
2023-09-19 08:45:09.494 | 03:46   24ms  540M  122G  30/ 36U [Expand] Expanding to (57.5, 120.5)
2023-09-19 08:45:09.499 | 03:46   24ms   65M   22G  30/ 36U [BuildGas] Building EXTRACTOR to (64.5, 153.5)
2023-09-19 08:45:09.597 | 03:47   86ms  370M   22G  30/ 36U [Expand] Expanding to (57.5, 120.5)
2023-09-19 08:45:09.807 | 03:48   71ms   30M   30G  30/ 44U [ActUnit] DRONE from LARVA at (69.4, 165.9)
2023-09-19 08:45:09.943 | 03:48   24ms  345M   30G  31/ 44U [Expand] Expanding to (57.5, 120.5)
2023-09-19 08:45:10.077 | 03:49   82ms  360M   30G  31/ 44U [Expand] Expanding to (57.5, 120.5)
2023-09-19 08:45:10.230 | 03:49   56ms  360M   34G  31/ 44U [Expand] Expanding to (57.5, 120.5)
2023-09-19 08:45:10.356 | 03:49   88ms  360M   38G  31/ 44U [Expand] Expanding to (57.5, 120.5)
2023-09-19 08:45:10.611 | 03:50   74ms   60M   42G  31/ 44U [ActUnit] DRONE from LARVA at (61.4, 143.5)
2023-09-19 08:45:11.164 | 03:52   77ms  395M   54G  31/ 44U [Expand] Expanding to (57.5, 120.5)
2023-09-19 08:45:11.321 | 03:53   65ms  395M   54G  31/ 44U [Expand] Expanding to (57.5, 120.5)
2023-09-19 08:45:12.609 | 03:57   66ms  475M   78G  30/ 44U [Expand] Expanding to (57.5, 120.5)
2023-09-19 08:45:12.717 | 03:57   15ms  480M   82G  30/ 44U [Expand] Expanding to (57.5, 120.5)
2023-09-19 08:45:12.793 | 03:58   15ms  485M   86G  30/ 44U [Expand] Expanding to (57.5, 120.5)
2023-09-19 08:45:12.906 | 03:58   15ms  455M   86G  30/ 44U [ActUnit] DRONE from LARVA at (69.7, 165.5)
2023-09-19 08:45:12.909 | 03:58   15ms  455M   86G  30/ 44U [Expand] Expanding to (57.5, 120.5)
2023-09-19 08:45:13.177 | 04:00   12ms  465M   94G  31/ 44U [Expand] Expanding to (57.5, 120.5)
2023-09-19 08:45:13.292 | 04:00   16ms  485M   94G  31/ 44U [Expand] Expanding to (57.5, 120.5)
2023-09-19 08:45:13.378 | 04:01   15ms  485M   98G  31/ 44U [GameAnalyzer] Known army advantage is now ClearDisadvantage
2023-09-19 08:45:13.378 | 04:01   15ms  485M   98G  31/ 44U [GameAnalyzer] Predicted army advantage is now ClearDisadvantage
2023-09-19 08:45:13.382 | 04:01   15ms  485M   98G  31/ 44U [Expand] Expanding to (57.5, 120.5)
2023-09-19 08:45:13.494 | 04:01   18ms  435M  102G  31/ 44U [ActUnit] DRONE from LARVA at (61.4, 143.6)
2023-09-19 08:45:13.497 | 04:01   18ms  435M  102G  31/ 44U [Expand] Expanding to (57.5, 120.5)
2023-09-19 08:45:13.778 | 04:02   13ms  460M  110G  32/ 44U [Expand] Expanding to (57.5, 120.5)
2023-09-19 08:45:13.893 | 04:03   17ms  465M  110G  32/ 38U [GameAnalyzer] Income advantage is now SmallAdvantage
2023-09-19 08:45:15.664 | 04:09   73ms  520M  142G  32/ 38U [ActUnit] DRONE from LARVA at (69.7, 165.5)
2023-09-19 08:45:18.150 | 04:20   14ms  655M  202G  29/ 38U [ActUnit] DRONE from LARVA at (69.6, 165.4)
2023-09-19 08:45:19.424 | 04:25   15ms  750M  230G  30/ 38U [Expand] Expanding to (61.5, 146.5)
2023-09-19 08:45:19.498 | 04:26   14ms  465M  234G  30/ 38U [Expand] Expanding to (61.5, 146.5)
2023-09-19 08:45:20.533 | 04:30   14ms  195M  262G  30/ 38U [ActUnit] DRONE from LARVA at (69.3, 165.5)
2023-09-19 08:45:20.915 | 04:32   14ms  525M  270G  30/ 38U [Expand] Expanding to (61.5, 146.5)
2023-09-19 08:45:20.987 | 04:33   13ms  240M  270G  29/ 38U [GameAnalyzer] Income advantage is now ClearAdvantage
2023-09-19 08:45:21.290 | 04:34   14ms  565M  278G  28/ 38U [Expand] Expanding to (57.5, 120.5)
2023-09-19 08:45:21.669 | 04:36   15ms  300M  290G  28/ 38U [Expand] Expanding to (57.5, 120.5)
2023-09-19 08:45:23.105 | 04:39   14ms  350M  310G  27/ 38U [Expand] Expanding to (57.5, 120.5)
2023-09-19 08:45:23.184 | 04:40   14ms  360M  310G  26/ 38U [GameAnalyzer] Income advantage is now SmallAdvantage
2023-09-19 08:45:23.187 | 04:40   14ms  360M  310G  26/ 38U [Expand] Expanding to (57.5, 120.5)
2023-09-19 08:45:23.487 | 04:41   13ms   35M  318G  26/ 38U [ActUnit] DRONE from LARVA at (69.3, 165.6)
2023-09-19 08:45:23.760 | 04:43   12ms   55M  326G  27/ 38U [PlanCancelBuilding] Cancelled HATCHERY at (61.5, 146.5) with 89.9619140625 health
2023-09-19 08:45:23.875 | 04:43   15ms  280M  326G  28/ 38U [GameAnalyzer] Income advantage is now SlightAdvantage
2023-09-19 08:45:24.861 | 04:47   13ms  805M  350G  25/ 38U [ActUnit] QUEEN from HATCHERY at (69.5, 168.5)
2023-09-19 08:45:25.806 | 04:52   14ms  830M  378G  27/ 38U [ActUnit] DRONE from LARVA at (69.3, 165.5)
2023-09-19 08:45:26.187 | 04:54   13ms  845M  386G  28/ 38U [GameAnalyzer] Income advantage is now SmallAdvantage
2023-09-19 08:45:26.888 | 04:57   13ms  900M  406G  28/ 38U [Expand] Expanding to (61.5, 146.5)
2023-09-19 08:45:26.969 | 04:57   72ms  600M  406G  28/ 38U [GameAnalyzer] Income advantage is now SlightAdvantage
2023-09-19 08:45:26.972 | 04:57   72ms  600M  406G  28/ 38U [Expand] Expanding to (61.5, 146.5)
2023-09-19 08:45:27.052 | 04:58   14ms  315M  406G  28/ 38U [Expand] Expanding to (61.5, 146.5)
2023-09-19 08:45:27.796 | 05:01   13ms  355M  426G  27/ 38U [Expand] Expanding to (61.5, 146.5)
2023-09-19 08:45:27.887 | 05:01   13ms  355M  430G  26/ 38U [Expand] Expanding to (61.5, 146.5)
2023-09-19 08:45:28.112 | 05:02   11ms  380M  430G  25/ 38U [Expand] Expanding to (61.5, 146.5)
2023-09-19 08:45:28.245 | 05:03   15ms   35M  434G  25/ 38U [ActUnit] DRONE from LARVA at (69.5, 165.4)
2023-09-19 08:45:28.562 | 05:04   11ms  350M  442G  25/ 38U [Expand] Expanding to (61.5, 146.5)
2023-09-19 08:45:28.785 | 05:05   12ms  355M  446G  24/ 38U [Expand] Expanding to (61.5, 146.5)
2023-09-19 08:45:28.925 | 05:05   14ms  360M  450G  23/ 38U [GameAnalyzer] Income advantage is now Even
2023-09-19 08:45:28.927 | 05:05   14ms  360M  450G  23/ 38U [Expand] Expanding to (61.5, 146.5)
2023-09-19 08:45:29.164 | 05:06   13ms  370M  454G  22/ 38U [Expand] Expanding to (61.5, 146.5)
2023-09-19 08:45:29.259 | 05:07   13ms  375M  454G  21/ 38U [Expand] Expanding to (61.5, 146.5)
2023-09-19 08:45:29.479 | 05:08   11ms  385M  462G  20/ 38U [Expand] Expanding to (61.5, 146.5)
2023-09-19 08:45:29.916 | 05:09   11ms  400M  470G  19/ 38U [Expand] Expanding to (61.5, 146.5)
2023-09-19 08:45:30.374 | 05:11   11ms  570M  624G  18/ 38U [Expand] Expanding to (61.5, 146.5)
2023-09-19 08:45:30.375 | 05:11   11ms  270M  624G  18/ 38U [ActBuilding] 2. EVOLUTIONCHAMBER near (72.6, 160.0)
2023-09-19 08:45:30.800 | 05:12   11ms  495M  624G  17/ 38U [Expand] Expanding to (61.5, 146.5)
2023-09-19 08:45:31.167 | 05:13   13ms  160M  624G  17/ 38U [ActUnit] DRONE from LARVA at (69.6, 165.9)
2023-09-19 08:45:31.485 | 05:15   11ms  550M  628G  16/ 38U [Expand] Expanding to (61.5, 146.5)
2023-09-19 08:45:31.486 | 05:15   11ms  250M  628G  16/ 38U [ActBuilding] 2. EVOLUTIONCHAMBER near (78.5, 169.4)
2023-09-19 08:45:31.622 | 05:15   16ms  480M  628G  15/ 38U [Expand] Expanding to (61.5, 146.5)
2023-09-19 08:45:31.708 | 05:16   12ms  480M  628G  14/ 38U [Expand] Expanding to (61.5, 146.5)
2023-09-19 08:45:31.834 | 05:16   13ms  490M  628G  13/ 38U [GameAnalyzer] Income advantage is now SlightDisadvantage
2023-09-19 08:45:31.837 | 05:16   13ms  490M  628G  13/ 38U [Expand] Expanding to (61.5, 146.5)
2023-09-19 08:45:32.055 | 05:17   11ms  790M  628G  11/ 38U [Expand] Expanding to (61.5, 146.5)
2023-09-19 08:45:32.140 | 05:17   11ms  490M  628G  10/ 38U [GameAnalyzer] Income advantage is now Even
2023-09-19 08:45:32.142 | 05:17   11ms  490M  628G  10/ 38U [Expand] Expanding to (57.5, 120.5)
2023-09-19 08:45:32.474 | 05:19   11ms  500M  628G   8/ 38U [Expand] Expanding to (57.5, 120.5)
2023-09-19 08:45:32.554 | 05:19   11ms  500M  628G   7/ 38U [Expand] Expanding to (57.5, 120.5)
2023-09-19 08:45:32.751 | 05:20    9ms  505M  628G   6/ 38U [Expand] Expanding to (57.5, 120.5)
2023-09-19 08:45:33.061 | 05:21   11ms  505M  628G   5/ 38U [Expand] Expanding to (57.5, 120.5)
2023-09-19 08:45:33.138 | 05:22   10ms  510M  628G   5/ 38U [Expand] Expanding to (57.5, 120.5)
2023-09-19 08:45:33.254 | 05:22   12ms  510M  628G   5/ 38U [Expand] Expanding to (57.5, 120.5)
2023-09-19 08:45:33.333 | 05:23   10ms  810M  628G   4/ 38U [Expand] Expanding to (57.5, 120.5)
2023-09-19 08:45:33.450 | 05:23   11ms  510M  628G   4/ 38U [Expand] Expanding to (57.5, 120.5)
2023-09-19 08:45:33.526 | 05:24   10ms  510M  628G   4/ 38U [Expand] Expanding to (57.5, 120.5)
2023-09-19 08:45:33.527 | 05:24   10ms  210M  628G   4/ 38U [Inject] injecting hatch (69.5, 168.5)
2023-09-19 08:45:33.645 | 05:24   12ms  460M  628G   4/ 38U [ActUnit] DRONE from LARVA at (69.5, 165.4)
2023-09-19 08:45:33.646 | 05:24   12ms  460M  628G   4/ 38U [Expand] Expanding to (57.5, 120.5)
2023-09-19 08:45:33.722 | 05:25   11ms  460M  628G   5/ 38U [Expand] Expanding to (57.5, 120.5)
2023-09-19 08:45:33.847 | 05:25   12ms  460M  628G   5/ 38U [Expand] Expanding to (57.5, 120.5)
2023-09-19 08:45:33.928 | 05:25   10ms  460M  628G   5/ 38U [Expand] Expanding to (57.5, 120.5)
2023-09-19 08:45:33.929 | 05:25   10ms  160M  628G   5/ 38U [Tech] Started ZERGGROUNDARMORSLEVEL1
2023-09-19 08:45:34.051 | 05:26   13ms  310M  478G   5/ 38U [Expand] Expanding to (57.5, 120.5)
2023-09-19 08:45:34.196 | 05:26   10ms  310M  478G   5/ 38U [Expand] Expanding to (57.5, 120.5)
2023-09-19 08:45:34.331 | 05:27   79ms  310M  478G   5/ 38U [Expand] Expanding to (57.5, 120.5)
2023-09-19 08:45:34.425 | 05:27   62ms  310M  478G   5/ 38U [Expand] Expanding to (57.5, 120.5)
2023-09-19 08:45:34.557 | 05:28   11ms  310M  478G   5/ 38U [Expand] Expanding to (57.5, 120.5)
2023-09-19 08:45:34.641 | 05:28   10ms  310M  478G   5/ 38U [Expand] Expanding to (57.5, 120.5)
2023-09-19 08:45:34.643 | 05:28   10ms   10M  478G   5/ 38U [PlanCancelBuilding] Cancelled HATCHERY at (61.5, 146.5) with 51.89306640625 health
2023-09-19 08:45:34.771 | 05:29   13ms  535M  478G   6/ 38U [GameAnalyzer] Income advantage is now SmallDisadvantage
2023-09-19 08:45:34.772 | 05:29   13ms  385M  478G   6/ 38U [ActUnit] QUEEN from HATCHERY at (69.5, 168.5)
2023-09-19 08:45:35.465 | 05:32    9ms  685M  478G   6/ 38U [GameAnalyzer] Known army advantage is now OverwhelmingDisadvantage
2023-09-19 08:45:35.466 | 05:32    9ms  685M  478G   6/ 38U [GameAnalyzer] Predicted army advantage is now OverwhelmingDisadvantage
2023-09-19 08:45:36.818 | 05:35   10ms  640M  478G   6/ 38U [ActUnit] DRONE from LARVA at (69.6, 165.4)
2023-09-19 08:45:37.285 | 05:37    9ms  640M  478G   7/ 38U [GameAnalyzer] Known army advantage is now ClearDisadvantage
2023-09-19 08:45:37.286 | 05:37    9ms  640M  478G   7/ 38U [GameAnalyzer] Predicted army advantage is now ClearDisadvantage
2023-09-19 08:45:38.814 | 05:44   11ms  650M  478G   7/ 38U [Expand] Expanding to (61.5, 146.5)
2023-09-19 08:45:38.903 | 05:44   10ms  355M  478G   7/ 38U [Expand] Expanding to (61.5, 146.5)
2023-09-19 08:45:39.251 | 05:45   10ms    5M  478G   5/ 38U [ActUnit] DRONE from LARVA at (69.7, 165.6)
2023-09-19 08:45:39.741 | 05:48    9ms    5M  478G   6/ 38U [GameAnalyzer] Known army advantage is now OverwhelmingDisadvantage
2023-09-19 08:45:39.742 | 05:48    9ms    5M  478G   6/ 38U [GameAnalyzer] Predicted army advantage is now OverwhelmingDisadvantage
2023-09-19 08:45:40.793 | 05:52    9ms    5M  478G   5/ 38U [GameAnalyzer] Income advantage is now Even
2023-09-19 08:45:40.920 | 05:53   11ms  305M  478G   5/ 38U [Expand] Expanding to (57.5, 120.5)
2023-09-19 08:45:41.397 | 05:55   10ms  260M  478G   4/ 38U [ActUnit] DRONE from LARVA at (70.0, 165.3)
2023-09-19 08:45:41.525 | 05:55   12ms  210M  478G   5/ 38U [ActUnit] DRONE from LARVA at (69.6, 165.4)
2023-09-19 08:45:41.603 | 05:56   10ms  160M  478G   6/ 38U [ActUnit] DRONE from LARVA at (70.0, 165.3)
2023-09-19 08:45:42.103 | 05:58   10ms  110M  478G   7/ 38U [ActUnit] DRONE from LARVA at (69.5, 165.6)
2023-09-19 08:45:42.713 | 06:01   10ms  115M  478G   8/ 38U [GameAnalyzer] Income advantage is now SmallDisadvantage
2023-09-19 08:45:42.714 | 06:01   10ms  115M  478G   8/ 38U [ActBuilding] 2. EVOLUTIONCHAMBER near (78.2, 170.8)
2023-09-19 08:45:43.578 | 06:05    9ms   40M  478G   7/ 38U [Inject] injecting hatch (69.5, 168.5)
2023-09-19 08:45:44.286 | 06:08   11ms   45M  478G   7/ 38U [GameAnalyzer] Income advantage is now SlightDisadvantage
2023-09-19 08:45:44.749 | 06:10    9ms    0M  478G   7/ 38U [ActUnit] DRONE from LARVA at (69.1, 165.6)
2023-09-19 08:45:47.741 | 06:23   11ms    0M  478G   8/ 38U [ActUnit] DRONE from LARVA at (70.0, 165.4)
2023-09-19 08:45:50.854 | 06:34   11ms    0M  478G   7/ 38U [ActUnit] DRONE from LARVA at (69.6, 165.9)
2023-09-19 08:45:52.399 | 06:40   10ms    0M  478G   8/ 38U [ActUnit] DRONE from LARVA at (68.9, 165.7)
2023-09-19 08:45:53.861 | 06:46   13ms   35M  478G   9/ 38U [GameAnalyzer] Income advantage is now Even
2023-09-19 08:45:54.867 | 06:50   11ms   10M  478G   9/ 38U [ActUnit] DRONE from LARVA at (70.3, 165.6)
2023-09-19 08:45:56.227 | 06:56   10ms    0M  478G   9/ 38U [ActUnit] DRONE from LARVA at (68.6, 165.9)
2023-09-19 08:45:58.003 | 07:03   11ms    0M  478G  10/ 38U [ActUnit] DRONE from LARVA at (69.4, 165.6)
2023-09-19 08:45:59.745 | 07:09   11ms    0M  478G  11/ 38U [ActUnit] DRONE from LARVA at (69.1, 165.2)
2023-09-19 08:46:00.222 | 07:11   13ms    5M  478G  12/ 32U [GameAnalyzer] Income advantage is now ClearDisadvantage
2023-09-19 08:46:15.494 | INFO     | sc2.protocol:_execute:72 - Client status changed to Status.ended (was Status.in_game)
2023-09-19 08:46:15.499 | Result: Defeat
2023-09-19 08:46:15.499 | Duration: 08:05
2023-09-19 08:46:15.500 | Step time min: 6
2023-09-19 08:46:15.500 | Step time avg: 17
2023-09-19 08:46:15.501 | Step time max: 96
2023-09-19 08:46:15.501 | [LostUnitsContents] My lost units minerals and gas: (5050.0, 100.0)
2023-09-19 08:46:15.502 | [LostUnitsContents] My lost units minerals by score: 4375.0
2023-09-19 08:46:15.502 | [LostUnitsContents] Enemy lost units minerals and gas: (150, 0)
2023-09-19 08:46:15.503 | [LostUnitsContents] Enemy lost units minerals by score: 150.0
2023-09-19 08:46:15.504 | [GameAnalyzerEnd] Own units:
2023-09-19 08:46:15.504 | [GameAnalyzerEnd] DRONE             total:  57 alive:   6 dead:  51 
2023-09-19 08:46:15.505 | [GameAnalyzerEnd] OVERLORD          total:   4 alive:   4 dead:   0 
2023-09-19 08:46:15.505 | [GameAnalyzerEnd] HATCHERY          total:   4 alive:   0 dead:   4 
2023-09-19 08:46:15.506 | [GameAnalyzerEnd] EVOLUTIONCHAMBER  total:   4 alive:   0 dead:   4 
2023-09-19 08:46:15.507 | [GameAnalyzerEnd] EXTRACTOR         total:   2 alive:   1 dead:   1 
2023-09-19 08:46:15.507 | [GameAnalyzerEnd] QUEEN             total:   2 alive:   0 dead:   2 
2023-09-19 08:46:15.508 | [GameAnalyzerEnd] LAIR              total:   1 alive:   0 dead:   1 
2023-09-19 08:46:15.508 | [GameAnalyzerEnd] SPAWNINGPOOL      total:   1 alive:   0 dead:   1 
2023-09-19 08:46:15.509 | [GameAnalyzerEnd] Enemy units:
2023-09-19 08:46:15.509 | [GameAnalyzerEnd] MARINE            total:  43 alive:  40 dead:   3 
2023-09-19 08:46:15.510 | [GameAnalyzerEnd] MARAUDER          total:   6 alive:   6 dead:   0 
2023-09-19 08:46:15.510 | [GameAnalyzerEnd] MEDIVAC           total:   4 alive:   4 dead:   0 
2023-09-19 08:46:15.510 | [GameAnalyzerEnd] SCV               total:   1 alive:   1 dead:   0 
2023-09-19 08:46:15.511 | [GameAnalyzerEnd] Minerals max 955 Average 247
2023-09-19 08:46:15.512 | [GameAnalyzerEnd] Vespene max 628 Average 240
2023-09-19 08:46:15.512 | INFO     | sc2.main:_play_game:228 - Result for player 2 - Bot LadderBot(Zerg): Defeat
