2023-09-17 19:52:00.215 | INFO     | sc2.protocol:_execute:72 - Client status changed to Status.in_game (was None)
2023-09-17 19:52:00.216 | INFO     | sc2.main:_play_game:221 - Player 2 - Bot LadderBot(Zerg)
2023-09-17 19:52:00.450 | 00:00    0ms    0M    0G  12/ 14U [Version] 4.10.0.75689
2023-09-17 19:52:00.451 | 00:00    0ms    0M    0G  12/ 14U [Version] 5.0.6 Balance mod recognized.
2023-09-17 19:52:00.517 | 00:00    0ms    0M    0G  12/ 14U [ZoneManager] Map set to: MapName.Unknown from name: InfestationStationAIE and hash: 3102896.
2023-09-17 19:52:01.080 | [DataManager] No BuildDetector found, enemy build data cannot be saved
2023-09-17 19:52:01.104 | [Start] My race: Zerg
2023-09-17 19:52:01.105 | [Start] Opponent race: Terran
2023-09-17 19:52:01.105 | [Start] OpponentId: 1
2023-09-17 19:52:01.161 | 00:00    0ms    0M    0G  12/ 14U [ActUnit] DRONE from LARVA at (133.4, 128.8)
2023-09-17 19:52:02.226 | 00:07    7ms    0M    0G  13/ 14U [ActUnit] DRONE from LARVA at (133.4, 128.9)
2023-09-17 19:52:03.033 | 00:16    8ms   15M    0G  14/ 14U [ActUnit] OVERLORD from LARVA at (132.1, 128.9)
2023-09-17 19:52:04.647 | 00:34    7ms  195M    0G  14/ 22U [ActUnit] DRONE from LARVA at (132.5, 128.4)
2023-09-17 19:52:04.691 | 00:35    9ms  150M    0G  15/ 22U [ActUnit] DRONE from LARVA at (132.3, 128.7)
2023-09-17 19:52:04.734 | 00:35    8ms  105M    0G  16/ 22U [ActUnit] DRONE from LARVA at (132.3, 128.7)
2023-09-17 19:52:05.643 | 00:45    8ms  195M    0G  17/ 22U [ActUnit] DRONE from LARVA at (132.3, 128.6)
2023-09-17 19:52:06.387 | 00:54    8ms  315M    0G  18/ 22U [Expand] Expanding to (106.5, 137.5)
2023-09-17 19:52:06.632 | 00:56    8ms    0M    0G  18/ 22U [ActUnit] DRONE from LARVA at (132.6, 128.8)
2023-09-17 19:52:07.745 | 01:02   19ms   75M    0G  18/ 22U [GameAnalyzer] Income advantage is now SmallAdvantage
2023-09-17 19:52:08.767 | 01:07   18ms   55M    0G  18/ 22U [ActUnit] OVERLORD from LARVA at (132.5, 128.4)
2023-09-17 19:52:10.154 | 01:18    9ms  180M    0G  18/ 22U [ActUnit] DRONE from LARVA at (132.6, 128.4)
2023-09-17 19:52:11.023 | 01:25    8ms  305M    0G  19/ 30U [Expand] Expanding to (76.5, 138.5)
2023-09-17 19:52:11.379 | 01:28    8ms    0M    0G  19/ 30U [ActUnit] DRONE from LARVA at (132.3, 128.8)
2023-09-17 19:52:12.534 | 01:39    9ms  110M    0G  20/ 30U [ActUnit] DRONE from LARVA at (132.7, 128.7)
2023-09-17 19:52:12.721 | 01:41    9ms  140M    0G  20/ 30U [GameAnalyzer] Income advantage is now ClearAdvantage
2023-09-17 19:52:13.786 | 01:50    9ms  235M    0G  20/ 30U [ActUnit] DRONE from LARVA at (132.4, 128.9)
2023-09-17 19:52:14.340 | 01:54    8ms  305M    0G  21/ 30U [Expand] Expanding to (112.5, 113.5)
2023-09-17 19:52:15.375 | 02:00   11ms   60M    0G  21/ 30U [ActUnit] DRONE from LARVA at (132.4, 128.5)
2023-09-17 19:52:16.930 | 02:11   11ms  170M    0G  21/ 30U [ActUnit] DRONE from LARVA at (132.3, 128.5)
2023-09-17 19:52:17.193 | 02:13    9ms  150M    0G  22/ 36U [ActUnit] DRONE from LARVA at (106.6, 134.6)
2023-09-17 19:52:18.489 | 02:21    9ms  300M    0G  23/ 36U [Expand] Expanding to (75.5, 112.5)
2023-09-17 19:52:18.997 | 02:25   13ms    0M    0G  23/ 36U [ActUnit] DRONE from LARVA at (105.9, 134.6)
2023-09-17 19:52:19.410 | 02:27   11ms    0M    0G  24/ 36U [ActUnit] DRONE from LARVA at (132.3, 128.7)
2023-09-17 19:52:20.225 | 02:33   11ms   55M    0G  25/ 36U [ActUnit] DRONE from LARVA at (132.3, 128.5)
2023-09-17 19:52:20.363 | 02:34   11ms   65M    0G  25/ 36U [GameAnalyzer] Income advantage is now OverwhelmingAdvantage
2023-09-17 19:52:20.502 | 02:34   12ms   30M    0G  25/ 36U [ActUnit] DRONE from LARVA at (106.6, 134.6)
2023-09-17 19:52:21.869 | 02:43   12ms  175M    0G  26/ 36U [ActUnit] DRONE from LARVA at (132.4, 128.9)
2023-09-17 19:52:23.095 | 02:45   11ms  150M    0G  27/ 36U [ActUnit] DRONE from LARVA at (106.5, 134.5)
2023-09-17 19:52:24.179 | 02:52   10ms  305M    0G  28/ 36U [Expand] Expanding to (49.5, 135.5)
2023-09-17 19:52:24.596 | 02:55    9ms    0M    0G  28/ 42U [ActUnit] DRONE from LARVA at (76.3, 135.6)
2023-09-17 19:52:24.891 | 02:56   10ms    0M    0G  29/ 42U [ActUnit] DRONE from LARVA at (106.8, 134.3)
2023-09-17 19:52:25.177 | 02:58   10ms    0M    0G  30/ 42U [ActUnit] DRONE from LARVA at (132.1, 128.9)
2023-09-17 19:52:25.962 | 03:03   11ms   55M    0G  30/ 42U [ActUnit] DRONE from LARVA at (76.5, 135.6)
2023-09-17 19:52:26.244 | 03:05   14ms   40M    0G  31/ 42U [ActUnit] DRONE from LARVA at (132.3, 128.4)
2023-09-17 19:52:26.532 | 03:07   11ms   45M    0G  32/ 42U [ActUnit] DRONE from LARVA at (106.5, 134.7)
2023-09-17 19:52:27.791 | 03:14   72ms  160M    0G  33/ 42U [ActUnit] DRONE from LARVA at (76.5, 135.6)
2023-09-17 19:52:28.071 | 03:15   11ms  160M    0G  34/ 42U [ActUnit] DRONE from LARVA at (132.4, 128.4)
2023-09-17 19:52:28.413 | 03:17   12ms  155M    0G  35/ 42U [ActUnit] DRONE from LARVA at (106.4, 134.6)
2023-09-17 19:52:28.928 | 03:19   77ms  155M    0G  36/ 48U [ActUnit] DRONE from LARVA at (112.4, 110.7)
2023-09-17 19:52:30.093 | 03:23   62ms  270M    0G  37/ 48U [GameAnalyzer] Known army advantage is now SmallDisadvantage
2023-09-17 19:52:30.094 | 03:23   62ms  270M    0G  37/ 48U [GameAnalyzer] Predicted army advantage is now SmallDisadvantage
2023-09-17 19:52:30.465 | 03:24   78ms  255M    0G  37/ 48U [ActUnit] DRONE from LARVA at (76.5, 135.6)
2023-09-17 19:52:31.025 | 03:26   96ms  255M    0G  38/ 48U [ActUnit] DRONE from LARVA at (132.7, 128.6)
2023-09-17 19:52:31.495 | 03:28   81ms  255M    0G  39/ 48U [ActUnit] DRONE from LARVA at (106.4, 134.7)
2023-09-17 19:52:31.963 | 03:30   83ms  260M    0G  40/ 48U [ActUnit] DRONE from LARVA at (112.5, 110.6)
2023-09-17 19:52:32.456 | 03:32   81ms  300M    0G  41/ 48U [Expand] Expanding to (135.5, 90.5)
2023-09-17 19:52:32.590 | 03:32   65ms  310M    0G  41/ 48U [Expand] Expanding to (135.5, 90.5)
2023-09-17 19:52:33.491 | 03:35   82ms   70M    0G  41/ 48U [ActUnit] DRONE from LARVA at (76.5, 135.6)
2023-09-17 19:52:34.014 | 03:37   86ms   60M    0G  42/ 48U [ActUnit] DRONE from LARVA at (132.5, 128.4)
2023-09-17 19:52:34.544 | 03:39   85ms   65M    0G  43/ 48U [ActUnit] DRONE from LARVA at (106.4, 134.6)
2023-09-17 19:52:35.098 | 03:40   72ms   95M    0G  43/ 48U [ActUnit] DRONE from LARVA at (112.5, 110.7)
2023-09-17 19:52:37.126 | 03:45   82ms  180M    0G  44/ 54U [ActUnit] DRONE from LARVA at (75.4, 109.6)
2023-09-17 19:52:37.368 | 03:46   78ms  155M    0G  45/ 54U [ActUnit] DRONE from LARVA at (76.5, 135.6)
2023-09-17 19:52:37.873 | 03:48   70ms  150M    0G  46/ 54U [ActUnit] DRONE from LARVA at (132.3, 128.8)
2023-09-17 19:52:38.419 | 03:49   87ms  170M    0G  47/ 54U [ActUnit] DRONE from LARVA at (106.4, 134.6)
2023-09-17 19:52:38.957 | 03:51   82ms  185M    0G  48/ 54U [ActUnit] DRONE from LARVA at (112.6, 110.6)
2023-09-17 19:52:39.102 | 03:52   62ms  200M    0G  49/ 48U [ActBuilding] 1. SPAWNINGPOOL near (125.2, 136.8)
2023-09-17 19:52:39.387 | 03:53   68ms    5M    0G  49/ 48U [BuildGas] Building EXTRACTOR to (109.5, 120.5)
2023-09-17 19:52:39.703 | 03:53   68ms    0M    0G  47/ 48U [BuildGas] Building EXTRACTOR to (103.5, 144.5)
2023-09-17 19:52:40.681 | 03:57   82ms   15M    0G  46/ 48U [ActUnit] OVERLORD from LARVA at (76.5, 135.6)
2023-09-17 19:52:41.253 | 03:58   85ms   20M    0G  46/ 48U [ActUnit] DRONE from LARVA at (132.5, 128.4)
2023-09-17 19:52:41.793 | 04:00   82ms   60M    0G  47/ 48U [ActUnit] DRONE from LARVA at (106.4, 134.5)
2023-09-17 19:52:45.639 | 04:13   83ms  515M    0G  48/ 48U [Expand] Expanding to (75.5, 112.5)
2023-09-17 19:52:45.789 | 04:13   68ms  540M    0G  48/ 48U [Expand] Expanding to (75.5, 112.5)
2023-09-17 19:52:46.086 | 04:14   69ms  225M    0G  48/ 54U [ActUnit] DRONE from LARVA at (106.3, 134.1)
2023-09-17 19:52:46.176 | 04:14   88ms  190M    0G  49/ 54U [ActUnit] DRONE from LARVA at (132.9, 128.3)
2023-09-17 19:52:46.316 | 04:15   23ms  150M    0G  50/ 62U [ActUnit] DRONE from LARVA at (112.5, 110.8)
2023-09-17 19:52:46.452 | 04:15   78ms  125M    0G  51/ 62U [ActUnit] DRONE from LARVA at (76.6, 135.6)
2023-09-17 19:52:46.602 | 04:16   68ms  110M    0G  52/ 62U [ActUnit] DRONE from LARVA at (112.2, 110.4)
2023-09-17 19:52:46.749 | 04:16   86ms   70M    0G  53/ 62U [ActUnit] DRONE from LARVA at (49.2, 132.4)
2023-09-17 19:52:47.338 | 04:18   76ms   90M    0G  54/ 62U [ActUnit] DRONE from LARVA at (76.5, 135.6)
2023-09-17 19:52:47.920 | 04:20   82ms  105M    0G  55/ 62U [ActUnit] DRONE from LARVA at (132.5, 128.4)
2023-09-17 19:52:48.465 | 04:22   89ms  160M    0G  56/ 62U [ActUnit] DRONE from LARVA at (106.5, 134.5)
2023-09-17 19:52:48.558 | 04:22   18ms  175M    0G  57/ 62U [GameAnalyzer] Known army advantage is now ClearDisadvantage
2023-09-17 19:52:48.559 | 04:22   18ms  175M    0G  57/ 62U [GameAnalyzer] Predicted army advantage is now ClearDisadvantage
2023-09-17 19:52:48.885 | 04:23   19ms  165M    0G  56/ 62U [ActUnit] DRONE from LARVA at (112.6, 110.6)
2023-09-17 19:52:49.177 | 04:25   17ms  175M    0G  57/ 62U [ActUnit] DRONE from LARVA at (49.5, 132.6)
2023-09-17 19:52:49.830 | 04:27   18ms  310M    0G  58/ 62U [Expand] Expanding to (40.5, 81.5)
2023-09-17 19:52:49.945 | 04:28   22ms  330M    0G  58/ 62U [Expand] Expanding to (40.5, 81.5)
2023-09-17 19:52:50.090 | 04:28   20ms  340M    0G  58/ 62U [Expand] Expanding to (40.5, 81.5)
2023-09-17 19:52:50.217 | 04:29   79ms  250M    0G  58/ 62U [ActUnit] OVERLORD from LARVA at (76.5, 135.6)
2023-09-17 19:52:50.429 | 04:30   21ms  300M    0G  58/ 62U [Expand] Expanding to (40.5, 81.5)
2023-09-17 19:52:50.725 | 04:31   19ms    0M    0G  58/ 62U [ActUnit] DRONE from LARVA at (132.3, 128.1)
2023-09-17 19:52:51.075 | 04:32   19ms   35M    0G  58/ 62U [ActUnit] DRONE from LARVA at (106.5, 134.5)
2023-09-17 19:52:51.548 | 04:34   20ms   45M    0G  59/ 62U [ActUnit] DRONE from LARVA at (112.6, 110.6)
2023-09-17 19:52:52.038 | 04:35   67ms    0M    4G  60/ 62U [ActUnit] OVERLORD from LARVA at (49.5, 132.6)
2023-09-17 19:52:53.489 | 04:39   81ms  130M    8G  60/ 62U [ActUnit] DRONE from LARVA at (76.5, 135.6)
2023-09-17 19:52:54.858 | 04:41  101ms  135M   16G  61/ 62U [ActUnit] DRONE from LARVA at (132.4, 128.4)
2023-09-17 19:52:55.733 | 04:43   70ms  190M   24G  61/ 62U [ActUnit] DRONE from LARVA at (106.4, 134.6)
2023-09-17 19:52:56.662 | 04:46   22ms  300M   32G  62/ 62U [Expand] Expanding to (126.5, 36.5)
2023-09-17 19:52:57.254 | 04:48   68ms   30M   40G  62/ 70U [ActUnit] DRONE from LARVA at (49.4, 132.6)
2023-09-17 19:52:57.490 | 04:49   19ms   20M   44G  62/ 70U [ActUnit] DRONE from LARVA at (112.6, 110.0)
2023-09-17 19:52:57.848 | 04:50   19ms   10M   52G  63/ 70U [ActUnit] DRONE from LARVA at (76.5, 135.6)
2023-09-17 19:52:58.242 | 04:51   20ms   10M   60G  64/ 76U [ActUnit] DRONE from LARVA at (135.5, 87.6)
2023-09-17 19:52:58.596 | 04:53   23ms   25M   64G  65/ 76U [ActUnit] DRONE from LARVA at (132.5, 128.8)
2023-09-17 19:52:58.829 | 04:54   21ms   20M   64G  66/ 84U [ActUnit] DRONE from LARVA at (106.4, 134.7)
2023-09-17 19:52:59.300 | 04:55   21ms   35M   76G  67/ 84U [ActUnit] DRONE from LARVA at (112.6, 110.6)
2023-09-17 19:52:59.637 | 04:57   20ms   35M   80G  68/ 84U [ActUnit] DRONE from LARVA at (49.5, 132.6)
2023-09-17 19:53:00.688 | 05:01   22ms  175M  100G  68/ 84U [ActUnit] DRONE from LARVA at (76.5, 135.6)
2023-09-17 19:53:01.034 | 05:02   20ms  190M  104G  68/ 84U [ActUnit] DRONE from LARVA at (135.4, 87.6)
2023-09-17 19:53:01.173 | 05:03   23ms  155M  104G  69/ 84U [ActUnit] DRONE from LARVA at (132.3, 128.4)
2023-09-17 19:53:01.619 | 05:04   22ms  215M  116G  70/ 84U [ActUnit] DRONE from LARVA at (106.4, 134.6)
2023-09-17 19:53:02.070 | 05:06   22ms  250M  120G  71/ 84U [ActUnit] DRONE from LARVA at (112.6, 110.6)
2023-09-17 19:53:02.301 | 05:07   22ms  305M  120G  71/ 84U [Expand] Expanding to (126.5, 36.5)
2023-09-17 19:53:02.636 | 05:08   20ms   10M  124G  68/ 84U [ActUnit] DRONE from LARVA at (49.5, 132.5)
2023-09-17 19:53:03.440 | 05:12   22ms   95M  132G  67/ 84U [ActUnit] DRONE from LARVA at (76.5, 135.6)
2023-09-17 19:53:03.757 | 05:13   20ms  110M  136G  67/ 84U [ActUnit] DRONE from LARVA at (135.5, 87.7)
2023-09-17 19:53:03.882 | 05:13   24ms   70M  140G  67/ 84U [ActUnit] DRONE from LARVA at (132.4, 128.9)
2023-09-17 19:53:04.324 | 05:15   26ms  130M  144G  68/ 84U [ActUnit] DRONE from LARVA at (106.6, 134.7)
2023-09-17 19:53:04.556 | 05:16   22ms  150M  144G  69/ 78U [Tech] Started ZERGLINGMOVEMENTSPEED
2023-09-17 19:53:05.135 | 05:18   20ms   90M   52G  68/ 78U [ActUnit] DRONE from LARVA at (49.5, 132.6)
2023-09-17 19:53:06.163 | 05:22   25ms  225M   64G  67/ 78U [ActUnit] DRONE from LARVA at (76.5, 135.6)
2023-09-17 19:53:06.261 | 05:23   21ms  400M   64G  68/ 78U [ActUnit] QUEEN from HATCHERY at (132.5, 131.5)
2023-09-17 19:53:06.481 | 05:24   20ms  395M   68G  70/ 78U [ActUnit] DRONE from LARVA at (135.5, 87.7)
2023-09-17 19:53:06.615 | 05:24   23ms  375M   68G  71/ 78U [ActUnit] DRONE from LARVA at (132.6, 128.9)
2023-09-17 19:53:07.250 | 05:26   22ms  420M   72G  70/ 78U [ActUnit] DRONE from LARVA at (106.5, 134.5)
2023-09-17 19:53:07.785 | 05:28   20ms  355M   80G  70/ 78U [ActUnit] QUEEN from HATCHERY at (76.5, 138.5)
2023-09-17 19:53:07.985 | 05:29   20ms  360M   80G  72/ 78U [ActUnit] DRONE from LARVA at (49.5, 132.6)
2023-09-17 19:53:08.766 | 05:32   22ms  355M   88G  73/ 78U [ActUnit] QUEEN from HATCHERY at (106.5, 137.5)
2023-09-17 19:53:08.974 | 05:33   23ms  290M   92G  75/ 78U [ActUnit] OVERLORD from LARVA at (76.5, 135.7)
2023-09-17 19:53:09.205 | 05:34   22ms  315M   96G  75/ 84U [ActUnit] DRONE from LARVA at (75.4, 109.6)
2023-09-17 19:53:09.307 | 05:34   21ms  285M   96G  76/ 84U [ActUnit] DRONE from LARVA at (135.6, 87.7)
2023-09-17 19:53:09.434 | 05:35   24ms  260M   96G  77/ 84U [ActUnit] DRONE from LARVA at (132.5, 128.8)
2023-09-17 19:53:09.916 | 05:37   23ms  305M  100G  78/ 84U [ActUnit] DRONE from LARVA at (106.5, 134.7)
2023-09-17 19:53:10.018 | 05:37   22ms  325M  104G  79/ 84U [GameAnalyzer] Known army advantage is now OverwhelmingDisadvantage
2023-09-17 19:53:10.019 | 05:37   22ms  325M  104G  79/ 84U [GameAnalyzer] Predicted army advantage is now OverwhelmingDisadvantage
2023-09-17 19:53:11.459 | 05:40   21ms  435M  108G  79/ 84U [ActUnit] DRONE from LARVA at (49.5, 132.6)
2023-09-17 19:53:11.957 | 05:41   70ms  380M  116G  80/ 84U [ActUnit] QUEEN from HATCHERY at (75.5, 112.5)
2023-09-17 19:53:12.564 | 05:44   24ms  385M  120G  82/ 84U [ActUnit] OVERLORD from LARVA at (76.5, 135.6)
2023-09-17 19:53:12.819 | 05:45   25ms  410M  124G  82/ 84U [ActUnit] DRONE from LARVA at (75.4, 109.7)
2023-09-17 19:53:12.824 | 05:45   25ms  385M  124G  82/ 84U [BuildGas] Building EXTRACTOR to (139.5, 128.5)
2023-09-17 19:53:12.926 | 05:45   27ms  365M  124G  82/ 84U [ActUnit] DRONE from LARVA at (135.5, 87.6)
2023-09-17 19:53:12.933 | 05:45   27ms  365M  124G  82/ 84U [ActBuilding] 1. EVOLUTIONCHAMBER near (78.4, 129.7)
2023-09-17 19:53:13.059 | 05:45   31ms  260M  124G  82/ 84U [ActUnit] DRONE from LARVA at (132.5, 128.4)
2023-09-17 19:53:13.064 | 05:45   31ms  260M  124G  82/ 84U [ActBuilding] 2. EVOLUTIONCHAMBER near (44.6, 89.5)
2023-09-17 19:53:13.204 | 05:46   63ms  265M  128G  83/ 84U [ActBuilding] 2. EVOLUTIONCHAMBER near (130.3, 44.7)
2023-09-17 19:53:13.354 | 05:46   75ms  310M  128G  82/ 84U [ActBuilding] 2. EVOLUTIONCHAMBER near (123.5, 132.0)
2023-09-17 19:53:13.469 | 05:47   24ms  345M  128G  82/ 84U [ActBuilding] 2. EVOLUTIONCHAMBER near (126.8, 92.6)
2023-09-17 19:53:13.594 | 05:47   33ms  315M  132G  82/ 84U [ActUnit] DRONE from LARVA at (106.5, 134.7)
2023-09-17 19:53:13.598 | 05:47   33ms  315M  132G  82/ 84U [ActBuilding] 2. EVOLUTIONCHAMBER near (40.3, 90.5)
2023-09-17 19:53:13.737 | 05:48   63ms  340M  132G  83/ 84U [ActBuilding] 2. EVOLUTIONCHAMBER near (138.8, 125.1)
2023-09-17 19:53:14.401 | 05:50   22ms  360M  140G  81/ 84U [ActUnit] DRONE from LARVA at (49.5, 132.6)
2023-09-17 19:53:15.112 | 05:53   22ms  380M  148G  82/ 92U [ActUnit] QUEEN from HATCHERY at (49.5, 135.5)
2023-09-17 19:53:15.458 | 05:54   24ms  380M  148G  83/ 92U [ActUnit] DRONE from LARVA at (76.5, 135.6)
2023-09-17 19:53:15.571 | 05:55   23ms  370M  152G  84/ 98U [ActUnit] DRONE from LARVA at (40.4, 78.7)
2023-09-17 19:53:15.696 | 05:55   30ms  335M  152G  85/ 98U [ActUnit] DRONE from LARVA at (75.5, 109.7)
2023-09-17 19:53:15.802 | 05:56   23ms  320M  152G  86/ 98U [ActUnit] DRONE from LARVA at (135.6, 87.6)
2023-09-17 19:53:15.948 | 05:56   29ms  305M  156G  87/ 98U [ActUnit] DRONE from LARVA at (132.7, 128.6)
2023-09-17 19:53:16.417 | 05:58   25ms  360M  160G  88/ 98U [ActUnit] DRONE from LARVA at (106.5, 134.7)
2023-09-17 19:53:16.654 | 05:59   26ms  420M  160G  89/ 98U [Inject] injecting hatch (135.5, 90.5)
2023-09-17 19:53:17.224 | 06:01   23ms  500M  168G  89/ 98U [ActUnit] DRONE from LARVA at (49.5, 132.6)
2023-09-17 19:53:18.055 | 06:04   25ms  685M  176G  90/106U [Inject] injecting hatch (76.5, 138.5)
2023-09-17 19:53:18.289 | 06:05   27ms  685M  180G  90/106U [ActUnit] DRONE from LARVA at (76.5, 135.7)
2023-09-17 19:53:18.400 | 06:06   24ms  670M  180G  91/106U [ActUnit] DRONE from LARVA at (40.4, 78.6)
2023-09-17 19:53:18.532 | 06:06   29ms  645M  180G  92/106U [ActUnit] DRONE from LARVA at (75.4, 109.6)
2023-09-17 19:53:18.642 | 06:06   25ms  625M  184G  93/106U [ActUnit] DRONE from LARVA at (135.5, 87.7)
2023-09-17 19:53:18.787 | 06:07   27ms  600M  184G  94/106U [ActUnit] DRONE from LARVA at (132.4, 128.4)
2023-09-17 19:53:19.152 | 06:08   26ms  700M  188G  95/106U [Inject] injecting hatch (132.5, 131.5)
2023-09-17 19:53:19.279 | 06:09   33ms  670M  188G  95/106U [ActUnit] DRONE from LARVA at (106.6, 134.6)
2023-09-17 19:53:19.639 | 06:10   26ms  745M  192G  96/106U [Expand] Expanding to (112.5, 113.5)
2023-09-17 19:53:19.778 | 06:10   34ms  470M  192G  96/106U [Expand] Expanding to (112.5, 113.5)
2023-09-17 19:53:19.889 | 06:11   27ms  500M  196G  96/106U [Expand] Expanding to (112.5, 113.5)
2023-09-17 19:53:20.138 | 06:12   24ms  200M  196G  96/106U [ActUnit] DRONE from LARVA at (49.5, 132.6)
2023-09-17 19:53:20.531 | 06:13   31ms  305M  200G  97/106U [Expand] Expanding to (112.5, 113.5)
2023-09-17 19:53:21.273 | 06:16   33ms   85M  208G  96/106U [ActUnit] DRONE from LARVA at (76.5, 135.6)
2023-09-17 19:53:21.384 | 06:16   25ms   80M  208G  97/106U [ActUnit] DRONE from LARVA at (40.4, 78.6)
2023-09-17 19:53:21.520 | 06:17   31ms   35M  212G  98/106U [ActUnit] DRONE from LARVA at (75.6, 109.5)
2023-09-17 19:53:21.633 | 06:17   25ms   45M  212G  99/106U [ActUnit] DRONE from LARVA at (135.5, 87.6)
2023-09-17 19:53:21.768 | 06:18   34ms   15M  212G 100/106U [ActUnit] DRONE from LARVA at (132.7, 128.7)
2023-09-17 19:53:21.773 | 06:18   34ms   15M  212G 100/106U [Inject] injecting hatch (75.5, 112.5)
2023-09-17 19:53:22.149 | 06:19   30ms   45M  216G  99/112U [ActUnit] DRONE from LARVA at (126.5, 33.6)
2023-09-17 19:53:22.280 | 06:19   31ms   20M  216G 100/112U [ActUnit] DRONE from LARVA at (106.5, 134.7)
2023-09-17 19:53:22.646 | 06:21   26ms  680M  220G  99/112U [Expand] Expanding to (100.5, 59.5)
2023-09-17 19:53:22.647 | 06:21   26ms  380M  220G  99/112U [Tech] Started ZERGMELEEWEAPONSLEVEL1
2023-09-17 19:53:22.793 | 06:21   35ms  315M  124G  98/112U [Expand] Expanding to (100.5, 59.5)
2023-09-17 19:53:22.915 | 06:22   27ms  350M  124G  97/112U [Expand] Expanding to (100.5, 59.5)
2023-09-17 19:53:23.158 | 06:23   25ms   50M  132G  96/112U [ActUnit] DRONE from LARVA at (49.5, 132.6)
2023-09-17 19:53:24.283 | 06:27   32ms  215M  144G  91/112U [ActUnit] DRONE from LARVA at (76.5, 135.6)
2023-09-17 19:53:24.393 | 06:27   26ms  210M  148G  92/112U [ActUnit] DRONE from LARVA at (40.4, 78.6)
2023-09-17 19:53:24.532 | 06:27   33ms  165M  148G  92/112U [ActUnit] DRONE from LARVA at (75.5, 109.5)
2023-09-17 19:53:24.645 | 06:28   25ms  140M  148G  93/112U [ActUnit] DRONE from LARVA at (135.5, 87.6)
2023-09-17 19:53:24.795 | 06:28   28ms  105M  152G  94/112U [ActUnit] DRONE from LARVA at (132.7, 128.5)
2023-09-17 19:53:25.069 | 06:29   32ms  180M  156G  94/106U [Tech] Started ZERGGROUNDARMORSLEVEL1
2023-09-17 19:53:25.072 | 06:29   32ms  180M  156G  94/106U [Inject] injecting hatch (40.5, 81.5)
2023-09-17 19:53:25.192 | 06:30   28ms    5M    6G  94/106U [ActUnit] DRONE from LARVA at (126.5, 33.6)
2023-09-17 19:53:25.462 | 06:31   25ms    0M   14G  95/106U [ActUnit] DRONE from LARVA at (106.1, 134.7)
2023-09-17 19:53:26.238 | 06:33   25ms   80M   26G  95/106U [ActUnit] DRONE from LARVA at (49.5, 132.6)
2023-09-17 19:53:26.630 | 06:35   32ms  425M   34G  96/106U [ActUnit] DRONE from LARVA at (75.6, 135.8)
2023-09-17 19:53:26.754 | 06:35   26ms  400M   34G  97/106U [ActUnit] DRONE from LARVA at (76.2, 135.2)
2023-09-17 19:53:26.884 | 06:35   36ms  380M   34G  98/106U [ActUnit] DRONE from LARVA at (77.3, 135.5)
2023-09-17 19:53:27.012 | 06:36   27ms  415M   42G  99/106U [Inject] injecting hatch (76.5, 138.5)
2023-09-17 19:53:28.277 | 06:38   25ms  440M   46G  98/106U [ActUnit] DRONE from LARVA at (40.4, 78.7)
2023-09-17 19:53:28.519 | 06:39   25ms  450M   50G  99/106U [ActUnit] DRONE from LARVA at (135.5, 87.7)
2023-09-17 19:53:28.658 | 06:39   32ms  415M   54G 100/106U [ActUnit] DRONE from LARVA at (132.4, 128.4)
2023-09-17 19:53:28.773 | 06:40   28ms  400M   54G 101/106U [ActUnit] DRONE from LARVA at (76.3, 135.5)
2023-09-17 19:53:28.913 | 06:40   33ms  430M   58G 102/106U [Inject] injecting hatch (106.5, 137.5)
2023-09-17 19:53:29.023 | 06:40   28ms  410M   62G 101/106U [ActUnit] DRONE from LARVA at (126.5, 33.6)
2023-09-17 19:53:29.162 | 06:41   31ms  350M   62G 102/106U [ActUnit] OVERLORD from LARVA at (106.6, 134.7)
2023-09-17 19:53:30.038 | 06:44   27ms  455M   78G 100/106U [ActUnit] DRONE from LARVA at (49.5, 132.6)
2023-09-17 19:53:30.354 | 06:45   77ms  355M   82G 100/106U [ActUnit] QUEEN from HATCHERY at (49.5, 135.5)
2023-09-17 19:53:30.757 | 06:46   35ms  360M   90G 102/106U [ActUnit] OVERLORD from LARVA at (133.4, 128.7)
2023-09-17 19:53:30.759 | 06:46   35ms  310M   90G 102/106U [ActUnit] DRONE from LARVA at (132.3, 128.6)
2023-09-17 19:53:30.891 | 06:47   29ms  290M   90G 103/106U [ActUnit] DRONE from LARVA at (131.8, 128.7)
2023-09-17 19:53:30.898 | 06:47   29ms  290M   90G 103/106U [Inject] injecting hatch (126.5, 36.5)
2023-09-17 19:53:31.433 | 06:48   28ms  350M   98G 104/106U [ActUnit] DRONE from LARVA at (40.4, 78.7)
2023-09-17 19:53:31.699 | 06:49   28ms  345M  102G 105/106U [ActUnit] DRONE from LARVA at (135.6, 87.7)
2023-09-17 19:53:31.859 | 06:50   37ms  310M  106G 103/106U [ActUnit] DRONE from LARVA at (76.2, 135.9)
2023-09-17 19:53:32.140 | 06:51   37ms  345M  110G 103/106U [ActUnit] DRONE from LARVA at (132.4, 128.7)
2023-09-17 19:53:32.274 | 06:51   31ms  320M  110G 104/106U [ActUnit] DRONE from LARVA at (126.5, 33.6)
2023-09-17 19:53:32.431 | 06:52   37ms  290M  114G 105/106U [ActUnit] DRONE from LARVA at (106.4, 134.6)
2023-09-17 19:53:32.839 | 06:53   29ms  485M  218G 106/106U [ActBuilding] 2. EVOLUTIONCHAMBER near (106.3, 107.0)
2023-09-17 19:53:33.020 | 06:53   81ms  530M  218G 105/106U [ActBuilding] 2. EVOLUTIONCHAMBER near (58.3, 133.7)
2023-09-17 19:53:33.156 | 06:54   33ms  470M  226G 105/106U [Expand] Expanding to (75.5, 112.5)
2023-09-17 19:53:33.445 | 06:55   29ms  480M  226G 104/106U [ActUnit] DRONE from LARVA at (49.5, 132.6)
2023-09-17 19:53:33.599 | 06:55   35ms  370M  230G 103/106U [ActUnit] QUEEN from HATCHERY at (106.5, 137.5)
2023-09-17 19:53:34.791 | 06:59   29ms  585M  250G 105/114U [ActUnit] DRONE from LARVA at (40.5, 78.5)
2023-09-17 19:53:35.250 | 07:00   28ms  600M  258G 106/114U [ActUnit] DRONE from LARVA at (76.7, 135.6)
2023-09-17 19:53:35.391 | 07:00   35ms  570M  258G 107/114U [ActUnit] DRONE from LARVA at (135.9, 87.5)
2023-09-17 19:53:35.512 | 07:01   28ms  605M  262G 108/114U [Inject] injecting hatch (49.5, 135.5)
2023-09-17 19:53:35.659 | 07:01   31ms  590M  266G 108/114U [ActUnit] DRONE from LARVA at (132.6, 128.7)
2023-09-17 19:53:35.782 | 07:02   29ms  565M  266G 109/114U [ActUnit] DRONE from LARVA at (126.5, 33.6)
2023-09-17 19:53:35.948 | 07:02   34ms  510M  270G 110/114U [ActUnit] OVERLORD from LARVA at (106.5, 134.7)
2023-09-17 19:53:36.890 | 07:05   30ms  655M  286G 110/122U [ActUnit] ZERGLING from LARVA at (49.5, 132.6)
2023-09-17 19:53:37.044 | 07:06   33ms  625M  290G 111/122U [ActUnit] ZERGLING from LARVA at (76.5, 135.6)
2023-09-17 19:53:37.170 | 07:06   29ms  630M  290G 112/122U [ActUnit] ZERGLING from LARVA at (77.6, 135.7)
2023-09-17 19:53:37.313 | 07:07   37ms  630M  294G 113/122U [ActUnit] ZERGLING from LARVA at (75.8, 135.9)
2023-09-17 19:53:38.220 | 07:10   28ms  785M  310G 113/122U [ActUnit] DRONE from LARVA at (40.4, 78.7)
2023-09-17 19:53:38.489 | 07:11   29ms  800M  314G 114/122U [ActUnit] ZERGLING from LARVA at (135.5, 87.7)
2023-09-17 19:53:38.783 | 07:12   29ms  835M  322G 115/122U [ActUnit] ZERGLING from LARVA at (76.7, 135.7)
2023-09-17 19:53:38.790 | 07:12   29ms  835M  322G 115/122U [Inject] injecting hatch (132.5, 131.5)
2023-09-17 19:53:38.945 | 07:12   34ms  810M  322G 116/122U [ActUnit] ZERGLING from LARVA at (132.4, 128.7)
2023-09-17 19:53:39.077 | 07:13   30ms  790M  322G 117/122U [ActUnit] ZERGLING from LARVA at (126.5, 33.6)
2023-09-17 19:53:39.221 | 07:13   36ms  725M  326G 118/122U [ActUnit] OVERLORD from LARVA at (106.5, 134.7)
2023-09-17 19:53:39.804 | 07:15   32ms  800M  338G 117/122U [ActUnit] DRONE from LARVA at (135.6, 87.8)
2023-09-17 19:53:39.936 | 07:15   31ms  770M  338G 118/122U [ActUnit] ZERGLING from LARVA at (134.7, 87.5)
2023-09-17 19:53:40.095 | 07:16   44ms  760M  342G 119/122U [ActUnit] ZERGLING from LARVA at (134.7, 87.4)
2023-09-17 19:53:40.225 | 07:16   33ms  745M  346G 120/122U [ActUnit] ZERGLING from LARVA at (49.5, 132.6)
2023-09-17 19:53:40.656 | 07:17   43ms  810M  350G 120/122U [ActUnit] DRONE from LARVA at (106.5, 134.8)
2023-09-17 19:53:40.784 | 07:18   33ms  790M  354G 121/122U [ActUnit] ZERGLING from LARVA at (105.9, 134.6)
2023-09-17 19:53:41.499 | 07:20   42ms  965M  366G 122/122U [Tech] Started ZERGMELEEWEAPONSLEVEL1
2023-09-17 19:53:41.619 | 07:21   33ms  840M  270G 122/130U [ActUnit] ZERGLING from LARVA at (106.2, 134.4)
2023-09-17 19:53:41.630 | 07:21   33ms  665M  170G 122/130U [BuildGas] Building EXTRACTOR to (123.5, 29.5)
2023-09-17 19:53:41.771 | 07:21   42ms  665M  170G 123/130U [ActUnit] ZERGLING from LARVA at (40.1, 78.9)
2023-09-17 19:53:41.778 | 07:21   42ms  665M  170G 123/130U [Inject] injecting hatch (76.5, 138.5)
2023-09-17 19:53:42.182 | 07:22   32ms  735M  178G 123/130U [ActUnit] DRONE from LARVA at (76.7, 135.7)
2023-09-17 19:53:42.190 | 07:22   32ms  710M  178G 123/130U [BuildGas] Building EXTRACTOR to (99.5, 140.5)
2023-09-17 19:53:42.343 | 07:23   38ms  685M  178G 124/130U [ActUnit] ZERGLING from LARVA at (132.4, 128.7)
2023-09-17 19:53:42.484 | 07:23   33ms  675M  182G 125/130U [ActUnit] ZERGLING from LARVA at (135.3, 87.1)
2023-09-17 19:53:42.635 | 07:24   40ms  605M  186G 126/130U [ActUnit] OVERLORD from LARVA at (126.6, 33.7)
2023-09-17 19:53:42.933 | 07:25   49ms  555M  190G 126/130U [ActUnit] OVERLORD from LARVA at (106.5, 134.6)
2023-09-17 19:53:43.664 | 07:27   35ms  705M  202G 126/130U [ActUnit] ZERGLING from LARVA at (49.5, 132.6)
2023-09-17 19:53:44.070 | 07:28   36ms  745M  206G 127/130U [ActUnit] ZERGLING from LARVA at (39.6, 78.8)
2023-09-17 19:53:44.077 | 07:28   36ms  745M  206G 127/130U [Expand] Expanding to (75.5, 112.5)
2023-09-17 19:53:44.244 | 07:28   91ms  425M  210G 128/130U [ActUnit] ZERGLING from LARVA at (39.6, 78.9)
2023-09-17 19:53:44.253 | 07:28   91ms  425M  210G 128/130U [Expand] Expanding to (75.5, 112.5)
2023-09-17 19:53:44.447 | 07:29   80ms  110M  210G 129/130U [ActUnit] ZERGLING from LARVA at (39.5, 78.9)
2023-09-17 19:53:45.543 | 07:31   83ms  310M  226G 130/138U [GameAnalyzer] Known army advantage is now ClearDisadvantage
2023-09-17 19:53:45.544 | 07:31   83ms  310M  226G 130/138U [GameAnalyzer] Predicted army advantage is now ClearDisadvantage
2023-09-17 19:53:45.553 | 07:31   83ms  310M  226G 130/138U [Expand] Expanding to (75.5, 112.5)
2023-09-17 19:53:45.555 | 07:31   83ms   10M  226G 130/138U [Inject] injecting hatch (106.5, 137.5)
2023-09-17 19:53:45.874 | 07:32   79ms   50M  230G 130/144U [ActUnit] ZERGLING from LARVA at (112.3, 110.9)
2023-09-17 19:53:46.041 | 07:33   39ms   25M  234G 131/144U [ActUnit] ZERGLING from LARVA at (40.6, 78.7)
2023-09-17 19:53:46.048 | 07:33   39ms   25M  234G 131/144U [Inject] injecting hatch (40.5, 81.5)
2023-09-17 19:53:46.177 | 07:33   32ms   15M  234G 132/144U [ActUnit] ZERGLING from LARVA at (76.7, 135.5)
2023-09-17 19:53:46.483 | 07:34   30ms   25M  242G 133/144U [ActUnit] ZERGLING from LARVA at (132.9, 128.7)
2023-09-17 19:53:47.392 | 07:34   34ms    5M  242G 134/144U [ActUnit] ZERGLING from LARVA at (126.7, 33.6)
2023-09-17 19:53:47.705 | 07:35   35ms    5M  250G 135/144U [ActUnit] ZERGLING from LARVA at (135.9, 87.4)
2023-09-17 19:53:47.842 | 07:36   31ms   15M  250G 136/144U [ActUnit] ZERGLING from LARVA at (106.7, 134.8)
2023-09-17 19:53:48.470 | 07:38   31ms  110M  258G 137/144U [ActUnit] ZERGLING from LARVA at (49.5, 132.6)
2023-09-17 19:53:48.645 | 07:38   38ms  155M  262G 138/144U [PlanCancelBuilding] Cancelled HATCHERY at (100.5, 59.5) with 11.561767578125 health
2023-09-17 19:53:50.132 | 07:42   45ms 1290M  286G 137/152U [ActUnit] DRONE from LARVA at (112.4, 110.6)
2023-09-17 19:53:50.273 | 07:43   37ms 1280M  290G 138/160U [ActUnit] ZERGLING from LARVA at (40.5, 78.6)
2023-09-17 19:53:50.447 | 07:43   47ms 1315M  290G 139/160U [Inject] injecting hatch (135.5, 90.5)
2023-09-17 19:53:50.591 | 07:44   38ms 1295M  294G 139/160U [ActUnit] ZERGLING from LARVA at (76.6, 135.6)
2023-09-17 19:53:50.751 | 07:44   41ms 1280M  298G 140/160U [ActUnit] ZERGLING from LARVA at (135.2, 87.7)
2023-09-17 19:53:50.901 | 07:45   37ms 1240M  298G 141/160U [ActUnit] ZERGLING from LARVA at (132.5, 128.4)
2023-09-17 19:53:51.065 | 07:45   38ms 1235M  302G 142/160U [ActUnit] ZERGLING from LARVA at (126.4, 33.3)
2023-09-17 19:53:51.226 | 07:46   37ms 1285M  306G 143/160U [Inject] injecting hatch (126.5, 36.5)
2023-09-17 19:53:51.376 | 07:46   49ms 1265M  306G 143/160U [ActUnit] ZERGLING from LARVA at (106.5, 134.6)
2023-09-17 19:53:51.684 | 07:47   44ms 1280M  310G 143/160U [ActUnit] DRONE from LARVA at (125.6, 33.8)
2023-09-17 19:53:51.829 | 07:47   37ms 1255M  314G 144/160U [ActUnit] ZERGLING from LARVA at (127.2, 33.5)
2023-09-17 19:53:52.007 | 07:48   38ms 1260M  314G 145/160U [ActUnit] ZERGLING from LARVA at (125.6, 33.4)
2023-09-17 19:53:52.154 | 07:48   34ms 1245M  318G 146/160U [ActUnit] ZERGLING from LARVA at (49.5, 132.6)
2023-09-17 19:53:52.450 | 07:49   35ms 1265M  322G 147/160U [ActUnit] ZERGLING from LARVA at (131.6, 128.8)
2023-09-17 19:53:52.608 | 07:50   39ms 1275M  326G 148/160U [GameAnalyzer] Known army advantage is now SmallDisadvantage
2023-09-17 19:53:52.609 | 07:50   39ms 1275M  326G 148/160U [GameAnalyzer] Predicted army advantage is now SmallDisadvantage
2023-09-17 19:53:52.610 | 07:50   39ms 1225M  326G 148/160U [ActUnit] ZERGLING from LARVA at (133.5, 128.7)
2023-09-17 19:53:52.746 | 07:50   38ms 1210M  330G 149/160U [ActUnit] ZERGLING from LARVA at (133.5, 128.7)
2023-09-17 19:53:53.771 | 07:53   45ms 1415M  346G 150/160U [ActUnit] ZERGLING from LARVA at (112.6, 110.6)
2023-09-17 19:53:53.909 | 07:54   37ms 1420M  346G 151/160U [ActUnit] ZERGLING from LARVA at (40.5, 78.6)
2023-09-17 19:53:54.209 | 07:55   34ms 1435M  354G 152/160U [ActUnit] ZERGLING from LARVA at (76.4, 135.6)
2023-09-17 19:53:54.364 | 07:55   42ms 1415M  354G 153/160U [ActUnit] ZERGLING from LARVA at (135.5, 87.9)
2023-09-17 19:53:54.794 | 07:56   35ms 1475M  362G 154/160U [ActUnit] ZERGLING from LARVA at (132.7, 128.4)
2023-09-17 19:53:54.967 | 07:57   40ms 1450M  362G 155/160U [ActUnit] ZERGLING from LARVA at (106.5, 134.6)
2023-09-17 19:53:55.110 | 07:57   36ms 1390M  366G 156/160U [ActUnit] OVERLORD from LARVA at (126.1, 33.3)
2023-09-17 19:53:55.262 | 07:58   44ms 1425M  370G 156/160U [Inject] injecting hatch (49.5, 135.5)
2023-09-17 19:53:55.693 | 07:59   38ms 1435M  378G 156/160U [ActUnit] OVERLORD from LARVA at (49.5, 132.6)
2023-09-17 19:53:55.880 | 07:59   45ms 1440M  378G 156/160U [ActUnit] ZERGLING from LARVA at (50.2, 132.8)
2023-09-17 19:53:56.038 | 08:00   41ms 1430M  382G 157/160U [ActUnit] ZERGLING from LARVA at (48.8, 132.8)
2023-09-17 19:53:56.212 | 08:00   51ms 1420M  386G 158/160U [ActUnit] ZERGLING from LARVA at (49.4, 132.4)
2023-09-17 19:53:56.540 | 08:01   48ms 1435M  390G 158/160U [ActUnit] DRONE from LARVA at (75.6, 135.8)
2023-09-17 19:53:56.703 | 08:02   40ms 1415M  390G 159/160U [ActUnit] ZERGLING from LARVA at (75.5, 135.9)
2023-09-17 19:53:57.245 | 08:03  103ms 1495M  398G 159/160U [ActUnit] DRONE from LARVA at (105.7, 134.5)
2023-09-17 19:53:57.253 | 08:03  103ms 1495M  398G 159/160U [Inject] injecting hatch (132.5, 131.5)
2023-09-17 19:53:57.396 | 08:03   41ms 1525M  402G 160/160U [GameAnalyzer] Known army advantage is now SlightDisadvantage
2023-09-17 19:53:57.397 | 08:03   41ms 1525M  402G 160/160U [GameAnalyzer] Predicted army advantage is now SlightDisadvantage
2023-09-17 19:53:59.656 | 08:10   40ms 1995M  434G 159/160U [ActUnit] ZERGLING from LARVA at (132.6, 128.7)
2023-09-17 19:54:00.383 | 08:11   54ms 2070M  442G 159/160U [ActUnit] ZERGLING from LARVA at (76.0, 135.9)
2023-09-17 19:54:00.545 | 08:11   43ms 2040M  442G 159/160U [ActUnit] DRONE from LARVA at (76.0, 135.9)
2023-09-17 19:54:01.417 | 08:14   56ms 2185M  458G 159/160U [ActUnit] DRONE from LARVA at (49.4, 132.6)
2023-09-17 19:54:02.116 | 08:15   57ms 2285M  466G 160/168U [ActUnit] ZERGLING from LARVA at (112.4, 110.3)
2023-09-17 19:54:02.292 | 08:16   41ms 2290M  466G 161/168U [ActUnit] ZERGLING from LARVA at (40.2, 78.9)
2023-09-17 19:54:02.468 | 08:16   56ms 2260M  470G 162/168U [ActUnit] ZERGLING from LARVA at (40.5, 78.7)
2023-09-17 19:54:02.635 | 08:17   42ms 2265M  474G 163/168U [ActUnit] ZERGLING from LARVA at (112.0, 110.6)
2023-09-17 19:54:02.820 | 08:17   46ms 2230M  474G 164/176U [ActUnit] ZERGLING from LARVA at (135.7, 87.4)
2023-09-17 19:54:02.827 | 08:17   46ms 2230M  474G 164/176U [Inject] injecting hatch (126.5, 36.5)
2023-09-17 19:54:02.995 | 08:18   43ms 2215M  478G 165/176U [ActUnit] ZERGLING from LARVA at (127.1, 33.2)
2023-09-17 19:54:03.172 | 08:18   52ms 2205M  482G 166/176U [ActUnit] ZERGLING from LARVA at (107.5, 134.5)
2023-09-17 19:54:03.345 | 08:19   44ms 2185M  482G 167/176U [ActUnit] ZERGLING from LARVA at (107.6, 134.6)
2023-09-17 19:54:03.540 | 08:19   54ms 2190M  486G 167/176U [ActUnit] DRONE from LARVA at (107.6, 134.6)
2023-09-17 19:54:03.714 | 08:20   43ms 2185M  490G 168/176U [ActUnit] ZERGLING from LARVA at (135.8, 87.5)
2023-09-17 19:54:03.890 | 08:20   51ms 2160M  490G 169/176U [ActUnit] ZERGLING from LARVA at (76.5, 135.8)
2023-09-17 19:54:04.063 | 08:20   43ms 2130M  494G 170/176U [ActUnit] ZERGLING from LARVA at (126.0, 33.9)
2023-09-17 19:54:04.256 | 08:21   47ms 2120M  494G 171/176U [ActUnit] ZERGLING from LARVA at (127.4, 33.9)
2023-09-17 19:54:04.432 | 08:21   45ms 2065M  502G 172/176U [ActUnit] OVERLORD from LARVA at (49.5, 132.7)
2023-09-17 19:54:04.434 | 08:21   45ms 2015M  502G 172/176U [ActUnit] ZERGLING from LARVA at (132.4, 128.6)
2023-09-17 19:54:04.601 | 08:22   58ms 1980M  502G 173/176U [ActUnit] OVERLORD from LARVA at (125.4, 33.9)
2023-09-17 19:54:05.457 | 08:24   42ms 2085M  522G 173/176U [ActUnit] ZERGLING from LARVA at (126.6, 33.7)
2023-09-17 19:54:05.463 | 08:24   42ms 2085M  522G 173/176U [Tech] Started ZERGMELEEWEAPONSLEVEL2
2023-09-17 19:54:05.641 | 08:24   48ms 2125M  522G 174/176U [Tech] Started ZERGMELEEWEAPONSLEVEL2
2023-09-17 19:54:05.642 | 08:24   48ms 2125M  522G 174/176U [Inject] injecting hatch (76.5, 138.5)
2023-09-17 19:54:05.803 | 08:25   43ms 2160M  530G 174/176U [Tech] Started ZERGMELEEWEAPONSLEVEL2
2023-09-17 19:54:05.988 | 08:25   51ms 2140M  534G 174/176U [ActUnit] ZERGLING from LARVA at (112.5, 110.7)
2023-09-17 19:54:05.995 | 08:25   51ms 2140M  534G 174/176U [Tech] Started ZERGMELEEWEAPONSLEVEL2
2023-09-17 19:54:06.154 | 08:26   44ms 2120M  534G 175/176U [ActUnit] ZERGLING from LARVA at (40.5, 78.6)
2023-09-17 19:54:06.165 | 08:26   44ms 2120M  534G 175/176U [Tech] Started ZERGMELEEWEAPONSLEVEL2
2023-09-17 19:54:06.345 | 08:26   55ms 2160M  534G 176/176U [Tech] Started ZERGMELEEWEAPONSLEVEL2
2023-09-17 19:54:06.502 | 08:27   42ms 2205M  542G 176/176U [Tech] Started ZERGMELEEWEAPONSLEVEL2
2023-09-17 19:54:06.691 | 08:27   46ms 2250M  550G 176/176U [Tech] Started ZERGMELEEWEAPONSLEVEL2
2023-09-17 19:54:06.862 | 08:28   42ms 2265M  550G 176/176U [Expand] Expanding to (100.5, 59.5)
2023-09-17 19:54:06.864 | 08:28   42ms 1965M  550G 176/176U [Tech] Started ZERGMELEEWEAPONSLEVEL2
2023-09-17 19:54:07.046 | 08:28   53ms 1985M  554G 176/176U [Expand] Expanding to (100.5, 59.5)
2023-09-17 19:54:07.048 | 08:28   53ms 1685M  554G 176/176U [Tech] Started ZERGMELEEWEAPONSLEVEL2
2023-09-17 19:54:07.231 | 08:28   48ms 1715M  558G 176/176U [Expand] Expanding to (100.5, 59.5)
2023-09-17 19:54:07.233 | 08:28   48ms 1415M  558G 176/176U [Tech] Started ZERGMELEEWEAPONSLEVEL2
2023-09-17 19:54:07.412 | 08:29   54ms 1465M  562G 176/176U [Expand] Expanding to (100.5, 59.5)
2023-09-17 19:54:07.413 | 08:29   54ms 1165M  562G 176/176U [Tech] Started ZERGMELEEWEAPONSLEVEL2
2023-09-17 19:54:07.592 | 08:29   48ms 1215M  566G 176/176U [Expand] Expanding to (100.5, 59.5)
2023-09-17 19:54:07.595 | 08:29   48ms  915M  566G 176/176U [Tech] Started ZERGMELEEWEAPONSLEVEL2
2023-09-17 19:54:07.596 | 08:29   48ms  915M  566G 176/176U [Inject] injecting hatch (40.5, 81.5)
2023-09-17 19:54:07.797 | 08:30   62ms  900M  570G 175/176U [ActUnit] DRONE from LARVA at (135.7, 87.9)
2023-09-17 19:54:07.805 | 08:30   62ms  900M  570G 175/176U [Expand] Expanding to (100.5, 59.5)
2023-09-17 19:54:07.806 | 08:30   62ms  600M  570G 175/176U [Tech] Started ZERGMELEEWEAPONSLEVEL2
2023-09-17 19:54:07.988 | 08:30   49ms  580M  570G 175/176U [ActUnit] DRONE from LARVA at (132.7, 128.8)
2023-09-17 19:54:07.995 | 08:30   49ms  580M  570G 175/176U [Expand] Expanding to (100.5, 59.5)
2023-09-17 19:54:07.997 | 08:30   49ms  280M  570G 175/176U [Tech] Started ZERGMELEEWEAPONSLEVEL2
2023-09-17 19:54:08.177 | 08:31   53ms  325M  578G 176/176U [Expand] Expanding to (100.5, 59.5)
2023-09-17 19:54:09.962 | 08:33   51ms  155M  598G 175/176U [ActUnit] ZERGLING from LARVA at (49.9, 132.7)
2023-09-17 19:54:10.492 | 08:35   43ms  260M  610G 176/176U [Inject] injecting hatch (112.5, 113.5)
2023-09-17 19:54:10.658 | 08:35   54ms  240M  618G 175/176U [ActUnit] ZERGLING from LARVA at (40.2, 78.9)
2023-09-17 19:54:11.058 | 08:36   53ms  315M  622G 176/176U [Expand] Expanding to (100.5, 59.5)
2023-09-17 19:54:12.306 | 08:39   46ms  170M  650G 175/176U [ActUnit] DRONE from LARVA at (39.6, 78.4)
2023-09-17 19:54:12.483 | 08:40   64ms  155M  658G 176/184U [ActUnit] ZERGLING from LARVA at (135.6, 87.9)
2023-09-17 19:54:12.668 | 08:40   46ms  145M  662G 177/192U [ActUnit] ZERGLING from LARVA at (39.6, 78.4)
2023-09-17 19:54:12.845 | 08:40   58ms  145M  662G 177/192U [ActUnit] DRONE from LARVA at (50.3, 132.5)
2023-09-17 19:54:13.023 | 08:41   46ms  110M  666G 178/192U [ActUnit] ZERGLING from LARVA at (106.8, 134.9)
2023-09-17 19:54:13.209 | 08:41   61ms  115M  670G 179/192U [ActUnit] ZERGLING from LARVA at (76.4, 135.9)
2023-09-17 19:54:13.383 | 08:42   46ms   90M  674G 180/192U [ActUnit] ZERGLING from LARVA at (48.3, 132.8)
2023-09-17 19:54:13.391 | 08:42   46ms   90M  674G 180/192U [Inject] injecting hatch (135.5, 90.5)
2023-09-17 19:54:13.590 | 08:42   57ms   90M  674G 181/192U [ActUnit] ZERGLING from LARVA at (40.4, 78.4)
2023-09-17 19:54:13.787 | 08:43   46ms   65M  686G 182/192U [ActUnit] ZERGLING from LARVA at (132.6, 128.9)
2023-09-17 19:54:13.990 | 08:43   55ms  320M  690G 180/186U [ActUnit] DRONE from LARVA at (48.4, 132.7)
2023-09-17 19:54:13.997 | 08:43   55ms  320M  690G 180/186U [Tech] Started ZERGMELEEWEAPONSLEVEL2
2023-09-17 19:54:13.998 | 08:43   55ms  320M  690G 180/186U [Inject] injecting hatch (106.5, 137.5)
2023-09-17 19:54:14.181 | 08:44   48ms  600M  690G 179/186U [ActUnit] DRONE from LARVA at (76.6, 135.4)
2023-09-17 19:54:14.190 | 08:44   48ms  600M  690G 179/186U [Tech] Started ZERGMELEEWEAPONSLEVEL2
2023-09-17 19:54:14.382 | 08:44   57ms  580M  698G 180/186U [ActUnit] DRONE from LARVA at (131.2, 129.1)
2023-09-17 19:54:14.389 | 08:44   57ms  580M  698G 180/186U [Tech] Started ZERGMELEEWEAPONSLEVEL2
2023-09-17 19:54:14.571 | 08:45   47ms  550M  702G 181/186U [ActUnit] DRONE from LARVA at (131.2, 129.1)
2023-09-17 19:54:14.581 | 08:45   47ms  550M  702G 181/186U [Tech] Started ZERGMELEEWEAPONSLEVEL2
2023-09-17 19:54:14.779 | 08:45   62ms  480M  702G 182/186U [ActUnit] OVERLORD from LARVA at (106.6, 134.7)
2023-09-17 19:54:14.781 | 08:45   62ms  430M  702G 182/186U [ActUnit] ZERGLING from LARVA at (131.2, 129.1)
2023-09-17 19:54:14.787 | 08:45   62ms  430M  702G 182/186U [Tech] Started ZERGMELEEWEAPONSLEVEL2
2023-09-17 19:54:14.977 | 08:45   52ms  370M  710G 183/186U [ActUnit] OVERLORD from LARVA at (136.7, 87.8)
2023-09-17 19:54:14.980 | 08:45   52ms  320M  710G 183/186U [ActUnit] ZERGLING from LARVA at (126.4, 33.6)
2023-09-17 19:54:14.987 | 08:45   52ms  320M  710G 183/186U [Tech] Started ZERGMELEEWEAPONSLEVEL2
2023-09-17 19:54:15.181 | 08:46   62ms  240M  710G 183/186U [ActUnit] OVERLORD from LARVA at (112.4, 110.7)
2023-09-17 19:54:15.183 | 08:46   62ms  190M  710G 183/186U [ActUnit] DRONE from LARVA at (126.2, 33.7)
2023-09-17 19:54:15.189 | 08:46   62ms  190M  710G 183/186U [Tech] Started ZERGMELEEWEAPONSLEVEL2
2023-09-17 19:54:15.362 | 08:46   50ms  475M  714G 180/186U [ActUnit] DRONE from LARVA at (136.0, 87.6)
2023-09-17 19:54:15.372 | 08:46   50ms  475M  714G 180/186U [Tech] Started ZERGMELEEWEAPONSLEVEL2
2023-09-17 19:54:15.374 | 08:46   50ms  475M  714G 180/186U [Inject] injecting hatch (126.5, 36.5)
2023-09-17 19:54:15.565 | 08:47   58ms  455M  718G 181/186U [ActUnit] DRONE from LARVA at (134.3, 87.9)
2023-09-17 19:54:15.572 | 08:47   58ms  455M  718G 181/186U [Tech] Started ZERGMELEEWEAPONSLEVEL2
2023-09-17 19:54:15.738 | 08:47   45ms  445M  726G 182/186U [ActUnit] DRONE from LARVA at (49.5, 132.6)
2023-09-17 19:54:15.745 | 08:47   45ms  445M  726G 182/186U [Tech] Started ZERGMELEEWEAPONSLEVEL2
2023-09-17 19:54:15.925 | 08:48   56ms  735M  730G 181/186U [ActUnit] DRONE from LARVA at (125.6, 33.8)
2023-09-17 19:54:15.932 | 08:48   56ms  735M  730G 181/186U [Tech] Started ZERGMELEEWEAPONSLEVEL2
2023-09-17 19:54:16.097 | 08:48   47ms 1305M  730G 181/186U [ActUnit] DRONE from LARVA at (125.9, 33.9)
2023-09-17 19:54:16.104 | 08:48   47ms 1305M  730G 181/186U [Tech] Started ZERGMELEEWEAPONSLEVEL2
2023-09-17 19:54:16.286 | 08:49   51ms 1575M  738G 182/186U [ActUnit] DRONE from LARVA at (126.0, 33.9)
2023-09-17 19:54:16.292 | 08:49   51ms 1575M  738G 182/186U [Tech] Started ZERGMELEEWEAPONSLEVEL2
2023-09-17 19:54:16.471 | 08:49   50ms 1840M  742G 181/186U [ActUnit] DRONE from LARVA at (76.5, 135.6)
2023-09-17 19:54:16.480 | 08:49   50ms 1840M  742G 181/186U [Tech] Started ZERGMELEEWEAPONSLEVEL2
2023-09-17 19:54:16.644 | 08:49   60ms 1870M  742G 181/186U [Tech] Started ZERGMELEEWEAPONSLEVEL2
2023-09-17 19:54:16.808 | 08:50   44ms 1855M  750G 181/192U [ActUnit] DRONE from LARVA at (75.5, 109.9)
2023-09-17 19:54:16.818 | 08:50   44ms 1855M  750G 181/192U [Tech] Started ZERGMELEEWEAPONSLEVEL2
2023-09-17 19:54:16.819 | 08:50   44ms 1855M  750G 181/192U [PlanCancelBuilding] Cancelled HATCHERY at (100.5, 59.5) with 85.626953125 health
2023-09-17 19:54:16.997 | 08:50   59ms 2125M  750G 183/192U [Tech] Started ZERGMELEEWEAPONSLEVEL2
2023-09-17 19:54:17.155 | 08:51   45ms 2105M  758G 183/192U [ActUnit] DRONE from LARVA at (106.6, 134.9)
2023-09-17 19:54:17.164 | 08:51   45ms 2105M  758G 183/192U [Tech] Started ZERGMELEEWEAPONSLEVEL2
2023-09-17 19:54:17.339 | 08:51   56ms 2140M  762G 183/192U [Tech] Started ZERGMELEEWEAPONSLEVEL2
2023-09-17 19:54:17.503 | 08:52   44ms 2120M  766G 183/192U [ActUnit] DRONE from LARVA at (135.4, 87.6)
2023-09-17 19:54:17.510 | 08:52   44ms 2120M  766G 183/192U [Tech] Started ZERGMELEEWEAPONSLEVEL2
2023-09-17 19:54:17.679 | 08:52   50ms 2150M  770G 184/192U [Tech] Started ZERGMELEEWEAPONSLEVEL2
2023-09-17 19:54:17.837 | 08:53   44ms 2185M  770G 183/192U [Tech] Started ZERGMELEEWEAPONSLEVEL2
2023-09-17 19:54:18.206 | 08:53   48ms 2165M  778G 183/192U [ActUnit] DRONE from LARVA at (40.5, 78.4)
2023-09-17 19:54:18.212 | 08:53   48ms 2165M  778G 183/192U [Tech] Started ZERGMELEEWEAPONSLEVEL2
2023-09-17 19:54:18.378 | 08:53   44ms 2200M  782G 184/192U [Tech] Started ZERGMELEEWEAPONSLEVEL2
2023-09-17 19:54:18.537 | 08:54   51ms 2170M  782G 184/192U [ActUnit] ZERGLING from LARVA at (132.5, 128.6)
2023-09-17 19:54:18.543 | 08:54   51ms 2170M  782G 184/192U [Tech] Started ZERGMELEEWEAPONSLEVEL2
2023-09-17 19:54:18.712 | 08:54   45ms 2175M  794G 185/192U [Tech] Started ZERGMELEEWEAPONSLEVEL2
2023-09-17 19:54:18.880 | 08:55   55ms 2205M  798G 185/192U [Tech] Started ZERGMELEEWEAPONSLEVEL2
2023-09-17 19:54:19.046 | 08:55   46ms 2240M  798G 185/192U [Tech] Started ZERGMELEEWEAPONSLEVEL2
2023-09-17 19:54:19.212 | 08:56   52ms 2270M  802G 185/192U [Tech] Started ZERGMELEEWEAPONSLEVEL2
2023-09-17 19:54:19.371 | 08:56   44ms 2325M  806G 185/192U [Tech] Started ZERGMELEEWEAPONSLEVEL2
2023-09-17 19:54:19.373 | 08:56   44ms 2325M  806G 185/192U [Inject] injecting hatch (49.5, 135.5)
2023-09-17 19:54:19.557 | 08:57   55ms 2350M  810G 185/192U [Tech] Started ZERGMELEEWEAPONSLEVEL2
2023-09-17 19:54:19.755 | 08:57   44ms 2375M  810G 185/192U [Tech] Started ZERGMELEEWEAPONSLEVEL2
2023-09-17 19:54:20.011 | 08:57   59ms 2340M  818G 185/192U [ActUnit] ZERGLING from LARVA at (126.6, 33.8)
2023-09-17 19:54:20.017 | 08:57   59ms 2340M  818G 185/192U [Tech] Started ZERGMELEEWEAPONSLEVEL2
2023-09-17 19:54:20.192 | 08:58   48ms 2320M  822G 186/192U [ActUnit] ZERGLING from LARVA at (49.5, 132.6)
2023-09-17 19:54:20.199 | 08:58   48ms 2320M  822G 186/192U [Tech] Started ZERGMELEEWEAPONSLEVEL2
2023-09-17 19:54:20.402 | 08:58   54ms 2370M  826G 187/192U [Tech] Started ZERGMELEEWEAPONSLEVEL2
2023-09-17 19:54:20.403 | 08:58   54ms 2370M  826G 187/192U [Inject] injecting hatch (40.5, 81.5)
2023-09-17 19:54:20.598 | 08:59   47ms 2405M  834G 187/192U [Tech] Started ZERGMELEEWEAPONSLEVEL2
2023-09-17 19:54:20.812 | 08:59   60ms 2380M  838G 187/192U [ActUnit] ZERGLING from LARVA at (40.5, 78.6)
2023-09-17 19:54:20.819 | 08:59   60ms 2380M  838G 187/192U [Tech] Started ZERGMELEEWEAPONSLEVEL2
2023-09-17 19:54:21.014 | 09:00   50ms 2340M  838G 188/192U [ActUnit] ZERGLING from LARVA at (41.6, 78.9)
2023-09-17 19:54:21.021 | 09:00   50ms 2340M  838G 188/192U [Tech] Started ZERGMELEEWEAPONSLEVEL2
2023-09-17 19:54:21.226 | 09:00   56ms 2295M  842G 188/192U [ActUnit] ZERGLING from LARVA at (39.2, 79.0)
2023-09-17 19:54:21.233 | 09:00   56ms 2295M  842G 188/192U [Tech] Started ZERGMELEEWEAPONSLEVEL2
2023-09-17 19:54:21.425 | 09:01   51ms 2285M  846G 188/192U [ActUnit] ZERGLING from LARVA at (75.8, 135.7)
2023-09-17 19:54:21.433 | 09:01   51ms 2285M  846G 188/192U [Tech] Started ZERGMELEEWEAPONSLEVEL2
2023-09-17 19:54:21.629 | 09:01   60ms 2295M  850G 189/192U [ActUnit] ZERGLING from LARVA at (75.3, 109.1)
2023-09-17 19:54:21.636 | 09:01   60ms 2295M  850G 189/192U [Tech] Started ZERGMELEEWEAPONSLEVEL2
2023-09-17 19:54:21.836 | 09:01   51ms 2300M  850G 190/192U [ActUnit] ZERGLING from LARVA at (106.6, 134.8)
2023-09-17 19:54:21.844 | 09:01   51ms 2300M  850G 190/192U [Tech] Started ZERGMELEEWEAPONSLEVEL2
2023-09-17 19:54:22.052 | 09:02   63ms 2310M  858G 190/192U [Tech] Started ZERGMELEEWEAPONSLEVEL2
2023-09-17 19:54:22.254 | 09:02   50ms 2270M  866G 190/192U [ActUnit] DRONE from LARVA at (135.4, 87.5)
2023-09-17 19:54:22.262 | 09:02   50ms 2270M  866G 190/192U [Tech] Started ZERGMELEEWEAPONSLEVEL2
2023-09-17 19:54:22.462 | 09:03   62ms 2295M  866G 191/192U [Expand] Expanding to (112.5, 113.5)
2023-09-17 19:54:22.463 | 09:03   62ms 1995M  866G 191/192U [Tech] Started ZERGMELEEWEAPONSLEVEL2
2023-09-17 19:54:22.468 | 09:03   62ms 1995M  866G 191/192U [PlanZoneAttack] Supply is 191 -> attack!
2023-09-17 19:54:22.470 | 09:03   62ms 1995M  866G 191/192U [PlanZoneAttack] Attack started at 72.00 power.
2023-09-17 19:54:22.676 | 09:03   54ms 2035M  874G 189/200U [Expand] Expanding to (112.5, 113.5)
2023-09-17 19:54:22.678 | 09:03   54ms 1585M  874G 189/200U [ActUnit] QUEEN from HATCHERY at (135.5, 90.5)
2023-09-17 19:54:22.679 | 09:03   54ms 1585M  874G 189/200U [Tech] Started ZERGMELEEWEAPONSLEVEL2
2023-09-17 19:54:22.919 | 09:04   90ms 1890M  878G 190/200U [ActUnit] ZERGLING from LARVA at (76.3, 135.4)
2023-09-17 19:54:22.927 | 09:04   90ms 1890M  878G 190/200U [Expand] Expanding to (112.5, 113.5)
2023-09-17 19:54:22.928 | 09:04   90ms 1590M  878G 190/200U [Tech] Started ZERGMELEEWEAPONSLEVEL2
2023-09-17 19:54:23.171 | 09:04   74ms 1560M  878G 188/200U [ActUnit] ZERGLING from LARVA at (40.5, 78.6)
2023-09-17 19:54:23.180 | 09:04   74ms 1560M  878G 188/200U [Expand] Expanding to (112.5, 113.5)
2023-09-17 19:54:23.182 | 09:04   74ms 1260M  878G 188/200U [Tech] Started ZERGMELEEWEAPONSLEVEL2
2023-09-17 19:54:23.421 | 09:05   79ms 1535M  890G 187/200U [ActUnit] ZERGLING from LARVA at (132.5, 128.6)
2023-09-17 19:54:23.428 | 09:05   79ms 1535M  890G 187/200U [Expand] Expanding to (112.5, 113.5)
2023-09-17 19:54:23.430 | 09:05   79ms 1235M  890G 187/200U [Tech] Started ZERGMELEEWEAPONSLEVEL2
2023-09-17 19:54:23.655 | 09:05   67ms 1190M  890G 185/200U [ActUnit] DRONE from LARVA at (77.2, 135.9)
2023-09-17 19:54:23.663 | 09:05   67ms 1190M  890G 185/200U [Tech] Started ZERGMELEEWEAPONSLEVEL2
2023-09-17 19:54:23.873 | 09:05   71ms 1175M  894G 186/200U [ActUnit] ZERGLING from LARVA at (75.4, 135.1)
2023-09-17 19:54:23.881 | 09:05   71ms 1175M  894G 186/200U [Tech] Started ZERGMELEEWEAPONSLEVEL2
2023-09-17 19:54:24.095 | 09:06   61ms 1210M  894G 187/200U [Tech] Started ZERGMELEEWEAPONSLEVEL2
2023-09-17 19:54:24.314 | 09:06   68ms 1275M  906G 187/200U [Tech] Started ZERGMELEEWEAPONSLEVEL2
2023-09-17 19:54:24.315 | 09:06   68ms 1275M  906G 187/200U [Inject] injecting hatch (132.5, 131.5)
2023-09-17 19:54:24.530 | 09:07   60ms 1305M  910G 187/200U [Tech] Started ZERGMELEEWEAPONSLEVEL2
2023-09-17 19:54:24.756 | 09:07   71ms 1315M  910G 187/200U [Tech] Started ZERGMELEEWEAPONSLEVEL2
2023-09-17 19:54:24.970 | 09:08   61ms 1335M  918G 187/200U [Tech] Started ZERGMELEEWEAPONSLEVEL2
2023-09-17 19:54:25.180 | 09:08   66ms 1315M  922G 187/200U [ActUnit] ZERGLING from LARVA at (126.6, 33.8)
2023-09-17 19:54:25.187 | 09:08   66ms 1315M  922G 187/200U [Tech] Started ZERGMELEEWEAPONSLEVEL2
2023-09-17 19:54:25.398 | 09:09   59ms 1305M  926G 188/200U [ActUnit] ZERGLING from LARVA at (49.5, 132.6)
2023-09-17 19:54:25.406 | 09:09   59ms 1305M  926G 188/200U [Tech] Started ZERGMELEEWEAPONSLEVEL2
2023-09-17 19:54:25.647 | 09:09   70ms 1340M  934G 189/200U [Tech] Started ZERGMELEEWEAPONSLEVEL2
2023-09-17 19:54:25.893 | 09:10   59ms 1380M  938G 189/200U [Tech] Started ZERGMELEEWEAPONSLEVEL2
2023-09-17 19:54:26.116 | 09:10   75ms 1405M  938G 189/200U [Tech] Started ZERGMELEEWEAPONSLEVEL2
2023-09-17 19:54:26.347 | 09:10   58ms 1745M  946G 189/200U [Tech] Started ZERGMELEEWEAPONSLEVEL2
2023-09-17 19:54:26.596 | 09:11   66ms 1765M  950G 189/200U [Tech] Started ZERGMELEEWEAPONSLEVEL2
2023-09-17 19:54:26.831 | 09:11   61ms 1800M  954G 189/200U [GameAnalyzer] Known army advantage is now SmallDisadvantage
2023-09-17 19:54:26.832 | 09:11   61ms 1800M  954G 189/200U [GameAnalyzer] Predicted army advantage is now SmallDisadvantage
2023-09-17 19:54:26.834 | 09:11   61ms 1750M  954G 189/200U [ActUnit] ZERGLING from LARVA at (75.3, 109.7)
2023-09-17 19:54:26.842 | 09:11   61ms 1750M  954G 189/200U [Tech] Started ZERGMELEEWEAPONSLEVEL2
2023-09-17 19:54:27.078 | 09:12   74ms 1735M  954G 190/200U [ActUnit] ZERGLING from LARVA at (76.4, 135.5)
2023-09-17 19:54:27.086 | 09:12   74ms 1735M  954G 190/200U [Tech] Started ZERGMELEEWEAPONSLEVEL2
2023-09-17 19:54:27.340 | 09:12   69ms 1710M  962G 191/200U [ActUnit] ZERGLING from LARVA at (135.6, 87.5)
2023-09-17 19:54:27.349 | 09:12   69ms 1710M  962G 191/200U [Tech] Started ZERGMELEEWEAPONSLEVEL2
2023-09-17 19:54:27.614 | 09:13   77ms 1695M  970G 192/200U [ActUnit] ZERGLING from LARVA at (135.6, 87.5)
2023-09-17 19:54:27.622 | 09:13   77ms 1695M  970G 192/200U [Tech] Started ZERGMELEEWEAPONSLEVEL2
2023-09-17 19:54:27.888 | 09:13   72ms 1680M  970G 193/200U [ActUnit] ZERGLING from LARVA at (135.6, 87.5)
2023-09-17 19:54:27.898 | 09:13   72ms 1680M  970G 193/200U [Tech] Started ZERGMELEEWEAPONSLEVEL2
2023-09-17 19:54:28.145 | 09:14   79ms 1645M  978G 194/200U [ActUnit] ZERGLING from LARVA at (106.0, 134.3)
2023-09-17 19:54:28.206 | 09:14   79ms 1645M  978G 194/200U [Tech] Started ZERGMELEEWEAPONSLEVEL2
2023-09-17 19:54:28.457 | 09:14  125ms 1685M  982G 194/200U [Tech] Started ZERGMELEEWEAPONSLEVEL2
2023-09-17 19:54:28.712 | 09:14   83ms 1675M  986G 194/200U [ActUnit] DRONE from LARVA at (135.6, 87.8)
2023-09-17 19:54:28.720 | 09:14   83ms 1675M  986G 194/200U [Expand] Expanding to (100.5, 59.5)
2023-09-17 19:54:28.721 | 09:14   83ms 1375M  986G 194/200U [Tech] Started ZERGMELEEWEAPONSLEVEL2
2023-09-17 19:54:28.970 | 09:15   70ms 1655M  994G 194/200U [ActUnit] DRONE from LARVA at (40.5, 78.6)
2023-09-17 19:54:28.981 | 09:15   70ms 1655M  994G 194/200U [Expand] Expanding to (100.5, 59.5)
2023-09-17 19:54:28.983 | 09:15   70ms 1355M  994G 194/200U [Tech] Started ZERGMELEEWEAPONSLEVEL2
2023-09-17 19:54:29.261 | 09:15   79ms 1800M  844G 194/200U [ActUnit] DRONE from LARVA at (106.4, 134.5)
2023-09-17 19:54:29.269 | 09:15   79ms 1800M  844G 194/200U [Expand] Expanding to (100.5, 59.5)
2023-09-17 19:54:29.270 | 09:15   79ms 1500M  844G 194/200U [Tech] Started ZERGGROUNDARMORSLEVEL2
2023-09-17 19:54:29.272 | 09:15   79ms 1500M  844G 194/200U [Inject] injecting hatch (126.5, 36.5)
2023-09-17 19:54:29.524 | 09:16   71ms 1250M  623G 195/200U [ActUnit] ZERGLING from LARVA at (106.2, 134.2)
2023-09-17 19:54:29.535 | 09:16   71ms 1250M  623G 195/200U [Expand] Expanding to (100.5, 59.5)
2023-09-17 19:54:29.538 | 09:16   71ms  950M  623G 195/200U [ActBuilding] 1. INFESTATIONPIT near (136.2, 123.3)
2023-09-17 19:54:29.813 | 09:16   89ms  825M  523G 196/200U [ActUnit] ZERGLING from LARVA at (106.2, 134.1)
2023-09-17 19:54:29.822 | 09:16   89ms  825M  523G 196/200U [Expand] Expanding to (100.5, 59.5)
2023-09-17 19:54:30.083 | 09:17   77ms  500M  535G 197/200U [ActUnit] ZERGLING from LARVA at (132.5, 128.5)
2023-09-17 19:54:30.092 | 09:17   77ms  500M  535G 197/200U [Expand] Expanding to (100.5, 59.5)
2023-09-17 19:54:30.379 | 09:17   82ms  170M  539G 198/200U [ActUnit] ZERGLING from LARVA at (127.3, 33.9)
2023-09-17 19:54:30.649 | 09:18   75ms  180M  539G 199/200U [ActUnit] ZERGLING from LARVA at (125.5, 33.5)
2023-09-17 19:54:30.940 | 09:18   83ms  210M  551G 199/200U [GameAnalyzer] Known army advantage is now SlightDisadvantage
2023-09-17 19:54:30.941 | 09:18   83ms  210M  551G 199/200U [GameAnalyzer] Predicted army advantage is now SlightDisadvantage
2023-09-17 19:54:30.942 | 09:18   83ms  160M  551G 199/200U [ActUnit] DRONE from LARVA at (125.5, 33.5)
2023-09-17 19:54:31.804 | 09:19   86ms  210M  563G 198/200U [ActUnit] DRONE from LARVA at (49.5, 132.6)
2023-09-17 19:54:32.408 | 09:20   87ms  225M  571G 199/200U [ActUnit] DRONE from LARVA at (126.5, 33.6)
2023-09-17 19:54:33.504 | 09:22   94ms  300M  583G 200/200U [Expand] Expanding to (100.5, 59.5)
2023-09-17 19:54:33.787 | 09:22   86ms   20M  587G 200/200U [GameAnalyzer] Predicted army advantage is now SmallDisadvantage
2023-09-17 19:54:34.430 | 09:23   87ms  360M  599G 199/200U [ActUnit] DRONE from LARVA at (75.7, 109.4)
2023-09-17 19:54:34.440 | 09:23   87ms  360M  599G 199/200U [Expand] Expanding to (100.5, 59.5)
2023-09-17 19:54:37.046 | 09:26   91ms  300M  631G 200/200U [Expand] Expanding to (100.5, 59.5)
2023-09-17 19:54:37.730 | 09:27   91ms   15M  643G 199/200U [ActUnit] ZERGLING from LARVA at (132.2, 128.9)
2023-09-17 19:54:37.738 | 09:27   91ms   15M  643G 199/200U [Inject] injecting hatch (40.5, 81.5)
2023-09-17 19:54:38.040 | 09:28   97ms   50M  643G 200/200U [GameAnalyzer] Known army advantage is now SmallDisadvantage
2023-09-17 19:54:38.050 | 09:28   97ms   50M  643G 200/200U [Inject] injecting hatch (76.5, 138.5)
2023-09-17 19:54:38.684 | 09:29   99ms  125M  659G 200/200U [GameAnalyzer] Known army advantage is now SlightDisadvantage
2023-09-17 19:54:39.019 | 09:29   94ms  105M  659G 199/200U [ActUnit] ZERGLING from LARVA at (39.5, 78.9)
2023-09-17 19:54:41.794 | 09:32  109ms  215M  691G 199/200U [ActUnit] ZERGLING from LARVA at (40.4, 78.9)
2023-09-17 19:54:42.177 | 09:32  116ms  210M  691G 196/200U [ActUnit] DRONE from LARVA at (135.8, 87.3)
2023-09-17 19:54:42.541 | 09:33  102ms  245M  699G 196/200U [GameAnalyzer] Known army advantage is now SmallDisadvantage
2023-09-17 19:54:42.543 | 09:33  102ms  195M  699G 196/200U [ActUnit] DRONE from LARVA at (41.6, 79.0)
2023-09-17 19:54:42.870 | 09:33  112ms  480M  703G 197/200U [ActUnit] ZERGLING from LARVA at (126.2, 33.5)
2023-09-17 19:54:42.878 | 09:33  112ms  480M  703G 197/200U [Expand] Expanding to (63.5, 58.5)
2023-09-17 19:54:43.222 | 09:34  107ms  455M  703G 198/200U [ActUnit] ZERGLING from LARVA at (76.7, 135.6)
2023-09-17 19:54:43.233 | 09:34  107ms  455M  703G 198/200U [Expand] Expanding to (63.5, 58.5)
2023-09-17 19:54:43.569 | 09:34  122ms  140M  715G 197/200U [ActUnit] DRONE from LARVA at (41.3, 78.9)
2023-09-17 19:54:43.898 | 09:35  104ms  115M  715G 198/200U [ActUnit] ZERGLING from LARVA at (106.7, 134.5)
2023-09-17 19:54:44.237 | 09:35  117ms  300M  723G 197/200U [GameAnalyzer] Known army advantage is now SlightDisadvantage
2023-09-17 19:54:44.240 | 09:35  117ms  250M  723G 197/200U [ActUnit] ZERGLING from LARVA at (106.5, 134.8)
2023-09-17 19:54:44.580 | 09:35  107ms  225M  723G 198/200U [ActUnit] ZERGLING from LARVA at (49.3, 132.3)
2023-09-17 19:54:44.935 | 09:36  122ms  255M  731G 198/200U [GameAnalyzer] Known army advantage is now SmallDisadvantage
2023-09-17 19:54:44.937 | 09:36  122ms  205M  731G 198/200U [ActUnit] DRONE from LARVA at (50.2, 132.6)
2023-09-17 19:54:45.312 | 09:36  114ms  475M  739G 199/200U [ActUnit] ZERGLING from LARVA at (75.4, 109.5)
2023-09-17 19:54:46.584 | 09:38  115ms  815M  751G 199/200U [ActUnit] ZERGLING from LARVA at (50.6, 132.9)
2023-09-17 19:54:46.921 | 09:38  108ms  845M  755G 200/200U [GameAnalyzer] Known army advantage is now SlightDisadvantage
2023-09-17 19:54:46.933 | 09:38  108ms  845M  755G 200/200U [Inject] injecting hatch (106.5, 137.5)
2023-09-17 19:54:47.707 | 09:39  114ms  860M  767G 199/200U [ActUnit] ZERGLING from LARVA at (76.6, 135.8)
2023-09-17 19:54:49.401 | 09:41  125ms  930M  787G 199/200U [ActUnit] DRONE from LARVA at (132.0, 128.5)
2023-09-17 19:54:51.997 | 09:44  140ms 1725M  823G 200/200U [Inject] injecting hatch (126.5, 36.5)
2023-09-17 19:54:54.579 | 09:47  147ms 1925M  859G 200/200U [Expand] Expanding to (135.5, 90.5)
2023-09-17 19:54:54.952 | 09:48  135ms 1650M  863G 200/200U [Expand] Expanding to (135.5, 90.5)
2023-09-17 19:54:55.308 | 09:48  134ms 1385M  867G 200/200U [Expand] Expanding to (135.5, 90.5)
2023-09-17 19:54:55.667 | 09:49  127ms 1410M  875G 200/200U [Expand] Expanding to (135.5, 90.5)
2023-09-17 19:54:56.035 | 09:49  136ms 1100M  875G 198/200U [ActUnit] DRONE from LARVA at (76.7, 135.8)
2023-09-17 19:54:56.044 | 09:49  136ms 1100M  875G 198/200U [Expand] Expanding to (135.5, 90.5)
2023-09-17 19:54:56.045 | 09:49  136ms  650M  875G 198/200U [ActUnit] QUEEN from HATCHERY at (75.5, 112.5)
2023-09-17 19:54:56.387 | 09:50  122ms  775M  883G 199/200U [ActUnit] ZERGLING from LARVA at (40.4, 78.9)
2023-09-17 19:54:56.398 | 09:50  122ms  775M  883G 199/200U [Expand] Expanding to (135.5, 90.5)
2023-09-17 19:54:56.760 | 09:50  138ms  460M  883G 199/200U [ActUnit] DRONE from LARVA at (124.8, 33.9)
2023-09-17 19:54:56.769 | 09:50  138ms  460M  883G 199/200U [Expand] Expanding to (99.5, 33.5)
2023-09-17 19:54:57.871 | 09:51  119ms  550M  899G 200/200U [Expand] Expanding to (99.5, 33.5)
2023-09-17 19:54:58.238 | 09:52  184ms  590M  907G 200/200U [Expand] Expanding to (99.5, 33.5)
2023-09-17 19:54:58.586 | 09:52  117ms  310M  911G 200/200U [Expand] Expanding to (99.5, 33.5)
2023-09-17 19:55:01.894 | 09:56  136ms  265M  955G 200/200U [Inject] injecting hatch (40.5, 81.5)
2023-09-17 19:55:02.246 | 09:57  113ms  305M  963G 200/200U [Expand] Expanding to (99.5, 33.5)
2023-09-17 19:55:02.903 | 09:58  112ms   15M  971G 199/200U [ActUnit] ZERGLING from LARVA at (126.1, 33.5)
2023-09-17 19:55:04.242 | 10:00  109ms  115M  987G 199/200U [GameAnalyzer] Predicted army advantage is now SlightDisadvantage
2023-09-17 19:55:04.245 | 10:00  109ms   65M  987G 199/200U [ActUnit] DRONE from LARVA at (106.9, 134.9)
2023-09-17 19:55:04.261 | 10:00  109ms   65M  987G 199/200U [Inject] injecting hatch (75.5, 112.5)
2023-09-17 19:55:04.964 | 10:00  117ms  425M  995G 200/200U [Expand] Expanding to (69.5, 34.5)
2023-09-17 19:55:05.305 | 10:01  121ms  765M 1003G 200/200U [Expand] Expanding to (69.5, 34.5)
2023-09-17 19:55:06.071 | 10:02  126ms  250M  861G 198/200U [ActUnit] ZERGLING from LARVA at (40.3, 78.7)
2023-09-17 19:55:06.418 | 10:02  110ms  260M  869G 199/200U [ActUnit] ZERGLING from LARVA at (132.8, 128.6)
2023-09-17 19:55:07.080 | 10:03  104ms  310M  877G 200/200U [Expand] Expanding to (69.5, 34.5)
2023-09-17 19:55:09.645 | 10:07   97ms  535M  917G 200/200U [Expand] Expanding to (69.5, 34.5)
2023-09-17 19:55:10.283 | 10:08   96ms  320M  925G 200/200U [Expand] Expanding to (69.5, 34.5)
2023-09-17 19:55:11.267 | 10:09  111ms   45M  941G 199/200U [ActUnit] DRONE from LARVA at (125.2, 33.9)
2023-09-17 19:55:11.916 | 10:10   97ms  115M  949G 200/200U [Inject] injecting hatch (132.5, 131.5)
2023-09-17 19:55:12.228 | 10:10   88ms   85M  957G 199/200U [ActUnit] DRONE from LARVA at (132.5, 128.8)
2023-09-17 19:55:14.525 | 10:13   95ms 1200M  989G 200/200U [Inject] injecting hatch (126.5, 36.5)
2023-09-17 19:55:19.383 | 10:20   75ms 2205M 1061G 199/200U [ActUnit] DRONE from LARVA at (125.7, 33.9)
2023-09-17 19:55:21.927 | 10:24   72ms 2720M 1101G 197/200U [ActUnit] DRONE from LARVA at (49.4, 132.6)
2023-09-17 19:55:21.937 | 10:24   72ms 2570M 1101G 197/200U [ActUnit] QUEEN from HATCHERY at (126.5, 36.5)
2023-09-17 19:55:21.940 | 10:24   72ms 2570M 1101G 197/200U [Inject] injecting hatch (49.5, 135.5)
2023-09-17 19:55:22.507 | 10:25   68ms 2555M 1109G 199/200U [ActUnit] DRONE from LARVA at (124.6, 34.6)
2023-09-17 19:55:24.037 | 10:27   88ms 2660M 1133G 199/200U [ActUnit] DRONE from LARVA at (75.7, 135.8)
2023-09-17 19:55:24.286 | INFO     | sc2.protocol:_execute:72 - Client status changed to Status.ended (was Status.in_game)
2023-09-17 19:55:24.298 | Result: Victory
2023-09-17 19:55:24.299 | Duration: 10:27
2023-09-17 19:55:24.300 | Step time min: 7
2023-09-17 19:55:24.300 | Step time avg: 41
2023-09-17 19:55:24.301 | Step time max: 184
2023-09-17 19:55:24.302 | [LostUnitsContents] My lost units minerals and gas: (8800.0, 0.0)
2023-09-17 19:55:24.302 | [LostUnitsContents] My lost units minerals by score: 8175.0
2023-09-17 19:55:24.303 | [LostUnitsContents] Enemy lost units minerals and gas: (9150, 700)
2023-09-17 19:55:24.304 | [LostUnitsContents] Enemy lost units minerals by score: 9475.0
2023-09-17 19:55:24.305 | [GameAnalyzerEnd] Own units:
2023-09-17 19:55:24.305 | [GameAnalyzerEnd] ZERGLING          total: 238 alive: 183 dead:  55 
2023-09-17 19:55:24.306 | [GameAnalyzerEnd] DRONE             total: 179 alive:  92 dead:  87 
2023-09-17 19:55:24.307 | [GameAnalyzerEnd] LARVA             total:  25 alive:  25 dead:   0 
2023-09-17 19:55:24.307 | [GameAnalyzerEnd] OVERLORD          total:  21 alive:  21 dead:   0 
2023-09-17 19:55:24.308 | [GameAnalyzerEnd] HATCHERY          total:  19 alive:  11 dead:   8 
2023-09-17 19:55:24.308 | [GameAnalyzerEnd] QUEEN             total:   7 alive:   3 dead:   4 
2023-09-17 19:55:24.309 | [GameAnalyzerEnd] EXTRACTOR         total:   5 alive:   4 dead:   1 
2023-09-17 19:55:24.309 | [GameAnalyzerEnd] EGG               total:   3 alive:   3 dead:   0 
2023-09-17 19:55:24.310 | [GameAnalyzerEnd] EVOLUTIONCHAMBER  total:   3 alive:   2 dead:   1 
2023-09-17 19:55:24.311 | [GameAnalyzerEnd] SPAWNINGPOOL      total:   1 alive:   1 dead:   0 
2023-09-17 19:55:24.311 | [GameAnalyzerEnd] LAIR              total:   1 alive:   1 dead:   0 
2023-09-17 19:55:24.312 | [GameAnalyzerEnd] INFESTATIONPIT    total:   1 alive:   1 dead:   0 
2023-09-17 19:55:24.314 | [GameAnalyzerEnd] Enemy units:
2023-09-17 19:55:24.315 | [GameAnalyzerEnd] MARINE            total: 130 alive: 102 dead:  28 
2023-09-17 19:55:24.316 | [GameAnalyzerEnd] SCV               total:  44 alive:   0 dead:  44 
2023-09-17 19:55:24.317 | [GameAnalyzerEnd] SUPPLYDEPOT       total:  27 alive:   3 dead:  24 
2023-09-17 19:55:24.318 | [GameAnalyzerEnd] BARRACKS          total:  12 alive:   1 dead:  11 
2023-09-17 19:55:24.320 | [GameAnalyzerEnd] MARAUDER          total:   6 alive:   6 dead:   0 
2023-09-17 19:55:24.321 | [GameAnalyzerEnd] MEDIVAC           total:   5 alive:   5 dead:   0 
2023-09-17 19:55:24.321 | [GameAnalyzerEnd] TECHLAB           total:   5 alive:   0 dead:   5 
2023-09-17 19:55:24.322 | [GameAnalyzerEnd] ORBITALCOMMAND    total:   2 alive:   0 dead:   2 
2023-09-17 19:55:24.323 | [GameAnalyzerEnd] REFINERY          total:   2 alive:   0 dead:   2 
2023-09-17 19:55:24.325 | [GameAnalyzerEnd] ENGINEERINGBAY    total:   1 alive:   0 dead:   1 
2023-09-17 19:55:24.325 | [GameAnalyzerEnd] STARPORT          total:   1 alive:   0 dead:   1 
2023-09-17 19:55:24.326 | [GameAnalyzerEnd] FACTORY           total:   1 alive:   0 dead:   1 
2023-09-17 19:55:24.327 | [GameAnalyzerEnd] Minerals max 2770 Average 496
2023-09-17 19:55:24.328 | [GameAnalyzerEnd] Vespene max 1133 Average 228
2023-09-17 19:55:24.329 | INFO     | sc2.main:_play_game:228 - Result for player 2 - Bot LadderBot(Zerg): Victory
