2023-09-18 13:14:09.497 | INFO     | sc2.protocol:_execute:72 - Client status changed to Status.in_game (was None)
2023-09-18 13:14:09.498 | INFO     | sc2.main:_play_game:221 - Player 2 - Bot LadderBot(Zerg)
2023-09-18 13:14:09.770 | 00:00    0ms    0M    0G  12/ 14U [Version] 4.10.0.75689
2023-09-18 13:14:09.771 | 00:00    0ms    0M    0G  12/ 14U [Version] 5.0.6 Balance mod recognized.
2023-09-18 13:14:09.851 | 00:00    0ms    0M    0G  12/ 14U [ZoneManager] Map set to: MapName.Unknown from name: GoldenauraAIE and hash: 3690400.
2023-09-18 13:14:10.628 | [DataManager] No BuildDetector found, enemy build data cannot be saved
2023-09-18 13:14:10.659 | [Start] My race: Zerg
2023-09-18 13:14:10.660 | [Start] Opponent race: Terran
2023-09-18 13:14:10.661 | [Start] OpponentId: 1
2023-09-18 13:14:10.715 | 00:00    0ms    0M    0G  12/ 14U [ActUnit] DRONE from LARVA at (169.6, 64.8)
2023-09-18 13:14:11.733 | 00:07    6ms    0M    0G  13/ 14U [ActUnit] DRONE from LARVA at (171.4, 64.9)
2023-09-18 13:14:12.619 | 00:16    8ms   20M    0G  14/ 14U [ActUnit] OVERLORD from LARVA at (170.2, 64.3)
2023-09-18 13:14:14.477 | 00:34    7ms  200M    0G  14/ 22U [ActUnit] DRONE from LARVA at (170.2, 64.9)
2023-09-18 13:14:14.524 | 00:35    9ms  160M    0G  15/ 22U [ActUnit] DRONE from LARVA at (170.1, 64.1)
2023-09-18 13:14:14.574 | 00:35    8ms  110M    0G  16/ 22U [ActUnit] DRONE from LARVA at (170.2, 64.6)
2023-09-18 13:14:15.648 | 00:45    9ms  200M    0G  17/ 22U [ActUnit] DRONE from LARVA at (170.3, 64.6)
2023-09-18 13:14:16.411 | 00:53    9ms  300M    0G  18/ 22U [Expand] Expanding to (148.5, 59.5)
2023-09-18 13:14:16.797 | 00:56    9ms    5M    0G  18/ 22U [ActUnit] DRONE from LARVA at (170.5, 64.4)
2023-09-18 13:14:17.531 | 01:01   14ms   75M    0G  18/ 22U [GameAnalyzer] Income advantage is now SmallAdvantage
2023-09-18 13:14:18.999 | 01:07   59ms   60M    0G  18/ 22U [ActUnit] OVERLORD from LARVA at (170.7, 64.4)
2023-09-18 13:14:20.637 | 01:18    9ms  175M    0G  18/ 22U [ActUnit] DRONE from LARVA at (170.7, 64.8)
2023-09-18 13:14:21.597 | 01:25    9ms  310M    0G  19/ 30U [Expand] Expanding to (122.5, 56.5)
2023-09-18 13:14:21.996 | 01:28    9ms    0M    0G  19/ 30U [ActUnit] DRONE from LARVA at (170.7, 64.5)
2023-09-18 13:14:23.385 | 01:39    9ms  415M    0G  20/ 30U [ActUnit] DRONE from LARVA at (170.7, 64.7)
2023-09-18 13:14:23.387 | 01:39    9ms  415M    0G  20/ 30U [Expand] Expanding to (122.5, 56.5)
2023-09-18 13:14:23.444 | 01:40   10ms  425M    0G  21/ 30U [Expand] Expanding to (122.5, 56.5)
2023-09-18 13:14:23.499 | 01:40   11ms  435M    0G  21/ 30U [Expand] Expanding to (122.5, 56.5)
2023-09-18 13:14:23.599 | 01:41    9ms  455M    0G  21/ 30U [Expand] Expanding to (122.5, 56.5)
2023-09-18 13:14:23.653 | 01:41   10ms  460M    0G  21/ 30U [Expand] Expanding to (122.5, 56.5)
2023-09-18 13:14:23.708 | 01:42   11ms  465M    0G  21/ 30U [Expand] Expanding to (122.5, 56.5)
2023-09-18 13:14:23.856 | 01:43    8ms  485M    0G  21/ 30U [Expand] Expanding to (122.5, 56.5)
2023-09-18 13:14:23.906 | 01:44   11ms  500M    0G  21/ 30U [Expand] Expanding to (122.5, 56.5)
2023-09-18 13:14:23.907 | 01:44   11ms  200M    0G  21/ 30U [ActBuilding] 1. SPAWNINGPOOL near (167.6, 76.0)
2023-09-18 13:14:23.958 | 01:44   11ms  300M    0G  21/ 30U [Expand] Expanding to (122.5, 56.5)
2023-09-18 13:14:24.006 | 01:44   11ms  305M    0G  21/ 30U [Expand] Expanding to (122.5, 56.5)
2023-09-18 13:14:24.164 | 01:46    9ms  340M    0G  21/ 30U [Expand] Expanding to (122.5, 56.5)
2023-09-18 13:14:24.166 | 01:46    9ms   15M    0G  21/ 30U [BuildGas] Building EXTRACTOR to (167.5, 60.5)
2023-09-18 13:14:24.266 | 01:46   17ms  315M    0G  21/ 30U [Expand] Expanding to (122.5, 56.5)
2023-09-18 13:14:24.325 | 01:47   10ms  320M    0G  20/ 30U [Expand] Expanding to (122.5, 56.5)
2023-09-18 13:14:24.422 | 01:47   14ms  330M    0G  19/ 30U [Expand] Expanding to (122.5, 56.5)
2023-09-18 13:14:24.423 | 01:47   14ms    5M    0G  19/ 30U [BuildGas] Building EXTRACTOR to (177.5, 70.5)
2023-09-18 13:14:24.628 | 01:48    9ms  320M    0G  18/ 30U [Expand] Expanding to (122.5, 56.5)
2023-09-18 13:14:24.721 | 01:49   11ms  330M    0G  18/ 30U [Expand] Expanding to (122.5, 56.5)
2023-09-18 13:14:24.773 | 01:49    9ms  335M    0G  18/ 30U [Expand] Expanding to (122.5, 56.5)
2023-09-18 13:14:24.863 | 01:50   11ms  295M    0G  18/ 30U [ActUnit] DRONE from LARVA at (170.3, 64.8)
2023-09-18 13:14:25.070 | 01:51    9ms  310M    0G  19/ 30U [Expand] Expanding to (122.5, 56.5)
2023-09-18 13:14:25.518 | 01:54    9ms  350M    0G  19/ 30U [Expand] Expanding to (122.5, 56.5)
2023-09-18 13:14:25.615 | 01:54   11ms  360M    0G  19/ 30U [Expand] Expanding to (122.5, 56.5)
2023-09-18 13:14:25.672 | 01:55   10ms  360M    0G  19/ 30U [Expand] Expanding to (122.5, 56.5)
2023-09-18 13:14:25.758 | 01:55   13ms  365M    0G  19/ 30U [Expand] Expanding to (122.5, 56.5)
2023-09-18 13:14:25.954 | 01:56    8ms  395M    0G  19/ 30U [Expand] Expanding to (122.5, 56.5)
2023-09-18 13:14:26.044 | 01:57   12ms  395M    0G  19/ 30U [Expand] Expanding to (122.5, 56.5)
2023-09-18 13:14:26.098 | 01:57   10ms  400M    0G  19/ 30U [Expand] Expanding to (122.5, 56.5)
2023-09-18 13:14:26.176 | 01:58   12ms  405M    0G  19/ 30U [Expand] Expanding to (122.5, 56.5)
2023-09-18 13:14:26.375 | 01:59    8ms  430M    0G  19/ 30U [Expand] Expanding to (122.5, 56.5)
2023-09-18 13:14:26.462 | 02:00   13ms  435M    0G  19/ 30U [Expand] Expanding to (122.5, 56.5)
2023-09-18 13:14:26.525 | 02:00   10ms  445M    0G  19/ 30U [Expand] Expanding to (122.5, 56.5)
2023-09-18 13:14:26.615 | 02:00   13ms  395M    0G  19/ 30U [ActUnit] DRONE from LARVA at (170.6, 64.8)
2023-09-18 13:14:26.617 | 02:00   13ms  395M    0G  19/ 30U [Expand] Expanding to (122.5, 56.5)
2023-09-18 13:14:26.829 | 02:02   10ms  425M    0G  20/ 30U [Expand] Expanding to (122.5, 56.5)
2023-09-18 13:14:26.922 | 02:02   11ms  430M    0G  20/ 30U [Expand] Expanding to (122.5, 56.5)
2023-09-18 13:14:26.979 | 02:03   10ms  435M    0G  20/ 30U [Expand] Expanding to (122.5, 56.5)
2023-09-18 13:14:27.066 | 02:03   14ms  435M    0G  20/ 30U [Expand] Expanding to (122.5, 56.5)
2023-09-18 13:14:27.263 | 02:05    9ms  460M    0G  20/ 30U [Expand] Expanding to (122.5, 56.5)
2023-09-18 13:14:27.350 | 02:05   12ms  465M    0G  20/ 30U [Expand] Expanding to (122.5, 56.5)
2023-09-18 13:14:27.408 | 02:05   10ms  470M    0G  20/ 30U [Expand] Expanding to (122.5, 56.5)
2023-09-18 13:14:27.544 | 02:06    8ms  490M    0G  20/ 30U [Expand] Expanding to (122.5, 56.5)
2023-09-18 13:14:27.635 | 02:07   12ms  490M    0G  20/ 30U [Expand] Expanding to (122.5, 56.5)
2023-09-18 13:14:27.693 | 02:07   10ms  500M    0G  20/ 30U [Expand] Expanding to (122.5, 56.5)
2023-09-18 13:14:27.828 | 02:08    8ms  515M    0G  20/ 30U [Expand] Expanding to (122.5, 56.5)
2023-09-18 13:14:27.911 | 02:09   12ms  520M    0G  20/ 30U [Expand] Expanding to (122.5, 56.5)
2023-09-18 13:14:27.967 | 02:09    9ms  525M    0G  20/ 30U [Expand] Expanding to (122.5, 56.5)
2023-09-18 13:14:28.108 | 02:10   10ms  530M    0G  20/ 30U [Expand] Expanding to (122.5, 56.5)
2023-09-18 13:14:28.198 | 02:10   11ms  540M    0G  20/ 30U [Expand] Expanding to (122.5, 56.5)
2023-09-18 13:14:28.254 | 02:11   10ms  545M    0G  20/ 30U [Expand] Expanding to (122.5, 56.5)
2023-09-18 13:14:28.340 | 02:11   13ms  200M    0G  20/ 30U [ActUnit] DRONE from LARVA at (170.6, 64.4)
2023-09-18 13:14:28.479 | 02:12    9ms  155M    0G  21/ 36U [ActUnit] DRONE from LARVA at (148.5, 56.6)
2023-09-18 13:14:29.849 | 02:21    8ms  520M   36G  22/ 36U [Expand] Expanding to (122.5, 56.5)
2023-09-18 13:14:29.944 | 02:21   13ms  530M   36G  22/ 36U [Expand] Expanding to (122.5, 56.5)
2023-09-18 13:14:30.008 | 02:21   10ms  535M   36G  22/ 36U [Expand] Expanding to (122.5, 56.5)
2023-09-18 13:14:30.095 | 02:22   14ms  485M   40G  22/ 36U [ActUnit] DRONE from LARVA at (170.3, 64.7)
2023-09-18 13:14:30.097 | 02:22   14ms  485M   40G  22/ 36U [Expand] Expanding to (122.5, 56.5)
2023-09-18 13:14:30.246 | 02:23   10ms  140M   44G  23/ 36U [ActUnit] DRONE from LARVA at (148.5, 56.6)
2023-09-18 13:14:30.307 | 02:23    9ms  450M   44G  24/ 36U [Expand] Expanding to (122.5, 56.5)
2023-09-18 13:14:30.399 | 02:24   13ms  450M   48G  24/ 36U [Expand] Expanding to (122.5, 56.5)
2023-09-18 13:14:30.457 | 02:24   10ms  450M   48G  24/ 36U [Expand] Expanding to (122.5, 56.5)
2023-09-18 13:14:30.547 | 02:25   12ms  455M   52G  24/ 36U [Expand] Expanding to (122.5, 56.5)
2023-09-18 13:14:30.606 | 02:25   10ms  460M   56G  24/ 36U [Expand] Expanding to (122.5, 56.5)
2023-09-18 13:14:31.901 | 02:33   10ms  510M   92G  24/ 36U [ActUnit] DRONE from LARVA at (170.4, 64.4)
2023-09-18 13:14:31.903 | 02:33   10ms  510M   92G  24/ 36U [Expand] Expanding to (122.5, 56.5)
2023-09-18 13:14:31.972 | 02:33   13ms  520M   92G  25/ 36U [Expand] Expanding to (122.5, 56.5)
2023-09-18 13:14:32.062 | 02:34   14ms  470M   96G  25/ 36U [ActUnit] DRONE from LARVA at (148.5, 56.6)
2023-09-18 13:14:32.064 | 02:34   14ms  470M   96G  25/ 36U [Expand] Expanding to (122.5, 56.5)
2023-09-18 13:14:32.129 | 02:34   11ms  475M  100G  26/ 36U [Expand] Expanding to (122.5, 56.5)
2023-09-18 13:14:32.131 | 02:34   11ms  175M  100G  26/ 36U [Tech] Started ZERGLINGMOVEMENTSPEED
2023-09-18 13:14:32.383 | 02:35   10ms  405M    4G  26/ 36U [Expand] Expanding to (122.5, 56.5)
2023-09-18 13:14:32.445 | 02:36   11ms  405M    4G  26/ 36U [GameAnalyzer] Income advantage is now ClearAdvantage
2023-09-18 13:14:32.449 | 02:36   11ms  405M    4G  26/ 36U [Expand] Expanding to (122.5, 56.5)
2023-09-18 13:14:32.541 | 02:36   14ms  405M    8G  26/ 36U [Expand] Expanding to (122.5, 56.5)
2023-09-18 13:14:32.611 | 02:37   10ms  420M    8G  26/ 36U [Expand] Expanding to (122.5, 56.5)
2023-09-18 13:14:32.718 | 02:37   13ms  120M   12G  26/ 36U [GameAnalyzer] Income advantage is now SmallAdvantage
2023-09-18 13:14:32.880 | 02:38   11ms  440M   16G  26/ 36U [Expand] Expanding to (122.5, 56.5)
2023-09-18 13:14:32.943 | 02:38   11ms  450M   20G  26/ 36U [GameAnalyzer] Income advantage is now ClearAdvantage
2023-09-18 13:14:32.947 | 02:38   11ms  450M   20G  26/ 36U [Expand] Expanding to (122.5, 56.5)
2023-09-18 13:14:33.035 | 02:39   15ms  455M   20G  26/ 36U [Expand] Expanding to (122.5, 56.5)
2023-09-18 13:14:33.096 | 02:39   10ms  455M   20G  26/ 36U [Expand] Expanding to (122.5, 56.5)
2023-09-18 13:14:33.190 | 02:40   11ms  165M   28G  26/ 36U [GameAnalyzer] Income advantage is now SmallAdvantage
2023-09-18 13:14:33.338 | 02:41   10ms  480M   32G  26/ 36U [Expand] Expanding to (122.5, 56.5)
2023-09-18 13:14:33.403 | 02:41   11ms  485M   36G  26/ 36U [GameAnalyzer] Income advantage is now ClearAdvantage
2023-09-18 13:14:33.406 | 02:41   11ms  485M   36G  26/ 36U [Expand] Expanding to (122.5, 56.5)
2023-09-18 13:14:33.506 | 02:42   15ms  490M   36G  26/ 36U [Expand] Expanding to (122.5, 56.5)
2023-09-18 13:14:33.571 | 02:42   10ms  195M   40G  26/ 36U [GameAnalyzer] Income advantage is now SmallAdvantage
2023-09-18 13:14:33.673 | 02:42   13ms  500M   40G  26/ 36U [Expand] Expanding to (122.5, 56.5)
2023-09-18 13:14:33.736 | 02:43   10ms  520M   44G  26/ 36U [GameAnalyzer] Income advantage is now ClearAdvantage
2023-09-18 13:14:33.740 | 02:43   10ms  520M   44G  26/ 36U [Expand] Expanding to (122.5, 56.5)
2023-09-18 13:14:34.657 | 02:43   15ms  475M   44G  26/ 36U [ActUnit] DRONE from LARVA at (170.3, 64.7)
2023-09-18 13:14:34.659 | 02:43   15ms  475M   44G  26/ 36U [Expand] Expanding to (122.5, 56.5)
2023-09-18 13:14:34.719 | 02:44   11ms  190M   44G  27/ 36U [GameAnalyzer] Income advantage is now SmallAdvantage
2023-09-18 13:14:34.814 | 02:44   12ms  440M   52G  27/ 36U [ActUnit] DRONE from LARVA at (148.5, 56.6)
2023-09-18 13:14:34.817 | 02:44   12ms  440M   52G  27/ 36U [Expand] Expanding to (122.5, 56.5)
2023-09-18 13:14:34.881 | 02:45   11ms  445M   52G  28/ 36U [GameAnalyzer] Income advantage is now ClearAdvantage
2023-09-18 13:14:34.884 | 02:45   11ms  445M   52G  28/ 36U [Expand] Expanding to (122.5, 56.5)
2023-09-18 13:14:34.986 | 02:45   13ms  455M   56G  28/ 36U [Expand] Expanding to (122.5, 56.5)
2023-09-18 13:14:35.144 | 02:46   10ms  470M   60G  28/ 36U [Expand] Expanding to (122.5, 56.5)
2023-09-18 13:14:35.205 | 02:46   10ms  475M   60G  28/ 36U [Expand] Expanding to (122.5, 56.5)
2023-09-18 13:14:35.306 | 02:47   14ms  475M   64G  28/ 36U [Expand] Expanding to (122.5, 56.5)
2023-09-18 13:14:35.523 | 02:48   10ms  510M   72G  28/ 36U [Expand] Expanding to (122.5, 56.5)
2023-09-18 13:14:35.618 | 02:49   11ms  515M   76G  28/ 36U [Expand] Expanding to (122.5, 56.5)
2023-09-18 13:14:35.679 | 02:49   10ms  520M   76G  28/ 36U [Expand] Expanding to (122.5, 56.5)
2023-09-18 13:14:35.775 | 02:50   12ms  530M   80G  28/ 36U [Expand] Expanding to (122.5, 56.5)
2023-09-18 13:14:35.996 | 02:51   10ms  550M   84G  28/ 36U [Expand] Expanding to (122.5, 56.5)
2023-09-18 13:14:36.093 | 02:51   15ms  565M   88G  28/ 36U [Expand] Expanding to (122.5, 56.5)
2023-09-18 13:14:36.152 | 02:52   10ms  565M   92G  28/ 36U [Expand] Expanding to (122.5, 56.5)
2023-09-18 13:14:36.253 | 02:52   13ms  570M   92G  28/ 36U [Expand] Expanding to (122.5, 56.5)
2023-09-18 13:14:36.482 | 02:54   10ms  600M  100G  28/ 36U [Expand] Expanding to (122.5, 56.5)
2023-09-18 13:14:36.586 | 02:54   13ms  555M  104G  28/ 36U [ActUnit] DRONE from LARVA at (170.4, 64.4)
2023-09-18 13:14:36.589 | 02:54   13ms  555M  104G  28/ 36U [Expand] Expanding to (122.5, 56.5)
2023-09-18 13:14:36.648 | 02:55   11ms  570M  108G  29/ 36U [Expand] Expanding to (122.5, 56.5)
2023-09-18 13:14:36.735 | 02:55   12ms  530M  108G  29/ 36U [ActUnit] DRONE from LARVA at (148.5, 56.6)
2023-09-18 13:14:36.737 | 02:55   12ms  530M  108G  29/ 36U [Expand] Expanding to (122.5, 56.5)
2023-09-18 13:14:36.956 | 02:56   10ms  550M  116G  30/ 36U [Expand] Expanding to (122.5, 56.5)
2023-09-18 13:14:37.056 | 02:57   16ms  560M  116G  30/ 36U [Expand] Expanding to (122.5, 56.5)
2023-09-18 13:14:37.118 | 02:57   11ms  565M  120G  30/ 36U [Expand] Expanding to (122.5, 56.5)
2023-09-18 13:14:37.209 | 02:58   15ms  580M  124G  30/ 36U [Expand] Expanding to (122.5, 56.5)
2023-09-18 13:14:37.210 | 02:58   15ms  280M  124G  30/ 36U [ActBuilding] 1. EVOLUTIONCHAMBER near (166.8, 75.7)
2023-09-18 13:14:37.438 | 02:59   11ms  520M  132G  30/ 36U [Expand] Expanding to (122.5, 56.5)
2023-09-18 13:14:37.440 | 02:59   11ms  220M  132G  30/ 36U [ActBuilding] 2. EVOLUTIONCHAMBER near (162.5, 71.6)
2023-09-18 13:14:37.531 | 02:59   21ms  450M  132G  30/ 36U [Expand] Expanding to (122.5, 56.5)
2023-09-18 13:14:37.602 | 03:00   13ms  470M  136G  30/ 36U [Expand] Expanding to (122.5, 56.5)
2023-09-18 13:14:37.704 | 03:00   14ms  470M  140G  30/ 36U [Expand] Expanding to (122.5, 56.5)
2023-09-18 13:14:37.924 | 03:02    9ms  500M  144G  29/ 36U [Expand] Expanding to (122.5, 56.5)
2023-09-18 13:14:38.019 | 03:02   15ms  505M  148G  29/ 36U [Expand] Expanding to (122.5, 56.5)
2023-09-18 13:14:38.085 | 03:03   12ms  515M  148G  29/ 36U [Expand] Expanding to (122.5, 56.5)
2023-09-18 13:14:38.183 | 03:03   13ms  520M  152G  29/ 36U [Expand] Expanding to (122.5, 56.5)
2023-09-18 13:14:38.407 | 03:04    9ms  540M  160G  28/ 36U [Expand] Expanding to (122.5, 56.5)
2023-09-18 13:14:38.501 | 03:05   13ms  490M  164G  28/ 36U [ActUnit] DRONE from LARVA at (170.5, 64.4)
2023-09-18 13:14:38.504 | 03:05   13ms  490M  164G  28/ 36U [Expand] Expanding to (122.5, 56.5)
2023-09-18 13:14:38.571 | 03:05   13ms  515M  164G  29/ 36U [Expand] Expanding to (122.5, 56.5)
2023-09-18 13:14:38.666 | 03:06   13ms  470M  164G  29/ 36U [ActUnit] DRONE from LARVA at (148.5, 56.6)
2023-09-18 13:14:38.669 | 03:06   13ms  470M  164G  29/ 36U [Expand] Expanding to (122.5, 56.5)
2023-09-18 13:14:38.898 | 03:07   10ms  500M  172G  30/ 36U [Expand] Expanding to (122.5, 56.5)
2023-09-18 13:14:39.008 | 03:07   12ms  505M  176G  30/ 36U [Expand] Expanding to (122.5, 56.5)
2023-09-18 13:14:39.075 | 03:08   11ms  505M  180G  30/ 36U [Expand] Expanding to (122.5, 56.5)
2023-09-18 13:14:39.228 | 03:09    9ms  525M  184G  30/ 36U [Expand] Expanding to (122.5, 56.5)
2023-09-18 13:14:39.333 | 03:09   12ms  535M  188G  30/ 36U [Expand] Expanding to (122.5, 56.5)
2023-09-18 13:14:39.403 | 03:10   11ms  535M  188G  30/ 36U [Expand] Expanding to (122.5, 56.5)
2023-09-18 13:14:39.569 | 03:11   11ms  555M  196G  30/ 36U [Expand] Expanding to (122.5, 56.5)
2023-09-18 13:14:39.671 | 03:11   13ms  570M  196G  30/ 36U [Expand] Expanding to (122.5, 56.5)
2023-09-18 13:14:39.733 | 03:11   11ms  570M  196G  30/ 36U [Expand] Expanding to (122.5, 56.5)
2023-09-18 13:14:39.897 | 03:12   10ms  595M  204G  30/ 36U [Expand] Expanding to (122.5, 56.5)
2023-09-18 13:14:40.004 | 03:13   16ms  600M  204G  30/ 36U [Expand] Expanding to (122.5, 56.5)
2023-09-18 13:14:40.068 | 03:13   13ms  605M  208G  30/ 36U [Expand] Expanding to (122.5, 56.5)
2023-09-18 13:14:40.171 | 03:14   14ms  320M  212G  30/ 36U [Expand] Expanding to (122.5, 56.5)
2023-09-18 13:14:40.234 | 03:14   11ms  330M  212G  30/ 36U [Expand] Expanding to (122.5, 56.5)
2023-09-18 13:14:40.336 | 03:15   13ms  640M  216G  30/ 36U [Expand] Expanding to (122.5, 56.5)
2023-09-18 13:14:40.398 | 03:15   14ms  645M  220G  30/ 36U [Expand] Expanding to (122.5, 56.5)
2023-09-18 13:14:40.502 | 03:15   13ms  595M  220G  30/ 36U [ActUnit] DRONE from LARVA at (170.7, 64.8)
2023-09-18 13:14:40.505 | 03:15   13ms  595M  220G  30/ 36U [Expand] Expanding to (122.5, 56.5)
2023-09-18 13:14:40.571 | 03:16   13ms  605M  220G  31/ 36U [Expand] Expanding to (122.5, 56.5)
2023-09-18 13:14:40.671 | 03:16   14ms  270M  224G  31/ 36U [ActUnit] DRONE from LARVA at (148.5, 56.6)
2023-09-18 13:14:40.833 | 03:17   13ms  585M  228G  32/ 36U [Expand] Expanding to (122.5, 56.5)
2023-09-18 13:14:40.900 | 03:18   11ms  595M  232G  32/ 36U [Expand] Expanding to (122.5, 56.5)
2023-09-18 13:14:40.997 | 03:18   15ms  600M  236G  32/ 36U [Expand] Expanding to (122.5, 56.5)
2023-09-18 13:14:41.063 | 03:19   12ms  605M  236G  32/ 36U [Expand] Expanding to (122.5, 56.5)
2023-09-18 13:14:41.150 | 03:19   17ms  325M  240G  32/ 36U [Expand] Expanding to (122.5, 56.5)
2023-09-18 13:14:41.212 | 03:20   12ms  335M  244G  32/ 36U [Expand] Expanding to (122.5, 56.5)
2023-09-18 13:14:41.314 | 03:20   14ms  645M  244G  32/ 36U [Expand] Expanding to (122.5, 56.5)
2023-09-18 13:14:41.384 | 03:20   12ms  650M  244G  32/ 36U [Expand] Expanding to (122.5, 56.5)
2023-09-18 13:14:41.493 | 03:21   17ms  650M  248G  32/ 36U [Expand] Expanding to (122.5, 56.5)
2023-09-18 13:14:41.562 | 03:21   14ms  660M  252G  32/ 36U [Expand] Expanding to (122.5, 56.5)
2023-09-18 13:14:41.659 | 03:22   15ms  370M  252G  32/ 36U [Expand] Expanding to (122.5, 56.5)
2023-09-18 13:14:41.717 | 03:22   11ms  385M  256G  32/ 36U [Expand] Expanding to (122.5, 56.5)
2023-09-18 13:14:41.807 | 03:23   13ms  685M  260G  32/ 36U [Expand] Expanding to (122.5, 56.5)
2023-09-18 13:14:41.867 | 03:23   12ms  700M  260G  32/ 36U [Expand] Expanding to (122.5, 56.5)
2023-09-18 13:14:41.960 | 03:24   13ms  710M  264G  32/ 36U [Expand] Expanding to (122.5, 56.5)
2023-09-18 13:14:42.021 | 03:24   12ms  720M  268G  32/ 36U [Expand] Expanding to (122.5, 56.5)
2023-09-18 13:14:42.111 | 03:24   15ms  430M  268G  32/ 36U [Expand] Expanding to (122.5, 56.5)
2023-09-18 13:14:42.181 | 03:25   12ms  450M  268G  32/ 36U [Expand] Expanding to (122.5, 56.5)
2023-09-18 13:14:42.278 | 03:25   17ms  755M  276G  32/ 36U [Expand] Expanding to (122.5, 56.5)
2023-09-18 13:14:42.344 | 03:26   12ms  765M  276G  32/ 36U [Expand] Expanding to (122.5, 56.5)
2023-09-18 13:14:42.440 | 03:26   13ms  665M  276G  32/ 36U [ActUnit] OVERLORD from LARVA at (170.5, 64.4)
2023-09-18 13:14:42.443 | 03:26   13ms  665M  276G  32/ 36U [Expand] Expanding to (122.5, 56.5)
2023-09-18 13:14:42.444 | 03:26   13ms  365M  276G  32/ 36U [Tech] Started ZERGMELEEWEAPONSLEVEL1
2023-09-18 13:14:42.510 | 03:27   16ms  580M  180G  32/ 36U [Expand] Expanding to (122.5, 56.5)
2023-09-18 13:14:42.609 | 03:27   14ms  235M  184G  32/ 36U [ActUnit] DRONE from LARVA at (148.5, 56.6)
2023-09-18 13:14:42.785 | 03:28   14ms  550M  188G  33/ 36U [Expand] Expanding to (122.5, 56.5)
2023-09-18 13:14:42.855 | 03:28   12ms  575M  192G  33/ 36U [Expand] Expanding to (122.5, 56.5)
2023-09-18 13:14:42.857 | 03:28   12ms  275M  192G  33/ 36U [Tech] Started ZERGGROUNDARMORSLEVEL1
2023-09-18 13:14:42.948 | 03:29   19ms  435M   42G  33/ 36U [Expand] Expanding to (122.5, 56.5)
2023-09-18 13:14:43.013 | 03:29   12ms  445M   46G  33/ 36U [Expand] Expanding to (122.5, 56.5)
2023-09-18 13:14:43.258 | 03:31   12ms  470M   50G  33/ 36U [Expand] Expanding to (122.5, 56.5)
2023-09-18 13:14:43.321 | 03:31   12ms  480M   54G  33/ 36U [Expand] Expanding to (122.5, 56.5)
2023-09-18 13:14:43.465 | 03:32   14ms  490M   58G  33/ 36U [Expand] Expanding to (122.5, 56.5)
2023-09-18 13:14:43.614 | 03:32   61ms  495M   58G  33/ 36U [Expand] Expanding to (122.5, 56.5)
2023-09-18 13:14:43.999 | 03:33   80ms  525M   66G  33/ 36U [Expand] Expanding to (122.5, 56.5)
2023-09-18 13:14:44.144 | 03:34   67ms  535M   70G  33/ 36U [Expand] Expanding to (122.5, 56.5)
2023-09-18 13:14:44.225 | 03:34   82ms  565M   74G  33/ 36U [Expand] Expanding to (122.5, 56.5)
2023-09-18 13:14:44.361 | 03:35   26ms  570M   74G  33/ 36U [Expand] Expanding to (122.5, 56.5)
2023-09-18 13:14:44.705 | 03:36   76ms  590M   82G  33/ 36U [Expand] Expanding to (122.5, 56.5)
2023-09-18 13:14:44.780 | 03:36   32ms  605M   82G  33/ 36U [Expand] Expanding to (122.5, 56.5)
2023-09-18 13:14:44.887 | 03:37   14ms  560M   86G  33/ 36U [ActUnit] DRONE from LARVA at (170.3, 64.6)
2023-09-18 13:14:44.890 | 03:37   14ms  560M   86G  33/ 36U [Expand] Expanding to (122.5, 56.5)
2023-09-18 13:14:45.069 | 03:38   12ms  525M   90G  34/ 36U [ActUnit] DRONE from LARVA at (148.5, 56.6)
2023-09-18 13:14:45.072 | 03:38   12ms  525M   90G  34/ 36U [Expand] Expanding to (122.5, 56.5)
2023-09-18 13:14:45.150 | 03:38   14ms  535M   94G  35/ 36U [Expand] Expanding to (122.5, 56.5)
2023-09-18 13:14:45.256 | 03:39   18ms  565M   98G  35/ 36U [Expand] Expanding to (122.5, 56.5)
2023-09-18 13:14:45.434 | 03:40   14ms  595M  102G  35/ 36U [Expand] Expanding to (122.5, 56.5)
2023-09-18 13:14:45.507 | 03:40   14ms  595M  106G  35/ 36U [Expand] Expanding to (122.5, 56.5)
2023-09-18 13:14:45.610 | 03:40   15ms  605M  106G  35/ 36U [Expand] Expanding to (122.5, 56.5)
2023-09-18 13:14:45.679 | 03:41   14ms  315M  106G  35/ 36U [Expand] Expanding to (122.5, 56.5)
2023-09-18 13:14:46.614 | 03:41   15ms  320M  110G  35/ 36U [Expand] Expanding to (122.5, 56.5)
2023-09-18 13:14:46.686 | 03:42   14ms  625M  114G  35/ 36U [Expand] Expanding to (122.5, 56.5)
2023-09-18 13:14:46.784 | 03:42   16ms  635M  114G  35/ 36U [Expand] Expanding to (122.5, 56.5)
2023-09-18 13:14:46.856 | 03:43   13ms  640M  118G  35/ 36U [Expand] Expanding to (122.5, 56.5)
2023-09-18 13:14:46.961 | 03:43   14ms  660M  122G  35/ 36U [Expand] Expanding to (122.5, 56.5)
2023-09-18 13:14:46.963 | 03:43   14ms  185M   22G  35/ 36U [BuildGas] Building EXTRACTOR to (145.5, 52.5)
2023-09-18 13:14:47.218 | 03:45   12ms  530M   30G  35/ 44U [Expand] Expanding to (122.5, 56.5)
2023-09-18 13:14:47.330 | 03:45   15ms  545M   30G  34/ 44U [Expand] Expanding to (122.5, 56.5)
2023-09-18 13:14:47.408 | 03:45   13ms  555M   30G  34/ 44U [Expand] Expanding to (122.5, 56.5)
2023-09-18 13:14:47.516 | 03:46   15ms  565M   34G  34/ 44U [Expand] Expanding to (122.5, 56.5)
2023-09-18 13:14:47.779 | 03:47   12ms  570M   42G  34/ 44U [Expand] Expanding to (122.5, 56.5)
2023-09-18 13:14:47.879 | 03:48   17ms  530M   46G  34/ 44U [ActUnit] DRONE from LARVA at (170.4, 64.9)
2023-09-18 13:14:47.882 | 03:48   17ms  530M   46G  34/ 44U [Expand] Expanding to (122.5, 56.5)
2023-09-18 13:14:47.951 | 03:48   13ms  555M   46G  35/ 44U [Expand] Expanding to (122.5, 56.5)
2023-09-18 13:14:48.055 | 03:49   15ms  520M   50G  35/ 44U [ActUnit] DRONE from LARVA at (148.5, 56.6)
2023-09-18 13:14:48.058 | 03:49   15ms  520M   50G  35/ 44U [Expand] Expanding to (122.5, 56.5)
2023-09-18 13:14:48.306 | 03:50   12ms  550M   54G  36/ 44U [Expand] Expanding to (122.5, 56.5)
2023-09-18 13:14:48.467 | 03:50   17ms  570M   58G  36/ 44U [Expand] Expanding to (122.5, 56.5)
2023-09-18 13:14:48.593 | 03:51   71ms  580M   62G  36/ 44U [Expand] Expanding to (122.5, 56.5)
2023-09-18 13:14:48.703 | 03:51   75ms  585M   62G  36/ 44U [Expand] Expanding to (122.5, 56.5)
2023-09-18 13:14:49.074 | 03:53   16ms  590M   70G  36/ 44U [Expand] Expanding to (122.5, 56.5)
2023-09-18 13:14:49.201 | 03:53   85ms  610M   74G  36/ 44U [Expand] Expanding to (122.5, 56.5)
2023-09-18 13:14:49.336 | 03:53   37ms  640M   78G  36/ 44U [Expand] Expanding to (122.5, 56.5)
2023-09-18 13:14:49.472 | 03:54   76ms  650M   78G  36/ 44U [Expand] Expanding to (122.5, 56.5)
2023-09-18 13:14:49.622 | 03:54   67ms  350M   78G  36/ 44U [Expand] Expanding to (122.5, 56.5)
2023-09-18 13:14:49.755 | 03:55   92ms  360M   86G  36/ 44U [Expand] Expanding to (122.5, 56.5)
2023-09-18 13:14:49.921 | 03:55   63ms  675M   86G  36/ 44U [Expand] Expanding to (122.5, 56.5)
2023-09-18 13:14:50.067 | 03:56  101ms  700M   86G  36/ 44U [Expand] Expanding to (122.5, 56.5)
2023-09-18 13:14:50.231 | 03:56   71ms  710M   90G  36/ 44U [Expand] Expanding to (122.5, 56.5)
2023-09-18 13:14:50.386 | 03:57  103ms  715M   94G  36/ 44U [Expand] Expanding to (122.5, 56.5)
2023-09-18 13:14:50.548 | 03:57   63ms  415M   94G  36/ 44U [Expand] Expanding to (122.5, 56.5)
2023-09-18 13:14:50.691 | 03:57  101ms  420M   98G  36/ 44U [Expand] Expanding to (122.5, 56.5)
2023-09-18 13:14:50.854 | 03:58   32ms  735M  102G  36/ 44U [Expand] Expanding to (122.5, 56.5)
2023-09-18 13:14:50.999 | 03:58   96ms  700M  102G  36/ 44U [ActUnit] DRONE from LARVA at (170.7, 64.5)
2023-09-18 13:14:51.004 | 03:58   96ms  700M  102G  36/ 44U [Expand] Expanding to (122.5, 56.5)
2023-09-18 13:14:51.158 | 03:59   71ms  710M  106G  37/ 44U [Expand] Expanding to (122.5, 56.5)
2023-09-18 13:14:51.292 | 03:59   89ms  680M  110G  37/ 44U [ActUnit] DRONE from LARVA at (148.5, 56.6)
2023-09-18 13:14:51.296 | 03:59   89ms  680M  110G  37/ 44U [Expand] Expanding to (122.5, 56.5)
2023-09-18 13:14:51.456 | 04:00   68ms  385M  110G  38/ 44U [Expand] Expanding to (122.5, 56.5)
2023-09-18 13:14:51.781 | 04:01   72ms  405M  114G  38/ 44U [Expand] Expanding to (122.5, 56.5)
2023-09-18 13:14:51.907 | 04:01   84ms  430M  118G  38/ 44U [Expand] Expanding to (122.5, 56.5)
2023-09-18 13:14:52.064 | 04:01   64ms  445M  118G  38/ 44U [Expand] Expanding to (122.5, 56.5)
2023-09-18 13:14:52.297 | 04:02   20ms  455M  126G  38/ 44U [Expand] Expanding to (122.5, 56.5)
2023-09-18 13:14:52.300 | 04:02   20ms  130M  126G  38/ 44U [BuildGas] Building EXTRACTOR to (155.5, 62.5)
2023-09-18 13:14:52.396 | 04:03   88ms  440M  126G  38/ 44U [Expand] Expanding to (122.5, 56.5)
2023-09-18 13:14:52.470 | 04:03   14ms  450M  130G  38/ 44U [Expand] Expanding to (122.5, 56.5)
2023-09-18 13:14:52.669 | 04:04   12ms  465M  134G  37/ 44U [Expand] Expanding to (122.5, 56.5)
2023-09-18 13:14:52.783 | 04:05   16ms  485M  134G  37/ 44U [Expand] Expanding to (122.5, 56.5)
2023-09-18 13:14:52.857 | 04:05   14ms  490M  138G  37/ 44U [Expand] Expanding to (122.5, 56.5)
2023-09-18 13:14:53.050 | 04:06   12ms  515M  142G  37/ 44U [Expand] Expanding to (122.5, 56.5)
2023-09-18 13:14:53.163 | 04:06   15ms  525M  146G  37/ 44U [Expand] Expanding to (122.5, 56.5)
2023-09-18 13:14:53.242 | 04:07   14ms  550M  150G  37/ 44U [Expand] Expanding to (122.5, 56.5)
2023-09-18 13:14:53.426 | 04:08   12ms  565M  154G  37/ 44U [Expand] Expanding to (122.5, 56.5)
2023-09-18 13:14:53.545 | 04:08   14ms  875M  158G  37/ 44U [Expand] Expanding to (122.5, 56.5)
2023-09-18 13:14:53.547 | 04:08   14ms  425M  158G  37/ 44U [ActUnit] QUEEN from HATCHERY at (148.5, 59.5)
2023-09-18 13:14:53.623 | 04:09   16ms  725M  158G  39/ 44U [Expand] Expanding to (122.5, 56.5)
2023-09-18 13:14:53.737 | 04:09   14ms  680M  158G  39/ 44U [ActUnit] DRONE from LARVA at (170.4, 64.9)
2023-09-18 13:14:53.740 | 04:09   14ms  680M  158G  39/ 44U [Expand] Expanding to (122.5, 56.5)
2023-09-18 13:14:53.816 | 04:10   15ms  685M  166G  40/ 44U [Expand] Expanding to (122.5, 56.5)
2023-09-18 13:14:53.924 | 04:10   14ms  310M  166G  40/ 44U [ActUnit] OVERLORD from LARVA at (148.5, 56.6)
2023-09-18 13:14:53.928 | 04:10   14ms  310M  166G  40/ 44U [Expand] Expanding to (122.5, 56.5)
2023-09-18 13:14:54.005 | 04:10   15ms  320M  166G  40/ 44U [Expand] Expanding to (122.5, 56.5)
2023-09-18 13:14:54.129 | 04:11   14ms  635M  170G  40/ 44U [Expand] Expanding to (122.5, 56.5)
2023-09-18 13:14:54.211 | 04:11   15ms  635M  174G  40/ 44U [Expand] Expanding to (122.5, 56.5)
2023-09-18 13:14:54.323 | 04:12   18ms  645M  174G  40/ 44U [Expand] Expanding to (122.5, 56.5)
2023-09-18 13:14:54.398 | 04:12   15ms  665M  178G  40/ 44U [Expand] Expanding to (122.5, 56.5)
2023-09-18 13:14:54.514 | 04:13   15ms  385M  182G  40/ 44U [Expand] Expanding to (122.5, 56.5)
2023-09-18 13:14:54.587 | 04:13   15ms  395M  182G  40/ 44U [Expand] Expanding to (122.5, 56.5)
2023-09-18 13:14:54.690 | 04:14   16ms  700M  186G  40/ 44U [Expand] Expanding to (122.5, 56.5)
2023-09-18 13:14:54.767 | 04:14   16ms  700M  190G  40/ 44U [Expand] Expanding to (122.5, 56.5)
2023-09-18 13:14:54.868 | 04:14   18ms  700M  190G  40/ 44U [Expand] Expanding to (122.5, 56.5)
2023-09-18 13:14:54.941 | 04:15   13ms  715M  190G  40/ 44U [Expand] Expanding to (122.5, 56.5)
2023-09-18 13:14:55.049 | 04:15   16ms  430M  194G  40/ 44U [Expand] Expanding to (122.5, 56.5)
2023-09-18 13:14:55.200 | 04:16   13ms  445M  198G  40/ 44U [Expand] Expanding to (122.5, 56.5)
2023-09-18 13:14:55.341 | 04:16   85ms  760M  198G  40/ 44U [Expand] Expanding to (122.5, 56.5)
2023-09-18 13:14:55.487 | 04:17   72ms  760M  202G  40/ 44U [Expand] Expanding to (122.5, 56.5)
2023-09-18 13:14:55.609 | 04:17   82ms  770M  206G  40/ 44U [Expand] Expanding to (122.5, 56.5)
2023-09-18 13:14:55.766 | 04:18   59ms  795M  206G  40/ 44U [Expand] Expanding to (122.5, 56.5)
2023-09-18 13:14:55.902 | 04:18   92ms  520M  210G  40/ 44U [Expand] Expanding to (122.5, 56.5)
2023-09-18 13:14:56.056 | 04:18   69ms  530M  214G  40/ 44U [Expand] Expanding to (122.5, 56.5)
2023-09-18 13:14:56.199 | 04:19   86ms  830M  214G  40/ 44U [Expand] Expanding to (122.5, 56.5)
2023-09-18 13:14:56.370 | 04:19   68ms  830M  214G  40/ 44U [Expand] Expanding to (122.5, 56.5)
2023-09-18 13:14:56.515 | 04:20   99ms  740M  218G  40/ 44U [ActUnit] OVERLORD from LARVA at (170.3, 64.8)
2023-09-18 13:14:56.524 | 04:20   99ms  740M  218G  40/ 44U [Expand] Expanding to (122.5, 56.5)
2023-09-18 13:14:56.674 | 04:20   75ms  750M  226G  40/ 44U [Expand] Expanding to (122.5, 56.5)
2023-09-18 13:14:56.801 | 04:21   78ms  415M  226G  40/ 44U [ActUnit] DRONE from LARVA at (148.5, 56.6)
2023-09-18 13:14:56.810 | 04:21   78ms  415M  226G  40/ 44U [Expand] Expanding to (122.5, 56.5)
2023-09-18 13:14:57.099 | 04:22   80ms  445M  238G  41/ 44U [Expand] Expanding to (122.5, 56.5)
2023-09-18 13:14:57.245 | 04:22   68ms  450M  238G  41/ 44U [Expand] Expanding to (122.5, 56.5)
2023-09-18 13:14:57.379 | 04:22   78ms  470M  242G  41/ 44U [Expand] Expanding to (122.5, 56.5)
2023-09-18 13:14:57.672 | 04:23   84ms  505M  250G  41/ 44U [Expand] Expanding to (122.5, 56.5)
2023-09-18 13:14:57.822 | 04:24   73ms  515M  254G  41/ 44U [Expand] Expanding to (122.5, 56.5)
2023-09-18 13:14:57.947 | 04:24   80ms  520M  258G  41/ 44U [Expand] Expanding to (122.5, 56.5)
2023-09-18 13:14:58.224 | 04:25   81ms  530M  262G  41/ 44U [Expand] Expanding to (122.5, 56.5)
2023-09-18 13:14:58.359 | 04:26   67ms  540M  266G  41/ 44U [Expand] Expanding to (122.5, 56.5)
2023-09-18 13:14:58.487 | 04:26   73ms  550M  274G  41/ 44U [Expand] Expanding to (122.5, 56.5)
2023-09-18 13:14:58.630 | 04:26   68ms  560M  274G  41/ 44U [Expand] Expanding to (122.5, 56.5)
2023-09-18 13:14:58.862 | 04:27   16ms  300M  286G  41/ 44U [Expand] Expanding to (122.5, 56.5)
2023-09-18 13:14:59.288 | 04:29   82ms  330M  298G  41/ 52U [Expand] Expanding to (122.5, 56.5)
2023-09-18 13:14:59.435 | 04:29   69ms  340M  298G  41/ 52U [Expand] Expanding to (122.5, 56.5)
2023-09-18 13:14:59.592 | 04:30   76ms  355M  298G  41/ 52U [Expand] Expanding to (122.5, 56.5)
2023-09-18 13:14:59.884 | 04:30   84ms  315M  310G  41/ 52U [ActUnit] DRONE from LARVA at (170.6, 64.8)
2023-09-18 13:14:59.893 | 04:30   84ms  315M  310G  41/ 52U [Expand] Expanding to (122.5, 56.5)
2023-09-18 13:15:00.046 | 04:31   72ms  315M  310G  42/ 52U [Expand] Expanding to (122.5, 56.5)
2023-09-18 13:15:00.176 | 04:31   84ms  270M  314G  42/ 52U [ActUnit] DRONE from LARVA at (148.5, 56.6)
2023-09-18 13:15:00.474 | 04:32   78ms  320M  322G  43/ 52U [Expand] Expanding to (122.5, 56.5)
2023-09-18 13:15:00.612 | 04:33   68ms   20M  326G  43/ 52U [GameAnalyzer] Known army advantage is now ClearDisadvantage
2023-09-18 13:15:00.613 | 04:33   68ms   20M  326G  43/ 52U [GameAnalyzer] Predicted army advantage is now ClearDisadvantage
2023-09-18 13:15:01.013 | 04:34   90ms  340M  334G  43/ 52U [Expand] Expanding to (122.5, 56.5)
2023-09-18 13:15:01.098 | 04:35   41ms  665M  338G  43/ 52U [Expand] Expanding to (122.5, 56.5)
2023-09-18 13:15:01.213 | 04:35   20ms  980M  346G  43/ 52U [Expand] Expanding to (122.5, 56.5)
2023-09-18 13:15:01.348 | 04:35   16ms  980M  346G  43/ 52U [Expand] Expanding to (122.5, 56.5)
2023-09-18 13:15:01.488 | 04:36   77ms  980M  350G  43/ 52U [Expand] Expanding to (122.5, 56.5)
2023-09-18 13:15:01.633 | 04:36   29ms  980M  358G  43/ 52U [Expand] Expanding to (122.5, 56.5)
2023-09-18 13:15:01.793 | 04:37   78ms  690M  362G  43/ 52U [Expand] Expanding to (122.5, 56.5)
2023-09-18 13:15:01.947 | 04:37   68ms  720M  366G  43/ 52U [Expand] Expanding to (122.5, 56.5)
2023-09-18 13:15:02.104 | 04:38   85ms 1025M  374G  43/ 52U [Expand] Expanding to (122.5, 56.5)
2023-09-18 13:15:02.203 | 04:38   69ms 1035M  378G  43/ 60U [Expand] Expanding to (122.5, 56.5)
2023-09-18 13:15:02.327 | 04:39   21ms 1040M  378G  43/ 60U [Expand] Expanding to (122.5, 56.5)
2023-09-18 13:15:02.417 | 04:39   17ms 1060M  390G  42/ 60U [Expand] Expanding to (122.5, 56.5)
2023-09-18 13:15:03.379 | 04:39   17ms  770M  390G  42/ 60U [Expand] Expanding to (122.5, 56.5)
2023-09-18 13:15:03.468 | 04:40   18ms  785M  394G  41/ 60U [Expand] Expanding to (122.5, 56.5)
2023-09-18 13:15:03.587 | 04:40   18ms 1095M  398G  41/ 60U [Expand] Expanding to (122.5, 56.5)
2023-09-18 13:15:03.672 | 04:41   17ms 1095M  410G  41/ 60U [Expand] Expanding to (122.5, 56.5)
2023-09-18 13:15:03.674 | 04:41   17ms  645M  410G  41/ 60U [ActUnit] QUEEN from HATCHERY at (170.5, 67.5)
2023-09-18 13:15:03.799 | 04:41   20ms  900M  410G  43/ 60U [ActUnit] DRONE from LARVA at (170.7, 64.6)
2023-09-18 13:15:03.802 | 04:41   20ms  900M  410G  43/ 60U [Expand] Expanding to (122.5, 56.5)
2023-09-18 13:15:03.890 | 04:42   18ms  920M  414G  44/ 60U [Expand] Expanding to (122.5, 56.5)
2023-09-18 13:15:04.009 | 04:42   18ms  580M  426G  44/ 60U [ActUnit] DRONE from LARVA at (148.5, 56.6)
2023-09-18 13:15:04.012 | 04:42   18ms  580M  426G  44/ 60U [Expand] Expanding to (122.5, 56.5)
2023-09-18 13:15:04.232 | 04:43   16ms  590M  430G  45/ 60U [Expand] Expanding to (122.5, 56.5)
2023-09-18 13:15:04.319 | 04:43   17ms  600M  438G  45/ 60U [Expand] Expanding to (122.5, 56.5)
2023-09-18 13:15:04.442 | 04:44   18ms  615M  442G  45/ 60U [Expand] Expanding to (122.5, 56.5)
2023-09-18 13:15:04.528 | 04:44   19ms  630M  442G  45/ 60U [Expand] Expanding to (122.5, 56.5)
2023-09-18 13:15:04.530 | 04:44   19ms  330M  442G  45/ 60U [Inject] injecting hatch (148.5, 59.5)
2023-09-18 13:15:04.656 | 04:45   19ms  340M  446G  45/ 60U [Expand] Expanding to (122.5, 56.5)
2023-09-18 13:15:04.870 | 04:46   16ms  350M  458G  45/ 60U [Expand] Expanding to (122.5, 56.5)
2023-09-18 13:15:04.959 | 04:46   18ms  355M  462G  45/ 60U [Expand] Expanding to (122.5, 56.5)
2023-09-18 13:15:05.085 | 04:47   18ms  380M  474G  45/ 60U [Expand] Expanding to (122.5, 56.5)
2023-09-18 13:15:05.295 | 04:47   16ms  390M  478G  45/ 60U [Expand] Expanding to (122.5, 56.5)
2023-09-18 13:15:05.389 | 04:48   16ms  390M  486G  45/ 60U [Expand] Expanding to (122.5, 56.5)
2023-09-18 13:15:05.516 | 04:48   19ms  400M  490G  45/ 60U [Expand] Expanding to (122.5, 56.5)
2023-09-18 13:15:05.728 | 04:49   17ms  435M  494G  45/ 60U [Expand] Expanding to (122.5, 56.5)
2023-09-18 13:15:05.824 | 04:50   16ms  450M  506G  45/ 60U [Expand] Expanding to (122.5, 56.5)
2023-09-18 13:15:05.943 | 04:50   20ms  755M  506G  45/ 60U [Expand] Expanding to (122.5, 56.5)
2023-09-18 13:15:06.034 | 04:51   17ms  755M  510G  45/ 60U [Expand] Expanding to (122.5, 56.5)
2023-09-18 13:15:06.156 | 04:51   20ms  765M  522G  45/ 60U [Expand] Expanding to (122.5, 56.5)
2023-09-18 13:15:06.241 | 04:51   17ms  790M  522G  45/ 60U [Expand] Expanding to (122.5, 56.5)
2023-09-18 13:15:06.370 | 04:52   18ms  450M  526G  45/ 60U [ActUnit] DRONE from LARVA at (170.3, 64.6)
2023-09-18 13:15:06.373 | 04:52   18ms  450M  526G  45/ 60U [Expand] Expanding to (122.5, 56.5)
2023-09-18 13:15:06.469 | 04:52   18ms  755M  538G  46/ 60U [Expand] Expanding to (122.5, 56.5)
2023-09-18 13:15:06.603 | 04:53   20ms 1005M  538G  46/ 60U [ActUnit] DRONE from LARVA at (148.5, 56.6)
2023-09-18 13:15:06.606 | 04:53   20ms 1005M  538G  46/ 60U [Expand] Expanding to (122.5, 56.5)
2023-09-18 13:15:06.606 | 04:53   20ms  555M  538G  46/ 60U [ActUnit] QUEEN from HATCHERY at (148.5, 59.5)
2023-09-18 13:15:06.695 | 04:53   18ms  855M  538G  49/ 60U [Expand] Expanding to (122.5, 56.5)
2023-09-18 13:15:06.825 | 04:54   20ms  870M  550G  49/ 60U [Expand] Expanding to (122.5, 56.5)
2023-09-18 13:15:06.922 | 04:54   17ms  885M  554G  49/ 60U [Expand] Expanding to (122.5, 56.5)
2023-09-18 13:15:07.055 | 04:55   20ms  600M  554G  49/ 60U [Expand] Expanding to (122.5, 56.5)
2023-09-18 13:15:07.210 | 04:55   17ms  615M  558G  49/ 60U [Expand] Expanding to (122.5, 56.5)
2023-09-18 13:15:07.309 | 04:55   75ms  925M  570G  49/ 60U [Expand] Expanding to (122.5, 56.5)
2023-09-18 13:15:07.408 | 04:56   17ms  930M  570G  49/ 60U [Expand] Expanding to (122.5, 56.5)
2023-09-18 13:15:07.564 | 04:56   19ms  950M  574G  49/ 60U [Expand] Expanding to (122.5, 56.5)
2023-09-18 13:15:07.680 | 04:57   17ms  960M  586G  49/ 60U [Expand] Expanding to (122.5, 56.5)
2023-09-18 13:15:07.824 | 04:57   20ms  670M  586G  49/ 60U [Expand] Expanding to (122.5, 56.5)
2023-09-18 13:15:07.929 | 04:58   17ms  675M  590G  48/ 60U [Expand] Expanding to (122.5, 56.5)
2023-09-18 13:15:08.076 | 04:58   19ms  975M  598G  48/ 60U [Expand] Expanding to (122.5, 56.5)
2023-09-18 13:15:08.180 | 04:59   19ms  985M  602G  48/ 60U [Expand] Expanding to (122.5, 56.5)
2023-09-18 13:15:08.330 | 04:59   20ms 1000M  602G  48/ 60U [Expand] Expanding to (122.5, 56.5)
2023-09-18 13:15:08.434 | 05:00   17ms  720M  606G  48/ 60U [Expand] Expanding to (122.5, 56.5)
2023-09-18 13:15:08.580 | 05:00   18ms 1025M  618G  48/ 60U [Expand] Expanding to (122.5, 56.5)
2023-09-18 13:15:08.690 | 05:00   17ms 1045M  618G  48/ 60U [Expand] Expanding to (122.5, 56.5)
2023-09-18 13:15:08.832 | 05:01   21ms 1050M  622G  48/ 60U [Expand] Expanding to (122.5, 56.5)
2023-09-18 13:15:08.944 | 05:01   16ms  770M  634G  48/ 60U [Expand] Expanding to (122.5, 56.5)
2023-09-18 13:15:09.078 | 05:02   19ms  475M  634G  48/ 60U [Expand] Expanding to (122.5, 56.5)
2023-09-18 13:15:09.327 | 05:03   17ms  140M  646G  46/ 60U [ActUnit] DRONE from LARVA at (170.5, 64.4)
2023-09-18 13:15:09.571 | 05:04   17ms  115M  650G  47/ 60U [ActUnit] DRONE from LARVA at (148.5, 56.6)
2023-09-18 13:15:11.024 | 05:09   18ms  540M  706G  46/ 60U [Expand] Expanding to (122.5, 56.5)
2023-09-18 13:15:11.121 | 05:09   17ms  850M  710G  45/ 60U [Expand] Expanding to (122.5, 56.5)
2023-09-18 13:15:11.254 | 05:10   19ms  855M  714G  45/ 60U [Expand] Expanding to (122.5, 56.5)
2023-09-18 13:15:11.345 | 05:10   16ms  860M  722G  45/ 60U [Expand] Expanding to (122.5, 56.5)
2023-09-18 13:15:11.493 | 05:11   20ms 1185M  722G  44/ 60U [Expand] Expanding to (122.5, 56.5)
2023-09-18 13:15:11.598 | 05:11   18ms 1205M  726G  44/ 60U [Expand] Expanding to (122.5, 56.5)
2023-09-18 13:15:11.729 | 05:12   20ms 1210M  730G  44/ 60U [Expand] Expanding to (122.5, 56.5)
2023-09-18 13:15:11.825 | 05:12   17ms 1215M  730G  44/ 60U [Expand] Expanding to (122.5, 56.5)
2023-09-18 13:15:11.957 | 05:12   19ms  925M  734G  44/ 60U [Expand] Expanding to (122.5, 56.5)
2023-09-18 13:15:12.051 | 05:13   16ms  635M  742G  44/ 60U [Expand] Expanding to (122.5, 56.5)
2023-09-18 13:15:12.188 | 05:13   19ms  295M  742G  43/ 60U [ActUnit] DRONE from LARVA at (170.7, 64.5)
2023-09-18 13:15:12.288 | 05:14   16ms  315M  742G  44/ 60U [Expand] Expanding to (122.5, 56.5)
2023-09-18 13:15:12.668 | 05:15   17ms  280M  754G  43/ 60U [ActUnit] DRONE from LARVA at (149.6, 56.8)
2023-09-18 13:15:12.774 | 05:16   18ms  245M  758G  43/ 60U [ActUnit] DRONE from LARVA at (147.6, 56.9)
2023-09-18 13:15:13.112 | 05:16   18ms  215M  762G  43/ 60U [ActUnit] DRONE from LARVA at (147.6, 56.9)
2023-09-18 13:15:13.361 | 05:17   17ms  225M  770G  43/ 60U [Inject] injecting hatch (148.5, 59.5)
2023-09-18 13:15:14.171 | 05:20   15ms  585M  790G  43/ 60U [Expand] Expanding to (122.5, 56.5)
2023-09-18 13:15:14.309 | 05:20   20ms  595M  794G  43/ 60U [Expand] Expanding to (122.5, 56.5)
2023-09-18 13:15:14.411 | 05:21   17ms  765M  794G  41/ 54U [GameAnalyzer] Income advantage is now SmallAdvantage
2023-09-18 13:15:14.414 | 05:21   17ms  615M  794G  41/ 54U [ActUnit] QUEEN from HATCHERY at (170.5, 67.5)
2023-09-18 13:15:14.415 | 05:21   17ms  615M  794G  41/ 54U [Tech] Started ZERGMELEEWEAPONSLEVEL2
2023-09-18 13:15:14.416 | 05:21   17ms  615M  794G  41/ 54U [Inject] injecting hatch (170.5, 67.5)
2023-09-18 13:15:15.067 | 05:23   18ms 1095M  660G  43/ 54U [Tech] Started ZERGGROUNDARMORSLEVEL2
2023-09-18 13:15:15.170 | 05:24   17ms  875M  435G  43/ 54U [ActBuilding] 1. INFESTATIONPIT near (162.7, 72.0)
2023-09-18 13:15:15.330 | 05:24   26ms  730M  335G  43/ 54U [ActUnit] DRONE from LARVA at (170.7, 64.7)
2023-09-18 13:15:15.951 | 05:26   16ms  765M  351G  44/ 54U [GameAnalyzer] Known army advantage is now OverwhelmingDisadvantage
2023-09-18 13:15:15.952 | 05:26   16ms  765M  351G  44/ 54U [GameAnalyzer] Predicted army advantage is now OverwhelmingDisadvantage
2023-09-18 13:15:18.243 | 05:35   23ms  860M  411G  39/ 54U [ActUnit] DRONE from LARVA at (170.7, 64.6)
2023-09-18 13:15:21.845 | 05:45   17ms 1000M  471G  35/ 54U [ActUnit] DRONE from LARVA at (170.3, 64.5)
2023-09-18 13:15:23.476 | 05:52   15ms 1115M  507G  35/ 54U [Inject] injecting hatch (170.5, 67.5)
2023-09-18 13:15:23.815 | 05:54   17ms 1100M  511G  35/ 54U [ActUnit] DRONE from LARVA at (170.5, 64.6)
2023-09-18 13:15:23.911 | 05:54   16ms 1055M  515G  36/ 54U [ActUnit] DRONE from LARVA at (171.7, 64.6)
2023-09-18 13:15:24.042 | 05:54   19ms 1005M  519G  37/ 54U [ActUnit] DRONE from LARVA at (169.9, 64.9)
2023-09-18 13:15:24.600 | 05:57   15ms 1045M  531G  38/ 54U [Expand] Expanding to (148.5, 59.5)
2023-09-18 13:15:24.735 | 05:57   20ms  705M  535G  38/ 54U [ActUnit] DRONE from LARVA at (170.3, 64.7)
2023-09-18 13:15:24.738 | 05:57   20ms  555M  535G  38/ 54U [ActUnit] QUEEN from HATCHERY at (170.5, 67.5)
2023-09-18 13:15:25.875 | 06:02   16ms 1170M  784G  40/ 54U [ActBuilding] 2. EVOLUTIONCHAMBER near (163.3, 62.1)
2023-09-18 13:15:25.970 | 06:02   17ms 1100M  784G  40/ 54U [Expand] Expanding to (148.5, 59.5)
2023-09-18 13:15:26.115 | 06:02   18ms  805M  784G  40/ 54U [Expand] Expanding to (148.5, 59.5)
2023-09-18 13:15:27.191 | 06:06   16ms  880M  808G  38/ 54U [Expand] Expanding to (148.5, 59.5)
2023-09-18 13:15:27.330 | 06:07   20ms  585M  808G  38/ 54U [Expand] Expanding to (148.5, 59.5)
2023-09-18 13:15:27.577 | 06:08   18ms  550M  816G  37/ 54U [ActUnit] DRONE from LARVA at (170.7, 64.6)
2023-09-18 13:15:27.580 | 06:08   18ms  550M  816G  37/ 54U [Expand] Expanding to (148.5, 59.5)
2023-09-18 13:15:28.076 | 06:10   17ms  580M  824G  37/ 54U [Expand] Expanding to (148.5, 59.5)
2023-09-18 13:15:28.633 | 06:12   15ms  320M  840G  37/ 54U [Expand] Expanding to (148.5, 59.5)
2023-09-18 13:15:30.100 | 06:17   17ms  250M 1014G  36/ 54U [GameAnalyzer] Income advantage is now ClearAdvantage
2023-09-18 13:15:30.361 | 06:18   17ms  860M 1018G  36/ 54U [Expand] Expanding to (122.5, 56.5)
2023-09-18 13:15:30.362 | 06:18   17ms  560M 1018G  36/ 54U [ActBuilding] 2. EVOLUTIONCHAMBER near (172.4, 76.3)
2023-09-18 13:15:30.473 | 06:18   20ms  500M 1022G  36/ 54U [Expand] Expanding to (122.5, 56.5)
2023-09-18 13:15:30.628 | 06:19   20ms  155M 1022G  36/ 54U [ActUnit] DRONE from LARVA at (170.3, 64.7)
2023-09-18 13:15:31.108 | 06:20   16ms  485M 1034G  37/ 54U [Expand] Expanding to (122.5, 56.5)
2023-09-18 13:15:31.651 | 06:22   20ms  155M 1046G  35/ 54U [ActUnit] DRONE from LARVA at (170.5, 64.6)
2023-09-18 13:15:31.775 | 06:23   19ms  110M 1046G  35/ 54U [ActUnit] DRONE from LARVA at (171.4, 64.9)
2023-09-18 13:15:31.927 | 06:23   19ms   60M 1046G  36/ 54U [ActUnit] DRONE from LARVA at (171.3, 64.9)
2023-09-18 13:15:32.421 | 06:25   17ms  385M 1058G  37/ 54U [Expand] Expanding to (122.5, 56.5)
2023-09-18 13:15:32.531 | 06:25   17ms  390M 1062G  37/ 54U [Expand] Expanding to (122.5, 56.5)
2023-09-18 13:15:32.693 | 06:26   18ms  990M 1062G  35/ 54U [Expand] Expanding to (122.5, 56.5)
2023-09-18 13:15:32.797 | 06:26   17ms  710M 1066G  35/ 54U [Expand] Expanding to (122.5, 56.5)
2023-09-18 13:15:32.928 | 06:27   17ms  415M 1070G  35/ 54U [GameAnalyzer] Income advantage is now SmallAdvantage
2023-09-18 13:15:32.931 | 06:27   17ms  415M 1070G  35/ 54U [Expand] Expanding to (122.5, 56.5)
2023-09-18 13:15:33.737 | 06:30   16ms   90M 1086G  35/ 54U [ActUnit] DRONE from LARVA at (170.5, 64.6)
2023-09-18 13:15:34.447 | 06:32   14ms  140M 1094G  33/ 54U [PlanCancelBuilding] Cancelled HATCHERY at (148.5, 59.5) with 59.61767578125 health
2023-09-18 13:15:34.587 | 06:33   18ms  370M 1098G  34/ 54U [GameAnalyzer] Income advantage is now SlightAdvantage
2023-09-18 13:15:34.689 | 06:33   17ms  370M 1102G  34/ 54U [Inject] injecting hatch (170.5, 67.5)
2023-09-18 13:15:34.825 | 06:34   17ms  520M 1102G  32/ 54U [ActUnit] QUEEN from HATCHERY at (170.5, 67.5)
2023-09-18 13:15:37.350 | 06:40   15ms 1150M 1134G  28/ 54U [ActUnit] DRONE from LARVA at (170.5, 64.6)
2023-09-18 13:15:38.695 | 06:46   14ms 1235M 1166G  29/ 54U [Expand] Expanding to (148.5, 59.5)
2023-09-18 13:15:38.837 | 06:46   18ms  940M 1166G  29/ 54U [Expand] Expanding to (148.5, 59.5)
2023-09-18 13:15:38.935 | 06:47   16ms  655M 1170G  29/ 54U [Expand] Expanding to (148.5, 59.5)
2023-09-18 13:15:39.069 | 06:47   18ms  355M 1170G  29/ 54U [Expand] Expanding to (148.5, 59.5)
2023-09-18 13:15:39.544 | 06:49   16ms  375M 1182G  28/ 54U [Expand] Expanding to (148.5, 59.5)
2023-09-18 13:15:39.644 | 06:49   15ms  390M 1182G  27/ 54U [Expand] Expanding to (148.5, 59.5)
2023-09-18 13:15:39.788 | 06:50   17ms  700M 1186G  25/ 54U [GameAnalyzer] Income advantage is now Even
2023-09-18 13:15:39.791 | 06:50   17ms  700M 1186G  25/ 54U [Expand] Expanding to (148.5, 59.5)
2023-09-18 13:15:39.891 | 06:50   17ms  400M 1190G  25/ 54U [Expand] Expanding to (148.5, 59.5)
2023-09-18 13:15:40.151 | 06:51   14ms   50M 1194G  25/ 54U [ActUnit] DRONE from LARVA at (170.5, 64.6)
2023-09-18 13:15:42.396 | 06:59   14ms  135M 1234G  25/ 54U [GameAnalyzer] Income advantage is now SmallAdvantage
2023-09-18 13:15:42.656 | 07:00   14ms  755M 1234G  25/ 54U [Expand] Expanding to (122.5, 56.5)
2023-09-18 13:15:42.797 | 07:00   18ms  760M 1242G  25/ 54U [Expand] Expanding to (122.5, 56.5)
2023-09-18 13:15:42.799 | 07:00   18ms  460M 1242G  25/ 54U [PlanCancelBuilding] Cancelled HATCHERY at (148.5, 59.5) with 129.06982421875 health
2023-09-18 13:15:42.900 | 07:01   16ms  685M 1242G  26/ 54U [GameAnalyzer] Income advantage is now Even
2023-09-18 13:15:43.040 | 07:01   16ms  690M 1242G  26/ 54U [GameAnalyzer] Income advantage is now SlightAdvantage
2023-09-18 13:15:43.144 | 07:02   15ms  645M 1242G  26/ 54U [ActUnit] DRONE from LARVA at (170.5, 64.6)
2023-09-18 13:15:43.547 | 07:03   16ms  655M 1250G  25/ 54U [Expand] Expanding to (148.5, 59.5)
2023-09-18 13:15:43.660 | 07:04   18ms  315M 1254G  25/ 54U [ActUnit] DRONE from LARVA at (171.4, 64.8)
2023-09-18 13:15:43.663 | 07:04   18ms  315M 1254G  25/ 54U [Expand] Expanding to (148.5, 59.5)
2023-09-18 13:15:43.839 | 07:04   20ms   15M 1254G  26/ 54U [GameAnalyzer] Income advantage is now Even
2023-09-18 13:15:44.108 | 07:05   16ms  270M 1262G  24/ 54U [ActUnit] DRONE from LARVA at (170.1, 64.3)
2023-09-18 13:15:44.427 | 07:05   15ms  230M 1262G  25/ 54U [ActUnit] DRONE from LARVA at (171.0, 64.8)
2023-09-18 13:15:44.568 | 07:06   17ms  235M 1262G  25/ 54U [GameAnalyzer] Income advantage is now SmallAdvantage
2023-09-18 13:15:44.681 | 07:06   15ms  545M 1266G  25/ 54U [Expand] Expanding to (122.5, 56.5)
2023-09-18 13:15:44.682 | 07:06   15ms  245M 1266G  25/ 54U [ActBuilding] 1. SPAWNINGPOOL near (162.3, 63.8)
2023-09-18 13:15:44.841 | 07:07   23ms  350M 1270G  25/ 54U [Expand] Expanding to (122.5, 56.5)
2023-09-18 13:15:44.944 | 07:07   16ms  650M 1270G  25/ 54U [Expand] Expanding to (122.5, 56.5)
2023-09-18 13:15:45.113 | 07:08   17ms  650M 1270G  25/ 54U [Expand] Expanding to (122.5, 56.5)
2023-09-18 13:15:45.218 | 07:08   15ms  650M 1278G  25/ 54U [Expand] Expanding to (122.5, 56.5)
2023-09-18 13:15:45.370 | 07:09   16ms  670M 1278G  24/ 54U [Expand] Expanding to (122.5, 56.5)
2023-09-18 13:15:45.474 | 07:09   14ms  375M 1278G  24/ 54U [Expand] Expanding to (122.5, 56.5)
2023-09-18 13:15:45.622 | 07:09   16ms   75M 1282G  24/ 54U [PlanCancelBuilding] Cancelled SPAWNINGPOOL at (164.5, 65.5) with 7.921875 health
2023-09-18 13:15:45.727 | 07:10   14ms  230M 1282G  25/ 54U [Inject] injecting hatch (170.5, 67.5)
2023-09-18 13:15:46.638 | 07:13   16ms  560M 1290G  24/ 54U [Expand] Expanding to (122.5, 56.5)
2023-09-18 13:15:46.639 | 07:13   16ms  260M 1290G  24/ 54U [ActBuilding] 1. SPAWNINGPOOL near (163.7, 61.6)
2023-09-18 13:15:46.743 | 07:13   20ms  365M 1294G  24/ 54U [Expand] Expanding to (122.5, 56.5)
2023-09-18 13:15:46.890 | 07:14   17ms   30M 1294G  24/ 54U [ActUnit] DRONE from LARVA at (170.4, 64.6)
2023-09-18 13:15:47.236 | 07:15   16ms  340M 1294G  25/ 54U [Expand] Expanding to (122.5, 56.5)
2023-09-18 13:15:47.380 | 07:16   18ms  345M 1294G  24/ 54U [Expand] Expanding to (122.5, 56.5)
2023-09-18 13:15:47.381 | 07:16   18ms   45M 1294G  24/ 54U [PlanCancelBuilding] Cancelled HATCHERY at (148.5, 59.5) with 60.64892578125 health
2023-09-18 13:15:47.481 | 07:16   16ms  580M 1294G  25/ 54U [GameAnalyzer] Income advantage is now Even
2023-09-18 13:15:47.867 | 07:17   16ms  890M 1306G  24/ 54U [GameAnalyzer] Income advantage is now SlightAdvantage
2023-09-18 13:15:49.829 | 07:25   15ms  930M 1322G  22/ 54U [ActUnit] DRONE from LARVA at (170.4, 64.6)
2023-09-18 13:15:53.665 | 07:35   15ms 1035M 1366G  23/ 54U [ActUnit] DRONE from LARVA at (170.4, 64.6)
2023-09-18 13:15:54.986 | 07:40   13ms 1060M 1386G  24/ 54U [ActUnit] DRONE from LARVA at (169.6, 64.8)
2023-09-18 13:15:55.135 | 07:41   16ms 1010M 1390G  25/ 54U [ActUnit] DRONE from LARVA at (169.3, 65.0)
2023-09-18 13:15:55.236 | 07:41   14ms  975M 1390G  26/ 54U [ActUnit] DRONE from LARVA at (169.3, 65.1)
2023-09-18 13:15:55.373 | 07:42   16ms  975M 1390G  27/ 54U [Inject] injecting hatch (170.5, 67.5)
2023-09-18 13:15:57.016 | 07:47   16ms 1010M 1418G  27/ 54U [ActUnit] DRONE from LARVA at (170.7, 64.6)
2023-09-18 13:15:57.579 | 07:49   16ms 1040M 1426G  28/ 54U [Expand] Expanding to (148.5, 59.5)
2023-09-18 13:15:57.756 | 07:50   18ms  745M 1426G  28/ 54U [Expand] Expanding to (148.5, 59.5)
2023-09-18 13:15:57.883 | 07:50   18ms  455M 1430G  28/ 54U [Expand] Expanding to (148.5, 59.5)
2023-09-18 13:15:59.064 | 07:54   15ms  505M 1446G  25/ 54U [Expand] Expanding to (148.5, 59.5)
2023-09-18 13:15:59.231 | 07:54   18ms  805M 1446G  23/ 54U [Expand] Expanding to (148.5, 59.5)
2023-09-18 13:15:59.354 | 07:55   17ms  505M 1454G  23/ 54U [Expand] Expanding to (148.5, 59.5)
2023-09-18 13:15:59.827 | 07:56   17ms  530M 1458G  22/ 54U [Expand] Expanding to (148.5, 59.5)
2023-09-18 13:15:59.945 | 07:56   16ms  235M 1458G  22/ 54U [GameAnalyzer] Income advantage is now Even
2023-09-18 13:16:00.246 | 07:57   14ms  555M 1462G  21/ 54U [Expand] Expanding to (148.5, 59.5)
2023-09-18 13:16:00.527 | 07:58   15ms  205M 1466G  21/ 54U [ActUnit] DRONE from LARVA at (170.7, 64.6)
2023-09-18 13:16:00.709 | 07:59   17ms  810M 1470G  20/ 54U [Expand] Expanding to (148.5, 59.5)
2023-09-18 13:16:00.710 | 07:59   17ms  510M 1470G  20/ 54U [ActBuilding] 2. EVOLUTIONCHAMBER near (163.7, 61.6)
2023-09-18 13:16:00.843 | 07:59   22ms  735M 1474G  20/ 54U [Expand] Expanding to (148.5, 59.5)
2023-09-18 13:16:01.023 | 07:59   17ms  450M 1474G  20/ 54U [Expand] Expanding to (148.5, 59.5)
2023-09-18 13:16:02.114 | 08:02   16ms 1080M 1486G  16/ 54U [Expand] Expanding to (148.5, 59.5)
2023-09-18 13:16:02.115 | 08:02   16ms  630M 1486G  16/ 54U [ActUnit] QUEEN from HATCHERY at (170.5, 67.5)
2023-09-18 13:16:02.242 | 08:03   16ms  635M 1486G  18/ 54U [Expand] Expanding to (148.5, 59.5)
2023-09-18 13:16:02.426 | 08:03   21ms  335M 1486G  18/ 54U [Expand] Expanding to (148.5, 59.5)
2023-09-18 13:16:03.014 | 08:05   15ms  355M 1494G  17/ 54U [Expand] Expanding to (148.5, 59.5)
2023-09-18 13:16:04.285 | 08:09   14ms  930M 1502G  14/ 54U [ActUnit] DRONE from LARVA at (170.3, 64.5)
2023-09-18 13:16:05.278 | 08:12   17ms  910M 1506G  15/ 54U [ActUnit] DRONE from LARVA at (171.5, 64.7)
2023-09-18 13:16:05.280 | 08:12   17ms  910M 1506G  15/ 54U [ActBuilding] 2. EVOLUTIONCHAMBER near (161.9, 64.9)
2023-09-18 13:16:05.400 | 08:12   18ms  785M 1506G  16/ 54U [ActUnit] DRONE from LARVA at (169.8, 64.7)
2023-09-18 13:16:05.576 | 08:13   19ms  745M 1506G  17/ 54U [ActUnit] DRONE from LARVA at (169.8, 64.7)
2023-09-18 13:16:05.999 | 08:14   15ms  840M 1510G  17/ 54U [ActBuilding] 2. EVOLUTIONCHAMBER near (167.2, 75.9)
2023-09-18 13:16:07.953 | 08:20   14ms  760M 1514G  16/ 54U [ActUnit] DRONE from LARVA at (170.5, 64.6)
2023-09-18 13:16:08.120 | 08:21   16ms  760M 1514G  17/ 54U [ActBuilding] 2. EVOLUTIONCHAMBER near (174.6, 75.5)
2023-09-18 13:16:08.405 | 08:22   16ms  705M 1518G  17/ 54U [Expand] Expanding to (148.5, 59.5)
2023-09-18 13:16:08.526 | 08:22   16ms  405M 1518G  17/ 54U [Expand] Expanding to (148.5, 59.5)
2023-09-18 13:16:08.711 | 08:23   18ms  105M 1518G  17/ 54U [GameAnalyzer] Income advantage is now SlightDisadvantage
2023-09-18 13:16:09.309 | 08:24   17ms  115M 1518G  16/ 54U [GameAnalyzer] Income advantage is now Even
2023-09-18 13:16:09.721 | 08:26   17ms  420M 1522G  15/ 54U [Expand] Expanding to (148.5, 59.5)
2023-09-18 13:16:09.876 | 08:26   18ms  425M 1522G  14/ 54U [Expand] Expanding to (148.5, 59.5)
2023-09-18 13:16:10.277 | 08:28   15ms  440M 1522G  13/ 54U [Expand] Expanding to (148.5, 59.5)
2023-09-18 13:16:10.435 | 08:28   16ms  140M 1522G  13/ 54U [GameAnalyzer] Income advantage is now SlightDisadvantage
2023-09-18 13:16:10.724 | 08:29   16ms  450M 1522G  12/ 54U [Expand] Expanding to (148.5, 59.5)
2023-09-18 13:16:10.845 | 08:29   14ms  450M 1522G  11/ 54U [Expand] Expanding to (148.5, 59.5)
2023-09-18 13:16:11.405 | 08:31   13ms  110M 1526G  11/ 54U [ActUnit] DRONE from LARVA at (170.5, 64.6)
2023-09-18 13:16:12.424 | 08:32   17ms  415M 1526G  11/ 54U [Expand] Expanding to (148.5, 59.5)
2023-09-18 13:16:12.973 | 08:33   16ms  415M 1526G  10/ 54U [Expand] Expanding to (148.5, 59.5)
2023-09-18 13:16:13.112 | 08:34   16ms  420M 1526G   9/ 54U [Expand] Expanding to (148.5, 59.5)
2023-09-18 13:16:13.581 | 08:35   16ms  425M 1526G   8/ 54U [Expand] Expanding to (148.5, 59.5)
2023-09-18 13:16:14.161 | 08:37   15ms  440M 1526G   7/ 54U [Expand] Expanding to (148.5, 59.5)
2023-09-18 13:16:14.276 | 08:37   15ms  140M 1526G   7/ 54U [GameAnalyzer] Income advantage is now SmallDisadvantage
2023-09-18 13:16:14.586 | 08:38   14ms  140M 1526G   7/ 54U [Inject] injecting hatch (170.5, 67.5)
2023-09-18 13:16:14.752 | 08:39   18ms  440M 1526G   6/ 54U [Expand] Expanding to (148.5, 59.5)
2023-09-18 13:16:15.129 | 08:40   14ms  140M 1526G   6/ 48U [GameAnalyzer] Income advantage is now ClearDisadvantage
2023-09-18 13:16:21.239 | 08:58   14ms  740M 1526G   2/ 48U [ActBuilding] 2. EVOLUTIONCHAMBER near (162.6, 71.8)
2023-09-18 13:16:21.382 | 08:59   19ms  740M 1526G   2/ 48U [ActBuilding] 2. EVOLUTIONCHAMBER near (168.5, 76.3)
2023-09-18 13:16:21.596 | 08:59   27ms  740M 1526G   2/ 48U [ActBuilding] 2. EVOLUTIONCHAMBER near (161.6, 65.9)
2023-09-18 13:16:21.727 | 09:00   18ms  740M 1526G   2/ 48U [ActBuilding] 2. EVOLUTIONCHAMBER near (174.4, 75.6)
2023-09-18 13:16:21.893 | 09:00   27ms  740M 1526G   2/ 48U [ActBuilding] 2. EVOLUTIONCHAMBER near (161.5, 67.7)
2023-09-18 13:16:22.020 | 09:01   19ms  740M 1526G   2/ 48U [ActBuilding] 2. EVOLUTIONCHAMBER near (164.3, 61.0)
2023-09-18 13:16:22.194 | 09:01   26ms  740M 1526G   2/ 48U [ActBuilding] 2. EVOLUTIONCHAMBER near (168.1, 76.2)
2023-09-18 13:16:22.327 | 09:01   24ms  740M 1526G   2/ 48U [ActBuilding] 2. EVOLUTIONCHAMBER near (165.4, 74.9)
2023-09-18 13:16:22.511 | 09:02   30ms  740M 1526G   2/ 48U [ActBuilding] 2. EVOLUTIONCHAMBER near (175.2, 75.2)
2023-09-18 13:16:23.571 | 09:05   13ms  740M 1526G   2/ 48U [ActBuilding] 1. SPAWNINGPOOL near (171.3, 76.5)
2023-09-18 13:16:23.747 | 09:05   24ms  740M 1526G   2/ 48U [ActBuilding] 1. SPAWNINGPOOL near (162.3, 71.3)
2023-09-18 13:16:23.875 | 09:06   22ms  740M 1526G   2/ 48U [ActBuilding] 1. SPAWNINGPOOL near (162.2, 64.1)
2023-09-18 13:16:24.058 | 09:06   21ms  740M 1526G   2/ 48U [ActBuilding] 1. SPAWNINGPOOL near (161.6, 68.9)
2023-09-18 13:16:24.195 | 09:07   22ms  740M 1526G   2/ 48U [ActBuilding] 1. SPAWNINGPOOL near (167.0, 75.8)
2023-09-18 13:16:24.387 | 09:07   26ms  740M 1526G   2/ 48U [ActBuilding] 1. SPAWNINGPOOL near (164.5, 60.8)
2023-09-18 13:16:24.510 | 09:08   19ms  740M 1526G   2/ 48U [ActBuilding] 1. SPAWNINGPOOL near (174.0, 75.8)
2023-09-18 13:16:24.675 | 09:08   25ms  740M 1526G   2/ 48U [ActBuilding] 1. SPAWNINGPOOL near (166.1, 75.3)
2023-09-18 13:16:24.787 | 09:09   22ms  740M 1526G   2/ 48U [ActBuilding] 1. SPAWNINGPOOL near (164.8, 60.6)
2023-09-18 13:16:24.973 | 09:09   21ms  740M 1526G   2/ 48U [ActBuilding] 1. SPAWNINGPOOL near (169.4, 76.4)
2023-09-18 13:16:25.100 | 09:10   22ms  740M 1526G   2/ 48U [ActBuilding] 1. SPAWNINGPOOL near (161.5, 68.1)
2023-09-18 13:16:25.270 | 09:10   24ms  740M 1526G   2/ 48U [ActBuilding] 1. SPAWNINGPOOL near (163.4, 73.1)
2023-09-18 13:16:25.405 | 09:10   25ms  740M 1526G   2/ 48U [ActBuilding] 1. SPAWNINGPOOL near (170.1, 76.5)
2023-09-18 13:16:25.578 | 09:11   31ms  740M 1526G   2/ 48U [ActBuilding] 1. SPAWNINGPOOL near (161.5, 67.3)
2023-09-18 13:16:25.715 | 09:11   26ms  740M 1526G   2/ 48U [ActBuilding] 1. SPAWNINGPOOL near (162.6, 71.8)
2023-09-18 13:16:26.095 | 09:12   29ms  740M 1526G   2/ 48U [ActBuilding] 1. SPAWNINGPOOL near (161.8, 65.3)
2023-09-18 13:16:26.231 | 09:12   27ms  740M 1526G   2/ 48U [ActBuilding] 1. SPAWNINGPOOL near (162.1, 70.7)
2023-09-18 13:16:26.415 | 09:13   34ms  740M 1526G   2/ 48U [ActBuilding] 1. SPAWNINGPOOL near (162.4, 71.4)
2023-09-18 13:16:26.578 | 09:13   52ms  740M 1526G   2/ 48U [ActBuilding] 1. SPAWNINGPOOL near (163.6, 61.7)
2023-09-18 13:16:26.757 | 09:14   36ms  740M 1526G   2/ 48U [ActBuilding] 1. SPAWNINGPOOL near (161.8, 65.3)
2023-09-18 13:16:26.886 | 09:14   24ms  740M 1526G   2/ 48U [ActBuilding] 1. SPAWNINGPOOL near (171.8, 76.4)
2023-09-18 13:16:27.050 | 09:14   63ms  740M 1526G   2/ 48U [ActBuilding] 1. SPAWNINGPOOL near (162.6, 71.8)
2023-09-18 13:16:27.202 | 09:15   46ms  740M 1526G   2/ 48U [ActBuilding] 1. SPAWNINGPOOL near (165.9, 75.3)
2023-09-18 13:16:27.370 | 09:15   21ms  740M 1526G   2/ 48U [ActBuilding] 1. SPAWNINGPOOL near (171.9, 76.4)
2023-09-18 13:16:27.521 | 09:16   47ms  740M 1526G   2/ 48U [ActBuilding] 1. SPAWNINGPOOL near (163.9, 61.4)
2023-09-18 13:16:27.717 | 09:16   34ms  740M 1526G   2/ 48U [ActBuilding] 1. SPAWNINGPOOL near (163.2, 72.8)
2023-09-18 13:16:27.843 | 09:17   22ms  740M 1526G   2/ 48U [ActBuilding] 1. SPAWNINGPOOL near (174.4, 75.6)
2023-09-18 13:16:28.021 | 09:17   66ms  740M 1526G   2/ 48U [ActBuilding] 1. SPAWNINGPOOL near (170.8, 76.5)
2023-09-18 13:16:28.157 | 09:18   31ms  740M 1526G   2/ 48U [ActBuilding] 1. SPAWNINGPOOL near (174.8, 75.4)
2023-09-18 13:16:28.346 | 09:18   57ms  740M 1526G   2/ 48U [ActBuilding] 1. SPAWNINGPOOL near (174.2, 75.7)
2023-09-18 13:16:28.477 | 09:18   21ms  740M 1526G   2/ 48U [ActBuilding] 1. SPAWNINGPOOL near (169.0, 76.4)
2023-09-18 13:16:28.659 | 09:19   24ms  740M 1526G   2/ 48U [ActBuilding] 1. SPAWNINGPOOL near (175.8, 74.7)
2023-09-18 13:16:28.780 | 09:19   21ms  740M 1526G   2/ 48U [ActBuilding] 1. SPAWNINGPOOL near (169.3, 76.4)
2023-09-18 13:16:28.948 | 09:20   24ms  740M 1526G   2/ 48U [ActBuilding] 1. SPAWNINGPOOL near (170.6, 76.5)
2023-09-18 13:16:29.089 | 09:20   46ms  740M 1526G   2/ 48U [ActBuilding] 1. SPAWNINGPOOL near (161.5, 68.2)
2023-09-18 13:16:29.275 | 09:21   27ms  740M 1526G   2/ 48U [ActBuilding] 1. SPAWNINGPOOL near (162.2, 64.1)
2023-09-18 13:16:29.428 | 09:21   49ms  740M 1526G   2/ 48U [ActBuilding] 1. SPAWNINGPOOL near (161.5, 67.1)
2023-09-18 13:16:29.608 | 09:22   33ms  740M 1526G   2/ 48U [ActBuilding] 1. SPAWNINGPOOL near (162.2, 71.1)
2023-09-18 13:16:29.738 | 09:22   21ms  740M 1526G   2/ 48U [ActBuilding] 1. SPAWNINGPOOL near (174.3, 75.7)
2023-09-18 13:16:29.932 | 09:22   30ms  740M 1526G   2/ 48U [ActBuilding] 1. SPAWNINGPOOL near (161.5, 66.8)
2023-09-18 13:16:30.366 | INFO     | sc2.protocol:_execute:72 - Client status changed to Status.ended (was Status.in_game)
2023-09-18 13:16:30.370 | Result: Defeat
2023-09-18 13:16:30.372 | Duration: 09:22
2023-09-18 13:16:30.372 | Step time min: 6
2023-09-18 13:16:30.373 | Step time avg: 19
2023-09-18 13:16:30.373 | Step time max: 103
2023-09-18 13:16:30.374 | [LostUnitsContents] My lost units minerals and gas: (7525.0, 200.0)
2023-09-18 13:16:30.375 | [LostUnitsContents] My lost units minerals by score: 6175.0
2023-09-18 13:16:30.376 | [LostUnitsContents] Enemy lost units minerals and gas: (300, 0)
2023-09-18 13:16:30.376 | [LostUnitsContents] Enemy lost units minerals by score: 300.0
2023-09-18 13:16:30.377 | [GameAnalyzerEnd] Own units:
2023-09-18 13:16:30.378 | [GameAnalyzerEnd] DRONE             total:  77 alive:   2 dead:  75 
2023-09-18 13:16:30.378 | [GameAnalyzerEnd] EVOLUTIONCHAMBER  total:   7 alive:   1 dead:   6 
2023-09-18 13:16:30.379 | [GameAnalyzerEnd] OVERLORD          total:   6 alive:   6 dead:   0 
2023-09-18 13:16:30.379 | [GameAnalyzerEnd] QUEEN             total:   6 alive:   0 dead:   6 
2023-09-18 13:16:30.380 | [GameAnalyzerEnd] HATCHERY          total:   4 alive:   0 dead:   4 
2023-09-18 13:16:30.381 | [GameAnalyzerEnd] EXTRACTOR         total:   4 alive:   0 dead:   4 
2023-09-18 13:16:30.381 | [GameAnalyzerEnd] SPAWNINGPOOL      total:   3 alive:   0 dead:   3 
2023-09-18 13:16:30.382 | [GameAnalyzerEnd] INFESTATIONPIT    total:   1 alive:   0 dead:   1 
2023-09-18 13:16:30.382 | [GameAnalyzerEnd] LAIR              total:   1 alive:   0 dead:   1 
2023-09-18 13:16:30.383 | [GameAnalyzerEnd] Enemy units:
2023-09-18 13:16:30.383 | [GameAnalyzerEnd] MARINE            total:  82 alive:  76 dead:   6 
2023-09-18 13:16:30.384 | [GameAnalyzerEnd] MARAUDER          total:   9 alive:   9 dead:   0 
2023-09-18 13:16:30.385 | [GameAnalyzerEnd] MEDIVAC           total:   4 alive:   4 dead:   0 
2023-09-18 13:16:30.385 | [GameAnalyzerEnd] SCV               total:   1 alive:   1 dead:   0 
2023-09-18 13:16:30.386 | [GameAnalyzerEnd] Minerals max 1230 Average 472
2023-09-18 13:16:30.387 | [GameAnalyzerEnd] Vespene max 1526 Average 590
2023-09-18 13:16:30.387 | INFO     | sc2.main:_play_game:228 - Result for player 2 - Bot LadderBot(Zerg): Defeat
